[2025-08-19T21:50:07.877+0000] {processor.py:161} INFO - Started process (PID=73) to work on /home/airflow/.local/lib/python3.8/site-packages/airflow/example_dags/example_python_operator.py
[2025-08-19T21:50:07.878+0000] {processor.py:830} INFO - Processing file /home/airflow/.local/lib/python3.8/site-packages/airflow/example_dags/example_python_operator.py for tasks to queue
[2025-08-19T21:50:07.880+0000] {logging_mixin.py:188} INFO - [2025-08-19T21:50:07.879+0000] {dagbag.py:538} INFO - Filling up the DagBag from /home/airflow/.local/lib/python3.8/site-packages/airflow/example_dags/example_python_operator.py
[2025-08-19T21:50:07.888+0000] {processor.py:840} INFO - DAG(s) 'example_python_operator' retrieved from /home/airflow/.local/lib/python3.8/site-packages/airflow/example_dags/example_python_operator.py
[2025-08-19T21:50:07.906+0000] {logging_mixin.py:188} INFO - [2025-08-19T21:50:07.906+0000] {dag.py:3036} INFO - Sync 1 DAGs
[2025-08-19T21:50:07.918+0000] {logging_mixin.py:188} INFO - [2025-08-19T21:50:07.918+0000] {dag.py:3823} INFO - Setting next_dagrun for example_python_operator to None, run_after=None
[2025-08-19T21:50:07.935+0000] {processor.py:183} INFO - Processing /home/airflow/.local/lib/python3.8/site-packages/airflow/example_dags/example_python_operator.py took 0.063 seconds
[2025-08-19T21:50:38.536+0000] {processor.py:161} INFO - Started process (PID=129) to work on /home/airflow/.local/lib/python3.8/site-packages/airflow/example_dags/example_python_operator.py
[2025-08-19T21:50:38.537+0000] {processor.py:830} INFO - Processing file /home/airflow/.local/lib/python3.8/site-packages/airflow/example_dags/example_python_operator.py for tasks to queue
[2025-08-19T21:50:38.539+0000] {logging_mixin.py:188} INFO - [2025-08-19T21:50:38.538+0000] {dagbag.py:538} INFO - Filling up the DagBag from /home/airflow/.local/lib/python3.8/site-packages/airflow/example_dags/example_python_operator.py
[2025-08-19T21:50:38.546+0000] {processor.py:840} INFO - DAG(s) 'example_python_operator' retrieved from /home/airflow/.local/lib/python3.8/site-packages/airflow/example_dags/example_python_operator.py
[2025-08-19T21:50:38.588+0000] {logging_mixin.py:188} INFO - [2025-08-19T21:50:38.588+0000] {dag.py:3036} INFO - Sync 1 DAGs
[2025-08-19T21:50:38.592+0000] {logging_mixin.py:188} INFO - [2025-08-19T21:50:38.592+0000] {dag.py:3823} INFO - Setting next_dagrun for example_python_operator to None, run_after=None
[2025-08-19T21:50:38.599+0000] {processor.py:183} INFO - Processing /home/airflow/.local/lib/python3.8/site-packages/airflow/example_dags/example_python_operator.py took 0.065 seconds
[2025-08-19T21:51:09.232+0000] {processor.py:161} INFO - Started process (PID=184) to work on /home/airflow/.local/lib/python3.8/site-packages/airflow/example_dags/example_python_operator.py
[2025-08-19T21:51:09.234+0000] {processor.py:830} INFO - Processing file /home/airflow/.local/lib/python3.8/site-packages/airflow/example_dags/example_python_operator.py for tasks to queue
[2025-08-19T21:51:09.236+0000] {logging_mixin.py:188} INFO - [2025-08-19T21:51:09.235+0000] {dagbag.py:538} INFO - Filling up the DagBag from /home/airflow/.local/lib/python3.8/site-packages/airflow/example_dags/example_python_operator.py
[2025-08-19T21:51:09.240+0000] {processor.py:840} INFO - DAG(s) 'example_python_operator' retrieved from /home/airflow/.local/lib/python3.8/site-packages/airflow/example_dags/example_python_operator.py
[2025-08-19T21:51:09.248+0000] {logging_mixin.py:188} INFO - [2025-08-19T21:51:09.248+0000] {dag.py:3036} INFO - Sync 1 DAGs
[2025-08-19T21:51:09.252+0000] {logging_mixin.py:188} INFO - [2025-08-19T21:51:09.252+0000] {dag.py:3823} INFO - Setting next_dagrun for example_python_operator to None, run_after=None
[2025-08-19T21:51:09.260+0000] {processor.py:183} INFO - Processing /home/airflow/.local/lib/python3.8/site-packages/airflow/example_dags/example_python_operator.py took 0.029 seconds
[2025-08-19T21:51:39.731+0000] {processor.py:161} INFO - Started process (PID=240) to work on /home/airflow/.local/lib/python3.8/site-packages/airflow/example_dags/example_python_operator.py
[2025-08-19T21:51:39.734+0000] {processor.py:830} INFO - Processing file /home/airflow/.local/lib/python3.8/site-packages/airflow/example_dags/example_python_operator.py for tasks to queue
[2025-08-19T21:51:39.735+0000] {logging_mixin.py:188} INFO - [2025-08-19T21:51:39.734+0000] {dagbag.py:538} INFO - Filling up the DagBag from /home/airflow/.local/lib/python3.8/site-packages/airflow/example_dags/example_python_operator.py
[2025-08-19T21:51:39.740+0000] {processor.py:840} INFO - DAG(s) 'example_python_operator' retrieved from /home/airflow/.local/lib/python3.8/site-packages/airflow/example_dags/example_python_operator.py
[2025-08-19T21:51:39.749+0000] {logging_mixin.py:188} INFO - [2025-08-19T21:51:39.749+0000] {dag.py:3036} INFO - Sync 1 DAGs
[2025-08-19T21:51:39.753+0000] {logging_mixin.py:188} INFO - [2025-08-19T21:51:39.753+0000] {dag.py:3823} INFO - Setting next_dagrun for example_python_operator to None, run_after=None
[2025-08-19T21:51:39.762+0000] {processor.py:183} INFO - Processing /home/airflow/.local/lib/python3.8/site-packages/airflow/example_dags/example_python_operator.py took 0.032 seconds
[2025-08-19T21:52:10.521+0000] {processor.py:161} INFO - Started process (PID=302) to work on /home/airflow/.local/lib/python3.8/site-packages/airflow/example_dags/example_python_operator.py
[2025-08-19T21:52:10.523+0000] {processor.py:830} INFO - Processing file /home/airflow/.local/lib/python3.8/site-packages/airflow/example_dags/example_python_operator.py for tasks to queue
[2025-08-19T21:52:10.524+0000] {logging_mixin.py:188} INFO - [2025-08-19T21:52:10.524+0000] {dagbag.py:538} INFO - Filling up the DagBag from /home/airflow/.local/lib/python3.8/site-packages/airflow/example_dags/example_python_operator.py
[2025-08-19T21:52:10.532+0000] {processor.py:840} INFO - DAG(s) 'example_python_operator' retrieved from /home/airflow/.local/lib/python3.8/site-packages/airflow/example_dags/example_python_operator.py
[2025-08-19T21:52:10.548+0000] {logging_mixin.py:188} INFO - [2025-08-19T21:52:10.548+0000] {dag.py:3036} INFO - Sync 1 DAGs
[2025-08-19T21:52:10.553+0000] {logging_mixin.py:188} INFO - [2025-08-19T21:52:10.553+0000] {dag.py:3823} INFO - Setting next_dagrun for example_python_operator to None, run_after=None
[2025-08-19T21:52:10.562+0000] {processor.py:183} INFO - Processing /home/airflow/.local/lib/python3.8/site-packages/airflow/example_dags/example_python_operator.py took 0.043 seconds
[2025-08-19T21:52:41.226+0000] {processor.py:161} INFO - Started process (PID=358) to work on /home/airflow/.local/lib/python3.8/site-packages/airflow/example_dags/example_python_operator.py
[2025-08-19T21:52:41.227+0000] {processor.py:830} INFO - Processing file /home/airflow/.local/lib/python3.8/site-packages/airflow/example_dags/example_python_operator.py for tasks to queue
[2025-08-19T21:52:41.227+0000] {logging_mixin.py:188} INFO - [2025-08-19T21:52:41.227+0000] {dagbag.py:538} INFO - Filling up the DagBag from /home/airflow/.local/lib/python3.8/site-packages/airflow/example_dags/example_python_operator.py
[2025-08-19T21:52:41.233+0000] {processor.py:840} INFO - DAG(s) 'example_python_operator' retrieved from /home/airflow/.local/lib/python3.8/site-packages/airflow/example_dags/example_python_operator.py
[2025-08-19T21:52:41.243+0000] {logging_mixin.py:188} INFO - [2025-08-19T21:52:41.243+0000] {dag.py:3036} INFO - Sync 1 DAGs
[2025-08-19T21:52:41.248+0000] {logging_mixin.py:188} INFO - [2025-08-19T21:52:41.248+0000] {dag.py:3823} INFO - Setting next_dagrun for example_python_operator to None, run_after=None
[2025-08-19T21:52:41.256+0000] {processor.py:183} INFO - Processing /home/airflow/.local/lib/python3.8/site-packages/airflow/example_dags/example_python_operator.py took 0.031 seconds
[2025-08-19T21:53:11.831+0000] {processor.py:161} INFO - Started process (PID=413) to work on /home/airflow/.local/lib/python3.8/site-packages/airflow/example_dags/example_python_operator.py
[2025-08-19T21:53:11.832+0000] {processor.py:830} INFO - Processing file /home/airflow/.local/lib/python3.8/site-packages/airflow/example_dags/example_python_operator.py for tasks to queue
[2025-08-19T21:53:11.832+0000] {logging_mixin.py:188} INFO - [2025-08-19T21:53:11.832+0000] {dagbag.py:538} INFO - Filling up the DagBag from /home/airflow/.local/lib/python3.8/site-packages/airflow/example_dags/example_python_operator.py
[2025-08-19T21:53:11.840+0000] {processor.py:840} INFO - DAG(s) 'example_python_operator' retrieved from /home/airflow/.local/lib/python3.8/site-packages/airflow/example_dags/example_python_operator.py
[2025-08-19T21:53:11.849+0000] {logging_mixin.py:188} INFO - [2025-08-19T21:53:11.849+0000] {dag.py:3036} INFO - Sync 1 DAGs
[2025-08-19T21:53:11.855+0000] {logging_mixin.py:188} INFO - [2025-08-19T21:53:11.855+0000] {dag.py:3823} INFO - Setting next_dagrun for example_python_operator to None, run_after=None
[2025-08-19T21:53:11.864+0000] {processor.py:183} INFO - Processing /home/airflow/.local/lib/python3.8/site-packages/airflow/example_dags/example_python_operator.py took 0.034 seconds
[2025-08-19T21:53:42.497+0000] {processor.py:161} INFO - Started process (PID=470) to work on /home/airflow/.local/lib/python3.8/site-packages/airflow/example_dags/example_python_operator.py
[2025-08-19T21:53:42.498+0000] {processor.py:830} INFO - Processing file /home/airflow/.local/lib/python3.8/site-packages/airflow/example_dags/example_python_operator.py for tasks to queue
[2025-08-19T21:53:42.498+0000] {logging_mixin.py:188} INFO - [2025-08-19T21:53:42.498+0000] {dagbag.py:538} INFO - Filling up the DagBag from /home/airflow/.local/lib/python3.8/site-packages/airflow/example_dags/example_python_operator.py
[2025-08-19T21:53:42.505+0000] {processor.py:840} INFO - DAG(s) 'example_python_operator' retrieved from /home/airflow/.local/lib/python3.8/site-packages/airflow/example_dags/example_python_operator.py
[2025-08-19T21:53:42.516+0000] {logging_mixin.py:188} INFO - [2025-08-19T21:53:42.516+0000] {dag.py:3036} INFO - Sync 1 DAGs
[2025-08-19T21:53:42.520+0000] {logging_mixin.py:188} INFO - [2025-08-19T21:53:42.520+0000] {dag.py:3823} INFO - Setting next_dagrun for example_python_operator to None, run_after=None
[2025-08-19T21:53:42.529+0000] {processor.py:183} INFO - Processing /home/airflow/.local/lib/python3.8/site-packages/airflow/example_dags/example_python_operator.py took 0.033 seconds
[2025-08-19T21:54:13.123+0000] {processor.py:161} INFO - Started process (PID=526) to work on /home/airflow/.local/lib/python3.8/site-packages/airflow/example_dags/example_python_operator.py
[2025-08-19T21:54:13.123+0000] {processor.py:830} INFO - Processing file /home/airflow/.local/lib/python3.8/site-packages/airflow/example_dags/example_python_operator.py for tasks to queue
[2025-08-19T21:54:13.124+0000] {logging_mixin.py:188} INFO - [2025-08-19T21:54:13.124+0000] {dagbag.py:538} INFO - Filling up the DagBag from /home/airflow/.local/lib/python3.8/site-packages/airflow/example_dags/example_python_operator.py
[2025-08-19T21:54:13.129+0000] {processor.py:840} INFO - DAG(s) 'example_python_operator' retrieved from /home/airflow/.local/lib/python3.8/site-packages/airflow/example_dags/example_python_operator.py
[2025-08-19T21:54:13.139+0000] {logging_mixin.py:188} INFO - [2025-08-19T21:54:13.139+0000] {dag.py:3036} INFO - Sync 1 DAGs
[2025-08-19T21:54:13.143+0000] {logging_mixin.py:188} INFO - [2025-08-19T21:54:13.143+0000] {dag.py:3823} INFO - Setting next_dagrun for example_python_operator to None, run_after=None
[2025-08-19T21:54:13.151+0000] {processor.py:183} INFO - Processing /home/airflow/.local/lib/python3.8/site-packages/airflow/example_dags/example_python_operator.py took 0.030 seconds
[2025-08-19T21:54:43.726+0000] {processor.py:161} INFO - Started process (PID=582) to work on /home/airflow/.local/lib/python3.8/site-packages/airflow/example_dags/example_python_operator.py
[2025-08-19T21:54:43.726+0000] {processor.py:830} INFO - Processing file /home/airflow/.local/lib/python3.8/site-packages/airflow/example_dags/example_python_operator.py for tasks to queue
[2025-08-19T21:54:43.727+0000] {logging_mixin.py:188} INFO - [2025-08-19T21:54:43.727+0000] {dagbag.py:538} INFO - Filling up the DagBag from /home/airflow/.local/lib/python3.8/site-packages/airflow/example_dags/example_python_operator.py
[2025-08-19T21:54:43.732+0000] {processor.py:840} INFO - DAG(s) 'example_python_operator' retrieved from /home/airflow/.local/lib/python3.8/site-packages/airflow/example_dags/example_python_operator.py
[2025-08-19T21:54:43.744+0000] {logging_mixin.py:188} INFO - [2025-08-19T21:54:43.744+0000] {dag.py:3036} INFO - Sync 1 DAGs
[2025-08-19T21:54:43.749+0000] {logging_mixin.py:188} INFO - [2025-08-19T21:54:43.749+0000] {dag.py:3823} INFO - Setting next_dagrun for example_python_operator to None, run_after=None
[2025-08-19T21:54:43.759+0000] {processor.py:183} INFO - Processing /home/airflow/.local/lib/python3.8/site-packages/airflow/example_dags/example_python_operator.py took 0.035 seconds
[2025-08-19T21:55:14.253+0000] {processor.py:161} INFO - Started process (PID=638) to work on /home/airflow/.local/lib/python3.8/site-packages/airflow/example_dags/example_python_operator.py
[2025-08-19T21:55:14.255+0000] {processor.py:830} INFO - Processing file /home/airflow/.local/lib/python3.8/site-packages/airflow/example_dags/example_python_operator.py for tasks to queue
[2025-08-19T21:55:14.256+0000] {logging_mixin.py:188} INFO - [2025-08-19T21:55:14.256+0000] {dagbag.py:538} INFO - Filling up the DagBag from /home/airflow/.local/lib/python3.8/site-packages/airflow/example_dags/example_python_operator.py
[2025-08-19T21:55:14.260+0000] {processor.py:840} INFO - DAG(s) 'example_python_operator' retrieved from /home/airflow/.local/lib/python3.8/site-packages/airflow/example_dags/example_python_operator.py
[2025-08-19T21:55:14.269+0000] {logging_mixin.py:188} INFO - [2025-08-19T21:55:14.269+0000] {dag.py:3036} INFO - Sync 1 DAGs
[2025-08-19T21:55:14.274+0000] {logging_mixin.py:188} INFO - [2025-08-19T21:55:14.274+0000] {dag.py:3823} INFO - Setting next_dagrun for example_python_operator to None, run_after=None
[2025-08-19T21:55:14.281+0000] {processor.py:183} INFO - Processing /home/airflow/.local/lib/python3.8/site-packages/airflow/example_dags/example_python_operator.py took 0.031 seconds
[2025-08-19T21:55:44.890+0000] {processor.py:161} INFO - Started process (PID=694) to work on /home/airflow/.local/lib/python3.8/site-packages/airflow/example_dags/example_python_operator.py
[2025-08-19T21:55:44.891+0000] {processor.py:830} INFO - Processing file /home/airflow/.local/lib/python3.8/site-packages/airflow/example_dags/example_python_operator.py for tasks to queue
[2025-08-19T21:55:44.892+0000] {logging_mixin.py:188} INFO - [2025-08-19T21:55:44.892+0000] {dagbag.py:538} INFO - Filling up the DagBag from /home/airflow/.local/lib/python3.8/site-packages/airflow/example_dags/example_python_operator.py
[2025-08-19T21:55:44.897+0000] {processor.py:840} INFO - DAG(s) 'example_python_operator' retrieved from /home/airflow/.local/lib/python3.8/site-packages/airflow/example_dags/example_python_operator.py
[2025-08-19T21:55:44.907+0000] {logging_mixin.py:188} INFO - [2025-08-19T21:55:44.907+0000] {dag.py:3036} INFO - Sync 1 DAGs
[2025-08-19T21:55:44.911+0000] {logging_mixin.py:188} INFO - [2025-08-19T21:55:44.911+0000] {dag.py:3823} INFO - Setting next_dagrun for example_python_operator to None, run_after=None
[2025-08-19T21:55:44.919+0000] {processor.py:183} INFO - Processing /home/airflow/.local/lib/python3.8/site-packages/airflow/example_dags/example_python_operator.py took 0.031 seconds
[2025-08-19T21:56:15.514+0000] {processor.py:161} INFO - Started process (PID=750) to work on /home/airflow/.local/lib/python3.8/site-packages/airflow/example_dags/example_python_operator.py
[2025-08-19T21:56:15.516+0000] {processor.py:830} INFO - Processing file /home/airflow/.local/lib/python3.8/site-packages/airflow/example_dags/example_python_operator.py for tasks to queue
[2025-08-19T21:56:15.518+0000] {logging_mixin.py:188} INFO - [2025-08-19T21:56:15.518+0000] {dagbag.py:538} INFO - Filling up the DagBag from /home/airflow/.local/lib/python3.8/site-packages/airflow/example_dags/example_python_operator.py
[2025-08-19T21:56:15.522+0000] {processor.py:840} INFO - DAG(s) 'example_python_operator' retrieved from /home/airflow/.local/lib/python3.8/site-packages/airflow/example_dags/example_python_operator.py
[2025-08-19T21:56:15.534+0000] {logging_mixin.py:188} INFO - [2025-08-19T21:56:15.534+0000] {dag.py:3036} INFO - Sync 1 DAGs
[2025-08-19T21:56:15.540+0000] {logging_mixin.py:188} INFO - [2025-08-19T21:56:15.540+0000] {dag.py:3823} INFO - Setting next_dagrun for example_python_operator to None, run_after=None
[2025-08-19T21:56:15.546+0000] {processor.py:183} INFO - Processing /home/airflow/.local/lib/python3.8/site-packages/airflow/example_dags/example_python_operator.py took 0.033 seconds
[2025-08-19T21:56:46.144+0000] {processor.py:161} INFO - Started process (PID=806) to work on /home/airflow/.local/lib/python3.8/site-packages/airflow/example_dags/example_python_operator.py
[2025-08-19T21:56:46.146+0000] {processor.py:830} INFO - Processing file /home/airflow/.local/lib/python3.8/site-packages/airflow/example_dags/example_python_operator.py for tasks to queue
[2025-08-19T21:56:46.148+0000] {logging_mixin.py:188} INFO - [2025-08-19T21:56:46.148+0000] {dagbag.py:538} INFO - Filling up the DagBag from /home/airflow/.local/lib/python3.8/site-packages/airflow/example_dags/example_python_operator.py
[2025-08-19T21:56:46.153+0000] {processor.py:840} INFO - DAG(s) 'example_python_operator' retrieved from /home/airflow/.local/lib/python3.8/site-packages/airflow/example_dags/example_python_operator.py
[2025-08-19T21:56:46.162+0000] {logging_mixin.py:188} INFO - [2025-08-19T21:56:46.162+0000] {dag.py:3036} INFO - Sync 1 DAGs
[2025-08-19T21:56:46.169+0000] {logging_mixin.py:188} INFO - [2025-08-19T21:56:46.169+0000] {dag.py:3823} INFO - Setting next_dagrun for example_python_operator to None, run_after=None
[2025-08-19T21:56:46.177+0000] {processor.py:183} INFO - Processing /home/airflow/.local/lib/python3.8/site-packages/airflow/example_dags/example_python_operator.py took 0.034 seconds
[2025-08-19T21:57:16.794+0000] {processor.py:161} INFO - Started process (PID=862) to work on /home/airflow/.local/lib/python3.8/site-packages/airflow/example_dags/example_python_operator.py
[2025-08-19T21:57:16.795+0000] {processor.py:830} INFO - Processing file /home/airflow/.local/lib/python3.8/site-packages/airflow/example_dags/example_python_operator.py for tasks to queue
[2025-08-19T21:57:16.796+0000] {logging_mixin.py:188} INFO - [2025-08-19T21:57:16.796+0000] {dagbag.py:538} INFO - Filling up the DagBag from /home/airflow/.local/lib/python3.8/site-packages/airflow/example_dags/example_python_operator.py
[2025-08-19T21:57:16.800+0000] {processor.py:840} INFO - DAG(s) 'example_python_operator' retrieved from /home/airflow/.local/lib/python3.8/site-packages/airflow/example_dags/example_python_operator.py
[2025-08-19T21:57:16.812+0000] {logging_mixin.py:188} INFO - [2025-08-19T21:57:16.812+0000] {dag.py:3036} INFO - Sync 1 DAGs
[2025-08-19T21:57:16.817+0000] {logging_mixin.py:188} INFO - [2025-08-19T21:57:16.817+0000] {dag.py:3823} INFO - Setting next_dagrun for example_python_operator to None, run_after=None
[2025-08-19T21:57:16.823+0000] {processor.py:183} INFO - Processing /home/airflow/.local/lib/python3.8/site-packages/airflow/example_dags/example_python_operator.py took 0.030 seconds
[2025-08-19T21:57:47.376+0000] {processor.py:161} INFO - Started process (PID=918) to work on /home/airflow/.local/lib/python3.8/site-packages/airflow/example_dags/example_python_operator.py
[2025-08-19T21:57:47.379+0000] {processor.py:830} INFO - Processing file /home/airflow/.local/lib/python3.8/site-packages/airflow/example_dags/example_python_operator.py for tasks to queue
[2025-08-19T21:57:47.380+0000] {logging_mixin.py:188} INFO - [2025-08-19T21:57:47.380+0000] {dagbag.py:538} INFO - Filling up the DagBag from /home/airflow/.local/lib/python3.8/site-packages/airflow/example_dags/example_python_operator.py
[2025-08-19T21:57:47.385+0000] {processor.py:840} INFO - DAG(s) 'example_python_operator' retrieved from /home/airflow/.local/lib/python3.8/site-packages/airflow/example_dags/example_python_operator.py
[2025-08-19T21:57:47.395+0000] {logging_mixin.py:188} INFO - [2025-08-19T21:57:47.395+0000] {dag.py:3036} INFO - Sync 1 DAGs
[2025-08-19T21:57:47.399+0000] {logging_mixin.py:188} INFO - [2025-08-19T21:57:47.399+0000] {dag.py:3823} INFO - Setting next_dagrun for example_python_operator to None, run_after=None
[2025-08-19T21:57:47.405+0000] {processor.py:183} INFO - Processing /home/airflow/.local/lib/python3.8/site-packages/airflow/example_dags/example_python_operator.py took 0.031 seconds
[2025-08-19T21:58:17.930+0000] {processor.py:161} INFO - Started process (PID=974) to work on /home/airflow/.local/lib/python3.8/site-packages/airflow/example_dags/example_python_operator.py
[2025-08-19T21:58:17.930+0000] {processor.py:830} INFO - Processing file /home/airflow/.local/lib/python3.8/site-packages/airflow/example_dags/example_python_operator.py for tasks to queue
[2025-08-19T21:58:17.931+0000] {logging_mixin.py:188} INFO - [2025-08-19T21:58:17.931+0000] {dagbag.py:538} INFO - Filling up the DagBag from /home/airflow/.local/lib/python3.8/site-packages/airflow/example_dags/example_python_operator.py
[2025-08-19T21:58:17.936+0000] {processor.py:840} INFO - DAG(s) 'example_python_operator' retrieved from /home/airflow/.local/lib/python3.8/site-packages/airflow/example_dags/example_python_operator.py
[2025-08-19T21:58:17.947+0000] {logging_mixin.py:188} INFO - [2025-08-19T21:58:17.947+0000] {dag.py:3036} INFO - Sync 1 DAGs
[2025-08-19T21:58:17.952+0000] {logging_mixin.py:188} INFO - [2025-08-19T21:58:17.952+0000] {dag.py:3823} INFO - Setting next_dagrun for example_python_operator to None, run_after=None
[2025-08-19T21:58:17.961+0000] {processor.py:183} INFO - Processing /home/airflow/.local/lib/python3.8/site-packages/airflow/example_dags/example_python_operator.py took 0.032 seconds
[2025-08-19T21:58:48.507+0000] {processor.py:161} INFO - Started process (PID=1030) to work on /home/airflow/.local/lib/python3.8/site-packages/airflow/example_dags/example_python_operator.py
[2025-08-19T21:58:48.507+0000] {processor.py:830} INFO - Processing file /home/airflow/.local/lib/python3.8/site-packages/airflow/example_dags/example_python_operator.py for tasks to queue
[2025-08-19T21:58:48.508+0000] {logging_mixin.py:188} INFO - [2025-08-19T21:58:48.508+0000] {dagbag.py:538} INFO - Filling up the DagBag from /home/airflow/.local/lib/python3.8/site-packages/airflow/example_dags/example_python_operator.py
[2025-08-19T21:58:48.512+0000] {processor.py:840} INFO - DAG(s) 'example_python_operator' retrieved from /home/airflow/.local/lib/python3.8/site-packages/airflow/example_dags/example_python_operator.py
[2025-08-19T21:58:48.523+0000] {logging_mixin.py:188} INFO - [2025-08-19T21:58:48.523+0000] {dag.py:3036} INFO - Sync 1 DAGs
[2025-08-19T21:58:48.527+0000] {logging_mixin.py:188} INFO - [2025-08-19T21:58:48.527+0000] {dag.py:3823} INFO - Setting next_dagrun for example_python_operator to None, run_after=None
[2025-08-19T21:58:48.536+0000] {processor.py:183} INFO - Processing /home/airflow/.local/lib/python3.8/site-packages/airflow/example_dags/example_python_operator.py took 0.030 seconds
[2025-08-19T21:59:19.041+0000] {processor.py:161} INFO - Started process (PID=1086) to work on /home/airflow/.local/lib/python3.8/site-packages/airflow/example_dags/example_python_operator.py
[2025-08-19T21:59:19.042+0000] {processor.py:830} INFO - Processing file /home/airflow/.local/lib/python3.8/site-packages/airflow/example_dags/example_python_operator.py for tasks to queue
[2025-08-19T21:59:19.043+0000] {logging_mixin.py:188} INFO - [2025-08-19T21:59:19.043+0000] {dagbag.py:538} INFO - Filling up the DagBag from /home/airflow/.local/lib/python3.8/site-packages/airflow/example_dags/example_python_operator.py
[2025-08-19T21:59:19.047+0000] {processor.py:840} INFO - DAG(s) 'example_python_operator' retrieved from /home/airflow/.local/lib/python3.8/site-packages/airflow/example_dags/example_python_operator.py
[2025-08-19T21:59:19.058+0000] {logging_mixin.py:188} INFO - [2025-08-19T21:59:19.058+0000] {dag.py:3036} INFO - Sync 1 DAGs
[2025-08-19T21:59:19.062+0000] {logging_mixin.py:188} INFO - [2025-08-19T21:59:19.062+0000] {dag.py:3823} INFO - Setting next_dagrun for example_python_operator to None, run_after=None
[2025-08-19T21:59:19.070+0000] {processor.py:183} INFO - Processing /home/airflow/.local/lib/python3.8/site-packages/airflow/example_dags/example_python_operator.py took 0.030 seconds
[2025-08-19T21:59:49.565+0000] {processor.py:161} INFO - Started process (PID=1142) to work on /home/airflow/.local/lib/python3.8/site-packages/airflow/example_dags/example_python_operator.py
[2025-08-19T21:59:49.565+0000] {processor.py:830} INFO - Processing file /home/airflow/.local/lib/python3.8/site-packages/airflow/example_dags/example_python_operator.py for tasks to queue
[2025-08-19T21:59:49.566+0000] {logging_mixin.py:188} INFO - [2025-08-19T21:59:49.566+0000] {dagbag.py:538} INFO - Filling up the DagBag from /home/airflow/.local/lib/python3.8/site-packages/airflow/example_dags/example_python_operator.py
[2025-08-19T21:59:49.570+0000] {processor.py:840} INFO - DAG(s) 'example_python_operator' retrieved from /home/airflow/.local/lib/python3.8/site-packages/airflow/example_dags/example_python_operator.py
[2025-08-19T21:59:49.579+0000] {logging_mixin.py:188} INFO - [2025-08-19T21:59:49.579+0000] {dag.py:3036} INFO - Sync 1 DAGs
[2025-08-19T21:59:49.584+0000] {logging_mixin.py:188} INFO - [2025-08-19T21:59:49.584+0000] {dag.py:3823} INFO - Setting next_dagrun for example_python_operator to None, run_after=None
[2025-08-19T21:59:49.591+0000] {processor.py:183} INFO - Processing /home/airflow/.local/lib/python3.8/site-packages/airflow/example_dags/example_python_operator.py took 0.027 seconds
[2025-08-19T22:00:20.089+0000] {processor.py:161} INFO - Started process (PID=1198) to work on /home/airflow/.local/lib/python3.8/site-packages/airflow/example_dags/example_python_operator.py
[2025-08-19T22:00:20.090+0000] {processor.py:830} INFO - Processing file /home/airflow/.local/lib/python3.8/site-packages/airflow/example_dags/example_python_operator.py for tasks to queue
[2025-08-19T22:00:20.094+0000] {logging_mixin.py:188} INFO - [2025-08-19T22:00:20.094+0000] {dagbag.py:538} INFO - Filling up the DagBag from /home/airflow/.local/lib/python3.8/site-packages/airflow/example_dags/example_python_operator.py
[2025-08-19T22:00:20.100+0000] {processor.py:840} INFO - DAG(s) 'example_python_operator' retrieved from /home/airflow/.local/lib/python3.8/site-packages/airflow/example_dags/example_python_operator.py
[2025-08-19T22:00:20.110+0000] {logging_mixin.py:188} INFO - [2025-08-19T22:00:20.110+0000] {dag.py:3036} INFO - Sync 1 DAGs
[2025-08-19T22:00:20.114+0000] {logging_mixin.py:188} INFO - [2025-08-19T22:00:20.114+0000] {dag.py:3823} INFO - Setting next_dagrun for example_python_operator to None, run_after=None
[2025-08-19T22:00:20.123+0000] {processor.py:183} INFO - Processing /home/airflow/.local/lib/python3.8/site-packages/airflow/example_dags/example_python_operator.py took 0.036 seconds
[2025-08-19T22:00:50.647+0000] {processor.py:161} INFO - Started process (PID=1254) to work on /home/airflow/.local/lib/python3.8/site-packages/airflow/example_dags/example_python_operator.py
[2025-08-19T22:00:50.648+0000] {processor.py:830} INFO - Processing file /home/airflow/.local/lib/python3.8/site-packages/airflow/example_dags/example_python_operator.py for tasks to queue
[2025-08-19T22:00:50.649+0000] {logging_mixin.py:188} INFO - [2025-08-19T22:00:50.649+0000] {dagbag.py:538} INFO - Filling up the DagBag from /home/airflow/.local/lib/python3.8/site-packages/airflow/example_dags/example_python_operator.py
[2025-08-19T22:00:50.653+0000] {processor.py:840} INFO - DAG(s) 'example_python_operator' retrieved from /home/airflow/.local/lib/python3.8/site-packages/airflow/example_dags/example_python_operator.py
[2025-08-19T22:00:50.668+0000] {logging_mixin.py:188} INFO - [2025-08-19T22:00:50.668+0000] {dag.py:3036} INFO - Sync 1 DAGs
[2025-08-19T22:00:50.674+0000] {logging_mixin.py:188} INFO - [2025-08-19T22:00:50.674+0000] {dag.py:3823} INFO - Setting next_dagrun for example_python_operator to None, run_after=None
[2025-08-19T22:00:50.683+0000] {processor.py:183} INFO - Processing /home/airflow/.local/lib/python3.8/site-packages/airflow/example_dags/example_python_operator.py took 0.037 seconds
[2025-08-19T22:01:21.554+0000] {processor.py:161} INFO - Started process (PID=1310) to work on /home/airflow/.local/lib/python3.8/site-packages/airflow/example_dags/example_python_operator.py
[2025-08-19T22:01:21.556+0000] {processor.py:830} INFO - Processing file /home/airflow/.local/lib/python3.8/site-packages/airflow/example_dags/example_python_operator.py for tasks to queue
[2025-08-19T22:01:21.557+0000] {logging_mixin.py:188} INFO - [2025-08-19T22:01:21.557+0000] {dagbag.py:538} INFO - Filling up the DagBag from /home/airflow/.local/lib/python3.8/site-packages/airflow/example_dags/example_python_operator.py
[2025-08-19T22:01:21.562+0000] {processor.py:840} INFO - DAG(s) 'example_python_operator' retrieved from /home/airflow/.local/lib/python3.8/site-packages/airflow/example_dags/example_python_operator.py
[2025-08-19T22:01:21.572+0000] {logging_mixin.py:188} INFO - [2025-08-19T22:01:21.572+0000] {dag.py:3036} INFO - Sync 1 DAGs
[2025-08-19T22:01:21.582+0000] {logging_mixin.py:188} INFO - [2025-08-19T22:01:21.582+0000] {dag.py:3823} INFO - Setting next_dagrun for example_python_operator to None, run_after=None
[2025-08-19T22:01:21.591+0000] {processor.py:183} INFO - Processing /home/airflow/.local/lib/python3.8/site-packages/airflow/example_dags/example_python_operator.py took 0.039 seconds
[2025-08-19T22:01:51.605+0000] {processor.py:161} INFO - Started process (PID=1366) to work on /home/airflow/.local/lib/python3.8/site-packages/airflow/example_dags/example_python_operator.py
[2025-08-19T22:01:51.606+0000] {processor.py:830} INFO - Processing file /home/airflow/.local/lib/python3.8/site-packages/airflow/example_dags/example_python_operator.py for tasks to queue
[2025-08-19T22:01:51.607+0000] {logging_mixin.py:188} INFO - [2025-08-19T22:01:51.607+0000] {dagbag.py:538} INFO - Filling up the DagBag from /home/airflow/.local/lib/python3.8/site-packages/airflow/example_dags/example_python_operator.py
[2025-08-19T22:01:51.614+0000] {processor.py:840} INFO - DAG(s) 'example_python_operator' retrieved from /home/airflow/.local/lib/python3.8/site-packages/airflow/example_dags/example_python_operator.py
[2025-08-19T22:01:51.626+0000] {logging_mixin.py:188} INFO - [2025-08-19T22:01:51.625+0000] {dag.py:3036} INFO - Sync 1 DAGs
[2025-08-19T22:01:51.632+0000] {logging_mixin.py:188} INFO - [2025-08-19T22:01:51.632+0000] {dag.py:3823} INFO - Setting next_dagrun for example_python_operator to None, run_after=None
[2025-08-19T22:01:51.642+0000] {processor.py:183} INFO - Processing /home/airflow/.local/lib/python3.8/site-packages/airflow/example_dags/example_python_operator.py took 0.038 seconds
[2025-08-19T22:02:22.507+0000] {processor.py:161} INFO - Started process (PID=1422) to work on /home/airflow/.local/lib/python3.8/site-packages/airflow/example_dags/example_python_operator.py
[2025-08-19T22:02:22.508+0000] {processor.py:830} INFO - Processing file /home/airflow/.local/lib/python3.8/site-packages/airflow/example_dags/example_python_operator.py for tasks to queue
[2025-08-19T22:02:22.508+0000] {logging_mixin.py:188} INFO - [2025-08-19T22:02:22.508+0000] {dagbag.py:538} INFO - Filling up the DagBag from /home/airflow/.local/lib/python3.8/site-packages/airflow/example_dags/example_python_operator.py
[2025-08-19T22:02:22.515+0000] {processor.py:840} INFO - DAG(s) 'example_python_operator' retrieved from /home/airflow/.local/lib/python3.8/site-packages/airflow/example_dags/example_python_operator.py
[2025-08-19T22:02:22.524+0000] {logging_mixin.py:188} INFO - [2025-08-19T22:02:22.524+0000] {dag.py:3036} INFO - Sync 1 DAGs
[2025-08-19T22:02:22.528+0000] {logging_mixin.py:188} INFO - [2025-08-19T22:02:22.528+0000] {dag.py:3823} INFO - Setting next_dagrun for example_python_operator to None, run_after=None
[2025-08-19T22:02:22.534+0000] {processor.py:183} INFO - Processing /home/airflow/.local/lib/python3.8/site-packages/airflow/example_dags/example_python_operator.py took 0.029 seconds
[2025-08-19T22:02:53.386+0000] {processor.py:161} INFO - Started process (PID=1478) to work on /home/airflow/.local/lib/python3.8/site-packages/airflow/example_dags/example_python_operator.py
[2025-08-19T22:02:53.387+0000] {processor.py:830} INFO - Processing file /home/airflow/.local/lib/python3.8/site-packages/airflow/example_dags/example_python_operator.py for tasks to queue
[2025-08-19T22:02:53.388+0000] {logging_mixin.py:188} INFO - [2025-08-19T22:02:53.388+0000] {dagbag.py:538} INFO - Filling up the DagBag from /home/airflow/.local/lib/python3.8/site-packages/airflow/example_dags/example_python_operator.py
[2025-08-19T22:02:53.393+0000] {processor.py:840} INFO - DAG(s) 'example_python_operator' retrieved from /home/airflow/.local/lib/python3.8/site-packages/airflow/example_dags/example_python_operator.py
[2025-08-19T22:02:53.405+0000] {logging_mixin.py:188} INFO - [2025-08-19T22:02:53.405+0000] {dag.py:3036} INFO - Sync 1 DAGs
[2025-08-19T22:02:53.410+0000] {logging_mixin.py:188} INFO - [2025-08-19T22:02:53.410+0000] {dag.py:3823} INFO - Setting next_dagrun for example_python_operator to None, run_after=None
[2025-08-19T22:02:53.417+0000] {processor.py:183} INFO - Processing /home/airflow/.local/lib/python3.8/site-packages/airflow/example_dags/example_python_operator.py took 0.033 seconds
[2025-08-19T22:03:24.341+0000] {processor.py:161} INFO - Started process (PID=1534) to work on /home/airflow/.local/lib/python3.8/site-packages/airflow/example_dags/example_python_operator.py
[2025-08-19T22:03:24.342+0000] {processor.py:830} INFO - Processing file /home/airflow/.local/lib/python3.8/site-packages/airflow/example_dags/example_python_operator.py for tasks to queue
[2025-08-19T22:03:24.343+0000] {logging_mixin.py:188} INFO - [2025-08-19T22:03:24.342+0000] {dagbag.py:538} INFO - Filling up the DagBag from /home/airflow/.local/lib/python3.8/site-packages/airflow/example_dags/example_python_operator.py
[2025-08-19T22:03:24.348+0000] {processor.py:840} INFO - DAG(s) 'example_python_operator' retrieved from /home/airflow/.local/lib/python3.8/site-packages/airflow/example_dags/example_python_operator.py
[2025-08-19T22:03:24.460+0000] {logging_mixin.py:188} INFO - [2025-08-19T22:03:24.460+0000] {dag.py:3036} INFO - Sync 1 DAGs
[2025-08-19T22:03:24.466+0000] {logging_mixin.py:188} INFO - [2025-08-19T22:03:24.466+0000] {dag.py:3823} INFO - Setting next_dagrun for example_python_operator to None, run_after=None
[2025-08-19T22:03:24.477+0000] {processor.py:183} INFO - Processing /home/airflow/.local/lib/python3.8/site-packages/airflow/example_dags/example_python_operator.py took 0.138 seconds
[2025-08-19T22:03:55.173+0000] {processor.py:161} INFO - Started process (PID=1590) to work on /home/airflow/.local/lib/python3.8/site-packages/airflow/example_dags/example_python_operator.py
[2025-08-19T22:03:55.174+0000] {processor.py:830} INFO - Processing file /home/airflow/.local/lib/python3.8/site-packages/airflow/example_dags/example_python_operator.py for tasks to queue
[2025-08-19T22:03:55.175+0000] {logging_mixin.py:188} INFO - [2025-08-19T22:03:55.175+0000] {dagbag.py:538} INFO - Filling up the DagBag from /home/airflow/.local/lib/python3.8/site-packages/airflow/example_dags/example_python_operator.py
[2025-08-19T22:03:55.181+0000] {processor.py:840} INFO - DAG(s) 'example_python_operator' retrieved from /home/airflow/.local/lib/python3.8/site-packages/airflow/example_dags/example_python_operator.py
[2025-08-19T22:03:55.197+0000] {logging_mixin.py:188} INFO - [2025-08-19T22:03:55.197+0000] {dag.py:3036} INFO - Sync 1 DAGs
[2025-08-19T22:03:55.203+0000] {logging_mixin.py:188} INFO - [2025-08-19T22:03:55.203+0000] {dag.py:3823} INFO - Setting next_dagrun for example_python_operator to None, run_after=None
[2025-08-19T22:03:55.212+0000] {processor.py:183} INFO - Processing /home/airflow/.local/lib/python3.8/site-packages/airflow/example_dags/example_python_operator.py took 0.042 seconds
[2025-08-19T22:04:25.691+0000] {processor.py:161} INFO - Started process (PID=1646) to work on /home/airflow/.local/lib/python3.8/site-packages/airflow/example_dags/example_python_operator.py
[2025-08-19T22:04:25.692+0000] {processor.py:830} INFO - Processing file /home/airflow/.local/lib/python3.8/site-packages/airflow/example_dags/example_python_operator.py for tasks to queue
[2025-08-19T22:04:25.693+0000] {logging_mixin.py:188} INFO - [2025-08-19T22:04:25.693+0000] {dagbag.py:538} INFO - Filling up the DagBag from /home/airflow/.local/lib/python3.8/site-packages/airflow/example_dags/example_python_operator.py
[2025-08-19T22:04:25.699+0000] {processor.py:840} INFO - DAG(s) 'example_python_operator' retrieved from /home/airflow/.local/lib/python3.8/site-packages/airflow/example_dags/example_python_operator.py
[2025-08-19T22:04:25.707+0000] {logging_mixin.py:188} INFO - [2025-08-19T22:04:25.707+0000] {dag.py:3036} INFO - Sync 1 DAGs
[2025-08-19T22:04:25.712+0000] {logging_mixin.py:188} INFO - [2025-08-19T22:04:25.712+0000] {dag.py:3823} INFO - Setting next_dagrun for example_python_operator to None, run_after=None
[2025-08-19T22:04:25.723+0000] {processor.py:183} INFO - Processing /home/airflow/.local/lib/python3.8/site-packages/airflow/example_dags/example_python_operator.py took 0.034 seconds
[2025-08-19T22:04:56.125+0000] {processor.py:161} INFO - Started process (PID=1702) to work on /home/airflow/.local/lib/python3.8/site-packages/airflow/example_dags/example_python_operator.py
[2025-08-19T22:04:56.126+0000] {processor.py:830} INFO - Processing file /home/airflow/.local/lib/python3.8/site-packages/airflow/example_dags/example_python_operator.py for tasks to queue
[2025-08-19T22:04:56.126+0000] {logging_mixin.py:188} INFO - [2025-08-19T22:04:56.126+0000] {dagbag.py:538} INFO - Filling up the DagBag from /home/airflow/.local/lib/python3.8/site-packages/airflow/example_dags/example_python_operator.py
[2025-08-19T22:04:56.130+0000] {processor.py:840} INFO - DAG(s) 'example_python_operator' retrieved from /home/airflow/.local/lib/python3.8/site-packages/airflow/example_dags/example_python_operator.py
[2025-08-19T22:04:56.139+0000] {logging_mixin.py:188} INFO - [2025-08-19T22:04:56.139+0000] {dag.py:3036} INFO - Sync 1 DAGs
[2025-08-19T22:04:56.143+0000] {logging_mixin.py:188} INFO - [2025-08-19T22:04:56.143+0000] {dag.py:3823} INFO - Setting next_dagrun for example_python_operator to None, run_after=None
[2025-08-19T22:04:56.149+0000] {processor.py:183} INFO - Processing /home/airflow/.local/lib/python3.8/site-packages/airflow/example_dags/example_python_operator.py took 0.025 seconds
[2025-08-19T22:05:27.068+0000] {processor.py:161} INFO - Started process (PID=1758) to work on /home/airflow/.local/lib/python3.8/site-packages/airflow/example_dags/example_python_operator.py
[2025-08-19T22:05:27.069+0000] {processor.py:830} INFO - Processing file /home/airflow/.local/lib/python3.8/site-packages/airflow/example_dags/example_python_operator.py for tasks to queue
[2025-08-19T22:05:27.070+0000] {logging_mixin.py:188} INFO - [2025-08-19T22:05:27.070+0000] {dagbag.py:538} INFO - Filling up the DagBag from /home/airflow/.local/lib/python3.8/site-packages/airflow/example_dags/example_python_operator.py
[2025-08-19T22:05:27.078+0000] {processor.py:840} INFO - DAG(s) 'example_python_operator' retrieved from /home/airflow/.local/lib/python3.8/site-packages/airflow/example_dags/example_python_operator.py
[2025-08-19T22:05:27.091+0000] {logging_mixin.py:188} INFO - [2025-08-19T22:05:27.091+0000] {dag.py:3036} INFO - Sync 1 DAGs
[2025-08-19T22:05:27.097+0000] {logging_mixin.py:188} INFO - [2025-08-19T22:05:27.097+0000] {dag.py:3823} INFO - Setting next_dagrun for example_python_operator to None, run_after=None
[2025-08-19T22:05:27.114+0000] {processor.py:183} INFO - Processing /home/airflow/.local/lib/python3.8/site-packages/airflow/example_dags/example_python_operator.py took 0.052 seconds
[2025-08-19T22:05:57.781+0000] {processor.py:161} INFO - Started process (PID=1814) to work on /home/airflow/.local/lib/python3.8/site-packages/airflow/example_dags/example_python_operator.py
[2025-08-19T22:05:57.781+0000] {processor.py:830} INFO - Processing file /home/airflow/.local/lib/python3.8/site-packages/airflow/example_dags/example_python_operator.py for tasks to queue
[2025-08-19T22:05:57.782+0000] {logging_mixin.py:188} INFO - [2025-08-19T22:05:57.782+0000] {dagbag.py:538} INFO - Filling up the DagBag from /home/airflow/.local/lib/python3.8/site-packages/airflow/example_dags/example_python_operator.py
[2025-08-19T22:05:57.786+0000] {processor.py:840} INFO - DAG(s) 'example_python_operator' retrieved from /home/airflow/.local/lib/python3.8/site-packages/airflow/example_dags/example_python_operator.py
[2025-08-19T22:05:57.798+0000] {logging_mixin.py:188} INFO - [2025-08-19T22:05:57.798+0000] {dag.py:3036} INFO - Sync 1 DAGs
[2025-08-19T22:05:57.802+0000] {logging_mixin.py:188} INFO - [2025-08-19T22:05:57.802+0000] {dag.py:3823} INFO - Setting next_dagrun for example_python_operator to None, run_after=None
[2025-08-19T22:05:57.810+0000] {processor.py:183} INFO - Processing /home/airflow/.local/lib/python3.8/site-packages/airflow/example_dags/example_python_operator.py took 0.031 seconds
[2025-08-19T22:06:28.183+0000] {processor.py:161} INFO - Started process (PID=1870) to work on /home/airflow/.local/lib/python3.8/site-packages/airflow/example_dags/example_python_operator.py
[2025-08-19T22:06:28.184+0000] {processor.py:830} INFO - Processing file /home/airflow/.local/lib/python3.8/site-packages/airflow/example_dags/example_python_operator.py for tasks to queue
[2025-08-19T22:06:28.185+0000] {logging_mixin.py:188} INFO - [2025-08-19T22:06:28.185+0000] {dagbag.py:538} INFO - Filling up the DagBag from /home/airflow/.local/lib/python3.8/site-packages/airflow/example_dags/example_python_operator.py
[2025-08-19T22:06:28.189+0000] {processor.py:840} INFO - DAG(s) 'example_python_operator' retrieved from /home/airflow/.local/lib/python3.8/site-packages/airflow/example_dags/example_python_operator.py
[2025-08-19T22:06:28.200+0000] {logging_mixin.py:188} INFO - [2025-08-19T22:06:28.200+0000] {dag.py:3036} INFO - Sync 1 DAGs
[2025-08-19T22:06:28.204+0000] {logging_mixin.py:188} INFO - [2025-08-19T22:06:28.204+0000] {dag.py:3823} INFO - Setting next_dagrun for example_python_operator to None, run_after=None
[2025-08-19T22:06:28.210+0000] {processor.py:183} INFO - Processing /home/airflow/.local/lib/python3.8/site-packages/airflow/example_dags/example_python_operator.py took 0.029 seconds
[2025-08-19T22:06:59.045+0000] {processor.py:161} INFO - Started process (PID=1926) to work on /home/airflow/.local/lib/python3.8/site-packages/airflow/example_dags/example_python_operator.py
[2025-08-19T22:06:59.046+0000] {processor.py:830} INFO - Processing file /home/airflow/.local/lib/python3.8/site-packages/airflow/example_dags/example_python_operator.py for tasks to queue
[2025-08-19T22:06:59.047+0000] {logging_mixin.py:188} INFO - [2025-08-19T22:06:59.047+0000] {dagbag.py:538} INFO - Filling up the DagBag from /home/airflow/.local/lib/python3.8/site-packages/airflow/example_dags/example_python_operator.py
[2025-08-19T22:06:59.052+0000] {processor.py:840} INFO - DAG(s) 'example_python_operator' retrieved from /home/airflow/.local/lib/python3.8/site-packages/airflow/example_dags/example_python_operator.py
[2025-08-19T22:06:59.066+0000] {logging_mixin.py:188} INFO - [2025-08-19T22:06:59.066+0000] {dag.py:3036} INFO - Sync 1 DAGs
[2025-08-19T22:06:59.075+0000] {logging_mixin.py:188} INFO - [2025-08-19T22:06:59.075+0000] {dag.py:3823} INFO - Setting next_dagrun for example_python_operator to None, run_after=None
[2025-08-19T22:06:59.087+0000] {processor.py:183} INFO - Processing /home/airflow/.local/lib/python3.8/site-packages/airflow/example_dags/example_python_operator.py took 0.043 seconds
[2025-08-19T22:07:29.936+0000] {processor.py:161} INFO - Started process (PID=1982) to work on /home/airflow/.local/lib/python3.8/site-packages/airflow/example_dags/example_python_operator.py
[2025-08-19T22:07:29.939+0000] {processor.py:830} INFO - Processing file /home/airflow/.local/lib/python3.8/site-packages/airflow/example_dags/example_python_operator.py for tasks to queue
[2025-08-19T22:07:29.943+0000] {logging_mixin.py:188} INFO - [2025-08-19T22:07:29.943+0000] {dagbag.py:538} INFO - Filling up the DagBag from /home/airflow/.local/lib/python3.8/site-packages/airflow/example_dags/example_python_operator.py
[2025-08-19T22:07:29.947+0000] {processor.py:840} INFO - DAG(s) 'example_python_operator' retrieved from /home/airflow/.local/lib/python3.8/site-packages/airflow/example_dags/example_python_operator.py
[2025-08-19T22:07:29.961+0000] {logging_mixin.py:188} INFO - [2025-08-19T22:07:29.961+0000] {dag.py:3036} INFO - Sync 1 DAGs
[2025-08-19T22:07:29.965+0000] {logging_mixin.py:188} INFO - [2025-08-19T22:07:29.965+0000] {dag.py:3823} INFO - Setting next_dagrun for example_python_operator to None, run_after=None
[2025-08-19T22:07:29.971+0000] {processor.py:183} INFO - Processing /home/airflow/.local/lib/python3.8/site-packages/airflow/example_dags/example_python_operator.py took 0.037 seconds
[2025-08-19T22:08:00.781+0000] {processor.py:161} INFO - Started process (PID=2038) to work on /home/airflow/.local/lib/python3.8/site-packages/airflow/example_dags/example_python_operator.py
[2025-08-19T22:08:00.783+0000] {processor.py:830} INFO - Processing file /home/airflow/.local/lib/python3.8/site-packages/airflow/example_dags/example_python_operator.py for tasks to queue
[2025-08-19T22:08:00.784+0000] {logging_mixin.py:188} INFO - [2025-08-19T22:08:00.784+0000] {dagbag.py:538} INFO - Filling up the DagBag from /home/airflow/.local/lib/python3.8/site-packages/airflow/example_dags/example_python_operator.py
[2025-08-19T22:08:00.788+0000] {processor.py:840} INFO - DAG(s) 'example_python_operator' retrieved from /home/airflow/.local/lib/python3.8/site-packages/airflow/example_dags/example_python_operator.py
[2025-08-19T22:08:00.802+0000] {logging_mixin.py:188} INFO - [2025-08-19T22:08:00.802+0000] {dag.py:3036} INFO - Sync 1 DAGs
[2025-08-19T22:08:00.806+0000] {logging_mixin.py:188} INFO - [2025-08-19T22:08:00.806+0000] {dag.py:3823} INFO - Setting next_dagrun for example_python_operator to None, run_after=None
[2025-08-19T22:08:00.813+0000] {processor.py:183} INFO - Processing /home/airflow/.local/lib/python3.8/site-packages/airflow/example_dags/example_python_operator.py took 0.034 seconds
[2025-08-19T22:08:31.448+0000] {processor.py:161} INFO - Started process (PID=2094) to work on /home/airflow/.local/lib/python3.8/site-packages/airflow/example_dags/example_python_operator.py
[2025-08-19T22:08:31.450+0000] {processor.py:830} INFO - Processing file /home/airflow/.local/lib/python3.8/site-packages/airflow/example_dags/example_python_operator.py for tasks to queue
[2025-08-19T22:08:31.451+0000] {logging_mixin.py:188} INFO - [2025-08-19T22:08:31.451+0000] {dagbag.py:538} INFO - Filling up the DagBag from /home/airflow/.local/lib/python3.8/site-packages/airflow/example_dags/example_python_operator.py
[2025-08-19T22:08:31.472+0000] {processor.py:840} INFO - DAG(s) 'example_python_operator' retrieved from /home/airflow/.local/lib/python3.8/site-packages/airflow/example_dags/example_python_operator.py
[2025-08-19T22:08:31.494+0000] {logging_mixin.py:188} INFO - [2025-08-19T22:08:31.494+0000] {dag.py:3036} INFO - Sync 1 DAGs
[2025-08-19T22:08:31.505+0000] {logging_mixin.py:188} INFO - [2025-08-19T22:08:31.505+0000] {dag.py:3823} INFO - Setting next_dagrun for example_python_operator to None, run_after=None
[2025-08-19T22:08:31.522+0000] {processor.py:183} INFO - Processing /home/airflow/.local/lib/python3.8/site-packages/airflow/example_dags/example_python_operator.py took 0.075 seconds
[2025-08-19T22:09:01.948+0000] {processor.py:161} INFO - Started process (PID=2150) to work on /home/airflow/.local/lib/python3.8/site-packages/airflow/example_dags/example_python_operator.py
[2025-08-19T22:09:01.948+0000] {processor.py:830} INFO - Processing file /home/airflow/.local/lib/python3.8/site-packages/airflow/example_dags/example_python_operator.py for tasks to queue
[2025-08-19T22:09:01.949+0000] {logging_mixin.py:188} INFO - [2025-08-19T22:09:01.949+0000] {dagbag.py:538} INFO - Filling up the DagBag from /home/airflow/.local/lib/python3.8/site-packages/airflow/example_dags/example_python_operator.py
[2025-08-19T22:09:01.953+0000] {processor.py:840} INFO - DAG(s) 'example_python_operator' retrieved from /home/airflow/.local/lib/python3.8/site-packages/airflow/example_dags/example_python_operator.py
[2025-08-19T22:09:01.965+0000] {logging_mixin.py:188} INFO - [2025-08-19T22:09:01.965+0000] {dag.py:3036} INFO - Sync 1 DAGs
[2025-08-19T22:09:01.969+0000] {logging_mixin.py:188} INFO - [2025-08-19T22:09:01.969+0000] {dag.py:3823} INFO - Setting next_dagrun for example_python_operator to None, run_after=None
[2025-08-19T22:09:01.978+0000] {processor.py:183} INFO - Processing /home/airflow/.local/lib/python3.8/site-packages/airflow/example_dags/example_python_operator.py took 0.032 seconds
[2025-08-19T22:09:32.728+0000] {processor.py:161} INFO - Started process (PID=2206) to work on /home/airflow/.local/lib/python3.8/site-packages/airflow/example_dags/example_python_operator.py
[2025-08-19T22:09:32.728+0000] {processor.py:830} INFO - Processing file /home/airflow/.local/lib/python3.8/site-packages/airflow/example_dags/example_python_operator.py for tasks to queue
[2025-08-19T22:09:32.729+0000] {logging_mixin.py:188} INFO - [2025-08-19T22:09:32.729+0000] {dagbag.py:538} INFO - Filling up the DagBag from /home/airflow/.local/lib/python3.8/site-packages/airflow/example_dags/example_python_operator.py
[2025-08-19T22:09:32.736+0000] {processor.py:840} INFO - DAG(s) 'example_python_operator' retrieved from /home/airflow/.local/lib/python3.8/site-packages/airflow/example_dags/example_python_operator.py
[2025-08-19T22:09:32.754+0000] {logging_mixin.py:188} INFO - [2025-08-19T22:09:32.754+0000] {dag.py:3036} INFO - Sync 1 DAGs
[2025-08-19T22:09:32.759+0000] {logging_mixin.py:188} INFO - [2025-08-19T22:09:32.759+0000] {dag.py:3823} INFO - Setting next_dagrun for example_python_operator to None, run_after=None
[2025-08-19T22:09:32.769+0000] {processor.py:183} INFO - Processing /home/airflow/.local/lib/python3.8/site-packages/airflow/example_dags/example_python_operator.py took 0.045 seconds
[2025-08-19T22:10:03.274+0000] {processor.py:161} INFO - Started process (PID=2262) to work on /home/airflow/.local/lib/python3.8/site-packages/airflow/example_dags/example_python_operator.py
[2025-08-19T22:10:03.275+0000] {processor.py:830} INFO - Processing file /home/airflow/.local/lib/python3.8/site-packages/airflow/example_dags/example_python_operator.py for tasks to queue
[2025-08-19T22:10:03.275+0000] {logging_mixin.py:188} INFO - [2025-08-19T22:10:03.275+0000] {dagbag.py:538} INFO - Filling up the DagBag from /home/airflow/.local/lib/python3.8/site-packages/airflow/example_dags/example_python_operator.py
[2025-08-19T22:10:03.280+0000] {processor.py:840} INFO - DAG(s) 'example_python_operator' retrieved from /home/airflow/.local/lib/python3.8/site-packages/airflow/example_dags/example_python_operator.py
[2025-08-19T22:10:03.291+0000] {logging_mixin.py:188} INFO - [2025-08-19T22:10:03.290+0000] {dag.py:3036} INFO - Sync 1 DAGs
[2025-08-19T22:10:03.295+0000] {logging_mixin.py:188} INFO - [2025-08-19T22:10:03.295+0000] {dag.py:3823} INFO - Setting next_dagrun for example_python_operator to None, run_after=None
[2025-08-19T22:10:03.301+0000] {processor.py:183} INFO - Processing /home/airflow/.local/lib/python3.8/site-packages/airflow/example_dags/example_python_operator.py took 0.029 seconds
[2025-08-19T22:10:34.005+0000] {processor.py:161} INFO - Started process (PID=2318) to work on /home/airflow/.local/lib/python3.8/site-packages/airflow/example_dags/example_python_operator.py
[2025-08-19T22:10:34.006+0000] {processor.py:830} INFO - Processing file /home/airflow/.local/lib/python3.8/site-packages/airflow/example_dags/example_python_operator.py for tasks to queue
[2025-08-19T22:10:34.006+0000] {logging_mixin.py:188} INFO - [2025-08-19T22:10:34.006+0000] {dagbag.py:538} INFO - Filling up the DagBag from /home/airflow/.local/lib/python3.8/site-packages/airflow/example_dags/example_python_operator.py
[2025-08-19T22:10:34.011+0000] {processor.py:840} INFO - DAG(s) 'example_python_operator' retrieved from /home/airflow/.local/lib/python3.8/site-packages/airflow/example_dags/example_python_operator.py
[2025-08-19T22:10:34.025+0000] {logging_mixin.py:188} INFO - [2025-08-19T22:10:34.025+0000] {dag.py:3036} INFO - Sync 1 DAGs
[2025-08-19T22:10:34.030+0000] {logging_mixin.py:188} INFO - [2025-08-19T22:10:34.030+0000] {dag.py:3823} INFO - Setting next_dagrun for example_python_operator to None, run_after=None
[2025-08-19T22:10:34.044+0000] {processor.py:183} INFO - Processing /home/airflow/.local/lib/python3.8/site-packages/airflow/example_dags/example_python_operator.py took 0.040 seconds
[2025-08-19T22:11:04.549+0000] {processor.py:161} INFO - Started process (PID=2374) to work on /home/airflow/.local/lib/python3.8/site-packages/airflow/example_dags/example_python_operator.py
[2025-08-19T22:11:04.550+0000] {processor.py:830} INFO - Processing file /home/airflow/.local/lib/python3.8/site-packages/airflow/example_dags/example_python_operator.py for tasks to queue
[2025-08-19T22:11:04.551+0000] {logging_mixin.py:188} INFO - [2025-08-19T22:11:04.550+0000] {dagbag.py:538} INFO - Filling up the DagBag from /home/airflow/.local/lib/python3.8/site-packages/airflow/example_dags/example_python_operator.py
[2025-08-19T22:11:04.558+0000] {processor.py:840} INFO - DAG(s) 'example_python_operator' retrieved from /home/airflow/.local/lib/python3.8/site-packages/airflow/example_dags/example_python_operator.py
[2025-08-19T22:11:04.569+0000] {logging_mixin.py:188} INFO - [2025-08-19T22:11:04.569+0000] {dag.py:3036} INFO - Sync 1 DAGs
[2025-08-19T22:11:04.574+0000] {logging_mixin.py:188} INFO - [2025-08-19T22:11:04.574+0000] {dag.py:3823} INFO - Setting next_dagrun for example_python_operator to None, run_after=None
[2025-08-19T22:11:04.581+0000] {processor.py:183} INFO - Processing /home/airflow/.local/lib/python3.8/site-packages/airflow/example_dags/example_python_operator.py took 0.034 seconds
[2025-08-19T22:11:35.028+0000] {processor.py:161} INFO - Started process (PID=2430) to work on /home/airflow/.local/lib/python3.8/site-packages/airflow/example_dags/example_python_operator.py
[2025-08-19T22:11:35.029+0000] {processor.py:830} INFO - Processing file /home/airflow/.local/lib/python3.8/site-packages/airflow/example_dags/example_python_operator.py for tasks to queue
[2025-08-19T22:11:35.030+0000] {logging_mixin.py:188} INFO - [2025-08-19T22:11:35.030+0000] {dagbag.py:538} INFO - Filling up the DagBag from /home/airflow/.local/lib/python3.8/site-packages/airflow/example_dags/example_python_operator.py
[2025-08-19T22:11:35.034+0000] {processor.py:840} INFO - DAG(s) 'example_python_operator' retrieved from /home/airflow/.local/lib/python3.8/site-packages/airflow/example_dags/example_python_operator.py
[2025-08-19T22:11:35.044+0000] {logging_mixin.py:188} INFO - [2025-08-19T22:11:35.044+0000] {dag.py:3036} INFO - Sync 1 DAGs
[2025-08-19T22:11:35.050+0000] {logging_mixin.py:188} INFO - [2025-08-19T22:11:35.050+0000] {dag.py:3823} INFO - Setting next_dagrun for example_python_operator to None, run_after=None
[2025-08-19T22:11:35.057+0000] {processor.py:183} INFO - Processing /home/airflow/.local/lib/python3.8/site-packages/airflow/example_dags/example_python_operator.py took 0.031 seconds
[2025-08-19T22:12:05.538+0000] {processor.py:161} INFO - Started process (PID=2486) to work on /home/airflow/.local/lib/python3.8/site-packages/airflow/example_dags/example_python_operator.py
[2025-08-19T22:12:05.539+0000] {processor.py:830} INFO - Processing file /home/airflow/.local/lib/python3.8/site-packages/airflow/example_dags/example_python_operator.py for tasks to queue
[2025-08-19T22:12:05.539+0000] {logging_mixin.py:188} INFO - [2025-08-19T22:12:05.539+0000] {dagbag.py:538} INFO - Filling up the DagBag from /home/airflow/.local/lib/python3.8/site-packages/airflow/example_dags/example_python_operator.py
[2025-08-19T22:12:05.544+0000] {processor.py:840} INFO - DAG(s) 'example_python_operator' retrieved from /home/airflow/.local/lib/python3.8/site-packages/airflow/example_dags/example_python_operator.py
[2025-08-19T22:12:05.557+0000] {logging_mixin.py:188} INFO - [2025-08-19T22:12:05.557+0000] {dag.py:3036} INFO - Sync 1 DAGs
[2025-08-19T22:12:05.561+0000] {logging_mixin.py:188} INFO - [2025-08-19T22:12:05.561+0000] {dag.py:3823} INFO - Setting next_dagrun for example_python_operator to None, run_after=None
[2025-08-19T22:12:05.572+0000] {processor.py:183} INFO - Processing /home/airflow/.local/lib/python3.8/site-packages/airflow/example_dags/example_python_operator.py took 0.035 seconds
[2025-08-19T22:12:36.090+0000] {processor.py:161} INFO - Started process (PID=2542) to work on /home/airflow/.local/lib/python3.8/site-packages/airflow/example_dags/example_python_operator.py
[2025-08-19T22:12:36.092+0000] {processor.py:830} INFO - Processing file /home/airflow/.local/lib/python3.8/site-packages/airflow/example_dags/example_python_operator.py for tasks to queue
[2025-08-19T22:12:36.093+0000] {logging_mixin.py:188} INFO - [2025-08-19T22:12:36.093+0000] {dagbag.py:538} INFO - Filling up the DagBag from /home/airflow/.local/lib/python3.8/site-packages/airflow/example_dags/example_python_operator.py
[2025-08-19T22:12:36.099+0000] {processor.py:840} INFO - DAG(s) 'example_python_operator' retrieved from /home/airflow/.local/lib/python3.8/site-packages/airflow/example_dags/example_python_operator.py
[2025-08-19T22:12:36.111+0000] {logging_mixin.py:188} INFO - [2025-08-19T22:12:36.111+0000] {dag.py:3036} INFO - Sync 1 DAGs
[2025-08-19T22:12:36.117+0000] {logging_mixin.py:188} INFO - [2025-08-19T22:12:36.117+0000] {dag.py:3823} INFO - Setting next_dagrun for example_python_operator to None, run_after=None
[2025-08-19T22:12:36.124+0000] {processor.py:183} INFO - Processing /home/airflow/.local/lib/python3.8/site-packages/airflow/example_dags/example_python_operator.py took 0.037 seconds
[2025-08-19T22:13:06.747+0000] {processor.py:161} INFO - Started process (PID=2598) to work on /home/airflow/.local/lib/python3.8/site-packages/airflow/example_dags/example_python_operator.py
[2025-08-19T22:13:06.748+0000] {processor.py:830} INFO - Processing file /home/airflow/.local/lib/python3.8/site-packages/airflow/example_dags/example_python_operator.py for tasks to queue
[2025-08-19T22:13:06.749+0000] {logging_mixin.py:188} INFO - [2025-08-19T22:13:06.748+0000] {dagbag.py:538} INFO - Filling up the DagBag from /home/airflow/.local/lib/python3.8/site-packages/airflow/example_dags/example_python_operator.py
[2025-08-19T22:13:06.753+0000] {processor.py:840} INFO - DAG(s) 'example_python_operator' retrieved from /home/airflow/.local/lib/python3.8/site-packages/airflow/example_dags/example_python_operator.py
[2025-08-19T22:13:06.763+0000] {logging_mixin.py:188} INFO - [2025-08-19T22:13:06.763+0000] {dag.py:3036} INFO - Sync 1 DAGs
[2025-08-19T22:13:06.768+0000] {logging_mixin.py:188} INFO - [2025-08-19T22:13:06.768+0000] {dag.py:3823} INFO - Setting next_dagrun for example_python_operator to None, run_after=None
[2025-08-19T22:13:06.776+0000] {processor.py:183} INFO - Processing /home/airflow/.local/lib/python3.8/site-packages/airflow/example_dags/example_python_operator.py took 0.031 seconds
[2025-08-19T22:13:37.751+0000] {processor.py:161} INFO - Started process (PID=2654) to work on /home/airflow/.local/lib/python3.8/site-packages/airflow/example_dags/example_python_operator.py
[2025-08-19T22:13:37.752+0000] {processor.py:830} INFO - Processing file /home/airflow/.local/lib/python3.8/site-packages/airflow/example_dags/example_python_operator.py for tasks to queue
[2025-08-19T22:13:37.755+0000] {logging_mixin.py:188} INFO - [2025-08-19T22:13:37.754+0000] {dagbag.py:538} INFO - Filling up the DagBag from /home/airflow/.local/lib/python3.8/site-packages/airflow/example_dags/example_python_operator.py
[2025-08-19T22:13:37.771+0000] {processor.py:840} INFO - DAG(s) 'example_python_operator' retrieved from /home/airflow/.local/lib/python3.8/site-packages/airflow/example_dags/example_python_operator.py
[2025-08-19T22:13:37.801+0000] {logging_mixin.py:188} INFO - [2025-08-19T22:13:37.801+0000] {dag.py:3036} INFO - Sync 1 DAGs
[2025-08-19T22:13:37.811+0000] {logging_mixin.py:188} INFO - [2025-08-19T22:13:37.811+0000] {dag.py:3823} INFO - Setting next_dagrun for example_python_operator to None, run_after=None
[2025-08-19T22:13:37.839+0000] {processor.py:183} INFO - Processing /home/airflow/.local/lib/python3.8/site-packages/airflow/example_dags/example_python_operator.py took 0.095 seconds
[2025-08-19T22:20:10.813+0000] {processor.py:161} INFO - Started process (PID=74) to work on /home/airflow/.local/lib/python3.8/site-packages/airflow/example_dags/example_python_operator.py
[2025-08-19T22:20:10.814+0000] {processor.py:830} INFO - Processing file /home/airflow/.local/lib/python3.8/site-packages/airflow/example_dags/example_python_operator.py for tasks to queue
[2025-08-19T22:20:10.818+0000] {logging_mixin.py:188} INFO - [2025-08-19T22:20:10.817+0000] {dagbag.py:538} INFO - Filling up the DagBag from /home/airflow/.local/lib/python3.8/site-packages/airflow/example_dags/example_python_operator.py
[2025-08-19T22:20:10.831+0000] {processor.py:840} INFO - DAG(s) 'example_python_operator' retrieved from /home/airflow/.local/lib/python3.8/site-packages/airflow/example_dags/example_python_operator.py
[2025-08-19T22:20:10.849+0000] {logging_mixin.py:188} INFO - [2025-08-19T22:20:10.848+0000] {dag.py:3036} INFO - Sync 1 DAGs
[2025-08-19T22:20:10.867+0000] {logging_mixin.py:188} INFO - [2025-08-19T22:20:10.867+0000] {dag.py:3823} INFO - Setting next_dagrun for example_python_operator to None, run_after=None
[2025-08-19T22:20:10.888+0000] {processor.py:183} INFO - Processing /home/airflow/.local/lib/python3.8/site-packages/airflow/example_dags/example_python_operator.py took 0.086 seconds
[2025-08-19T22:20:41.704+0000] {processor.py:161} INFO - Started process (PID=130) to work on /home/airflow/.local/lib/python3.8/site-packages/airflow/example_dags/example_python_operator.py
[2025-08-19T22:20:41.706+0000] {processor.py:830} INFO - Processing file /home/airflow/.local/lib/python3.8/site-packages/airflow/example_dags/example_python_operator.py for tasks to queue
[2025-08-19T22:20:41.707+0000] {logging_mixin.py:188} INFO - [2025-08-19T22:20:41.707+0000] {dagbag.py:538} INFO - Filling up the DagBag from /home/airflow/.local/lib/python3.8/site-packages/airflow/example_dags/example_python_operator.py
[2025-08-19T22:20:41.712+0000] {processor.py:840} INFO - DAG(s) 'example_python_operator' retrieved from /home/airflow/.local/lib/python3.8/site-packages/airflow/example_dags/example_python_operator.py
[2025-08-19T22:20:41.749+0000] {logging_mixin.py:188} INFO - [2025-08-19T22:20:41.749+0000] {dag.py:3036} INFO - Sync 1 DAGs
[2025-08-19T22:20:41.754+0000] {logging_mixin.py:188} INFO - [2025-08-19T22:20:41.754+0000] {dag.py:3823} INFO - Setting next_dagrun for example_python_operator to None, run_after=None
[2025-08-19T22:20:41.765+0000] {processor.py:183} INFO - Processing /home/airflow/.local/lib/python3.8/site-packages/airflow/example_dags/example_python_operator.py took 0.063 seconds
[2025-08-19T22:21:11.787+0000] {processor.py:161} INFO - Started process (PID=186) to work on /home/airflow/.local/lib/python3.8/site-packages/airflow/example_dags/example_python_operator.py
[2025-08-19T22:21:11.788+0000] {processor.py:830} INFO - Processing file /home/airflow/.local/lib/python3.8/site-packages/airflow/example_dags/example_python_operator.py for tasks to queue
[2025-08-19T22:21:11.789+0000] {logging_mixin.py:188} INFO - [2025-08-19T22:21:11.788+0000] {dagbag.py:538} INFO - Filling up the DagBag from /home/airflow/.local/lib/python3.8/site-packages/airflow/example_dags/example_python_operator.py
[2025-08-19T22:21:11.792+0000] {processor.py:840} INFO - DAG(s) 'example_python_operator' retrieved from /home/airflow/.local/lib/python3.8/site-packages/airflow/example_dags/example_python_operator.py
[2025-08-19T22:21:11.800+0000] {logging_mixin.py:188} INFO - [2025-08-19T22:21:11.800+0000] {dag.py:3036} INFO - Sync 1 DAGs
[2025-08-19T22:21:11.804+0000] {logging_mixin.py:188} INFO - [2025-08-19T22:21:11.804+0000] {dag.py:3823} INFO - Setting next_dagrun for example_python_operator to None, run_after=None
[2025-08-19T22:21:11.810+0000] {processor.py:183} INFO - Processing /home/airflow/.local/lib/python3.8/site-packages/airflow/example_dags/example_python_operator.py took 0.024 seconds
[2025-08-19T22:21:42.426+0000] {processor.py:161} INFO - Started process (PID=242) to work on /home/airflow/.local/lib/python3.8/site-packages/airflow/example_dags/example_python_operator.py
[2025-08-19T22:21:42.428+0000] {processor.py:830} INFO - Processing file /home/airflow/.local/lib/python3.8/site-packages/airflow/example_dags/example_python_operator.py for tasks to queue
[2025-08-19T22:21:42.430+0000] {logging_mixin.py:188} INFO - [2025-08-19T22:21:42.429+0000] {dagbag.py:538} INFO - Filling up the DagBag from /home/airflow/.local/lib/python3.8/site-packages/airflow/example_dags/example_python_operator.py
[2025-08-19T22:21:42.434+0000] {processor.py:840} INFO - DAG(s) 'example_python_operator' retrieved from /home/airflow/.local/lib/python3.8/site-packages/airflow/example_dags/example_python_operator.py
[2025-08-19T22:21:42.449+0000] {logging_mixin.py:188} INFO - [2025-08-19T22:21:42.449+0000] {dag.py:3036} INFO - Sync 1 DAGs
[2025-08-19T22:21:42.453+0000] {logging_mixin.py:188} INFO - [2025-08-19T22:21:42.453+0000] {dag.py:3823} INFO - Setting next_dagrun for example_python_operator to None, run_after=None
[2025-08-19T22:21:42.462+0000] {processor.py:183} INFO - Processing /home/airflow/.local/lib/python3.8/site-packages/airflow/example_dags/example_python_operator.py took 0.038 seconds
[2025-08-19T22:22:12.909+0000] {processor.py:161} INFO - Started process (PID=304) to work on /home/airflow/.local/lib/python3.8/site-packages/airflow/example_dags/example_python_operator.py
[2025-08-19T22:22:12.910+0000] {processor.py:830} INFO - Processing file /home/airflow/.local/lib/python3.8/site-packages/airflow/example_dags/example_python_operator.py for tasks to queue
[2025-08-19T22:22:12.911+0000] {logging_mixin.py:188} INFO - [2025-08-19T22:22:12.911+0000] {dagbag.py:538} INFO - Filling up the DagBag from /home/airflow/.local/lib/python3.8/site-packages/airflow/example_dags/example_python_operator.py
[2025-08-19T22:22:12.915+0000] {processor.py:840} INFO - DAG(s) 'example_python_operator' retrieved from /home/airflow/.local/lib/python3.8/site-packages/airflow/example_dags/example_python_operator.py
[2025-08-19T22:22:12.926+0000] {logging_mixin.py:188} INFO - [2025-08-19T22:22:12.926+0000] {dag.py:3036} INFO - Sync 1 DAGs
[2025-08-19T22:22:12.931+0000] {logging_mixin.py:188} INFO - [2025-08-19T22:22:12.931+0000] {dag.py:3823} INFO - Setting next_dagrun for example_python_operator to None, run_after=None
[2025-08-19T22:22:12.939+0000] {processor.py:183} INFO - Processing /home/airflow/.local/lib/python3.8/site-packages/airflow/example_dags/example_python_operator.py took 0.031 seconds
[2025-08-19T22:22:43.496+0000] {processor.py:161} INFO - Started process (PID=364) to work on /home/airflow/.local/lib/python3.8/site-packages/airflow/example_dags/example_python_operator.py
[2025-08-19T22:22:43.497+0000] {processor.py:830} INFO - Processing file /home/airflow/.local/lib/python3.8/site-packages/airflow/example_dags/example_python_operator.py for tasks to queue
[2025-08-19T22:22:43.498+0000] {logging_mixin.py:188} INFO - [2025-08-19T22:22:43.498+0000] {dagbag.py:538} INFO - Filling up the DagBag from /home/airflow/.local/lib/python3.8/site-packages/airflow/example_dags/example_python_operator.py
[2025-08-19T22:22:43.509+0000] {processor.py:840} INFO - DAG(s) 'example_python_operator' retrieved from /home/airflow/.local/lib/python3.8/site-packages/airflow/example_dags/example_python_operator.py
[2025-08-19T22:22:43.545+0000] {logging_mixin.py:188} INFO - [2025-08-19T22:22:43.545+0000] {dag.py:3036} INFO - Sync 1 DAGs
[2025-08-19T22:22:43.552+0000] {logging_mixin.py:188} INFO - [2025-08-19T22:22:43.552+0000] {dag.py:3823} INFO - Setting next_dagrun for example_python_operator to None, run_after=None
[2025-08-19T22:22:43.564+0000] {processor.py:183} INFO - Processing /home/airflow/.local/lib/python3.8/site-packages/airflow/example_dags/example_python_operator.py took 0.070 seconds
[2025-08-19T22:23:14.239+0000] {processor.py:161} INFO - Started process (PID=420) to work on /home/airflow/.local/lib/python3.8/site-packages/airflow/example_dags/example_python_operator.py
[2025-08-19T22:23:14.244+0000] {processor.py:830} INFO - Processing file /home/airflow/.local/lib/python3.8/site-packages/airflow/example_dags/example_python_operator.py for tasks to queue
[2025-08-19T22:23:14.245+0000] {logging_mixin.py:188} INFO - [2025-08-19T22:23:14.245+0000] {dagbag.py:538} INFO - Filling up the DagBag from /home/airflow/.local/lib/python3.8/site-packages/airflow/example_dags/example_python_operator.py
[2025-08-19T22:23:14.251+0000] {processor.py:840} INFO - DAG(s) 'example_python_operator' retrieved from /home/airflow/.local/lib/python3.8/site-packages/airflow/example_dags/example_python_operator.py
[2025-08-19T22:23:14.264+0000] {logging_mixin.py:188} INFO - [2025-08-19T22:23:14.264+0000] {dag.py:3036} INFO - Sync 1 DAGs
[2025-08-19T22:23:14.270+0000] {logging_mixin.py:188} INFO - [2025-08-19T22:23:14.270+0000] {dag.py:3823} INFO - Setting next_dagrun for example_python_operator to None, run_after=None
[2025-08-19T22:23:14.278+0000] {processor.py:183} INFO - Processing /home/airflow/.local/lib/python3.8/site-packages/airflow/example_dags/example_python_operator.py took 0.040 seconds
[2025-08-19T22:23:44.743+0000] {processor.py:161} INFO - Started process (PID=476) to work on /home/airflow/.local/lib/python3.8/site-packages/airflow/example_dags/example_python_operator.py
[2025-08-19T22:23:44.743+0000] {processor.py:830} INFO - Processing file /home/airflow/.local/lib/python3.8/site-packages/airflow/example_dags/example_python_operator.py for tasks to queue
[2025-08-19T22:23:44.744+0000] {logging_mixin.py:188} INFO - [2025-08-19T22:23:44.744+0000] {dagbag.py:538} INFO - Filling up the DagBag from /home/airflow/.local/lib/python3.8/site-packages/airflow/example_dags/example_python_operator.py
[2025-08-19T22:23:44.748+0000] {processor.py:840} INFO - DAG(s) 'example_python_operator' retrieved from /home/airflow/.local/lib/python3.8/site-packages/airflow/example_dags/example_python_operator.py
[2025-08-19T22:23:44.760+0000] {logging_mixin.py:188} INFO - [2025-08-19T22:23:44.760+0000] {dag.py:3036} INFO - Sync 1 DAGs
[2025-08-19T22:23:44.764+0000] {logging_mixin.py:188} INFO - [2025-08-19T22:23:44.764+0000] {dag.py:3823} INFO - Setting next_dagrun for example_python_operator to None, run_after=None
[2025-08-19T22:23:44.772+0000] {processor.py:183} INFO - Processing /home/airflow/.local/lib/python3.8/site-packages/airflow/example_dags/example_python_operator.py took 0.031 seconds
[2025-08-19T22:24:15.154+0000] {processor.py:161} INFO - Started process (PID=532) to work on /home/airflow/.local/lib/python3.8/site-packages/airflow/example_dags/example_python_operator.py
[2025-08-19T22:24:15.155+0000] {processor.py:830} INFO - Processing file /home/airflow/.local/lib/python3.8/site-packages/airflow/example_dags/example_python_operator.py for tasks to queue
[2025-08-19T22:24:15.155+0000] {logging_mixin.py:188} INFO - [2025-08-19T22:24:15.155+0000] {dagbag.py:538} INFO - Filling up the DagBag from /home/airflow/.local/lib/python3.8/site-packages/airflow/example_dags/example_python_operator.py
[2025-08-19T22:24:15.160+0000] {processor.py:840} INFO - DAG(s) 'example_python_operator' retrieved from /home/airflow/.local/lib/python3.8/site-packages/airflow/example_dags/example_python_operator.py
[2025-08-19T22:24:15.169+0000] {logging_mixin.py:188} INFO - [2025-08-19T22:24:15.169+0000] {dag.py:3036} INFO - Sync 1 DAGs
[2025-08-19T22:24:15.173+0000] {logging_mixin.py:188} INFO - [2025-08-19T22:24:15.173+0000] {dag.py:3823} INFO - Setting next_dagrun for example_python_operator to None, run_after=None
[2025-08-19T22:24:15.180+0000] {processor.py:183} INFO - Processing /home/airflow/.local/lib/python3.8/site-packages/airflow/example_dags/example_python_operator.py took 0.028 seconds
[2025-08-19T22:24:45.633+0000] {processor.py:161} INFO - Started process (PID=588) to work on /home/airflow/.local/lib/python3.8/site-packages/airflow/example_dags/example_python_operator.py
[2025-08-19T22:24:45.634+0000] {processor.py:830} INFO - Processing file /home/airflow/.local/lib/python3.8/site-packages/airflow/example_dags/example_python_operator.py for tasks to queue
[2025-08-19T22:24:45.635+0000] {logging_mixin.py:188} INFO - [2025-08-19T22:24:45.635+0000] {dagbag.py:538} INFO - Filling up the DagBag from /home/airflow/.local/lib/python3.8/site-packages/airflow/example_dags/example_python_operator.py
[2025-08-19T22:24:45.639+0000] {processor.py:840} INFO - DAG(s) 'example_python_operator' retrieved from /home/airflow/.local/lib/python3.8/site-packages/airflow/example_dags/example_python_operator.py
[2025-08-19T22:24:45.649+0000] {logging_mixin.py:188} INFO - [2025-08-19T22:24:45.649+0000] {dag.py:3036} INFO - Sync 1 DAGs
[2025-08-19T22:24:45.653+0000] {logging_mixin.py:188} INFO - [2025-08-19T22:24:45.653+0000] {dag.py:3823} INFO - Setting next_dagrun for example_python_operator to None, run_after=None
[2025-08-19T22:24:45.661+0000] {processor.py:183} INFO - Processing /home/airflow/.local/lib/python3.8/site-packages/airflow/example_dags/example_python_operator.py took 0.030 seconds
[2025-08-19T22:25:16.070+0000] {processor.py:161} INFO - Started process (PID=644) to work on /home/airflow/.local/lib/python3.8/site-packages/airflow/example_dags/example_python_operator.py
[2025-08-19T22:25:16.071+0000] {processor.py:830} INFO - Processing file /home/airflow/.local/lib/python3.8/site-packages/airflow/example_dags/example_python_operator.py for tasks to queue
[2025-08-19T22:25:16.072+0000] {logging_mixin.py:188} INFO - [2025-08-19T22:25:16.071+0000] {dagbag.py:538} INFO - Filling up the DagBag from /home/airflow/.local/lib/python3.8/site-packages/airflow/example_dags/example_python_operator.py
[2025-08-19T22:25:16.076+0000] {processor.py:840} INFO - DAG(s) 'example_python_operator' retrieved from /home/airflow/.local/lib/python3.8/site-packages/airflow/example_dags/example_python_operator.py
[2025-08-19T22:25:16.086+0000] {logging_mixin.py:188} INFO - [2025-08-19T22:25:16.086+0000] {dag.py:3036} INFO - Sync 1 DAGs
[2025-08-19T22:25:16.091+0000] {logging_mixin.py:188} INFO - [2025-08-19T22:25:16.090+0000] {dag.py:3823} INFO - Setting next_dagrun for example_python_operator to None, run_after=None
[2025-08-19T22:25:16.098+0000] {processor.py:183} INFO - Processing /home/airflow/.local/lib/python3.8/site-packages/airflow/example_dags/example_python_operator.py took 0.029 seconds
[2025-08-19T22:25:46.498+0000] {processor.py:161} INFO - Started process (PID=700) to work on /home/airflow/.local/lib/python3.8/site-packages/airflow/example_dags/example_python_operator.py
[2025-08-19T22:25:46.499+0000] {processor.py:830} INFO - Processing file /home/airflow/.local/lib/python3.8/site-packages/airflow/example_dags/example_python_operator.py for tasks to queue
[2025-08-19T22:25:46.499+0000] {logging_mixin.py:188} INFO - [2025-08-19T22:25:46.499+0000] {dagbag.py:538} INFO - Filling up the DagBag from /home/airflow/.local/lib/python3.8/site-packages/airflow/example_dags/example_python_operator.py
[2025-08-19T22:25:46.503+0000] {processor.py:840} INFO - DAG(s) 'example_python_operator' retrieved from /home/airflow/.local/lib/python3.8/site-packages/airflow/example_dags/example_python_operator.py
[2025-08-19T22:25:46.511+0000] {logging_mixin.py:188} INFO - [2025-08-19T22:25:46.511+0000] {dag.py:3036} INFO - Sync 1 DAGs
[2025-08-19T22:25:46.515+0000] {logging_mixin.py:188} INFO - [2025-08-19T22:25:46.515+0000] {dag.py:3823} INFO - Setting next_dagrun for example_python_operator to None, run_after=None
[2025-08-19T22:25:46.520+0000] {processor.py:183} INFO - Processing /home/airflow/.local/lib/python3.8/site-packages/airflow/example_dags/example_python_operator.py took 0.023 seconds
[2025-08-19T22:26:16.937+0000] {processor.py:161} INFO - Started process (PID=756) to work on /home/airflow/.local/lib/python3.8/site-packages/airflow/example_dags/example_python_operator.py
[2025-08-19T22:26:16.938+0000] {processor.py:830} INFO - Processing file /home/airflow/.local/lib/python3.8/site-packages/airflow/example_dags/example_python_operator.py for tasks to queue
[2025-08-19T22:26:16.939+0000] {logging_mixin.py:188} INFO - [2025-08-19T22:26:16.939+0000] {dagbag.py:538} INFO - Filling up the DagBag from /home/airflow/.local/lib/python3.8/site-packages/airflow/example_dags/example_python_operator.py
[2025-08-19T22:26:16.943+0000] {processor.py:840} INFO - DAG(s) 'example_python_operator' retrieved from /home/airflow/.local/lib/python3.8/site-packages/airflow/example_dags/example_python_operator.py
[2025-08-19T22:26:16.951+0000] {logging_mixin.py:188} INFO - [2025-08-19T22:26:16.951+0000] {dag.py:3036} INFO - Sync 1 DAGs
[2025-08-19T22:26:16.956+0000] {logging_mixin.py:188} INFO - [2025-08-19T22:26:16.956+0000] {dag.py:3823} INFO - Setting next_dagrun for example_python_operator to None, run_after=None
[2025-08-19T22:26:16.966+0000] {processor.py:183} INFO - Processing /home/airflow/.local/lib/python3.8/site-packages/airflow/example_dags/example_python_operator.py took 0.031 seconds
[2025-08-19T22:26:47.343+0000] {processor.py:161} INFO - Started process (PID=812) to work on /home/airflow/.local/lib/python3.8/site-packages/airflow/example_dags/example_python_operator.py
[2025-08-19T22:26:47.346+0000] {processor.py:830} INFO - Processing file /home/airflow/.local/lib/python3.8/site-packages/airflow/example_dags/example_python_operator.py for tasks to queue
[2025-08-19T22:26:47.347+0000] {logging_mixin.py:188} INFO - [2025-08-19T22:26:47.346+0000] {dagbag.py:538} INFO - Filling up the DagBag from /home/airflow/.local/lib/python3.8/site-packages/airflow/example_dags/example_python_operator.py
[2025-08-19T22:26:47.351+0000] {processor.py:840} INFO - DAG(s) 'example_python_operator' retrieved from /home/airflow/.local/lib/python3.8/site-packages/airflow/example_dags/example_python_operator.py
[2025-08-19T22:26:47.360+0000] {logging_mixin.py:188} INFO - [2025-08-19T22:26:47.360+0000] {dag.py:3036} INFO - Sync 1 DAGs
[2025-08-19T22:26:47.365+0000] {logging_mixin.py:188} INFO - [2025-08-19T22:26:47.365+0000] {dag.py:3823} INFO - Setting next_dagrun for example_python_operator to None, run_after=None
[2025-08-19T22:26:47.372+0000] {processor.py:183} INFO - Processing /home/airflow/.local/lib/python3.8/site-packages/airflow/example_dags/example_python_operator.py took 0.031 seconds
[2025-08-19T22:27:17.770+0000] {processor.py:161} INFO - Started process (PID=868) to work on /home/airflow/.local/lib/python3.8/site-packages/airflow/example_dags/example_python_operator.py
[2025-08-19T22:27:17.771+0000] {processor.py:830} INFO - Processing file /home/airflow/.local/lib/python3.8/site-packages/airflow/example_dags/example_python_operator.py for tasks to queue
[2025-08-19T22:27:17.772+0000] {logging_mixin.py:188} INFO - [2025-08-19T22:27:17.772+0000] {dagbag.py:538} INFO - Filling up the DagBag from /home/airflow/.local/lib/python3.8/site-packages/airflow/example_dags/example_python_operator.py
[2025-08-19T22:27:17.777+0000] {processor.py:840} INFO - DAG(s) 'example_python_operator' retrieved from /home/airflow/.local/lib/python3.8/site-packages/airflow/example_dags/example_python_operator.py
[2025-08-19T22:27:17.785+0000] {logging_mixin.py:188} INFO - [2025-08-19T22:27:17.785+0000] {dag.py:3036} INFO - Sync 1 DAGs
[2025-08-19T22:27:17.790+0000] {logging_mixin.py:188} INFO - [2025-08-19T22:27:17.790+0000] {dag.py:3823} INFO - Setting next_dagrun for example_python_operator to None, run_after=None
[2025-08-19T22:27:17.796+0000] {processor.py:183} INFO - Processing /home/airflow/.local/lib/python3.8/site-packages/airflow/example_dags/example_python_operator.py took 0.028 seconds
[2025-08-19T22:27:48.370+0000] {processor.py:161} INFO - Started process (PID=928) to work on /home/airflow/.local/lib/python3.8/site-packages/airflow/example_dags/example_python_operator.py
[2025-08-19T22:27:48.370+0000] {processor.py:830} INFO - Processing file /home/airflow/.local/lib/python3.8/site-packages/airflow/example_dags/example_python_operator.py for tasks to queue
[2025-08-19T22:27:48.371+0000] {logging_mixin.py:188} INFO - [2025-08-19T22:27:48.371+0000] {dagbag.py:538} INFO - Filling up the DagBag from /home/airflow/.local/lib/python3.8/site-packages/airflow/example_dags/example_python_operator.py
[2025-08-19T22:27:48.376+0000] {processor.py:840} INFO - DAG(s) 'example_python_operator' retrieved from /home/airflow/.local/lib/python3.8/site-packages/airflow/example_dags/example_python_operator.py
[2025-08-19T22:27:48.388+0000] {logging_mixin.py:188} INFO - [2025-08-19T22:27:48.388+0000] {dag.py:3036} INFO - Sync 1 DAGs
[2025-08-19T22:27:48.392+0000] {logging_mixin.py:188} INFO - [2025-08-19T22:27:48.392+0000] {dag.py:3823} INFO - Setting next_dagrun for example_python_operator to None, run_after=None
[2025-08-19T22:27:48.404+0000] {processor.py:183} INFO - Processing /home/airflow/.local/lib/python3.8/site-packages/airflow/example_dags/example_python_operator.py took 0.036 seconds
[2025-08-19T22:28:19.030+0000] {processor.py:161} INFO - Started process (PID=984) to work on /home/airflow/.local/lib/python3.8/site-packages/airflow/example_dags/example_python_operator.py
[2025-08-19T22:28:19.031+0000] {processor.py:830} INFO - Processing file /home/airflow/.local/lib/python3.8/site-packages/airflow/example_dags/example_python_operator.py for tasks to queue
[2025-08-19T22:28:19.032+0000] {logging_mixin.py:188} INFO - [2025-08-19T22:28:19.032+0000] {dagbag.py:538} INFO - Filling up the DagBag from /home/airflow/.local/lib/python3.8/site-packages/airflow/example_dags/example_python_operator.py
[2025-08-19T22:28:19.036+0000] {processor.py:840} INFO - DAG(s) 'example_python_operator' retrieved from /home/airflow/.local/lib/python3.8/site-packages/airflow/example_dags/example_python_operator.py
[2025-08-19T22:28:19.046+0000] {logging_mixin.py:188} INFO - [2025-08-19T22:28:19.046+0000] {dag.py:3036} INFO - Sync 1 DAGs
[2025-08-19T22:28:19.050+0000] {logging_mixin.py:188} INFO - [2025-08-19T22:28:19.050+0000] {dag.py:3823} INFO - Setting next_dagrun for example_python_operator to None, run_after=None
[2025-08-19T22:28:19.059+0000] {processor.py:183} INFO - Processing /home/airflow/.local/lib/python3.8/site-packages/airflow/example_dags/example_python_operator.py took 0.031 seconds
[2025-08-19T22:28:49.443+0000] {processor.py:161} INFO - Started process (PID=1040) to work on /home/airflow/.local/lib/python3.8/site-packages/airflow/example_dags/example_python_operator.py
[2025-08-19T22:28:49.443+0000] {processor.py:830} INFO - Processing file /home/airflow/.local/lib/python3.8/site-packages/airflow/example_dags/example_python_operator.py for tasks to queue
[2025-08-19T22:28:49.444+0000] {logging_mixin.py:188} INFO - [2025-08-19T22:28:49.444+0000] {dagbag.py:538} INFO - Filling up the DagBag from /home/airflow/.local/lib/python3.8/site-packages/airflow/example_dags/example_python_operator.py
[2025-08-19T22:28:49.448+0000] {processor.py:840} INFO - DAG(s) 'example_python_operator' retrieved from /home/airflow/.local/lib/python3.8/site-packages/airflow/example_dags/example_python_operator.py
[2025-08-19T22:28:49.459+0000] {logging_mixin.py:188} INFO - [2025-08-19T22:28:49.459+0000] {dag.py:3036} INFO - Sync 1 DAGs
[2025-08-19T22:28:49.463+0000] {logging_mixin.py:188} INFO - [2025-08-19T22:28:49.463+0000] {dag.py:3823} INFO - Setting next_dagrun for example_python_operator to None, run_after=None
[2025-08-19T22:28:49.473+0000] {processor.py:183} INFO - Processing /home/airflow/.local/lib/python3.8/site-packages/airflow/example_dags/example_python_operator.py took 0.031 seconds
[2025-08-19T22:29:19.985+0000] {processor.py:161} INFO - Started process (PID=1096) to work on /home/airflow/.local/lib/python3.8/site-packages/airflow/example_dags/example_python_operator.py
[2025-08-19T22:29:19.985+0000] {processor.py:830} INFO - Processing file /home/airflow/.local/lib/python3.8/site-packages/airflow/example_dags/example_python_operator.py for tasks to queue
[2025-08-19T22:29:19.986+0000] {logging_mixin.py:188} INFO - [2025-08-19T22:29:19.986+0000] {dagbag.py:538} INFO - Filling up the DagBag from /home/airflow/.local/lib/python3.8/site-packages/airflow/example_dags/example_python_operator.py
[2025-08-19T22:29:19.990+0000] {processor.py:840} INFO - DAG(s) 'example_python_operator' retrieved from /home/airflow/.local/lib/python3.8/site-packages/airflow/example_dags/example_python_operator.py
[2025-08-19T22:29:19.999+0000] {logging_mixin.py:188} INFO - [2025-08-19T22:29:19.999+0000] {dag.py:3036} INFO - Sync 1 DAGs
[2025-08-19T22:29:20.003+0000] {logging_mixin.py:188} INFO - [2025-08-19T22:29:20.003+0000] {dag.py:3823} INFO - Setting next_dagrun for example_python_operator to None, run_after=None
[2025-08-19T22:29:20.008+0000] {processor.py:183} INFO - Processing /home/airflow/.local/lib/python3.8/site-packages/airflow/example_dags/example_python_operator.py took 0.025 seconds
[2025-08-19T22:29:50.622+0000] {processor.py:161} INFO - Started process (PID=1152) to work on /home/airflow/.local/lib/python3.8/site-packages/airflow/example_dags/example_python_operator.py
[2025-08-19T22:29:50.624+0000] {processor.py:830} INFO - Processing file /home/airflow/.local/lib/python3.8/site-packages/airflow/example_dags/example_python_operator.py for tasks to queue
[2025-08-19T22:29:50.625+0000] {logging_mixin.py:188} INFO - [2025-08-19T22:29:50.625+0000] {dagbag.py:538} INFO - Filling up the DagBag from /home/airflow/.local/lib/python3.8/site-packages/airflow/example_dags/example_python_operator.py
[2025-08-19T22:29:50.629+0000] {processor.py:840} INFO - DAG(s) 'example_python_operator' retrieved from /home/airflow/.local/lib/python3.8/site-packages/airflow/example_dags/example_python_operator.py
[2025-08-19T22:29:50.638+0000] {logging_mixin.py:188} INFO - [2025-08-19T22:29:50.638+0000] {dag.py:3036} INFO - Sync 1 DAGs
[2025-08-19T22:29:50.643+0000] {logging_mixin.py:188} INFO - [2025-08-19T22:29:50.643+0000] {dag.py:3823} INFO - Setting next_dagrun for example_python_operator to None, run_after=None
[2025-08-19T22:29:50.652+0000] {processor.py:183} INFO - Processing /home/airflow/.local/lib/python3.8/site-packages/airflow/example_dags/example_python_operator.py took 0.031 seconds
[2025-08-19T22:30:21.076+0000] {processor.py:161} INFO - Started process (PID=1208) to work on /home/airflow/.local/lib/python3.8/site-packages/airflow/example_dags/example_python_operator.py
[2025-08-19T22:30:21.077+0000] {processor.py:830} INFO - Processing file /home/airflow/.local/lib/python3.8/site-packages/airflow/example_dags/example_python_operator.py for tasks to queue
[2025-08-19T22:30:21.078+0000] {logging_mixin.py:188} INFO - [2025-08-19T22:30:21.077+0000] {dagbag.py:538} INFO - Filling up the DagBag from /home/airflow/.local/lib/python3.8/site-packages/airflow/example_dags/example_python_operator.py
[2025-08-19T22:30:21.082+0000] {processor.py:840} INFO - DAG(s) 'example_python_operator' retrieved from /home/airflow/.local/lib/python3.8/site-packages/airflow/example_dags/example_python_operator.py
[2025-08-19T22:30:21.092+0000] {logging_mixin.py:188} INFO - [2025-08-19T22:30:21.091+0000] {dag.py:3036} INFO - Sync 1 DAGs
[2025-08-19T22:30:21.096+0000] {logging_mixin.py:188} INFO - [2025-08-19T22:30:21.096+0000] {dag.py:3823} INFO - Setting next_dagrun for example_python_operator to None, run_after=None
[2025-08-19T22:30:21.104+0000] {processor.py:183} INFO - Processing /home/airflow/.local/lib/python3.8/site-packages/airflow/example_dags/example_python_operator.py took 0.029 seconds
