[2025-08-19T21:50:07.700+0000] {processor.py:161} INFO - Started process (PID=68) to work on /home/airflow/.local/lib/python3.8/site-packages/airflow/example_dags/example_params_ui_tutorial.py
[2025-08-19T21:50:07.701+0000] {processor.py:830} INFO - Processing file /home/airflow/.local/lib/python3.8/site-packages/airflow/example_dags/example_params_ui_tutorial.py for tasks to queue
[2025-08-19T21:50:07.702+0000] {logging_mixin.py:188} INFO - [2025-08-19T21:50:07.702+0000] {dagbag.py:538} INFO - Filling up the DagBag from /home/airflow/.local/lib/python3.8/site-packages/airflow/example_dags/example_params_ui_tutorial.py
[2025-08-19T21:50:07.712+0000] {processor.py:840} INFO - DAG(s) 'example_params_ui_tutorial' retrieved from /home/airflow/.local/lib/python3.8/site-packages/airflow/example_dags/example_params_ui_tutorial.py
[2025-08-19T21:50:07.722+0000] {logging_mixin.py:188} INFO - [2025-08-19T21:50:07.722+0000] {dag.py:3036} INFO - Sync 1 DAGs
[2025-08-19T21:50:07.734+0000] {logging_mixin.py:188} INFO - [2025-08-19T21:50:07.734+0000] {dag.py:3823} INFO - Setting next_dagrun for example_params_ui_tutorial to None, run_after=None
[2025-08-19T21:50:07.747+0000] {processor.py:183} INFO - Processing /home/airflow/.local/lib/python3.8/site-packages/airflow/example_dags/example_params_ui_tutorial.py took 0.051 seconds
[2025-08-19T21:50:38.232+0000] {processor.py:161} INFO - Started process (PID=124) to work on /home/airflow/.local/lib/python3.8/site-packages/airflow/example_dags/example_params_ui_tutorial.py
[2025-08-19T21:50:38.234+0000] {processor.py:830} INFO - Processing file /home/airflow/.local/lib/python3.8/site-packages/airflow/example_dags/example_params_ui_tutorial.py for tasks to queue
[2025-08-19T21:50:38.235+0000] {logging_mixin.py:188} INFO - [2025-08-19T21:50:38.235+0000] {dagbag.py:538} INFO - Filling up the DagBag from /home/airflow/.local/lib/python3.8/site-packages/airflow/example_dags/example_params_ui_tutorial.py
[2025-08-19T21:50:38.240+0000] {processor.py:840} INFO - DAG(s) 'example_params_ui_tutorial' retrieved from /home/airflow/.local/lib/python3.8/site-packages/airflow/example_dags/example_params_ui_tutorial.py
[2025-08-19T21:50:38.305+0000] {logging_mixin.py:188} INFO - [2025-08-19T21:50:38.305+0000] {dag.py:3036} INFO - Sync 1 DAGs
[2025-08-19T21:50:38.350+0000] {logging_mixin.py:188} INFO - [2025-08-19T21:50:38.350+0000] {dag.py:3823} INFO - Setting next_dagrun for example_params_ui_tutorial to None, run_after=None
[2025-08-19T21:50:38.386+0000] {processor.py:183} INFO - Processing /home/airflow/.local/lib/python3.8/site-packages/airflow/example_dags/example_params_ui_tutorial.py took 0.155 seconds
[2025-08-19T21:51:09.123+0000] {processor.py:161} INFO - Started process (PID=179) to work on /home/airflow/.local/lib/python3.8/site-packages/airflow/example_dags/example_params_ui_tutorial.py
[2025-08-19T21:51:09.123+0000] {processor.py:830} INFO - Processing file /home/airflow/.local/lib/python3.8/site-packages/airflow/example_dags/example_params_ui_tutorial.py for tasks to queue
[2025-08-19T21:51:09.123+0000] {logging_mixin.py:188} INFO - [2025-08-19T21:51:09.123+0000] {dagbag.py:538} INFO - Filling up the DagBag from /home/airflow/.local/lib/python3.8/site-packages/airflow/example_dags/example_params_ui_tutorial.py
[2025-08-19T21:51:09.128+0000] {processor.py:840} INFO - DAG(s) 'example_params_ui_tutorial' retrieved from /home/airflow/.local/lib/python3.8/site-packages/airflow/example_dags/example_params_ui_tutorial.py
[2025-08-19T21:51:09.147+0000] {logging_mixin.py:188} INFO - [2025-08-19T21:51:09.146+0000] {dag.py:3036} INFO - Sync 1 DAGs
[2025-08-19T21:51:09.150+0000] {logging_mixin.py:188} INFO - [2025-08-19T21:51:09.150+0000] {dag.py:3823} INFO - Setting next_dagrun for example_params_ui_tutorial to None, run_after=None
[2025-08-19T21:51:09.156+0000] {processor.py:183} INFO - Processing /home/airflow/.local/lib/python3.8/site-packages/airflow/example_dags/example_params_ui_tutorial.py took 0.034 seconds
[2025-08-19T21:51:39.629+0000] {processor.py:161} INFO - Started process (PID=235) to work on /home/airflow/.local/lib/python3.8/site-packages/airflow/example_dags/example_params_ui_tutorial.py
[2025-08-19T21:51:39.630+0000] {processor.py:830} INFO - Processing file /home/airflow/.local/lib/python3.8/site-packages/airflow/example_dags/example_params_ui_tutorial.py for tasks to queue
[2025-08-19T21:51:39.631+0000] {logging_mixin.py:188} INFO - [2025-08-19T21:51:39.631+0000] {dagbag.py:538} INFO - Filling up the DagBag from /home/airflow/.local/lib/python3.8/site-packages/airflow/example_dags/example_params_ui_tutorial.py
[2025-08-19T21:51:39.635+0000] {processor.py:840} INFO - DAG(s) 'example_params_ui_tutorial' retrieved from /home/airflow/.local/lib/python3.8/site-packages/airflow/example_dags/example_params_ui_tutorial.py
[2025-08-19T21:51:39.657+0000] {logging_mixin.py:188} INFO - [2025-08-19T21:51:39.657+0000] {dag.py:3036} INFO - Sync 1 DAGs
[2025-08-19T21:51:39.661+0000] {logging_mixin.py:188} INFO - [2025-08-19T21:51:39.661+0000] {dag.py:3823} INFO - Setting next_dagrun for example_params_ui_tutorial to None, run_after=None
[2025-08-19T21:51:39.669+0000] {processor.py:183} INFO - Processing /home/airflow/.local/lib/python3.8/site-packages/airflow/example_dags/example_params_ui_tutorial.py took 0.041 seconds
[2025-08-19T21:52:10.410+0000] {processor.py:161} INFO - Started process (PID=297) to work on /home/airflow/.local/lib/python3.8/site-packages/airflow/example_dags/example_params_ui_tutorial.py
[2025-08-19T21:52:10.411+0000] {processor.py:830} INFO - Processing file /home/airflow/.local/lib/python3.8/site-packages/airflow/example_dags/example_params_ui_tutorial.py for tasks to queue
[2025-08-19T21:52:10.411+0000] {logging_mixin.py:188} INFO - [2025-08-19T21:52:10.411+0000] {dagbag.py:538} INFO - Filling up the DagBag from /home/airflow/.local/lib/python3.8/site-packages/airflow/example_dags/example_params_ui_tutorial.py
[2025-08-19T21:52:10.417+0000] {processor.py:840} INFO - DAG(s) 'example_params_ui_tutorial' retrieved from /home/airflow/.local/lib/python3.8/site-packages/airflow/example_dags/example_params_ui_tutorial.py
[2025-08-19T21:52:10.441+0000] {logging_mixin.py:188} INFO - [2025-08-19T21:52:10.441+0000] {dag.py:3036} INFO - Sync 1 DAGs
[2025-08-19T21:52:10.449+0000] {logging_mixin.py:188} INFO - [2025-08-19T21:52:10.449+0000] {dag.py:3823} INFO - Setting next_dagrun for example_params_ui_tutorial to None, run_after=None
[2025-08-19T21:52:10.460+0000] {processor.py:183} INFO - Processing /home/airflow/.local/lib/python3.8/site-packages/airflow/example_dags/example_params_ui_tutorial.py took 0.052 seconds
[2025-08-19T21:52:41.095+0000] {processor.py:161} INFO - Started process (PID=353) to work on /home/airflow/.local/lib/python3.8/site-packages/airflow/example_dags/example_params_ui_tutorial.py
[2025-08-19T21:52:41.095+0000] {processor.py:830} INFO - Processing file /home/airflow/.local/lib/python3.8/site-packages/airflow/example_dags/example_params_ui_tutorial.py for tasks to queue
[2025-08-19T21:52:41.096+0000] {logging_mixin.py:188} INFO - [2025-08-19T21:52:41.096+0000] {dagbag.py:538} INFO - Filling up the DagBag from /home/airflow/.local/lib/python3.8/site-packages/airflow/example_dags/example_params_ui_tutorial.py
[2025-08-19T21:52:41.102+0000] {processor.py:840} INFO - DAG(s) 'example_params_ui_tutorial' retrieved from /home/airflow/.local/lib/python3.8/site-packages/airflow/example_dags/example_params_ui_tutorial.py
[2025-08-19T21:52:41.123+0000] {logging_mixin.py:188} INFO - [2025-08-19T21:52:41.123+0000] {dag.py:3036} INFO - Sync 1 DAGs
[2025-08-19T21:52:41.128+0000] {logging_mixin.py:188} INFO - [2025-08-19T21:52:41.128+0000] {dag.py:3823} INFO - Setting next_dagrun for example_params_ui_tutorial to None, run_after=None
[2025-08-19T21:52:41.135+0000] {processor.py:183} INFO - Processing /home/airflow/.local/lib/python3.8/site-packages/airflow/example_dags/example_params_ui_tutorial.py took 0.042 seconds
[2025-08-19T21:53:11.743+0000] {processor.py:161} INFO - Started process (PID=409) to work on /home/airflow/.local/lib/python3.8/site-packages/airflow/example_dags/example_params_ui_tutorial.py
[2025-08-19T21:53:11.744+0000] {processor.py:830} INFO - Processing file /home/airflow/.local/lib/python3.8/site-packages/airflow/example_dags/example_params_ui_tutorial.py for tasks to queue
[2025-08-19T21:53:11.745+0000] {logging_mixin.py:188} INFO - [2025-08-19T21:53:11.745+0000] {dagbag.py:538} INFO - Filling up the DagBag from /home/airflow/.local/lib/python3.8/site-packages/airflow/example_dags/example_params_ui_tutorial.py
[2025-08-19T21:53:11.750+0000] {processor.py:840} INFO - DAG(s) 'example_params_ui_tutorial' retrieved from /home/airflow/.local/lib/python3.8/site-packages/airflow/example_dags/example_params_ui_tutorial.py
[2025-08-19T21:53:11.775+0000] {logging_mixin.py:188} INFO - [2025-08-19T21:53:11.775+0000] {dag.py:3036} INFO - Sync 1 DAGs
[2025-08-19T21:53:11.780+0000] {logging_mixin.py:188} INFO - [2025-08-19T21:53:11.780+0000] {dag.py:3823} INFO - Setting next_dagrun for example_params_ui_tutorial to None, run_after=None
[2025-08-19T21:53:11.788+0000] {processor.py:183} INFO - Processing /home/airflow/.local/lib/python3.8/site-packages/airflow/example_dags/example_params_ui_tutorial.py took 0.047 seconds
[2025-08-19T21:53:42.399+0000] {processor.py:161} INFO - Started process (PID=465) to work on /home/airflow/.local/lib/python3.8/site-packages/airflow/example_dags/example_params_ui_tutorial.py
[2025-08-19T21:53:42.399+0000] {processor.py:830} INFO - Processing file /home/airflow/.local/lib/python3.8/site-packages/airflow/example_dags/example_params_ui_tutorial.py for tasks to queue
[2025-08-19T21:53:42.400+0000] {logging_mixin.py:188} INFO - [2025-08-19T21:53:42.400+0000] {dagbag.py:538} INFO - Filling up the DagBag from /home/airflow/.local/lib/python3.8/site-packages/airflow/example_dags/example_params_ui_tutorial.py
[2025-08-19T21:53:42.405+0000] {processor.py:840} INFO - DAG(s) 'example_params_ui_tutorial' retrieved from /home/airflow/.local/lib/python3.8/site-packages/airflow/example_dags/example_params_ui_tutorial.py
[2025-08-19T21:53:42.428+0000] {logging_mixin.py:188} INFO - [2025-08-19T21:53:42.428+0000] {dag.py:3036} INFO - Sync 1 DAGs
[2025-08-19T21:53:42.433+0000] {logging_mixin.py:188} INFO - [2025-08-19T21:53:42.433+0000] {dag.py:3823} INFO - Setting next_dagrun for example_params_ui_tutorial to None, run_after=None
[2025-08-19T21:53:42.440+0000] {processor.py:183} INFO - Processing /home/airflow/.local/lib/python3.8/site-packages/airflow/example_dags/example_params_ui_tutorial.py took 0.043 seconds
[2025-08-19T21:54:13.028+0000] {processor.py:161} INFO - Started process (PID=521) to work on /home/airflow/.local/lib/python3.8/site-packages/airflow/example_dags/example_params_ui_tutorial.py
[2025-08-19T21:54:13.028+0000] {processor.py:830} INFO - Processing file /home/airflow/.local/lib/python3.8/site-packages/airflow/example_dags/example_params_ui_tutorial.py for tasks to queue
[2025-08-19T21:54:13.029+0000] {logging_mixin.py:188} INFO - [2025-08-19T21:54:13.029+0000] {dagbag.py:538} INFO - Filling up the DagBag from /home/airflow/.local/lib/python3.8/site-packages/airflow/example_dags/example_params_ui_tutorial.py
[2025-08-19T21:54:13.034+0000] {processor.py:840} INFO - DAG(s) 'example_params_ui_tutorial' retrieved from /home/airflow/.local/lib/python3.8/site-packages/airflow/example_dags/example_params_ui_tutorial.py
[2025-08-19T21:54:13.058+0000] {logging_mixin.py:188} INFO - [2025-08-19T21:54:13.058+0000] {dag.py:3036} INFO - Sync 1 DAGs
[2025-08-19T21:54:13.063+0000] {logging_mixin.py:188} INFO - [2025-08-19T21:54:13.063+0000] {dag.py:3823} INFO - Setting next_dagrun for example_params_ui_tutorial to None, run_after=None
[2025-08-19T21:54:13.070+0000] {processor.py:183} INFO - Processing /home/airflow/.local/lib/python3.8/site-packages/airflow/example_dags/example_params_ui_tutorial.py took 0.044 seconds
[2025-08-19T21:54:43.604+0000] {processor.py:161} INFO - Started process (PID=577) to work on /home/airflow/.local/lib/python3.8/site-packages/airflow/example_dags/example_params_ui_tutorial.py
[2025-08-19T21:54:43.605+0000] {processor.py:830} INFO - Processing file /home/airflow/.local/lib/python3.8/site-packages/airflow/example_dags/example_params_ui_tutorial.py for tasks to queue
[2025-08-19T21:54:43.605+0000] {logging_mixin.py:188} INFO - [2025-08-19T21:54:43.605+0000] {dagbag.py:538} INFO - Filling up the DagBag from /home/airflow/.local/lib/python3.8/site-packages/airflow/example_dags/example_params_ui_tutorial.py
[2025-08-19T21:54:43.610+0000] {processor.py:840} INFO - DAG(s) 'example_params_ui_tutorial' retrieved from /home/airflow/.local/lib/python3.8/site-packages/airflow/example_dags/example_params_ui_tutorial.py
[2025-08-19T21:54:43.635+0000] {logging_mixin.py:188} INFO - [2025-08-19T21:54:43.635+0000] {dag.py:3036} INFO - Sync 1 DAGs
[2025-08-19T21:54:43.639+0000] {logging_mixin.py:188} INFO - [2025-08-19T21:54:43.639+0000] {dag.py:3823} INFO - Setting next_dagrun for example_params_ui_tutorial to None, run_after=None
[2025-08-19T21:54:43.648+0000] {processor.py:183} INFO - Processing /home/airflow/.local/lib/python3.8/site-packages/airflow/example_dags/example_params_ui_tutorial.py took 0.046 seconds
[2025-08-19T21:55:14.140+0000] {processor.py:161} INFO - Started process (PID=633) to work on /home/airflow/.local/lib/python3.8/site-packages/airflow/example_dags/example_params_ui_tutorial.py
[2025-08-19T21:55:14.141+0000] {processor.py:830} INFO - Processing file /home/airflow/.local/lib/python3.8/site-packages/airflow/example_dags/example_params_ui_tutorial.py for tasks to queue
[2025-08-19T21:55:14.143+0000] {logging_mixin.py:188} INFO - [2025-08-19T21:55:14.141+0000] {dagbag.py:538} INFO - Filling up the DagBag from /home/airflow/.local/lib/python3.8/site-packages/airflow/example_dags/example_params_ui_tutorial.py
[2025-08-19T21:55:14.148+0000] {processor.py:840} INFO - DAG(s) 'example_params_ui_tutorial' retrieved from /home/airflow/.local/lib/python3.8/site-packages/airflow/example_dags/example_params_ui_tutorial.py
[2025-08-19T21:55:14.173+0000] {logging_mixin.py:188} INFO - [2025-08-19T21:55:14.173+0000] {dag.py:3036} INFO - Sync 1 DAGs
[2025-08-19T21:55:14.179+0000] {logging_mixin.py:188} INFO - [2025-08-19T21:55:14.179+0000] {dag.py:3823} INFO - Setting next_dagrun for example_params_ui_tutorial to None, run_after=None
[2025-08-19T21:55:14.187+0000] {processor.py:183} INFO - Processing /home/airflow/.local/lib/python3.8/site-packages/airflow/example_dags/example_params_ui_tutorial.py took 0.048 seconds
[2025-08-19T21:55:44.754+0000] {processor.py:161} INFO - Started process (PID=689) to work on /home/airflow/.local/lib/python3.8/site-packages/airflow/example_dags/example_params_ui_tutorial.py
[2025-08-19T21:55:44.755+0000] {processor.py:830} INFO - Processing file /home/airflow/.local/lib/python3.8/site-packages/airflow/example_dags/example_params_ui_tutorial.py for tasks to queue
[2025-08-19T21:55:44.756+0000] {logging_mixin.py:188} INFO - [2025-08-19T21:55:44.756+0000] {dagbag.py:538} INFO - Filling up the DagBag from /home/airflow/.local/lib/python3.8/site-packages/airflow/example_dags/example_params_ui_tutorial.py
[2025-08-19T21:55:44.761+0000] {processor.py:840} INFO - DAG(s) 'example_params_ui_tutorial' retrieved from /home/airflow/.local/lib/python3.8/site-packages/airflow/example_dags/example_params_ui_tutorial.py
[2025-08-19T21:55:44.780+0000] {logging_mixin.py:188} INFO - [2025-08-19T21:55:44.780+0000] {dag.py:3036} INFO - Sync 1 DAGs
[2025-08-19T21:55:44.784+0000] {logging_mixin.py:188} INFO - [2025-08-19T21:55:44.784+0000] {dag.py:3823} INFO - Setting next_dagrun for example_params_ui_tutorial to None, run_after=None
[2025-08-19T21:55:44.789+0000] {processor.py:183} INFO - Processing /home/airflow/.local/lib/python3.8/site-packages/airflow/example_dags/example_params_ui_tutorial.py took 0.036 seconds
[2025-08-19T21:56:15.410+0000] {processor.py:161} INFO - Started process (PID=745) to work on /home/airflow/.local/lib/python3.8/site-packages/airflow/example_dags/example_params_ui_tutorial.py
[2025-08-19T21:56:15.410+0000] {processor.py:830} INFO - Processing file /home/airflow/.local/lib/python3.8/site-packages/airflow/example_dags/example_params_ui_tutorial.py for tasks to queue
[2025-08-19T21:56:15.411+0000] {logging_mixin.py:188} INFO - [2025-08-19T21:56:15.411+0000] {dagbag.py:538} INFO - Filling up the DagBag from /home/airflow/.local/lib/python3.8/site-packages/airflow/example_dags/example_params_ui_tutorial.py
[2025-08-19T21:56:15.417+0000] {processor.py:840} INFO - DAG(s) 'example_params_ui_tutorial' retrieved from /home/airflow/.local/lib/python3.8/site-packages/airflow/example_dags/example_params_ui_tutorial.py
[2025-08-19T21:56:15.439+0000] {logging_mixin.py:188} INFO - [2025-08-19T21:56:15.438+0000] {dag.py:3036} INFO - Sync 1 DAGs
[2025-08-19T21:56:15.445+0000] {logging_mixin.py:188} INFO - [2025-08-19T21:56:15.444+0000] {dag.py:3823} INFO - Setting next_dagrun for example_params_ui_tutorial to None, run_after=None
[2025-08-19T21:56:15.453+0000] {processor.py:183} INFO - Processing /home/airflow/.local/lib/python3.8/site-packages/airflow/example_dags/example_params_ui_tutorial.py took 0.045 seconds
[2025-08-19T21:56:46.023+0000] {processor.py:161} INFO - Started process (PID=801) to work on /home/airflow/.local/lib/python3.8/site-packages/airflow/example_dags/example_params_ui_tutorial.py
[2025-08-19T21:56:46.024+0000] {processor.py:830} INFO - Processing file /home/airflow/.local/lib/python3.8/site-packages/airflow/example_dags/example_params_ui_tutorial.py for tasks to queue
[2025-08-19T21:56:46.024+0000] {logging_mixin.py:188} INFO - [2025-08-19T21:56:46.024+0000] {dagbag.py:538} INFO - Filling up the DagBag from /home/airflow/.local/lib/python3.8/site-packages/airflow/example_dags/example_params_ui_tutorial.py
[2025-08-19T21:56:46.030+0000] {processor.py:840} INFO - DAG(s) 'example_params_ui_tutorial' retrieved from /home/airflow/.local/lib/python3.8/site-packages/airflow/example_dags/example_params_ui_tutorial.py
[2025-08-19T21:56:46.050+0000] {logging_mixin.py:188} INFO - [2025-08-19T21:56:46.050+0000] {dag.py:3036} INFO - Sync 1 DAGs
[2025-08-19T21:56:46.054+0000] {logging_mixin.py:188} INFO - [2025-08-19T21:56:46.054+0000] {dag.py:3823} INFO - Setting next_dagrun for example_params_ui_tutorial to None, run_after=None
[2025-08-19T21:56:46.059+0000] {processor.py:183} INFO - Processing /home/airflow/.local/lib/python3.8/site-packages/airflow/example_dags/example_params_ui_tutorial.py took 0.038 seconds
[2025-08-19T21:57:16.696+0000] {processor.py:161} INFO - Started process (PID=857) to work on /home/airflow/.local/lib/python3.8/site-packages/airflow/example_dags/example_params_ui_tutorial.py
[2025-08-19T21:57:16.696+0000] {processor.py:830} INFO - Processing file /home/airflow/.local/lib/python3.8/site-packages/airflow/example_dags/example_params_ui_tutorial.py for tasks to queue
[2025-08-19T21:57:16.697+0000] {logging_mixin.py:188} INFO - [2025-08-19T21:57:16.697+0000] {dagbag.py:538} INFO - Filling up the DagBag from /home/airflow/.local/lib/python3.8/site-packages/airflow/example_dags/example_params_ui_tutorial.py
[2025-08-19T21:57:16.702+0000] {processor.py:840} INFO - DAG(s) 'example_params_ui_tutorial' retrieved from /home/airflow/.local/lib/python3.8/site-packages/airflow/example_dags/example_params_ui_tutorial.py
[2025-08-19T21:57:16.727+0000] {logging_mixin.py:188} INFO - [2025-08-19T21:57:16.727+0000] {dag.py:3036} INFO - Sync 1 DAGs
[2025-08-19T21:57:16.732+0000] {logging_mixin.py:188} INFO - [2025-08-19T21:57:16.732+0000] {dag.py:3823} INFO - Setting next_dagrun for example_params_ui_tutorial to None, run_after=None
[2025-08-19T21:57:16.739+0000] {processor.py:183} INFO - Processing /home/airflow/.local/lib/python3.8/site-packages/airflow/example_dags/example_params_ui_tutorial.py took 0.045 seconds
[2025-08-19T21:57:47.281+0000] {processor.py:161} INFO - Started process (PID=913) to work on /home/airflow/.local/lib/python3.8/site-packages/airflow/example_dags/example_params_ui_tutorial.py
[2025-08-19T21:57:47.281+0000] {processor.py:830} INFO - Processing file /home/airflow/.local/lib/python3.8/site-packages/airflow/example_dags/example_params_ui_tutorial.py for tasks to queue
[2025-08-19T21:57:47.282+0000] {logging_mixin.py:188} INFO - [2025-08-19T21:57:47.282+0000] {dagbag.py:538} INFO - Filling up the DagBag from /home/airflow/.local/lib/python3.8/site-packages/airflow/example_dags/example_params_ui_tutorial.py
[2025-08-19T21:57:47.287+0000] {processor.py:840} INFO - DAG(s) 'example_params_ui_tutorial' retrieved from /home/airflow/.local/lib/python3.8/site-packages/airflow/example_dags/example_params_ui_tutorial.py
[2025-08-19T21:57:47.309+0000] {logging_mixin.py:188} INFO - [2025-08-19T21:57:47.309+0000] {dag.py:3036} INFO - Sync 1 DAGs
[2025-08-19T21:57:47.317+0000] {logging_mixin.py:188} INFO - [2025-08-19T21:57:47.317+0000] {dag.py:3823} INFO - Setting next_dagrun for example_params_ui_tutorial to None, run_after=None
[2025-08-19T21:57:47.324+0000] {processor.py:183} INFO - Processing /home/airflow/.local/lib/python3.8/site-packages/airflow/example_dags/example_params_ui_tutorial.py took 0.045 seconds
[2025-08-19T21:58:17.838+0000] {processor.py:161} INFO - Started process (PID=969) to work on /home/airflow/.local/lib/python3.8/site-packages/airflow/example_dags/example_params_ui_tutorial.py
[2025-08-19T21:58:17.839+0000] {processor.py:830} INFO - Processing file /home/airflow/.local/lib/python3.8/site-packages/airflow/example_dags/example_params_ui_tutorial.py for tasks to queue
[2025-08-19T21:58:17.839+0000] {logging_mixin.py:188} INFO - [2025-08-19T21:58:17.839+0000] {dagbag.py:538} INFO - Filling up the DagBag from /home/airflow/.local/lib/python3.8/site-packages/airflow/example_dags/example_params_ui_tutorial.py
[2025-08-19T21:58:17.845+0000] {processor.py:840} INFO - DAG(s) 'example_params_ui_tutorial' retrieved from /home/airflow/.local/lib/python3.8/site-packages/airflow/example_dags/example_params_ui_tutorial.py
[2025-08-19T21:58:17.866+0000] {logging_mixin.py:188} INFO - [2025-08-19T21:58:17.866+0000] {dag.py:3036} INFO - Sync 1 DAGs
[2025-08-19T21:58:17.871+0000] {logging_mixin.py:188} INFO - [2025-08-19T21:58:17.871+0000] {dag.py:3823} INFO - Setting next_dagrun for example_params_ui_tutorial to None, run_after=None
[2025-08-19T21:58:17.879+0000] {processor.py:183} INFO - Processing /home/airflow/.local/lib/python3.8/site-packages/airflow/example_dags/example_params_ui_tutorial.py took 0.043 seconds
[2025-08-19T21:58:48.411+0000] {processor.py:161} INFO - Started process (PID=1025) to work on /home/airflow/.local/lib/python3.8/site-packages/airflow/example_dags/example_params_ui_tutorial.py
[2025-08-19T21:58:48.411+0000] {processor.py:830} INFO - Processing file /home/airflow/.local/lib/python3.8/site-packages/airflow/example_dags/example_params_ui_tutorial.py for tasks to queue
[2025-08-19T21:58:48.412+0000] {logging_mixin.py:188} INFO - [2025-08-19T21:58:48.412+0000] {dagbag.py:538} INFO - Filling up the DagBag from /home/airflow/.local/lib/python3.8/site-packages/airflow/example_dags/example_params_ui_tutorial.py
[2025-08-19T21:58:48.418+0000] {processor.py:840} INFO - DAG(s) 'example_params_ui_tutorial' retrieved from /home/airflow/.local/lib/python3.8/site-packages/airflow/example_dags/example_params_ui_tutorial.py
[2025-08-19T21:58:48.442+0000] {logging_mixin.py:188} INFO - [2025-08-19T21:58:48.442+0000] {dag.py:3036} INFO - Sync 1 DAGs
[2025-08-19T21:58:48.447+0000] {logging_mixin.py:188} INFO - [2025-08-19T21:58:48.447+0000] {dag.py:3823} INFO - Setting next_dagrun for example_params_ui_tutorial to None, run_after=None
[2025-08-19T21:58:48.454+0000] {processor.py:183} INFO - Processing /home/airflow/.local/lib/python3.8/site-packages/airflow/example_dags/example_params_ui_tutorial.py took 0.045 seconds
[2025-08-19T21:59:18.894+0000] {processor.py:161} INFO - Started process (PID=1081) to work on /home/airflow/.local/lib/python3.8/site-packages/airflow/example_dags/example_params_ui_tutorial.py
[2025-08-19T21:59:18.894+0000] {processor.py:830} INFO - Processing file /home/airflow/.local/lib/python3.8/site-packages/airflow/example_dags/example_params_ui_tutorial.py for tasks to queue
[2025-08-19T21:59:18.895+0000] {logging_mixin.py:188} INFO - [2025-08-19T21:59:18.895+0000] {dagbag.py:538} INFO - Filling up the DagBag from /home/airflow/.local/lib/python3.8/site-packages/airflow/example_dags/example_params_ui_tutorial.py
[2025-08-19T21:59:18.899+0000] {processor.py:840} INFO - DAG(s) 'example_params_ui_tutorial' retrieved from /home/airflow/.local/lib/python3.8/site-packages/airflow/example_dags/example_params_ui_tutorial.py
[2025-08-19T21:59:18.918+0000] {logging_mixin.py:188} INFO - [2025-08-19T21:59:18.918+0000] {dag.py:3036} INFO - Sync 1 DAGs
[2025-08-19T21:59:18.924+0000] {logging_mixin.py:188} INFO - [2025-08-19T21:59:18.924+0000] {dag.py:3823} INFO - Setting next_dagrun for example_params_ui_tutorial to None, run_after=None
[2025-08-19T21:59:18.929+0000] {processor.py:183} INFO - Processing /home/airflow/.local/lib/python3.8/site-packages/airflow/example_dags/example_params_ui_tutorial.py took 0.036 seconds
[2025-08-19T21:59:49.449+0000] {processor.py:161} INFO - Started process (PID=1137) to work on /home/airflow/.local/lib/python3.8/site-packages/airflow/example_dags/example_params_ui_tutorial.py
[2025-08-19T21:59:49.449+0000] {processor.py:830} INFO - Processing file /home/airflow/.local/lib/python3.8/site-packages/airflow/example_dags/example_params_ui_tutorial.py for tasks to queue
[2025-08-19T21:59:49.450+0000] {logging_mixin.py:188} INFO - [2025-08-19T21:59:49.450+0000] {dagbag.py:538} INFO - Filling up the DagBag from /home/airflow/.local/lib/python3.8/site-packages/airflow/example_dags/example_params_ui_tutorial.py
[2025-08-19T21:59:49.455+0000] {processor.py:840} INFO - DAG(s) 'example_params_ui_tutorial' retrieved from /home/airflow/.local/lib/python3.8/site-packages/airflow/example_dags/example_params_ui_tutorial.py
[2025-08-19T21:59:49.477+0000] {logging_mixin.py:188} INFO - [2025-08-19T21:59:49.477+0000] {dag.py:3036} INFO - Sync 1 DAGs
[2025-08-19T21:59:49.481+0000] {logging_mixin.py:188} INFO - [2025-08-19T21:59:49.481+0000] {dag.py:3823} INFO - Setting next_dagrun for example_params_ui_tutorial to None, run_after=None
[2025-08-19T21:59:49.488+0000] {processor.py:183} INFO - Processing /home/airflow/.local/lib/python3.8/site-packages/airflow/example_dags/example_params_ui_tutorial.py took 0.041 seconds
[2025-08-19T22:00:19.974+0000] {processor.py:161} INFO - Started process (PID=1193) to work on /home/airflow/.local/lib/python3.8/site-packages/airflow/example_dags/example_params_ui_tutorial.py
[2025-08-19T22:00:19.975+0000] {processor.py:830} INFO - Processing file /home/airflow/.local/lib/python3.8/site-packages/airflow/example_dags/example_params_ui_tutorial.py for tasks to queue
[2025-08-19T22:00:19.976+0000] {logging_mixin.py:188} INFO - [2025-08-19T22:00:19.975+0000] {dagbag.py:538} INFO - Filling up the DagBag from /home/airflow/.local/lib/python3.8/site-packages/airflow/example_dags/example_params_ui_tutorial.py
[2025-08-19T22:00:19.980+0000] {processor.py:840} INFO - DAG(s) 'example_params_ui_tutorial' retrieved from /home/airflow/.local/lib/python3.8/site-packages/airflow/example_dags/example_params_ui_tutorial.py
[2025-08-19T22:00:19.999+0000] {logging_mixin.py:188} INFO - [2025-08-19T22:00:19.999+0000] {dag.py:3036} INFO - Sync 1 DAGs
[2025-08-19T22:00:20.003+0000] {logging_mixin.py:188} INFO - [2025-08-19T22:00:20.003+0000] {dag.py:3823} INFO - Setting next_dagrun for example_params_ui_tutorial to None, run_after=None
[2025-08-19T22:00:20.009+0000] {processor.py:183} INFO - Processing /home/airflow/.local/lib/python3.8/site-packages/airflow/example_dags/example_params_ui_tutorial.py took 0.036 seconds
[2025-08-19T22:00:50.518+0000] {processor.py:161} INFO - Started process (PID=1249) to work on /home/airflow/.local/lib/python3.8/site-packages/airflow/example_dags/example_params_ui_tutorial.py
[2025-08-19T22:00:50.518+0000] {processor.py:830} INFO - Processing file /home/airflow/.local/lib/python3.8/site-packages/airflow/example_dags/example_params_ui_tutorial.py for tasks to queue
[2025-08-19T22:00:50.519+0000] {logging_mixin.py:188} INFO - [2025-08-19T22:00:50.519+0000] {dagbag.py:538} INFO - Filling up the DagBag from /home/airflow/.local/lib/python3.8/site-packages/airflow/example_dags/example_params_ui_tutorial.py
[2025-08-19T22:00:50.524+0000] {processor.py:840} INFO - DAG(s) 'example_params_ui_tutorial' retrieved from /home/airflow/.local/lib/python3.8/site-packages/airflow/example_dags/example_params_ui_tutorial.py
[2025-08-19T22:00:50.546+0000] {logging_mixin.py:188} INFO - [2025-08-19T22:00:50.546+0000] {dag.py:3036} INFO - Sync 1 DAGs
[2025-08-19T22:00:50.550+0000] {logging_mixin.py:188} INFO - [2025-08-19T22:00:50.550+0000] {dag.py:3823} INFO - Setting next_dagrun for example_params_ui_tutorial to None, run_after=None
[2025-08-19T22:00:50.559+0000] {processor.py:183} INFO - Processing /home/airflow/.local/lib/python3.8/site-packages/airflow/example_dags/example_params_ui_tutorial.py took 0.043 seconds
[2025-08-19T22:01:21.416+0000] {processor.py:161} INFO - Started process (PID=1305) to work on /home/airflow/.local/lib/python3.8/site-packages/airflow/example_dags/example_params_ui_tutorial.py
[2025-08-19T22:01:21.417+0000] {processor.py:830} INFO - Processing file /home/airflow/.local/lib/python3.8/site-packages/airflow/example_dags/example_params_ui_tutorial.py for tasks to queue
[2025-08-19T22:01:21.418+0000] {logging_mixin.py:188} INFO - [2025-08-19T22:01:21.418+0000] {dagbag.py:538} INFO - Filling up the DagBag from /home/airflow/.local/lib/python3.8/site-packages/airflow/example_dags/example_params_ui_tutorial.py
[2025-08-19T22:01:21.423+0000] {processor.py:840} INFO - DAG(s) 'example_params_ui_tutorial' retrieved from /home/airflow/.local/lib/python3.8/site-packages/airflow/example_dags/example_params_ui_tutorial.py
[2025-08-19T22:01:21.454+0000] {logging_mixin.py:188} INFO - [2025-08-19T22:01:21.454+0000] {dag.py:3036} INFO - Sync 1 DAGs
[2025-08-19T22:01:21.459+0000] {logging_mixin.py:188} INFO - [2025-08-19T22:01:21.459+0000] {dag.py:3823} INFO - Setting next_dagrun for example_params_ui_tutorial to None, run_after=None
[2025-08-19T22:01:21.466+0000] {processor.py:183} INFO - Processing /home/airflow/.local/lib/python3.8/site-packages/airflow/example_dags/example_params_ui_tutorial.py took 0.052 seconds
[2025-08-19T22:01:51.482+0000] {processor.py:161} INFO - Started process (PID=1361) to work on /home/airflow/.local/lib/python3.8/site-packages/airflow/example_dags/example_params_ui_tutorial.py
[2025-08-19T22:01:51.483+0000] {processor.py:830} INFO - Processing file /home/airflow/.local/lib/python3.8/site-packages/airflow/example_dags/example_params_ui_tutorial.py for tasks to queue
[2025-08-19T22:01:51.484+0000] {logging_mixin.py:188} INFO - [2025-08-19T22:01:51.484+0000] {dagbag.py:538} INFO - Filling up the DagBag from /home/airflow/.local/lib/python3.8/site-packages/airflow/example_dags/example_params_ui_tutorial.py
[2025-08-19T22:01:51.488+0000] {processor.py:840} INFO - DAG(s) 'example_params_ui_tutorial' retrieved from /home/airflow/.local/lib/python3.8/site-packages/airflow/example_dags/example_params_ui_tutorial.py
[2025-08-19T22:01:51.508+0000] {logging_mixin.py:188} INFO - [2025-08-19T22:01:51.507+0000] {dag.py:3036} INFO - Sync 1 DAGs
[2025-08-19T22:01:51.513+0000] {logging_mixin.py:188} INFO - [2025-08-19T22:01:51.512+0000] {dag.py:3823} INFO - Setting next_dagrun for example_params_ui_tutorial to None, run_after=None
[2025-08-19T22:01:51.519+0000] {processor.py:183} INFO - Processing /home/airflow/.local/lib/python3.8/site-packages/airflow/example_dags/example_params_ui_tutorial.py took 0.037 seconds
[2025-08-19T22:02:22.379+0000] {processor.py:161} INFO - Started process (PID=1417) to work on /home/airflow/.local/lib/python3.8/site-packages/airflow/example_dags/example_params_ui_tutorial.py
[2025-08-19T22:02:22.379+0000] {processor.py:830} INFO - Processing file /home/airflow/.local/lib/python3.8/site-packages/airflow/example_dags/example_params_ui_tutorial.py for tasks to queue
[2025-08-19T22:02:22.380+0000] {logging_mixin.py:188} INFO - [2025-08-19T22:02:22.380+0000] {dagbag.py:538} INFO - Filling up the DagBag from /home/airflow/.local/lib/python3.8/site-packages/airflow/example_dags/example_params_ui_tutorial.py
[2025-08-19T22:02:22.386+0000] {processor.py:840} INFO - DAG(s) 'example_params_ui_tutorial' retrieved from /home/airflow/.local/lib/python3.8/site-packages/airflow/example_dags/example_params_ui_tutorial.py
[2025-08-19T22:02:22.405+0000] {logging_mixin.py:188} INFO - [2025-08-19T22:02:22.405+0000] {dag.py:3036} INFO - Sync 1 DAGs
[2025-08-19T22:02:22.409+0000] {logging_mixin.py:188} INFO - [2025-08-19T22:02:22.409+0000] {dag.py:3823} INFO - Setting next_dagrun for example_params_ui_tutorial to None, run_after=None
[2025-08-19T22:02:22.415+0000] {processor.py:183} INFO - Processing /home/airflow/.local/lib/python3.8/site-packages/airflow/example_dags/example_params_ui_tutorial.py took 0.038 seconds
[2025-08-19T22:02:53.260+0000] {processor.py:161} INFO - Started process (PID=1473) to work on /home/airflow/.local/lib/python3.8/site-packages/airflow/example_dags/example_params_ui_tutorial.py
[2025-08-19T22:02:53.261+0000] {processor.py:830} INFO - Processing file /home/airflow/.local/lib/python3.8/site-packages/airflow/example_dags/example_params_ui_tutorial.py for tasks to queue
[2025-08-19T22:02:53.262+0000] {logging_mixin.py:188} INFO - [2025-08-19T22:02:53.262+0000] {dagbag.py:538} INFO - Filling up the DagBag from /home/airflow/.local/lib/python3.8/site-packages/airflow/example_dags/example_params_ui_tutorial.py
[2025-08-19T22:02:53.267+0000] {processor.py:840} INFO - DAG(s) 'example_params_ui_tutorial' retrieved from /home/airflow/.local/lib/python3.8/site-packages/airflow/example_dags/example_params_ui_tutorial.py
[2025-08-19T22:02:53.294+0000] {logging_mixin.py:188} INFO - [2025-08-19T22:02:53.294+0000] {dag.py:3036} INFO - Sync 1 DAGs
[2025-08-19T22:02:53.299+0000] {logging_mixin.py:188} INFO - [2025-08-19T22:02:53.299+0000] {dag.py:3823} INFO - Setting next_dagrun for example_params_ui_tutorial to None, run_after=None
[2025-08-19T22:02:53.308+0000] {processor.py:183} INFO - Processing /home/airflow/.local/lib/python3.8/site-packages/airflow/example_dags/example_params_ui_tutorial.py took 0.049 seconds
[2025-08-19T22:03:24.247+0000] {processor.py:161} INFO - Started process (PID=1529) to work on /home/airflow/.local/lib/python3.8/site-packages/airflow/example_dags/example_params_ui_tutorial.py
[2025-08-19T22:03:24.248+0000] {processor.py:830} INFO - Processing file /home/airflow/.local/lib/python3.8/site-packages/airflow/example_dags/example_params_ui_tutorial.py for tasks to queue
[2025-08-19T22:03:24.249+0000] {logging_mixin.py:188} INFO - [2025-08-19T22:03:24.248+0000] {dagbag.py:538} INFO - Filling up the DagBag from /home/airflow/.local/lib/python3.8/site-packages/airflow/example_dags/example_params_ui_tutorial.py
[2025-08-19T22:03:24.254+0000] {processor.py:840} INFO - DAG(s) 'example_params_ui_tutorial' retrieved from /home/airflow/.local/lib/python3.8/site-packages/airflow/example_dags/example_params_ui_tutorial.py
[2025-08-19T22:03:24.277+0000] {logging_mixin.py:188} INFO - [2025-08-19T22:03:24.277+0000] {dag.py:3036} INFO - Sync 1 DAGs
[2025-08-19T22:03:24.281+0000] {logging_mixin.py:188} INFO - [2025-08-19T22:03:24.281+0000] {dag.py:3823} INFO - Setting next_dagrun for example_params_ui_tutorial to None, run_after=None
[2025-08-19T22:03:24.291+0000] {processor.py:183} INFO - Processing /home/airflow/.local/lib/python3.8/site-packages/airflow/example_dags/example_params_ui_tutorial.py took 0.045 seconds
[2025-08-19T22:03:55.026+0000] {processor.py:161} INFO - Started process (PID=1585) to work on /home/airflow/.local/lib/python3.8/site-packages/airflow/example_dags/example_params_ui_tutorial.py
[2025-08-19T22:03:55.027+0000] {processor.py:830} INFO - Processing file /home/airflow/.local/lib/python3.8/site-packages/airflow/example_dags/example_params_ui_tutorial.py for tasks to queue
[2025-08-19T22:03:55.028+0000] {logging_mixin.py:188} INFO - [2025-08-19T22:03:55.028+0000] {dagbag.py:538} INFO - Filling up the DagBag from /home/airflow/.local/lib/python3.8/site-packages/airflow/example_dags/example_params_ui_tutorial.py
[2025-08-19T22:03:55.033+0000] {processor.py:840} INFO - DAG(s) 'example_params_ui_tutorial' retrieved from /home/airflow/.local/lib/python3.8/site-packages/airflow/example_dags/example_params_ui_tutorial.py
[2025-08-19T22:03:55.060+0000] {logging_mixin.py:188} INFO - [2025-08-19T22:03:55.059+0000] {dag.py:3036} INFO - Sync 1 DAGs
[2025-08-19T22:03:55.066+0000] {logging_mixin.py:188} INFO - [2025-08-19T22:03:55.065+0000] {dag.py:3823} INFO - Setting next_dagrun for example_params_ui_tutorial to None, run_after=None
[2025-08-19T22:03:55.074+0000] {processor.py:183} INFO - Processing /home/airflow/.local/lib/python3.8/site-packages/airflow/example_dags/example_params_ui_tutorial.py took 0.051 seconds
[2025-08-19T22:04:25.575+0000] {processor.py:161} INFO - Started process (PID=1641) to work on /home/airflow/.local/lib/python3.8/site-packages/airflow/example_dags/example_params_ui_tutorial.py
[2025-08-19T22:04:25.576+0000] {processor.py:830} INFO - Processing file /home/airflow/.local/lib/python3.8/site-packages/airflow/example_dags/example_params_ui_tutorial.py for tasks to queue
[2025-08-19T22:04:25.576+0000] {logging_mixin.py:188} INFO - [2025-08-19T22:04:25.576+0000] {dagbag.py:538} INFO - Filling up the DagBag from /home/airflow/.local/lib/python3.8/site-packages/airflow/example_dags/example_params_ui_tutorial.py
[2025-08-19T22:04:25.581+0000] {processor.py:840} INFO - DAG(s) 'example_params_ui_tutorial' retrieved from /home/airflow/.local/lib/python3.8/site-packages/airflow/example_dags/example_params_ui_tutorial.py
[2025-08-19T22:04:25.607+0000] {logging_mixin.py:188} INFO - [2025-08-19T22:04:25.606+0000] {dag.py:3036} INFO - Sync 1 DAGs
[2025-08-19T22:04:25.611+0000] {logging_mixin.py:188} INFO - [2025-08-19T22:04:25.611+0000] {dag.py:3823} INFO - Setting next_dagrun for example_params_ui_tutorial to None, run_after=None
[2025-08-19T22:04:25.622+0000] {processor.py:183} INFO - Processing /home/airflow/.local/lib/python3.8/site-packages/airflow/example_dags/example_params_ui_tutorial.py took 0.049 seconds
[2025-08-19T22:04:56.001+0000] {processor.py:161} INFO - Started process (PID=1697) to work on /home/airflow/.local/lib/python3.8/site-packages/airflow/example_dags/example_params_ui_tutorial.py
[2025-08-19T22:04:56.001+0000] {processor.py:830} INFO - Processing file /home/airflow/.local/lib/python3.8/site-packages/airflow/example_dags/example_params_ui_tutorial.py for tasks to queue
[2025-08-19T22:04:56.002+0000] {logging_mixin.py:188} INFO - [2025-08-19T22:04:56.002+0000] {dagbag.py:538} INFO - Filling up the DagBag from /home/airflow/.local/lib/python3.8/site-packages/airflow/example_dags/example_params_ui_tutorial.py
[2025-08-19T22:04:56.007+0000] {processor.py:840} INFO - DAG(s) 'example_params_ui_tutorial' retrieved from /home/airflow/.local/lib/python3.8/site-packages/airflow/example_dags/example_params_ui_tutorial.py
[2025-08-19T22:04:56.033+0000] {logging_mixin.py:188} INFO - [2025-08-19T22:04:56.033+0000] {dag.py:3036} INFO - Sync 1 DAGs
[2025-08-19T22:04:56.038+0000] {logging_mixin.py:188} INFO - [2025-08-19T22:04:56.038+0000] {dag.py:3823} INFO - Setting next_dagrun for example_params_ui_tutorial to None, run_after=None
[2025-08-19T22:04:56.047+0000] {processor.py:183} INFO - Processing /home/airflow/.local/lib/python3.8/site-packages/airflow/example_dags/example_params_ui_tutorial.py took 0.048 seconds
[2025-08-19T22:05:26.533+0000] {processor.py:161} INFO - Started process (PID=1753) to work on /home/airflow/.local/lib/python3.8/site-packages/airflow/example_dags/example_params_ui_tutorial.py
[2025-08-19T22:05:26.534+0000] {processor.py:830} INFO - Processing file /home/airflow/.local/lib/python3.8/site-packages/airflow/example_dags/example_params_ui_tutorial.py for tasks to queue
[2025-08-19T22:05:26.535+0000] {logging_mixin.py:188} INFO - [2025-08-19T22:05:26.535+0000] {dagbag.py:538} INFO - Filling up the DagBag from /home/airflow/.local/lib/python3.8/site-packages/airflow/example_dags/example_params_ui_tutorial.py
[2025-08-19T22:05:26.540+0000] {processor.py:840} INFO - DAG(s) 'example_params_ui_tutorial' retrieved from /home/airflow/.local/lib/python3.8/site-packages/airflow/example_dags/example_params_ui_tutorial.py
[2025-08-19T22:05:26.567+0000] {logging_mixin.py:188} INFO - [2025-08-19T22:05:26.567+0000] {dag.py:3036} INFO - Sync 1 DAGs
[2025-08-19T22:05:26.573+0000] {logging_mixin.py:188} INFO - [2025-08-19T22:05:26.573+0000] {dag.py:3823} INFO - Setting next_dagrun for example_params_ui_tutorial to None, run_after=None
[2025-08-19T22:05:26.703+0000] {processor.py:183} INFO - Processing /home/airflow/.local/lib/python3.8/site-packages/airflow/example_dags/example_params_ui_tutorial.py took 0.168 seconds
[2025-08-19T22:05:57.652+0000] {processor.py:161} INFO - Started process (PID=1809) to work on /home/airflow/.local/lib/python3.8/site-packages/airflow/example_dags/example_params_ui_tutorial.py
[2025-08-19T22:05:57.653+0000] {processor.py:830} INFO - Processing file /home/airflow/.local/lib/python3.8/site-packages/airflow/example_dags/example_params_ui_tutorial.py for tasks to queue
[2025-08-19T22:05:57.655+0000] {logging_mixin.py:188} INFO - [2025-08-19T22:05:57.655+0000] {dagbag.py:538} INFO - Filling up the DagBag from /home/airflow/.local/lib/python3.8/site-packages/airflow/example_dags/example_params_ui_tutorial.py
[2025-08-19T22:05:57.666+0000] {processor.py:840} INFO - DAG(s) 'example_params_ui_tutorial' retrieved from /home/airflow/.local/lib/python3.8/site-packages/airflow/example_dags/example_params_ui_tutorial.py
[2025-08-19T22:05:57.697+0000] {logging_mixin.py:188} INFO - [2025-08-19T22:05:57.697+0000] {dag.py:3036} INFO - Sync 1 DAGs
[2025-08-19T22:05:57.702+0000] {logging_mixin.py:188} INFO - [2025-08-19T22:05:57.702+0000] {dag.py:3823} INFO - Setting next_dagrun for example_params_ui_tutorial to None, run_after=None
[2025-08-19T22:05:57.710+0000] {processor.py:183} INFO - Processing /home/airflow/.local/lib/python3.8/site-packages/airflow/example_dags/example_params_ui_tutorial.py took 0.063 seconds
[2025-08-19T22:06:28.073+0000] {processor.py:161} INFO - Started process (PID=1865) to work on /home/airflow/.local/lib/python3.8/site-packages/airflow/example_dags/example_params_ui_tutorial.py
[2025-08-19T22:06:28.078+0000] {processor.py:830} INFO - Processing file /home/airflow/.local/lib/python3.8/site-packages/airflow/example_dags/example_params_ui_tutorial.py for tasks to queue
[2025-08-19T22:06:28.079+0000] {logging_mixin.py:188} INFO - [2025-08-19T22:06:28.079+0000] {dagbag.py:538} INFO - Filling up the DagBag from /home/airflow/.local/lib/python3.8/site-packages/airflow/example_dags/example_params_ui_tutorial.py
[2025-08-19T22:06:28.089+0000] {processor.py:840} INFO - DAG(s) 'example_params_ui_tutorial' retrieved from /home/airflow/.local/lib/python3.8/site-packages/airflow/example_dags/example_params_ui_tutorial.py
[2025-08-19T22:06:28.116+0000] {logging_mixin.py:188} INFO - [2025-08-19T22:06:28.116+0000] {dag.py:3036} INFO - Sync 1 DAGs
[2025-08-19T22:06:28.120+0000] {logging_mixin.py:188} INFO - [2025-08-19T22:06:28.120+0000] {dag.py:3823} INFO - Setting next_dagrun for example_params_ui_tutorial to None, run_after=None
[2025-08-19T22:06:28.128+0000] {processor.py:183} INFO - Processing /home/airflow/.local/lib/python3.8/site-packages/airflow/example_dags/example_params_ui_tutorial.py took 0.060 seconds
[2025-08-19T22:06:58.695+0000] {processor.py:161} INFO - Started process (PID=1921) to work on /home/airflow/.local/lib/python3.8/site-packages/airflow/example_dags/example_params_ui_tutorial.py
[2025-08-19T22:06:58.697+0000] {processor.py:830} INFO - Processing file /home/airflow/.local/lib/python3.8/site-packages/airflow/example_dags/example_params_ui_tutorial.py for tasks to queue
[2025-08-19T22:06:58.700+0000] {logging_mixin.py:188} INFO - [2025-08-19T22:06:58.700+0000] {dagbag.py:538} INFO - Filling up the DagBag from /home/airflow/.local/lib/python3.8/site-packages/airflow/example_dags/example_params_ui_tutorial.py
[2025-08-19T22:06:58.717+0000] {processor.py:840} INFO - DAG(s) 'example_params_ui_tutorial' retrieved from /home/airflow/.local/lib/python3.8/site-packages/airflow/example_dags/example_params_ui_tutorial.py
[2025-08-19T22:06:58.815+0000] {logging_mixin.py:188} INFO - [2025-08-19T22:06:58.815+0000] {dag.py:3036} INFO - Sync 1 DAGs
[2025-08-19T22:06:58.895+0000] {logging_mixin.py:188} INFO - [2025-08-19T22:06:58.893+0000] {dag.py:3823} INFO - Setting next_dagrun for example_params_ui_tutorial to None, run_after=None
[2025-08-19T22:06:58.917+0000] {processor.py:183} INFO - Processing /home/airflow/.local/lib/python3.8/site-packages/airflow/example_dags/example_params_ui_tutorial.py took 0.227 seconds
[2025-08-19T22:07:29.820+0000] {processor.py:161} INFO - Started process (PID=1977) to work on /home/airflow/.local/lib/python3.8/site-packages/airflow/example_dags/example_params_ui_tutorial.py
[2025-08-19T22:07:29.821+0000] {processor.py:830} INFO - Processing file /home/airflow/.local/lib/python3.8/site-packages/airflow/example_dags/example_params_ui_tutorial.py for tasks to queue
[2025-08-19T22:07:29.823+0000] {logging_mixin.py:188} INFO - [2025-08-19T22:07:29.823+0000] {dagbag.py:538} INFO - Filling up the DagBag from /home/airflow/.local/lib/python3.8/site-packages/airflow/example_dags/example_params_ui_tutorial.py
[2025-08-19T22:07:29.833+0000] {processor.py:840} INFO - DAG(s) 'example_params_ui_tutorial' retrieved from /home/airflow/.local/lib/python3.8/site-packages/airflow/example_dags/example_params_ui_tutorial.py
[2025-08-19T22:07:29.867+0000] {logging_mixin.py:188} INFO - [2025-08-19T22:07:29.867+0000] {dag.py:3036} INFO - Sync 1 DAGs
[2025-08-19T22:07:29.873+0000] {logging_mixin.py:188} INFO - [2025-08-19T22:07:29.873+0000] {dag.py:3823} INFO - Setting next_dagrun for example_params_ui_tutorial to None, run_after=None
[2025-08-19T22:07:29.881+0000] {processor.py:183} INFO - Processing /home/airflow/.local/lib/python3.8/site-packages/airflow/example_dags/example_params_ui_tutorial.py took 0.064 seconds
[2025-08-19T22:08:00.477+0000] {processor.py:161} INFO - Started process (PID=2033) to work on /home/airflow/.local/lib/python3.8/site-packages/airflow/example_dags/example_params_ui_tutorial.py
[2025-08-19T22:08:00.479+0000] {processor.py:830} INFO - Processing file /home/airflow/.local/lib/python3.8/site-packages/airflow/example_dags/example_params_ui_tutorial.py for tasks to queue
[2025-08-19T22:08:00.482+0000] {logging_mixin.py:188} INFO - [2025-08-19T22:08:00.482+0000] {dagbag.py:538} INFO - Filling up the DagBag from /home/airflow/.local/lib/python3.8/site-packages/airflow/example_dags/example_params_ui_tutorial.py
[2025-08-19T22:08:00.571+0000] {processor.py:840} INFO - DAG(s) 'example_params_ui_tutorial' retrieved from /home/airflow/.local/lib/python3.8/site-packages/airflow/example_dags/example_params_ui_tutorial.py
[2025-08-19T22:08:00.686+0000] {logging_mixin.py:188} INFO - [2025-08-19T22:08:00.685+0000] {dag.py:3036} INFO - Sync 1 DAGs
[2025-08-19T22:08:00.692+0000] {logging_mixin.py:188} INFO - [2025-08-19T22:08:00.692+0000] {dag.py:3823} INFO - Setting next_dagrun for example_params_ui_tutorial to None, run_after=None
[2025-08-19T22:08:00.701+0000] {processor.py:183} INFO - Processing /home/airflow/.local/lib/python3.8/site-packages/airflow/example_dags/example_params_ui_tutorial.py took 0.234 seconds
[2025-08-19T22:08:31.303+0000] {processor.py:161} INFO - Started process (PID=2089) to work on /home/airflow/.local/lib/python3.8/site-packages/airflow/example_dags/example_params_ui_tutorial.py
[2025-08-19T22:08:31.306+0000] {processor.py:830} INFO - Processing file /home/airflow/.local/lib/python3.8/site-packages/airflow/example_dags/example_params_ui_tutorial.py for tasks to queue
[2025-08-19T22:08:31.307+0000] {logging_mixin.py:188} INFO - [2025-08-19T22:08:31.307+0000] {dagbag.py:538} INFO - Filling up the DagBag from /home/airflow/.local/lib/python3.8/site-packages/airflow/example_dags/example_params_ui_tutorial.py
[2025-08-19T22:08:31.315+0000] {processor.py:840} INFO - DAG(s) 'example_params_ui_tutorial' retrieved from /home/airflow/.local/lib/python3.8/site-packages/airflow/example_dags/example_params_ui_tutorial.py
[2025-08-19T22:08:31.357+0000] {logging_mixin.py:188} INFO - [2025-08-19T22:08:31.357+0000] {dag.py:3036} INFO - Sync 1 DAGs
[2025-08-19T22:08:31.364+0000] {logging_mixin.py:188} INFO - [2025-08-19T22:08:31.364+0000] {dag.py:3823} INFO - Setting next_dagrun for example_params_ui_tutorial to None, run_after=None
[2025-08-19T22:08:31.374+0000] {processor.py:183} INFO - Processing /home/airflow/.local/lib/python3.8/site-packages/airflow/example_dags/example_params_ui_tutorial.py took 0.073 seconds
[2025-08-19T22:09:01.838+0000] {processor.py:161} INFO - Started process (PID=2145) to work on /home/airflow/.local/lib/python3.8/site-packages/airflow/example_dags/example_params_ui_tutorial.py
[2025-08-19T22:09:01.839+0000] {processor.py:830} INFO - Processing file /home/airflow/.local/lib/python3.8/site-packages/airflow/example_dags/example_params_ui_tutorial.py for tasks to queue
[2025-08-19T22:09:01.841+0000] {logging_mixin.py:188} INFO - [2025-08-19T22:09:01.841+0000] {dagbag.py:538} INFO - Filling up the DagBag from /home/airflow/.local/lib/python3.8/site-packages/airflow/example_dags/example_params_ui_tutorial.py
[2025-08-19T22:09:01.851+0000] {processor.py:840} INFO - DAG(s) 'example_params_ui_tutorial' retrieved from /home/airflow/.local/lib/python3.8/site-packages/airflow/example_dags/example_params_ui_tutorial.py
[2025-08-19T22:09:01.881+0000] {logging_mixin.py:188} INFO - [2025-08-19T22:09:01.881+0000] {dag.py:3036} INFO - Sync 1 DAGs
[2025-08-19T22:09:01.886+0000] {logging_mixin.py:188} INFO - [2025-08-19T22:09:01.886+0000] {dag.py:3823} INFO - Setting next_dagrun for example_params_ui_tutorial to None, run_after=None
[2025-08-19T22:09:01.894+0000] {processor.py:183} INFO - Processing /home/airflow/.local/lib/python3.8/site-packages/airflow/example_dags/example_params_ui_tutorial.py took 0.060 seconds
[2025-08-19T22:09:32.574+0000] {processor.py:161} INFO - Started process (PID=2201) to work on /home/airflow/.local/lib/python3.8/site-packages/airflow/example_dags/example_params_ui_tutorial.py
[2025-08-19T22:09:32.576+0000] {processor.py:830} INFO - Processing file /home/airflow/.local/lib/python3.8/site-packages/airflow/example_dags/example_params_ui_tutorial.py for tasks to queue
[2025-08-19T22:09:32.577+0000] {logging_mixin.py:188} INFO - [2025-08-19T22:09:32.577+0000] {dagbag.py:538} INFO - Filling up the DagBag from /home/airflow/.local/lib/python3.8/site-packages/airflow/example_dags/example_params_ui_tutorial.py
[2025-08-19T22:09:32.587+0000] {processor.py:840} INFO - DAG(s) 'example_params_ui_tutorial' retrieved from /home/airflow/.local/lib/python3.8/site-packages/airflow/example_dags/example_params_ui_tutorial.py
[2025-08-19T22:09:32.627+0000] {logging_mixin.py:188} INFO - [2025-08-19T22:09:32.626+0000] {dag.py:3036} INFO - Sync 1 DAGs
[2025-08-19T22:09:32.635+0000] {logging_mixin.py:188} INFO - [2025-08-19T22:09:32.635+0000] {dag.py:3823} INFO - Setting next_dagrun for example_params_ui_tutorial to None, run_after=None
[2025-08-19T22:09:32.651+0000] {processor.py:183} INFO - Processing /home/airflow/.local/lib/python3.8/site-packages/airflow/example_dags/example_params_ui_tutorial.py took 0.081 seconds
[2025-08-19T22:10:03.161+0000] {processor.py:161} INFO - Started process (PID=2257) to work on /home/airflow/.local/lib/python3.8/site-packages/airflow/example_dags/example_params_ui_tutorial.py
[2025-08-19T22:10:03.162+0000] {processor.py:830} INFO - Processing file /home/airflow/.local/lib/python3.8/site-packages/airflow/example_dags/example_params_ui_tutorial.py for tasks to queue
[2025-08-19T22:10:03.164+0000] {logging_mixin.py:188} INFO - [2025-08-19T22:10:03.164+0000] {dagbag.py:538} INFO - Filling up the DagBag from /home/airflow/.local/lib/python3.8/site-packages/airflow/example_dags/example_params_ui_tutorial.py
[2025-08-19T22:10:03.175+0000] {processor.py:840} INFO - DAG(s) 'example_params_ui_tutorial' retrieved from /home/airflow/.local/lib/python3.8/site-packages/airflow/example_dags/example_params_ui_tutorial.py
[2025-08-19T22:10:03.204+0000] {logging_mixin.py:188} INFO - [2025-08-19T22:10:03.204+0000] {dag.py:3036} INFO - Sync 1 DAGs
[2025-08-19T22:10:03.210+0000] {logging_mixin.py:188} INFO - [2025-08-19T22:10:03.210+0000] {dag.py:3823} INFO - Setting next_dagrun for example_params_ui_tutorial to None, run_after=None
[2025-08-19T22:10:03.217+0000] {processor.py:183} INFO - Processing /home/airflow/.local/lib/python3.8/site-packages/airflow/example_dags/example_params_ui_tutorial.py took 0.060 seconds
[2025-08-19T22:10:33.855+0000] {processor.py:161} INFO - Started process (PID=2313) to work on /home/airflow/.local/lib/python3.8/site-packages/airflow/example_dags/example_params_ui_tutorial.py
[2025-08-19T22:10:33.856+0000] {processor.py:830} INFO - Processing file /home/airflow/.local/lib/python3.8/site-packages/airflow/example_dags/example_params_ui_tutorial.py for tasks to queue
[2025-08-19T22:10:33.857+0000] {logging_mixin.py:188} INFO - [2025-08-19T22:10:33.857+0000] {dagbag.py:538} INFO - Filling up the DagBag from /home/airflow/.local/lib/python3.8/site-packages/airflow/example_dags/example_params_ui_tutorial.py
[2025-08-19T22:10:33.865+0000] {processor.py:840} INFO - DAG(s) 'example_params_ui_tutorial' retrieved from /home/airflow/.local/lib/python3.8/site-packages/airflow/example_dags/example_params_ui_tutorial.py
[2025-08-19T22:10:33.900+0000] {logging_mixin.py:188} INFO - [2025-08-19T22:10:33.900+0000] {dag.py:3036} INFO - Sync 1 DAGs
[2025-08-19T22:10:33.906+0000] {logging_mixin.py:188} INFO - [2025-08-19T22:10:33.905+0000] {dag.py:3823} INFO - Setting next_dagrun for example_params_ui_tutorial to None, run_after=None
[2025-08-19T22:10:33.915+0000] {processor.py:183} INFO - Processing /home/airflow/.local/lib/python3.8/site-packages/airflow/example_dags/example_params_ui_tutorial.py took 0.064 seconds
[2025-08-19T22:11:04.437+0000] {processor.py:161} INFO - Started process (PID=2369) to work on /home/airflow/.local/lib/python3.8/site-packages/airflow/example_dags/example_params_ui_tutorial.py
[2025-08-19T22:11:04.437+0000] {processor.py:830} INFO - Processing file /home/airflow/.local/lib/python3.8/site-packages/airflow/example_dags/example_params_ui_tutorial.py for tasks to queue
[2025-08-19T22:11:04.439+0000] {logging_mixin.py:188} INFO - [2025-08-19T22:11:04.438+0000] {dagbag.py:538} INFO - Filling up the DagBag from /home/airflow/.local/lib/python3.8/site-packages/airflow/example_dags/example_params_ui_tutorial.py
[2025-08-19T22:11:04.446+0000] {processor.py:840} INFO - DAG(s) 'example_params_ui_tutorial' retrieved from /home/airflow/.local/lib/python3.8/site-packages/airflow/example_dags/example_params_ui_tutorial.py
[2025-08-19T22:11:04.476+0000] {logging_mixin.py:188} INFO - [2025-08-19T22:11:04.476+0000] {dag.py:3036} INFO - Sync 1 DAGs
[2025-08-19T22:11:04.483+0000] {logging_mixin.py:188} INFO - [2025-08-19T22:11:04.483+0000] {dag.py:3823} INFO - Setting next_dagrun for example_params_ui_tutorial to None, run_after=None
[2025-08-19T22:11:04.491+0000] {processor.py:183} INFO - Processing /home/airflow/.local/lib/python3.8/site-packages/airflow/example_dags/example_params_ui_tutorial.py took 0.058 seconds
[2025-08-19T22:11:34.918+0000] {processor.py:161} INFO - Started process (PID=2425) to work on /home/airflow/.local/lib/python3.8/site-packages/airflow/example_dags/example_params_ui_tutorial.py
[2025-08-19T22:11:34.920+0000] {processor.py:830} INFO - Processing file /home/airflow/.local/lib/python3.8/site-packages/airflow/example_dags/example_params_ui_tutorial.py for tasks to queue
[2025-08-19T22:11:34.922+0000] {logging_mixin.py:188} INFO - [2025-08-19T22:11:34.922+0000] {dagbag.py:538} INFO - Filling up the DagBag from /home/airflow/.local/lib/python3.8/site-packages/airflow/example_dags/example_params_ui_tutorial.py
[2025-08-19T22:11:34.934+0000] {processor.py:840} INFO - DAG(s) 'example_params_ui_tutorial' retrieved from /home/airflow/.local/lib/python3.8/site-packages/airflow/example_dags/example_params_ui_tutorial.py
[2025-08-19T22:11:34.966+0000] {logging_mixin.py:188} INFO - [2025-08-19T22:11:34.965+0000] {dag.py:3036} INFO - Sync 1 DAGs
[2025-08-19T22:11:34.971+0000] {logging_mixin.py:188} INFO - [2025-08-19T22:11:34.971+0000] {dag.py:3823} INFO - Setting next_dagrun for example_params_ui_tutorial to None, run_after=None
[2025-08-19T22:11:34.980+0000] {processor.py:183} INFO - Processing /home/airflow/.local/lib/python3.8/site-packages/airflow/example_dags/example_params_ui_tutorial.py took 0.067 seconds
[2025-08-19T22:12:05.419+0000] {processor.py:161} INFO - Started process (PID=2481) to work on /home/airflow/.local/lib/python3.8/site-packages/airflow/example_dags/example_params_ui_tutorial.py
[2025-08-19T22:12:05.421+0000] {processor.py:830} INFO - Processing file /home/airflow/.local/lib/python3.8/site-packages/airflow/example_dags/example_params_ui_tutorial.py for tasks to queue
[2025-08-19T22:12:05.423+0000] {logging_mixin.py:188} INFO - [2025-08-19T22:12:05.423+0000] {dagbag.py:538} INFO - Filling up the DagBag from /home/airflow/.local/lib/python3.8/site-packages/airflow/example_dags/example_params_ui_tutorial.py
[2025-08-19T22:12:05.436+0000] {processor.py:840} INFO - DAG(s) 'example_params_ui_tutorial' retrieved from /home/airflow/.local/lib/python3.8/site-packages/airflow/example_dags/example_params_ui_tutorial.py
[2025-08-19T22:12:05.468+0000] {logging_mixin.py:188} INFO - [2025-08-19T22:12:05.468+0000] {dag.py:3036} INFO - Sync 1 DAGs
[2025-08-19T22:12:05.473+0000] {logging_mixin.py:188} INFO - [2025-08-19T22:12:05.473+0000] {dag.py:3823} INFO - Setting next_dagrun for example_params_ui_tutorial to None, run_after=None
[2025-08-19T22:12:05.480+0000] {processor.py:183} INFO - Processing /home/airflow/.local/lib/python3.8/site-packages/airflow/example_dags/example_params_ui_tutorial.py took 0.066 seconds
[2025-08-19T22:12:35.965+0000] {processor.py:161} INFO - Started process (PID=2537) to work on /home/airflow/.local/lib/python3.8/site-packages/airflow/example_dags/example_params_ui_tutorial.py
[2025-08-19T22:12:35.968+0000] {processor.py:830} INFO - Processing file /home/airflow/.local/lib/python3.8/site-packages/airflow/example_dags/example_params_ui_tutorial.py for tasks to queue
[2025-08-19T22:12:35.970+0000] {logging_mixin.py:188} INFO - [2025-08-19T22:12:35.970+0000] {dagbag.py:538} INFO - Filling up the DagBag from /home/airflow/.local/lib/python3.8/site-packages/airflow/example_dags/example_params_ui_tutorial.py
[2025-08-19T22:12:35.979+0000] {processor.py:840} INFO - DAG(s) 'example_params_ui_tutorial' retrieved from /home/airflow/.local/lib/python3.8/site-packages/airflow/example_dags/example_params_ui_tutorial.py
[2025-08-19T22:12:36.009+0000] {logging_mixin.py:188} INFO - [2025-08-19T22:12:36.008+0000] {dag.py:3036} INFO - Sync 1 DAGs
[2025-08-19T22:12:36.015+0000] {logging_mixin.py:188} INFO - [2025-08-19T22:12:36.015+0000] {dag.py:3823} INFO - Setting next_dagrun for example_params_ui_tutorial to None, run_after=None
[2025-08-19T22:12:36.023+0000] {processor.py:183} INFO - Processing /home/airflow/.local/lib/python3.8/site-packages/airflow/example_dags/example_params_ui_tutorial.py took 0.062 seconds
[2025-08-19T22:13:06.623+0000] {processor.py:161} INFO - Started process (PID=2593) to work on /home/airflow/.local/lib/python3.8/site-packages/airflow/example_dags/example_params_ui_tutorial.py
[2025-08-19T22:13:06.625+0000] {processor.py:830} INFO - Processing file /home/airflow/.local/lib/python3.8/site-packages/airflow/example_dags/example_params_ui_tutorial.py for tasks to queue
[2025-08-19T22:13:06.627+0000] {logging_mixin.py:188} INFO - [2025-08-19T22:13:06.626+0000] {dagbag.py:538} INFO - Filling up the DagBag from /home/airflow/.local/lib/python3.8/site-packages/airflow/example_dags/example_params_ui_tutorial.py
[2025-08-19T22:13:06.638+0000] {processor.py:840} INFO - DAG(s) 'example_params_ui_tutorial' retrieved from /home/airflow/.local/lib/python3.8/site-packages/airflow/example_dags/example_params_ui_tutorial.py
[2025-08-19T22:13:06.673+0000] {logging_mixin.py:188} INFO - [2025-08-19T22:13:06.672+0000] {dag.py:3036} INFO - Sync 1 DAGs
[2025-08-19T22:13:06.678+0000] {logging_mixin.py:188} INFO - [2025-08-19T22:13:06.678+0000] {dag.py:3823} INFO - Setting next_dagrun for example_params_ui_tutorial to None, run_after=None
[2025-08-19T22:13:06.686+0000] {processor.py:183} INFO - Processing /home/airflow/.local/lib/python3.8/site-packages/airflow/example_dags/example_params_ui_tutorial.py took 0.068 seconds
[2025-08-19T22:13:37.193+0000] {processor.py:161} INFO - Started process (PID=2649) to work on /home/airflow/.local/lib/python3.8/site-packages/airflow/example_dags/example_params_ui_tutorial.py
[2025-08-19T22:13:37.197+0000] {processor.py:830} INFO - Processing file /home/airflow/.local/lib/python3.8/site-packages/airflow/example_dags/example_params_ui_tutorial.py for tasks to queue
[2025-08-19T22:13:37.206+0000] {logging_mixin.py:188} INFO - [2025-08-19T22:13:37.204+0000] {dagbag.py:538} INFO - Filling up the DagBag from /home/airflow/.local/lib/python3.8/site-packages/airflow/example_dags/example_params_ui_tutorial.py
[2025-08-19T22:13:37.250+0000] {processor.py:840} INFO - DAG(s) 'example_params_ui_tutorial' retrieved from /home/airflow/.local/lib/python3.8/site-packages/airflow/example_dags/example_params_ui_tutorial.py
[2025-08-19T22:13:37.358+0000] {logging_mixin.py:188} INFO - [2025-08-19T22:13:37.357+0000] {dag.py:3036} INFO - Sync 1 DAGs
[2025-08-19T22:13:37.391+0000] {logging_mixin.py:188} INFO - [2025-08-19T22:13:37.391+0000] {dag.py:3823} INFO - Setting next_dagrun for example_params_ui_tutorial to None, run_after=None
[2025-08-19T22:13:37.419+0000] {processor.py:183} INFO - Processing /home/airflow/.local/lib/python3.8/site-packages/airflow/example_dags/example_params_ui_tutorial.py took 0.238 seconds
[2025-08-19T22:20:10.462+0000] {processor.py:161} INFO - Started process (PID=69) to work on /home/airflow/.local/lib/python3.8/site-packages/airflow/example_dags/example_params_ui_tutorial.py
[2025-08-19T22:20:10.465+0000] {processor.py:830} INFO - Processing file /home/airflow/.local/lib/python3.8/site-packages/airflow/example_dags/example_params_ui_tutorial.py for tasks to queue
[2025-08-19T22:20:10.466+0000] {logging_mixin.py:188} INFO - [2025-08-19T22:20:10.466+0000] {dagbag.py:538} INFO - Filling up the DagBag from /home/airflow/.local/lib/python3.8/site-packages/airflow/example_dags/example_params_ui_tutorial.py
[2025-08-19T22:20:10.475+0000] {processor.py:840} INFO - DAG(s) 'example_params_ui_tutorial' retrieved from /home/airflow/.local/lib/python3.8/site-packages/airflow/example_dags/example_params_ui_tutorial.py
[2025-08-19T22:20:10.487+0000] {logging_mixin.py:188} INFO - [2025-08-19T22:20:10.486+0000] {dag.py:3036} INFO - Sync 1 DAGs
[2025-08-19T22:20:10.494+0000] {logging_mixin.py:188} INFO - [2025-08-19T22:20:10.494+0000] {dag.py:3823} INFO - Setting next_dagrun for example_params_ui_tutorial to None, run_after=None
[2025-08-19T22:20:10.512+0000] {processor.py:183} INFO - Processing /home/airflow/.local/lib/python3.8/site-packages/airflow/example_dags/example_params_ui_tutorial.py took 0.053 seconds
[2025-08-19T22:20:41.525+0000] {processor.py:161} INFO - Started process (PID=125) to work on /home/airflow/.local/lib/python3.8/site-packages/airflow/example_dags/example_params_ui_tutorial.py
[2025-08-19T22:20:41.527+0000] {processor.py:830} INFO - Processing file /home/airflow/.local/lib/python3.8/site-packages/airflow/example_dags/example_params_ui_tutorial.py for tasks to queue
[2025-08-19T22:20:41.528+0000] {logging_mixin.py:188} INFO - [2025-08-19T22:20:41.528+0000] {dagbag.py:538} INFO - Filling up the DagBag from /home/airflow/.local/lib/python3.8/site-packages/airflow/example_dags/example_params_ui_tutorial.py
[2025-08-19T22:20:41.534+0000] {processor.py:840} INFO - DAG(s) 'example_params_ui_tutorial' retrieved from /home/airflow/.local/lib/python3.8/site-packages/airflow/example_dags/example_params_ui_tutorial.py
[2025-08-19T22:20:41.581+0000] {logging_mixin.py:188} INFO - [2025-08-19T22:20:41.581+0000] {dag.py:3036} INFO - Sync 1 DAGs
[2025-08-19T22:20:41.584+0000] {logging_mixin.py:188} INFO - [2025-08-19T22:20:41.584+0000] {dag.py:3823} INFO - Setting next_dagrun for example_params_ui_tutorial to None, run_after=None
[2025-08-19T22:20:41.599+0000] {processor.py:183} INFO - Processing /home/airflow/.local/lib/python3.8/site-packages/airflow/example_dags/example_params_ui_tutorial.py took 0.075 seconds
[2025-08-19T22:21:11.668+0000] {processor.py:161} INFO - Started process (PID=181) to work on /home/airflow/.local/lib/python3.8/site-packages/airflow/example_dags/example_params_ui_tutorial.py
[2025-08-19T22:21:11.670+0000] {processor.py:830} INFO - Processing file /home/airflow/.local/lib/python3.8/site-packages/airflow/example_dags/example_params_ui_tutorial.py for tasks to queue
[2025-08-19T22:21:11.671+0000] {logging_mixin.py:188} INFO - [2025-08-19T22:21:11.671+0000] {dagbag.py:538} INFO - Filling up the DagBag from /home/airflow/.local/lib/python3.8/site-packages/airflow/example_dags/example_params_ui_tutorial.py
[2025-08-19T22:21:11.676+0000] {processor.py:840} INFO - DAG(s) 'example_params_ui_tutorial' retrieved from /home/airflow/.local/lib/python3.8/site-packages/airflow/example_dags/example_params_ui_tutorial.py
[2025-08-19T22:21:11.698+0000] {logging_mixin.py:188} INFO - [2025-08-19T22:21:11.698+0000] {dag.py:3036} INFO - Sync 1 DAGs
[2025-08-19T22:21:11.702+0000] {logging_mixin.py:188} INFO - [2025-08-19T22:21:11.702+0000] {dag.py:3823} INFO - Setting next_dagrun for example_params_ui_tutorial to None, run_after=None
[2025-08-19T22:21:11.711+0000] {processor.py:183} INFO - Processing /home/airflow/.local/lib/python3.8/site-packages/airflow/example_dags/example_params_ui_tutorial.py took 0.045 seconds
[2025-08-19T22:21:42.304+0000] {processor.py:161} INFO - Started process (PID=237) to work on /home/airflow/.local/lib/python3.8/site-packages/airflow/example_dags/example_params_ui_tutorial.py
[2025-08-19T22:21:42.305+0000] {processor.py:830} INFO - Processing file /home/airflow/.local/lib/python3.8/site-packages/airflow/example_dags/example_params_ui_tutorial.py for tasks to queue
[2025-08-19T22:21:42.306+0000] {logging_mixin.py:188} INFO - [2025-08-19T22:21:42.306+0000] {dagbag.py:538} INFO - Filling up the DagBag from /home/airflow/.local/lib/python3.8/site-packages/airflow/example_dags/example_params_ui_tutorial.py
[2025-08-19T22:21:42.310+0000] {processor.py:840} INFO - DAG(s) 'example_params_ui_tutorial' retrieved from /home/airflow/.local/lib/python3.8/site-packages/airflow/example_dags/example_params_ui_tutorial.py
[2025-08-19T22:21:42.329+0000] {logging_mixin.py:188} INFO - [2025-08-19T22:21:42.329+0000] {dag.py:3036} INFO - Sync 1 DAGs
[2025-08-19T22:21:42.333+0000] {logging_mixin.py:188} INFO - [2025-08-19T22:21:42.333+0000] {dag.py:3823} INFO - Setting next_dagrun for example_params_ui_tutorial to None, run_after=None
[2025-08-19T22:21:42.338+0000] {processor.py:183} INFO - Processing /home/airflow/.local/lib/python3.8/site-packages/airflow/example_dags/example_params_ui_tutorial.py took 0.035 seconds
[2025-08-19T22:22:12.808+0000] {processor.py:161} INFO - Started process (PID=299) to work on /home/airflow/.local/lib/python3.8/site-packages/airflow/example_dags/example_params_ui_tutorial.py
[2025-08-19T22:22:12.809+0000] {processor.py:830} INFO - Processing file /home/airflow/.local/lib/python3.8/site-packages/airflow/example_dags/example_params_ui_tutorial.py for tasks to queue
[2025-08-19T22:22:12.809+0000] {logging_mixin.py:188} INFO - [2025-08-19T22:22:12.809+0000] {dagbag.py:538} INFO - Filling up the DagBag from /home/airflow/.local/lib/python3.8/site-packages/airflow/example_dags/example_params_ui_tutorial.py
[2025-08-19T22:22:12.815+0000] {processor.py:840} INFO - DAG(s) 'example_params_ui_tutorial' retrieved from /home/airflow/.local/lib/python3.8/site-packages/airflow/example_dags/example_params_ui_tutorial.py
[2025-08-19T22:22:12.840+0000] {logging_mixin.py:188} INFO - [2025-08-19T22:22:12.840+0000] {dag.py:3036} INFO - Sync 1 DAGs
[2025-08-19T22:22:12.845+0000] {logging_mixin.py:188} INFO - [2025-08-19T22:22:12.845+0000] {dag.py:3823} INFO - Setting next_dagrun for example_params_ui_tutorial to None, run_after=None
[2025-08-19T22:22:12.853+0000] {processor.py:183} INFO - Processing /home/airflow/.local/lib/python3.8/site-packages/airflow/example_dags/example_params_ui_tutorial.py took 0.047 seconds
[2025-08-19T22:22:43.328+0000] {processor.py:161} INFO - Started process (PID=355) to work on /home/airflow/.local/lib/python3.8/site-packages/airflow/example_dags/example_params_ui_tutorial.py
[2025-08-19T22:22:43.330+0000] {processor.py:830} INFO - Processing file /home/airflow/.local/lib/python3.8/site-packages/airflow/example_dags/example_params_ui_tutorial.py for tasks to queue
[2025-08-19T22:22:43.331+0000] {logging_mixin.py:188} INFO - [2025-08-19T22:22:43.331+0000] {dagbag.py:538} INFO - Filling up the DagBag from /home/airflow/.local/lib/python3.8/site-packages/airflow/example_dags/example_params_ui_tutorial.py
[2025-08-19T22:22:43.337+0000] {processor.py:840} INFO - DAG(s) 'example_params_ui_tutorial' retrieved from /home/airflow/.local/lib/python3.8/site-packages/airflow/example_dags/example_params_ui_tutorial.py
[2025-08-19T22:22:43.364+0000] {logging_mixin.py:188} INFO - [2025-08-19T22:22:43.364+0000] {dag.py:3036} INFO - Sync 1 DAGs
[2025-08-19T22:22:43.371+0000] {logging_mixin.py:188} INFO - [2025-08-19T22:22:43.371+0000] {dag.py:3823} INFO - Setting next_dagrun for example_params_ui_tutorial to None, run_after=None
[2025-08-19T22:22:43.378+0000] {processor.py:183} INFO - Processing /home/airflow/.local/lib/python3.8/site-packages/airflow/example_dags/example_params_ui_tutorial.py took 0.052 seconds
[2025-08-19T22:23:14.133+0000] {processor.py:161} INFO - Started process (PID=415) to work on /home/airflow/.local/lib/python3.8/site-packages/airflow/example_dags/example_params_ui_tutorial.py
[2025-08-19T22:23:14.135+0000] {processor.py:830} INFO - Processing file /home/airflow/.local/lib/python3.8/site-packages/airflow/example_dags/example_params_ui_tutorial.py for tasks to queue
[2025-08-19T22:23:14.136+0000] {logging_mixin.py:188} INFO - [2025-08-19T22:23:14.136+0000] {dagbag.py:538} INFO - Filling up the DagBag from /home/airflow/.local/lib/python3.8/site-packages/airflow/example_dags/example_params_ui_tutorial.py
[2025-08-19T22:23:14.142+0000] {processor.py:840} INFO - DAG(s) 'example_params_ui_tutorial' retrieved from /home/airflow/.local/lib/python3.8/site-packages/airflow/example_dags/example_params_ui_tutorial.py
[2025-08-19T22:23:14.168+0000] {logging_mixin.py:188} INFO - [2025-08-19T22:23:14.168+0000] {dag.py:3036} INFO - Sync 1 DAGs
[2025-08-19T22:23:14.174+0000] {logging_mixin.py:188} INFO - [2025-08-19T22:23:14.173+0000] {dag.py:3823} INFO - Setting next_dagrun for example_params_ui_tutorial to None, run_after=None
[2025-08-19T22:23:14.182+0000] {processor.py:183} INFO - Processing /home/airflow/.local/lib/python3.8/site-packages/airflow/example_dags/example_params_ui_tutorial.py took 0.051 seconds
[2025-08-19T22:23:44.655+0000] {processor.py:161} INFO - Started process (PID=471) to work on /home/airflow/.local/lib/python3.8/site-packages/airflow/example_dags/example_params_ui_tutorial.py
[2025-08-19T22:23:44.656+0000] {processor.py:830} INFO - Processing file /home/airflow/.local/lib/python3.8/site-packages/airflow/example_dags/example_params_ui_tutorial.py for tasks to queue
[2025-08-19T22:23:44.657+0000] {logging_mixin.py:188} INFO - [2025-08-19T22:23:44.657+0000] {dagbag.py:538} INFO - Filling up the DagBag from /home/airflow/.local/lib/python3.8/site-packages/airflow/example_dags/example_params_ui_tutorial.py
[2025-08-19T22:23:44.663+0000] {processor.py:840} INFO - DAG(s) 'example_params_ui_tutorial' retrieved from /home/airflow/.local/lib/python3.8/site-packages/airflow/example_dags/example_params_ui_tutorial.py
[2025-08-19T22:23:44.684+0000] {logging_mixin.py:188} INFO - [2025-08-19T22:23:44.683+0000] {dag.py:3036} INFO - Sync 1 DAGs
[2025-08-19T22:23:44.688+0000] {logging_mixin.py:188} INFO - [2025-08-19T22:23:44.688+0000] {dag.py:3823} INFO - Setting next_dagrun for example_params_ui_tutorial to None, run_after=None
[2025-08-19T22:23:44.694+0000] {processor.py:183} INFO - Processing /home/airflow/.local/lib/python3.8/site-packages/airflow/example_dags/example_params_ui_tutorial.py took 0.041 seconds
[2025-08-19T22:24:15.055+0000] {processor.py:161} INFO - Started process (PID=527) to work on /home/airflow/.local/lib/python3.8/site-packages/airflow/example_dags/example_params_ui_tutorial.py
[2025-08-19T22:24:15.056+0000] {processor.py:830} INFO - Processing file /home/airflow/.local/lib/python3.8/site-packages/airflow/example_dags/example_params_ui_tutorial.py for tasks to queue
[2025-08-19T22:24:15.058+0000] {logging_mixin.py:188} INFO - [2025-08-19T22:24:15.058+0000] {dagbag.py:538} INFO - Filling up the DagBag from /home/airflow/.local/lib/python3.8/site-packages/airflow/example_dags/example_params_ui_tutorial.py
[2025-08-19T22:24:15.063+0000] {processor.py:840} INFO - DAG(s) 'example_params_ui_tutorial' retrieved from /home/airflow/.local/lib/python3.8/site-packages/airflow/example_dags/example_params_ui_tutorial.py
[2025-08-19T22:24:15.085+0000] {logging_mixin.py:188} INFO - [2025-08-19T22:24:15.085+0000] {dag.py:3036} INFO - Sync 1 DAGs
[2025-08-19T22:24:15.089+0000] {logging_mixin.py:188} INFO - [2025-08-19T22:24:15.089+0000] {dag.py:3823} INFO - Setting next_dagrun for example_params_ui_tutorial to None, run_after=None
[2025-08-19T22:24:15.096+0000] {processor.py:183} INFO - Processing /home/airflow/.local/lib/python3.8/site-packages/airflow/example_dags/example_params_ui_tutorial.py took 0.043 seconds
[2025-08-19T22:24:45.518+0000] {processor.py:161} INFO - Started process (PID=583) to work on /home/airflow/.local/lib/python3.8/site-packages/airflow/example_dags/example_params_ui_tutorial.py
[2025-08-19T22:24:45.521+0000] {processor.py:830} INFO - Processing file /home/airflow/.local/lib/python3.8/site-packages/airflow/example_dags/example_params_ui_tutorial.py for tasks to queue
[2025-08-19T22:24:45.522+0000] {logging_mixin.py:188} INFO - [2025-08-19T22:24:45.522+0000] {dagbag.py:538} INFO - Filling up the DagBag from /home/airflow/.local/lib/python3.8/site-packages/airflow/example_dags/example_params_ui_tutorial.py
[2025-08-19T22:24:45.528+0000] {processor.py:840} INFO - DAG(s) 'example_params_ui_tutorial' retrieved from /home/airflow/.local/lib/python3.8/site-packages/airflow/example_dags/example_params_ui_tutorial.py
[2025-08-19T22:24:45.556+0000] {logging_mixin.py:188} INFO - [2025-08-19T22:24:45.556+0000] {dag.py:3036} INFO - Sync 1 DAGs
[2025-08-19T22:24:45.561+0000] {logging_mixin.py:188} INFO - [2025-08-19T22:24:45.561+0000] {dag.py:3823} INFO - Setting next_dagrun for example_params_ui_tutorial to None, run_after=None
[2025-08-19T22:24:45.567+0000] {processor.py:183} INFO - Processing /home/airflow/.local/lib/python3.8/site-packages/airflow/example_dags/example_params_ui_tutorial.py took 0.051 seconds
[2025-08-19T22:25:15.982+0000] {processor.py:161} INFO - Started process (PID=639) to work on /home/airflow/.local/lib/python3.8/site-packages/airflow/example_dags/example_params_ui_tutorial.py
[2025-08-19T22:25:15.982+0000] {processor.py:830} INFO - Processing file /home/airflow/.local/lib/python3.8/site-packages/airflow/example_dags/example_params_ui_tutorial.py for tasks to queue
[2025-08-19T22:25:15.983+0000] {logging_mixin.py:188} INFO - [2025-08-19T22:25:15.983+0000] {dagbag.py:538} INFO - Filling up the DagBag from /home/airflow/.local/lib/python3.8/site-packages/airflow/example_dags/example_params_ui_tutorial.py
[2025-08-19T22:25:15.988+0000] {processor.py:840} INFO - DAG(s) 'example_params_ui_tutorial' retrieved from /home/airflow/.local/lib/python3.8/site-packages/airflow/example_dags/example_params_ui_tutorial.py
[2025-08-19T22:25:16.008+0000] {logging_mixin.py:188} INFO - [2025-08-19T22:25:16.008+0000] {dag.py:3036} INFO - Sync 1 DAGs
[2025-08-19T22:25:16.013+0000] {logging_mixin.py:188} INFO - [2025-08-19T22:25:16.013+0000] {dag.py:3823} INFO - Setting next_dagrun for example_params_ui_tutorial to None, run_after=None
[2025-08-19T22:25:16.020+0000] {processor.py:183} INFO - Processing /home/airflow/.local/lib/python3.8/site-packages/airflow/example_dags/example_params_ui_tutorial.py took 0.040 seconds
[2025-08-19T22:25:46.376+0000] {processor.py:161} INFO - Started process (PID=695) to work on /home/airflow/.local/lib/python3.8/site-packages/airflow/example_dags/example_params_ui_tutorial.py
[2025-08-19T22:25:46.377+0000] {processor.py:830} INFO - Processing file /home/airflow/.local/lib/python3.8/site-packages/airflow/example_dags/example_params_ui_tutorial.py for tasks to queue
[2025-08-19T22:25:46.380+0000] {logging_mixin.py:188} INFO - [2025-08-19T22:25:46.380+0000] {dagbag.py:538} INFO - Filling up the DagBag from /home/airflow/.local/lib/python3.8/site-packages/airflow/example_dags/example_params_ui_tutorial.py
[2025-08-19T22:25:46.385+0000] {processor.py:840} INFO - DAG(s) 'example_params_ui_tutorial' retrieved from /home/airflow/.local/lib/python3.8/site-packages/airflow/example_dags/example_params_ui_tutorial.py
[2025-08-19T22:25:46.411+0000] {logging_mixin.py:188} INFO - [2025-08-19T22:25:46.411+0000] {dag.py:3036} INFO - Sync 1 DAGs
[2025-08-19T22:25:46.418+0000] {logging_mixin.py:188} INFO - [2025-08-19T22:25:46.418+0000] {dag.py:3823} INFO - Setting next_dagrun for example_params_ui_tutorial to None, run_after=None
[2025-08-19T22:25:46.424+0000] {processor.py:183} INFO - Processing /home/airflow/.local/lib/python3.8/site-packages/airflow/example_dags/example_params_ui_tutorial.py took 0.050 seconds
[2025-08-19T22:26:16.822+0000] {processor.py:161} INFO - Started process (PID=751) to work on /home/airflow/.local/lib/python3.8/site-packages/airflow/example_dags/example_params_ui_tutorial.py
[2025-08-19T22:26:16.823+0000] {processor.py:830} INFO - Processing file /home/airflow/.local/lib/python3.8/site-packages/airflow/example_dags/example_params_ui_tutorial.py for tasks to queue
[2025-08-19T22:26:16.824+0000] {logging_mixin.py:188} INFO - [2025-08-19T22:26:16.824+0000] {dagbag.py:538} INFO - Filling up the DagBag from /home/airflow/.local/lib/python3.8/site-packages/airflow/example_dags/example_params_ui_tutorial.py
[2025-08-19T22:26:16.829+0000] {processor.py:840} INFO - DAG(s) 'example_params_ui_tutorial' retrieved from /home/airflow/.local/lib/python3.8/site-packages/airflow/example_dags/example_params_ui_tutorial.py
[2025-08-19T22:26:16.850+0000] {logging_mixin.py:188} INFO - [2025-08-19T22:26:16.850+0000] {dag.py:3036} INFO - Sync 1 DAGs
[2025-08-19T22:26:16.854+0000] {logging_mixin.py:188} INFO - [2025-08-19T22:26:16.854+0000] {dag.py:3823} INFO - Setting next_dagrun for example_params_ui_tutorial to None, run_after=None
[2025-08-19T22:26:16.860+0000] {processor.py:183} INFO - Processing /home/airflow/.local/lib/python3.8/site-packages/airflow/example_dags/example_params_ui_tutorial.py took 0.040 seconds
[2025-08-19T22:26:47.218+0000] {processor.py:161} INFO - Started process (PID=807) to work on /home/airflow/.local/lib/python3.8/site-packages/airflow/example_dags/example_params_ui_tutorial.py
[2025-08-19T22:26:47.222+0000] {processor.py:830} INFO - Processing file /home/airflow/.local/lib/python3.8/site-packages/airflow/example_dags/example_params_ui_tutorial.py for tasks to queue
[2025-08-19T22:26:47.223+0000] {logging_mixin.py:188} INFO - [2025-08-19T22:26:47.223+0000] {dagbag.py:538} INFO - Filling up the DagBag from /home/airflow/.local/lib/python3.8/site-packages/airflow/example_dags/example_params_ui_tutorial.py
[2025-08-19T22:26:47.230+0000] {processor.py:840} INFO - DAG(s) 'example_params_ui_tutorial' retrieved from /home/airflow/.local/lib/python3.8/site-packages/airflow/example_dags/example_params_ui_tutorial.py
[2025-08-19T22:26:47.252+0000] {logging_mixin.py:188} INFO - [2025-08-19T22:26:47.251+0000] {dag.py:3036} INFO - Sync 1 DAGs
[2025-08-19T22:26:47.256+0000] {logging_mixin.py:188} INFO - [2025-08-19T22:26:47.255+0000] {dag.py:3823} INFO - Setting next_dagrun for example_params_ui_tutorial to None, run_after=None
[2025-08-19T22:26:47.265+0000] {processor.py:183} INFO - Processing /home/airflow/.local/lib/python3.8/site-packages/airflow/example_dags/example_params_ui_tutorial.py took 0.049 seconds
[2025-08-19T22:27:17.658+0000] {processor.py:161} INFO - Started process (PID=863) to work on /home/airflow/.local/lib/python3.8/site-packages/airflow/example_dags/example_params_ui_tutorial.py
[2025-08-19T22:27:17.658+0000] {processor.py:830} INFO - Processing file /home/airflow/.local/lib/python3.8/site-packages/airflow/example_dags/example_params_ui_tutorial.py for tasks to queue
[2025-08-19T22:27:17.659+0000] {logging_mixin.py:188} INFO - [2025-08-19T22:27:17.659+0000] {dagbag.py:538} INFO - Filling up the DagBag from /home/airflow/.local/lib/python3.8/site-packages/airflow/example_dags/example_params_ui_tutorial.py
[2025-08-19T22:27:17.664+0000] {processor.py:840} INFO - DAG(s) 'example_params_ui_tutorial' retrieved from /home/airflow/.local/lib/python3.8/site-packages/airflow/example_dags/example_params_ui_tutorial.py
[2025-08-19T22:27:17.685+0000] {logging_mixin.py:188} INFO - [2025-08-19T22:27:17.685+0000] {dag.py:3036} INFO - Sync 1 DAGs
[2025-08-19T22:27:17.690+0000] {logging_mixin.py:188} INFO - [2025-08-19T22:27:17.690+0000] {dag.py:3823} INFO - Setting next_dagrun for example_params_ui_tutorial to None, run_after=None
[2025-08-19T22:27:17.696+0000] {processor.py:183} INFO - Processing /home/airflow/.local/lib/python3.8/site-packages/airflow/example_dags/example_params_ui_tutorial.py took 0.040 seconds
[2025-08-19T22:27:48.252+0000] {processor.py:161} INFO - Started process (PID=923) to work on /home/airflow/.local/lib/python3.8/site-packages/airflow/example_dags/example_params_ui_tutorial.py
[2025-08-19T22:27:48.252+0000] {processor.py:830} INFO - Processing file /home/airflow/.local/lib/python3.8/site-packages/airflow/example_dags/example_params_ui_tutorial.py for tasks to queue
[2025-08-19T22:27:48.253+0000] {logging_mixin.py:188} INFO - [2025-08-19T22:27:48.253+0000] {dagbag.py:538} INFO - Filling up the DagBag from /home/airflow/.local/lib/python3.8/site-packages/airflow/example_dags/example_params_ui_tutorial.py
[2025-08-19T22:27:48.259+0000] {processor.py:840} INFO - DAG(s) 'example_params_ui_tutorial' retrieved from /home/airflow/.local/lib/python3.8/site-packages/airflow/example_dags/example_params_ui_tutorial.py
[2025-08-19T22:27:48.278+0000] {logging_mixin.py:188} INFO - [2025-08-19T22:27:48.278+0000] {dag.py:3036} INFO - Sync 1 DAGs
[2025-08-19T22:27:48.282+0000] {logging_mixin.py:188} INFO - [2025-08-19T22:27:48.282+0000] {dag.py:3823} INFO - Setting next_dagrun for example_params_ui_tutorial to None, run_after=None
[2025-08-19T22:27:48.287+0000] {processor.py:183} INFO - Processing /home/airflow/.local/lib/python3.8/site-packages/airflow/example_dags/example_params_ui_tutorial.py took 0.037 seconds
[2025-08-19T22:28:18.908+0000] {processor.py:161} INFO - Started process (PID=979) to work on /home/airflow/.local/lib/python3.8/site-packages/airflow/example_dags/example_params_ui_tutorial.py
[2025-08-19T22:28:18.909+0000] {processor.py:830} INFO - Processing file /home/airflow/.local/lib/python3.8/site-packages/airflow/example_dags/example_params_ui_tutorial.py for tasks to queue
[2025-08-19T22:28:18.910+0000] {logging_mixin.py:188} INFO - [2025-08-19T22:28:18.910+0000] {dagbag.py:538} INFO - Filling up the DagBag from /home/airflow/.local/lib/python3.8/site-packages/airflow/example_dags/example_params_ui_tutorial.py
[2025-08-19T22:28:18.917+0000] {processor.py:840} INFO - DAG(s) 'example_params_ui_tutorial' retrieved from /home/airflow/.local/lib/python3.8/site-packages/airflow/example_dags/example_params_ui_tutorial.py
[2025-08-19T22:28:18.943+0000] {logging_mixin.py:188} INFO - [2025-08-19T22:28:18.943+0000] {dag.py:3036} INFO - Sync 1 DAGs
[2025-08-19T22:28:18.949+0000] {logging_mixin.py:188} INFO - [2025-08-19T22:28:18.948+0000] {dag.py:3823} INFO - Setting next_dagrun for example_params_ui_tutorial to None, run_after=None
[2025-08-19T22:28:18.958+0000] {processor.py:183} INFO - Processing /home/airflow/.local/lib/python3.8/site-packages/airflow/example_dags/example_params_ui_tutorial.py took 0.052 seconds
[2025-08-19T22:28:49.352+0000] {processor.py:161} INFO - Started process (PID=1035) to work on /home/airflow/.local/lib/python3.8/site-packages/airflow/example_dags/example_params_ui_tutorial.py
[2025-08-19T22:28:49.354+0000] {processor.py:830} INFO - Processing file /home/airflow/.local/lib/python3.8/site-packages/airflow/example_dags/example_params_ui_tutorial.py for tasks to queue
[2025-08-19T22:28:49.354+0000] {logging_mixin.py:188} INFO - [2025-08-19T22:28:49.354+0000] {dagbag.py:538} INFO - Filling up the DagBag from /home/airflow/.local/lib/python3.8/site-packages/airflow/example_dags/example_params_ui_tutorial.py
[2025-08-19T22:28:49.360+0000] {processor.py:840} INFO - DAG(s) 'example_params_ui_tutorial' retrieved from /home/airflow/.local/lib/python3.8/site-packages/airflow/example_dags/example_params_ui_tutorial.py
[2025-08-19T22:28:49.382+0000] {logging_mixin.py:188} INFO - [2025-08-19T22:28:49.382+0000] {dag.py:3036} INFO - Sync 1 DAGs
[2025-08-19T22:28:49.387+0000] {logging_mixin.py:188} INFO - [2025-08-19T22:28:49.387+0000] {dag.py:3823} INFO - Setting next_dagrun for example_params_ui_tutorial to None, run_after=None
[2025-08-19T22:28:49.394+0000] {processor.py:183} INFO - Processing /home/airflow/.local/lib/python3.8/site-packages/airflow/example_dags/example_params_ui_tutorial.py took 0.043 seconds
[2025-08-19T22:29:19.861+0000] {processor.py:161} INFO - Started process (PID=1091) to work on /home/airflow/.local/lib/python3.8/site-packages/airflow/example_dags/example_params_ui_tutorial.py
[2025-08-19T22:29:19.862+0000] {processor.py:830} INFO - Processing file /home/airflow/.local/lib/python3.8/site-packages/airflow/example_dags/example_params_ui_tutorial.py for tasks to queue
[2025-08-19T22:29:19.864+0000] {logging_mixin.py:188} INFO - [2025-08-19T22:29:19.864+0000] {dagbag.py:538} INFO - Filling up the DagBag from /home/airflow/.local/lib/python3.8/site-packages/airflow/example_dags/example_params_ui_tutorial.py
[2025-08-19T22:29:19.871+0000] {processor.py:840} INFO - DAG(s) 'example_params_ui_tutorial' retrieved from /home/airflow/.local/lib/python3.8/site-packages/airflow/example_dags/example_params_ui_tutorial.py
[2025-08-19T22:29:19.892+0000] {logging_mixin.py:188} INFO - [2025-08-19T22:29:19.892+0000] {dag.py:3036} INFO - Sync 1 DAGs
[2025-08-19T22:29:19.897+0000] {logging_mixin.py:188} INFO - [2025-08-19T22:29:19.897+0000] {dag.py:3823} INFO - Setting next_dagrun for example_params_ui_tutorial to None, run_after=None
[2025-08-19T22:29:19.907+0000] {processor.py:183} INFO - Processing /home/airflow/.local/lib/python3.8/site-packages/airflow/example_dags/example_params_ui_tutorial.py took 0.048 seconds
[2025-08-19T22:29:50.506+0000] {processor.py:161} INFO - Started process (PID=1147) to work on /home/airflow/.local/lib/python3.8/site-packages/airflow/example_dags/example_params_ui_tutorial.py
[2025-08-19T22:29:50.506+0000] {processor.py:830} INFO - Processing file /home/airflow/.local/lib/python3.8/site-packages/airflow/example_dags/example_params_ui_tutorial.py for tasks to queue
[2025-08-19T22:29:50.507+0000] {logging_mixin.py:188} INFO - [2025-08-19T22:29:50.507+0000] {dagbag.py:538} INFO - Filling up the DagBag from /home/airflow/.local/lib/python3.8/site-packages/airflow/example_dags/example_params_ui_tutorial.py
[2025-08-19T22:29:50.512+0000] {processor.py:840} INFO - DAG(s) 'example_params_ui_tutorial' retrieved from /home/airflow/.local/lib/python3.8/site-packages/airflow/example_dags/example_params_ui_tutorial.py
[2025-08-19T22:29:50.537+0000] {logging_mixin.py:188} INFO - [2025-08-19T22:29:50.537+0000] {dag.py:3036} INFO - Sync 1 DAGs
[2025-08-19T22:29:50.541+0000] {logging_mixin.py:188} INFO - [2025-08-19T22:29:50.541+0000] {dag.py:3823} INFO - Setting next_dagrun for example_params_ui_tutorial to None, run_after=None
[2025-08-19T22:29:50.548+0000] {processor.py:183} INFO - Processing /home/airflow/.local/lib/python3.8/site-packages/airflow/example_dags/example_params_ui_tutorial.py took 0.043 seconds
[2025-08-19T22:30:20.964+0000] {processor.py:161} INFO - Started process (PID=1203) to work on /home/airflow/.local/lib/python3.8/site-packages/airflow/example_dags/example_params_ui_tutorial.py
[2025-08-19T22:30:20.966+0000] {processor.py:830} INFO - Processing file /home/airflow/.local/lib/python3.8/site-packages/airflow/example_dags/example_params_ui_tutorial.py for tasks to queue
[2025-08-19T22:30:20.967+0000] {logging_mixin.py:188} INFO - [2025-08-19T22:30:20.967+0000] {dagbag.py:538} INFO - Filling up the DagBag from /home/airflow/.local/lib/python3.8/site-packages/airflow/example_dags/example_params_ui_tutorial.py
[2025-08-19T22:30:20.975+0000] {processor.py:840} INFO - DAG(s) 'example_params_ui_tutorial' retrieved from /home/airflow/.local/lib/python3.8/site-packages/airflow/example_dags/example_params_ui_tutorial.py
[2025-08-19T22:30:21.000+0000] {logging_mixin.py:188} INFO - [2025-08-19T22:30:21.000+0000] {dag.py:3036} INFO - Sync 1 DAGs
[2025-08-19T22:30:21.005+0000] {logging_mixin.py:188} INFO - [2025-08-19T22:30:21.005+0000] {dag.py:3823} INFO - Setting next_dagrun for example_params_ui_tutorial to None, run_after=None
[2025-08-19T22:30:21.015+0000] {processor.py:183} INFO - Processing /home/airflow/.local/lib/python3.8/site-packages/airflow/example_dags/example_params_ui_tutorial.py took 0.053 seconds
