[2025-08-19T21:50:07.637+0000] {processor.py:161} INFO - Started process (PID=66) to work on /home/airflow/.local/lib/python3.8/site-packages/airflow/example_dags/example_skip_dag.py
[2025-08-19T21:50:07.639+0000] {processor.py:830} INFO - Processing file /home/airflow/.local/lib/python3.8/site-packages/airflow/example_dags/example_skip_dag.py for tasks to queue
[2025-08-19T21:50:07.641+0000] {logging_mixin.py:188} INFO - [2025-08-19T21:50:07.640+0000] {dagbag.py:538} INFO - Filling up the DagBag from /home/airflow/.local/lib/python3.8/site-packages/airflow/example_dags/example_skip_dag.py
[2025-08-19T21:50:07.651+0000] {processor.py:840} INFO - DAG(s) 'example_skip_dag' retrieved from /home/airflow/.local/lib/python3.8/site-packages/airflow/example_dags/example_skip_dag.py
[2025-08-19T21:50:07.664+0000] {logging_mixin.py:188} INFO - [2025-08-19T21:50:07.664+0000] {dag.py:3036} INFO - Sync 1 DAGs
[2025-08-19T21:50:07.685+0000] {logging_mixin.py:188} INFO - [2025-08-19T21:50:07.685+0000] {dag.py:3823} INFO - Setting next_dagrun for example_skip_dag to 2025-08-18 00:00:00+00:00, run_after=2025-08-19 00:00:00+00:00
[2025-08-19T21:50:07.696+0000] {processor.py:183} INFO - Processing /home/airflow/.local/lib/python3.8/site-packages/airflow/example_dags/example_skip_dag.py took 0.064 seconds
[2025-08-19T21:50:38.178+0000] {processor.py:161} INFO - Started process (PID=123) to work on /home/airflow/.local/lib/python3.8/site-packages/airflow/example_dags/example_skip_dag.py
[2025-08-19T21:50:38.179+0000] {processor.py:830} INFO - Processing file /home/airflow/.local/lib/python3.8/site-packages/airflow/example_dags/example_skip_dag.py for tasks to queue
[2025-08-19T21:50:38.180+0000] {logging_mixin.py:188} INFO - [2025-08-19T21:50:38.180+0000] {dagbag.py:538} INFO - Filling up the DagBag from /home/airflow/.local/lib/python3.8/site-packages/airflow/example_dags/example_skip_dag.py
[2025-08-19T21:50:38.183+0000] {processor.py:840} INFO - DAG(s) 'example_skip_dag' retrieved from /home/airflow/.local/lib/python3.8/site-packages/airflow/example_dags/example_skip_dag.py
[2025-08-19T21:50:38.218+0000] {logging_mixin.py:188} INFO - [2025-08-19T21:50:38.218+0000] {dag.py:3036} INFO - Sync 1 DAGs
[2025-08-19T21:50:38.225+0000] {logging_mixin.py:188} INFO - [2025-08-19T21:50:38.225+0000] {dag.py:3823} INFO - Setting next_dagrun for example_skip_dag to 2025-08-18 00:00:00+00:00, run_after=2025-08-19 00:00:00+00:00
[2025-08-19T21:50:38.232+0000] {processor.py:183} INFO - Processing /home/airflow/.local/lib/python3.8/site-packages/airflow/example_dags/example_skip_dag.py took 0.056 seconds
[2025-08-19T21:51:09.085+0000] {processor.py:161} INFO - Started process (PID=177) to work on /home/airflow/.local/lib/python3.8/site-packages/airflow/example_dags/example_skip_dag.py
[2025-08-19T21:51:09.086+0000] {processor.py:830} INFO - Processing file /home/airflow/.local/lib/python3.8/site-packages/airflow/example_dags/example_skip_dag.py for tasks to queue
[2025-08-19T21:51:09.088+0000] {logging_mixin.py:188} INFO - [2025-08-19T21:51:09.088+0000] {dagbag.py:538} INFO - Filling up the DagBag from /home/airflow/.local/lib/python3.8/site-packages/airflow/example_dags/example_skip_dag.py
[2025-08-19T21:51:09.090+0000] {processor.py:840} INFO - DAG(s) 'example_skip_dag' retrieved from /home/airflow/.local/lib/python3.8/site-packages/airflow/example_dags/example_skip_dag.py
[2025-08-19T21:51:09.099+0000] {logging_mixin.py:188} INFO - [2025-08-19T21:51:09.099+0000] {dag.py:3036} INFO - Sync 1 DAGs
[2025-08-19T21:51:09.107+0000] {logging_mixin.py:188} INFO - [2025-08-19T21:51:09.107+0000] {dag.py:3823} INFO - Setting next_dagrun for example_skip_dag to 2025-08-18 00:00:00+00:00, run_after=2025-08-19 00:00:00+00:00
[2025-08-19T21:51:09.116+0000] {processor.py:183} INFO - Processing /home/airflow/.local/lib/python3.8/site-packages/airflow/example_dags/example_skip_dag.py took 0.033 seconds
[2025-08-19T21:51:39.590+0000] {processor.py:161} INFO - Started process (PID=233) to work on /home/airflow/.local/lib/python3.8/site-packages/airflow/example_dags/example_skip_dag.py
[2025-08-19T21:51:39.590+0000] {processor.py:830} INFO - Processing file /home/airflow/.local/lib/python3.8/site-packages/airflow/example_dags/example_skip_dag.py for tasks to queue
[2025-08-19T21:51:39.591+0000] {logging_mixin.py:188} INFO - [2025-08-19T21:51:39.591+0000] {dagbag.py:538} INFO - Filling up the DagBag from /home/airflow/.local/lib/python3.8/site-packages/airflow/example_dags/example_skip_dag.py
[2025-08-19T21:51:39.593+0000] {processor.py:840} INFO - DAG(s) 'example_skip_dag' retrieved from /home/airflow/.local/lib/python3.8/site-packages/airflow/example_dags/example_skip_dag.py
[2025-08-19T21:51:39.603+0000] {logging_mixin.py:188} INFO - [2025-08-19T21:51:39.602+0000] {dag.py:3036} INFO - Sync 1 DAGs
[2025-08-19T21:51:39.613+0000] {logging_mixin.py:188} INFO - [2025-08-19T21:51:39.613+0000] {dag.py:3823} INFO - Setting next_dagrun for example_skip_dag to 2025-08-18 00:00:00+00:00, run_after=2025-08-19 00:00:00+00:00
[2025-08-19T21:51:39.620+0000] {processor.py:183} INFO - Processing /home/airflow/.local/lib/python3.8/site-packages/airflow/example_dags/example_skip_dag.py took 0.032 seconds
[2025-08-19T21:52:10.364+0000] {processor.py:161} INFO - Started process (PID=295) to work on /home/airflow/.local/lib/python3.8/site-packages/airflow/example_dags/example_skip_dag.py
[2025-08-19T21:52:10.366+0000] {processor.py:830} INFO - Processing file /home/airflow/.local/lib/python3.8/site-packages/airflow/example_dags/example_skip_dag.py for tasks to queue
[2025-08-19T21:52:10.366+0000] {logging_mixin.py:188} INFO - [2025-08-19T21:52:10.366+0000] {dagbag.py:538} INFO - Filling up the DagBag from /home/airflow/.local/lib/python3.8/site-packages/airflow/example_dags/example_skip_dag.py
[2025-08-19T21:52:10.369+0000] {processor.py:840} INFO - DAG(s) 'example_skip_dag' retrieved from /home/airflow/.local/lib/python3.8/site-packages/airflow/example_dags/example_skip_dag.py
[2025-08-19T21:52:10.381+0000] {logging_mixin.py:188} INFO - [2025-08-19T21:52:10.381+0000] {dag.py:3036} INFO - Sync 1 DAGs
[2025-08-19T21:52:10.389+0000] {logging_mixin.py:188} INFO - [2025-08-19T21:52:10.389+0000] {dag.py:3823} INFO - Setting next_dagrun for example_skip_dag to 2025-08-18 00:00:00+00:00, run_after=2025-08-19 00:00:00+00:00
[2025-08-19T21:52:10.400+0000] {processor.py:183} INFO - Processing /home/airflow/.local/lib/python3.8/site-packages/airflow/example_dags/example_skip_dag.py took 0.037 seconds
[2025-08-19T21:52:41.050+0000] {processor.py:161} INFO - Started process (PID=351) to work on /home/airflow/.local/lib/python3.8/site-packages/airflow/example_dags/example_skip_dag.py
[2025-08-19T21:52:41.052+0000] {processor.py:830} INFO - Processing file /home/airflow/.local/lib/python3.8/site-packages/airflow/example_dags/example_skip_dag.py for tasks to queue
[2025-08-19T21:52:41.053+0000] {logging_mixin.py:188} INFO - [2025-08-19T21:52:41.053+0000] {dagbag.py:538} INFO - Filling up the DagBag from /home/airflow/.local/lib/python3.8/site-packages/airflow/example_dags/example_skip_dag.py
[2025-08-19T21:52:41.057+0000] {processor.py:840} INFO - DAG(s) 'example_skip_dag' retrieved from /home/airflow/.local/lib/python3.8/site-packages/airflow/example_dags/example_skip_dag.py
[2025-08-19T21:52:41.067+0000] {logging_mixin.py:188} INFO - [2025-08-19T21:52:41.067+0000] {dag.py:3036} INFO - Sync 1 DAGs
[2025-08-19T21:52:41.076+0000] {logging_mixin.py:188} INFO - [2025-08-19T21:52:41.075+0000] {dag.py:3823} INFO - Setting next_dagrun for example_skip_dag to 2025-08-18 00:00:00+00:00, run_after=2025-08-19 00:00:00+00:00
[2025-08-19T21:52:41.085+0000] {processor.py:183} INFO - Processing /home/airflow/.local/lib/python3.8/site-packages/airflow/example_dags/example_skip_dag.py took 0.037 seconds
[2025-08-19T21:53:11.665+0000] {processor.py:161} INFO - Started process (PID=407) to work on /home/airflow/.local/lib/python3.8/site-packages/airflow/example_dags/example_skip_dag.py
[2025-08-19T21:53:11.665+0000] {processor.py:830} INFO - Processing file /home/airflow/.local/lib/python3.8/site-packages/airflow/example_dags/example_skip_dag.py for tasks to queue
[2025-08-19T21:53:11.666+0000] {logging_mixin.py:188} INFO - [2025-08-19T21:53:11.666+0000] {dagbag.py:538} INFO - Filling up the DagBag from /home/airflow/.local/lib/python3.8/site-packages/airflow/example_dags/example_skip_dag.py
[2025-08-19T21:53:11.669+0000] {processor.py:840} INFO - DAG(s) 'example_skip_dag' retrieved from /home/airflow/.local/lib/python3.8/site-packages/airflow/example_dags/example_skip_dag.py
[2025-08-19T21:53:11.679+0000] {logging_mixin.py:188} INFO - [2025-08-19T21:53:11.679+0000] {dag.py:3036} INFO - Sync 1 DAGs
[2025-08-19T21:53:11.689+0000] {logging_mixin.py:188} INFO - [2025-08-19T21:53:11.689+0000] {dag.py:3823} INFO - Setting next_dagrun for example_skip_dag to 2025-08-18 00:00:00+00:00, run_after=2025-08-19 00:00:00+00:00
[2025-08-19T21:53:11.698+0000] {processor.py:183} INFO - Processing /home/airflow/.local/lib/python3.8/site-packages/airflow/example_dags/example_skip_dag.py took 0.035 seconds
[2025-08-19T21:53:42.357+0000] {processor.py:161} INFO - Started process (PID=463) to work on /home/airflow/.local/lib/python3.8/site-packages/airflow/example_dags/example_skip_dag.py
[2025-08-19T21:53:42.358+0000] {processor.py:830} INFO - Processing file /home/airflow/.local/lib/python3.8/site-packages/airflow/example_dags/example_skip_dag.py for tasks to queue
[2025-08-19T21:53:42.358+0000] {logging_mixin.py:188} INFO - [2025-08-19T21:53:42.358+0000] {dagbag.py:538} INFO - Filling up the DagBag from /home/airflow/.local/lib/python3.8/site-packages/airflow/example_dags/example_skip_dag.py
[2025-08-19T21:53:42.361+0000] {processor.py:840} INFO - DAG(s) 'example_skip_dag' retrieved from /home/airflow/.local/lib/python3.8/site-packages/airflow/example_dags/example_skip_dag.py
[2025-08-19T21:53:42.371+0000] {logging_mixin.py:188} INFO - [2025-08-19T21:53:42.370+0000] {dag.py:3036} INFO - Sync 1 DAGs
[2025-08-19T21:53:42.380+0000] {logging_mixin.py:188} INFO - [2025-08-19T21:53:42.380+0000] {dag.py:3823} INFO - Setting next_dagrun for example_skip_dag to 2025-08-18 00:00:00+00:00, run_after=2025-08-19 00:00:00+00:00
[2025-08-19T21:53:42.389+0000] {processor.py:183} INFO - Processing /home/airflow/.local/lib/python3.8/site-packages/airflow/example_dags/example_skip_dag.py took 0.034 seconds
[2025-08-19T21:54:12.952+0000] {processor.py:161} INFO - Started process (PID=519) to work on /home/airflow/.local/lib/python3.8/site-packages/airflow/example_dags/example_skip_dag.py
[2025-08-19T21:54:12.953+0000] {processor.py:830} INFO - Processing file /home/airflow/.local/lib/python3.8/site-packages/airflow/example_dags/example_skip_dag.py for tasks to queue
[2025-08-19T21:54:12.954+0000] {logging_mixin.py:188} INFO - [2025-08-19T21:54:12.954+0000] {dagbag.py:538} INFO - Filling up the DagBag from /home/airflow/.local/lib/python3.8/site-packages/airflow/example_dags/example_skip_dag.py
[2025-08-19T21:54:12.957+0000] {processor.py:840} INFO - DAG(s) 'example_skip_dag' retrieved from /home/airflow/.local/lib/python3.8/site-packages/airflow/example_dags/example_skip_dag.py
[2025-08-19T21:54:12.967+0000] {logging_mixin.py:188} INFO - [2025-08-19T21:54:12.967+0000] {dag.py:3036} INFO - Sync 1 DAGs
[2025-08-19T21:54:12.976+0000] {logging_mixin.py:188} INFO - [2025-08-19T21:54:12.976+0000] {dag.py:3823} INFO - Setting next_dagrun for example_skip_dag to 2025-08-18 00:00:00+00:00, run_after=2025-08-19 00:00:00+00:00
[2025-08-19T21:54:12.985+0000] {processor.py:183} INFO - Processing /home/airflow/.local/lib/python3.8/site-packages/airflow/example_dags/example_skip_dag.py took 0.035 seconds
[2025-08-19T21:54:43.526+0000] {processor.py:161} INFO - Started process (PID=575) to work on /home/airflow/.local/lib/python3.8/site-packages/airflow/example_dags/example_skip_dag.py
[2025-08-19T21:54:43.527+0000] {processor.py:830} INFO - Processing file /home/airflow/.local/lib/python3.8/site-packages/airflow/example_dags/example_skip_dag.py for tasks to queue
[2025-08-19T21:54:43.528+0000] {logging_mixin.py:188} INFO - [2025-08-19T21:54:43.527+0000] {dagbag.py:538} INFO - Filling up the DagBag from /home/airflow/.local/lib/python3.8/site-packages/airflow/example_dags/example_skip_dag.py
[2025-08-19T21:54:43.532+0000] {processor.py:840} INFO - DAG(s) 'example_skip_dag' retrieved from /home/airflow/.local/lib/python3.8/site-packages/airflow/example_dags/example_skip_dag.py
[2025-08-19T21:54:43.545+0000] {logging_mixin.py:188} INFO - [2025-08-19T21:54:43.545+0000] {dag.py:3036} INFO - Sync 1 DAGs
[2025-08-19T21:54:43.555+0000] {logging_mixin.py:188} INFO - [2025-08-19T21:54:43.555+0000] {dag.py:3823} INFO - Setting next_dagrun for example_skip_dag to 2025-08-18 00:00:00+00:00, run_after=2025-08-19 00:00:00+00:00
[2025-08-19T21:54:43.563+0000] {processor.py:183} INFO - Processing /home/airflow/.local/lib/python3.8/site-packages/airflow/example_dags/example_skip_dag.py took 0.040 seconds
[2025-08-19T21:55:14.091+0000] {processor.py:161} INFO - Started process (PID=631) to work on /home/airflow/.local/lib/python3.8/site-packages/airflow/example_dags/example_skip_dag.py
[2025-08-19T21:55:14.092+0000] {processor.py:830} INFO - Processing file /home/airflow/.local/lib/python3.8/site-packages/airflow/example_dags/example_skip_dag.py for tasks to queue
[2025-08-19T21:55:14.093+0000] {logging_mixin.py:188} INFO - [2025-08-19T21:55:14.093+0000] {dagbag.py:538} INFO - Filling up the DagBag from /home/airflow/.local/lib/python3.8/site-packages/airflow/example_dags/example_skip_dag.py
[2025-08-19T21:55:14.096+0000] {processor.py:840} INFO - DAG(s) 'example_skip_dag' retrieved from /home/airflow/.local/lib/python3.8/site-packages/airflow/example_dags/example_skip_dag.py
[2025-08-19T21:55:14.106+0000] {logging_mixin.py:188} INFO - [2025-08-19T21:55:14.106+0000] {dag.py:3036} INFO - Sync 1 DAGs
[2025-08-19T21:55:14.113+0000] {logging_mixin.py:188} INFO - [2025-08-19T21:55:14.113+0000] {dag.py:3823} INFO - Setting next_dagrun for example_skip_dag to 2025-08-18 00:00:00+00:00, run_after=2025-08-19 00:00:00+00:00
[2025-08-19T21:55:14.122+0000] {processor.py:183} INFO - Processing /home/airflow/.local/lib/python3.8/site-packages/airflow/example_dags/example_skip_dag.py took 0.034 seconds
[2025-08-19T21:55:44.709+0000] {processor.py:161} INFO - Started process (PID=687) to work on /home/airflow/.local/lib/python3.8/site-packages/airflow/example_dags/example_skip_dag.py
[2025-08-19T21:55:44.710+0000] {processor.py:830} INFO - Processing file /home/airflow/.local/lib/python3.8/site-packages/airflow/example_dags/example_skip_dag.py for tasks to queue
[2025-08-19T21:55:44.710+0000] {logging_mixin.py:188} INFO - [2025-08-19T21:55:44.710+0000] {dagbag.py:538} INFO - Filling up the DagBag from /home/airflow/.local/lib/python3.8/site-packages/airflow/example_dags/example_skip_dag.py
[2025-08-19T21:55:44.713+0000] {processor.py:840} INFO - DAG(s) 'example_skip_dag' retrieved from /home/airflow/.local/lib/python3.8/site-packages/airflow/example_dags/example_skip_dag.py
[2025-08-19T21:55:44.724+0000] {logging_mixin.py:188} INFO - [2025-08-19T21:55:44.724+0000] {dag.py:3036} INFO - Sync 1 DAGs
[2025-08-19T21:55:44.733+0000] {logging_mixin.py:188} INFO - [2025-08-19T21:55:44.733+0000] {dag.py:3823} INFO - Setting next_dagrun for example_skip_dag to 2025-08-18 00:00:00+00:00, run_after=2025-08-19 00:00:00+00:00
[2025-08-19T21:55:44.743+0000] {processor.py:183} INFO - Processing /home/airflow/.local/lib/python3.8/site-packages/airflow/example_dags/example_skip_dag.py took 0.035 seconds
[2025-08-19T21:56:15.365+0000] {processor.py:161} INFO - Started process (PID=743) to work on /home/airflow/.local/lib/python3.8/site-packages/airflow/example_dags/example_skip_dag.py
[2025-08-19T21:56:15.366+0000] {processor.py:830} INFO - Processing file /home/airflow/.local/lib/python3.8/site-packages/airflow/example_dags/example_skip_dag.py for tasks to queue
[2025-08-19T21:56:15.367+0000] {logging_mixin.py:188} INFO - [2025-08-19T21:56:15.367+0000] {dagbag.py:538} INFO - Filling up the DagBag from /home/airflow/.local/lib/python3.8/site-packages/airflow/example_dags/example_skip_dag.py
[2025-08-19T21:56:15.370+0000] {processor.py:840} INFO - DAG(s) 'example_skip_dag' retrieved from /home/airflow/.local/lib/python3.8/site-packages/airflow/example_dags/example_skip_dag.py
[2025-08-19T21:56:15.379+0000] {logging_mixin.py:188} INFO - [2025-08-19T21:56:15.379+0000] {dag.py:3036} INFO - Sync 1 DAGs
[2025-08-19T21:56:15.388+0000] {logging_mixin.py:188} INFO - [2025-08-19T21:56:15.387+0000] {dag.py:3823} INFO - Setting next_dagrun for example_skip_dag to 2025-08-18 00:00:00+00:00, run_after=2025-08-19 00:00:00+00:00
[2025-08-19T21:56:15.397+0000] {processor.py:183} INFO - Processing /home/airflow/.local/lib/python3.8/site-packages/airflow/example_dags/example_skip_dag.py took 0.034 seconds
[2025-08-19T21:56:45.972+0000] {processor.py:161} INFO - Started process (PID=799) to work on /home/airflow/.local/lib/python3.8/site-packages/airflow/example_dags/example_skip_dag.py
[2025-08-19T21:56:45.972+0000] {processor.py:830} INFO - Processing file /home/airflow/.local/lib/python3.8/site-packages/airflow/example_dags/example_skip_dag.py for tasks to queue
[2025-08-19T21:56:45.973+0000] {logging_mixin.py:188} INFO - [2025-08-19T21:56:45.973+0000] {dagbag.py:538} INFO - Filling up the DagBag from /home/airflow/.local/lib/python3.8/site-packages/airflow/example_dags/example_skip_dag.py
[2025-08-19T21:56:45.978+0000] {processor.py:840} INFO - DAG(s) 'example_skip_dag' retrieved from /home/airflow/.local/lib/python3.8/site-packages/airflow/example_dags/example_skip_dag.py
[2025-08-19T21:56:45.992+0000] {logging_mixin.py:188} INFO - [2025-08-19T21:56:45.992+0000] {dag.py:3036} INFO - Sync 1 DAGs
[2025-08-19T21:56:46.005+0000] {logging_mixin.py:188} INFO - [2025-08-19T21:56:46.005+0000] {dag.py:3823} INFO - Setting next_dagrun for example_skip_dag to 2025-08-18 00:00:00+00:00, run_after=2025-08-19 00:00:00+00:00
[2025-08-19T21:56:46.013+0000] {processor.py:183} INFO - Processing /home/airflow/.local/lib/python3.8/site-packages/airflow/example_dags/example_skip_dag.py took 0.043 seconds
[2025-08-19T21:57:16.620+0000] {processor.py:161} INFO - Started process (PID=855) to work on /home/airflow/.local/lib/python3.8/site-packages/airflow/example_dags/example_skip_dag.py
[2025-08-19T21:57:16.621+0000] {processor.py:830} INFO - Processing file /home/airflow/.local/lib/python3.8/site-packages/airflow/example_dags/example_skip_dag.py for tasks to queue
[2025-08-19T21:57:16.622+0000] {logging_mixin.py:188} INFO - [2025-08-19T21:57:16.622+0000] {dagbag.py:538} INFO - Filling up the DagBag from /home/airflow/.local/lib/python3.8/site-packages/airflow/example_dags/example_skip_dag.py
[2025-08-19T21:57:16.625+0000] {processor.py:840} INFO - DAG(s) 'example_skip_dag' retrieved from /home/airflow/.local/lib/python3.8/site-packages/airflow/example_dags/example_skip_dag.py
[2025-08-19T21:57:16.634+0000] {logging_mixin.py:188} INFO - [2025-08-19T21:57:16.633+0000] {dag.py:3036} INFO - Sync 1 DAGs
[2025-08-19T21:57:16.644+0000] {logging_mixin.py:188} INFO - [2025-08-19T21:57:16.644+0000] {dag.py:3823} INFO - Setting next_dagrun for example_skip_dag to 2025-08-18 00:00:00+00:00, run_after=2025-08-19 00:00:00+00:00
[2025-08-19T21:57:16.653+0000] {processor.py:183} INFO - Processing /home/airflow/.local/lib/python3.8/site-packages/airflow/example_dags/example_skip_dag.py took 0.034 seconds
[2025-08-19T21:57:47.204+0000] {processor.py:161} INFO - Started process (PID=911) to work on /home/airflow/.local/lib/python3.8/site-packages/airflow/example_dags/example_skip_dag.py
[2025-08-19T21:57:47.205+0000] {processor.py:830} INFO - Processing file /home/airflow/.local/lib/python3.8/site-packages/airflow/example_dags/example_skip_dag.py for tasks to queue
[2025-08-19T21:57:47.205+0000] {logging_mixin.py:188} INFO - [2025-08-19T21:57:47.205+0000] {dagbag.py:538} INFO - Filling up the DagBag from /home/airflow/.local/lib/python3.8/site-packages/airflow/example_dags/example_skip_dag.py
[2025-08-19T21:57:47.209+0000] {processor.py:840} INFO - DAG(s) 'example_skip_dag' retrieved from /home/airflow/.local/lib/python3.8/site-packages/airflow/example_dags/example_skip_dag.py
[2025-08-19T21:57:47.219+0000] {logging_mixin.py:188} INFO - [2025-08-19T21:57:47.219+0000] {dag.py:3036} INFO - Sync 1 DAGs
[2025-08-19T21:57:47.228+0000] {logging_mixin.py:188} INFO - [2025-08-19T21:57:47.228+0000] {dag.py:3823} INFO - Setting next_dagrun for example_skip_dag to 2025-08-18 00:00:00+00:00, run_after=2025-08-19 00:00:00+00:00
[2025-08-19T21:57:47.237+0000] {processor.py:183} INFO - Processing /home/airflow/.local/lib/python3.8/site-packages/airflow/example_dags/example_skip_dag.py took 0.035 seconds
[2025-08-19T21:58:17.766+0000] {processor.py:161} INFO - Started process (PID=967) to work on /home/airflow/.local/lib/python3.8/site-packages/airflow/example_dags/example_skip_dag.py
[2025-08-19T21:58:17.767+0000] {processor.py:830} INFO - Processing file /home/airflow/.local/lib/python3.8/site-packages/airflow/example_dags/example_skip_dag.py for tasks to queue
[2025-08-19T21:58:17.768+0000] {logging_mixin.py:188} INFO - [2025-08-19T21:58:17.768+0000] {dagbag.py:538} INFO - Filling up the DagBag from /home/airflow/.local/lib/python3.8/site-packages/airflow/example_dags/example_skip_dag.py
[2025-08-19T21:58:17.771+0000] {processor.py:840} INFO - DAG(s) 'example_skip_dag' retrieved from /home/airflow/.local/lib/python3.8/site-packages/airflow/example_dags/example_skip_dag.py
[2025-08-19T21:58:17.782+0000] {logging_mixin.py:188} INFO - [2025-08-19T21:58:17.781+0000] {dag.py:3036} INFO - Sync 1 DAGs
[2025-08-19T21:58:17.789+0000] {logging_mixin.py:188} INFO - [2025-08-19T21:58:17.789+0000] {dag.py:3823} INFO - Setting next_dagrun for example_skip_dag to 2025-08-18 00:00:00+00:00, run_after=2025-08-19 00:00:00+00:00
[2025-08-19T21:58:17.799+0000] {processor.py:183} INFO - Processing /home/airflow/.local/lib/python3.8/site-packages/airflow/example_dags/example_skip_dag.py took 0.034 seconds
[2025-08-19T21:58:48.337+0000] {processor.py:161} INFO - Started process (PID=1023) to work on /home/airflow/.local/lib/python3.8/site-packages/airflow/example_dags/example_skip_dag.py
[2025-08-19T21:58:48.338+0000] {processor.py:830} INFO - Processing file /home/airflow/.local/lib/python3.8/site-packages/airflow/example_dags/example_skip_dag.py for tasks to queue
[2025-08-19T21:58:48.338+0000] {logging_mixin.py:188} INFO - [2025-08-19T21:58:48.338+0000] {dagbag.py:538} INFO - Filling up the DagBag from /home/airflow/.local/lib/python3.8/site-packages/airflow/example_dags/example_skip_dag.py
[2025-08-19T21:58:48.341+0000] {processor.py:840} INFO - DAG(s) 'example_skip_dag' retrieved from /home/airflow/.local/lib/python3.8/site-packages/airflow/example_dags/example_skip_dag.py
[2025-08-19T21:58:48.352+0000] {logging_mixin.py:188} INFO - [2025-08-19T21:58:48.352+0000] {dag.py:3036} INFO - Sync 1 DAGs
[2025-08-19T21:58:48.360+0000] {logging_mixin.py:188} INFO - [2025-08-19T21:58:48.360+0000] {dag.py:3823} INFO - Setting next_dagrun for example_skip_dag to 2025-08-18 00:00:00+00:00, run_after=2025-08-19 00:00:00+00:00
[2025-08-19T21:58:48.369+0000] {processor.py:183} INFO - Processing /home/airflow/.local/lib/python3.8/site-packages/airflow/example_dags/example_skip_dag.py took 0.033 seconds
[2025-08-19T21:59:18.852+0000] {processor.py:161} INFO - Started process (PID=1079) to work on /home/airflow/.local/lib/python3.8/site-packages/airflow/example_dags/example_skip_dag.py
[2025-08-19T21:59:18.854+0000] {processor.py:830} INFO - Processing file /home/airflow/.local/lib/python3.8/site-packages/airflow/example_dags/example_skip_dag.py for tasks to queue
[2025-08-19T21:59:18.855+0000] {logging_mixin.py:188} INFO - [2025-08-19T21:59:18.855+0000] {dagbag.py:538} INFO - Filling up the DagBag from /home/airflow/.local/lib/python3.8/site-packages/airflow/example_dags/example_skip_dag.py
[2025-08-19T21:59:18.859+0000] {processor.py:840} INFO - DAG(s) 'example_skip_dag' retrieved from /home/airflow/.local/lib/python3.8/site-packages/airflow/example_dags/example_skip_dag.py
[2025-08-19T21:59:18.868+0000] {logging_mixin.py:188} INFO - [2025-08-19T21:59:18.868+0000] {dag.py:3036} INFO - Sync 1 DAGs
[2025-08-19T21:59:18.876+0000] {logging_mixin.py:188} INFO - [2025-08-19T21:59:18.876+0000] {dag.py:3823} INFO - Setting next_dagrun for example_skip_dag to 2025-08-18 00:00:00+00:00, run_after=2025-08-19 00:00:00+00:00
[2025-08-19T21:59:18.884+0000] {processor.py:183} INFO - Processing /home/airflow/.local/lib/python3.8/site-packages/airflow/example_dags/example_skip_dag.py took 0.034 seconds
[2025-08-19T21:59:49.376+0000] {processor.py:161} INFO - Started process (PID=1135) to work on /home/airflow/.local/lib/python3.8/site-packages/airflow/example_dags/example_skip_dag.py
[2025-08-19T21:59:49.377+0000] {processor.py:830} INFO - Processing file /home/airflow/.local/lib/python3.8/site-packages/airflow/example_dags/example_skip_dag.py for tasks to queue
[2025-08-19T21:59:49.378+0000] {logging_mixin.py:188} INFO - [2025-08-19T21:59:49.378+0000] {dagbag.py:538} INFO - Filling up the DagBag from /home/airflow/.local/lib/python3.8/site-packages/airflow/example_dags/example_skip_dag.py
[2025-08-19T21:59:49.381+0000] {processor.py:840} INFO - DAG(s) 'example_skip_dag' retrieved from /home/airflow/.local/lib/python3.8/site-packages/airflow/example_dags/example_skip_dag.py
[2025-08-19T21:59:49.389+0000] {logging_mixin.py:188} INFO - [2025-08-19T21:59:49.389+0000] {dag.py:3036} INFO - Sync 1 DAGs
[2025-08-19T21:59:49.398+0000] {logging_mixin.py:188} INFO - [2025-08-19T21:59:49.398+0000] {dag.py:3823} INFO - Setting next_dagrun for example_skip_dag to 2025-08-18 00:00:00+00:00, run_after=2025-08-19 00:00:00+00:00
[2025-08-19T21:59:49.406+0000] {processor.py:183} INFO - Processing /home/airflow/.local/lib/python3.8/site-packages/airflow/example_dags/example_skip_dag.py took 0.031 seconds
[2025-08-19T22:00:19.932+0000] {processor.py:161} INFO - Started process (PID=1191) to work on /home/airflow/.local/lib/python3.8/site-packages/airflow/example_dags/example_skip_dag.py
[2025-08-19T22:00:19.932+0000] {processor.py:830} INFO - Processing file /home/airflow/.local/lib/python3.8/site-packages/airflow/example_dags/example_skip_dag.py for tasks to queue
[2025-08-19T22:00:19.933+0000] {logging_mixin.py:188} INFO - [2025-08-19T22:00:19.933+0000] {dagbag.py:538} INFO - Filling up the DagBag from /home/airflow/.local/lib/python3.8/site-packages/airflow/example_dags/example_skip_dag.py
[2025-08-19T22:00:19.936+0000] {processor.py:840} INFO - DAG(s) 'example_skip_dag' retrieved from /home/airflow/.local/lib/python3.8/site-packages/airflow/example_dags/example_skip_dag.py
[2025-08-19T22:00:19.946+0000] {logging_mixin.py:188} INFO - [2025-08-19T22:00:19.946+0000] {dag.py:3036} INFO - Sync 1 DAGs
[2025-08-19T22:00:19.956+0000] {logging_mixin.py:188} INFO - [2025-08-19T22:00:19.956+0000] {dag.py:3823} INFO - Setting next_dagrun for example_skip_dag to 2025-08-18 00:00:00+00:00, run_after=2025-08-19 00:00:00+00:00
[2025-08-19T22:00:19.966+0000] {processor.py:183} INFO - Processing /home/airflow/.local/lib/python3.8/site-packages/airflow/example_dags/example_skip_dag.py took 0.037 seconds
[2025-08-19T22:00:50.443+0000] {processor.py:161} INFO - Started process (PID=1247) to work on /home/airflow/.local/lib/python3.8/site-packages/airflow/example_dags/example_skip_dag.py
[2025-08-19T22:00:50.444+0000] {processor.py:830} INFO - Processing file /home/airflow/.local/lib/python3.8/site-packages/airflow/example_dags/example_skip_dag.py for tasks to queue
[2025-08-19T22:00:50.446+0000] {logging_mixin.py:188} INFO - [2025-08-19T22:00:50.445+0000] {dagbag.py:538} INFO - Filling up the DagBag from /home/airflow/.local/lib/python3.8/site-packages/airflow/example_dags/example_skip_dag.py
[2025-08-19T22:00:50.449+0000] {processor.py:840} INFO - DAG(s) 'example_skip_dag' retrieved from /home/airflow/.local/lib/python3.8/site-packages/airflow/example_dags/example_skip_dag.py
[2025-08-19T22:00:50.460+0000] {logging_mixin.py:188} INFO - [2025-08-19T22:00:50.460+0000] {dag.py:3036} INFO - Sync 1 DAGs
[2025-08-19T22:00:50.468+0000] {logging_mixin.py:188} INFO - [2025-08-19T22:00:50.468+0000] {dag.py:3823} INFO - Setting next_dagrun for example_skip_dag to 2025-08-18 00:00:00+00:00, run_after=2025-08-19 00:00:00+00:00
[2025-08-19T22:00:50.478+0000] {processor.py:183} INFO - Processing /home/airflow/.local/lib/python3.8/site-packages/airflow/example_dags/example_skip_dag.py took 0.036 seconds
[2025-08-19T22:01:21.300+0000] {processor.py:161} INFO - Started process (PID=1303) to work on /home/airflow/.local/lib/python3.8/site-packages/airflow/example_dags/example_skip_dag.py
[2025-08-19T22:01:21.302+0000] {processor.py:830} INFO - Processing file /home/airflow/.local/lib/python3.8/site-packages/airflow/example_dags/example_skip_dag.py for tasks to queue
[2025-08-19T22:01:21.303+0000] {logging_mixin.py:188} INFO - [2025-08-19T22:01:21.303+0000] {dagbag.py:538} INFO - Filling up the DagBag from /home/airflow/.local/lib/python3.8/site-packages/airflow/example_dags/example_skip_dag.py
[2025-08-19T22:01:21.312+0000] {processor.py:840} INFO - DAG(s) 'example_skip_dag' retrieved from /home/airflow/.local/lib/python3.8/site-packages/airflow/example_dags/example_skip_dag.py
[2025-08-19T22:01:21.343+0000] {logging_mixin.py:188} INFO - [2025-08-19T22:01:21.343+0000] {dag.py:3036} INFO - Sync 1 DAGs
[2025-08-19T22:01:21.367+0000] {logging_mixin.py:188} INFO - [2025-08-19T22:01:21.366+0000] {dag.py:3823} INFO - Setting next_dagrun for example_skip_dag to 2025-08-18 00:00:00+00:00, run_after=2025-08-19 00:00:00+00:00
[2025-08-19T22:01:21.397+0000] {processor.py:183} INFO - Processing /home/airflow/.local/lib/python3.8/site-packages/airflow/example_dags/example_skip_dag.py took 0.099 seconds
[2025-08-19T22:01:51.410+0000] {processor.py:161} INFO - Started process (PID=1359) to work on /home/airflow/.local/lib/python3.8/site-packages/airflow/example_dags/example_skip_dag.py
[2025-08-19T22:01:51.411+0000] {processor.py:830} INFO - Processing file /home/airflow/.local/lib/python3.8/site-packages/airflow/example_dags/example_skip_dag.py for tasks to queue
[2025-08-19T22:01:51.412+0000] {logging_mixin.py:188} INFO - [2025-08-19T22:01:51.412+0000] {dagbag.py:538} INFO - Filling up the DagBag from /home/airflow/.local/lib/python3.8/site-packages/airflow/example_dags/example_skip_dag.py
[2025-08-19T22:01:51.415+0000] {processor.py:840} INFO - DAG(s) 'example_skip_dag' retrieved from /home/airflow/.local/lib/python3.8/site-packages/airflow/example_dags/example_skip_dag.py
[2025-08-19T22:01:51.423+0000] {logging_mixin.py:188} INFO - [2025-08-19T22:01:51.423+0000] {dag.py:3036} INFO - Sync 1 DAGs
[2025-08-19T22:01:51.430+0000] {logging_mixin.py:188} INFO - [2025-08-19T22:01:51.430+0000] {dag.py:3823} INFO - Setting next_dagrun for example_skip_dag to 2025-08-18 00:00:00+00:00, run_after=2025-08-19 00:00:00+00:00
[2025-08-19T22:01:51.436+0000] {processor.py:183} INFO - Processing /home/airflow/.local/lib/python3.8/site-packages/airflow/example_dags/example_skip_dag.py took 0.027 seconds
[2025-08-19T22:02:22.334+0000] {processor.py:161} INFO - Started process (PID=1415) to work on /home/airflow/.local/lib/python3.8/site-packages/airflow/example_dags/example_skip_dag.py
[2025-08-19T22:02:22.335+0000] {processor.py:830} INFO - Processing file /home/airflow/.local/lib/python3.8/site-packages/airflow/example_dags/example_skip_dag.py for tasks to queue
[2025-08-19T22:02:22.335+0000] {logging_mixin.py:188} INFO - [2025-08-19T22:02:22.335+0000] {dagbag.py:538} INFO - Filling up the DagBag from /home/airflow/.local/lib/python3.8/site-packages/airflow/example_dags/example_skip_dag.py
[2025-08-19T22:02:22.338+0000] {processor.py:840} INFO - DAG(s) 'example_skip_dag' retrieved from /home/airflow/.local/lib/python3.8/site-packages/airflow/example_dags/example_skip_dag.py
[2025-08-19T22:02:22.352+0000] {logging_mixin.py:188} INFO - [2025-08-19T22:02:22.352+0000] {dag.py:3036} INFO - Sync 1 DAGs
[2025-08-19T22:02:22.362+0000] {logging_mixin.py:188} INFO - [2025-08-19T22:02:22.362+0000] {dag.py:3823} INFO - Setting next_dagrun for example_skip_dag to 2025-08-18 00:00:00+00:00, run_after=2025-08-19 00:00:00+00:00
[2025-08-19T22:02:22.370+0000] {processor.py:183} INFO - Processing /home/airflow/.local/lib/python3.8/site-packages/airflow/example_dags/example_skip_dag.py took 0.037 seconds
[2025-08-19T22:02:53.217+0000] {processor.py:161} INFO - Started process (PID=1471) to work on /home/airflow/.local/lib/python3.8/site-packages/airflow/example_dags/example_skip_dag.py
[2025-08-19T22:02:53.218+0000] {processor.py:830} INFO - Processing file /home/airflow/.local/lib/python3.8/site-packages/airflow/example_dags/example_skip_dag.py for tasks to queue
[2025-08-19T22:02:53.218+0000] {logging_mixin.py:188} INFO - [2025-08-19T22:02:53.218+0000] {dagbag.py:538} INFO - Filling up the DagBag from /home/airflow/.local/lib/python3.8/site-packages/airflow/example_dags/example_skip_dag.py
[2025-08-19T22:02:53.222+0000] {processor.py:840} INFO - DAG(s) 'example_skip_dag' retrieved from /home/airflow/.local/lib/python3.8/site-packages/airflow/example_dags/example_skip_dag.py
[2025-08-19T22:02:53.232+0000] {logging_mixin.py:188} INFO - [2025-08-19T22:02:53.232+0000] {dag.py:3036} INFO - Sync 1 DAGs
[2025-08-19T22:02:53.240+0000] {logging_mixin.py:188} INFO - [2025-08-19T22:02:53.240+0000] {dag.py:3823} INFO - Setting next_dagrun for example_skip_dag to 2025-08-18 00:00:00+00:00, run_after=2025-08-19 00:00:00+00:00
[2025-08-19T22:02:53.248+0000] {processor.py:183} INFO - Processing /home/airflow/.local/lib/python3.8/site-packages/airflow/example_dags/example_skip_dag.py took 0.032 seconds
[2025-08-19T22:03:24.168+0000] {processor.py:161} INFO - Started process (PID=1527) to work on /home/airflow/.local/lib/python3.8/site-packages/airflow/example_dags/example_skip_dag.py
[2025-08-19T22:03:24.169+0000] {processor.py:830} INFO - Processing file /home/airflow/.local/lib/python3.8/site-packages/airflow/example_dags/example_skip_dag.py for tasks to queue
[2025-08-19T22:03:24.171+0000] {logging_mixin.py:188} INFO - [2025-08-19T22:03:24.171+0000] {dagbag.py:538} INFO - Filling up the DagBag from /home/airflow/.local/lib/python3.8/site-packages/airflow/example_dags/example_skip_dag.py
[2025-08-19T22:03:24.174+0000] {processor.py:840} INFO - DAG(s) 'example_skip_dag' retrieved from /home/airflow/.local/lib/python3.8/site-packages/airflow/example_dags/example_skip_dag.py
[2025-08-19T22:03:24.190+0000] {logging_mixin.py:188} INFO - [2025-08-19T22:03:24.190+0000] {dag.py:3036} INFO - Sync 1 DAGs
[2025-08-19T22:03:24.198+0000] {logging_mixin.py:188} INFO - [2025-08-19T22:03:24.198+0000] {dag.py:3823} INFO - Setting next_dagrun for example_skip_dag to 2025-08-18 00:00:00+00:00, run_after=2025-08-19 00:00:00+00:00
[2025-08-19T22:03:24.207+0000] {processor.py:183} INFO - Processing /home/airflow/.local/lib/python3.8/site-packages/airflow/example_dags/example_skip_dag.py took 0.041 seconds
[2025-08-19T22:03:54.977+0000] {processor.py:161} INFO - Started process (PID=1583) to work on /home/airflow/.local/lib/python3.8/site-packages/airflow/example_dags/example_skip_dag.py
[2025-08-19T22:03:54.979+0000] {processor.py:830} INFO - Processing file /home/airflow/.local/lib/python3.8/site-packages/airflow/example_dags/example_skip_dag.py for tasks to queue
[2025-08-19T22:03:54.980+0000] {logging_mixin.py:188} INFO - [2025-08-19T22:03:54.980+0000] {dagbag.py:538} INFO - Filling up the DagBag from /home/airflow/.local/lib/python3.8/site-packages/airflow/example_dags/example_skip_dag.py
[2025-08-19T22:03:54.983+0000] {processor.py:840} INFO - DAG(s) 'example_skip_dag' retrieved from /home/airflow/.local/lib/python3.8/site-packages/airflow/example_dags/example_skip_dag.py
[2025-08-19T22:03:54.991+0000] {logging_mixin.py:188} INFO - [2025-08-19T22:03:54.991+0000] {dag.py:3036} INFO - Sync 1 DAGs
[2025-08-19T22:03:55.002+0000] {logging_mixin.py:188} INFO - [2025-08-19T22:03:55.002+0000] {dag.py:3823} INFO - Setting next_dagrun for example_skip_dag to 2025-08-18 00:00:00+00:00, run_after=2025-08-19 00:00:00+00:00
[2025-08-19T22:03:55.011+0000] {processor.py:183} INFO - Processing /home/airflow/.local/lib/python3.8/site-packages/airflow/example_dags/example_skip_dag.py took 0.036 seconds
[2025-08-19T22:04:25.529+0000] {processor.py:161} INFO - Started process (PID=1639) to work on /home/airflow/.local/lib/python3.8/site-packages/airflow/example_dags/example_skip_dag.py
[2025-08-19T22:04:25.531+0000] {processor.py:830} INFO - Processing file /home/airflow/.local/lib/python3.8/site-packages/airflow/example_dags/example_skip_dag.py for tasks to queue
[2025-08-19T22:04:25.532+0000] {logging_mixin.py:188} INFO - [2025-08-19T22:04:25.532+0000] {dagbag.py:538} INFO - Filling up the DagBag from /home/airflow/.local/lib/python3.8/site-packages/airflow/example_dags/example_skip_dag.py
[2025-08-19T22:04:25.535+0000] {processor.py:840} INFO - DAG(s) 'example_skip_dag' retrieved from /home/airflow/.local/lib/python3.8/site-packages/airflow/example_dags/example_skip_dag.py
[2025-08-19T22:04:25.543+0000] {logging_mixin.py:188} INFO - [2025-08-19T22:04:25.543+0000] {dag.py:3036} INFO - Sync 1 DAGs
[2025-08-19T22:04:25.551+0000] {logging_mixin.py:188} INFO - [2025-08-19T22:04:25.551+0000] {dag.py:3823} INFO - Setting next_dagrun for example_skip_dag to 2025-08-18 00:00:00+00:00, run_after=2025-08-19 00:00:00+00:00
[2025-08-19T22:04:25.559+0000] {processor.py:183} INFO - Processing /home/airflow/.local/lib/python3.8/site-packages/airflow/example_dags/example_skip_dag.py took 0.031 seconds
[2025-08-19T22:04:55.956+0000] {processor.py:161} INFO - Started process (PID=1695) to work on /home/airflow/.local/lib/python3.8/site-packages/airflow/example_dags/example_skip_dag.py
[2025-08-19T22:04:55.956+0000] {processor.py:830} INFO - Processing file /home/airflow/.local/lib/python3.8/site-packages/airflow/example_dags/example_skip_dag.py for tasks to queue
[2025-08-19T22:04:55.957+0000] {logging_mixin.py:188} INFO - [2025-08-19T22:04:55.957+0000] {dagbag.py:538} INFO - Filling up the DagBag from /home/airflow/.local/lib/python3.8/site-packages/airflow/example_dags/example_skip_dag.py
[2025-08-19T22:04:55.961+0000] {processor.py:840} INFO - DAG(s) 'example_skip_dag' retrieved from /home/airflow/.local/lib/python3.8/site-packages/airflow/example_dags/example_skip_dag.py
[2025-08-19T22:04:55.969+0000] {logging_mixin.py:188} INFO - [2025-08-19T22:04:55.969+0000] {dag.py:3036} INFO - Sync 1 DAGs
[2025-08-19T22:04:55.977+0000] {logging_mixin.py:188} INFO - [2025-08-19T22:04:55.977+0000] {dag.py:3823} INFO - Setting next_dagrun for example_skip_dag to 2025-08-18 00:00:00+00:00, run_after=2025-08-19 00:00:00+00:00
[2025-08-19T22:04:55.990+0000] {processor.py:183} INFO - Processing /home/airflow/.local/lib/python3.8/site-packages/airflow/example_dags/example_skip_dag.py took 0.036 seconds
[2025-08-19T22:05:26.484+0000] {processor.py:161} INFO - Started process (PID=1751) to work on /home/airflow/.local/lib/python3.8/site-packages/airflow/example_dags/example_skip_dag.py
[2025-08-19T22:05:26.485+0000] {processor.py:830} INFO - Processing file /home/airflow/.local/lib/python3.8/site-packages/airflow/example_dags/example_skip_dag.py for tasks to queue
[2025-08-19T22:05:26.486+0000] {logging_mixin.py:188} INFO - [2025-08-19T22:05:26.486+0000] {dagbag.py:538} INFO - Filling up the DagBag from /home/airflow/.local/lib/python3.8/site-packages/airflow/example_dags/example_skip_dag.py
[2025-08-19T22:05:26.490+0000] {processor.py:840} INFO - DAG(s) 'example_skip_dag' retrieved from /home/airflow/.local/lib/python3.8/site-packages/airflow/example_dags/example_skip_dag.py
[2025-08-19T22:05:26.501+0000] {logging_mixin.py:188} INFO - [2025-08-19T22:05:26.501+0000] {dag.py:3036} INFO - Sync 1 DAGs
[2025-08-19T22:05:26.511+0000] {logging_mixin.py:188} INFO - [2025-08-19T22:05:26.511+0000] {dag.py:3823} INFO - Setting next_dagrun for example_skip_dag to 2025-08-18 00:00:00+00:00, run_after=2025-08-19 00:00:00+00:00
[2025-08-19T22:05:26.522+0000] {processor.py:183} INFO - Processing /home/airflow/.local/lib/python3.8/site-packages/airflow/example_dags/example_skip_dag.py took 0.041 seconds
[2025-08-19T22:05:56.578+0000] {processor.py:161} INFO - Started process (PID=1807) to work on /home/airflow/.local/lib/python3.8/site-packages/airflow/example_dags/example_skip_dag.py
[2025-08-19T22:05:56.579+0000] {processor.py:830} INFO - Processing file /home/airflow/.local/lib/python3.8/site-packages/airflow/example_dags/example_skip_dag.py for tasks to queue
[2025-08-19T22:05:56.580+0000] {logging_mixin.py:188} INFO - [2025-08-19T22:05:56.580+0000] {dagbag.py:538} INFO - Filling up the DagBag from /home/airflow/.local/lib/python3.8/site-packages/airflow/example_dags/example_skip_dag.py
[2025-08-19T22:05:56.583+0000] {processor.py:840} INFO - DAG(s) 'example_skip_dag' retrieved from /home/airflow/.local/lib/python3.8/site-packages/airflow/example_dags/example_skip_dag.py
[2025-08-19T22:05:56.595+0000] {logging_mixin.py:188} INFO - [2025-08-19T22:05:56.594+0000] {dag.py:3036} INFO - Sync 1 DAGs
[2025-08-19T22:05:56.604+0000] {logging_mixin.py:188} INFO - [2025-08-19T22:05:56.604+0000] {dag.py:3823} INFO - Setting next_dagrun for example_skip_dag to 2025-08-18 00:00:00+00:00, run_after=2025-08-19 00:00:00+00:00
[2025-08-19T22:05:56.614+0000] {processor.py:183} INFO - Processing /home/airflow/.local/lib/python3.8/site-packages/airflow/example_dags/example_skip_dag.py took 0.036 seconds
[2025-08-19T22:06:27.011+0000] {processor.py:161} INFO - Started process (PID=1863) to work on /home/airflow/.local/lib/python3.8/site-packages/airflow/example_dags/example_skip_dag.py
[2025-08-19T22:06:27.012+0000] {processor.py:830} INFO - Processing file /home/airflow/.local/lib/python3.8/site-packages/airflow/example_dags/example_skip_dag.py for tasks to queue
[2025-08-19T22:06:27.012+0000] {logging_mixin.py:188} INFO - [2025-08-19T22:06:27.012+0000] {dagbag.py:538} INFO - Filling up the DagBag from /home/airflow/.local/lib/python3.8/site-packages/airflow/example_dags/example_skip_dag.py
[2025-08-19T22:06:27.015+0000] {processor.py:840} INFO - DAG(s) 'example_skip_dag' retrieved from /home/airflow/.local/lib/python3.8/site-packages/airflow/example_dags/example_skip_dag.py
[2025-08-19T22:06:27.026+0000] {logging_mixin.py:188} INFO - [2025-08-19T22:06:27.026+0000] {dag.py:3036} INFO - Sync 1 DAGs
[2025-08-19T22:06:27.034+0000] {logging_mixin.py:188} INFO - [2025-08-19T22:06:27.034+0000] {dag.py:3823} INFO - Setting next_dagrun for example_skip_dag to 2025-08-18 00:00:00+00:00, run_after=2025-08-19 00:00:00+00:00
[2025-08-19T22:06:27.039+0000] {processor.py:183} INFO - Processing /home/airflow/.local/lib/python3.8/site-packages/airflow/example_dags/example_skip_dag.py took 0.030 seconds
[2025-08-19T22:06:57.592+0000] {processor.py:161} INFO - Started process (PID=1919) to work on /home/airflow/.local/lib/python3.8/site-packages/airflow/example_dags/example_skip_dag.py
[2025-08-19T22:06:57.592+0000] {processor.py:830} INFO - Processing file /home/airflow/.local/lib/python3.8/site-packages/airflow/example_dags/example_skip_dag.py for tasks to queue
[2025-08-19T22:06:57.593+0000] {logging_mixin.py:188} INFO - [2025-08-19T22:06:57.593+0000] {dagbag.py:538} INFO - Filling up the DagBag from /home/airflow/.local/lib/python3.8/site-packages/airflow/example_dags/example_skip_dag.py
[2025-08-19T22:06:57.596+0000] {processor.py:840} INFO - DAG(s) 'example_skip_dag' retrieved from /home/airflow/.local/lib/python3.8/site-packages/airflow/example_dags/example_skip_dag.py
[2025-08-19T22:06:57.608+0000] {logging_mixin.py:188} INFO - [2025-08-19T22:06:57.607+0000] {dag.py:3036} INFO - Sync 1 DAGs
[2025-08-19T22:06:57.616+0000] {logging_mixin.py:188} INFO - [2025-08-19T22:06:57.616+0000] {dag.py:3823} INFO - Setting next_dagrun for example_skip_dag to 2025-08-18 00:00:00+00:00, run_after=2025-08-19 00:00:00+00:00
[2025-08-19T22:06:57.622+0000] {processor.py:183} INFO - Processing /home/airflow/.local/lib/python3.8/site-packages/airflow/example_dags/example_skip_dag.py took 0.032 seconds
[2025-08-19T22:07:27.667+0000] {processor.py:161} INFO - Started process (PID=1974) to work on /home/airflow/.local/lib/python3.8/site-packages/airflow/example_dags/example_skip_dag.py
[2025-08-19T22:07:27.667+0000] {processor.py:830} INFO - Processing file /home/airflow/.local/lib/python3.8/site-packages/airflow/example_dags/example_skip_dag.py for tasks to queue
[2025-08-19T22:07:27.668+0000] {logging_mixin.py:188} INFO - [2025-08-19T22:07:27.668+0000] {dagbag.py:538} INFO - Filling up the DagBag from /home/airflow/.local/lib/python3.8/site-packages/airflow/example_dags/example_skip_dag.py
[2025-08-19T22:07:27.673+0000] {processor.py:840} INFO - DAG(s) 'example_skip_dag' retrieved from /home/airflow/.local/lib/python3.8/site-packages/airflow/example_dags/example_skip_dag.py
[2025-08-19T22:07:27.682+0000] {logging_mixin.py:188} INFO - [2025-08-19T22:07:27.682+0000] {dag.py:3036} INFO - Sync 1 DAGs
[2025-08-19T22:07:27.692+0000] {logging_mixin.py:188} INFO - [2025-08-19T22:07:27.692+0000] {dag.py:3823} INFO - Setting next_dagrun for example_skip_dag to 2025-08-18 00:00:00+00:00, run_after=2025-08-19 00:00:00+00:00
[2025-08-19T22:07:27.706+0000] {processor.py:183} INFO - Processing /home/airflow/.local/lib/python3.8/site-packages/airflow/example_dags/example_skip_dag.py took 0.041 seconds
[2025-08-19T22:07:58.387+0000] {processor.py:161} INFO - Started process (PID=2031) to work on /home/airflow/.local/lib/python3.8/site-packages/airflow/example_dags/example_skip_dag.py
[2025-08-19T22:07:58.389+0000] {processor.py:830} INFO - Processing file /home/airflow/.local/lib/python3.8/site-packages/airflow/example_dags/example_skip_dag.py for tasks to queue
[2025-08-19T22:07:58.390+0000] {logging_mixin.py:188} INFO - [2025-08-19T22:07:58.390+0000] {dagbag.py:538} INFO - Filling up the DagBag from /home/airflow/.local/lib/python3.8/site-packages/airflow/example_dags/example_skip_dag.py
[2025-08-19T22:07:58.393+0000] {processor.py:840} INFO - DAG(s) 'example_skip_dag' retrieved from /home/airflow/.local/lib/python3.8/site-packages/airflow/example_dags/example_skip_dag.py
[2025-08-19T22:07:58.410+0000] {logging_mixin.py:188} INFO - [2025-08-19T22:07:58.410+0000] {dag.py:3036} INFO - Sync 1 DAGs
[2025-08-19T22:07:58.424+0000] {logging_mixin.py:188} INFO - [2025-08-19T22:07:58.424+0000] {dag.py:3823} INFO - Setting next_dagrun for example_skip_dag to 2025-08-18 00:00:00+00:00, run_after=2025-08-19 00:00:00+00:00
[2025-08-19T22:07:58.432+0000] {processor.py:183} INFO - Processing /home/airflow/.local/lib/python3.8/site-packages/airflow/example_dags/example_skip_dag.py took 0.049 seconds
[2025-08-19T22:08:29.215+0000] {processor.py:161} INFO - Started process (PID=2087) to work on /home/airflow/.local/lib/python3.8/site-packages/airflow/example_dags/example_skip_dag.py
[2025-08-19T22:08:29.215+0000] {processor.py:830} INFO - Processing file /home/airflow/.local/lib/python3.8/site-packages/airflow/example_dags/example_skip_dag.py for tasks to queue
[2025-08-19T22:08:29.216+0000] {logging_mixin.py:188} INFO - [2025-08-19T22:08:29.216+0000] {dagbag.py:538} INFO - Filling up the DagBag from /home/airflow/.local/lib/python3.8/site-packages/airflow/example_dags/example_skip_dag.py
[2025-08-19T22:08:29.219+0000] {processor.py:840} INFO - DAG(s) 'example_skip_dag' retrieved from /home/airflow/.local/lib/python3.8/site-packages/airflow/example_dags/example_skip_dag.py
[2025-08-19T22:08:29.233+0000] {logging_mixin.py:188} INFO - [2025-08-19T22:08:29.233+0000] {dag.py:3036} INFO - Sync 1 DAGs
[2025-08-19T22:08:29.251+0000] {logging_mixin.py:188} INFO - [2025-08-19T22:08:29.251+0000] {dag.py:3823} INFO - Setting next_dagrun for example_skip_dag to 2025-08-18 00:00:00+00:00, run_after=2025-08-19 00:00:00+00:00
[2025-08-19T22:08:29.272+0000] {processor.py:183} INFO - Processing /home/airflow/.local/lib/python3.8/site-packages/airflow/example_dags/example_skip_dag.py took 0.059 seconds
[2025-08-19T22:08:59.764+0000] {processor.py:161} INFO - Started process (PID=2143) to work on /home/airflow/.local/lib/python3.8/site-packages/airflow/example_dags/example_skip_dag.py
[2025-08-19T22:08:59.767+0000] {processor.py:830} INFO - Processing file /home/airflow/.local/lib/python3.8/site-packages/airflow/example_dags/example_skip_dag.py for tasks to queue
[2025-08-19T22:08:59.767+0000] {logging_mixin.py:188} INFO - [2025-08-19T22:08:59.767+0000] {dagbag.py:538} INFO - Filling up the DagBag from /home/airflow/.local/lib/python3.8/site-packages/airflow/example_dags/example_skip_dag.py
[2025-08-19T22:08:59.770+0000] {processor.py:840} INFO - DAG(s) 'example_skip_dag' retrieved from /home/airflow/.local/lib/python3.8/site-packages/airflow/example_dags/example_skip_dag.py
[2025-08-19T22:08:59.778+0000] {logging_mixin.py:188} INFO - [2025-08-19T22:08:59.778+0000] {dag.py:3036} INFO - Sync 1 DAGs
[2025-08-19T22:08:59.786+0000] {logging_mixin.py:188} INFO - [2025-08-19T22:08:59.786+0000] {dag.py:3823} INFO - Setting next_dagrun for example_skip_dag to 2025-08-18 00:00:00+00:00, run_after=2025-08-19 00:00:00+00:00
[2025-08-19T22:08:59.799+0000] {processor.py:183} INFO - Processing /home/airflow/.local/lib/python3.8/site-packages/airflow/example_dags/example_skip_dag.py took 0.036 seconds
[2025-08-19T22:09:30.506+0000] {processor.py:161} INFO - Started process (PID=2199) to work on /home/airflow/.local/lib/python3.8/site-packages/airflow/example_dags/example_skip_dag.py
[2025-08-19T22:09:30.506+0000] {processor.py:830} INFO - Processing file /home/airflow/.local/lib/python3.8/site-packages/airflow/example_dags/example_skip_dag.py for tasks to queue
[2025-08-19T22:09:30.507+0000] {logging_mixin.py:188} INFO - [2025-08-19T22:09:30.507+0000] {dagbag.py:538} INFO - Filling up the DagBag from /home/airflow/.local/lib/python3.8/site-packages/airflow/example_dags/example_skip_dag.py
[2025-08-19T22:09:30.510+0000] {processor.py:840} INFO - DAG(s) 'example_skip_dag' retrieved from /home/airflow/.local/lib/python3.8/site-packages/airflow/example_dags/example_skip_dag.py
[2025-08-19T22:09:30.519+0000] {logging_mixin.py:188} INFO - [2025-08-19T22:09:30.519+0000] {dag.py:3036} INFO - Sync 1 DAGs
[2025-08-19T22:09:30.529+0000] {logging_mixin.py:188} INFO - [2025-08-19T22:09:30.528+0000] {dag.py:3823} INFO - Setting next_dagrun for example_skip_dag to 2025-08-18 00:00:00+00:00, run_after=2025-08-19 00:00:00+00:00
[2025-08-19T22:09:30.537+0000] {processor.py:183} INFO - Processing /home/airflow/.local/lib/python3.8/site-packages/airflow/example_dags/example_skip_dag.py took 0.033 seconds
[2025-08-19T22:10:01.087+0000] {processor.py:161} INFO - Started process (PID=2255) to work on /home/airflow/.local/lib/python3.8/site-packages/airflow/example_dags/example_skip_dag.py
[2025-08-19T22:10:01.087+0000] {processor.py:830} INFO - Processing file /home/airflow/.local/lib/python3.8/site-packages/airflow/example_dags/example_skip_dag.py for tasks to queue
[2025-08-19T22:10:01.088+0000] {logging_mixin.py:188} INFO - [2025-08-19T22:10:01.088+0000] {dagbag.py:538} INFO - Filling up the DagBag from /home/airflow/.local/lib/python3.8/site-packages/airflow/example_dags/example_skip_dag.py
[2025-08-19T22:10:01.091+0000] {processor.py:840} INFO - DAG(s) 'example_skip_dag' retrieved from /home/airflow/.local/lib/python3.8/site-packages/airflow/example_dags/example_skip_dag.py
[2025-08-19T22:10:01.101+0000] {logging_mixin.py:188} INFO - [2025-08-19T22:10:01.101+0000] {dag.py:3036} INFO - Sync 1 DAGs
[2025-08-19T22:10:01.110+0000] {logging_mixin.py:188} INFO - [2025-08-19T22:10:01.110+0000] {dag.py:3823} INFO - Setting next_dagrun for example_skip_dag to 2025-08-18 00:00:00+00:00, run_after=2025-08-19 00:00:00+00:00
[2025-08-19T22:10:01.116+0000] {processor.py:183} INFO - Processing /home/airflow/.local/lib/python3.8/site-packages/airflow/example_dags/example_skip_dag.py took 0.031 seconds
[2025-08-19T22:10:31.716+0000] {processor.py:161} INFO - Started process (PID=2311) to work on /home/airflow/.local/lib/python3.8/site-packages/airflow/example_dags/example_skip_dag.py
[2025-08-19T22:10:31.717+0000] {processor.py:830} INFO - Processing file /home/airflow/.local/lib/python3.8/site-packages/airflow/example_dags/example_skip_dag.py for tasks to queue
[2025-08-19T22:10:31.718+0000] {logging_mixin.py:188} INFO - [2025-08-19T22:10:31.718+0000] {dagbag.py:538} INFO - Filling up the DagBag from /home/airflow/.local/lib/python3.8/site-packages/airflow/example_dags/example_skip_dag.py
[2025-08-19T22:10:31.721+0000] {processor.py:840} INFO - DAG(s) 'example_skip_dag' retrieved from /home/airflow/.local/lib/python3.8/site-packages/airflow/example_dags/example_skip_dag.py
[2025-08-19T22:10:31.731+0000] {logging_mixin.py:188} INFO - [2025-08-19T22:10:31.731+0000] {dag.py:3036} INFO - Sync 1 DAGs
[2025-08-19T22:10:31.741+0000] {logging_mixin.py:188} INFO - [2025-08-19T22:10:31.740+0000] {dag.py:3823} INFO - Setting next_dagrun for example_skip_dag to 2025-08-18 00:00:00+00:00, run_after=2025-08-19 00:00:00+00:00
[2025-08-19T22:10:31.748+0000] {processor.py:183} INFO - Processing /home/airflow/.local/lib/python3.8/site-packages/airflow/example_dags/example_skip_dag.py took 0.033 seconds
[2025-08-19T22:11:02.369+0000] {processor.py:161} INFO - Started process (PID=2367) to work on /home/airflow/.local/lib/python3.8/site-packages/airflow/example_dags/example_skip_dag.py
[2025-08-19T22:11:02.370+0000] {processor.py:830} INFO - Processing file /home/airflow/.local/lib/python3.8/site-packages/airflow/example_dags/example_skip_dag.py for tasks to queue
[2025-08-19T22:11:02.371+0000] {logging_mixin.py:188} INFO - [2025-08-19T22:11:02.371+0000] {dagbag.py:538} INFO - Filling up the DagBag from /home/airflow/.local/lib/python3.8/site-packages/airflow/example_dags/example_skip_dag.py
[2025-08-19T22:11:02.374+0000] {processor.py:840} INFO - DAG(s) 'example_skip_dag' retrieved from /home/airflow/.local/lib/python3.8/site-packages/airflow/example_dags/example_skip_dag.py
[2025-08-19T22:11:02.389+0000] {logging_mixin.py:188} INFO - [2025-08-19T22:11:02.389+0000] {dag.py:3036} INFO - Sync 1 DAGs
[2025-08-19T22:11:02.399+0000] {logging_mixin.py:188} INFO - [2025-08-19T22:11:02.399+0000] {dag.py:3823} INFO - Setting next_dagrun for example_skip_dag to 2025-08-18 00:00:00+00:00, run_after=2025-08-19 00:00:00+00:00
[2025-08-19T22:11:02.406+0000] {processor.py:183} INFO - Processing /home/airflow/.local/lib/python3.8/site-packages/airflow/example_dags/example_skip_dag.py took 0.038 seconds
[2025-08-19T22:11:32.840+0000] {processor.py:161} INFO - Started process (PID=2423) to work on /home/airflow/.local/lib/python3.8/site-packages/airflow/example_dags/example_skip_dag.py
[2025-08-19T22:11:32.842+0000] {processor.py:830} INFO - Processing file /home/airflow/.local/lib/python3.8/site-packages/airflow/example_dags/example_skip_dag.py for tasks to queue
[2025-08-19T22:11:32.843+0000] {logging_mixin.py:188} INFO - [2025-08-19T22:11:32.843+0000] {dagbag.py:538} INFO - Filling up the DagBag from /home/airflow/.local/lib/python3.8/site-packages/airflow/example_dags/example_skip_dag.py
[2025-08-19T22:11:32.846+0000] {processor.py:840} INFO - DAG(s) 'example_skip_dag' retrieved from /home/airflow/.local/lib/python3.8/site-packages/airflow/example_dags/example_skip_dag.py
[2025-08-19T22:11:32.855+0000] {logging_mixin.py:188} INFO - [2025-08-19T22:11:32.854+0000] {dag.py:3036} INFO - Sync 1 DAGs
[2025-08-19T22:11:32.865+0000] {logging_mixin.py:188} INFO - [2025-08-19T22:11:32.865+0000] {dag.py:3823} INFO - Setting next_dagrun for example_skip_dag to 2025-08-18 00:00:00+00:00, run_after=2025-08-19 00:00:00+00:00
[2025-08-19T22:11:32.876+0000] {processor.py:183} INFO - Processing /home/airflow/.local/lib/python3.8/site-packages/airflow/example_dags/example_skip_dag.py took 0.037 seconds
[2025-08-19T22:12:03.354+0000] {processor.py:161} INFO - Started process (PID=2479) to work on /home/airflow/.local/lib/python3.8/site-packages/airflow/example_dags/example_skip_dag.py
[2025-08-19T22:12:03.354+0000] {processor.py:830} INFO - Processing file /home/airflow/.local/lib/python3.8/site-packages/airflow/example_dags/example_skip_dag.py for tasks to queue
[2025-08-19T22:12:03.355+0000] {logging_mixin.py:188} INFO - [2025-08-19T22:12:03.355+0000] {dagbag.py:538} INFO - Filling up the DagBag from /home/airflow/.local/lib/python3.8/site-packages/airflow/example_dags/example_skip_dag.py
[2025-08-19T22:12:03.358+0000] {processor.py:840} INFO - DAG(s) 'example_skip_dag' retrieved from /home/airflow/.local/lib/python3.8/site-packages/airflow/example_dags/example_skip_dag.py
[2025-08-19T22:12:03.368+0000] {logging_mixin.py:188} INFO - [2025-08-19T22:12:03.368+0000] {dag.py:3036} INFO - Sync 1 DAGs
[2025-08-19T22:12:03.376+0000] {logging_mixin.py:188} INFO - [2025-08-19T22:12:03.376+0000] {dag.py:3823} INFO - Setting next_dagrun for example_skip_dag to 2025-08-18 00:00:00+00:00, run_after=2025-08-19 00:00:00+00:00
[2025-08-19T22:12:03.382+0000] {processor.py:183} INFO - Processing /home/airflow/.local/lib/python3.8/site-packages/airflow/example_dags/example_skip_dag.py took 0.030 seconds
[2025-08-19T22:12:33.902+0000] {processor.py:161} INFO - Started process (PID=2535) to work on /home/airflow/.local/lib/python3.8/site-packages/airflow/example_dags/example_skip_dag.py
[2025-08-19T22:12:33.902+0000] {processor.py:830} INFO - Processing file /home/airflow/.local/lib/python3.8/site-packages/airflow/example_dags/example_skip_dag.py for tasks to queue
[2025-08-19T22:12:33.904+0000] {logging_mixin.py:188} INFO - [2025-08-19T22:12:33.903+0000] {dagbag.py:538} INFO - Filling up the DagBag from /home/airflow/.local/lib/python3.8/site-packages/airflow/example_dags/example_skip_dag.py
[2025-08-19T22:12:33.906+0000] {processor.py:840} INFO - DAG(s) 'example_skip_dag' retrieved from /home/airflow/.local/lib/python3.8/site-packages/airflow/example_dags/example_skip_dag.py
[2025-08-19T22:12:33.916+0000] {logging_mixin.py:188} INFO - [2025-08-19T22:12:33.916+0000] {dag.py:3036} INFO - Sync 1 DAGs
[2025-08-19T22:12:33.924+0000] {logging_mixin.py:188} INFO - [2025-08-19T22:12:33.924+0000] {dag.py:3823} INFO - Setting next_dagrun for example_skip_dag to 2025-08-18 00:00:00+00:00, run_after=2025-08-19 00:00:00+00:00
[2025-08-19T22:12:33.930+0000] {processor.py:183} INFO - Processing /home/airflow/.local/lib/python3.8/site-packages/airflow/example_dags/example_skip_dag.py took 0.030 seconds
[2025-08-19T22:13:04.527+0000] {processor.py:161} INFO - Started process (PID=2591) to work on /home/airflow/.local/lib/python3.8/site-packages/airflow/example_dags/example_skip_dag.py
[2025-08-19T22:13:04.528+0000] {processor.py:830} INFO - Processing file /home/airflow/.local/lib/python3.8/site-packages/airflow/example_dags/example_skip_dag.py for tasks to queue
[2025-08-19T22:13:04.528+0000] {logging_mixin.py:188} INFO - [2025-08-19T22:13:04.528+0000] {dagbag.py:538} INFO - Filling up the DagBag from /home/airflow/.local/lib/python3.8/site-packages/airflow/example_dags/example_skip_dag.py
[2025-08-19T22:13:04.531+0000] {processor.py:840} INFO - DAG(s) 'example_skip_dag' retrieved from /home/airflow/.local/lib/python3.8/site-packages/airflow/example_dags/example_skip_dag.py
[2025-08-19T22:13:04.540+0000] {logging_mixin.py:188} INFO - [2025-08-19T22:13:04.540+0000] {dag.py:3036} INFO - Sync 1 DAGs
[2025-08-19T22:13:04.549+0000] {logging_mixin.py:188} INFO - [2025-08-19T22:13:04.549+0000] {dag.py:3823} INFO - Setting next_dagrun for example_skip_dag to 2025-08-18 00:00:00+00:00, run_after=2025-08-19 00:00:00+00:00
[2025-08-19T22:13:04.555+0000] {processor.py:183} INFO - Processing /home/airflow/.local/lib/python3.8/site-packages/airflow/example_dags/example_skip_dag.py took 0.029 seconds
[2025-08-19T22:13:35.097+0000] {processor.py:161} INFO - Started process (PID=2647) to work on /home/airflow/.local/lib/python3.8/site-packages/airflow/example_dags/example_skip_dag.py
[2025-08-19T22:13:35.098+0000] {processor.py:830} INFO - Processing file /home/airflow/.local/lib/python3.8/site-packages/airflow/example_dags/example_skip_dag.py for tasks to queue
[2025-08-19T22:13:35.099+0000] {logging_mixin.py:188} INFO - [2025-08-19T22:13:35.098+0000] {dagbag.py:538} INFO - Filling up the DagBag from /home/airflow/.local/lib/python3.8/site-packages/airflow/example_dags/example_skip_dag.py
[2025-08-19T22:13:35.102+0000] {processor.py:840} INFO - DAG(s) 'example_skip_dag' retrieved from /home/airflow/.local/lib/python3.8/site-packages/airflow/example_dags/example_skip_dag.py
[2025-08-19T22:13:35.111+0000] {logging_mixin.py:188} INFO - [2025-08-19T22:13:35.111+0000] {dag.py:3036} INFO - Sync 1 DAGs
[2025-08-19T22:13:35.119+0000] {logging_mixin.py:188} INFO - [2025-08-19T22:13:35.119+0000] {dag.py:3823} INFO - Setting next_dagrun for example_skip_dag to 2025-08-18 00:00:00+00:00, run_after=2025-08-19 00:00:00+00:00
[2025-08-19T22:13:35.126+0000] {processor.py:183} INFO - Processing /home/airflow/.local/lib/python3.8/site-packages/airflow/example_dags/example_skip_dag.py took 0.031 seconds
[2025-08-19T22:20:10.372+0000] {processor.py:161} INFO - Started process (PID=67) to work on /home/airflow/.local/lib/python3.8/site-packages/airflow/example_dags/example_skip_dag.py
[2025-08-19T22:20:10.373+0000] {processor.py:830} INFO - Processing file /home/airflow/.local/lib/python3.8/site-packages/airflow/example_dags/example_skip_dag.py for tasks to queue
[2025-08-19T22:20:10.375+0000] {logging_mixin.py:188} INFO - [2025-08-19T22:20:10.374+0000] {dagbag.py:538} INFO - Filling up the DagBag from /home/airflow/.local/lib/python3.8/site-packages/airflow/example_dags/example_skip_dag.py
[2025-08-19T22:20:10.381+0000] {processor.py:840} INFO - DAG(s) 'example_skip_dag' retrieved from /home/airflow/.local/lib/python3.8/site-packages/airflow/example_dags/example_skip_dag.py
[2025-08-19T22:20:10.396+0000] {logging_mixin.py:188} INFO - [2025-08-19T22:20:10.396+0000] {dag.py:3036} INFO - Sync 1 DAGs
[2025-08-19T22:20:10.412+0000] {logging_mixin.py:188} INFO - [2025-08-19T22:20:10.412+0000] {dag.py:3823} INFO - Setting next_dagrun for example_skip_dag to 2025-08-18 00:00:00+00:00, run_after=2025-08-19 00:00:00+00:00
[2025-08-19T22:20:10.424+0000] {processor.py:183} INFO - Processing /home/airflow/.local/lib/python3.8/site-packages/airflow/example_dags/example_skip_dag.py took 0.058 seconds
[2025-08-19T22:20:41.459+0000] {processor.py:161} INFO - Started process (PID=123) to work on /home/airflow/.local/lib/python3.8/site-packages/airflow/example_dags/example_skip_dag.py
[2025-08-19T22:20:41.460+0000] {processor.py:830} INFO - Processing file /home/airflow/.local/lib/python3.8/site-packages/airflow/example_dags/example_skip_dag.py for tasks to queue
[2025-08-19T22:20:41.460+0000] {logging_mixin.py:188} INFO - [2025-08-19T22:20:41.460+0000] {dagbag.py:538} INFO - Filling up the DagBag from /home/airflow/.local/lib/python3.8/site-packages/airflow/example_dags/example_skip_dag.py
[2025-08-19T22:20:41.463+0000] {processor.py:840} INFO - DAG(s) 'example_skip_dag' retrieved from /home/airflow/.local/lib/python3.8/site-packages/airflow/example_dags/example_skip_dag.py
[2025-08-19T22:20:41.500+0000] {logging_mixin.py:188} INFO - [2025-08-19T22:20:41.499+0000] {dag.py:3036} INFO - Sync 1 DAGs
[2025-08-19T22:20:41.508+0000] {logging_mixin.py:188} INFO - [2025-08-19T22:20:41.508+0000] {dag.py:3823} INFO - Setting next_dagrun for example_skip_dag to 2025-08-18 00:00:00+00:00, run_after=2025-08-19 00:00:00+00:00
[2025-08-19T22:20:41.516+0000] {processor.py:183} INFO - Processing /home/airflow/.local/lib/python3.8/site-packages/airflow/example_dags/example_skip_dag.py took 0.058 seconds
[2025-08-19T22:21:11.611+0000] {processor.py:161} INFO - Started process (PID=179) to work on /home/airflow/.local/lib/python3.8/site-packages/airflow/example_dags/example_skip_dag.py
[2025-08-19T22:21:11.612+0000] {processor.py:830} INFO - Processing file /home/airflow/.local/lib/python3.8/site-packages/airflow/example_dags/example_skip_dag.py for tasks to queue
[2025-08-19T22:21:11.612+0000] {logging_mixin.py:188} INFO - [2025-08-19T22:21:11.612+0000] {dagbag.py:538} INFO - Filling up the DagBag from /home/airflow/.local/lib/python3.8/site-packages/airflow/example_dags/example_skip_dag.py
[2025-08-19T22:21:11.616+0000] {processor.py:840} INFO - DAG(s) 'example_skip_dag' retrieved from /home/airflow/.local/lib/python3.8/site-packages/airflow/example_dags/example_skip_dag.py
[2025-08-19T22:21:11.629+0000] {logging_mixin.py:188} INFO - [2025-08-19T22:21:11.629+0000] {dag.py:3036} INFO - Sync 1 DAGs
[2025-08-19T22:21:11.638+0000] {logging_mixin.py:188} INFO - [2025-08-19T22:21:11.638+0000] {dag.py:3823} INFO - Setting next_dagrun for example_skip_dag to 2025-08-18 00:00:00+00:00, run_after=2025-08-19 00:00:00+00:00
[2025-08-19T22:21:11.654+0000] {processor.py:183} INFO - Processing /home/airflow/.local/lib/python3.8/site-packages/airflow/example_dags/example_skip_dag.py took 0.045 seconds
[2025-08-19T22:21:42.260+0000] {processor.py:161} INFO - Started process (PID=235) to work on /home/airflow/.local/lib/python3.8/site-packages/airflow/example_dags/example_skip_dag.py
[2025-08-19T22:21:42.261+0000] {processor.py:830} INFO - Processing file /home/airflow/.local/lib/python3.8/site-packages/airflow/example_dags/example_skip_dag.py for tasks to queue
[2025-08-19T22:21:42.261+0000] {logging_mixin.py:188} INFO - [2025-08-19T22:21:42.261+0000] {dagbag.py:538} INFO - Filling up the DagBag from /home/airflow/.local/lib/python3.8/site-packages/airflow/example_dags/example_skip_dag.py
[2025-08-19T22:21:42.264+0000] {processor.py:840} INFO - DAG(s) 'example_skip_dag' retrieved from /home/airflow/.local/lib/python3.8/site-packages/airflow/example_dags/example_skip_dag.py
[2025-08-19T22:21:42.277+0000] {logging_mixin.py:188} INFO - [2025-08-19T22:21:42.277+0000] {dag.py:3036} INFO - Sync 1 DAGs
[2025-08-19T22:21:42.286+0000] {logging_mixin.py:188} INFO - [2025-08-19T22:21:42.286+0000] {dag.py:3823} INFO - Setting next_dagrun for example_skip_dag to 2025-08-18 00:00:00+00:00, run_after=2025-08-19 00:00:00+00:00
[2025-08-19T22:21:42.295+0000] {processor.py:183} INFO - Processing /home/airflow/.local/lib/python3.8/site-packages/airflow/example_dags/example_skip_dag.py took 0.037 seconds
[2025-08-19T22:22:12.765+0000] {processor.py:161} INFO - Started process (PID=297) to work on /home/airflow/.local/lib/python3.8/site-packages/airflow/example_dags/example_skip_dag.py
[2025-08-19T22:22:12.766+0000] {processor.py:830} INFO - Processing file /home/airflow/.local/lib/python3.8/site-packages/airflow/example_dags/example_skip_dag.py for tasks to queue
[2025-08-19T22:22:12.768+0000] {logging_mixin.py:188} INFO - [2025-08-19T22:22:12.768+0000] {dagbag.py:538} INFO - Filling up the DagBag from /home/airflow/.local/lib/python3.8/site-packages/airflow/example_dags/example_skip_dag.py
[2025-08-19T22:22:12.771+0000] {processor.py:840} INFO - DAG(s) 'example_skip_dag' retrieved from /home/airflow/.local/lib/python3.8/site-packages/airflow/example_dags/example_skip_dag.py
[2025-08-19T22:22:12.784+0000] {logging_mixin.py:188} INFO - [2025-08-19T22:22:12.784+0000] {dag.py:3036} INFO - Sync 1 DAGs
[2025-08-19T22:22:12.792+0000] {logging_mixin.py:188} INFO - [2025-08-19T22:22:12.792+0000] {dag.py:3823} INFO - Setting next_dagrun for example_skip_dag to 2025-08-18 00:00:00+00:00, run_after=2025-08-19 00:00:00+00:00
[2025-08-19T22:22:12.799+0000] {processor.py:183} INFO - Processing /home/airflow/.local/lib/python3.8/site-packages/airflow/example_dags/example_skip_dag.py took 0.035 seconds
[2025-08-19T22:22:43.286+0000] {processor.py:161} INFO - Started process (PID=353) to work on /home/airflow/.local/lib/python3.8/site-packages/airflow/example_dags/example_skip_dag.py
[2025-08-19T22:22:43.287+0000] {processor.py:830} INFO - Processing file /home/airflow/.local/lib/python3.8/site-packages/airflow/example_dags/example_skip_dag.py for tasks to queue
[2025-08-19T22:22:43.288+0000] {logging_mixin.py:188} INFO - [2025-08-19T22:22:43.288+0000] {dagbag.py:538} INFO - Filling up the DagBag from /home/airflow/.local/lib/python3.8/site-packages/airflow/example_dags/example_skip_dag.py
[2025-08-19T22:22:43.291+0000] {processor.py:840} INFO - DAG(s) 'example_skip_dag' retrieved from /home/airflow/.local/lib/python3.8/site-packages/airflow/example_dags/example_skip_dag.py
[2025-08-19T22:22:43.300+0000] {logging_mixin.py:188} INFO - [2025-08-19T22:22:43.300+0000] {dag.py:3036} INFO - Sync 1 DAGs
[2025-08-19T22:22:43.308+0000] {logging_mixin.py:188} INFO - [2025-08-19T22:22:43.308+0000] {dag.py:3823} INFO - Setting next_dagrun for example_skip_dag to 2025-08-18 00:00:00+00:00, run_after=2025-08-19 00:00:00+00:00
[2025-08-19T22:22:43.316+0000] {processor.py:183} INFO - Processing /home/airflow/.local/lib/python3.8/site-packages/airflow/example_dags/example_skip_dag.py took 0.031 seconds
[2025-08-19T22:23:14.077+0000] {processor.py:161} INFO - Started process (PID=413) to work on /home/airflow/.local/lib/python3.8/site-packages/airflow/example_dags/example_skip_dag.py
[2025-08-19T22:23:14.078+0000] {processor.py:830} INFO - Processing file /home/airflow/.local/lib/python3.8/site-packages/airflow/example_dags/example_skip_dag.py for tasks to queue
[2025-08-19T22:23:14.081+0000] {logging_mixin.py:188} INFO - [2025-08-19T22:23:14.080+0000] {dagbag.py:538} INFO - Filling up the DagBag from /home/airflow/.local/lib/python3.8/site-packages/airflow/example_dags/example_skip_dag.py
[2025-08-19T22:23:14.086+0000] {processor.py:840} INFO - DAG(s) 'example_skip_dag' retrieved from /home/airflow/.local/lib/python3.8/site-packages/airflow/example_dags/example_skip_dag.py
[2025-08-19T22:23:14.097+0000] {logging_mixin.py:188} INFO - [2025-08-19T22:23:14.097+0000] {dag.py:3036} INFO - Sync 1 DAGs
[2025-08-19T22:23:14.112+0000] {logging_mixin.py:188} INFO - [2025-08-19T22:23:14.112+0000] {dag.py:3823} INFO - Setting next_dagrun for example_skip_dag to 2025-08-18 00:00:00+00:00, run_after=2025-08-19 00:00:00+00:00
[2025-08-19T22:23:14.120+0000] {processor.py:183} INFO - Processing /home/airflow/.local/lib/python3.8/site-packages/airflow/example_dags/example_skip_dag.py took 0.045 seconds
[2025-08-19T22:23:44.616+0000] {processor.py:161} INFO - Started process (PID=469) to work on /home/airflow/.local/lib/python3.8/site-packages/airflow/example_dags/example_skip_dag.py
[2025-08-19T22:23:44.616+0000] {processor.py:830} INFO - Processing file /home/airflow/.local/lib/python3.8/site-packages/airflow/example_dags/example_skip_dag.py for tasks to queue
[2025-08-19T22:23:44.617+0000] {logging_mixin.py:188} INFO - [2025-08-19T22:23:44.617+0000] {dagbag.py:538} INFO - Filling up the DagBag from /home/airflow/.local/lib/python3.8/site-packages/airflow/example_dags/example_skip_dag.py
[2025-08-19T22:23:44.620+0000] {processor.py:840} INFO - DAG(s) 'example_skip_dag' retrieved from /home/airflow/.local/lib/python3.8/site-packages/airflow/example_dags/example_skip_dag.py
[2025-08-19T22:23:44.629+0000] {logging_mixin.py:188} INFO - [2025-08-19T22:23:44.629+0000] {dag.py:3036} INFO - Sync 1 DAGs
[2025-08-19T22:23:44.637+0000] {logging_mixin.py:188} INFO - [2025-08-19T22:23:44.637+0000] {dag.py:3823} INFO - Setting next_dagrun for example_skip_dag to 2025-08-18 00:00:00+00:00, run_after=2025-08-19 00:00:00+00:00
[2025-08-19T22:23:44.645+0000] {processor.py:183} INFO - Processing /home/airflow/.local/lib/python3.8/site-packages/airflow/example_dags/example_skip_dag.py took 0.031 seconds
[2025-08-19T22:24:15.011+0000] {processor.py:161} INFO - Started process (PID=525) to work on /home/airflow/.local/lib/python3.8/site-packages/airflow/example_dags/example_skip_dag.py
[2025-08-19T22:24:15.012+0000] {processor.py:830} INFO - Processing file /home/airflow/.local/lib/python3.8/site-packages/airflow/example_dags/example_skip_dag.py for tasks to queue
[2025-08-19T22:24:15.013+0000] {logging_mixin.py:188} INFO - [2025-08-19T22:24:15.013+0000] {dagbag.py:538} INFO - Filling up the DagBag from /home/airflow/.local/lib/python3.8/site-packages/airflow/example_dags/example_skip_dag.py
[2025-08-19T22:24:15.017+0000] {processor.py:840} INFO - DAG(s) 'example_skip_dag' retrieved from /home/airflow/.local/lib/python3.8/site-packages/airflow/example_dags/example_skip_dag.py
[2025-08-19T22:24:15.026+0000] {logging_mixin.py:188} INFO - [2025-08-19T22:24:15.026+0000] {dag.py:3036} INFO - Sync 1 DAGs
[2025-08-19T22:24:15.034+0000] {logging_mixin.py:188} INFO - [2025-08-19T22:24:15.034+0000] {dag.py:3823} INFO - Setting next_dagrun for example_skip_dag to 2025-08-18 00:00:00+00:00, run_after=2025-08-19 00:00:00+00:00
[2025-08-19T22:24:15.044+0000] {processor.py:183} INFO - Processing /home/airflow/.local/lib/python3.8/site-packages/airflow/example_dags/example_skip_dag.py took 0.035 seconds
[2025-08-19T22:24:45.475+0000] {processor.py:161} INFO - Started process (PID=581) to work on /home/airflow/.local/lib/python3.8/site-packages/airflow/example_dags/example_skip_dag.py
[2025-08-19T22:24:45.477+0000] {processor.py:830} INFO - Processing file /home/airflow/.local/lib/python3.8/site-packages/airflow/example_dags/example_skip_dag.py for tasks to queue
[2025-08-19T22:24:45.478+0000] {logging_mixin.py:188} INFO - [2025-08-19T22:24:45.478+0000] {dagbag.py:538} INFO - Filling up the DagBag from /home/airflow/.local/lib/python3.8/site-packages/airflow/example_dags/example_skip_dag.py
[2025-08-19T22:24:45.481+0000] {processor.py:840} INFO - DAG(s) 'example_skip_dag' retrieved from /home/airflow/.local/lib/python3.8/site-packages/airflow/example_dags/example_skip_dag.py
[2025-08-19T22:24:45.492+0000] {logging_mixin.py:188} INFO - [2025-08-19T22:24:45.492+0000] {dag.py:3036} INFO - Sync 1 DAGs
[2025-08-19T22:24:45.500+0000] {logging_mixin.py:188} INFO - [2025-08-19T22:24:45.500+0000] {dag.py:3823} INFO - Setting next_dagrun for example_skip_dag to 2025-08-18 00:00:00+00:00, run_after=2025-08-19 00:00:00+00:00
[2025-08-19T22:24:45.506+0000] {processor.py:183} INFO - Processing /home/airflow/.local/lib/python3.8/site-packages/airflow/example_dags/example_skip_dag.py took 0.033 seconds
[2025-08-19T22:25:15.941+0000] {processor.py:161} INFO - Started process (PID=637) to work on /home/airflow/.local/lib/python3.8/site-packages/airflow/example_dags/example_skip_dag.py
[2025-08-19T22:25:15.943+0000] {processor.py:830} INFO - Processing file /home/airflow/.local/lib/python3.8/site-packages/airflow/example_dags/example_skip_dag.py for tasks to queue
[2025-08-19T22:25:15.944+0000] {logging_mixin.py:188} INFO - [2025-08-19T22:25:15.944+0000] {dagbag.py:538} INFO - Filling up the DagBag from /home/airflow/.local/lib/python3.8/site-packages/airflow/example_dags/example_skip_dag.py
[2025-08-19T22:25:15.947+0000] {processor.py:840} INFO - DAG(s) 'example_skip_dag' retrieved from /home/airflow/.local/lib/python3.8/site-packages/airflow/example_dags/example_skip_dag.py
[2025-08-19T22:25:15.956+0000] {logging_mixin.py:188} INFO - [2025-08-19T22:25:15.956+0000] {dag.py:3036} INFO - Sync 1 DAGs
[2025-08-19T22:25:15.964+0000] {logging_mixin.py:188} INFO - [2025-08-19T22:25:15.964+0000] {dag.py:3823} INFO - Setting next_dagrun for example_skip_dag to 2025-08-18 00:00:00+00:00, run_after=2025-08-19 00:00:00+00:00
[2025-08-19T22:25:15.973+0000] {processor.py:183} INFO - Processing /home/airflow/.local/lib/python3.8/site-packages/airflow/example_dags/example_skip_dag.py took 0.034 seconds
[2025-08-19T22:25:46.334+0000] {processor.py:161} INFO - Started process (PID=693) to work on /home/airflow/.local/lib/python3.8/site-packages/airflow/example_dags/example_skip_dag.py
[2025-08-19T22:25:46.334+0000] {processor.py:830} INFO - Processing file /home/airflow/.local/lib/python3.8/site-packages/airflow/example_dags/example_skip_dag.py for tasks to queue
[2025-08-19T22:25:46.335+0000] {logging_mixin.py:188} INFO - [2025-08-19T22:25:46.335+0000] {dagbag.py:538} INFO - Filling up the DagBag from /home/airflow/.local/lib/python3.8/site-packages/airflow/example_dags/example_skip_dag.py
[2025-08-19T22:25:46.339+0000] {processor.py:840} INFO - DAG(s) 'example_skip_dag' retrieved from /home/airflow/.local/lib/python3.8/site-packages/airflow/example_dags/example_skip_dag.py
[2025-08-19T22:25:46.348+0000] {logging_mixin.py:188} INFO - [2025-08-19T22:25:46.347+0000] {dag.py:3036} INFO - Sync 1 DAGs
[2025-08-19T22:25:46.356+0000] {logging_mixin.py:188} INFO - [2025-08-19T22:25:46.355+0000] {dag.py:3823} INFO - Setting next_dagrun for example_skip_dag to 2025-08-18 00:00:00+00:00, run_after=2025-08-19 00:00:00+00:00
[2025-08-19T22:25:46.362+0000] {processor.py:183} INFO - Processing /home/airflow/.local/lib/python3.8/site-packages/airflow/example_dags/example_skip_dag.py took 0.030 seconds
[2025-08-19T22:26:16.772+0000] {processor.py:161} INFO - Started process (PID=749) to work on /home/airflow/.local/lib/python3.8/site-packages/airflow/example_dags/example_skip_dag.py
[2025-08-19T22:26:16.773+0000] {processor.py:830} INFO - Processing file /home/airflow/.local/lib/python3.8/site-packages/airflow/example_dags/example_skip_dag.py for tasks to queue
[2025-08-19T22:26:16.774+0000] {logging_mixin.py:188} INFO - [2025-08-19T22:26:16.773+0000] {dagbag.py:538} INFO - Filling up the DagBag from /home/airflow/.local/lib/python3.8/site-packages/airflow/example_dags/example_skip_dag.py
[2025-08-19T22:26:16.776+0000] {processor.py:840} INFO - DAG(s) 'example_skip_dag' retrieved from /home/airflow/.local/lib/python3.8/site-packages/airflow/example_dags/example_skip_dag.py
[2025-08-19T22:26:16.793+0000] {logging_mixin.py:188} INFO - [2025-08-19T22:26:16.793+0000] {dag.py:3036} INFO - Sync 1 DAGs
[2025-08-19T22:26:16.802+0000] {logging_mixin.py:188} INFO - [2025-08-19T22:26:16.802+0000] {dag.py:3823} INFO - Setting next_dagrun for example_skip_dag to 2025-08-18 00:00:00+00:00, run_after=2025-08-19 00:00:00+00:00
[2025-08-19T22:26:16.810+0000] {processor.py:183} INFO - Processing /home/airflow/.local/lib/python3.8/site-packages/airflow/example_dags/example_skip_dag.py took 0.040 seconds
[2025-08-19T22:26:47.177+0000] {processor.py:161} INFO - Started process (PID=805) to work on /home/airflow/.local/lib/python3.8/site-packages/airflow/example_dags/example_skip_dag.py
[2025-08-19T22:26:47.178+0000] {processor.py:830} INFO - Processing file /home/airflow/.local/lib/python3.8/site-packages/airflow/example_dags/example_skip_dag.py for tasks to queue
[2025-08-19T22:26:47.179+0000] {logging_mixin.py:188} INFO - [2025-08-19T22:26:47.179+0000] {dagbag.py:538} INFO - Filling up the DagBag from /home/airflow/.local/lib/python3.8/site-packages/airflow/example_dags/example_skip_dag.py
[2025-08-19T22:26:47.182+0000] {processor.py:840} INFO - DAG(s) 'example_skip_dag' retrieved from /home/airflow/.local/lib/python3.8/site-packages/airflow/example_dags/example_skip_dag.py
[2025-08-19T22:26:47.192+0000] {logging_mixin.py:188} INFO - [2025-08-19T22:26:47.192+0000] {dag.py:3036} INFO - Sync 1 DAGs
[2025-08-19T22:26:47.201+0000] {logging_mixin.py:188} INFO - [2025-08-19T22:26:47.201+0000] {dag.py:3823} INFO - Setting next_dagrun for example_skip_dag to 2025-08-18 00:00:00+00:00, run_after=2025-08-19 00:00:00+00:00
[2025-08-19T22:26:47.207+0000] {processor.py:183} INFO - Processing /home/airflow/.local/lib/python3.8/site-packages/airflow/example_dags/example_skip_dag.py took 0.032 seconds
[2025-08-19T22:27:17.618+0000] {processor.py:161} INFO - Started process (PID=861) to work on /home/airflow/.local/lib/python3.8/site-packages/airflow/example_dags/example_skip_dag.py
[2025-08-19T22:27:17.620+0000] {processor.py:830} INFO - Processing file /home/airflow/.local/lib/python3.8/site-packages/airflow/example_dags/example_skip_dag.py for tasks to queue
[2025-08-19T22:27:17.621+0000] {logging_mixin.py:188} INFO - [2025-08-19T22:27:17.621+0000] {dagbag.py:538} INFO - Filling up the DagBag from /home/airflow/.local/lib/python3.8/site-packages/airflow/example_dags/example_skip_dag.py
[2025-08-19T22:27:17.625+0000] {processor.py:840} INFO - DAG(s) 'example_skip_dag' retrieved from /home/airflow/.local/lib/python3.8/site-packages/airflow/example_dags/example_skip_dag.py
[2025-08-19T22:27:17.635+0000] {logging_mixin.py:188} INFO - [2025-08-19T22:27:17.635+0000] {dag.py:3036} INFO - Sync 1 DAGs
[2025-08-19T22:27:17.642+0000] {logging_mixin.py:188} INFO - [2025-08-19T22:27:17.642+0000] {dag.py:3823} INFO - Setting next_dagrun for example_skip_dag to 2025-08-18 00:00:00+00:00, run_after=2025-08-19 00:00:00+00:00
[2025-08-19T22:27:17.647+0000] {processor.py:183} INFO - Processing /home/airflow/.local/lib/python3.8/site-packages/airflow/example_dags/example_skip_dag.py took 0.032 seconds
[2025-08-19T22:27:48.207+0000] {processor.py:161} INFO - Started process (PID=921) to work on /home/airflow/.local/lib/python3.8/site-packages/airflow/example_dags/example_skip_dag.py
[2025-08-19T22:27:48.210+0000] {processor.py:830} INFO - Processing file /home/airflow/.local/lib/python3.8/site-packages/airflow/example_dags/example_skip_dag.py for tasks to queue
[2025-08-19T22:27:48.210+0000] {logging_mixin.py:188} INFO - [2025-08-19T22:27:48.210+0000] {dagbag.py:538} INFO - Filling up the DagBag from /home/airflow/.local/lib/python3.8/site-packages/airflow/example_dags/example_skip_dag.py
[2025-08-19T22:27:48.213+0000] {processor.py:840} INFO - DAG(s) 'example_skip_dag' retrieved from /home/airflow/.local/lib/python3.8/site-packages/airflow/example_dags/example_skip_dag.py
[2025-08-19T22:27:48.222+0000] {logging_mixin.py:188} INFO - [2025-08-19T22:27:48.222+0000] {dag.py:3036} INFO - Sync 1 DAGs
[2025-08-19T22:27:48.234+0000] {logging_mixin.py:188} INFO - [2025-08-19T22:27:48.234+0000] {dag.py:3823} INFO - Setting next_dagrun for example_skip_dag to 2025-08-18 00:00:00+00:00, run_after=2025-08-19 00:00:00+00:00
[2025-08-19T22:27:48.243+0000] {processor.py:183} INFO - Processing /home/airflow/.local/lib/python3.8/site-packages/airflow/example_dags/example_skip_dag.py took 0.037 seconds
[2025-08-19T22:28:18.854+0000] {processor.py:161} INFO - Started process (PID=977) to work on /home/airflow/.local/lib/python3.8/site-packages/airflow/example_dags/example_skip_dag.py
[2025-08-19T22:28:18.857+0000] {processor.py:830} INFO - Processing file /home/airflow/.local/lib/python3.8/site-packages/airflow/example_dags/example_skip_dag.py for tasks to queue
[2025-08-19T22:28:18.858+0000] {logging_mixin.py:188} INFO - [2025-08-19T22:28:18.858+0000] {dagbag.py:538} INFO - Filling up the DagBag from /home/airflow/.local/lib/python3.8/site-packages/airflow/example_dags/example_skip_dag.py
[2025-08-19T22:28:18.862+0000] {processor.py:840} INFO - DAG(s) 'example_skip_dag' retrieved from /home/airflow/.local/lib/python3.8/site-packages/airflow/example_dags/example_skip_dag.py
[2025-08-19T22:28:18.872+0000] {logging_mixin.py:188} INFO - [2025-08-19T22:28:18.872+0000] {dag.py:3036} INFO - Sync 1 DAGs
[2025-08-19T22:28:18.881+0000] {logging_mixin.py:188} INFO - [2025-08-19T22:28:18.881+0000] {dag.py:3823} INFO - Setting next_dagrun for example_skip_dag to 2025-08-18 00:00:00+00:00, run_after=2025-08-19 00:00:00+00:00
[2025-08-19T22:28:18.893+0000] {processor.py:183} INFO - Processing /home/airflow/.local/lib/python3.8/site-packages/airflow/example_dags/example_skip_dag.py took 0.040 seconds
[2025-08-19T22:28:49.311+0000] {processor.py:161} INFO - Started process (PID=1033) to work on /home/airflow/.local/lib/python3.8/site-packages/airflow/example_dags/example_skip_dag.py
[2025-08-19T22:28:49.312+0000] {processor.py:830} INFO - Processing file /home/airflow/.local/lib/python3.8/site-packages/airflow/example_dags/example_skip_dag.py for tasks to queue
[2025-08-19T22:28:49.313+0000] {logging_mixin.py:188} INFO - [2025-08-19T22:28:49.313+0000] {dagbag.py:538} INFO - Filling up the DagBag from /home/airflow/.local/lib/python3.8/site-packages/airflow/example_dags/example_skip_dag.py
[2025-08-19T22:28:49.316+0000] {processor.py:840} INFO - DAG(s) 'example_skip_dag' retrieved from /home/airflow/.local/lib/python3.8/site-packages/airflow/example_dags/example_skip_dag.py
[2025-08-19T22:28:49.325+0000] {logging_mixin.py:188} INFO - [2025-08-19T22:28:49.325+0000] {dag.py:3036} INFO - Sync 1 DAGs
[2025-08-19T22:28:49.334+0000] {logging_mixin.py:188} INFO - [2025-08-19T22:28:49.334+0000] {dag.py:3823} INFO - Setting next_dagrun for example_skip_dag to 2025-08-18 00:00:00+00:00, run_after=2025-08-19 00:00:00+00:00
[2025-08-19T22:28:49.343+0000] {processor.py:183} INFO - Processing /home/airflow/.local/lib/python3.8/site-packages/airflow/example_dags/example_skip_dag.py took 0.034 seconds
[2025-08-19T22:29:19.813+0000] {processor.py:161} INFO - Started process (PID=1089) to work on /home/airflow/.local/lib/python3.8/site-packages/airflow/example_dags/example_skip_dag.py
[2025-08-19T22:29:19.816+0000] {processor.py:830} INFO - Processing file /home/airflow/.local/lib/python3.8/site-packages/airflow/example_dags/example_skip_dag.py for tasks to queue
[2025-08-19T22:29:19.817+0000] {logging_mixin.py:188} INFO - [2025-08-19T22:29:19.817+0000] {dagbag.py:538} INFO - Filling up the DagBag from /home/airflow/.local/lib/python3.8/site-packages/airflow/example_dags/example_skip_dag.py
[2025-08-19T22:29:19.820+0000] {processor.py:840} INFO - DAG(s) 'example_skip_dag' retrieved from /home/airflow/.local/lib/python3.8/site-packages/airflow/example_dags/example_skip_dag.py
[2025-08-19T22:29:19.829+0000] {logging_mixin.py:188} INFO - [2025-08-19T22:29:19.829+0000] {dag.py:3036} INFO - Sync 1 DAGs
[2025-08-19T22:29:19.839+0000] {logging_mixin.py:188} INFO - [2025-08-19T22:29:19.839+0000] {dag.py:3823} INFO - Setting next_dagrun for example_skip_dag to 2025-08-18 00:00:00+00:00, run_after=2025-08-19 00:00:00+00:00
[2025-08-19T22:29:19.847+0000] {processor.py:183} INFO - Processing /home/airflow/.local/lib/python3.8/site-packages/airflow/example_dags/example_skip_dag.py took 0.040 seconds
[2025-08-19T22:29:50.470+0000] {processor.py:161} INFO - Started process (PID=1145) to work on /home/airflow/.local/lib/python3.8/site-packages/airflow/example_dags/example_skip_dag.py
[2025-08-19T22:29:50.471+0000] {processor.py:830} INFO - Processing file /home/airflow/.local/lib/python3.8/site-packages/airflow/example_dags/example_skip_dag.py for tasks to queue
[2025-08-19T22:29:50.472+0000] {logging_mixin.py:188} INFO - [2025-08-19T22:29:50.472+0000] {dagbag.py:538} INFO - Filling up the DagBag from /home/airflow/.local/lib/python3.8/site-packages/airflow/example_dags/example_skip_dag.py
[2025-08-19T22:29:50.474+0000] {processor.py:840} INFO - DAG(s) 'example_skip_dag' retrieved from /home/airflow/.local/lib/python3.8/site-packages/airflow/example_dags/example_skip_dag.py
[2025-08-19T22:29:50.483+0000] {logging_mixin.py:188} INFO - [2025-08-19T22:29:50.483+0000] {dag.py:3036} INFO - Sync 1 DAGs
[2025-08-19T22:29:50.490+0000] {logging_mixin.py:188} INFO - [2025-08-19T22:29:50.489+0000] {dag.py:3823} INFO - Setting next_dagrun for example_skip_dag to 2025-08-18 00:00:00+00:00, run_after=2025-08-19 00:00:00+00:00
[2025-08-19T22:29:50.495+0000] {processor.py:183} INFO - Processing /home/airflow/.local/lib/python3.8/site-packages/airflow/example_dags/example_skip_dag.py took 0.026 seconds
[2025-08-19T22:30:20.912+0000] {processor.py:161} INFO - Started process (PID=1201) to work on /home/airflow/.local/lib/python3.8/site-packages/airflow/example_dags/example_skip_dag.py
[2025-08-19T22:30:20.913+0000] {processor.py:830} INFO - Processing file /home/airflow/.local/lib/python3.8/site-packages/airflow/example_dags/example_skip_dag.py for tasks to queue
[2025-08-19T22:30:20.914+0000] {logging_mixin.py:188} INFO - [2025-08-19T22:30:20.913+0000] {dagbag.py:538} INFO - Filling up the DagBag from /home/airflow/.local/lib/python3.8/site-packages/airflow/example_dags/example_skip_dag.py
[2025-08-19T22:30:20.916+0000] {processor.py:840} INFO - DAG(s) 'example_skip_dag' retrieved from /home/airflow/.local/lib/python3.8/site-packages/airflow/example_dags/example_skip_dag.py
[2025-08-19T22:30:20.928+0000] {logging_mixin.py:188} INFO - [2025-08-19T22:30:20.927+0000] {dag.py:3036} INFO - Sync 1 DAGs
[2025-08-19T22:30:20.937+0000] {logging_mixin.py:188} INFO - [2025-08-19T22:30:20.937+0000] {dag.py:3823} INFO - Setting next_dagrun for example_skip_dag to 2025-08-18 00:00:00+00:00, run_after=2025-08-19 00:00:00+00:00
[2025-08-19T22:30:20.944+0000] {processor.py:183} INFO - Processing /home/airflow/.local/lib/python3.8/site-packages/airflow/example_dags/example_skip_dag.py took 0.034 seconds
