[2025-08-19T21:50:08.790+0000] {processor.py:161} INFO - Started process (PID=85) to work on /home/airflow/.local/lib/python3.8/site-packages/airflow/example_dags/example_sla_dag.py
[2025-08-19T21:50:08.791+0000] {processor.py:830} INFO - Processing file /home/airflow/.local/lib/python3.8/site-packages/airflow/example_dags/example_sla_dag.py for tasks to queue
[2025-08-19T21:50:08.792+0000] {logging_mixin.py:188} INFO - [2025-08-19T21:50:08.792+0000] {dagbag.py:538} INFO - Filling up the DagBag from /home/airflow/.local/lib/python3.8/site-packages/airflow/example_dags/example_sla_dag.py
[2025-08-19T21:50:08.798+0000] {processor.py:840} INFO - DAG(s) 'example_sla_dag' retrieved from /home/airflow/.local/lib/python3.8/site-packages/airflow/example_dags/example_sla_dag.py
[2025-08-19T21:50:08.804+0000] {logging_mixin.py:188} INFO - [2025-08-19T21:50:08.804+0000] {dag.py:3036} INFO - Sync 1 DAGs
[2025-08-19T21:50:08.815+0000] {logging_mixin.py:188} INFO - [2025-08-19T21:50:08.815+0000] {dag.py:3823} INFO - Setting next_dagrun for example_sla_dag to 2025-08-19 21:48:00+00:00, run_after=2025-08-19 21:50:00+00:00
[2025-08-19T21:50:08.824+0000] {processor.py:183} INFO - Processing /home/airflow/.local/lib/python3.8/site-packages/airflow/example_dags/example_sla_dag.py took 0.037 seconds
[2025-08-19T21:50:38.988+0000] {processor.py:161} INFO - Started process (PID=141) to work on /home/airflow/.local/lib/python3.8/site-packages/airflow/example_dags/example_sla_dag.py
[2025-08-19T21:50:38.989+0000] {processor.py:830} INFO - Processing file /home/airflow/.local/lib/python3.8/site-packages/airflow/example_dags/example_sla_dag.py for tasks to queue
[2025-08-19T21:50:38.989+0000] {logging_mixin.py:188} INFO - [2025-08-19T21:50:38.989+0000] {dagbag.py:538} INFO - Filling up the DagBag from /home/airflow/.local/lib/python3.8/site-packages/airflow/example_dags/example_sla_dag.py
[2025-08-19T21:50:38.993+0000] {processor.py:840} INFO - DAG(s) 'example_sla_dag' retrieved from /home/airflow/.local/lib/python3.8/site-packages/airflow/example_dags/example_sla_dag.py
[2025-08-19T21:50:39.030+0000] {logging_mixin.py:188} INFO - [2025-08-19T21:50:39.030+0000] {dag.py:3036} INFO - Sync 1 DAGs
[2025-08-19T21:50:39.040+0000] {logging_mixin.py:188} INFO - [2025-08-19T21:50:39.040+0000] {dag.py:3823} INFO - Setting next_dagrun for example_sla_dag to 2025-08-19 21:48:00+00:00, run_after=2025-08-19 21:50:00+00:00
[2025-08-19T21:50:39.053+0000] {processor.py:183} INFO - Processing /home/airflow/.local/lib/python3.8/site-packages/airflow/example_dags/example_sla_dag.py took 0.066 seconds
[2025-08-19T21:51:09.505+0000] {processor.py:161} INFO - Started process (PID=196) to work on /home/airflow/.local/lib/python3.8/site-packages/airflow/example_dags/example_sla_dag.py
[2025-08-19T21:51:09.507+0000] {processor.py:830} INFO - Processing file /home/airflow/.local/lib/python3.8/site-packages/airflow/example_dags/example_sla_dag.py for tasks to queue
[2025-08-19T21:51:09.509+0000] {logging_mixin.py:188} INFO - [2025-08-19T21:51:09.508+0000] {dagbag.py:538} INFO - Filling up the DagBag from /home/airflow/.local/lib/python3.8/site-packages/airflow/example_dags/example_sla_dag.py
[2025-08-19T21:51:09.513+0000] {processor.py:840} INFO - DAG(s) 'example_sla_dag' retrieved from /home/airflow/.local/lib/python3.8/site-packages/airflow/example_dags/example_sla_dag.py
[2025-08-19T21:51:09.522+0000] {logging_mixin.py:188} INFO - [2025-08-19T21:51:09.522+0000] {dag.py:3036} INFO - Sync 1 DAGs
[2025-08-19T21:51:09.530+0000] {logging_mixin.py:188} INFO - [2025-08-19T21:51:09.530+0000] {dag.py:3823} INFO - Setting next_dagrun for example_sla_dag to 2025-08-19 21:48:00+00:00, run_after=2025-08-19 21:50:00+00:00
[2025-08-19T21:51:09.536+0000] {processor.py:183} INFO - Processing /home/airflow/.local/lib/python3.8/site-packages/airflow/example_dags/example_sla_dag.py took 0.033 seconds
[2025-08-19T21:51:40.021+0000] {processor.py:161} INFO - Started process (PID=258) to work on /home/airflow/.local/lib/python3.8/site-packages/airflow/example_dags/example_sla_dag.py
[2025-08-19T21:51:40.023+0000] {processor.py:830} INFO - Processing file /home/airflow/.local/lib/python3.8/site-packages/airflow/example_dags/example_sla_dag.py for tasks to queue
[2025-08-19T21:51:40.025+0000] {logging_mixin.py:188} INFO - [2025-08-19T21:51:40.025+0000] {dagbag.py:538} INFO - Filling up the DagBag from /home/airflow/.local/lib/python3.8/site-packages/airflow/example_dags/example_sla_dag.py
[2025-08-19T21:51:40.028+0000] {processor.py:840} INFO - DAG(s) 'example_sla_dag' retrieved from /home/airflow/.local/lib/python3.8/site-packages/airflow/example_dags/example_sla_dag.py
[2025-08-19T21:51:40.038+0000] {logging_mixin.py:188} INFO - [2025-08-19T21:51:40.038+0000] {dag.py:3036} INFO - Sync 1 DAGs
[2025-08-19T21:51:40.046+0000] {logging_mixin.py:188} INFO - [2025-08-19T21:51:40.046+0000] {dag.py:3823} INFO - Setting next_dagrun for example_sla_dag to 2025-08-19 21:48:00+00:00, run_after=2025-08-19 21:50:00+00:00
[2025-08-19T21:51:40.057+0000] {processor.py:183} INFO - Processing /home/airflow/.local/lib/python3.8/site-packages/airflow/example_dags/example_sla_dag.py took 0.037 seconds
[2025-08-19T21:52:10.798+0000] {processor.py:161} INFO - Started process (PID=314) to work on /home/airflow/.local/lib/python3.8/site-packages/airflow/example_dags/example_sla_dag.py
[2025-08-19T21:52:10.798+0000] {processor.py:830} INFO - Processing file /home/airflow/.local/lib/python3.8/site-packages/airflow/example_dags/example_sla_dag.py for tasks to queue
[2025-08-19T21:52:10.799+0000] {logging_mixin.py:188} INFO - [2025-08-19T21:52:10.799+0000] {dagbag.py:538} INFO - Filling up the DagBag from /home/airflow/.local/lib/python3.8/site-packages/airflow/example_dags/example_sla_dag.py
[2025-08-19T21:52:10.802+0000] {processor.py:840} INFO - DAG(s) 'example_sla_dag' retrieved from /home/airflow/.local/lib/python3.8/site-packages/airflow/example_dags/example_sla_dag.py
[2025-08-19T21:52:10.811+0000] {logging_mixin.py:188} INFO - [2025-08-19T21:52:10.811+0000] {dag.py:3036} INFO - Sync 1 DAGs
[2025-08-19T21:52:10.820+0000] {logging_mixin.py:188} INFO - [2025-08-19T21:52:10.820+0000] {dag.py:3823} INFO - Setting next_dagrun for example_sla_dag to 2025-08-19 21:50:00+00:00, run_after=2025-08-19 21:52:00+00:00
[2025-08-19T21:52:10.829+0000] {processor.py:183} INFO - Processing /home/airflow/.local/lib/python3.8/site-packages/airflow/example_dags/example_sla_dag.py took 0.032 seconds
[2025-08-19T21:52:41.542+0000] {processor.py:161} INFO - Started process (PID=370) to work on /home/airflow/.local/lib/python3.8/site-packages/airflow/example_dags/example_sla_dag.py
[2025-08-19T21:52:41.543+0000] {processor.py:830} INFO - Processing file /home/airflow/.local/lib/python3.8/site-packages/airflow/example_dags/example_sla_dag.py for tasks to queue
[2025-08-19T21:52:41.544+0000] {logging_mixin.py:188} INFO - [2025-08-19T21:52:41.543+0000] {dagbag.py:538} INFO - Filling up the DagBag from /home/airflow/.local/lib/python3.8/site-packages/airflow/example_dags/example_sla_dag.py
[2025-08-19T21:52:41.547+0000] {processor.py:840} INFO - DAG(s) 'example_sla_dag' retrieved from /home/airflow/.local/lib/python3.8/site-packages/airflow/example_dags/example_sla_dag.py
[2025-08-19T21:52:41.556+0000] {logging_mixin.py:188} INFO - [2025-08-19T21:52:41.556+0000] {dag.py:3036} INFO - Sync 1 DAGs
[2025-08-19T21:52:41.567+0000] {logging_mixin.py:188} INFO - [2025-08-19T21:52:41.567+0000] {dag.py:3823} INFO - Setting next_dagrun for example_sla_dag to 2025-08-19 21:50:00+00:00, run_after=2025-08-19 21:52:00+00:00
[2025-08-19T21:52:41.578+0000] {processor.py:183} INFO - Processing /home/airflow/.local/lib/python3.8/site-packages/airflow/example_dags/example_sla_dag.py took 0.038 seconds
[2025-08-19T21:53:12.183+0000] {processor.py:161} INFO - Started process (PID=426) to work on /home/airflow/.local/lib/python3.8/site-packages/airflow/example_dags/example_sla_dag.py
[2025-08-19T21:53:12.184+0000] {processor.py:830} INFO - Processing file /home/airflow/.local/lib/python3.8/site-packages/airflow/example_dags/example_sla_dag.py for tasks to queue
[2025-08-19T21:53:12.184+0000] {logging_mixin.py:188} INFO - [2025-08-19T21:53:12.184+0000] {dagbag.py:538} INFO - Filling up the DagBag from /home/airflow/.local/lib/python3.8/site-packages/airflow/example_dags/example_sla_dag.py
[2025-08-19T21:53:12.188+0000] {processor.py:840} INFO - DAG(s) 'example_sla_dag' retrieved from /home/airflow/.local/lib/python3.8/site-packages/airflow/example_dags/example_sla_dag.py
[2025-08-19T21:53:12.197+0000] {logging_mixin.py:188} INFO - [2025-08-19T21:53:12.197+0000] {dag.py:3036} INFO - Sync 1 DAGs
[2025-08-19T21:53:12.209+0000] {logging_mixin.py:188} INFO - [2025-08-19T21:53:12.209+0000] {dag.py:3823} INFO - Setting next_dagrun for example_sla_dag to 2025-08-19 21:50:00+00:00, run_after=2025-08-19 21:52:00+00:00
[2025-08-19T21:53:12.218+0000] {processor.py:183} INFO - Processing /home/airflow/.local/lib/python3.8/site-packages/airflow/example_dags/example_sla_dag.py took 0.036 seconds
[2025-08-19T21:53:42.827+0000] {processor.py:161} INFO - Started process (PID=482) to work on /home/airflow/.local/lib/python3.8/site-packages/airflow/example_dags/example_sla_dag.py
[2025-08-19T21:53:42.828+0000] {processor.py:830} INFO - Processing file /home/airflow/.local/lib/python3.8/site-packages/airflow/example_dags/example_sla_dag.py for tasks to queue
[2025-08-19T21:53:42.829+0000] {logging_mixin.py:188} INFO - [2025-08-19T21:53:42.828+0000] {dagbag.py:538} INFO - Filling up the DagBag from /home/airflow/.local/lib/python3.8/site-packages/airflow/example_dags/example_sla_dag.py
[2025-08-19T21:53:42.833+0000] {processor.py:840} INFO - DAG(s) 'example_sla_dag' retrieved from /home/airflow/.local/lib/python3.8/site-packages/airflow/example_dags/example_sla_dag.py
[2025-08-19T21:53:42.844+0000] {logging_mixin.py:188} INFO - [2025-08-19T21:53:42.844+0000] {dag.py:3036} INFO - Sync 1 DAGs
[2025-08-19T21:53:42.854+0000] {logging_mixin.py:188} INFO - [2025-08-19T21:53:42.854+0000] {dag.py:3823} INFO - Setting next_dagrun for example_sla_dag to 2025-08-19 21:50:00+00:00, run_after=2025-08-19 21:52:00+00:00
[2025-08-19T21:53:42.862+0000] {processor.py:183} INFO - Processing /home/airflow/.local/lib/python3.8/site-packages/airflow/example_dags/example_sla_dag.py took 0.037 seconds
[2025-08-19T21:54:13.408+0000] {processor.py:161} INFO - Started process (PID=538) to work on /home/airflow/.local/lib/python3.8/site-packages/airflow/example_dags/example_sla_dag.py
[2025-08-19T21:54:13.409+0000] {processor.py:830} INFO - Processing file /home/airflow/.local/lib/python3.8/site-packages/airflow/example_dags/example_sla_dag.py for tasks to queue
[2025-08-19T21:54:13.410+0000] {logging_mixin.py:188} INFO - [2025-08-19T21:54:13.410+0000] {dagbag.py:538} INFO - Filling up the DagBag from /home/airflow/.local/lib/python3.8/site-packages/airflow/example_dags/example_sla_dag.py
[2025-08-19T21:54:13.415+0000] {processor.py:840} INFO - DAG(s) 'example_sla_dag' retrieved from /home/airflow/.local/lib/python3.8/site-packages/airflow/example_dags/example_sla_dag.py
[2025-08-19T21:54:13.423+0000] {logging_mixin.py:188} INFO - [2025-08-19T21:54:13.423+0000] {dag.py:3036} INFO - Sync 1 DAGs
[2025-08-19T21:54:13.433+0000] {logging_mixin.py:188} INFO - [2025-08-19T21:54:13.433+0000] {dag.py:3823} INFO - Setting next_dagrun for example_sla_dag to 2025-08-19 21:52:00+00:00, run_after=2025-08-19 21:54:00+00:00
[2025-08-19T21:54:13.443+0000] {processor.py:183} INFO - Processing /home/airflow/.local/lib/python3.8/site-packages/airflow/example_dags/example_sla_dag.py took 0.036 seconds
[2025-08-19T21:54:44.024+0000] {processor.py:161} INFO - Started process (PID=594) to work on /home/airflow/.local/lib/python3.8/site-packages/airflow/example_dags/example_sla_dag.py
[2025-08-19T21:54:44.025+0000] {processor.py:830} INFO - Processing file /home/airflow/.local/lib/python3.8/site-packages/airflow/example_dags/example_sla_dag.py for tasks to queue
[2025-08-19T21:54:44.027+0000] {logging_mixin.py:188} INFO - [2025-08-19T21:54:44.027+0000] {dagbag.py:538} INFO - Filling up the DagBag from /home/airflow/.local/lib/python3.8/site-packages/airflow/example_dags/example_sla_dag.py
[2025-08-19T21:54:44.032+0000] {processor.py:840} INFO - DAG(s) 'example_sla_dag' retrieved from /home/airflow/.local/lib/python3.8/site-packages/airflow/example_dags/example_sla_dag.py
[2025-08-19T21:54:44.043+0000] {logging_mixin.py:188} INFO - [2025-08-19T21:54:44.043+0000] {dag.py:3036} INFO - Sync 1 DAGs
[2025-08-19T21:54:44.053+0000] {logging_mixin.py:188} INFO - [2025-08-19T21:54:44.053+0000] {dag.py:3823} INFO - Setting next_dagrun for example_sla_dag to 2025-08-19 21:52:00+00:00, run_after=2025-08-19 21:54:00+00:00
[2025-08-19T21:54:44.059+0000] {processor.py:183} INFO - Processing /home/airflow/.local/lib/python3.8/site-packages/airflow/example_dags/example_sla_dag.py took 0.037 seconds
[2025-08-19T21:55:14.532+0000] {processor.py:161} INFO - Started process (PID=650) to work on /home/airflow/.local/lib/python3.8/site-packages/airflow/example_dags/example_sla_dag.py
[2025-08-19T21:55:14.533+0000] {processor.py:830} INFO - Processing file /home/airflow/.local/lib/python3.8/site-packages/airflow/example_dags/example_sla_dag.py for tasks to queue
[2025-08-19T21:55:14.535+0000] {logging_mixin.py:188} INFO - [2025-08-19T21:55:14.535+0000] {dagbag.py:538} INFO - Filling up the DagBag from /home/airflow/.local/lib/python3.8/site-packages/airflow/example_dags/example_sla_dag.py
[2025-08-19T21:55:14.539+0000] {processor.py:840} INFO - DAG(s) 'example_sla_dag' retrieved from /home/airflow/.local/lib/python3.8/site-packages/airflow/example_dags/example_sla_dag.py
[2025-08-19T21:55:14.551+0000] {logging_mixin.py:188} INFO - [2025-08-19T21:55:14.551+0000] {dag.py:3036} INFO - Sync 1 DAGs
[2025-08-19T21:55:14.562+0000] {logging_mixin.py:188} INFO - [2025-08-19T21:55:14.562+0000] {dag.py:3823} INFO - Setting next_dagrun for example_sla_dag to 2025-08-19 21:52:00+00:00, run_after=2025-08-19 21:54:00+00:00
[2025-08-19T21:55:14.568+0000] {processor.py:183} INFO - Processing /home/airflow/.local/lib/python3.8/site-packages/airflow/example_dags/example_sla_dag.py took 0.037 seconds
[2025-08-19T21:55:45.213+0000] {processor.py:161} INFO - Started process (PID=706) to work on /home/airflow/.local/lib/python3.8/site-packages/airflow/example_dags/example_sla_dag.py
[2025-08-19T21:55:45.214+0000] {processor.py:830} INFO - Processing file /home/airflow/.local/lib/python3.8/site-packages/airflow/example_dags/example_sla_dag.py for tasks to queue
[2025-08-19T21:55:45.214+0000] {logging_mixin.py:188} INFO - [2025-08-19T21:55:45.214+0000] {dagbag.py:538} INFO - Filling up the DagBag from /home/airflow/.local/lib/python3.8/site-packages/airflow/example_dags/example_sla_dag.py
[2025-08-19T21:55:45.219+0000] {processor.py:840} INFO - DAG(s) 'example_sla_dag' retrieved from /home/airflow/.local/lib/python3.8/site-packages/airflow/example_dags/example_sla_dag.py
[2025-08-19T21:55:45.228+0000] {logging_mixin.py:188} INFO - [2025-08-19T21:55:45.228+0000] {dag.py:3036} INFO - Sync 1 DAGs
[2025-08-19T21:55:45.238+0000] {logging_mixin.py:188} INFO - [2025-08-19T21:55:45.238+0000] {dag.py:3823} INFO - Setting next_dagrun for example_sla_dag to 2025-08-19 21:52:00+00:00, run_after=2025-08-19 21:54:00+00:00
[2025-08-19T21:55:45.246+0000] {processor.py:183} INFO - Processing /home/airflow/.local/lib/python3.8/site-packages/airflow/example_dags/example_sla_dag.py took 0.035 seconds
[2025-08-19T21:56:15.803+0000] {processor.py:161} INFO - Started process (PID=762) to work on /home/airflow/.local/lib/python3.8/site-packages/airflow/example_dags/example_sla_dag.py
[2025-08-19T21:56:15.804+0000] {processor.py:830} INFO - Processing file /home/airflow/.local/lib/python3.8/site-packages/airflow/example_dags/example_sla_dag.py for tasks to queue
[2025-08-19T21:56:15.805+0000] {logging_mixin.py:188} INFO - [2025-08-19T21:56:15.805+0000] {dagbag.py:538} INFO - Filling up the DagBag from /home/airflow/.local/lib/python3.8/site-packages/airflow/example_dags/example_sla_dag.py
[2025-08-19T21:56:15.808+0000] {processor.py:840} INFO - DAG(s) 'example_sla_dag' retrieved from /home/airflow/.local/lib/python3.8/site-packages/airflow/example_dags/example_sla_dag.py
[2025-08-19T21:56:15.819+0000] {logging_mixin.py:188} INFO - [2025-08-19T21:56:15.819+0000] {dag.py:3036} INFO - Sync 1 DAGs
[2025-08-19T21:56:15.832+0000] {logging_mixin.py:188} INFO - [2025-08-19T21:56:15.832+0000] {dag.py:3823} INFO - Setting next_dagrun for example_sla_dag to 2025-08-19 21:54:00+00:00, run_after=2025-08-19 21:56:00+00:00
[2025-08-19T21:56:15.841+0000] {processor.py:183} INFO - Processing /home/airflow/.local/lib/python3.8/site-packages/airflow/example_dags/example_sla_dag.py took 0.040 seconds
[2025-08-19T21:56:46.433+0000] {processor.py:161} INFO - Started process (PID=818) to work on /home/airflow/.local/lib/python3.8/site-packages/airflow/example_dags/example_sla_dag.py
[2025-08-19T21:56:46.434+0000] {processor.py:830} INFO - Processing file /home/airflow/.local/lib/python3.8/site-packages/airflow/example_dags/example_sla_dag.py for tasks to queue
[2025-08-19T21:56:46.435+0000] {logging_mixin.py:188} INFO - [2025-08-19T21:56:46.435+0000] {dagbag.py:538} INFO - Filling up the DagBag from /home/airflow/.local/lib/python3.8/site-packages/airflow/example_dags/example_sla_dag.py
[2025-08-19T21:56:46.439+0000] {processor.py:840} INFO - DAG(s) 'example_sla_dag' retrieved from /home/airflow/.local/lib/python3.8/site-packages/airflow/example_dags/example_sla_dag.py
[2025-08-19T21:56:46.446+0000] {logging_mixin.py:188} INFO - [2025-08-19T21:56:46.446+0000] {dag.py:3036} INFO - Sync 1 DAGs
[2025-08-19T21:56:46.455+0000] {logging_mixin.py:188} INFO - [2025-08-19T21:56:46.455+0000] {dag.py:3823} INFO - Setting next_dagrun for example_sla_dag to 2025-08-19 21:54:00+00:00, run_after=2025-08-19 21:56:00+00:00
[2025-08-19T21:56:46.461+0000] {processor.py:183} INFO - Processing /home/airflow/.local/lib/python3.8/site-packages/airflow/example_dags/example_sla_dag.py took 0.030 seconds
[2025-08-19T21:57:17.089+0000] {processor.py:161} INFO - Started process (PID=874) to work on /home/airflow/.local/lib/python3.8/site-packages/airflow/example_dags/example_sla_dag.py
[2025-08-19T21:57:17.090+0000] {processor.py:830} INFO - Processing file /home/airflow/.local/lib/python3.8/site-packages/airflow/example_dags/example_sla_dag.py for tasks to queue
[2025-08-19T21:57:17.091+0000] {logging_mixin.py:188} INFO - [2025-08-19T21:57:17.090+0000] {dagbag.py:538} INFO - Filling up the DagBag from /home/airflow/.local/lib/python3.8/site-packages/airflow/example_dags/example_sla_dag.py
[2025-08-19T21:57:17.095+0000] {processor.py:840} INFO - DAG(s) 'example_sla_dag' retrieved from /home/airflow/.local/lib/python3.8/site-packages/airflow/example_dags/example_sla_dag.py
[2025-08-19T21:57:17.104+0000] {logging_mixin.py:188} INFO - [2025-08-19T21:57:17.103+0000] {dag.py:3036} INFO - Sync 1 DAGs
[2025-08-19T21:57:17.114+0000] {logging_mixin.py:188} INFO - [2025-08-19T21:57:17.114+0000] {dag.py:3823} INFO - Setting next_dagrun for example_sla_dag to 2025-08-19 21:54:00+00:00, run_after=2025-08-19 21:56:00+00:00
[2025-08-19T21:57:17.121+0000] {processor.py:183} INFO - Processing /home/airflow/.local/lib/python3.8/site-packages/airflow/example_dags/example_sla_dag.py took 0.034 seconds
[2025-08-19T21:57:47.646+0000] {processor.py:161} INFO - Started process (PID=930) to work on /home/airflow/.local/lib/python3.8/site-packages/airflow/example_dags/example_sla_dag.py
[2025-08-19T21:57:47.648+0000] {processor.py:830} INFO - Processing file /home/airflow/.local/lib/python3.8/site-packages/airflow/example_dags/example_sla_dag.py for tasks to queue
[2025-08-19T21:57:47.649+0000] {logging_mixin.py:188} INFO - [2025-08-19T21:57:47.649+0000] {dagbag.py:538} INFO - Filling up the DagBag from /home/airflow/.local/lib/python3.8/site-packages/airflow/example_dags/example_sla_dag.py
[2025-08-19T21:57:47.652+0000] {processor.py:840} INFO - DAG(s) 'example_sla_dag' retrieved from /home/airflow/.local/lib/python3.8/site-packages/airflow/example_dags/example_sla_dag.py
[2025-08-19T21:57:47.663+0000] {logging_mixin.py:188} INFO - [2025-08-19T21:57:47.662+0000] {dag.py:3036} INFO - Sync 1 DAGs
[2025-08-19T21:57:47.671+0000] {logging_mixin.py:188} INFO - [2025-08-19T21:57:47.671+0000] {dag.py:3823} INFO - Setting next_dagrun for example_sla_dag to 2025-08-19 21:54:00+00:00, run_after=2025-08-19 21:56:00+00:00
[2025-08-19T21:57:47.679+0000] {processor.py:183} INFO - Processing /home/airflow/.local/lib/python3.8/site-packages/airflow/example_dags/example_sla_dag.py took 0.034 seconds
[2025-08-19T21:58:18.205+0000] {processor.py:161} INFO - Started process (PID=986) to work on /home/airflow/.local/lib/python3.8/site-packages/airflow/example_dags/example_sla_dag.py
[2025-08-19T21:58:18.205+0000] {processor.py:830} INFO - Processing file /home/airflow/.local/lib/python3.8/site-packages/airflow/example_dags/example_sla_dag.py for tasks to queue
[2025-08-19T21:58:18.206+0000] {logging_mixin.py:188} INFO - [2025-08-19T21:58:18.206+0000] {dagbag.py:538} INFO - Filling up the DagBag from /home/airflow/.local/lib/python3.8/site-packages/airflow/example_dags/example_sla_dag.py
[2025-08-19T21:58:18.210+0000] {processor.py:840} INFO - DAG(s) 'example_sla_dag' retrieved from /home/airflow/.local/lib/python3.8/site-packages/airflow/example_dags/example_sla_dag.py
[2025-08-19T21:58:18.220+0000] {logging_mixin.py:188} INFO - [2025-08-19T21:58:18.220+0000] {dag.py:3036} INFO - Sync 1 DAGs
[2025-08-19T21:58:18.229+0000] {logging_mixin.py:188} INFO - [2025-08-19T21:58:18.229+0000] {dag.py:3823} INFO - Setting next_dagrun for example_sla_dag to 2025-08-19 21:56:00+00:00, run_after=2025-08-19 21:58:00+00:00
[2025-08-19T21:58:18.237+0000] {processor.py:183} INFO - Processing /home/airflow/.local/lib/python3.8/site-packages/airflow/example_dags/example_sla_dag.py took 0.034 seconds
[2025-08-19T21:58:48.827+0000] {processor.py:161} INFO - Started process (PID=1042) to work on /home/airflow/.local/lib/python3.8/site-packages/airflow/example_dags/example_sla_dag.py
[2025-08-19T21:58:48.827+0000] {processor.py:830} INFO - Processing file /home/airflow/.local/lib/python3.8/site-packages/airflow/example_dags/example_sla_dag.py for tasks to queue
[2025-08-19T21:58:48.828+0000] {logging_mixin.py:188} INFO - [2025-08-19T21:58:48.828+0000] {dagbag.py:538} INFO - Filling up the DagBag from /home/airflow/.local/lib/python3.8/site-packages/airflow/example_dags/example_sla_dag.py
[2025-08-19T21:58:48.831+0000] {processor.py:840} INFO - DAG(s) 'example_sla_dag' retrieved from /home/airflow/.local/lib/python3.8/site-packages/airflow/example_dags/example_sla_dag.py
[2025-08-19T21:58:48.840+0000] {logging_mixin.py:188} INFO - [2025-08-19T21:58:48.840+0000] {dag.py:3036} INFO - Sync 1 DAGs
[2025-08-19T21:58:48.849+0000] {logging_mixin.py:188} INFO - [2025-08-19T21:58:48.849+0000] {dag.py:3823} INFO - Setting next_dagrun for example_sla_dag to 2025-08-19 21:56:00+00:00, run_after=2025-08-19 21:58:00+00:00
[2025-08-19T21:58:48.859+0000] {processor.py:183} INFO - Processing /home/airflow/.local/lib/python3.8/site-packages/airflow/example_dags/example_sla_dag.py took 0.033 seconds
[2025-08-19T21:59:19.303+0000] {processor.py:161} INFO - Started process (PID=1098) to work on /home/airflow/.local/lib/python3.8/site-packages/airflow/example_dags/example_sla_dag.py
[2025-08-19T21:59:19.303+0000] {processor.py:830} INFO - Processing file /home/airflow/.local/lib/python3.8/site-packages/airflow/example_dags/example_sla_dag.py for tasks to queue
[2025-08-19T21:59:19.304+0000] {logging_mixin.py:188} INFO - [2025-08-19T21:59:19.304+0000] {dagbag.py:538} INFO - Filling up the DagBag from /home/airflow/.local/lib/python3.8/site-packages/airflow/example_dags/example_sla_dag.py
[2025-08-19T21:59:19.307+0000] {processor.py:840} INFO - DAG(s) 'example_sla_dag' retrieved from /home/airflow/.local/lib/python3.8/site-packages/airflow/example_dags/example_sla_dag.py
[2025-08-19T21:59:19.319+0000] {logging_mixin.py:188} INFO - [2025-08-19T21:59:19.319+0000] {dag.py:3036} INFO - Sync 1 DAGs
[2025-08-19T21:59:19.333+0000] {logging_mixin.py:188} INFO - [2025-08-19T21:59:19.332+0000] {dag.py:3823} INFO - Setting next_dagrun for example_sla_dag to 2025-08-19 21:56:00+00:00, run_after=2025-08-19 21:58:00+00:00
[2025-08-19T21:59:19.341+0000] {processor.py:183} INFO - Processing /home/airflow/.local/lib/python3.8/site-packages/airflow/example_dags/example_sla_dag.py took 0.040 seconds
[2025-08-19T21:59:49.823+0000] {processor.py:161} INFO - Started process (PID=1154) to work on /home/airflow/.local/lib/python3.8/site-packages/airflow/example_dags/example_sla_dag.py
[2025-08-19T21:59:49.824+0000] {processor.py:830} INFO - Processing file /home/airflow/.local/lib/python3.8/site-packages/airflow/example_dags/example_sla_dag.py for tasks to queue
[2025-08-19T21:59:49.826+0000] {logging_mixin.py:188} INFO - [2025-08-19T21:59:49.825+0000] {dagbag.py:538} INFO - Filling up the DagBag from /home/airflow/.local/lib/python3.8/site-packages/airflow/example_dags/example_sla_dag.py
[2025-08-19T21:59:49.831+0000] {processor.py:840} INFO - DAG(s) 'example_sla_dag' retrieved from /home/airflow/.local/lib/python3.8/site-packages/airflow/example_dags/example_sla_dag.py
[2025-08-19T21:59:49.839+0000] {logging_mixin.py:188} INFO - [2025-08-19T21:59:49.839+0000] {dag.py:3036} INFO - Sync 1 DAGs
[2025-08-19T21:59:49.848+0000] {logging_mixin.py:188} INFO - [2025-08-19T21:59:49.848+0000] {dag.py:3823} INFO - Setting next_dagrun for example_sla_dag to 2025-08-19 21:56:00+00:00, run_after=2025-08-19 21:58:00+00:00
[2025-08-19T21:59:49.857+0000] {processor.py:183} INFO - Processing /home/airflow/.local/lib/python3.8/site-packages/airflow/example_dags/example_sla_dag.py took 0.035 seconds
[2025-08-19T22:00:20.388+0000] {processor.py:161} INFO - Started process (PID=1210) to work on /home/airflow/.local/lib/python3.8/site-packages/airflow/example_dags/example_sla_dag.py
[2025-08-19T22:00:20.389+0000] {processor.py:830} INFO - Processing file /home/airflow/.local/lib/python3.8/site-packages/airflow/example_dags/example_sla_dag.py for tasks to queue
[2025-08-19T22:00:20.390+0000] {logging_mixin.py:188} INFO - [2025-08-19T22:00:20.390+0000] {dagbag.py:538} INFO - Filling up the DagBag from /home/airflow/.local/lib/python3.8/site-packages/airflow/example_dags/example_sla_dag.py
[2025-08-19T22:00:20.395+0000] {processor.py:840} INFO - DAG(s) 'example_sla_dag' retrieved from /home/airflow/.local/lib/python3.8/site-packages/airflow/example_dags/example_sla_dag.py
[2025-08-19T22:00:20.405+0000] {logging_mixin.py:188} INFO - [2025-08-19T22:00:20.405+0000] {dag.py:3036} INFO - Sync 1 DAGs
[2025-08-19T22:00:20.414+0000] {logging_mixin.py:188} INFO - [2025-08-19T22:00:20.414+0000] {dag.py:3823} INFO - Setting next_dagrun for example_sla_dag to 2025-08-19 21:58:00+00:00, run_after=2025-08-19 22:00:00+00:00
[2025-08-19T22:00:20.422+0000] {processor.py:183} INFO - Processing /home/airflow/.local/lib/python3.8/site-packages/airflow/example_dags/example_sla_dag.py took 0.036 seconds
[2025-08-19T22:00:50.953+0000] {processor.py:161} INFO - Started process (PID=1266) to work on /home/airflow/.local/lib/python3.8/site-packages/airflow/example_dags/example_sla_dag.py
[2025-08-19T22:00:50.953+0000] {processor.py:830} INFO - Processing file /home/airflow/.local/lib/python3.8/site-packages/airflow/example_dags/example_sla_dag.py for tasks to queue
[2025-08-19T22:00:50.954+0000] {logging_mixin.py:188} INFO - [2025-08-19T22:00:50.954+0000] {dagbag.py:538} INFO - Filling up the DagBag from /home/airflow/.local/lib/python3.8/site-packages/airflow/example_dags/example_sla_dag.py
[2025-08-19T22:00:50.957+0000] {processor.py:840} INFO - DAG(s) 'example_sla_dag' retrieved from /home/airflow/.local/lib/python3.8/site-packages/airflow/example_dags/example_sla_dag.py
[2025-08-19T22:00:50.969+0000] {logging_mixin.py:188} INFO - [2025-08-19T22:00:50.968+0000] {dag.py:3036} INFO - Sync 1 DAGs
[2025-08-19T22:00:50.981+0000] {logging_mixin.py:188} INFO - [2025-08-19T22:00:50.981+0000] {dag.py:3823} INFO - Setting next_dagrun for example_sla_dag to 2025-08-19 21:58:00+00:00, run_after=2025-08-19 22:00:00+00:00
[2025-08-19T22:00:50.989+0000] {processor.py:183} INFO - Processing /home/airflow/.local/lib/python3.8/site-packages/airflow/example_dags/example_sla_dag.py took 0.038 seconds
[2025-08-19T22:01:22.005+0000] {processor.py:161} INFO - Started process (PID=1322) to work on /home/airflow/.local/lib/python3.8/site-packages/airflow/example_dags/example_sla_dag.py
[2025-08-19T22:01:22.008+0000] {processor.py:830} INFO - Processing file /home/airflow/.local/lib/python3.8/site-packages/airflow/example_dags/example_sla_dag.py for tasks to queue
[2025-08-19T22:01:22.009+0000] {logging_mixin.py:188} INFO - [2025-08-19T22:01:22.009+0000] {dagbag.py:538} INFO - Filling up the DagBag from /home/airflow/.local/lib/python3.8/site-packages/airflow/example_dags/example_sla_dag.py
[2025-08-19T22:01:22.014+0000] {processor.py:840} INFO - DAG(s) 'example_sla_dag' retrieved from /home/airflow/.local/lib/python3.8/site-packages/airflow/example_dags/example_sla_dag.py
[2025-08-19T22:01:22.031+0000] {logging_mixin.py:188} INFO - [2025-08-19T22:01:22.030+0000] {dag.py:3036} INFO - Sync 1 DAGs
[2025-08-19T22:01:22.050+0000] {logging_mixin.py:188} INFO - [2025-08-19T22:01:22.050+0000] {dag.py:3823} INFO - Setting next_dagrun for example_sla_dag to 2025-08-19 21:58:00+00:00, run_after=2025-08-19 22:00:00+00:00
[2025-08-19T22:01:22.061+0000] {processor.py:183} INFO - Processing /home/airflow/.local/lib/python3.8/site-packages/airflow/example_dags/example_sla_dag.py took 0.060 seconds
[2025-08-19T22:01:52.964+0000] {processor.py:161} INFO - Started process (PID=1378) to work on /home/airflow/.local/lib/python3.8/site-packages/airflow/example_dags/example_sla_dag.py
[2025-08-19T22:01:52.965+0000] {processor.py:830} INFO - Processing file /home/airflow/.local/lib/python3.8/site-packages/airflow/example_dags/example_sla_dag.py for tasks to queue
[2025-08-19T22:01:52.966+0000] {logging_mixin.py:188} INFO - [2025-08-19T22:01:52.966+0000] {dagbag.py:538} INFO - Filling up the DagBag from /home/airflow/.local/lib/python3.8/site-packages/airflow/example_dags/example_sla_dag.py
[2025-08-19T22:01:52.971+0000] {processor.py:840} INFO - DAG(s) 'example_sla_dag' retrieved from /home/airflow/.local/lib/python3.8/site-packages/airflow/example_dags/example_sla_dag.py
[2025-08-19T22:01:52.982+0000] {logging_mixin.py:188} INFO - [2025-08-19T22:01:52.982+0000] {dag.py:3036} INFO - Sync 1 DAGs
[2025-08-19T22:01:52.992+0000] {logging_mixin.py:188} INFO - [2025-08-19T22:01:52.992+0000] {dag.py:3823} INFO - Setting next_dagrun for example_sla_dag to 2025-08-19 21:58:00+00:00, run_after=2025-08-19 22:00:00+00:00
[2025-08-19T22:01:53.002+0000] {processor.py:183} INFO - Processing /home/airflow/.local/lib/python3.8/site-packages/airflow/example_dags/example_sla_dag.py took 0.039 seconds
[2025-08-19T22:02:23.866+0000] {processor.py:161} INFO - Started process (PID=1434) to work on /home/airflow/.local/lib/python3.8/site-packages/airflow/example_dags/example_sla_dag.py
[2025-08-19T22:02:23.868+0000] {processor.py:830} INFO - Processing file /home/airflow/.local/lib/python3.8/site-packages/airflow/example_dags/example_sla_dag.py for tasks to queue
[2025-08-19T22:02:23.869+0000] {logging_mixin.py:188} INFO - [2025-08-19T22:02:23.869+0000] {dagbag.py:538} INFO - Filling up the DagBag from /home/airflow/.local/lib/python3.8/site-packages/airflow/example_dags/example_sla_dag.py
[2025-08-19T22:02:23.873+0000] {processor.py:840} INFO - DAG(s) 'example_sla_dag' retrieved from /home/airflow/.local/lib/python3.8/site-packages/airflow/example_dags/example_sla_dag.py
[2025-08-19T22:02:23.884+0000] {logging_mixin.py:188} INFO - [2025-08-19T22:02:23.883+0000] {dag.py:3036} INFO - Sync 1 DAGs
[2025-08-19T22:02:23.895+0000] {logging_mixin.py:188} INFO - [2025-08-19T22:02:23.895+0000] {dag.py:3823} INFO - Setting next_dagrun for example_sla_dag to 2025-08-19 22:00:00+00:00, run_after=2025-08-19 22:02:00+00:00
[2025-08-19T22:02:23.903+0000] {processor.py:183} INFO - Processing /home/airflow/.local/lib/python3.8/site-packages/airflow/example_dags/example_sla_dag.py took 0.039 seconds
[2025-08-19T22:02:54.747+0000] {processor.py:161} INFO - Started process (PID=1490) to work on /home/airflow/.local/lib/python3.8/site-packages/airflow/example_dags/example_sla_dag.py
[2025-08-19T22:02:54.748+0000] {processor.py:830} INFO - Processing file /home/airflow/.local/lib/python3.8/site-packages/airflow/example_dags/example_sla_dag.py for tasks to queue
[2025-08-19T22:02:54.749+0000] {logging_mixin.py:188} INFO - [2025-08-19T22:02:54.749+0000] {dagbag.py:538} INFO - Filling up the DagBag from /home/airflow/.local/lib/python3.8/site-packages/airflow/example_dags/example_sla_dag.py
[2025-08-19T22:02:54.756+0000] {processor.py:840} INFO - DAG(s) 'example_sla_dag' retrieved from /home/airflow/.local/lib/python3.8/site-packages/airflow/example_dags/example_sla_dag.py
[2025-08-19T22:02:54.765+0000] {logging_mixin.py:188} INFO - [2025-08-19T22:02:54.765+0000] {dag.py:3036} INFO - Sync 1 DAGs
[2025-08-19T22:02:54.774+0000] {logging_mixin.py:188} INFO - [2025-08-19T22:02:54.774+0000] {dag.py:3823} INFO - Setting next_dagrun for example_sla_dag to 2025-08-19 22:00:00+00:00, run_after=2025-08-19 22:02:00+00:00
[2025-08-19T22:02:54.781+0000] {processor.py:183} INFO - Processing /home/airflow/.local/lib/python3.8/site-packages/airflow/example_dags/example_sla_dag.py took 0.035 seconds
[2025-08-19T22:03:24.832+0000] {processor.py:161} INFO - Started process (PID=1546) to work on /home/airflow/.local/lib/python3.8/site-packages/airflow/example_dags/example_sla_dag.py
[2025-08-19T22:03:24.832+0000] {processor.py:830} INFO - Processing file /home/airflow/.local/lib/python3.8/site-packages/airflow/example_dags/example_sla_dag.py for tasks to queue
[2025-08-19T22:03:24.833+0000] {logging_mixin.py:188} INFO - [2025-08-19T22:03:24.833+0000] {dagbag.py:538} INFO - Filling up the DagBag from /home/airflow/.local/lib/python3.8/site-packages/airflow/example_dags/example_sla_dag.py
[2025-08-19T22:03:24.837+0000] {processor.py:840} INFO - DAG(s) 'example_sla_dag' retrieved from /home/airflow/.local/lib/python3.8/site-packages/airflow/example_dags/example_sla_dag.py
[2025-08-19T22:03:24.848+0000] {logging_mixin.py:188} INFO - [2025-08-19T22:03:24.847+0000] {dag.py:3036} INFO - Sync 1 DAGs
[2025-08-19T22:03:24.856+0000] {logging_mixin.py:188} INFO - [2025-08-19T22:03:24.856+0000] {dag.py:3823} INFO - Setting next_dagrun for example_sla_dag to 2025-08-19 22:00:00+00:00, run_after=2025-08-19 22:02:00+00:00
[2025-08-19T22:03:24.867+0000] {processor.py:183} INFO - Processing /home/airflow/.local/lib/python3.8/site-packages/airflow/example_dags/example_sla_dag.py took 0.037 seconds
[2025-08-19T22:03:55.508+0000] {processor.py:161} INFO - Started process (PID=1602) to work on /home/airflow/.local/lib/python3.8/site-packages/airflow/example_dags/example_sla_dag.py
[2025-08-19T22:03:55.509+0000] {processor.py:830} INFO - Processing file /home/airflow/.local/lib/python3.8/site-packages/airflow/example_dags/example_sla_dag.py for tasks to queue
[2025-08-19T22:03:55.511+0000] {logging_mixin.py:188} INFO - [2025-08-19T22:03:55.510+0000] {dagbag.py:538} INFO - Filling up the DagBag from /home/airflow/.local/lib/python3.8/site-packages/airflow/example_dags/example_sla_dag.py
[2025-08-19T22:03:55.514+0000] {processor.py:840} INFO - DAG(s) 'example_sla_dag' retrieved from /home/airflow/.local/lib/python3.8/site-packages/airflow/example_dags/example_sla_dag.py
[2025-08-19T22:03:55.530+0000] {logging_mixin.py:188} INFO - [2025-08-19T22:03:55.530+0000] {dag.py:3036} INFO - Sync 1 DAGs
[2025-08-19T22:03:55.540+0000] {logging_mixin.py:188} INFO - [2025-08-19T22:03:55.540+0000] {dag.py:3823} INFO - Setting next_dagrun for example_sla_dag to 2025-08-19 22:00:00+00:00, run_after=2025-08-19 22:02:00+00:00
[2025-08-19T22:03:55.548+0000] {processor.py:183} INFO - Processing /home/airflow/.local/lib/python3.8/site-packages/airflow/example_dags/example_sla_dag.py took 0.041 seconds
[2025-08-19T22:04:25.955+0000] {processor.py:161} INFO - Started process (PID=1658) to work on /home/airflow/.local/lib/python3.8/site-packages/airflow/example_dags/example_sla_dag.py
[2025-08-19T22:04:25.957+0000] {processor.py:830} INFO - Processing file /home/airflow/.local/lib/python3.8/site-packages/airflow/example_dags/example_sla_dag.py for tasks to queue
[2025-08-19T22:04:25.957+0000] {logging_mixin.py:188} INFO - [2025-08-19T22:04:25.957+0000] {dagbag.py:538} INFO - Filling up the DagBag from /home/airflow/.local/lib/python3.8/site-packages/airflow/example_dags/example_sla_dag.py
[2025-08-19T22:04:25.961+0000] {processor.py:840} INFO - DAG(s) 'example_sla_dag' retrieved from /home/airflow/.local/lib/python3.8/site-packages/airflow/example_dags/example_sla_dag.py
[2025-08-19T22:04:25.969+0000] {logging_mixin.py:188} INFO - [2025-08-19T22:04:25.969+0000] {dag.py:3036} INFO - Sync 1 DAGs
[2025-08-19T22:04:25.979+0000] {logging_mixin.py:188} INFO - [2025-08-19T22:04:25.979+0000] {dag.py:3823} INFO - Setting next_dagrun for example_sla_dag to 2025-08-19 22:02:00+00:00, run_after=2025-08-19 22:04:00+00:00
[2025-08-19T22:04:25.989+0000] {processor.py:183} INFO - Processing /home/airflow/.local/lib/python3.8/site-packages/airflow/example_dags/example_sla_dag.py took 0.036 seconds
[2025-08-19T22:04:56.417+0000] {processor.py:161} INFO - Started process (PID=1714) to work on /home/airflow/.local/lib/python3.8/site-packages/airflow/example_dags/example_sla_dag.py
[2025-08-19T22:04:56.418+0000] {processor.py:830} INFO - Processing file /home/airflow/.local/lib/python3.8/site-packages/airflow/example_dags/example_sla_dag.py for tasks to queue
[2025-08-19T22:04:56.418+0000] {logging_mixin.py:188} INFO - [2025-08-19T22:04:56.418+0000] {dagbag.py:538} INFO - Filling up the DagBag from /home/airflow/.local/lib/python3.8/site-packages/airflow/example_dags/example_sla_dag.py
[2025-08-19T22:04:56.422+0000] {processor.py:840} INFO - DAG(s) 'example_sla_dag' retrieved from /home/airflow/.local/lib/python3.8/site-packages/airflow/example_dags/example_sla_dag.py
[2025-08-19T22:04:56.430+0000] {logging_mixin.py:188} INFO - [2025-08-19T22:04:56.430+0000] {dag.py:3036} INFO - Sync 1 DAGs
[2025-08-19T22:04:56.440+0000] {logging_mixin.py:188} INFO - [2025-08-19T22:04:56.439+0000] {dag.py:3823} INFO - Setting next_dagrun for example_sla_dag to 2025-08-19 22:02:00+00:00, run_after=2025-08-19 22:04:00+00:00
[2025-08-19T22:04:56.448+0000] {processor.py:183} INFO - Processing /home/airflow/.local/lib/python3.8/site-packages/airflow/example_dags/example_sla_dag.py took 0.031 seconds
[2025-08-19T22:05:27.439+0000] {processor.py:161} INFO - Started process (PID=1770) to work on /home/airflow/.local/lib/python3.8/site-packages/airflow/example_dags/example_sla_dag.py
[2025-08-19T22:05:27.440+0000] {processor.py:830} INFO - Processing file /home/airflow/.local/lib/python3.8/site-packages/airflow/example_dags/example_sla_dag.py for tasks to queue
[2025-08-19T22:05:27.441+0000] {logging_mixin.py:188} INFO - [2025-08-19T22:05:27.440+0000] {dagbag.py:538} INFO - Filling up the DagBag from /home/airflow/.local/lib/python3.8/site-packages/airflow/example_dags/example_sla_dag.py
[2025-08-19T22:05:27.445+0000] {processor.py:840} INFO - DAG(s) 'example_sla_dag' retrieved from /home/airflow/.local/lib/python3.8/site-packages/airflow/example_dags/example_sla_dag.py
[2025-08-19T22:05:27.458+0000] {logging_mixin.py:188} INFO - [2025-08-19T22:05:27.458+0000] {dag.py:3036} INFO - Sync 1 DAGs
[2025-08-19T22:05:27.470+0000] {logging_mixin.py:188} INFO - [2025-08-19T22:05:27.470+0000] {dag.py:3823} INFO - Setting next_dagrun for example_sla_dag to 2025-08-19 22:02:00+00:00, run_after=2025-08-19 22:04:00+00:00
[2025-08-19T22:05:27.478+0000] {processor.py:183} INFO - Processing /home/airflow/.local/lib/python3.8/site-packages/airflow/example_dags/example_sla_dag.py took 0.040 seconds
[2025-08-19T22:05:58.034+0000] {processor.py:161} INFO - Started process (PID=1826) to work on /home/airflow/.local/lib/python3.8/site-packages/airflow/example_dags/example_sla_dag.py
[2025-08-19T22:05:58.035+0000] {processor.py:830} INFO - Processing file /home/airflow/.local/lib/python3.8/site-packages/airflow/example_dags/example_sla_dag.py for tasks to queue
[2025-08-19T22:05:58.035+0000] {logging_mixin.py:188} INFO - [2025-08-19T22:05:58.035+0000] {dagbag.py:538} INFO - Filling up the DagBag from /home/airflow/.local/lib/python3.8/site-packages/airflow/example_dags/example_sla_dag.py
[2025-08-19T22:05:58.039+0000] {processor.py:840} INFO - DAG(s) 'example_sla_dag' retrieved from /home/airflow/.local/lib/python3.8/site-packages/airflow/example_dags/example_sla_dag.py
[2025-08-19T22:05:58.047+0000] {logging_mixin.py:188} INFO - [2025-08-19T22:05:58.047+0000] {dag.py:3036} INFO - Sync 1 DAGs
[2025-08-19T22:05:58.058+0000] {logging_mixin.py:188} INFO - [2025-08-19T22:05:58.058+0000] {dag.py:3823} INFO - Setting next_dagrun for example_sla_dag to 2025-08-19 22:02:00+00:00, run_after=2025-08-19 22:04:00+00:00
[2025-08-19T22:05:58.065+0000] {processor.py:183} INFO - Processing /home/airflow/.local/lib/python3.8/site-packages/airflow/example_dags/example_sla_dag.py took 0.032 seconds
[2025-08-19T22:06:28.448+0000] {processor.py:161} INFO - Started process (PID=1882) to work on /home/airflow/.local/lib/python3.8/site-packages/airflow/example_dags/example_sla_dag.py
[2025-08-19T22:06:28.448+0000] {processor.py:830} INFO - Processing file /home/airflow/.local/lib/python3.8/site-packages/airflow/example_dags/example_sla_dag.py for tasks to queue
[2025-08-19T22:06:28.449+0000] {logging_mixin.py:188} INFO - [2025-08-19T22:06:28.449+0000] {dagbag.py:538} INFO - Filling up the DagBag from /home/airflow/.local/lib/python3.8/site-packages/airflow/example_dags/example_sla_dag.py
[2025-08-19T22:06:28.452+0000] {processor.py:840} INFO - DAG(s) 'example_sla_dag' retrieved from /home/airflow/.local/lib/python3.8/site-packages/airflow/example_dags/example_sla_dag.py
[2025-08-19T22:06:28.458+0000] {logging_mixin.py:188} INFO - [2025-08-19T22:06:28.458+0000] {dag.py:3036} INFO - Sync 1 DAGs
[2025-08-19T22:06:28.466+0000] {logging_mixin.py:188} INFO - [2025-08-19T22:06:28.466+0000] {dag.py:3823} INFO - Setting next_dagrun for example_sla_dag to 2025-08-19 22:04:00+00:00, run_after=2025-08-19 22:06:00+00:00
[2025-08-19T22:06:28.471+0000] {processor.py:183} INFO - Processing /home/airflow/.local/lib/python3.8/site-packages/airflow/example_dags/example_sla_dag.py took 0.025 seconds
[2025-08-19T22:06:59.392+0000] {processor.py:161} INFO - Started process (PID=1938) to work on /home/airflow/.local/lib/python3.8/site-packages/airflow/example_dags/example_sla_dag.py
[2025-08-19T22:06:59.393+0000] {processor.py:830} INFO - Processing file /home/airflow/.local/lib/python3.8/site-packages/airflow/example_dags/example_sla_dag.py for tasks to queue
[2025-08-19T22:06:59.394+0000] {logging_mixin.py:188} INFO - [2025-08-19T22:06:59.394+0000] {dagbag.py:538} INFO - Filling up the DagBag from /home/airflow/.local/lib/python3.8/site-packages/airflow/example_dags/example_sla_dag.py
[2025-08-19T22:06:59.400+0000] {processor.py:840} INFO - DAG(s) 'example_sla_dag' retrieved from /home/airflow/.local/lib/python3.8/site-packages/airflow/example_dags/example_sla_dag.py
[2025-08-19T22:06:59.413+0000] {logging_mixin.py:188} INFO - [2025-08-19T22:06:59.413+0000] {dag.py:3036} INFO - Sync 1 DAGs
[2025-08-19T22:06:59.424+0000] {logging_mixin.py:188} INFO - [2025-08-19T22:06:59.424+0000] {dag.py:3823} INFO - Setting next_dagrun for example_sla_dag to 2025-08-19 22:04:00+00:00, run_after=2025-08-19 22:06:00+00:00
[2025-08-19T22:06:59.433+0000] {processor.py:183} INFO - Processing /home/airflow/.local/lib/python3.8/site-packages/airflow/example_dags/example_sla_dag.py took 0.043 seconds
[2025-08-19T22:07:30.235+0000] {processor.py:161} INFO - Started process (PID=1994) to work on /home/airflow/.local/lib/python3.8/site-packages/airflow/example_dags/example_sla_dag.py
[2025-08-19T22:07:30.236+0000] {processor.py:830} INFO - Processing file /home/airflow/.local/lib/python3.8/site-packages/airflow/example_dags/example_sla_dag.py for tasks to queue
[2025-08-19T22:07:30.237+0000] {logging_mixin.py:188} INFO - [2025-08-19T22:07:30.237+0000] {dagbag.py:538} INFO - Filling up the DagBag from /home/airflow/.local/lib/python3.8/site-packages/airflow/example_dags/example_sla_dag.py
[2025-08-19T22:07:30.241+0000] {processor.py:840} INFO - DAG(s) 'example_sla_dag' retrieved from /home/airflow/.local/lib/python3.8/site-packages/airflow/example_dags/example_sla_dag.py
[2025-08-19T22:07:30.258+0000] {logging_mixin.py:188} INFO - [2025-08-19T22:07:30.257+0000] {dag.py:3036} INFO - Sync 1 DAGs
[2025-08-19T22:07:30.270+0000] {logging_mixin.py:188} INFO - [2025-08-19T22:07:30.270+0000] {dag.py:3823} INFO - Setting next_dagrun for example_sla_dag to 2025-08-19 22:04:00+00:00, run_after=2025-08-19 22:06:00+00:00
[2025-08-19T22:07:30.278+0000] {processor.py:183} INFO - Processing /home/airflow/.local/lib/python3.8/site-packages/airflow/example_dags/example_sla_dag.py took 0.047 seconds
[2025-08-19T22:08:01.085+0000] {processor.py:161} INFO - Started process (PID=2050) to work on /home/airflow/.local/lib/python3.8/site-packages/airflow/example_dags/example_sla_dag.py
[2025-08-19T22:08:01.086+0000] {processor.py:830} INFO - Processing file /home/airflow/.local/lib/python3.8/site-packages/airflow/example_dags/example_sla_dag.py for tasks to queue
[2025-08-19T22:08:01.087+0000] {logging_mixin.py:188} INFO - [2025-08-19T22:08:01.087+0000] {dagbag.py:538} INFO - Filling up the DagBag from /home/airflow/.local/lib/python3.8/site-packages/airflow/example_dags/example_sla_dag.py
[2025-08-19T22:08:01.090+0000] {processor.py:840} INFO - DAG(s) 'example_sla_dag' retrieved from /home/airflow/.local/lib/python3.8/site-packages/airflow/example_dags/example_sla_dag.py
[2025-08-19T22:08:01.103+0000] {logging_mixin.py:188} INFO - [2025-08-19T22:08:01.102+0000] {dag.py:3036} INFO - Sync 1 DAGs
[2025-08-19T22:08:01.114+0000] {logging_mixin.py:188} INFO - [2025-08-19T22:08:01.114+0000] {dag.py:3823} INFO - Setting next_dagrun for example_sla_dag to 2025-08-19 22:06:00+00:00, run_after=2025-08-19 22:08:00+00:00
[2025-08-19T22:08:01.124+0000] {processor.py:183} INFO - Processing /home/airflow/.local/lib/python3.8/site-packages/airflow/example_dags/example_sla_dag.py took 0.040 seconds
[2025-08-19T22:08:31.805+0000] {processor.py:161} INFO - Started process (PID=2106) to work on /home/airflow/.local/lib/python3.8/site-packages/airflow/example_dags/example_sla_dag.py
[2025-08-19T22:08:31.805+0000] {processor.py:830} INFO - Processing file /home/airflow/.local/lib/python3.8/site-packages/airflow/example_dags/example_sla_dag.py for tasks to queue
[2025-08-19T22:08:31.806+0000] {logging_mixin.py:188} INFO - [2025-08-19T22:08:31.806+0000] {dagbag.py:538} INFO - Filling up the DagBag from /home/airflow/.local/lib/python3.8/site-packages/airflow/example_dags/example_sla_dag.py
[2025-08-19T22:08:31.809+0000] {processor.py:840} INFO - DAG(s) 'example_sla_dag' retrieved from /home/airflow/.local/lib/python3.8/site-packages/airflow/example_dags/example_sla_dag.py
[2025-08-19T22:08:31.822+0000] {logging_mixin.py:188} INFO - [2025-08-19T22:08:31.822+0000] {dag.py:3036} INFO - Sync 1 DAGs
[2025-08-19T22:08:31.831+0000] {logging_mixin.py:188} INFO - [2025-08-19T22:08:31.830+0000] {dag.py:3823} INFO - Setting next_dagrun for example_sla_dag to 2025-08-19 22:06:00+00:00, run_after=2025-08-19 22:08:00+00:00
[2025-08-19T22:08:31.842+0000] {processor.py:183} INFO - Processing /home/airflow/.local/lib/python3.8/site-packages/airflow/example_dags/example_sla_dag.py took 0.039 seconds
[2025-08-19T22:09:02.259+0000] {processor.py:161} INFO - Started process (PID=2162) to work on /home/airflow/.local/lib/python3.8/site-packages/airflow/example_dags/example_sla_dag.py
[2025-08-19T22:09:02.259+0000] {processor.py:830} INFO - Processing file /home/airflow/.local/lib/python3.8/site-packages/airflow/example_dags/example_sla_dag.py for tasks to queue
[2025-08-19T22:09:02.260+0000] {logging_mixin.py:188} INFO - [2025-08-19T22:09:02.260+0000] {dagbag.py:538} INFO - Filling up the DagBag from /home/airflow/.local/lib/python3.8/site-packages/airflow/example_dags/example_sla_dag.py
[2025-08-19T22:09:02.263+0000] {processor.py:840} INFO - DAG(s) 'example_sla_dag' retrieved from /home/airflow/.local/lib/python3.8/site-packages/airflow/example_dags/example_sla_dag.py
[2025-08-19T22:09:02.274+0000] {logging_mixin.py:188} INFO - [2025-08-19T22:09:02.274+0000] {dag.py:3036} INFO - Sync 1 DAGs
[2025-08-19T22:09:02.284+0000] {logging_mixin.py:188} INFO - [2025-08-19T22:09:02.284+0000] {dag.py:3823} INFO - Setting next_dagrun for example_sla_dag to 2025-08-19 22:06:00+00:00, run_after=2025-08-19 22:08:00+00:00
[2025-08-19T22:09:02.297+0000] {processor.py:183} INFO - Processing /home/airflow/.local/lib/python3.8/site-packages/airflow/example_dags/example_sla_dag.py took 0.040 seconds
[2025-08-19T22:09:33.045+0000] {processor.py:161} INFO - Started process (PID=2218) to work on /home/airflow/.local/lib/python3.8/site-packages/airflow/example_dags/example_sla_dag.py
[2025-08-19T22:09:33.048+0000] {processor.py:830} INFO - Processing file /home/airflow/.local/lib/python3.8/site-packages/airflow/example_dags/example_sla_dag.py for tasks to queue
[2025-08-19T22:09:33.049+0000] {logging_mixin.py:188} INFO - [2025-08-19T22:09:33.049+0000] {dagbag.py:538} INFO - Filling up the DagBag from /home/airflow/.local/lib/python3.8/site-packages/airflow/example_dags/example_sla_dag.py
[2025-08-19T22:09:33.053+0000] {processor.py:840} INFO - DAG(s) 'example_sla_dag' retrieved from /home/airflow/.local/lib/python3.8/site-packages/airflow/example_dags/example_sla_dag.py
[2025-08-19T22:09:33.071+0000] {logging_mixin.py:188} INFO - [2025-08-19T22:09:33.070+0000] {dag.py:3036} INFO - Sync 1 DAGs
[2025-08-19T22:09:33.084+0000] {logging_mixin.py:188} INFO - [2025-08-19T22:09:33.084+0000] {dag.py:3823} INFO - Setting next_dagrun for example_sla_dag to 2025-08-19 22:06:00+00:00, run_after=2025-08-19 22:08:00+00:00
[2025-08-19T22:09:33.091+0000] {processor.py:183} INFO - Processing /home/airflow/.local/lib/python3.8/site-packages/airflow/example_dags/example_sla_dag.py took 0.048 seconds
[2025-08-19T22:10:03.554+0000] {processor.py:161} INFO - Started process (PID=2274) to work on /home/airflow/.local/lib/python3.8/site-packages/airflow/example_dags/example_sla_dag.py
[2025-08-19T22:10:03.555+0000] {processor.py:830} INFO - Processing file /home/airflow/.local/lib/python3.8/site-packages/airflow/example_dags/example_sla_dag.py for tasks to queue
[2025-08-19T22:10:03.555+0000] {logging_mixin.py:188} INFO - [2025-08-19T22:10:03.555+0000] {dagbag.py:538} INFO - Filling up the DagBag from /home/airflow/.local/lib/python3.8/site-packages/airflow/example_dags/example_sla_dag.py
[2025-08-19T22:10:03.559+0000] {processor.py:840} INFO - DAG(s) 'example_sla_dag' retrieved from /home/airflow/.local/lib/python3.8/site-packages/airflow/example_dags/example_sla_dag.py
[2025-08-19T22:10:03.569+0000] {logging_mixin.py:188} INFO - [2025-08-19T22:10:03.569+0000] {dag.py:3036} INFO - Sync 1 DAGs
[2025-08-19T22:10:03.579+0000] {logging_mixin.py:188} INFO - [2025-08-19T22:10:03.579+0000] {dag.py:3823} INFO - Setting next_dagrun for example_sla_dag to 2025-08-19 22:08:00+00:00, run_after=2025-08-19 22:10:00+00:00
[2025-08-19T22:10:03.587+0000] {processor.py:183} INFO - Processing /home/airflow/.local/lib/python3.8/site-packages/airflow/example_dags/example_sla_dag.py took 0.034 seconds
[2025-08-19T22:10:34.314+0000] {processor.py:161} INFO - Started process (PID=2330) to work on /home/airflow/.local/lib/python3.8/site-packages/airflow/example_dags/example_sla_dag.py
[2025-08-19T22:10:34.316+0000] {processor.py:830} INFO - Processing file /home/airflow/.local/lib/python3.8/site-packages/airflow/example_dags/example_sla_dag.py for tasks to queue
[2025-08-19T22:10:34.317+0000] {logging_mixin.py:188} INFO - [2025-08-19T22:10:34.317+0000] {dagbag.py:538} INFO - Filling up the DagBag from /home/airflow/.local/lib/python3.8/site-packages/airflow/example_dags/example_sla_dag.py
[2025-08-19T22:10:34.320+0000] {processor.py:840} INFO - DAG(s) 'example_sla_dag' retrieved from /home/airflow/.local/lib/python3.8/site-packages/airflow/example_dags/example_sla_dag.py
[2025-08-19T22:10:34.331+0000] {logging_mixin.py:188} INFO - [2025-08-19T22:10:34.331+0000] {dag.py:3036} INFO - Sync 1 DAGs
[2025-08-19T22:10:34.340+0000] {logging_mixin.py:188} INFO - [2025-08-19T22:10:34.340+0000] {dag.py:3823} INFO - Setting next_dagrun for example_sla_dag to 2025-08-19 22:08:00+00:00, run_after=2025-08-19 22:10:00+00:00
[2025-08-19T22:10:34.347+0000] {processor.py:183} INFO - Processing /home/airflow/.local/lib/python3.8/site-packages/airflow/example_dags/example_sla_dag.py took 0.035 seconds
[2025-08-19T22:11:04.844+0000] {processor.py:161} INFO - Started process (PID=2386) to work on /home/airflow/.local/lib/python3.8/site-packages/airflow/example_dags/example_sla_dag.py
[2025-08-19T22:11:04.845+0000] {processor.py:830} INFO - Processing file /home/airflow/.local/lib/python3.8/site-packages/airflow/example_dags/example_sla_dag.py for tasks to queue
[2025-08-19T22:11:04.846+0000] {logging_mixin.py:188} INFO - [2025-08-19T22:11:04.846+0000] {dagbag.py:538} INFO - Filling up the DagBag from /home/airflow/.local/lib/python3.8/site-packages/airflow/example_dags/example_sla_dag.py
[2025-08-19T22:11:04.852+0000] {processor.py:840} INFO - DAG(s) 'example_sla_dag' retrieved from /home/airflow/.local/lib/python3.8/site-packages/airflow/example_dags/example_sla_dag.py
[2025-08-19T22:11:04.865+0000] {logging_mixin.py:188} INFO - [2025-08-19T22:11:04.865+0000] {dag.py:3036} INFO - Sync 1 DAGs
[2025-08-19T22:11:04.874+0000] {logging_mixin.py:188} INFO - [2025-08-19T22:11:04.874+0000] {dag.py:3823} INFO - Setting next_dagrun for example_sla_dag to 2025-08-19 22:08:00+00:00, run_after=2025-08-19 22:10:00+00:00
[2025-08-19T22:11:04.880+0000] {processor.py:183} INFO - Processing /home/airflow/.local/lib/python3.8/site-packages/airflow/example_dags/example_sla_dag.py took 0.038 seconds
[2025-08-19T22:11:35.294+0000] {processor.py:161} INFO - Started process (PID=2442) to work on /home/airflow/.local/lib/python3.8/site-packages/airflow/example_dags/example_sla_dag.py
[2025-08-19T22:11:35.294+0000] {processor.py:830} INFO - Processing file /home/airflow/.local/lib/python3.8/site-packages/airflow/example_dags/example_sla_dag.py for tasks to queue
[2025-08-19T22:11:35.295+0000] {logging_mixin.py:188} INFO - [2025-08-19T22:11:35.295+0000] {dagbag.py:538} INFO - Filling up the DagBag from /home/airflow/.local/lib/python3.8/site-packages/airflow/example_dags/example_sla_dag.py
[2025-08-19T22:11:35.298+0000] {processor.py:840} INFO - DAG(s) 'example_sla_dag' retrieved from /home/airflow/.local/lib/python3.8/site-packages/airflow/example_dags/example_sla_dag.py
[2025-08-19T22:11:35.305+0000] {logging_mixin.py:188} INFO - [2025-08-19T22:11:35.305+0000] {dag.py:3036} INFO - Sync 1 DAGs
[2025-08-19T22:11:35.313+0000] {logging_mixin.py:188} INFO - [2025-08-19T22:11:35.313+0000] {dag.py:3823} INFO - Setting next_dagrun for example_sla_dag to 2025-08-19 22:08:00+00:00, run_after=2025-08-19 22:10:00+00:00
[2025-08-19T22:11:35.318+0000] {processor.py:183} INFO - Processing /home/airflow/.local/lib/python3.8/site-packages/airflow/example_dags/example_sla_dag.py took 0.026 seconds
[2025-08-19T22:12:05.833+0000] {processor.py:161} INFO - Started process (PID=2498) to work on /home/airflow/.local/lib/python3.8/site-packages/airflow/example_dags/example_sla_dag.py
[2025-08-19T22:12:05.833+0000] {processor.py:830} INFO - Processing file /home/airflow/.local/lib/python3.8/site-packages/airflow/example_dags/example_sla_dag.py for tasks to queue
[2025-08-19T22:12:05.834+0000] {logging_mixin.py:188} INFO - [2025-08-19T22:12:05.834+0000] {dagbag.py:538} INFO - Filling up the DagBag from /home/airflow/.local/lib/python3.8/site-packages/airflow/example_dags/example_sla_dag.py
[2025-08-19T22:12:05.838+0000] {processor.py:840} INFO - DAG(s) 'example_sla_dag' retrieved from /home/airflow/.local/lib/python3.8/site-packages/airflow/example_dags/example_sla_dag.py
[2025-08-19T22:12:05.847+0000] {logging_mixin.py:188} INFO - [2025-08-19T22:12:05.847+0000] {dag.py:3036} INFO - Sync 1 DAGs
[2025-08-19T22:12:05.856+0000] {logging_mixin.py:188} INFO - [2025-08-19T22:12:05.856+0000] {dag.py:3823} INFO - Setting next_dagrun for example_sla_dag to 2025-08-19 22:10:00+00:00, run_after=2025-08-19 22:12:00+00:00
[2025-08-19T22:12:05.864+0000] {processor.py:183} INFO - Processing /home/airflow/.local/lib/python3.8/site-packages/airflow/example_dags/example_sla_dag.py took 0.033 seconds
[2025-08-19T22:12:36.377+0000] {processor.py:161} INFO - Started process (PID=2554) to work on /home/airflow/.local/lib/python3.8/site-packages/airflow/example_dags/example_sla_dag.py
[2025-08-19T22:12:36.380+0000] {processor.py:830} INFO - Processing file /home/airflow/.local/lib/python3.8/site-packages/airflow/example_dags/example_sla_dag.py for tasks to queue
[2025-08-19T22:12:36.381+0000] {logging_mixin.py:188} INFO - [2025-08-19T22:12:36.380+0000] {dagbag.py:538} INFO - Filling up the DagBag from /home/airflow/.local/lib/python3.8/site-packages/airflow/example_dags/example_sla_dag.py
[2025-08-19T22:12:36.385+0000] {processor.py:840} INFO - DAG(s) 'example_sla_dag' retrieved from /home/airflow/.local/lib/python3.8/site-packages/airflow/example_dags/example_sla_dag.py
[2025-08-19T22:12:36.394+0000] {logging_mixin.py:188} INFO - [2025-08-19T22:12:36.394+0000] {dag.py:3036} INFO - Sync 1 DAGs
[2025-08-19T22:12:36.403+0000] {logging_mixin.py:188} INFO - [2025-08-19T22:12:36.403+0000] {dag.py:3823} INFO - Setting next_dagrun for example_sla_dag to 2025-08-19 22:10:00+00:00, run_after=2025-08-19 22:12:00+00:00
[2025-08-19T22:12:36.411+0000] {processor.py:183} INFO - Processing /home/airflow/.local/lib/python3.8/site-packages/airflow/example_dags/example_sla_dag.py took 0.036 seconds
[2025-08-19T22:13:07.007+0000] {processor.py:161} INFO - Started process (PID=2610) to work on /home/airflow/.local/lib/python3.8/site-packages/airflow/example_dags/example_sla_dag.py
[2025-08-19T22:13:07.008+0000] {processor.py:830} INFO - Processing file /home/airflow/.local/lib/python3.8/site-packages/airflow/example_dags/example_sla_dag.py for tasks to queue
[2025-08-19T22:13:07.009+0000] {logging_mixin.py:188} INFO - [2025-08-19T22:13:07.009+0000] {dagbag.py:538} INFO - Filling up the DagBag from /home/airflow/.local/lib/python3.8/site-packages/airflow/example_dags/example_sla_dag.py
[2025-08-19T22:13:07.012+0000] {processor.py:840} INFO - DAG(s) 'example_sla_dag' retrieved from /home/airflow/.local/lib/python3.8/site-packages/airflow/example_dags/example_sla_dag.py
[2025-08-19T22:13:07.021+0000] {logging_mixin.py:188} INFO - [2025-08-19T22:13:07.021+0000] {dag.py:3036} INFO - Sync 1 DAGs
[2025-08-19T22:13:07.030+0000] {logging_mixin.py:188} INFO - [2025-08-19T22:13:07.030+0000] {dag.py:3823} INFO - Setting next_dagrun for example_sla_dag to 2025-08-19 22:10:00+00:00, run_after=2025-08-19 22:12:00+00:00
[2025-08-19T22:13:07.037+0000] {processor.py:183} INFO - Processing /home/airflow/.local/lib/python3.8/site-packages/airflow/example_dags/example_sla_dag.py took 0.031 seconds
[2025-08-19T22:20:11.560+0000] {processor.py:161} INFO - Started process (PID=86) to work on /home/airflow/.local/lib/python3.8/site-packages/airflow/example_dags/example_sla_dag.py
[2025-08-19T22:20:11.561+0000] {processor.py:830} INFO - Processing file /home/airflow/.local/lib/python3.8/site-packages/airflow/example_dags/example_sla_dag.py for tasks to queue
[2025-08-19T22:20:11.562+0000] {logging_mixin.py:188} INFO - [2025-08-19T22:20:11.562+0000] {dagbag.py:538} INFO - Filling up the DagBag from /home/airflow/.local/lib/python3.8/site-packages/airflow/example_dags/example_sla_dag.py
[2025-08-19T22:20:11.569+0000] {processor.py:840} INFO - DAG(s) 'example_sla_dag' retrieved from /home/airflow/.local/lib/python3.8/site-packages/airflow/example_dags/example_sla_dag.py
[2025-08-19T22:20:11.581+0000] {logging_mixin.py:188} INFO - [2025-08-19T22:20:11.580+0000] {dag.py:3036} INFO - Sync 1 DAGs
[2025-08-19T22:20:11.606+0000] {logging_mixin.py:188} INFO - [2025-08-19T22:20:11.606+0000] {dag.py:3823} INFO - Setting next_dagrun for example_sla_dag to 2025-08-19 22:18:00+00:00, run_after=2025-08-19 22:20:00+00:00
[2025-08-19T22:20:11.624+0000] {processor.py:183} INFO - Processing /home/airflow/.local/lib/python3.8/site-packages/airflow/example_dags/example_sla_dag.py took 0.070 seconds
[2025-08-19T22:20:42.218+0000] {processor.py:161} INFO - Started process (PID=142) to work on /home/airflow/.local/lib/python3.8/site-packages/airflow/example_dags/example_sla_dag.py
[2025-08-19T22:20:42.218+0000] {processor.py:830} INFO - Processing file /home/airflow/.local/lib/python3.8/site-packages/airflow/example_dags/example_sla_dag.py for tasks to queue
[2025-08-19T22:20:42.219+0000] {logging_mixin.py:188} INFO - [2025-08-19T22:20:42.219+0000] {dagbag.py:538} INFO - Filling up the DagBag from /home/airflow/.local/lib/python3.8/site-packages/airflow/example_dags/example_sla_dag.py
[2025-08-19T22:20:42.224+0000] {processor.py:840} INFO - DAG(s) 'example_sla_dag' retrieved from /home/airflow/.local/lib/python3.8/site-packages/airflow/example_dags/example_sla_dag.py
[2025-08-19T22:20:42.259+0000] {logging_mixin.py:188} INFO - [2025-08-19T22:20:42.259+0000] {dag.py:3036} INFO - Sync 1 DAGs
[2025-08-19T22:20:42.268+0000] {logging_mixin.py:188} INFO - [2025-08-19T22:20:42.268+0000] {dag.py:3823} INFO - Setting next_dagrun for example_sla_dag to 2025-08-19 22:18:00+00:00, run_after=2025-08-19 22:20:00+00:00
[2025-08-19T22:20:42.274+0000] {processor.py:183} INFO - Processing /home/airflow/.local/lib/python3.8/site-packages/airflow/example_dags/example_sla_dag.py took 0.058 seconds
[2025-08-19T22:21:13.127+0000] {processor.py:161} INFO - Started process (PID=204) to work on /home/airflow/.local/lib/python3.8/site-packages/airflow/example_dags/example_sla_dag.py
[2025-08-19T22:21:13.128+0000] {processor.py:830} INFO - Processing file /home/airflow/.local/lib/python3.8/site-packages/airflow/example_dags/example_sla_dag.py for tasks to queue
[2025-08-19T22:21:13.129+0000] {logging_mixin.py:188} INFO - [2025-08-19T22:21:13.129+0000] {dagbag.py:538} INFO - Filling up the DagBag from /home/airflow/.local/lib/python3.8/site-packages/airflow/example_dags/example_sla_dag.py
[2025-08-19T22:21:13.132+0000] {processor.py:840} INFO - DAG(s) 'example_sla_dag' retrieved from /home/airflow/.local/lib/python3.8/site-packages/airflow/example_dags/example_sla_dag.py
[2025-08-19T22:21:13.147+0000] {logging_mixin.py:188} INFO - [2025-08-19T22:21:13.147+0000] {dag.py:3036} INFO - Sync 1 DAGs
[2025-08-19T22:21:13.156+0000] {logging_mixin.py:188} INFO - [2025-08-19T22:21:13.156+0000] {dag.py:3823} INFO - Setting next_dagrun for example_sla_dag to 2025-08-19 22:18:00+00:00, run_after=2025-08-19 22:20:00+00:00
[2025-08-19T22:21:13.166+0000] {processor.py:183} INFO - Processing /home/airflow/.local/lib/python3.8/site-packages/airflow/example_dags/example_sla_dag.py took 0.041 seconds
[2025-08-19T22:21:43.741+0000] {processor.py:161} INFO - Started process (PID=260) to work on /home/airflow/.local/lib/python3.8/site-packages/airflow/example_dags/example_sla_dag.py
[2025-08-19T22:21:43.742+0000] {processor.py:830} INFO - Processing file /home/airflow/.local/lib/python3.8/site-packages/airflow/example_dags/example_sla_dag.py for tasks to queue
[2025-08-19T22:21:43.742+0000] {logging_mixin.py:188} INFO - [2025-08-19T22:21:43.742+0000] {dagbag.py:538} INFO - Filling up the DagBag from /home/airflow/.local/lib/python3.8/site-packages/airflow/example_dags/example_sla_dag.py
[2025-08-19T22:21:43.746+0000] {processor.py:840} INFO - DAG(s) 'example_sla_dag' retrieved from /home/airflow/.local/lib/python3.8/site-packages/airflow/example_dags/example_sla_dag.py
[2025-08-19T22:21:43.758+0000] {logging_mixin.py:188} INFO - [2025-08-19T22:21:43.758+0000] {dag.py:3036} INFO - Sync 1 DAGs
[2025-08-19T22:21:43.768+0000] {logging_mixin.py:188} INFO - [2025-08-19T22:21:43.767+0000] {dag.py:3823} INFO - Setting next_dagrun for example_sla_dag to 2025-08-19 22:18:00+00:00, run_after=2025-08-19 22:20:00+00:00
[2025-08-19T22:21:43.774+0000] {processor.py:183} INFO - Processing /home/airflow/.local/lib/python3.8/site-packages/airflow/example_dags/example_sla_dag.py took 0.034 seconds
[2025-08-19T22:22:14.231+0000] {processor.py:161} INFO - Started process (PID=316) to work on /home/airflow/.local/lib/python3.8/site-packages/airflow/example_dags/example_sla_dag.py
[2025-08-19T22:22:14.233+0000] {processor.py:830} INFO - Processing file /home/airflow/.local/lib/python3.8/site-packages/airflow/example_dags/example_sla_dag.py for tasks to queue
[2025-08-19T22:22:14.234+0000] {logging_mixin.py:188} INFO - [2025-08-19T22:22:14.234+0000] {dagbag.py:538} INFO - Filling up the DagBag from /home/airflow/.local/lib/python3.8/site-packages/airflow/example_dags/example_sla_dag.py
[2025-08-19T22:22:14.239+0000] {processor.py:840} INFO - DAG(s) 'example_sla_dag' retrieved from /home/airflow/.local/lib/python3.8/site-packages/airflow/example_dags/example_sla_dag.py
[2025-08-19T22:22:14.251+0000] {logging_mixin.py:188} INFO - [2025-08-19T22:22:14.251+0000] {dag.py:3036} INFO - Sync 1 DAGs
[2025-08-19T22:22:14.265+0000] {logging_mixin.py:188} INFO - [2025-08-19T22:22:14.265+0000] {dag.py:3823} INFO - Setting next_dagrun for example_sla_dag to 2025-08-19 22:20:00+00:00, run_after=2025-08-19 22:22:00+00:00
[2025-08-19T22:22:14.282+0000] {processor.py:183} INFO - Processing /home/airflow/.local/lib/python3.8/site-packages/airflow/example_dags/example_sla_dag.py took 0.053 seconds
[2025-08-19T22:22:45.038+0000] {processor.py:161} INFO - Started process (PID=376) to work on /home/airflow/.local/lib/python3.8/site-packages/airflow/example_dags/example_sla_dag.py
[2025-08-19T22:22:45.038+0000] {processor.py:830} INFO - Processing file /home/airflow/.local/lib/python3.8/site-packages/airflow/example_dags/example_sla_dag.py for tasks to queue
[2025-08-19T22:22:45.039+0000] {logging_mixin.py:188} INFO - [2025-08-19T22:22:45.039+0000] {dagbag.py:538} INFO - Filling up the DagBag from /home/airflow/.local/lib/python3.8/site-packages/airflow/example_dags/example_sla_dag.py
[2025-08-19T22:22:45.043+0000] {processor.py:840} INFO - DAG(s) 'example_sla_dag' retrieved from /home/airflow/.local/lib/python3.8/site-packages/airflow/example_dags/example_sla_dag.py
[2025-08-19T22:22:45.051+0000] {logging_mixin.py:188} INFO - [2025-08-19T22:22:45.051+0000] {dag.py:3036} INFO - Sync 1 DAGs
[2025-08-19T22:22:45.070+0000] {logging_mixin.py:188} INFO - [2025-08-19T22:22:45.070+0000] {dag.py:3823} INFO - Setting next_dagrun for example_sla_dag to 2025-08-19 22:20:00+00:00, run_after=2025-08-19 22:22:00+00:00
[2025-08-19T22:22:45.079+0000] {processor.py:183} INFO - Processing /home/airflow/.local/lib/python3.8/site-packages/airflow/example_dags/example_sla_dag.py took 0.042 seconds
[2025-08-19T22:23:15.574+0000] {processor.py:161} INFO - Started process (PID=432) to work on /home/airflow/.local/lib/python3.8/site-packages/airflow/example_dags/example_sla_dag.py
[2025-08-19T22:23:15.575+0000] {processor.py:830} INFO - Processing file /home/airflow/.local/lib/python3.8/site-packages/airflow/example_dags/example_sla_dag.py for tasks to queue
[2025-08-19T22:23:15.575+0000] {logging_mixin.py:188} INFO - [2025-08-19T22:23:15.575+0000] {dagbag.py:538} INFO - Filling up the DagBag from /home/airflow/.local/lib/python3.8/site-packages/airflow/example_dags/example_sla_dag.py
[2025-08-19T22:23:15.580+0000] {processor.py:840} INFO - DAG(s) 'example_sla_dag' retrieved from /home/airflow/.local/lib/python3.8/site-packages/airflow/example_dags/example_sla_dag.py
[2025-08-19T22:23:15.588+0000] {logging_mixin.py:188} INFO - [2025-08-19T22:23:15.588+0000] {dag.py:3036} INFO - Sync 1 DAGs
[2025-08-19T22:23:15.598+0000] {logging_mixin.py:188} INFO - [2025-08-19T22:23:15.598+0000] {dag.py:3823} INFO - Setting next_dagrun for example_sla_dag to 2025-08-19 22:20:00+00:00, run_after=2025-08-19 22:22:00+00:00
[2025-08-19T22:23:15.604+0000] {processor.py:183} INFO - Processing /home/airflow/.local/lib/python3.8/site-packages/airflow/example_dags/example_sla_dag.py took 0.032 seconds
[2025-08-19T22:23:46.063+0000] {processor.py:161} INFO - Started process (PID=488) to work on /home/airflow/.local/lib/python3.8/site-packages/airflow/example_dags/example_sla_dag.py
[2025-08-19T22:23:46.064+0000] {processor.py:830} INFO - Processing file /home/airflow/.local/lib/python3.8/site-packages/airflow/example_dags/example_sla_dag.py for tasks to queue
[2025-08-19T22:23:46.064+0000] {logging_mixin.py:188} INFO - [2025-08-19T22:23:46.064+0000] {dagbag.py:538} INFO - Filling up the DagBag from /home/airflow/.local/lib/python3.8/site-packages/airflow/example_dags/example_sla_dag.py
[2025-08-19T22:23:46.068+0000] {processor.py:840} INFO - DAG(s) 'example_sla_dag' retrieved from /home/airflow/.local/lib/python3.8/site-packages/airflow/example_dags/example_sla_dag.py
[2025-08-19T22:23:46.075+0000] {logging_mixin.py:188} INFO - [2025-08-19T22:23:46.075+0000] {dag.py:3036} INFO - Sync 1 DAGs
[2025-08-19T22:23:46.082+0000] {logging_mixin.py:188} INFO - [2025-08-19T22:23:46.082+0000] {dag.py:3823} INFO - Setting next_dagrun for example_sla_dag to 2025-08-19 22:20:00+00:00, run_after=2025-08-19 22:22:00+00:00
[2025-08-19T22:23:46.087+0000] {processor.py:183} INFO - Processing /home/airflow/.local/lib/python3.8/site-packages/airflow/example_dags/example_sla_dag.py took 0.026 seconds
[2025-08-19T22:24:16.448+0000] {processor.py:161} INFO - Started process (PID=544) to work on /home/airflow/.local/lib/python3.8/site-packages/airflow/example_dags/example_sla_dag.py
[2025-08-19T22:24:16.449+0000] {processor.py:830} INFO - Processing file /home/airflow/.local/lib/python3.8/site-packages/airflow/example_dags/example_sla_dag.py for tasks to queue
[2025-08-19T22:24:16.449+0000] {logging_mixin.py:188} INFO - [2025-08-19T22:24:16.449+0000] {dagbag.py:538} INFO - Filling up the DagBag from /home/airflow/.local/lib/python3.8/site-packages/airflow/example_dags/example_sla_dag.py
[2025-08-19T22:24:16.455+0000] {processor.py:840} INFO - DAG(s) 'example_sla_dag' retrieved from /home/airflow/.local/lib/python3.8/site-packages/airflow/example_dags/example_sla_dag.py
[2025-08-19T22:24:16.464+0000] {logging_mixin.py:188} INFO - [2025-08-19T22:24:16.464+0000] {dag.py:3036} INFO - Sync 1 DAGs
[2025-08-19T22:24:16.473+0000] {logging_mixin.py:188} INFO - [2025-08-19T22:24:16.473+0000] {dag.py:3823} INFO - Setting next_dagrun for example_sla_dag to 2025-08-19 22:22:00+00:00, run_after=2025-08-19 22:24:00+00:00
[2025-08-19T22:24:16.481+0000] {processor.py:183} INFO - Processing /home/airflow/.local/lib/python3.8/site-packages/airflow/example_dags/example_sla_dag.py took 0.034 seconds
[2025-08-19T22:24:46.910+0000] {processor.py:161} INFO - Started process (PID=600) to work on /home/airflow/.local/lib/python3.8/site-packages/airflow/example_dags/example_sla_dag.py
[2025-08-19T22:24:46.911+0000] {processor.py:830} INFO - Processing file /home/airflow/.local/lib/python3.8/site-packages/airflow/example_dags/example_sla_dag.py for tasks to queue
[2025-08-19T22:24:46.912+0000] {logging_mixin.py:188} INFO - [2025-08-19T22:24:46.912+0000] {dagbag.py:538} INFO - Filling up the DagBag from /home/airflow/.local/lib/python3.8/site-packages/airflow/example_dags/example_sla_dag.py
[2025-08-19T22:24:46.915+0000] {processor.py:840} INFO - DAG(s) 'example_sla_dag' retrieved from /home/airflow/.local/lib/python3.8/site-packages/airflow/example_dags/example_sla_dag.py
[2025-08-19T22:24:46.923+0000] {logging_mixin.py:188} INFO - [2025-08-19T22:24:46.923+0000] {dag.py:3036} INFO - Sync 1 DAGs
[2025-08-19T22:24:46.933+0000] {logging_mixin.py:188} INFO - [2025-08-19T22:24:46.933+0000] {dag.py:3823} INFO - Setting next_dagrun for example_sla_dag to 2025-08-19 22:22:00+00:00, run_after=2025-08-19 22:24:00+00:00
[2025-08-19T22:24:46.939+0000] {processor.py:183} INFO - Processing /home/airflow/.local/lib/python3.8/site-packages/airflow/example_dags/example_sla_dag.py took 0.030 seconds
[2025-08-19T22:25:17.373+0000] {processor.py:161} INFO - Started process (PID=656) to work on /home/airflow/.local/lib/python3.8/site-packages/airflow/example_dags/example_sla_dag.py
[2025-08-19T22:25:17.374+0000] {processor.py:830} INFO - Processing file /home/airflow/.local/lib/python3.8/site-packages/airflow/example_dags/example_sla_dag.py for tasks to queue
[2025-08-19T22:25:17.375+0000] {logging_mixin.py:188} INFO - [2025-08-19T22:25:17.374+0000] {dagbag.py:538} INFO - Filling up the DagBag from /home/airflow/.local/lib/python3.8/site-packages/airflow/example_dags/example_sla_dag.py
[2025-08-19T22:25:17.378+0000] {processor.py:840} INFO - DAG(s) 'example_sla_dag' retrieved from /home/airflow/.local/lib/python3.8/site-packages/airflow/example_dags/example_sla_dag.py
[2025-08-19T22:25:17.386+0000] {logging_mixin.py:188} INFO - [2025-08-19T22:25:17.386+0000] {dag.py:3036} INFO - Sync 1 DAGs
[2025-08-19T22:25:17.396+0000] {logging_mixin.py:188} INFO - [2025-08-19T22:25:17.396+0000] {dag.py:3823} INFO - Setting next_dagrun for example_sla_dag to 2025-08-19 22:22:00+00:00, run_after=2025-08-19 22:24:00+00:00
[2025-08-19T22:25:17.403+0000] {processor.py:183} INFO - Processing /home/airflow/.local/lib/python3.8/site-packages/airflow/example_dags/example_sla_dag.py took 0.031 seconds
[2025-08-19T22:25:47.793+0000] {processor.py:161} INFO - Started process (PID=712) to work on /home/airflow/.local/lib/python3.8/site-packages/airflow/example_dags/example_sla_dag.py
[2025-08-19T22:25:47.794+0000] {processor.py:830} INFO - Processing file /home/airflow/.local/lib/python3.8/site-packages/airflow/example_dags/example_sla_dag.py for tasks to queue
[2025-08-19T22:25:47.795+0000] {logging_mixin.py:188} INFO - [2025-08-19T22:25:47.794+0000] {dagbag.py:538} INFO - Filling up the DagBag from /home/airflow/.local/lib/python3.8/site-packages/airflow/example_dags/example_sla_dag.py
[2025-08-19T22:25:47.798+0000] {processor.py:840} INFO - DAG(s) 'example_sla_dag' retrieved from /home/airflow/.local/lib/python3.8/site-packages/airflow/example_dags/example_sla_dag.py
[2025-08-19T22:25:47.807+0000] {logging_mixin.py:188} INFO - [2025-08-19T22:25:47.807+0000] {dag.py:3036} INFO - Sync 1 DAGs
[2025-08-19T22:25:47.815+0000] {logging_mixin.py:188} INFO - [2025-08-19T22:25:47.815+0000] {dag.py:3823} INFO - Setting next_dagrun for example_sla_dag to 2025-08-19 22:22:00+00:00, run_after=2025-08-19 22:24:00+00:00
[2025-08-19T22:25:47.823+0000] {processor.py:183} INFO - Processing /home/airflow/.local/lib/python3.8/site-packages/airflow/example_dags/example_sla_dag.py took 0.031 seconds
[2025-08-19T22:26:18.223+0000] {processor.py:161} INFO - Started process (PID=768) to work on /home/airflow/.local/lib/python3.8/site-packages/airflow/example_dags/example_sla_dag.py
[2025-08-19T22:26:18.223+0000] {processor.py:830} INFO - Processing file /home/airflow/.local/lib/python3.8/site-packages/airflow/example_dags/example_sla_dag.py for tasks to queue
[2025-08-19T22:26:18.224+0000] {logging_mixin.py:188} INFO - [2025-08-19T22:26:18.224+0000] {dagbag.py:538} INFO - Filling up the DagBag from /home/airflow/.local/lib/python3.8/site-packages/airflow/example_dags/example_sla_dag.py
[2025-08-19T22:26:18.228+0000] {processor.py:840} INFO - DAG(s) 'example_sla_dag' retrieved from /home/airflow/.local/lib/python3.8/site-packages/airflow/example_dags/example_sla_dag.py
[2025-08-19T22:26:18.236+0000] {logging_mixin.py:188} INFO - [2025-08-19T22:26:18.236+0000] {dag.py:3036} INFO - Sync 1 DAGs
[2025-08-19T22:26:18.245+0000] {logging_mixin.py:188} INFO - [2025-08-19T22:26:18.245+0000] {dag.py:3823} INFO - Setting next_dagrun for example_sla_dag to 2025-08-19 22:24:00+00:00, run_after=2025-08-19 22:26:00+00:00
[2025-08-19T22:26:18.252+0000] {processor.py:183} INFO - Processing /home/airflow/.local/lib/python3.8/site-packages/airflow/example_dags/example_sla_dag.py took 0.030 seconds
[2025-08-19T22:26:48.664+0000] {processor.py:161} INFO - Started process (PID=824) to work on /home/airflow/.local/lib/python3.8/site-packages/airflow/example_dags/example_sla_dag.py
[2025-08-19T22:26:48.664+0000] {processor.py:830} INFO - Processing file /home/airflow/.local/lib/python3.8/site-packages/airflow/example_dags/example_sla_dag.py for tasks to queue
[2025-08-19T22:26:48.665+0000] {logging_mixin.py:188} INFO - [2025-08-19T22:26:48.665+0000] {dagbag.py:538} INFO - Filling up the DagBag from /home/airflow/.local/lib/python3.8/site-packages/airflow/example_dags/example_sla_dag.py
[2025-08-19T22:26:48.669+0000] {processor.py:840} INFO - DAG(s) 'example_sla_dag' retrieved from /home/airflow/.local/lib/python3.8/site-packages/airflow/example_dags/example_sla_dag.py
[2025-08-19T22:26:48.678+0000] {logging_mixin.py:188} INFO - [2025-08-19T22:26:48.678+0000] {dag.py:3036} INFO - Sync 1 DAGs
[2025-08-19T22:26:48.687+0000] {logging_mixin.py:188} INFO - [2025-08-19T22:26:48.687+0000] {dag.py:3823} INFO - Setting next_dagrun for example_sla_dag to 2025-08-19 22:24:00+00:00, run_after=2025-08-19 22:26:00+00:00
[2025-08-19T22:26:48.695+0000] {processor.py:183} INFO - Processing /home/airflow/.local/lib/python3.8/site-packages/airflow/example_dags/example_sla_dag.py took 0.033 seconds
[2025-08-19T22:27:19.066+0000] {processor.py:161} INFO - Started process (PID=880) to work on /home/airflow/.local/lib/python3.8/site-packages/airflow/example_dags/example_sla_dag.py
[2025-08-19T22:27:19.066+0000] {processor.py:830} INFO - Processing file /home/airflow/.local/lib/python3.8/site-packages/airflow/example_dags/example_sla_dag.py for tasks to queue
[2025-08-19T22:27:19.068+0000] {logging_mixin.py:188} INFO - [2025-08-19T22:27:19.068+0000] {dagbag.py:538} INFO - Filling up the DagBag from /home/airflow/.local/lib/python3.8/site-packages/airflow/example_dags/example_sla_dag.py
[2025-08-19T22:27:19.073+0000] {processor.py:840} INFO - DAG(s) 'example_sla_dag' retrieved from /home/airflow/.local/lib/python3.8/site-packages/airflow/example_dags/example_sla_dag.py
[2025-08-19T22:27:19.084+0000] {logging_mixin.py:188} INFO - [2025-08-19T22:27:19.083+0000] {dag.py:3036} INFO - Sync 1 DAGs
[2025-08-19T22:27:19.095+0000] {logging_mixin.py:188} INFO - [2025-08-19T22:27:19.095+0000] {dag.py:3823} INFO - Setting next_dagrun for example_sla_dag to 2025-08-19 22:24:00+00:00, run_after=2025-08-19 22:26:00+00:00
[2025-08-19T22:27:19.104+0000] {processor.py:183} INFO - Processing /home/airflow/.local/lib/python3.8/site-packages/airflow/example_dags/example_sla_dag.py took 0.040 seconds
[2025-08-19T22:27:49.752+0000] {processor.py:161} INFO - Started process (PID=940) to work on /home/airflow/.local/lib/python3.8/site-packages/airflow/example_dags/example_sla_dag.py
[2025-08-19T22:27:49.752+0000] {processor.py:830} INFO - Processing file /home/airflow/.local/lib/python3.8/site-packages/airflow/example_dags/example_sla_dag.py for tasks to queue
[2025-08-19T22:27:49.753+0000] {logging_mixin.py:188} INFO - [2025-08-19T22:27:49.753+0000] {dagbag.py:538} INFO - Filling up the DagBag from /home/airflow/.local/lib/python3.8/site-packages/airflow/example_dags/example_sla_dag.py
[2025-08-19T22:27:49.758+0000] {processor.py:840} INFO - DAG(s) 'example_sla_dag' retrieved from /home/airflow/.local/lib/python3.8/site-packages/airflow/example_dags/example_sla_dag.py
[2025-08-19T22:27:49.770+0000] {logging_mixin.py:188} INFO - [2025-08-19T22:27:49.770+0000] {dag.py:3036} INFO - Sync 1 DAGs
[2025-08-19T22:27:49.781+0000] {logging_mixin.py:188} INFO - [2025-08-19T22:27:49.781+0000] {dag.py:3823} INFO - Setting next_dagrun for example_sla_dag to 2025-08-19 22:24:00+00:00, run_after=2025-08-19 22:26:00+00:00
[2025-08-19T22:27:49.788+0000] {processor.py:183} INFO - Processing /home/airflow/.local/lib/python3.8/site-packages/airflow/example_dags/example_sla_dag.py took 0.038 seconds
[2025-08-19T22:28:20.339+0000] {processor.py:161} INFO - Started process (PID=996) to work on /home/airflow/.local/lib/python3.8/site-packages/airflow/example_dags/example_sla_dag.py
[2025-08-19T22:28:20.339+0000] {processor.py:830} INFO - Processing file /home/airflow/.local/lib/python3.8/site-packages/airflow/example_dags/example_sla_dag.py for tasks to queue
[2025-08-19T22:28:20.340+0000] {logging_mixin.py:188} INFO - [2025-08-19T22:28:20.340+0000] {dagbag.py:538} INFO - Filling up the DagBag from /home/airflow/.local/lib/python3.8/site-packages/airflow/example_dags/example_sla_dag.py
[2025-08-19T22:28:20.345+0000] {processor.py:840} INFO - DAG(s) 'example_sla_dag' retrieved from /home/airflow/.local/lib/python3.8/site-packages/airflow/example_dags/example_sla_dag.py
[2025-08-19T22:28:20.355+0000] {logging_mixin.py:188} INFO - [2025-08-19T22:28:20.355+0000] {dag.py:3036} INFO - Sync 1 DAGs
[2025-08-19T22:28:20.364+0000] {logging_mixin.py:188} INFO - [2025-08-19T22:28:20.364+0000] {dag.py:3823} INFO - Setting next_dagrun for example_sla_dag to 2025-08-19 22:26:00+00:00, run_after=2025-08-19 22:28:00+00:00
[2025-08-19T22:28:20.374+0000] {processor.py:183} INFO - Processing /home/airflow/.local/lib/python3.8/site-packages/airflow/example_dags/example_sla_dag.py took 0.037 seconds
[2025-08-19T22:28:50.773+0000] {processor.py:161} INFO - Started process (PID=1052) to work on /home/airflow/.local/lib/python3.8/site-packages/airflow/example_dags/example_sla_dag.py
[2025-08-19T22:28:50.774+0000] {processor.py:830} INFO - Processing file /home/airflow/.local/lib/python3.8/site-packages/airflow/example_dags/example_sla_dag.py for tasks to queue
[2025-08-19T22:28:50.774+0000] {logging_mixin.py:188} INFO - [2025-08-19T22:28:50.774+0000] {dagbag.py:538} INFO - Filling up the DagBag from /home/airflow/.local/lib/python3.8/site-packages/airflow/example_dags/example_sla_dag.py
[2025-08-19T22:28:50.778+0000] {processor.py:840} INFO - DAG(s) 'example_sla_dag' retrieved from /home/airflow/.local/lib/python3.8/site-packages/airflow/example_dags/example_sla_dag.py
[2025-08-19T22:28:50.788+0000] {logging_mixin.py:188} INFO - [2025-08-19T22:28:50.787+0000] {dag.py:3036} INFO - Sync 1 DAGs
[2025-08-19T22:28:50.796+0000] {logging_mixin.py:188} INFO - [2025-08-19T22:28:50.796+0000] {dag.py:3823} INFO - Setting next_dagrun for example_sla_dag to 2025-08-19 22:26:00+00:00, run_after=2025-08-19 22:28:00+00:00
[2025-08-19T22:28:50.806+0000] {processor.py:183} INFO - Processing /home/airflow/.local/lib/python3.8/site-packages/airflow/example_dags/example_sla_dag.py took 0.035 seconds
[2025-08-19T22:29:21.471+0000] {processor.py:161} INFO - Started process (PID=1108) to work on /home/airflow/.local/lib/python3.8/site-packages/airflow/example_dags/example_sla_dag.py
[2025-08-19T22:29:21.472+0000] {processor.py:830} INFO - Processing file /home/airflow/.local/lib/python3.8/site-packages/airflow/example_dags/example_sla_dag.py for tasks to queue
[2025-08-19T22:29:21.474+0000] {logging_mixin.py:188} INFO - [2025-08-19T22:29:21.474+0000] {dagbag.py:538} INFO - Filling up the DagBag from /home/airflow/.local/lib/python3.8/site-packages/airflow/example_dags/example_sla_dag.py
[2025-08-19T22:29:21.479+0000] {processor.py:840} INFO - DAG(s) 'example_sla_dag' retrieved from /home/airflow/.local/lib/python3.8/site-packages/airflow/example_dags/example_sla_dag.py
[2025-08-19T22:29:21.488+0000] {logging_mixin.py:188} INFO - [2025-08-19T22:29:21.488+0000] {dag.py:3036} INFO - Sync 1 DAGs
[2025-08-19T22:29:21.499+0000] {logging_mixin.py:188} INFO - [2025-08-19T22:29:21.499+0000] {dag.py:3823} INFO - Setting next_dagrun for example_sla_dag to 2025-08-19 22:26:00+00:00, run_after=2025-08-19 22:28:00+00:00
[2025-08-19T22:29:21.507+0000] {processor.py:183} INFO - Processing /home/airflow/.local/lib/python3.8/site-packages/airflow/example_dags/example_sla_dag.py took 0.037 seconds
[2025-08-19T22:29:51.950+0000] {processor.py:161} INFO - Started process (PID=1164) to work on /home/airflow/.local/lib/python3.8/site-packages/airflow/example_dags/example_sla_dag.py
[2025-08-19T22:29:51.952+0000] {processor.py:830} INFO - Processing file /home/airflow/.local/lib/python3.8/site-packages/airflow/example_dags/example_sla_dag.py for tasks to queue
[2025-08-19T22:29:51.952+0000] {logging_mixin.py:188} INFO - [2025-08-19T22:29:51.952+0000] {dagbag.py:538} INFO - Filling up the DagBag from /home/airflow/.local/lib/python3.8/site-packages/airflow/example_dags/example_sla_dag.py
[2025-08-19T22:29:51.957+0000] {processor.py:840} INFO - DAG(s) 'example_sla_dag' retrieved from /home/airflow/.local/lib/python3.8/site-packages/airflow/example_dags/example_sla_dag.py
[2025-08-19T22:29:51.967+0000] {logging_mixin.py:188} INFO - [2025-08-19T22:29:51.967+0000] {dag.py:3036} INFO - Sync 1 DAGs
[2025-08-19T22:29:51.975+0000] {logging_mixin.py:188} INFO - [2025-08-19T22:29:51.975+0000] {dag.py:3823} INFO - Setting next_dagrun for example_sla_dag to 2025-08-19 22:26:00+00:00, run_after=2025-08-19 22:28:00+00:00
[2025-08-19T22:29:51.986+0000] {processor.py:183} INFO - Processing /home/airflow/.local/lib/python3.8/site-packages/airflow/example_dags/example_sla_dag.py took 0.038 seconds
[2025-08-19T22:30:22.376+0000] {processor.py:161} INFO - Started process (PID=1220) to work on /home/airflow/.local/lib/python3.8/site-packages/airflow/example_dags/example_sla_dag.py
[2025-08-19T22:30:22.377+0000] {processor.py:830} INFO - Processing file /home/airflow/.local/lib/python3.8/site-packages/airflow/example_dags/example_sla_dag.py for tasks to queue
[2025-08-19T22:30:22.378+0000] {logging_mixin.py:188} INFO - [2025-08-19T22:30:22.378+0000] {dagbag.py:538} INFO - Filling up the DagBag from /home/airflow/.local/lib/python3.8/site-packages/airflow/example_dags/example_sla_dag.py
[2025-08-19T22:30:22.383+0000] {processor.py:840} INFO - DAG(s) 'example_sla_dag' retrieved from /home/airflow/.local/lib/python3.8/site-packages/airflow/example_dags/example_sla_dag.py
[2025-08-19T22:30:22.401+0000] {logging_mixin.py:188} INFO - [2025-08-19T22:30:22.401+0000] {dag.py:3036} INFO - Sync 1 DAGs
[2025-08-19T22:30:22.411+0000] {logging_mixin.py:188} INFO - [2025-08-19T22:30:22.411+0000] {dag.py:3823} INFO - Setting next_dagrun for example_sla_dag to 2025-08-19 22:28:00+00:00, run_after=2025-08-19 22:30:00+00:00
[2025-08-19T22:30:22.418+0000] {processor.py:183} INFO - Processing /home/airflow/.local/lib/python3.8/site-packages/airflow/example_dags/example_sla_dag.py took 0.044 seconds
