[2025-08-19T21:50:06.731+0000] {processor.py:161} INFO - Started process (PID=45) to work on /home/airflow/.local/lib/python3.8/site-packages/airflow/example_dags/example_sensors.py
[2025-08-19T21:50:06.732+0000] {processor.py:830} INFO - Processing file /home/airflow/.local/lib/python3.8/site-packages/airflow/example_dags/example_sensors.py for tasks to queue
[2025-08-19T21:50:06.733+0000] {logging_mixin.py:188} INFO - [2025-08-19T21:50:06.733+0000] {dagbag.py:538} INFO - Filling up the DagBag from /home/airflow/.local/lib/python3.8/site-packages/airflow/example_dags/example_sensors.py
[2025-08-19T21:50:06.740+0000] {processor.py:840} INFO - DAG(s) 'example_sensors' retrieved from /home/airflow/.local/lib/python3.8/site-packages/airflow/example_dags/example_sensors.py
[2025-08-19T21:50:06.759+0000] {logging_mixin.py:188} INFO - [2025-08-19T21:50:06.759+0000] {dag.py:3036} INFO - Sync 1 DAGs
[2025-08-19T21:50:06.791+0000] {logging_mixin.py:188} INFO - [2025-08-19T21:50:06.791+0000] {dag.py:3823} INFO - Setting next_dagrun for example_sensors to None, run_after=None
[2025-08-19T21:50:06.810+0000] {processor.py:183} INFO - Processing /home/airflow/.local/lib/python3.8/site-packages/airflow/example_dags/example_sensors.py took 0.082 seconds
[2025-08-19T21:50:37.325+0000] {processor.py:161} INFO - Started process (PID=101) to work on /home/airflow/.local/lib/python3.8/site-packages/airflow/example_dags/example_sensors.py
[2025-08-19T21:50:37.325+0000] {processor.py:830} INFO - Processing file /home/airflow/.local/lib/python3.8/site-packages/airflow/example_dags/example_sensors.py for tasks to queue
[2025-08-19T21:50:37.326+0000] {logging_mixin.py:188} INFO - [2025-08-19T21:50:37.326+0000] {dagbag.py:538} INFO - Filling up the DagBag from /home/airflow/.local/lib/python3.8/site-packages/airflow/example_dags/example_sensors.py
[2025-08-19T21:50:37.329+0000] {processor.py:840} INFO - DAG(s) 'example_sensors' retrieved from /home/airflow/.local/lib/python3.8/site-packages/airflow/example_dags/example_sensors.py
[2025-08-19T21:50:37.363+0000] {logging_mixin.py:188} INFO - [2025-08-19T21:50:37.363+0000] {dag.py:3036} INFO - Sync 1 DAGs
[2025-08-19T21:50:37.366+0000] {logging_mixin.py:188} INFO - [2025-08-19T21:50:37.366+0000] {dag.py:3823} INFO - Setting next_dagrun for example_sensors to None, run_after=None
[2025-08-19T21:50:37.372+0000] {processor.py:183} INFO - Processing /home/airflow/.local/lib/python3.8/site-packages/airflow/example_dags/example_sensors.py took 0.049 seconds
[2025-08-19T21:51:07.507+0000] {processor.py:161} INFO - Started process (PID=156) to work on /home/airflow/.local/lib/python3.8/site-packages/airflow/example_dags/example_sensors.py
[2025-08-19T21:51:07.511+0000] {processor.py:830} INFO - Processing file /home/airflow/.local/lib/python3.8/site-packages/airflow/example_dags/example_sensors.py for tasks to queue
[2025-08-19T21:51:07.515+0000] {logging_mixin.py:188} INFO - [2025-08-19T21:51:07.514+0000] {dagbag.py:538} INFO - Filling up the DagBag from /home/airflow/.local/lib/python3.8/site-packages/airflow/example_dags/example_sensors.py
[2025-08-19T21:51:07.521+0000] {processor.py:840} INFO - DAG(s) 'example_sensors' retrieved from /home/airflow/.local/lib/python3.8/site-packages/airflow/example_dags/example_sensors.py
[2025-08-19T21:51:07.542+0000] {logging_mixin.py:188} INFO - [2025-08-19T21:51:07.542+0000] {dag.py:3036} INFO - Sync 1 DAGs
[2025-08-19T21:51:07.548+0000] {logging_mixin.py:188} INFO - [2025-08-19T21:51:07.547+0000] {dag.py:3823} INFO - Setting next_dagrun for example_sensors to None, run_after=None
[2025-08-19T21:51:07.555+0000] {processor.py:183} INFO - Processing /home/airflow/.local/lib/python3.8/site-packages/airflow/example_dags/example_sensors.py took 0.052 seconds
[2025-08-19T21:51:37.985+0000] {processor.py:161} INFO - Started process (PID=212) to work on /home/airflow/.local/lib/python3.8/site-packages/airflow/example_dags/example_sensors.py
[2025-08-19T21:51:37.987+0000] {processor.py:830} INFO - Processing file /home/airflow/.local/lib/python3.8/site-packages/airflow/example_dags/example_sensors.py for tasks to queue
[2025-08-19T21:51:37.990+0000] {logging_mixin.py:188} INFO - [2025-08-19T21:51:37.989+0000] {dagbag.py:538} INFO - Filling up the DagBag from /home/airflow/.local/lib/python3.8/site-packages/airflow/example_dags/example_sensors.py
[2025-08-19T21:51:37.996+0000] {processor.py:840} INFO - DAG(s) 'example_sensors' retrieved from /home/airflow/.local/lib/python3.8/site-packages/airflow/example_dags/example_sensors.py
[2025-08-19T21:51:38.014+0000] {logging_mixin.py:188} INFO - [2025-08-19T21:51:38.014+0000] {dag.py:3036} INFO - Sync 1 DAGs
[2025-08-19T21:51:38.020+0000] {logging_mixin.py:188} INFO - [2025-08-19T21:51:38.019+0000] {dag.py:3823} INFO - Setting next_dagrun for example_sensors to None, run_after=None
[2025-08-19T21:51:38.028+0000] {processor.py:183} INFO - Processing /home/airflow/.local/lib/python3.8/site-packages/airflow/example_dags/example_sensors.py took 0.044 seconds
[2025-08-19T21:52:08.542+0000] {processor.py:161} INFO - Started process (PID=268) to work on /home/airflow/.local/lib/python3.8/site-packages/airflow/example_dags/example_sensors.py
[2025-08-19T21:52:08.543+0000] {processor.py:830} INFO - Processing file /home/airflow/.local/lib/python3.8/site-packages/airflow/example_dags/example_sensors.py for tasks to queue
[2025-08-19T21:52:08.544+0000] {logging_mixin.py:188} INFO - [2025-08-19T21:52:08.544+0000] {dagbag.py:538} INFO - Filling up the DagBag from /home/airflow/.local/lib/python3.8/site-packages/airflow/example_dags/example_sensors.py
[2025-08-19T21:52:08.549+0000] {processor.py:840} INFO - DAG(s) 'example_sensors' retrieved from /home/airflow/.local/lib/python3.8/site-packages/airflow/example_dags/example_sensors.py
[2025-08-19T21:52:08.562+0000] {logging_mixin.py:188} INFO - [2025-08-19T21:52:08.562+0000] {dag.py:3036} INFO - Sync 1 DAGs
[2025-08-19T21:52:08.566+0000] {logging_mixin.py:188} INFO - [2025-08-19T21:52:08.566+0000] {dag.py:3823} INFO - Setting next_dagrun for example_sensors to None, run_after=None
[2025-08-19T21:52:08.574+0000] {processor.py:183} INFO - Processing /home/airflow/.local/lib/python3.8/site-packages/airflow/example_dags/example_sensors.py took 0.034 seconds
[2025-08-19T21:52:39.417+0000] {processor.py:161} INFO - Started process (PID=324) to work on /home/airflow/.local/lib/python3.8/site-packages/airflow/example_dags/example_sensors.py
[2025-08-19T21:52:39.418+0000] {processor.py:830} INFO - Processing file /home/airflow/.local/lib/python3.8/site-packages/airflow/example_dags/example_sensors.py for tasks to queue
[2025-08-19T21:52:39.419+0000] {logging_mixin.py:188} INFO - [2025-08-19T21:52:39.419+0000] {dagbag.py:538} INFO - Filling up the DagBag from /home/airflow/.local/lib/python3.8/site-packages/airflow/example_dags/example_sensors.py
[2025-08-19T21:52:39.423+0000] {processor.py:840} INFO - DAG(s) 'example_sensors' retrieved from /home/airflow/.local/lib/python3.8/site-packages/airflow/example_dags/example_sensors.py
[2025-08-19T21:52:39.440+0000] {logging_mixin.py:188} INFO - [2025-08-19T21:52:39.440+0000] {dag.py:3036} INFO - Sync 1 DAGs
[2025-08-19T21:52:39.446+0000] {logging_mixin.py:188} INFO - [2025-08-19T21:52:39.446+0000] {dag.py:3823} INFO - Setting next_dagrun for example_sensors to None, run_after=None
[2025-08-19T21:52:39.454+0000] {processor.py:183} INFO - Processing /home/airflow/.local/lib/python3.8/site-packages/airflow/example_dags/example_sensors.py took 0.040 seconds
[2025-08-19T21:53:10.040+0000] {processor.py:161} INFO - Started process (PID=380) to work on /home/airflow/.local/lib/python3.8/site-packages/airflow/example_dags/example_sensors.py
[2025-08-19T21:53:10.041+0000] {processor.py:830} INFO - Processing file /home/airflow/.local/lib/python3.8/site-packages/airflow/example_dags/example_sensors.py for tasks to queue
[2025-08-19T21:53:10.043+0000] {logging_mixin.py:188} INFO - [2025-08-19T21:53:10.042+0000] {dagbag.py:538} INFO - Filling up the DagBag from /home/airflow/.local/lib/python3.8/site-packages/airflow/example_dags/example_sensors.py
[2025-08-19T21:53:10.047+0000] {processor.py:840} INFO - DAG(s) 'example_sensors' retrieved from /home/airflow/.local/lib/python3.8/site-packages/airflow/example_dags/example_sensors.py
[2025-08-19T21:53:10.061+0000] {logging_mixin.py:188} INFO - [2025-08-19T21:53:10.061+0000] {dag.py:3036} INFO - Sync 1 DAGs
[2025-08-19T21:53:10.066+0000] {logging_mixin.py:188} INFO - [2025-08-19T21:53:10.066+0000] {dag.py:3823} INFO - Setting next_dagrun for example_sensors to None, run_after=None
[2025-08-19T21:53:10.075+0000] {processor.py:183} INFO - Processing /home/airflow/.local/lib/python3.8/site-packages/airflow/example_dags/example_sensors.py took 0.036 seconds
[2025-08-19T21:53:40.771+0000] {processor.py:161} INFO - Started process (PID=442) to work on /home/airflow/.local/lib/python3.8/site-packages/airflow/example_dags/example_sensors.py
[2025-08-19T21:53:40.772+0000] {processor.py:830} INFO - Processing file /home/airflow/.local/lib/python3.8/site-packages/airflow/example_dags/example_sensors.py for tasks to queue
[2025-08-19T21:53:40.774+0000] {logging_mixin.py:188} INFO - [2025-08-19T21:53:40.774+0000] {dagbag.py:538} INFO - Filling up the DagBag from /home/airflow/.local/lib/python3.8/site-packages/airflow/example_dags/example_sensors.py
[2025-08-19T21:53:40.793+0000] {processor.py:840} INFO - DAG(s) 'example_sensors' retrieved from /home/airflow/.local/lib/python3.8/site-packages/airflow/example_dags/example_sensors.py
[2025-08-19T21:53:40.811+0000] {logging_mixin.py:188} INFO - [2025-08-19T21:53:40.811+0000] {dag.py:3036} INFO - Sync 1 DAGs
[2025-08-19T21:53:40.822+0000] {logging_mixin.py:188} INFO - [2025-08-19T21:53:40.822+0000] {dag.py:3823} INFO - Setting next_dagrun for example_sensors to None, run_after=None
[2025-08-19T21:53:40.837+0000] {processor.py:183} INFO - Processing /home/airflow/.local/lib/python3.8/site-packages/airflow/example_dags/example_sensors.py took 0.070 seconds
[2025-08-19T21:54:11.382+0000] {processor.py:161} INFO - Started process (PID=498) to work on /home/airflow/.local/lib/python3.8/site-packages/airflow/example_dags/example_sensors.py
[2025-08-19T21:54:11.383+0000] {processor.py:830} INFO - Processing file /home/airflow/.local/lib/python3.8/site-packages/airflow/example_dags/example_sensors.py for tasks to queue
[2025-08-19T21:54:11.383+0000] {logging_mixin.py:188} INFO - [2025-08-19T21:54:11.383+0000] {dagbag.py:538} INFO - Filling up the DagBag from /home/airflow/.local/lib/python3.8/site-packages/airflow/example_dags/example_sensors.py
[2025-08-19T21:54:11.388+0000] {processor.py:840} INFO - DAG(s) 'example_sensors' retrieved from /home/airflow/.local/lib/python3.8/site-packages/airflow/example_dags/example_sensors.py
[2025-08-19T21:54:11.401+0000] {logging_mixin.py:188} INFO - [2025-08-19T21:54:11.401+0000] {dag.py:3036} INFO - Sync 1 DAGs
[2025-08-19T21:54:11.408+0000] {logging_mixin.py:188} INFO - [2025-08-19T21:54:11.407+0000] {dag.py:3823} INFO - Setting next_dagrun for example_sensors to None, run_after=None
[2025-08-19T21:54:11.416+0000] {processor.py:183} INFO - Processing /home/airflow/.local/lib/python3.8/site-packages/airflow/example_dags/example_sensors.py took 0.037 seconds
[2025-08-19T21:54:41.896+0000] {processor.py:161} INFO - Started process (PID=554) to work on /home/airflow/.local/lib/python3.8/site-packages/airflow/example_dags/example_sensors.py
[2025-08-19T21:54:41.897+0000] {processor.py:830} INFO - Processing file /home/airflow/.local/lib/python3.8/site-packages/airflow/example_dags/example_sensors.py for tasks to queue
[2025-08-19T21:54:41.898+0000] {logging_mixin.py:188} INFO - [2025-08-19T21:54:41.898+0000] {dagbag.py:538} INFO - Filling up the DagBag from /home/airflow/.local/lib/python3.8/site-packages/airflow/example_dags/example_sensors.py
[2025-08-19T21:54:41.902+0000] {processor.py:840} INFO - DAG(s) 'example_sensors' retrieved from /home/airflow/.local/lib/python3.8/site-packages/airflow/example_dags/example_sensors.py
[2025-08-19T21:54:41.915+0000] {logging_mixin.py:188} INFO - [2025-08-19T21:54:41.915+0000] {dag.py:3036} INFO - Sync 1 DAGs
[2025-08-19T21:54:41.922+0000] {logging_mixin.py:188} INFO - [2025-08-19T21:54:41.922+0000] {dag.py:3823} INFO - Setting next_dagrun for example_sensors to None, run_after=None
[2025-08-19T21:54:41.930+0000] {processor.py:183} INFO - Processing /home/airflow/.local/lib/python3.8/site-packages/airflow/example_dags/example_sensors.py took 0.037 seconds
[2025-08-19T21:55:12.499+0000] {processor.py:161} INFO - Started process (PID=610) to work on /home/airflow/.local/lib/python3.8/site-packages/airflow/example_dags/example_sensors.py
[2025-08-19T21:55:12.501+0000] {processor.py:830} INFO - Processing file /home/airflow/.local/lib/python3.8/site-packages/airflow/example_dags/example_sensors.py for tasks to queue
[2025-08-19T21:55:12.503+0000] {logging_mixin.py:188} INFO - [2025-08-19T21:55:12.503+0000] {dagbag.py:538} INFO - Filling up the DagBag from /home/airflow/.local/lib/python3.8/site-packages/airflow/example_dags/example_sensors.py
[2025-08-19T21:55:12.509+0000] {processor.py:840} INFO - DAG(s) 'example_sensors' retrieved from /home/airflow/.local/lib/python3.8/site-packages/airflow/example_dags/example_sensors.py
[2025-08-19T21:55:12.522+0000] {logging_mixin.py:188} INFO - [2025-08-19T21:55:12.522+0000] {dag.py:3036} INFO - Sync 1 DAGs
[2025-08-19T21:55:12.529+0000] {logging_mixin.py:188} INFO - [2025-08-19T21:55:12.528+0000] {dag.py:3823} INFO - Setting next_dagrun for example_sensors to None, run_after=None
[2025-08-19T21:55:12.537+0000] {processor.py:183} INFO - Processing /home/airflow/.local/lib/python3.8/site-packages/airflow/example_dags/example_sensors.py took 0.042 seconds
[2025-08-19T21:55:43.116+0000] {processor.py:161} INFO - Started process (PID=666) to work on /home/airflow/.local/lib/python3.8/site-packages/airflow/example_dags/example_sensors.py
[2025-08-19T21:55:43.117+0000] {processor.py:830} INFO - Processing file /home/airflow/.local/lib/python3.8/site-packages/airflow/example_dags/example_sensors.py for tasks to queue
[2025-08-19T21:55:43.118+0000] {logging_mixin.py:188} INFO - [2025-08-19T21:55:43.118+0000] {dagbag.py:538} INFO - Filling up the DagBag from /home/airflow/.local/lib/python3.8/site-packages/airflow/example_dags/example_sensors.py
[2025-08-19T21:55:43.123+0000] {processor.py:840} INFO - DAG(s) 'example_sensors' retrieved from /home/airflow/.local/lib/python3.8/site-packages/airflow/example_dags/example_sensors.py
[2025-08-19T21:55:43.135+0000] {logging_mixin.py:188} INFO - [2025-08-19T21:55:43.135+0000] {dag.py:3036} INFO - Sync 1 DAGs
[2025-08-19T21:55:43.141+0000] {logging_mixin.py:188} INFO - [2025-08-19T21:55:43.141+0000] {dag.py:3823} INFO - Setting next_dagrun for example_sensors to None, run_after=None
[2025-08-19T21:55:43.151+0000] {processor.py:183} INFO - Processing /home/airflow/.local/lib/python3.8/site-packages/airflow/example_dags/example_sensors.py took 0.037 seconds
[2025-08-19T21:56:13.735+0000] {processor.py:161} INFO - Started process (PID=722) to work on /home/airflow/.local/lib/python3.8/site-packages/airflow/example_dags/example_sensors.py
[2025-08-19T21:56:13.738+0000] {processor.py:830} INFO - Processing file /home/airflow/.local/lib/python3.8/site-packages/airflow/example_dags/example_sensors.py for tasks to queue
[2025-08-19T21:56:13.740+0000] {logging_mixin.py:188} INFO - [2025-08-19T21:56:13.740+0000] {dagbag.py:538} INFO - Filling up the DagBag from /home/airflow/.local/lib/python3.8/site-packages/airflow/example_dags/example_sensors.py
[2025-08-19T21:56:13.747+0000] {processor.py:840} INFO - DAG(s) 'example_sensors' retrieved from /home/airflow/.local/lib/python3.8/site-packages/airflow/example_dags/example_sensors.py
[2025-08-19T21:56:13.763+0000] {logging_mixin.py:188} INFO - [2025-08-19T21:56:13.763+0000] {dag.py:3036} INFO - Sync 1 DAGs
[2025-08-19T21:56:13.769+0000] {logging_mixin.py:188} INFO - [2025-08-19T21:56:13.769+0000] {dag.py:3823} INFO - Setting next_dagrun for example_sensors to None, run_after=None
[2025-08-19T21:56:13.782+0000] {processor.py:183} INFO - Processing /home/airflow/.local/lib/python3.8/site-packages/airflow/example_dags/example_sensors.py took 0.050 seconds
[2025-08-19T21:56:44.355+0000] {processor.py:161} INFO - Started process (PID=778) to work on /home/airflow/.local/lib/python3.8/site-packages/airflow/example_dags/example_sensors.py
[2025-08-19T21:56:44.357+0000] {processor.py:830} INFO - Processing file /home/airflow/.local/lib/python3.8/site-packages/airflow/example_dags/example_sensors.py for tasks to queue
[2025-08-19T21:56:44.359+0000] {logging_mixin.py:188} INFO - [2025-08-19T21:56:44.359+0000] {dagbag.py:538} INFO - Filling up the DagBag from /home/airflow/.local/lib/python3.8/site-packages/airflow/example_dags/example_sensors.py
[2025-08-19T21:56:44.364+0000] {processor.py:840} INFO - DAG(s) 'example_sensors' retrieved from /home/airflow/.local/lib/python3.8/site-packages/airflow/example_dags/example_sensors.py
[2025-08-19T21:56:44.377+0000] {logging_mixin.py:188} INFO - [2025-08-19T21:56:44.376+0000] {dag.py:3036} INFO - Sync 1 DAGs
[2025-08-19T21:56:44.382+0000] {logging_mixin.py:188} INFO - [2025-08-19T21:56:44.382+0000] {dag.py:3823} INFO - Setting next_dagrun for example_sensors to None, run_after=None
[2025-08-19T21:56:44.394+0000] {processor.py:183} INFO - Processing /home/airflow/.local/lib/python3.8/site-packages/airflow/example_dags/example_sensors.py took 0.041 seconds
[2025-08-19T21:57:15.014+0000] {processor.py:161} INFO - Started process (PID=834) to work on /home/airflow/.local/lib/python3.8/site-packages/airflow/example_dags/example_sensors.py
[2025-08-19T21:57:15.020+0000] {processor.py:830} INFO - Processing file /home/airflow/.local/lib/python3.8/site-packages/airflow/example_dags/example_sensors.py for tasks to queue
[2025-08-19T21:57:15.025+0000] {logging_mixin.py:188} INFO - [2025-08-19T21:57:15.025+0000] {dagbag.py:538} INFO - Filling up the DagBag from /home/airflow/.local/lib/python3.8/site-packages/airflow/example_dags/example_sensors.py
[2025-08-19T21:57:15.033+0000] {processor.py:840} INFO - DAG(s) 'example_sensors' retrieved from /home/airflow/.local/lib/python3.8/site-packages/airflow/example_dags/example_sensors.py
[2025-08-19T21:57:15.049+0000] {logging_mixin.py:188} INFO - [2025-08-19T21:57:15.049+0000] {dag.py:3036} INFO - Sync 1 DAGs
[2025-08-19T21:57:15.057+0000] {logging_mixin.py:188} INFO - [2025-08-19T21:57:15.057+0000] {dag.py:3823} INFO - Setting next_dagrun for example_sensors to None, run_after=None
[2025-08-19T21:57:15.068+0000] {processor.py:183} INFO - Processing /home/airflow/.local/lib/python3.8/site-packages/airflow/example_dags/example_sensors.py took 0.060 seconds
[2025-08-19T21:57:45.632+0000] {processor.py:161} INFO - Started process (PID=890) to work on /home/airflow/.local/lib/python3.8/site-packages/airflow/example_dags/example_sensors.py
[2025-08-19T21:57:45.633+0000] {processor.py:830} INFO - Processing file /home/airflow/.local/lib/python3.8/site-packages/airflow/example_dags/example_sensors.py for tasks to queue
[2025-08-19T21:57:45.635+0000] {logging_mixin.py:188} INFO - [2025-08-19T21:57:45.635+0000] {dagbag.py:538} INFO - Filling up the DagBag from /home/airflow/.local/lib/python3.8/site-packages/airflow/example_dags/example_sensors.py
[2025-08-19T21:57:45.639+0000] {processor.py:840} INFO - DAG(s) 'example_sensors' retrieved from /home/airflow/.local/lib/python3.8/site-packages/airflow/example_dags/example_sensors.py
[2025-08-19T21:57:45.653+0000] {logging_mixin.py:188} INFO - [2025-08-19T21:57:45.653+0000] {dag.py:3036} INFO - Sync 1 DAGs
[2025-08-19T21:57:45.659+0000] {logging_mixin.py:188} INFO - [2025-08-19T21:57:45.659+0000] {dag.py:3823} INFO - Setting next_dagrun for example_sensors to None, run_after=None
[2025-08-19T21:57:45.672+0000] {processor.py:183} INFO - Processing /home/airflow/.local/lib/python3.8/site-packages/airflow/example_dags/example_sensors.py took 0.043 seconds
[2025-08-19T21:58:16.190+0000] {processor.py:161} INFO - Started process (PID=946) to work on /home/airflow/.local/lib/python3.8/site-packages/airflow/example_dags/example_sensors.py
[2025-08-19T21:58:16.191+0000] {processor.py:830} INFO - Processing file /home/airflow/.local/lib/python3.8/site-packages/airflow/example_dags/example_sensors.py for tasks to queue
[2025-08-19T21:58:16.194+0000] {logging_mixin.py:188} INFO - [2025-08-19T21:58:16.194+0000] {dagbag.py:538} INFO - Filling up the DagBag from /home/airflow/.local/lib/python3.8/site-packages/airflow/example_dags/example_sensors.py
[2025-08-19T21:58:16.198+0000] {processor.py:840} INFO - DAG(s) 'example_sensors' retrieved from /home/airflow/.local/lib/python3.8/site-packages/airflow/example_dags/example_sensors.py
[2025-08-19T21:58:16.212+0000] {logging_mixin.py:188} INFO - [2025-08-19T21:58:16.212+0000] {dag.py:3036} INFO - Sync 1 DAGs
[2025-08-19T21:58:16.218+0000] {logging_mixin.py:188} INFO - [2025-08-19T21:58:16.218+0000] {dag.py:3823} INFO - Setting next_dagrun for example_sensors to None, run_after=None
[2025-08-19T21:58:16.234+0000] {processor.py:183} INFO - Processing /home/airflow/.local/lib/python3.8/site-packages/airflow/example_dags/example_sensors.py took 0.047 seconds
[2025-08-19T21:58:46.727+0000] {processor.py:161} INFO - Started process (PID=1002) to work on /home/airflow/.local/lib/python3.8/site-packages/airflow/example_dags/example_sensors.py
[2025-08-19T21:58:46.728+0000] {processor.py:830} INFO - Processing file /home/airflow/.local/lib/python3.8/site-packages/airflow/example_dags/example_sensors.py for tasks to queue
[2025-08-19T21:58:46.729+0000] {logging_mixin.py:188} INFO - [2025-08-19T21:58:46.729+0000] {dagbag.py:538} INFO - Filling up the DagBag from /home/airflow/.local/lib/python3.8/site-packages/airflow/example_dags/example_sensors.py
[2025-08-19T21:58:46.734+0000] {processor.py:840} INFO - DAG(s) 'example_sensors' retrieved from /home/airflow/.local/lib/python3.8/site-packages/airflow/example_dags/example_sensors.py
[2025-08-19T21:58:46.747+0000] {logging_mixin.py:188} INFO - [2025-08-19T21:58:46.747+0000] {dag.py:3036} INFO - Sync 1 DAGs
[2025-08-19T21:58:46.754+0000] {logging_mixin.py:188} INFO - [2025-08-19T21:58:46.754+0000] {dag.py:3823} INFO - Setting next_dagrun for example_sensors to None, run_after=None
[2025-08-19T21:58:46.762+0000] {processor.py:183} INFO - Processing /home/airflow/.local/lib/python3.8/site-packages/airflow/example_dags/example_sensors.py took 0.036 seconds
[2025-08-19T21:59:17.267+0000] {processor.py:161} INFO - Started process (PID=1058) to work on /home/airflow/.local/lib/python3.8/site-packages/airflow/example_dags/example_sensors.py
[2025-08-19T21:59:17.268+0000] {processor.py:830} INFO - Processing file /home/airflow/.local/lib/python3.8/site-packages/airflow/example_dags/example_sensors.py for tasks to queue
[2025-08-19T21:59:17.269+0000] {logging_mixin.py:188} INFO - [2025-08-19T21:59:17.269+0000] {dagbag.py:538} INFO - Filling up the DagBag from /home/airflow/.local/lib/python3.8/site-packages/airflow/example_dags/example_sensors.py
[2025-08-19T21:59:17.273+0000] {processor.py:840} INFO - DAG(s) 'example_sensors' retrieved from /home/airflow/.local/lib/python3.8/site-packages/airflow/example_dags/example_sensors.py
[2025-08-19T21:59:17.286+0000] {logging_mixin.py:188} INFO - [2025-08-19T21:59:17.286+0000] {dag.py:3036} INFO - Sync 1 DAGs
[2025-08-19T21:59:17.291+0000] {logging_mixin.py:188} INFO - [2025-08-19T21:59:17.291+0000] {dag.py:3823} INFO - Setting next_dagrun for example_sensors to None, run_after=None
[2025-08-19T21:59:17.299+0000] {processor.py:183} INFO - Processing /home/airflow/.local/lib/python3.8/site-packages/airflow/example_dags/example_sensors.py took 0.035 seconds
[2025-08-19T21:59:47.812+0000] {processor.py:161} INFO - Started process (PID=1114) to work on /home/airflow/.local/lib/python3.8/site-packages/airflow/example_dags/example_sensors.py
[2025-08-19T21:59:47.814+0000] {processor.py:830} INFO - Processing file /home/airflow/.local/lib/python3.8/site-packages/airflow/example_dags/example_sensors.py for tasks to queue
[2025-08-19T21:59:47.816+0000] {logging_mixin.py:188} INFO - [2025-08-19T21:59:47.816+0000] {dagbag.py:538} INFO - Filling up the DagBag from /home/airflow/.local/lib/python3.8/site-packages/airflow/example_dags/example_sensors.py
[2025-08-19T21:59:47.822+0000] {processor.py:840} INFO - DAG(s) 'example_sensors' retrieved from /home/airflow/.local/lib/python3.8/site-packages/airflow/example_dags/example_sensors.py
[2025-08-19T21:59:47.841+0000] {logging_mixin.py:188} INFO - [2025-08-19T21:59:47.841+0000] {dag.py:3036} INFO - Sync 1 DAGs
[2025-08-19T21:59:47.847+0000] {logging_mixin.py:188} INFO - [2025-08-19T21:59:47.847+0000] {dag.py:3823} INFO - Setting next_dagrun for example_sensors to None, run_after=None
[2025-08-19T21:59:47.857+0000] {processor.py:183} INFO - Processing /home/airflow/.local/lib/python3.8/site-packages/airflow/example_dags/example_sensors.py took 0.047 seconds
[2025-08-19T22:00:18.342+0000] {processor.py:161} INFO - Started process (PID=1170) to work on /home/airflow/.local/lib/python3.8/site-packages/airflow/example_dags/example_sensors.py
[2025-08-19T22:00:18.343+0000] {processor.py:830} INFO - Processing file /home/airflow/.local/lib/python3.8/site-packages/airflow/example_dags/example_sensors.py for tasks to queue
[2025-08-19T22:00:18.346+0000] {logging_mixin.py:188} INFO - [2025-08-19T22:00:18.346+0000] {dagbag.py:538} INFO - Filling up the DagBag from /home/airflow/.local/lib/python3.8/site-packages/airflow/example_dags/example_sensors.py
[2025-08-19T22:00:18.351+0000] {processor.py:840} INFO - DAG(s) 'example_sensors' retrieved from /home/airflow/.local/lib/python3.8/site-packages/airflow/example_dags/example_sensors.py
[2025-08-19T22:00:18.365+0000] {logging_mixin.py:188} INFO - [2025-08-19T22:00:18.365+0000] {dag.py:3036} INFO - Sync 1 DAGs
[2025-08-19T22:00:18.370+0000] {logging_mixin.py:188} INFO - [2025-08-19T22:00:18.370+0000] {dag.py:3823} INFO - Setting next_dagrun for example_sensors to None, run_after=None
[2025-08-19T22:00:18.380+0000] {processor.py:183} INFO - Processing /home/airflow/.local/lib/python3.8/site-packages/airflow/example_dags/example_sensors.py took 0.040 seconds
[2025-08-19T22:00:48.871+0000] {processor.py:161} INFO - Started process (PID=1226) to work on /home/airflow/.local/lib/python3.8/site-packages/airflow/example_dags/example_sensors.py
[2025-08-19T22:00:48.872+0000] {processor.py:830} INFO - Processing file /home/airflow/.local/lib/python3.8/site-packages/airflow/example_dags/example_sensors.py for tasks to queue
[2025-08-19T22:00:48.873+0000] {logging_mixin.py:188} INFO - [2025-08-19T22:00:48.873+0000] {dagbag.py:538} INFO - Filling up the DagBag from /home/airflow/.local/lib/python3.8/site-packages/airflow/example_dags/example_sensors.py
[2025-08-19T22:00:48.878+0000] {processor.py:840} INFO - DAG(s) 'example_sensors' retrieved from /home/airflow/.local/lib/python3.8/site-packages/airflow/example_dags/example_sensors.py
[2025-08-19T22:00:48.892+0000] {logging_mixin.py:188} INFO - [2025-08-19T22:00:48.892+0000] {dag.py:3036} INFO - Sync 1 DAGs
[2025-08-19T22:00:48.898+0000] {logging_mixin.py:188} INFO - [2025-08-19T22:00:48.898+0000] {dag.py:3823} INFO - Setting next_dagrun for example_sensors to None, run_after=None
[2025-08-19T22:00:48.911+0000] {processor.py:183} INFO - Processing /home/airflow/.local/lib/python3.8/site-packages/airflow/example_dags/example_sensors.py took 0.042 seconds
[2025-08-19T22:01:19.598+0000] {processor.py:161} INFO - Started process (PID=1282) to work on /home/airflow/.local/lib/python3.8/site-packages/airflow/example_dags/example_sensors.py
[2025-08-19T22:01:19.600+0000] {processor.py:830} INFO - Processing file /home/airflow/.local/lib/python3.8/site-packages/airflow/example_dags/example_sensors.py for tasks to queue
[2025-08-19T22:01:19.603+0000] {logging_mixin.py:188} INFO - [2025-08-19T22:01:19.603+0000] {dagbag.py:538} INFO - Filling up the DagBag from /home/airflow/.local/lib/python3.8/site-packages/airflow/example_dags/example_sensors.py
[2025-08-19T22:01:19.609+0000] {processor.py:840} INFO - DAG(s) 'example_sensors' retrieved from /home/airflow/.local/lib/python3.8/site-packages/airflow/example_dags/example_sensors.py
[2025-08-19T22:01:19.623+0000] {logging_mixin.py:188} INFO - [2025-08-19T22:01:19.623+0000] {dag.py:3036} INFO - Sync 1 DAGs
[2025-08-19T22:01:19.629+0000] {logging_mixin.py:188} INFO - [2025-08-19T22:01:19.628+0000] {dag.py:3823} INFO - Setting next_dagrun for example_sensors to None, run_after=None
[2025-08-19T22:01:19.636+0000] {processor.py:183} INFO - Processing /home/airflow/.local/lib/python3.8/site-packages/airflow/example_dags/example_sensors.py took 0.041 seconds
[2025-08-19T22:01:49.770+0000] {processor.py:161} INFO - Started process (PID=1338) to work on /home/airflow/.local/lib/python3.8/site-packages/airflow/example_dags/example_sensors.py
[2025-08-19T22:01:49.771+0000] {processor.py:830} INFO - Processing file /home/airflow/.local/lib/python3.8/site-packages/airflow/example_dags/example_sensors.py for tasks to queue
[2025-08-19T22:01:49.772+0000] {logging_mixin.py:188} INFO - [2025-08-19T22:01:49.772+0000] {dagbag.py:538} INFO - Filling up the DagBag from /home/airflow/.local/lib/python3.8/site-packages/airflow/example_dags/example_sensors.py
[2025-08-19T22:01:49.777+0000] {processor.py:840} INFO - DAG(s) 'example_sensors' retrieved from /home/airflow/.local/lib/python3.8/site-packages/airflow/example_dags/example_sensors.py
[2025-08-19T22:01:49.789+0000] {logging_mixin.py:188} INFO - [2025-08-19T22:01:49.789+0000] {dag.py:3036} INFO - Sync 1 DAGs
[2025-08-19T22:01:49.795+0000] {logging_mixin.py:188} INFO - [2025-08-19T22:01:49.795+0000] {dag.py:3823} INFO - Setting next_dagrun for example_sensors to None, run_after=None
[2025-08-19T22:01:49.803+0000] {processor.py:183} INFO - Processing /home/airflow/.local/lib/python3.8/site-packages/airflow/example_dags/example_sensors.py took 0.035 seconds
[2025-08-19T22:02:20.678+0000] {processor.py:161} INFO - Started process (PID=1394) to work on /home/airflow/.local/lib/python3.8/site-packages/airflow/example_dags/example_sensors.py
[2025-08-19T22:02:20.681+0000] {processor.py:830} INFO - Processing file /home/airflow/.local/lib/python3.8/site-packages/airflow/example_dags/example_sensors.py for tasks to queue
[2025-08-19T22:02:20.683+0000] {logging_mixin.py:188} INFO - [2025-08-19T22:02:20.683+0000] {dagbag.py:538} INFO - Filling up the DagBag from /home/airflow/.local/lib/python3.8/site-packages/airflow/example_dags/example_sensors.py
[2025-08-19T22:02:20.689+0000] {processor.py:840} INFO - DAG(s) 'example_sensors' retrieved from /home/airflow/.local/lib/python3.8/site-packages/airflow/example_dags/example_sensors.py
[2025-08-19T22:02:20.707+0000] {logging_mixin.py:188} INFO - [2025-08-19T22:02:20.707+0000] {dag.py:3036} INFO - Sync 1 DAGs
[2025-08-19T22:02:20.714+0000] {logging_mixin.py:188} INFO - [2025-08-19T22:02:20.714+0000] {dag.py:3823} INFO - Setting next_dagrun for example_sensors to None, run_after=None
[2025-08-19T22:02:20.733+0000] {processor.py:183} INFO - Processing /home/airflow/.local/lib/python3.8/site-packages/airflow/example_dags/example_sensors.py took 0.064 seconds
[2025-08-19T22:02:51.624+0000] {processor.py:161} INFO - Started process (PID=1450) to work on /home/airflow/.local/lib/python3.8/site-packages/airflow/example_dags/example_sensors.py
[2025-08-19T22:02:51.627+0000] {processor.py:830} INFO - Processing file /home/airflow/.local/lib/python3.8/site-packages/airflow/example_dags/example_sensors.py for tasks to queue
[2025-08-19T22:02:51.629+0000] {logging_mixin.py:188} INFO - [2025-08-19T22:02:51.629+0000] {dagbag.py:538} INFO - Filling up the DagBag from /home/airflow/.local/lib/python3.8/site-packages/airflow/example_dags/example_sensors.py
[2025-08-19T22:02:51.633+0000] {processor.py:840} INFO - DAG(s) 'example_sensors' retrieved from /home/airflow/.local/lib/python3.8/site-packages/airflow/example_dags/example_sensors.py
[2025-08-19T22:02:51.650+0000] {logging_mixin.py:188} INFO - [2025-08-19T22:02:51.650+0000] {dag.py:3036} INFO - Sync 1 DAGs
[2025-08-19T22:02:51.657+0000] {logging_mixin.py:188} INFO - [2025-08-19T22:02:51.657+0000] {dag.py:3823} INFO - Setting next_dagrun for example_sensors to None, run_after=None
[2025-08-19T22:02:51.665+0000] {processor.py:183} INFO - Processing /home/airflow/.local/lib/python3.8/site-packages/airflow/example_dags/example_sensors.py took 0.053 seconds
[2025-08-19T22:03:22.541+0000] {processor.py:161} INFO - Started process (PID=1506) to work on /home/airflow/.local/lib/python3.8/site-packages/airflow/example_dags/example_sensors.py
[2025-08-19T22:03:22.543+0000] {processor.py:830} INFO - Processing file /home/airflow/.local/lib/python3.8/site-packages/airflow/example_dags/example_sensors.py for tasks to queue
[2025-08-19T22:03:22.545+0000] {logging_mixin.py:188} INFO - [2025-08-19T22:03:22.545+0000] {dagbag.py:538} INFO - Filling up the DagBag from /home/airflow/.local/lib/python3.8/site-packages/airflow/example_dags/example_sensors.py
[2025-08-19T22:03:22.553+0000] {processor.py:840} INFO - DAG(s) 'example_sensors' retrieved from /home/airflow/.local/lib/python3.8/site-packages/airflow/example_dags/example_sensors.py
[2025-08-19T22:03:22.605+0000] {logging_mixin.py:188} INFO - [2025-08-19T22:03:22.605+0000] {dag.py:3036} INFO - Sync 1 DAGs
[2025-08-19T22:03:22.614+0000] {logging_mixin.py:188} INFO - [2025-08-19T22:03:22.613+0000] {dag.py:3823} INFO - Setting next_dagrun for example_sensors to None, run_after=None
[2025-08-19T22:03:22.624+0000] {processor.py:183} INFO - Processing /home/airflow/.local/lib/python3.8/site-packages/airflow/example_dags/example_sensors.py took 0.090 seconds
[2025-08-19T22:03:53.357+0000] {processor.py:161} INFO - Started process (PID=1562) to work on /home/airflow/.local/lib/python3.8/site-packages/airflow/example_dags/example_sensors.py
[2025-08-19T22:03:53.358+0000] {processor.py:830} INFO - Processing file /home/airflow/.local/lib/python3.8/site-packages/airflow/example_dags/example_sensors.py for tasks to queue
[2025-08-19T22:03:53.359+0000] {logging_mixin.py:188} INFO - [2025-08-19T22:03:53.359+0000] {dagbag.py:538} INFO - Filling up the DagBag from /home/airflow/.local/lib/python3.8/site-packages/airflow/example_dags/example_sensors.py
[2025-08-19T22:03:53.364+0000] {processor.py:840} INFO - DAG(s) 'example_sensors' retrieved from /home/airflow/.local/lib/python3.8/site-packages/airflow/example_dags/example_sensors.py
[2025-08-19T22:03:53.375+0000] {logging_mixin.py:188} INFO - [2025-08-19T22:03:53.375+0000] {dag.py:3036} INFO - Sync 1 DAGs
[2025-08-19T22:03:53.381+0000] {logging_mixin.py:188} INFO - [2025-08-19T22:03:53.381+0000] {dag.py:3823} INFO - Setting next_dagrun for example_sensors to None, run_after=None
[2025-08-19T22:03:53.397+0000] {processor.py:183} INFO - Processing /home/airflow/.local/lib/python3.8/site-packages/airflow/example_dags/example_sensors.py took 0.043 seconds
[2025-08-19T22:04:24.032+0000] {processor.py:161} INFO - Started process (PID=1618) to work on /home/airflow/.local/lib/python3.8/site-packages/airflow/example_dags/example_sensors.py
[2025-08-19T22:04:24.033+0000] {processor.py:830} INFO - Processing file /home/airflow/.local/lib/python3.8/site-packages/airflow/example_dags/example_sensors.py for tasks to queue
[2025-08-19T22:04:24.034+0000] {logging_mixin.py:188} INFO - [2025-08-19T22:04:24.034+0000] {dagbag.py:538} INFO - Filling up the DagBag from /home/airflow/.local/lib/python3.8/site-packages/airflow/example_dags/example_sensors.py
[2025-08-19T22:04:24.038+0000] {processor.py:840} INFO - DAG(s) 'example_sensors' retrieved from /home/airflow/.local/lib/python3.8/site-packages/airflow/example_dags/example_sensors.py
[2025-08-19T22:04:24.049+0000] {logging_mixin.py:188} INFO - [2025-08-19T22:04:24.048+0000] {dag.py:3036} INFO - Sync 1 DAGs
[2025-08-19T22:04:24.054+0000] {logging_mixin.py:188} INFO - [2025-08-19T22:04:24.054+0000] {dag.py:3823} INFO - Setting next_dagrun for example_sensors to None, run_after=None
[2025-08-19T22:04:24.061+0000] {processor.py:183} INFO - Processing /home/airflow/.local/lib/python3.8/site-packages/airflow/example_dags/example_sensors.py took 0.031 seconds
[2025-08-19T22:04:54.442+0000] {processor.py:161} INFO - Started process (PID=1674) to work on /home/airflow/.local/lib/python3.8/site-packages/airflow/example_dags/example_sensors.py
[2025-08-19T22:04:54.443+0000] {processor.py:830} INFO - Processing file /home/airflow/.local/lib/python3.8/site-packages/airflow/example_dags/example_sensors.py for tasks to queue
[2025-08-19T22:04:54.443+0000] {logging_mixin.py:188} INFO - [2025-08-19T22:04:54.443+0000] {dagbag.py:538} INFO - Filling up the DagBag from /home/airflow/.local/lib/python3.8/site-packages/airflow/example_dags/example_sensors.py
[2025-08-19T22:04:54.449+0000] {processor.py:840} INFO - DAG(s) 'example_sensors' retrieved from /home/airflow/.local/lib/python3.8/site-packages/airflow/example_dags/example_sensors.py
[2025-08-19T22:04:54.461+0000] {logging_mixin.py:188} INFO - [2025-08-19T22:04:54.461+0000] {dag.py:3036} INFO - Sync 1 DAGs
[2025-08-19T22:04:54.467+0000] {logging_mixin.py:188} INFO - [2025-08-19T22:04:54.467+0000] {dag.py:3823} INFO - Setting next_dagrun for example_sensors to None, run_after=None
[2025-08-19T22:04:54.473+0000] {processor.py:183} INFO - Processing /home/airflow/.local/lib/python3.8/site-packages/airflow/example_dags/example_sensors.py took 0.033 seconds
[2025-08-19T22:05:24.943+0000] {processor.py:161} INFO - Started process (PID=1730) to work on /home/airflow/.local/lib/python3.8/site-packages/airflow/example_dags/example_sensors.py
[2025-08-19T22:05:24.944+0000] {processor.py:830} INFO - Processing file /home/airflow/.local/lib/python3.8/site-packages/airflow/example_dags/example_sensors.py for tasks to queue
[2025-08-19T22:05:24.945+0000] {logging_mixin.py:188} INFO - [2025-08-19T22:05:24.945+0000] {dagbag.py:538} INFO - Filling up the DagBag from /home/airflow/.local/lib/python3.8/site-packages/airflow/example_dags/example_sensors.py
[2025-08-19T22:05:24.949+0000] {processor.py:840} INFO - DAG(s) 'example_sensors' retrieved from /home/airflow/.local/lib/python3.8/site-packages/airflow/example_dags/example_sensors.py
[2025-08-19T22:05:24.961+0000] {logging_mixin.py:188} INFO - [2025-08-19T22:05:24.961+0000] {dag.py:3036} INFO - Sync 1 DAGs
[2025-08-19T22:05:24.966+0000] {logging_mixin.py:188} INFO - [2025-08-19T22:05:24.966+0000] {dag.py:3823} INFO - Setting next_dagrun for example_sensors to None, run_after=None
[2025-08-19T22:05:24.973+0000] {processor.py:183} INFO - Processing /home/airflow/.local/lib/python3.8/site-packages/airflow/example_dags/example_sensors.py took 0.031 seconds
[2025-08-19T22:05:55.043+0000] {processor.py:161} INFO - Started process (PID=1786) to work on /home/airflow/.local/lib/python3.8/site-packages/airflow/example_dags/example_sensors.py
[2025-08-19T22:05:55.044+0000] {processor.py:830} INFO - Processing file /home/airflow/.local/lib/python3.8/site-packages/airflow/example_dags/example_sensors.py for tasks to queue
[2025-08-19T22:05:55.045+0000] {logging_mixin.py:188} INFO - [2025-08-19T22:05:55.045+0000] {dagbag.py:538} INFO - Filling up the DagBag from /home/airflow/.local/lib/python3.8/site-packages/airflow/example_dags/example_sensors.py
[2025-08-19T22:05:55.048+0000] {processor.py:840} INFO - DAG(s) 'example_sensors' retrieved from /home/airflow/.local/lib/python3.8/site-packages/airflow/example_dags/example_sensors.py
[2025-08-19T22:05:55.060+0000] {logging_mixin.py:188} INFO - [2025-08-19T22:05:55.060+0000] {dag.py:3036} INFO - Sync 1 DAGs
[2025-08-19T22:05:55.065+0000] {logging_mixin.py:188} INFO - [2025-08-19T22:05:55.065+0000] {dag.py:3823} INFO - Setting next_dagrun for example_sensors to None, run_after=None
[2025-08-19T22:05:55.072+0000] {processor.py:183} INFO - Processing /home/airflow/.local/lib/python3.8/site-packages/airflow/example_dags/example_sensors.py took 0.030 seconds
[2025-08-19T22:06:25.474+0000] {processor.py:161} INFO - Started process (PID=1842) to work on /home/airflow/.local/lib/python3.8/site-packages/airflow/example_dags/example_sensors.py
[2025-08-19T22:06:25.477+0000] {processor.py:830} INFO - Processing file /home/airflow/.local/lib/python3.8/site-packages/airflow/example_dags/example_sensors.py for tasks to queue
[2025-08-19T22:06:25.479+0000] {logging_mixin.py:188} INFO - [2025-08-19T22:06:25.478+0000] {dagbag.py:538} INFO - Filling up the DagBag from /home/airflow/.local/lib/python3.8/site-packages/airflow/example_dags/example_sensors.py
[2025-08-19T22:06:25.485+0000] {processor.py:840} INFO - DAG(s) 'example_sensors' retrieved from /home/airflow/.local/lib/python3.8/site-packages/airflow/example_dags/example_sensors.py
[2025-08-19T22:06:25.500+0000] {logging_mixin.py:188} INFO - [2025-08-19T22:06:25.500+0000] {dag.py:3036} INFO - Sync 1 DAGs
[2025-08-19T22:06:25.504+0000] {logging_mixin.py:188} INFO - [2025-08-19T22:06:25.504+0000] {dag.py:3823} INFO - Setting next_dagrun for example_sensors to None, run_after=None
[2025-08-19T22:06:25.510+0000] {processor.py:183} INFO - Processing /home/airflow/.local/lib/python3.8/site-packages/airflow/example_dags/example_sensors.py took 0.038 seconds
[2025-08-19T22:06:55.985+0000] {processor.py:161} INFO - Started process (PID=1898) to work on /home/airflow/.local/lib/python3.8/site-packages/airflow/example_dags/example_sensors.py
[2025-08-19T22:06:55.986+0000] {processor.py:830} INFO - Processing file /home/airflow/.local/lib/python3.8/site-packages/airflow/example_dags/example_sensors.py for tasks to queue
[2025-08-19T22:06:55.988+0000] {logging_mixin.py:188} INFO - [2025-08-19T22:06:55.987+0000] {dagbag.py:538} INFO - Filling up the DagBag from /home/airflow/.local/lib/python3.8/site-packages/airflow/example_dags/example_sensors.py
[2025-08-19T22:06:55.991+0000] {processor.py:840} INFO - DAG(s) 'example_sensors' retrieved from /home/airflow/.local/lib/python3.8/site-packages/airflow/example_dags/example_sensors.py
[2025-08-19T22:06:56.007+0000] {logging_mixin.py:188} INFO - [2025-08-19T22:06:56.007+0000] {dag.py:3036} INFO - Sync 1 DAGs
[2025-08-19T22:06:56.013+0000] {logging_mixin.py:188} INFO - [2025-08-19T22:06:56.013+0000] {dag.py:3823} INFO - Setting next_dagrun for example_sensors to None, run_after=None
[2025-08-19T22:06:56.021+0000] {processor.py:183} INFO - Processing /home/airflow/.local/lib/python3.8/site-packages/airflow/example_dags/example_sensors.py took 0.038 seconds
[2025-08-19T22:07:26.121+0000] {processor.py:161} INFO - Started process (PID=1954) to work on /home/airflow/.local/lib/python3.8/site-packages/airflow/example_dags/example_sensors.py
[2025-08-19T22:07:26.122+0000] {processor.py:830} INFO - Processing file /home/airflow/.local/lib/python3.8/site-packages/airflow/example_dags/example_sensors.py for tasks to queue
[2025-08-19T22:07:26.123+0000] {logging_mixin.py:188} INFO - [2025-08-19T22:07:26.123+0000] {dagbag.py:538} INFO - Filling up the DagBag from /home/airflow/.local/lib/python3.8/site-packages/airflow/example_dags/example_sensors.py
[2025-08-19T22:07:26.127+0000] {processor.py:840} INFO - DAG(s) 'example_sensors' retrieved from /home/airflow/.local/lib/python3.8/site-packages/airflow/example_dags/example_sensors.py
[2025-08-19T22:07:26.138+0000] {logging_mixin.py:188} INFO - [2025-08-19T22:07:26.137+0000] {dag.py:3036} INFO - Sync 1 DAGs
[2025-08-19T22:07:26.143+0000] {logging_mixin.py:188} INFO - [2025-08-19T22:07:26.143+0000] {dag.py:3823} INFO - Setting next_dagrun for example_sensors to None, run_after=None
[2025-08-19T22:07:26.151+0000] {processor.py:183} INFO - Processing /home/airflow/.local/lib/python3.8/site-packages/airflow/example_dags/example_sensors.py took 0.032 seconds
[2025-08-19T22:07:56.751+0000] {processor.py:161} INFO - Started process (PID=2010) to work on /home/airflow/.local/lib/python3.8/site-packages/airflow/example_dags/example_sensors.py
[2025-08-19T22:07:56.751+0000] {processor.py:830} INFO - Processing file /home/airflow/.local/lib/python3.8/site-packages/airflow/example_dags/example_sensors.py for tasks to queue
[2025-08-19T22:07:56.753+0000] {logging_mixin.py:188} INFO - [2025-08-19T22:07:56.753+0000] {dagbag.py:538} INFO - Filling up the DagBag from /home/airflow/.local/lib/python3.8/site-packages/airflow/example_dags/example_sensors.py
[2025-08-19T22:07:56.760+0000] {processor.py:840} INFO - DAG(s) 'example_sensors' retrieved from /home/airflow/.local/lib/python3.8/site-packages/airflow/example_dags/example_sensors.py
[2025-08-19T22:07:56.774+0000] {logging_mixin.py:188} INFO - [2025-08-19T22:07:56.774+0000] {dag.py:3036} INFO - Sync 1 DAGs
[2025-08-19T22:07:56.780+0000] {logging_mixin.py:188} INFO - [2025-08-19T22:07:56.780+0000] {dag.py:3823} INFO - Setting next_dagrun for example_sensors to None, run_after=None
[2025-08-19T22:07:56.792+0000] {processor.py:183} INFO - Processing /home/airflow/.local/lib/python3.8/site-packages/airflow/example_dags/example_sensors.py took 0.044 seconds
[2025-08-19T22:08:27.584+0000] {processor.py:161} INFO - Started process (PID=2066) to work on /home/airflow/.local/lib/python3.8/site-packages/airflow/example_dags/example_sensors.py
[2025-08-19T22:08:27.586+0000] {processor.py:830} INFO - Processing file /home/airflow/.local/lib/python3.8/site-packages/airflow/example_dags/example_sensors.py for tasks to queue
[2025-08-19T22:08:27.587+0000] {logging_mixin.py:188} INFO - [2025-08-19T22:08:27.587+0000] {dagbag.py:538} INFO - Filling up the DagBag from /home/airflow/.local/lib/python3.8/site-packages/airflow/example_dags/example_sensors.py
[2025-08-19T22:08:27.595+0000] {processor.py:840} INFO - DAG(s) 'example_sensors' retrieved from /home/airflow/.local/lib/python3.8/site-packages/airflow/example_dags/example_sensors.py
[2025-08-19T22:08:27.611+0000] {logging_mixin.py:188} INFO - [2025-08-19T22:08:27.611+0000] {dag.py:3036} INFO - Sync 1 DAGs
[2025-08-19T22:08:27.617+0000] {logging_mixin.py:188} INFO - [2025-08-19T22:08:27.617+0000] {dag.py:3823} INFO - Setting next_dagrun for example_sensors to None, run_after=None
[2025-08-19T22:08:27.630+0000] {processor.py:183} INFO - Processing /home/airflow/.local/lib/python3.8/site-packages/airflow/example_dags/example_sensors.py took 0.048 seconds
[2025-08-19T22:08:58.233+0000] {processor.py:161} INFO - Started process (PID=2122) to work on /home/airflow/.local/lib/python3.8/site-packages/airflow/example_dags/example_sensors.py
[2025-08-19T22:08:58.234+0000] {processor.py:830} INFO - Processing file /home/airflow/.local/lib/python3.8/site-packages/airflow/example_dags/example_sensors.py for tasks to queue
[2025-08-19T22:08:58.235+0000] {logging_mixin.py:188} INFO - [2025-08-19T22:08:58.234+0000] {dagbag.py:538} INFO - Filling up the DagBag from /home/airflow/.local/lib/python3.8/site-packages/airflow/example_dags/example_sensors.py
[2025-08-19T22:08:58.238+0000] {processor.py:840} INFO - DAG(s) 'example_sensors' retrieved from /home/airflow/.local/lib/python3.8/site-packages/airflow/example_dags/example_sensors.py
[2025-08-19T22:08:58.249+0000] {logging_mixin.py:188} INFO - [2025-08-19T22:08:58.249+0000] {dag.py:3036} INFO - Sync 1 DAGs
[2025-08-19T22:08:58.253+0000] {logging_mixin.py:188} INFO - [2025-08-19T22:08:58.253+0000] {dag.py:3823} INFO - Setting next_dagrun for example_sensors to None, run_after=None
[2025-08-19T22:08:58.265+0000] {processor.py:183} INFO - Processing /home/airflow/.local/lib/python3.8/site-packages/airflow/example_dags/example_sensors.py took 0.035 seconds
[2025-08-19T22:09:28.795+0000] {processor.py:161} INFO - Started process (PID=2178) to work on /home/airflow/.local/lib/python3.8/site-packages/airflow/example_dags/example_sensors.py
[2025-08-19T22:09:28.796+0000] {processor.py:830} INFO - Processing file /home/airflow/.local/lib/python3.8/site-packages/airflow/example_dags/example_sensors.py for tasks to queue
[2025-08-19T22:09:28.797+0000] {logging_mixin.py:188} INFO - [2025-08-19T22:09:28.797+0000] {dagbag.py:538} INFO - Filling up the DagBag from /home/airflow/.local/lib/python3.8/site-packages/airflow/example_dags/example_sensors.py
[2025-08-19T22:09:28.801+0000] {processor.py:840} INFO - DAG(s) 'example_sensors' retrieved from /home/airflow/.local/lib/python3.8/site-packages/airflow/example_dags/example_sensors.py
[2025-08-19T22:09:28.822+0000] {logging_mixin.py:188} INFO - [2025-08-19T22:09:28.822+0000] {dag.py:3036} INFO - Sync 1 DAGs
[2025-08-19T22:09:28.833+0000] {logging_mixin.py:188} INFO - [2025-08-19T22:09:28.832+0000] {dag.py:3823} INFO - Setting next_dagrun for example_sensors to None, run_after=None
[2025-08-19T22:09:28.844+0000] {processor.py:183} INFO - Processing /home/airflow/.local/lib/python3.8/site-packages/airflow/example_dags/example_sensors.py took 0.051 seconds
[2025-08-19T22:09:59.479+0000] {processor.py:161} INFO - Started process (PID=2234) to work on /home/airflow/.local/lib/python3.8/site-packages/airflow/example_dags/example_sensors.py
[2025-08-19T22:09:59.480+0000] {processor.py:830} INFO - Processing file /home/airflow/.local/lib/python3.8/site-packages/airflow/example_dags/example_sensors.py for tasks to queue
[2025-08-19T22:09:59.481+0000] {logging_mixin.py:188} INFO - [2025-08-19T22:09:59.481+0000] {dagbag.py:538} INFO - Filling up the DagBag from /home/airflow/.local/lib/python3.8/site-packages/airflow/example_dags/example_sensors.py
[2025-08-19T22:09:59.485+0000] {processor.py:840} INFO - DAG(s) 'example_sensors' retrieved from /home/airflow/.local/lib/python3.8/site-packages/airflow/example_dags/example_sensors.py
[2025-08-19T22:09:59.497+0000] {logging_mixin.py:188} INFO - [2025-08-19T22:09:59.497+0000] {dag.py:3036} INFO - Sync 1 DAGs
[2025-08-19T22:09:59.505+0000] {logging_mixin.py:188} INFO - [2025-08-19T22:09:59.505+0000] {dag.py:3823} INFO - Setting next_dagrun for example_sensors to None, run_after=None
[2025-08-19T22:09:59.514+0000] {processor.py:183} INFO - Processing /home/airflow/.local/lib/python3.8/site-packages/airflow/example_dags/example_sensors.py took 0.037 seconds
[2025-08-19T22:10:30.067+0000] {processor.py:161} INFO - Started process (PID=2290) to work on /home/airflow/.local/lib/python3.8/site-packages/airflow/example_dags/example_sensors.py
[2025-08-19T22:10:30.068+0000] {processor.py:830} INFO - Processing file /home/airflow/.local/lib/python3.8/site-packages/airflow/example_dags/example_sensors.py for tasks to queue
[2025-08-19T22:10:30.069+0000] {logging_mixin.py:188} INFO - [2025-08-19T22:10:30.069+0000] {dagbag.py:538} INFO - Filling up the DagBag from /home/airflow/.local/lib/python3.8/site-packages/airflow/example_dags/example_sensors.py
[2025-08-19T22:10:30.072+0000] {processor.py:840} INFO - DAG(s) 'example_sensors' retrieved from /home/airflow/.local/lib/python3.8/site-packages/airflow/example_dags/example_sensors.py
[2025-08-19T22:10:30.085+0000] {logging_mixin.py:188} INFO - [2025-08-19T22:10:30.085+0000] {dag.py:3036} INFO - Sync 1 DAGs
[2025-08-19T22:10:30.090+0000] {logging_mixin.py:188} INFO - [2025-08-19T22:10:30.090+0000] {dag.py:3823} INFO - Setting next_dagrun for example_sensors to None, run_after=None
[2025-08-19T22:10:30.097+0000] {processor.py:183} INFO - Processing /home/airflow/.local/lib/python3.8/site-packages/airflow/example_dags/example_sensors.py took 0.032 seconds
[2025-08-19T22:11:00.812+0000] {processor.py:161} INFO - Started process (PID=2346) to work on /home/airflow/.local/lib/python3.8/site-packages/airflow/example_dags/example_sensors.py
[2025-08-19T22:11:00.814+0000] {processor.py:830} INFO - Processing file /home/airflow/.local/lib/python3.8/site-packages/airflow/example_dags/example_sensors.py for tasks to queue
[2025-08-19T22:11:00.815+0000] {logging_mixin.py:188} INFO - [2025-08-19T22:11:00.815+0000] {dagbag.py:538} INFO - Filling up the DagBag from /home/airflow/.local/lib/python3.8/site-packages/airflow/example_dags/example_sensors.py
[2025-08-19T22:11:00.820+0000] {processor.py:840} INFO - DAG(s) 'example_sensors' retrieved from /home/airflow/.local/lib/python3.8/site-packages/airflow/example_dags/example_sensors.py
[2025-08-19T22:11:00.832+0000] {logging_mixin.py:188} INFO - [2025-08-19T22:11:00.832+0000] {dag.py:3036} INFO - Sync 1 DAGs
[2025-08-19T22:11:00.836+0000] {logging_mixin.py:188} INFO - [2025-08-19T22:11:00.836+0000] {dag.py:3823} INFO - Setting next_dagrun for example_sensors to None, run_after=None
[2025-08-19T22:11:00.842+0000] {processor.py:183} INFO - Processing /home/airflow/.local/lib/python3.8/site-packages/airflow/example_dags/example_sensors.py took 0.032 seconds
[2025-08-19T22:11:31.340+0000] {processor.py:161} INFO - Started process (PID=2402) to work on /home/airflow/.local/lib/python3.8/site-packages/airflow/example_dags/example_sensors.py
[2025-08-19T22:11:31.341+0000] {processor.py:830} INFO - Processing file /home/airflow/.local/lib/python3.8/site-packages/airflow/example_dags/example_sensors.py for tasks to queue
[2025-08-19T22:11:31.342+0000] {logging_mixin.py:188} INFO - [2025-08-19T22:11:31.342+0000] {dagbag.py:538} INFO - Filling up the DagBag from /home/airflow/.local/lib/python3.8/site-packages/airflow/example_dags/example_sensors.py
[2025-08-19T22:11:31.345+0000] {processor.py:840} INFO - DAG(s) 'example_sensors' retrieved from /home/airflow/.local/lib/python3.8/site-packages/airflow/example_dags/example_sensors.py
[2025-08-19T22:11:31.359+0000] {logging_mixin.py:188} INFO - [2025-08-19T22:11:31.358+0000] {dag.py:3036} INFO - Sync 1 DAGs
[2025-08-19T22:11:31.363+0000] {logging_mixin.py:188} INFO - [2025-08-19T22:11:31.363+0000] {dag.py:3823} INFO - Setting next_dagrun for example_sensors to None, run_after=None
[2025-08-19T22:11:31.371+0000] {processor.py:183} INFO - Processing /home/airflow/.local/lib/python3.8/site-packages/airflow/example_dags/example_sensors.py took 0.032 seconds
[2025-08-19T22:12:01.798+0000] {processor.py:161} INFO - Started process (PID=2458) to work on /home/airflow/.local/lib/python3.8/site-packages/airflow/example_dags/example_sensors.py
[2025-08-19T22:12:01.799+0000] {processor.py:830} INFO - Processing file /home/airflow/.local/lib/python3.8/site-packages/airflow/example_dags/example_sensors.py for tasks to queue
[2025-08-19T22:12:01.800+0000] {logging_mixin.py:188} INFO - [2025-08-19T22:12:01.800+0000] {dagbag.py:538} INFO - Filling up the DagBag from /home/airflow/.local/lib/python3.8/site-packages/airflow/example_dags/example_sensors.py
[2025-08-19T22:12:01.804+0000] {processor.py:840} INFO - DAG(s) 'example_sensors' retrieved from /home/airflow/.local/lib/python3.8/site-packages/airflow/example_dags/example_sensors.py
[2025-08-19T22:12:01.817+0000] {logging_mixin.py:188} INFO - [2025-08-19T22:12:01.817+0000] {dag.py:3036} INFO - Sync 1 DAGs
[2025-08-19T22:12:01.824+0000] {logging_mixin.py:188} INFO - [2025-08-19T22:12:01.824+0000] {dag.py:3823} INFO - Setting next_dagrun for example_sensors to None, run_after=None
[2025-08-19T22:12:01.831+0000] {processor.py:183} INFO - Processing /home/airflow/.local/lib/python3.8/site-packages/airflow/example_dags/example_sensors.py took 0.036 seconds
[2025-08-19T22:12:32.383+0000] {processor.py:161} INFO - Started process (PID=2514) to work on /home/airflow/.local/lib/python3.8/site-packages/airflow/example_dags/example_sensors.py
[2025-08-19T22:12:32.386+0000] {processor.py:830} INFO - Processing file /home/airflow/.local/lib/python3.8/site-packages/airflow/example_dags/example_sensors.py for tasks to queue
[2025-08-19T22:12:32.387+0000] {logging_mixin.py:188} INFO - [2025-08-19T22:12:32.387+0000] {dagbag.py:538} INFO - Filling up the DagBag from /home/airflow/.local/lib/python3.8/site-packages/airflow/example_dags/example_sensors.py
[2025-08-19T22:12:32.391+0000] {processor.py:840} INFO - DAG(s) 'example_sensors' retrieved from /home/airflow/.local/lib/python3.8/site-packages/airflow/example_dags/example_sensors.py
[2025-08-19T22:12:32.410+0000] {logging_mixin.py:188} INFO - [2025-08-19T22:12:32.410+0000] {dag.py:3036} INFO - Sync 1 DAGs
[2025-08-19T22:12:32.414+0000] {logging_mixin.py:188} INFO - [2025-08-19T22:12:32.414+0000] {dag.py:3823} INFO - Setting next_dagrun for example_sensors to None, run_after=None
[2025-08-19T22:12:32.421+0000] {processor.py:183} INFO - Processing /home/airflow/.local/lib/python3.8/site-packages/airflow/example_dags/example_sensors.py took 0.040 seconds
[2025-08-19T22:13:02.903+0000] {processor.py:161} INFO - Started process (PID=2570) to work on /home/airflow/.local/lib/python3.8/site-packages/airflow/example_dags/example_sensors.py
[2025-08-19T22:13:02.904+0000] {processor.py:830} INFO - Processing file /home/airflow/.local/lib/python3.8/site-packages/airflow/example_dags/example_sensors.py for tasks to queue
[2025-08-19T22:13:02.905+0000] {logging_mixin.py:188} INFO - [2025-08-19T22:13:02.905+0000] {dagbag.py:538} INFO - Filling up the DagBag from /home/airflow/.local/lib/python3.8/site-packages/airflow/example_dags/example_sensors.py
[2025-08-19T22:13:02.909+0000] {processor.py:840} INFO - DAG(s) 'example_sensors' retrieved from /home/airflow/.local/lib/python3.8/site-packages/airflow/example_dags/example_sensors.py
[2025-08-19T22:13:02.922+0000] {logging_mixin.py:188} INFO - [2025-08-19T22:13:02.921+0000] {dag.py:3036} INFO - Sync 1 DAGs
[2025-08-19T22:13:02.926+0000] {logging_mixin.py:188} INFO - [2025-08-19T22:13:02.926+0000] {dag.py:3823} INFO - Setting next_dagrun for example_sensors to None, run_after=None
[2025-08-19T22:13:02.933+0000] {processor.py:183} INFO - Processing /home/airflow/.local/lib/python3.8/site-packages/airflow/example_dags/example_sensors.py took 0.033 seconds
[2025-08-19T22:13:33.495+0000] {processor.py:161} INFO - Started process (PID=2626) to work on /home/airflow/.local/lib/python3.8/site-packages/airflow/example_dags/example_sensors.py
[2025-08-19T22:13:33.496+0000] {processor.py:830} INFO - Processing file /home/airflow/.local/lib/python3.8/site-packages/airflow/example_dags/example_sensors.py for tasks to queue
[2025-08-19T22:13:33.498+0000] {logging_mixin.py:188} INFO - [2025-08-19T22:13:33.498+0000] {dagbag.py:538} INFO - Filling up the DagBag from /home/airflow/.local/lib/python3.8/site-packages/airflow/example_dags/example_sensors.py
[2025-08-19T22:13:33.503+0000] {processor.py:840} INFO - DAG(s) 'example_sensors' retrieved from /home/airflow/.local/lib/python3.8/site-packages/airflow/example_dags/example_sensors.py
[2025-08-19T22:13:33.514+0000] {logging_mixin.py:188} INFO - [2025-08-19T22:13:33.514+0000] {dag.py:3036} INFO - Sync 1 DAGs
[2025-08-19T22:13:33.520+0000] {logging_mixin.py:188} INFO - [2025-08-19T22:13:33.519+0000] {dag.py:3823} INFO - Setting next_dagrun for example_sensors to None, run_after=None
[2025-08-19T22:13:33.530+0000] {processor.py:183} INFO - Processing /home/airflow/.local/lib/python3.8/site-packages/airflow/example_dags/example_sensors.py took 0.037 seconds
[2025-08-19T22:20:09.498+0000] {processor.py:161} INFO - Started process (PID=46) to work on /home/airflow/.local/lib/python3.8/site-packages/airflow/example_dags/example_sensors.py
[2025-08-19T22:20:09.500+0000] {processor.py:830} INFO - Processing file /home/airflow/.local/lib/python3.8/site-packages/airflow/example_dags/example_sensors.py for tasks to queue
[2025-08-19T22:20:09.507+0000] {logging_mixin.py:188} INFO - [2025-08-19T22:20:09.506+0000] {dagbag.py:538} INFO - Filling up the DagBag from /home/airflow/.local/lib/python3.8/site-packages/airflow/example_dags/example_sensors.py
[2025-08-19T22:20:09.518+0000] {processor.py:840} INFO - DAG(s) 'example_sensors' retrieved from /home/airflow/.local/lib/python3.8/site-packages/airflow/example_dags/example_sensors.py
[2025-08-19T22:20:09.526+0000] {logging_mixin.py:188} INFO - [2025-08-19T22:20:09.525+0000] {dag.py:3036} INFO - Sync 1 DAGs
[2025-08-19T22:20:09.535+0000] {logging_mixin.py:188} INFO - [2025-08-19T22:20:09.535+0000] {dag.py:3823} INFO - Setting next_dagrun for example_sensors to None, run_after=None
[2025-08-19T22:20:09.553+0000] {processor.py:183} INFO - Processing /home/airflow/.local/lib/python3.8/site-packages/airflow/example_dags/example_sensors.py took 0.073 seconds
[2025-08-19T22:20:39.681+0000] {processor.py:161} INFO - Started process (PID=102) to work on /home/airflow/.local/lib/python3.8/site-packages/airflow/example_dags/example_sensors.py
[2025-08-19T22:20:39.682+0000] {processor.py:830} INFO - Processing file /home/airflow/.local/lib/python3.8/site-packages/airflow/example_dags/example_sensors.py for tasks to queue
[2025-08-19T22:20:39.683+0000] {logging_mixin.py:188} INFO - [2025-08-19T22:20:39.683+0000] {dagbag.py:538} INFO - Filling up the DagBag from /home/airflow/.local/lib/python3.8/site-packages/airflow/example_dags/example_sensors.py
[2025-08-19T22:20:39.686+0000] {processor.py:840} INFO - DAG(s) 'example_sensors' retrieved from /home/airflow/.local/lib/python3.8/site-packages/airflow/example_dags/example_sensors.py
[2025-08-19T22:20:39.727+0000] {logging_mixin.py:188} INFO - [2025-08-19T22:20:39.727+0000] {dag.py:3036} INFO - Sync 1 DAGs
[2025-08-19T22:20:39.731+0000] {logging_mixin.py:188} INFO - [2025-08-19T22:20:39.731+0000] {dag.py:3823} INFO - Setting next_dagrun for example_sensors to None, run_after=None
[2025-08-19T22:20:39.739+0000] {processor.py:183} INFO - Processing /home/airflow/.local/lib/python3.8/site-packages/airflow/example_dags/example_sensors.py took 0.059 seconds
[2025-08-19T22:21:09.784+0000] {processor.py:161} INFO - Started process (PID=158) to work on /home/airflow/.local/lib/python3.8/site-packages/airflow/example_dags/example_sensors.py
[2025-08-19T22:21:09.785+0000] {processor.py:830} INFO - Processing file /home/airflow/.local/lib/python3.8/site-packages/airflow/example_dags/example_sensors.py for tasks to queue
[2025-08-19T22:21:09.786+0000] {logging_mixin.py:188} INFO - [2025-08-19T22:21:09.786+0000] {dagbag.py:538} INFO - Filling up the DagBag from /home/airflow/.local/lib/python3.8/site-packages/airflow/example_dags/example_sensors.py
[2025-08-19T22:21:09.790+0000] {processor.py:840} INFO - DAG(s) 'example_sensors' retrieved from /home/airflow/.local/lib/python3.8/site-packages/airflow/example_dags/example_sensors.py
[2025-08-19T22:21:09.807+0000] {logging_mixin.py:188} INFO - [2025-08-19T22:21:09.807+0000] {dag.py:3036} INFO - Sync 1 DAGs
[2025-08-19T22:21:09.813+0000] {logging_mixin.py:188} INFO - [2025-08-19T22:21:09.813+0000] {dag.py:3823} INFO - Setting next_dagrun for example_sensors to None, run_after=None
[2025-08-19T22:21:09.825+0000] {processor.py:183} INFO - Processing /home/airflow/.local/lib/python3.8/site-packages/airflow/example_dags/example_sensors.py took 0.042 seconds
[2025-08-19T22:21:40.584+0000] {processor.py:161} INFO - Started process (PID=214) to work on /home/airflow/.local/lib/python3.8/site-packages/airflow/example_dags/example_sensors.py
[2025-08-19T22:21:40.584+0000] {processor.py:830} INFO - Processing file /home/airflow/.local/lib/python3.8/site-packages/airflow/example_dags/example_sensors.py for tasks to queue
[2025-08-19T22:21:40.585+0000] {logging_mixin.py:188} INFO - [2025-08-19T22:21:40.585+0000] {dagbag.py:538} INFO - Filling up the DagBag from /home/airflow/.local/lib/python3.8/site-packages/airflow/example_dags/example_sensors.py
[2025-08-19T22:21:40.591+0000] {processor.py:840} INFO - DAG(s) 'example_sensors' retrieved from /home/airflow/.local/lib/python3.8/site-packages/airflow/example_dags/example_sensors.py
[2025-08-19T22:21:40.607+0000] {logging_mixin.py:188} INFO - [2025-08-19T22:21:40.607+0000] {dag.py:3036} INFO - Sync 1 DAGs
[2025-08-19T22:21:40.613+0000] {logging_mixin.py:188} INFO - [2025-08-19T22:21:40.613+0000] {dag.py:3823} INFO - Setting next_dagrun for example_sensors to None, run_after=None
[2025-08-19T22:21:40.623+0000] {processor.py:183} INFO - Processing /home/airflow/.local/lib/python3.8/site-packages/airflow/example_dags/example_sensors.py took 0.041 seconds
[2025-08-19T22:22:11.204+0000] {processor.py:161} INFO - Started process (PID=270) to work on /home/airflow/.local/lib/python3.8/site-packages/airflow/example_dags/example_sensors.py
[2025-08-19T22:22:11.204+0000] {processor.py:830} INFO - Processing file /home/airflow/.local/lib/python3.8/site-packages/airflow/example_dags/example_sensors.py for tasks to queue
[2025-08-19T22:22:11.205+0000] {logging_mixin.py:188} INFO - [2025-08-19T22:22:11.205+0000] {dagbag.py:538} INFO - Filling up the DagBag from /home/airflow/.local/lib/python3.8/site-packages/airflow/example_dags/example_sensors.py
[2025-08-19T22:22:11.211+0000] {processor.py:840} INFO - DAG(s) 'example_sensors' retrieved from /home/airflow/.local/lib/python3.8/site-packages/airflow/example_dags/example_sensors.py
[2025-08-19T22:22:11.227+0000] {logging_mixin.py:188} INFO - [2025-08-19T22:22:11.227+0000] {dag.py:3036} INFO - Sync 1 DAGs
[2025-08-19T22:22:11.232+0000] {logging_mixin.py:188} INFO - [2025-08-19T22:22:11.232+0000] {dag.py:3823} INFO - Setting next_dagrun for example_sensors to None, run_after=None
[2025-08-19T22:22:11.244+0000] {processor.py:183} INFO - Processing /home/airflow/.local/lib/python3.8/site-packages/airflow/example_dags/example_sensors.py took 0.042 seconds
[2025-08-19T22:22:41.741+0000] {processor.py:161} INFO - Started process (PID=326) to work on /home/airflow/.local/lib/python3.8/site-packages/airflow/example_dags/example_sensors.py
[2025-08-19T22:22:41.744+0000] {processor.py:830} INFO - Processing file /home/airflow/.local/lib/python3.8/site-packages/airflow/example_dags/example_sensors.py for tasks to queue
[2025-08-19T22:22:41.745+0000] {logging_mixin.py:188} INFO - [2025-08-19T22:22:41.744+0000] {dagbag.py:538} INFO - Filling up the DagBag from /home/airflow/.local/lib/python3.8/site-packages/airflow/example_dags/example_sensors.py
[2025-08-19T22:22:41.751+0000] {processor.py:840} INFO - DAG(s) 'example_sensors' retrieved from /home/airflow/.local/lib/python3.8/site-packages/airflow/example_dags/example_sensors.py
[2025-08-19T22:22:41.762+0000] {logging_mixin.py:188} INFO - [2025-08-19T22:22:41.762+0000] {dag.py:3036} INFO - Sync 1 DAGs
[2025-08-19T22:22:41.769+0000] {logging_mixin.py:188} INFO - [2025-08-19T22:22:41.768+0000] {dag.py:3823} INFO - Setting next_dagrun for example_sensors to None, run_after=None
[2025-08-19T22:22:41.778+0000] {processor.py:183} INFO - Processing /home/airflow/.local/lib/python3.8/site-packages/airflow/example_dags/example_sensors.py took 0.039 seconds
[2025-08-19T22:23:12.467+0000] {processor.py:161} INFO - Started process (PID=386) to work on /home/airflow/.local/lib/python3.8/site-packages/airflow/example_dags/example_sensors.py
[2025-08-19T22:23:12.469+0000] {processor.py:830} INFO - Processing file /home/airflow/.local/lib/python3.8/site-packages/airflow/example_dags/example_sensors.py for tasks to queue
[2025-08-19T22:23:12.472+0000] {logging_mixin.py:188} INFO - [2025-08-19T22:23:12.471+0000] {dagbag.py:538} INFO - Filling up the DagBag from /home/airflow/.local/lib/python3.8/site-packages/airflow/example_dags/example_sensors.py
[2025-08-19T22:23:12.477+0000] {processor.py:840} INFO - DAG(s) 'example_sensors' retrieved from /home/airflow/.local/lib/python3.8/site-packages/airflow/example_dags/example_sensors.py
[2025-08-19T22:23:12.489+0000] {logging_mixin.py:188} INFO - [2025-08-19T22:23:12.489+0000] {dag.py:3036} INFO - Sync 1 DAGs
[2025-08-19T22:23:12.494+0000] {logging_mixin.py:188} INFO - [2025-08-19T22:23:12.494+0000] {dag.py:3823} INFO - Setting next_dagrun for example_sensors to None, run_after=None
[2025-08-19T22:23:12.501+0000] {processor.py:183} INFO - Processing /home/airflow/.local/lib/python3.8/site-packages/airflow/example_dags/example_sensors.py took 0.041 seconds
[2025-08-19T22:23:43.063+0000] {processor.py:161} INFO - Started process (PID=448) to work on /home/airflow/.local/lib/python3.8/site-packages/airflow/example_dags/example_sensors.py
[2025-08-19T22:23:43.063+0000] {processor.py:830} INFO - Processing file /home/airflow/.local/lib/python3.8/site-packages/airflow/example_dags/example_sensors.py for tasks to queue
[2025-08-19T22:23:43.064+0000] {logging_mixin.py:188} INFO - [2025-08-19T22:23:43.064+0000] {dagbag.py:538} INFO - Filling up the DagBag from /home/airflow/.local/lib/python3.8/site-packages/airflow/example_dags/example_sensors.py
[2025-08-19T22:23:43.069+0000] {processor.py:840} INFO - DAG(s) 'example_sensors' retrieved from /home/airflow/.local/lib/python3.8/site-packages/airflow/example_dags/example_sensors.py
[2025-08-19T22:23:43.083+0000] {logging_mixin.py:188} INFO - [2025-08-19T22:23:43.083+0000] {dag.py:3036} INFO - Sync 1 DAGs
[2025-08-19T22:23:43.089+0000] {logging_mixin.py:188} INFO - [2025-08-19T22:23:43.089+0000] {dag.py:3823} INFO - Setting next_dagrun for example_sensors to None, run_after=None
[2025-08-19T22:23:43.098+0000] {processor.py:183} INFO - Processing /home/airflow/.local/lib/python3.8/site-packages/airflow/example_dags/example_sensors.py took 0.040 seconds
[2025-08-19T22:24:13.499+0000] {processor.py:161} INFO - Started process (PID=504) to work on /home/airflow/.local/lib/python3.8/site-packages/airflow/example_dags/example_sensors.py
[2025-08-19T22:24:13.500+0000] {processor.py:830} INFO - Processing file /home/airflow/.local/lib/python3.8/site-packages/airflow/example_dags/example_sensors.py for tasks to queue
[2025-08-19T22:24:13.501+0000] {logging_mixin.py:188} INFO - [2025-08-19T22:24:13.501+0000] {dagbag.py:538} INFO - Filling up the DagBag from /home/airflow/.local/lib/python3.8/site-packages/airflow/example_dags/example_sensors.py
[2025-08-19T22:24:13.504+0000] {processor.py:840} INFO - DAG(s) 'example_sensors' retrieved from /home/airflow/.local/lib/python3.8/site-packages/airflow/example_dags/example_sensors.py
[2025-08-19T22:24:13.517+0000] {logging_mixin.py:188} INFO - [2025-08-19T22:24:13.517+0000] {dag.py:3036} INFO - Sync 1 DAGs
[2025-08-19T22:24:13.521+0000] {logging_mixin.py:188} INFO - [2025-08-19T22:24:13.521+0000] {dag.py:3823} INFO - Setting next_dagrun for example_sensors to None, run_after=None
[2025-08-19T22:24:13.530+0000] {processor.py:183} INFO - Processing /home/airflow/.local/lib/python3.8/site-packages/airflow/example_dags/example_sensors.py took 0.034 seconds
[2025-08-19T22:24:43.938+0000] {processor.py:161} INFO - Started process (PID=560) to work on /home/airflow/.local/lib/python3.8/site-packages/airflow/example_dags/example_sensors.py
[2025-08-19T22:24:43.939+0000] {processor.py:830} INFO - Processing file /home/airflow/.local/lib/python3.8/site-packages/airflow/example_dags/example_sensors.py for tasks to queue
[2025-08-19T22:24:43.941+0000] {logging_mixin.py:188} INFO - [2025-08-19T22:24:43.941+0000] {dagbag.py:538} INFO - Filling up the DagBag from /home/airflow/.local/lib/python3.8/site-packages/airflow/example_dags/example_sensors.py
[2025-08-19T22:24:43.944+0000] {processor.py:840} INFO - DAG(s) 'example_sensors' retrieved from /home/airflow/.local/lib/python3.8/site-packages/airflow/example_dags/example_sensors.py
[2025-08-19T22:24:43.955+0000] {logging_mixin.py:188} INFO - [2025-08-19T22:24:43.955+0000] {dag.py:3036} INFO - Sync 1 DAGs
[2025-08-19T22:24:43.959+0000] {logging_mixin.py:188} INFO - [2025-08-19T22:24:43.959+0000] {dag.py:3823} INFO - Setting next_dagrun for example_sensors to None, run_after=None
[2025-08-19T22:24:43.967+0000] {processor.py:183} INFO - Processing /home/airflow/.local/lib/python3.8/site-packages/airflow/example_dags/example_sensors.py took 0.030 seconds
[2025-08-19T22:25:14.401+0000] {processor.py:161} INFO - Started process (PID=616) to work on /home/airflow/.local/lib/python3.8/site-packages/airflow/example_dags/example_sensors.py
[2025-08-19T22:25:14.401+0000] {processor.py:830} INFO - Processing file /home/airflow/.local/lib/python3.8/site-packages/airflow/example_dags/example_sensors.py for tasks to queue
[2025-08-19T22:25:14.402+0000] {logging_mixin.py:188} INFO - [2025-08-19T22:25:14.402+0000] {dagbag.py:538} INFO - Filling up the DagBag from /home/airflow/.local/lib/python3.8/site-packages/airflow/example_dags/example_sensors.py
[2025-08-19T22:25:14.408+0000] {processor.py:840} INFO - DAG(s) 'example_sensors' retrieved from /home/airflow/.local/lib/python3.8/site-packages/airflow/example_dags/example_sensors.py
[2025-08-19T22:25:14.418+0000] {logging_mixin.py:188} INFO - [2025-08-19T22:25:14.418+0000] {dag.py:3036} INFO - Sync 1 DAGs
[2025-08-19T22:25:14.422+0000] {logging_mixin.py:188} INFO - [2025-08-19T22:25:14.422+0000] {dag.py:3823} INFO - Setting next_dagrun for example_sensors to None, run_after=None
[2025-08-19T22:25:14.431+0000] {processor.py:183} INFO - Processing /home/airflow/.local/lib/python3.8/site-packages/airflow/example_dags/example_sensors.py took 0.032 seconds
[2025-08-19T22:25:44.790+0000] {processor.py:161} INFO - Started process (PID=672) to work on /home/airflow/.local/lib/python3.8/site-packages/airflow/example_dags/example_sensors.py
[2025-08-19T22:25:44.791+0000] {processor.py:830} INFO - Processing file /home/airflow/.local/lib/python3.8/site-packages/airflow/example_dags/example_sensors.py for tasks to queue
[2025-08-19T22:25:44.792+0000] {logging_mixin.py:188} INFO - [2025-08-19T22:25:44.792+0000] {dagbag.py:538} INFO - Filling up the DagBag from /home/airflow/.local/lib/python3.8/site-packages/airflow/example_dags/example_sensors.py
[2025-08-19T22:25:44.797+0000] {processor.py:840} INFO - DAG(s) 'example_sensors' retrieved from /home/airflow/.local/lib/python3.8/site-packages/airflow/example_dags/example_sensors.py
[2025-08-19T22:25:44.807+0000] {logging_mixin.py:188} INFO - [2025-08-19T22:25:44.807+0000] {dag.py:3036} INFO - Sync 1 DAGs
[2025-08-19T22:25:44.811+0000] {logging_mixin.py:188} INFO - [2025-08-19T22:25:44.811+0000] {dag.py:3823} INFO - Setting next_dagrun for example_sensors to None, run_after=None
[2025-08-19T22:25:44.820+0000] {processor.py:183} INFO - Processing /home/airflow/.local/lib/python3.8/site-packages/airflow/example_dags/example_sensors.py took 0.032 seconds
[2025-08-19T22:26:15.247+0000] {processor.py:161} INFO - Started process (PID=728) to work on /home/airflow/.local/lib/python3.8/site-packages/airflow/example_dags/example_sensors.py
[2025-08-19T22:26:15.248+0000] {processor.py:830} INFO - Processing file /home/airflow/.local/lib/python3.8/site-packages/airflow/example_dags/example_sensors.py for tasks to queue
[2025-08-19T22:26:15.249+0000] {logging_mixin.py:188} INFO - [2025-08-19T22:26:15.249+0000] {dagbag.py:538} INFO - Filling up the DagBag from /home/airflow/.local/lib/python3.8/site-packages/airflow/example_dags/example_sensors.py
[2025-08-19T22:26:15.255+0000] {processor.py:840} INFO - DAG(s) 'example_sensors' retrieved from /home/airflow/.local/lib/python3.8/site-packages/airflow/example_dags/example_sensors.py
[2025-08-19T22:26:15.268+0000] {logging_mixin.py:188} INFO - [2025-08-19T22:26:15.268+0000] {dag.py:3036} INFO - Sync 1 DAGs
[2025-08-19T22:26:15.275+0000] {logging_mixin.py:188} INFO - [2025-08-19T22:26:15.275+0000] {dag.py:3823} INFO - Setting next_dagrun for example_sensors to None, run_after=None
[2025-08-19T22:26:15.282+0000] {processor.py:183} INFO - Processing /home/airflow/.local/lib/python3.8/site-packages/airflow/example_dags/example_sensors.py took 0.040 seconds
[2025-08-19T22:26:45.638+0000] {processor.py:161} INFO - Started process (PID=784) to work on /home/airflow/.local/lib/python3.8/site-packages/airflow/example_dags/example_sensors.py
[2025-08-19T22:26:45.639+0000] {processor.py:830} INFO - Processing file /home/airflow/.local/lib/python3.8/site-packages/airflow/example_dags/example_sensors.py for tasks to queue
[2025-08-19T22:26:45.641+0000] {logging_mixin.py:188} INFO - [2025-08-19T22:26:45.640+0000] {dagbag.py:538} INFO - Filling up the DagBag from /home/airflow/.local/lib/python3.8/site-packages/airflow/example_dags/example_sensors.py
[2025-08-19T22:26:45.644+0000] {processor.py:840} INFO - DAG(s) 'example_sensors' retrieved from /home/airflow/.local/lib/python3.8/site-packages/airflow/example_dags/example_sensors.py
[2025-08-19T22:26:45.654+0000] {logging_mixin.py:188} INFO - [2025-08-19T22:26:45.654+0000] {dag.py:3036} INFO - Sync 1 DAGs
[2025-08-19T22:26:45.659+0000] {logging_mixin.py:188} INFO - [2025-08-19T22:26:45.659+0000] {dag.py:3823} INFO - Setting next_dagrun for example_sensors to None, run_after=None
[2025-08-19T22:26:45.667+0000] {processor.py:183} INFO - Processing /home/airflow/.local/lib/python3.8/site-packages/airflow/example_dags/example_sensors.py took 0.031 seconds
[2025-08-19T22:27:16.100+0000] {processor.py:161} INFO - Started process (PID=840) to work on /home/airflow/.local/lib/python3.8/site-packages/airflow/example_dags/example_sensors.py
[2025-08-19T22:27:16.100+0000] {processor.py:830} INFO - Processing file /home/airflow/.local/lib/python3.8/site-packages/airflow/example_dags/example_sensors.py for tasks to queue
[2025-08-19T22:27:16.101+0000] {logging_mixin.py:188} INFO - [2025-08-19T22:27:16.101+0000] {dagbag.py:538} INFO - Filling up the DagBag from /home/airflow/.local/lib/python3.8/site-packages/airflow/example_dags/example_sensors.py
[2025-08-19T22:27:16.105+0000] {processor.py:840} INFO - DAG(s) 'example_sensors' retrieved from /home/airflow/.local/lib/python3.8/site-packages/airflow/example_dags/example_sensors.py
[2025-08-19T22:27:16.120+0000] {logging_mixin.py:188} INFO - [2025-08-19T22:27:16.120+0000] {dag.py:3036} INFO - Sync 1 DAGs
[2025-08-19T22:27:16.126+0000] {logging_mixin.py:188} INFO - [2025-08-19T22:27:16.126+0000] {dag.py:3823} INFO - Setting next_dagrun for example_sensors to None, run_after=None
[2025-08-19T22:27:16.134+0000] {processor.py:183} INFO - Processing /home/airflow/.local/lib/python3.8/site-packages/airflow/example_dags/example_sensors.py took 0.037 seconds
[2025-08-19T22:27:46.499+0000] {processor.py:161} INFO - Started process (PID=900) to work on /home/airflow/.local/lib/python3.8/site-packages/airflow/example_dags/example_sensors.py
[2025-08-19T22:27:46.500+0000] {processor.py:830} INFO - Processing file /home/airflow/.local/lib/python3.8/site-packages/airflow/example_dags/example_sensors.py for tasks to queue
[2025-08-19T22:27:46.502+0000] {logging_mixin.py:188} INFO - [2025-08-19T22:27:46.501+0000] {dagbag.py:538} INFO - Filling up the DagBag from /home/airflow/.local/lib/python3.8/site-packages/airflow/example_dags/example_sensors.py
[2025-08-19T22:27:46.508+0000] {processor.py:840} INFO - DAG(s) 'example_sensors' retrieved from /home/airflow/.local/lib/python3.8/site-packages/airflow/example_dags/example_sensors.py
[2025-08-19T22:27:46.534+0000] {logging_mixin.py:188} INFO - [2025-08-19T22:27:46.534+0000] {dag.py:3036} INFO - Sync 1 DAGs
[2025-08-19T22:27:46.542+0000] {logging_mixin.py:188} INFO - [2025-08-19T22:27:46.542+0000] {dag.py:3823} INFO - Setting next_dagrun for example_sensors to None, run_after=None
[2025-08-19T22:27:46.555+0000] {processor.py:183} INFO - Processing /home/airflow/.local/lib/python3.8/site-packages/airflow/example_dags/example_sensors.py took 0.059 seconds
[2025-08-19T22:28:17.282+0000] {processor.py:161} INFO - Started process (PID=956) to work on /home/airflow/.local/lib/python3.8/site-packages/airflow/example_dags/example_sensors.py
[2025-08-19T22:28:17.283+0000] {processor.py:830} INFO - Processing file /home/airflow/.local/lib/python3.8/site-packages/airflow/example_dags/example_sensors.py for tasks to queue
[2025-08-19T22:28:17.283+0000] {logging_mixin.py:188} INFO - [2025-08-19T22:28:17.283+0000] {dagbag.py:538} INFO - Filling up the DagBag from /home/airflow/.local/lib/python3.8/site-packages/airflow/example_dags/example_sensors.py
[2025-08-19T22:28:17.287+0000] {processor.py:840} INFO - DAG(s) 'example_sensors' retrieved from /home/airflow/.local/lib/python3.8/site-packages/airflow/example_dags/example_sensors.py
[2025-08-19T22:28:17.302+0000] {logging_mixin.py:188} INFO - [2025-08-19T22:28:17.302+0000] {dag.py:3036} INFO - Sync 1 DAGs
[2025-08-19T22:28:17.306+0000] {logging_mixin.py:188} INFO - [2025-08-19T22:28:17.306+0000] {dag.py:3823} INFO - Setting next_dagrun for example_sensors to None, run_after=None
[2025-08-19T22:28:17.315+0000] {processor.py:183} INFO - Processing /home/airflow/.local/lib/python3.8/site-packages/airflow/example_dags/example_sensors.py took 0.036 seconds
[2025-08-19T22:28:47.759+0000] {processor.py:161} INFO - Started process (PID=1012) to work on /home/airflow/.local/lib/python3.8/site-packages/airflow/example_dags/example_sensors.py
[2025-08-19T22:28:47.759+0000] {processor.py:830} INFO - Processing file /home/airflow/.local/lib/python3.8/site-packages/airflow/example_dags/example_sensors.py for tasks to queue
[2025-08-19T22:28:47.760+0000] {logging_mixin.py:188} INFO - [2025-08-19T22:28:47.760+0000] {dagbag.py:538} INFO - Filling up the DagBag from /home/airflow/.local/lib/python3.8/site-packages/airflow/example_dags/example_sensors.py
[2025-08-19T22:28:47.764+0000] {processor.py:840} INFO - DAG(s) 'example_sensors' retrieved from /home/airflow/.local/lib/python3.8/site-packages/airflow/example_dags/example_sensors.py
[2025-08-19T22:28:47.776+0000] {logging_mixin.py:188} INFO - [2025-08-19T22:28:47.776+0000] {dag.py:3036} INFO - Sync 1 DAGs
[2025-08-19T22:28:47.781+0000] {logging_mixin.py:188} INFO - [2025-08-19T22:28:47.781+0000] {dag.py:3823} INFO - Setting next_dagrun for example_sensors to None, run_after=None
[2025-08-19T22:28:47.790+0000] {processor.py:183} INFO - Processing /home/airflow/.local/lib/python3.8/site-packages/airflow/example_dags/example_sensors.py took 0.033 seconds
[2025-08-19T22:29:18.217+0000] {processor.py:161} INFO - Started process (PID=1068) to work on /home/airflow/.local/lib/python3.8/site-packages/airflow/example_dags/example_sensors.py
[2025-08-19T22:29:18.218+0000] {processor.py:830} INFO - Processing file /home/airflow/.local/lib/python3.8/site-packages/airflow/example_dags/example_sensors.py for tasks to queue
[2025-08-19T22:29:18.219+0000] {logging_mixin.py:188} INFO - [2025-08-19T22:29:18.219+0000] {dagbag.py:538} INFO - Filling up the DagBag from /home/airflow/.local/lib/python3.8/site-packages/airflow/example_dags/example_sensors.py
[2025-08-19T22:29:18.223+0000] {processor.py:840} INFO - DAG(s) 'example_sensors' retrieved from /home/airflow/.local/lib/python3.8/site-packages/airflow/example_dags/example_sensors.py
[2025-08-19T22:29:18.240+0000] {logging_mixin.py:188} INFO - [2025-08-19T22:29:18.240+0000] {dag.py:3036} INFO - Sync 1 DAGs
[2025-08-19T22:29:18.246+0000] {logging_mixin.py:188} INFO - [2025-08-19T22:29:18.246+0000] {dag.py:3823} INFO - Setting next_dagrun for example_sensors to None, run_after=None
[2025-08-19T22:29:18.257+0000] {processor.py:183} INFO - Processing /home/airflow/.local/lib/python3.8/site-packages/airflow/example_dags/example_sensors.py took 0.041 seconds
[2025-08-19T22:29:48.909+0000] {processor.py:161} INFO - Started process (PID=1124) to work on /home/airflow/.local/lib/python3.8/site-packages/airflow/example_dags/example_sensors.py
[2025-08-19T22:29:48.911+0000] {processor.py:830} INFO - Processing file /home/airflow/.local/lib/python3.8/site-packages/airflow/example_dags/example_sensors.py for tasks to queue
[2025-08-19T22:29:48.911+0000] {logging_mixin.py:188} INFO - [2025-08-19T22:29:48.911+0000] {dagbag.py:538} INFO - Filling up the DagBag from /home/airflow/.local/lib/python3.8/site-packages/airflow/example_dags/example_sensors.py
[2025-08-19T22:29:48.915+0000] {processor.py:840} INFO - DAG(s) 'example_sensors' retrieved from /home/airflow/.local/lib/python3.8/site-packages/airflow/example_dags/example_sensors.py
[2025-08-19T22:29:48.930+0000] {logging_mixin.py:188} INFO - [2025-08-19T22:29:48.929+0000] {dag.py:3036} INFO - Sync 1 DAGs
[2025-08-19T22:29:48.937+0000] {logging_mixin.py:188} INFO - [2025-08-19T22:29:48.937+0000] {dag.py:3823} INFO - Setting next_dagrun for example_sensors to None, run_after=None
[2025-08-19T22:29:48.948+0000] {processor.py:183} INFO - Processing /home/airflow/.local/lib/python3.8/site-packages/airflow/example_dags/example_sensors.py took 0.041 seconds
[2025-08-19T22:30:19.384+0000] {processor.py:161} INFO - Started process (PID=1180) to work on /home/airflow/.local/lib/python3.8/site-packages/airflow/example_dags/example_sensors.py
[2025-08-19T22:30:19.385+0000] {processor.py:830} INFO - Processing file /home/airflow/.local/lib/python3.8/site-packages/airflow/example_dags/example_sensors.py for tasks to queue
[2025-08-19T22:30:19.385+0000] {logging_mixin.py:188} INFO - [2025-08-19T22:30:19.385+0000] {dagbag.py:538} INFO - Filling up the DagBag from /home/airflow/.local/lib/python3.8/site-packages/airflow/example_dags/example_sensors.py
[2025-08-19T22:30:19.389+0000] {processor.py:840} INFO - DAG(s) 'example_sensors' retrieved from /home/airflow/.local/lib/python3.8/site-packages/airflow/example_dags/example_sensors.py
[2025-08-19T22:30:19.401+0000] {logging_mixin.py:188} INFO - [2025-08-19T22:30:19.401+0000] {dag.py:3036} INFO - Sync 1 DAGs
[2025-08-19T22:30:19.407+0000] {logging_mixin.py:188} INFO - [2025-08-19T22:30:19.407+0000] {dag.py:3823} INFO - Setting next_dagrun for example_sensors to None, run_after=None
[2025-08-19T22:30:19.418+0000] {processor.py:183} INFO - Processing /home/airflow/.local/lib/python3.8/site-packages/airflow/example_dags/example_sensors.py took 0.035 seconds
