[2025-08-19T21:50:07.941+0000] {processor.py:161} INFO - Started process (PID=74) to work on /home/airflow/.local/lib/python3.8/site-packages/airflow/example_dags/example_branch_day_of_week_operator.py
[2025-08-19T21:50:07.947+0000] {processor.py:830} INFO - Processing file /home/airflow/.local/lib/python3.8/site-packages/airflow/example_dags/example_branch_day_of_week_operator.py for tasks to queue
[2025-08-19T21:50:07.948+0000] {logging_mixin.py:188} INFO - [2025-08-19T21:50:07.948+0000] {dagbag.py:538} INFO - Filling up the DagBag from /home/airflow/.local/lib/python3.8/site-packages/airflow/example_dags/example_branch_day_of_week_operator.py
[2025-08-19T21:50:07.952+0000] {processor.py:840} INFO - DAG(s) 'example_weekday_branch_operator' retrieved from /home/airflow/.local/lib/python3.8/site-packages/airflow/example_dags/example_branch_day_of_week_operator.py
[2025-08-19T21:50:07.966+0000] {logging_mixin.py:188} INFO - [2025-08-19T21:50:07.966+0000] {dag.py:3036} INFO - Sync 1 DAGs
[2025-08-19T21:50:07.981+0000] {logging_mixin.py:188} INFO - [2025-08-19T21:50:07.981+0000] {dag.py:3823} INFO - Setting next_dagrun for example_weekday_branch_operator to 2025-08-18 00:00:00+00:00, run_after=2025-08-19 00:00:00+00:00
[2025-08-19T21:50:07.998+0000] {processor.py:183} INFO - Processing /home/airflow/.local/lib/python3.8/site-packages/airflow/example_dags/example_branch_day_of_week_operator.py took 0.065 seconds
[2025-08-19T21:50:38.594+0000] {processor.py:161} INFO - Started process (PID=130) to work on /home/airflow/.local/lib/python3.8/site-packages/airflow/example_dags/example_branch_day_of_week_operator.py
[2025-08-19T21:50:38.595+0000] {processor.py:830} INFO - Processing file /home/airflow/.local/lib/python3.8/site-packages/airflow/example_dags/example_branch_day_of_week_operator.py for tasks to queue
[2025-08-19T21:50:38.596+0000] {logging_mixin.py:188} INFO - [2025-08-19T21:50:38.596+0000] {dagbag.py:538} INFO - Filling up the DagBag from /home/airflow/.local/lib/python3.8/site-packages/airflow/example_dags/example_branch_day_of_week_operator.py
[2025-08-19T21:50:38.599+0000] {processor.py:840} INFO - DAG(s) 'example_weekday_branch_operator' retrieved from /home/airflow/.local/lib/python3.8/site-packages/airflow/example_dags/example_branch_day_of_week_operator.py
[2025-08-19T21:50:38.636+0000] {logging_mixin.py:188} INFO - [2025-08-19T21:50:38.636+0000] {dag.py:3036} INFO - Sync 1 DAGs
[2025-08-19T21:50:38.644+0000] {logging_mixin.py:188} INFO - [2025-08-19T21:50:38.644+0000] {dag.py:3823} INFO - Setting next_dagrun for example_weekday_branch_operator to 2025-08-18 00:00:00+00:00, run_after=2025-08-19 00:00:00+00:00
[2025-08-19T21:50:38.653+0000] {processor.py:183} INFO - Processing /home/airflow/.local/lib/python3.8/site-packages/airflow/example_dags/example_branch_day_of_week_operator.py took 0.060 seconds
[2025-08-19T21:51:09.266+0000] {processor.py:161} INFO - Started process (PID=185) to work on /home/airflow/.local/lib/python3.8/site-packages/airflow/example_dags/example_branch_day_of_week_operator.py
[2025-08-19T21:51:09.266+0000] {processor.py:830} INFO - Processing file /home/airflow/.local/lib/python3.8/site-packages/airflow/example_dags/example_branch_day_of_week_operator.py for tasks to queue
[2025-08-19T21:51:09.267+0000] {logging_mixin.py:188} INFO - [2025-08-19T21:51:09.267+0000] {dagbag.py:538} INFO - Filling up the DagBag from /home/airflow/.local/lib/python3.8/site-packages/airflow/example_dags/example_branch_day_of_week_operator.py
[2025-08-19T21:51:09.270+0000] {processor.py:840} INFO - DAG(s) 'example_weekday_branch_operator' retrieved from /home/airflow/.local/lib/python3.8/site-packages/airflow/example_dags/example_branch_day_of_week_operator.py
[2025-08-19T21:51:09.277+0000] {logging_mixin.py:188} INFO - [2025-08-19T21:51:09.277+0000] {dag.py:3036} INFO - Sync 1 DAGs
[2025-08-19T21:51:09.284+0000] {logging_mixin.py:188} INFO - [2025-08-19T21:51:09.284+0000] {dag.py:3823} INFO - Setting next_dagrun for example_weekday_branch_operator to 2025-08-18 00:00:00+00:00, run_after=2025-08-19 00:00:00+00:00
[2025-08-19T21:51:09.290+0000] {processor.py:183} INFO - Processing /home/airflow/.local/lib/python3.8/site-packages/airflow/example_dags/example_branch_day_of_week_operator.py took 0.025 seconds
[2025-08-19T21:51:39.769+0000] {processor.py:161} INFO - Started process (PID=241) to work on /home/airflow/.local/lib/python3.8/site-packages/airflow/example_dags/example_branch_day_of_week_operator.py
[2025-08-19T21:51:39.770+0000] {processor.py:830} INFO - Processing file /home/airflow/.local/lib/python3.8/site-packages/airflow/example_dags/example_branch_day_of_week_operator.py for tasks to queue
[2025-08-19T21:51:39.770+0000] {logging_mixin.py:188} INFO - [2025-08-19T21:51:39.770+0000] {dagbag.py:538} INFO - Filling up the DagBag from /home/airflow/.local/lib/python3.8/site-packages/airflow/example_dags/example_branch_day_of_week_operator.py
[2025-08-19T21:51:39.773+0000] {processor.py:840} INFO - DAG(s) 'example_weekday_branch_operator' retrieved from /home/airflow/.local/lib/python3.8/site-packages/airflow/example_dags/example_branch_day_of_week_operator.py
[2025-08-19T21:51:39.780+0000] {logging_mixin.py:188} INFO - [2025-08-19T21:51:39.780+0000] {dag.py:3036} INFO - Sync 1 DAGs
[2025-08-19T21:51:39.787+0000] {logging_mixin.py:188} INFO - [2025-08-19T21:51:39.787+0000] {dag.py:3823} INFO - Setting next_dagrun for example_weekday_branch_operator to 2025-08-18 00:00:00+00:00, run_after=2025-08-19 00:00:00+00:00
[2025-08-19T21:51:39.792+0000] {processor.py:183} INFO - Processing /home/airflow/.local/lib/python3.8/site-packages/airflow/example_dags/example_branch_day_of_week_operator.py took 0.024 seconds
[2025-08-19T21:52:10.564+0000] {processor.py:161} INFO - Started process (PID=303) to work on /home/airflow/.local/lib/python3.8/site-packages/airflow/example_dags/example_branch_day_of_week_operator.py
[2025-08-19T21:52:10.565+0000] {processor.py:830} INFO - Processing file /home/airflow/.local/lib/python3.8/site-packages/airflow/example_dags/example_branch_day_of_week_operator.py for tasks to queue
[2025-08-19T21:52:10.565+0000] {logging_mixin.py:188} INFO - [2025-08-19T21:52:10.565+0000] {dagbag.py:538} INFO - Filling up the DagBag from /home/airflow/.local/lib/python3.8/site-packages/airflow/example_dags/example_branch_day_of_week_operator.py
[2025-08-19T21:52:10.569+0000] {processor.py:840} INFO - DAG(s) 'example_weekday_branch_operator' retrieved from /home/airflow/.local/lib/python3.8/site-packages/airflow/example_dags/example_branch_day_of_week_operator.py
[2025-08-19T21:52:10.578+0000] {logging_mixin.py:188} INFO - [2025-08-19T21:52:10.577+0000] {dag.py:3036} INFO - Sync 1 DAGs
[2025-08-19T21:52:10.587+0000] {logging_mixin.py:188} INFO - [2025-08-19T21:52:10.587+0000] {dag.py:3823} INFO - Setting next_dagrun for example_weekday_branch_operator to 2025-08-18 00:00:00+00:00, run_after=2025-08-19 00:00:00+00:00
[2025-08-19T21:52:10.593+0000] {processor.py:183} INFO - Processing /home/airflow/.local/lib/python3.8/site-packages/airflow/example_dags/example_branch_day_of_week_operator.py took 0.031 seconds
[2025-08-19T21:52:41.269+0000] {processor.py:161} INFO - Started process (PID=359) to work on /home/airflow/.local/lib/python3.8/site-packages/airflow/example_dags/example_branch_day_of_week_operator.py
[2025-08-19T21:52:41.270+0000] {processor.py:830} INFO - Processing file /home/airflow/.local/lib/python3.8/site-packages/airflow/example_dags/example_branch_day_of_week_operator.py for tasks to queue
[2025-08-19T21:52:41.271+0000] {logging_mixin.py:188} INFO - [2025-08-19T21:52:41.271+0000] {dagbag.py:538} INFO - Filling up the DagBag from /home/airflow/.local/lib/python3.8/site-packages/airflow/example_dags/example_branch_day_of_week_operator.py
[2025-08-19T21:52:41.275+0000] {processor.py:840} INFO - DAG(s) 'example_weekday_branch_operator' retrieved from /home/airflow/.local/lib/python3.8/site-packages/airflow/example_dags/example_branch_day_of_week_operator.py
[2025-08-19T21:52:41.285+0000] {logging_mixin.py:188} INFO - [2025-08-19T21:52:41.285+0000] {dag.py:3036} INFO - Sync 1 DAGs
[2025-08-19T21:52:41.295+0000] {logging_mixin.py:188} INFO - [2025-08-19T21:52:41.295+0000] {dag.py:3823} INFO - Setting next_dagrun for example_weekday_branch_operator to 2025-08-18 00:00:00+00:00, run_after=2025-08-19 00:00:00+00:00
[2025-08-19T21:52:41.303+0000] {processor.py:183} INFO - Processing /home/airflow/.local/lib/python3.8/site-packages/airflow/example_dags/example_branch_day_of_week_operator.py took 0.036 seconds
[2025-08-19T21:53:11.911+0000] {processor.py:161} INFO - Started process (PID=415) to work on /home/airflow/.local/lib/python3.8/site-packages/airflow/example_dags/example_branch_day_of_week_operator.py
[2025-08-19T21:53:11.912+0000] {processor.py:830} INFO - Processing file /home/airflow/.local/lib/python3.8/site-packages/airflow/example_dags/example_branch_day_of_week_operator.py for tasks to queue
[2025-08-19T21:53:11.913+0000] {logging_mixin.py:188} INFO - [2025-08-19T21:53:11.913+0000] {dagbag.py:538} INFO - Filling up the DagBag from /home/airflow/.local/lib/python3.8/site-packages/airflow/example_dags/example_branch_day_of_week_operator.py
[2025-08-19T21:53:11.916+0000] {processor.py:840} INFO - DAG(s) 'example_weekday_branch_operator' retrieved from /home/airflow/.local/lib/python3.8/site-packages/airflow/example_dags/example_branch_day_of_week_operator.py
[2025-08-19T21:53:11.927+0000] {logging_mixin.py:188} INFO - [2025-08-19T21:53:11.927+0000] {dag.py:3036} INFO - Sync 1 DAGs
[2025-08-19T21:53:11.936+0000] {logging_mixin.py:188} INFO - [2025-08-19T21:53:11.936+0000] {dag.py:3823} INFO - Setting next_dagrun for example_weekday_branch_operator to 2025-08-18 00:00:00+00:00, run_after=2025-08-19 00:00:00+00:00
[2025-08-19T21:53:11.949+0000] {processor.py:183} INFO - Processing /home/airflow/.local/lib/python3.8/site-packages/airflow/example_dags/example_branch_day_of_week_operator.py took 0.040 seconds
[2025-08-19T21:53:42.534+0000] {processor.py:161} INFO - Started process (PID=471) to work on /home/airflow/.local/lib/python3.8/site-packages/airflow/example_dags/example_branch_day_of_week_operator.py
[2025-08-19T21:53:42.534+0000] {processor.py:830} INFO - Processing file /home/airflow/.local/lib/python3.8/site-packages/airflow/example_dags/example_branch_day_of_week_operator.py for tasks to queue
[2025-08-19T21:53:42.535+0000] {logging_mixin.py:188} INFO - [2025-08-19T21:53:42.535+0000] {dagbag.py:538} INFO - Filling up the DagBag from /home/airflow/.local/lib/python3.8/site-packages/airflow/example_dags/example_branch_day_of_week_operator.py
[2025-08-19T21:53:42.539+0000] {processor.py:840} INFO - DAG(s) 'example_weekday_branch_operator' retrieved from /home/airflow/.local/lib/python3.8/site-packages/airflow/example_dags/example_branch_day_of_week_operator.py
[2025-08-19T21:53:42.552+0000] {logging_mixin.py:188} INFO - [2025-08-19T21:53:42.552+0000] {dag.py:3036} INFO - Sync 1 DAGs
[2025-08-19T21:53:42.564+0000] {logging_mixin.py:188} INFO - [2025-08-19T21:53:42.564+0000] {dag.py:3823} INFO - Setting next_dagrun for example_weekday_branch_operator to 2025-08-18 00:00:00+00:00, run_after=2025-08-19 00:00:00+00:00
[2025-08-19T21:53:42.580+0000] {processor.py:183} INFO - Processing /home/airflow/.local/lib/python3.8/site-packages/airflow/example_dags/example_branch_day_of_week_operator.py took 0.048 seconds
[2025-08-19T21:54:13.156+0000] {processor.py:161} INFO - Started process (PID=527) to work on /home/airflow/.local/lib/python3.8/site-packages/airflow/example_dags/example_branch_day_of_week_operator.py
[2025-08-19T21:54:13.156+0000] {processor.py:830} INFO - Processing file /home/airflow/.local/lib/python3.8/site-packages/airflow/example_dags/example_branch_day_of_week_operator.py for tasks to queue
[2025-08-19T21:54:13.157+0000] {logging_mixin.py:188} INFO - [2025-08-19T21:54:13.157+0000] {dagbag.py:538} INFO - Filling up the DagBag from /home/airflow/.local/lib/python3.8/site-packages/airflow/example_dags/example_branch_day_of_week_operator.py
[2025-08-19T21:54:13.160+0000] {processor.py:840} INFO - DAG(s) 'example_weekday_branch_operator' retrieved from /home/airflow/.local/lib/python3.8/site-packages/airflow/example_dags/example_branch_day_of_week_operator.py
[2025-08-19T21:54:13.168+0000] {logging_mixin.py:188} INFO - [2025-08-19T21:54:13.168+0000] {dag.py:3036} INFO - Sync 1 DAGs
[2025-08-19T21:54:13.178+0000] {logging_mixin.py:188} INFO - [2025-08-19T21:54:13.178+0000] {dag.py:3823} INFO - Setting next_dagrun for example_weekday_branch_operator to 2025-08-18 00:00:00+00:00, run_after=2025-08-19 00:00:00+00:00
[2025-08-19T21:54:13.185+0000] {processor.py:183} INFO - Processing /home/airflow/.local/lib/python3.8/site-packages/airflow/example_dags/example_branch_day_of_week_operator.py took 0.031 seconds
[2025-08-19T21:54:43.733+0000] {processor.py:161} INFO - Started process (PID=583) to work on /home/airflow/.local/lib/python3.8/site-packages/airflow/example_dags/example_branch_day_of_week_operator.py
[2025-08-19T21:54:43.734+0000] {processor.py:830} INFO - Processing file /home/airflow/.local/lib/python3.8/site-packages/airflow/example_dags/example_branch_day_of_week_operator.py for tasks to queue
[2025-08-19T21:54:43.735+0000] {logging_mixin.py:188} INFO - [2025-08-19T21:54:43.734+0000] {dagbag.py:538} INFO - Filling up the DagBag from /home/airflow/.local/lib/python3.8/site-packages/airflow/example_dags/example_branch_day_of_week_operator.py
[2025-08-19T21:54:43.738+0000] {processor.py:840} INFO - DAG(s) 'example_weekday_branch_operator' retrieved from /home/airflow/.local/lib/python3.8/site-packages/airflow/example_dags/example_branch_day_of_week_operator.py
[2025-08-19T21:54:43.746+0000] {logging_mixin.py:188} INFO - [2025-08-19T21:54:43.746+0000] {dag.py:3036} INFO - Sync 1 DAGs
[2025-08-19T21:54:43.755+0000] {logging_mixin.py:188} INFO - [2025-08-19T21:54:43.755+0000] {dag.py:3823} INFO - Setting next_dagrun for example_weekday_branch_operator to 2025-08-18 00:00:00+00:00, run_after=2025-08-19 00:00:00+00:00
[2025-08-19T21:54:43.762+0000] {processor.py:183} INFO - Processing /home/airflow/.local/lib/python3.8/site-packages/airflow/example_dags/example_branch_day_of_week_operator.py took 0.031 seconds
[2025-08-19T21:55:14.286+0000] {processor.py:161} INFO - Started process (PID=639) to work on /home/airflow/.local/lib/python3.8/site-packages/airflow/example_dags/example_branch_day_of_week_operator.py
[2025-08-19T21:55:14.286+0000] {processor.py:830} INFO - Processing file /home/airflow/.local/lib/python3.8/site-packages/airflow/example_dags/example_branch_day_of_week_operator.py for tasks to queue
[2025-08-19T21:55:14.287+0000] {logging_mixin.py:188} INFO - [2025-08-19T21:55:14.287+0000] {dagbag.py:538} INFO - Filling up the DagBag from /home/airflow/.local/lib/python3.8/site-packages/airflow/example_dags/example_branch_day_of_week_operator.py
[2025-08-19T21:55:14.291+0000] {processor.py:840} INFO - DAG(s) 'example_weekday_branch_operator' retrieved from /home/airflow/.local/lib/python3.8/site-packages/airflow/example_dags/example_branch_day_of_week_operator.py
[2025-08-19T21:55:14.302+0000] {logging_mixin.py:188} INFO - [2025-08-19T21:55:14.302+0000] {dag.py:3036} INFO - Sync 1 DAGs
[2025-08-19T21:55:14.310+0000] {logging_mixin.py:188} INFO - [2025-08-19T21:55:14.310+0000] {dag.py:3823} INFO - Setting next_dagrun for example_weekday_branch_operator to 2025-08-18 00:00:00+00:00, run_after=2025-08-19 00:00:00+00:00
[2025-08-19T21:55:14.319+0000] {processor.py:183} INFO - Processing /home/airflow/.local/lib/python3.8/site-packages/airflow/example_dags/example_branch_day_of_week_operator.py took 0.035 seconds
[2025-08-19T21:55:44.929+0000] {processor.py:161} INFO - Started process (PID=695) to work on /home/airflow/.local/lib/python3.8/site-packages/airflow/example_dags/example_branch_day_of_week_operator.py
[2025-08-19T21:55:44.929+0000] {processor.py:830} INFO - Processing file /home/airflow/.local/lib/python3.8/site-packages/airflow/example_dags/example_branch_day_of_week_operator.py for tasks to queue
[2025-08-19T21:55:44.930+0000] {logging_mixin.py:188} INFO - [2025-08-19T21:55:44.930+0000] {dagbag.py:538} INFO - Filling up the DagBag from /home/airflow/.local/lib/python3.8/site-packages/airflow/example_dags/example_branch_day_of_week_operator.py
[2025-08-19T21:55:44.933+0000] {processor.py:840} INFO - DAG(s) 'example_weekday_branch_operator' retrieved from /home/airflow/.local/lib/python3.8/site-packages/airflow/example_dags/example_branch_day_of_week_operator.py
[2025-08-19T21:55:44.941+0000] {logging_mixin.py:188} INFO - [2025-08-19T21:55:44.941+0000] {dag.py:3036} INFO - Sync 1 DAGs
[2025-08-19T21:55:44.948+0000] {logging_mixin.py:188} INFO - [2025-08-19T21:55:44.948+0000] {dag.py:3823} INFO - Setting next_dagrun for example_weekday_branch_operator to 2025-08-18 00:00:00+00:00, run_after=2025-08-19 00:00:00+00:00
[2025-08-19T21:55:44.953+0000] {processor.py:183} INFO - Processing /home/airflow/.local/lib/python3.8/site-packages/airflow/example_dags/example_branch_day_of_week_operator.py took 0.026 seconds
[2025-08-19T21:56:15.544+0000] {processor.py:161} INFO - Started process (PID=751) to work on /home/airflow/.local/lib/python3.8/site-packages/airflow/example_dags/example_branch_day_of_week_operator.py
[2025-08-19T21:56:15.545+0000] {processor.py:830} INFO - Processing file /home/airflow/.local/lib/python3.8/site-packages/airflow/example_dags/example_branch_day_of_week_operator.py for tasks to queue
[2025-08-19T21:56:15.546+0000] {logging_mixin.py:188} INFO - [2025-08-19T21:56:15.546+0000] {dagbag.py:538} INFO - Filling up the DagBag from /home/airflow/.local/lib/python3.8/site-packages/airflow/example_dags/example_branch_day_of_week_operator.py
[2025-08-19T21:56:15.549+0000] {processor.py:840} INFO - DAG(s) 'example_weekday_branch_operator' retrieved from /home/airflow/.local/lib/python3.8/site-packages/airflow/example_dags/example_branch_day_of_week_operator.py
[2025-08-19T21:56:15.558+0000] {logging_mixin.py:188} INFO - [2025-08-19T21:56:15.558+0000] {dag.py:3036} INFO - Sync 1 DAGs
[2025-08-19T21:56:15.567+0000] {logging_mixin.py:188} INFO - [2025-08-19T21:56:15.567+0000] {dag.py:3823} INFO - Setting next_dagrun for example_weekday_branch_operator to 2025-08-18 00:00:00+00:00, run_after=2025-08-19 00:00:00+00:00
[2025-08-19T21:56:15.576+0000] {processor.py:183} INFO - Processing /home/airflow/.local/lib/python3.8/site-packages/airflow/example_dags/example_branch_day_of_week_operator.py took 0.033 seconds
[2025-08-19T21:56:46.183+0000] {processor.py:161} INFO - Started process (PID=807) to work on /home/airflow/.local/lib/python3.8/site-packages/airflow/example_dags/example_branch_day_of_week_operator.py
[2025-08-19T21:56:46.183+0000] {processor.py:830} INFO - Processing file /home/airflow/.local/lib/python3.8/site-packages/airflow/example_dags/example_branch_day_of_week_operator.py for tasks to queue
[2025-08-19T21:56:46.184+0000] {logging_mixin.py:188} INFO - [2025-08-19T21:56:46.184+0000] {dagbag.py:538} INFO - Filling up the DagBag from /home/airflow/.local/lib/python3.8/site-packages/airflow/example_dags/example_branch_day_of_week_operator.py
[2025-08-19T21:56:46.187+0000] {processor.py:840} INFO - DAG(s) 'example_weekday_branch_operator' retrieved from /home/airflow/.local/lib/python3.8/site-packages/airflow/example_dags/example_branch_day_of_week_operator.py
[2025-08-19T21:56:46.194+0000] {logging_mixin.py:188} INFO - [2025-08-19T21:56:46.194+0000] {dag.py:3036} INFO - Sync 1 DAGs
[2025-08-19T21:56:46.203+0000] {logging_mixin.py:188} INFO - [2025-08-19T21:56:46.202+0000] {dag.py:3823} INFO - Setting next_dagrun for example_weekday_branch_operator to 2025-08-18 00:00:00+00:00, run_after=2025-08-19 00:00:00+00:00
[2025-08-19T21:56:46.208+0000] {processor.py:183} INFO - Processing /home/airflow/.local/lib/python3.8/site-packages/airflow/example_dags/example_branch_day_of_week_operator.py took 0.026 seconds
[2025-08-19T21:57:16.823+0000] {processor.py:161} INFO - Started process (PID=863) to work on /home/airflow/.local/lib/python3.8/site-packages/airflow/example_dags/example_branch_day_of_week_operator.py
[2025-08-19T21:57:16.823+0000] {processor.py:830} INFO - Processing file /home/airflow/.local/lib/python3.8/site-packages/airflow/example_dags/example_branch_day_of_week_operator.py for tasks to queue
[2025-08-19T21:57:16.824+0000] {logging_mixin.py:188} INFO - [2025-08-19T21:57:16.824+0000] {dagbag.py:538} INFO - Filling up the DagBag from /home/airflow/.local/lib/python3.8/site-packages/airflow/example_dags/example_branch_day_of_week_operator.py
[2025-08-19T21:57:16.828+0000] {processor.py:840} INFO - DAG(s) 'example_weekday_branch_operator' retrieved from /home/airflow/.local/lib/python3.8/site-packages/airflow/example_dags/example_branch_day_of_week_operator.py
[2025-08-19T21:57:16.837+0000] {logging_mixin.py:188} INFO - [2025-08-19T21:57:16.837+0000] {dag.py:3036} INFO - Sync 1 DAGs
[2025-08-19T21:57:16.849+0000] {logging_mixin.py:188} INFO - [2025-08-19T21:57:16.849+0000] {dag.py:3823} INFO - Setting next_dagrun for example_weekday_branch_operator to 2025-08-18 00:00:00+00:00, run_after=2025-08-19 00:00:00+00:00
[2025-08-19T21:57:16.856+0000] {processor.py:183} INFO - Processing /home/airflow/.local/lib/python3.8/site-packages/airflow/example_dags/example_branch_day_of_week_operator.py took 0.035 seconds
[2025-08-19T21:57:47.405+0000] {processor.py:161} INFO - Started process (PID=919) to work on /home/airflow/.local/lib/python3.8/site-packages/airflow/example_dags/example_branch_day_of_week_operator.py
[2025-08-19T21:57:47.408+0000] {processor.py:830} INFO - Processing file /home/airflow/.local/lib/python3.8/site-packages/airflow/example_dags/example_branch_day_of_week_operator.py for tasks to queue
[2025-08-19T21:57:47.409+0000] {logging_mixin.py:188} INFO - [2025-08-19T21:57:47.409+0000] {dagbag.py:538} INFO - Filling up the DagBag from /home/airflow/.local/lib/python3.8/site-packages/airflow/example_dags/example_branch_day_of_week_operator.py
[2025-08-19T21:57:47.413+0000] {processor.py:840} INFO - DAG(s) 'example_weekday_branch_operator' retrieved from /home/airflow/.local/lib/python3.8/site-packages/airflow/example_dags/example_branch_day_of_week_operator.py
[2025-08-19T21:57:47.421+0000] {logging_mixin.py:188} INFO - [2025-08-19T21:57:47.421+0000] {dag.py:3036} INFO - Sync 1 DAGs
[2025-08-19T21:57:47.430+0000] {logging_mixin.py:188} INFO - [2025-08-19T21:57:47.430+0000] {dag.py:3823} INFO - Setting next_dagrun for example_weekday_branch_operator to 2025-08-18 00:00:00+00:00, run_after=2025-08-19 00:00:00+00:00
[2025-08-19T21:57:47.436+0000] {processor.py:183} INFO - Processing /home/airflow/.local/lib/python3.8/site-packages/airflow/example_dags/example_branch_day_of_week_operator.py took 0.032 seconds
[2025-08-19T21:58:17.960+0000] {processor.py:161} INFO - Started process (PID=975) to work on /home/airflow/.local/lib/python3.8/site-packages/airflow/example_dags/example_branch_day_of_week_operator.py
[2025-08-19T21:58:17.961+0000] {processor.py:830} INFO - Processing file /home/airflow/.local/lib/python3.8/site-packages/airflow/example_dags/example_branch_day_of_week_operator.py for tasks to queue
[2025-08-19T21:58:17.963+0000] {logging_mixin.py:188} INFO - [2025-08-19T21:58:17.963+0000] {dagbag.py:538} INFO - Filling up the DagBag from /home/airflow/.local/lib/python3.8/site-packages/airflow/example_dags/example_branch_day_of_week_operator.py
[2025-08-19T21:58:17.966+0000] {processor.py:840} INFO - DAG(s) 'example_weekday_branch_operator' retrieved from /home/airflow/.local/lib/python3.8/site-packages/airflow/example_dags/example_branch_day_of_week_operator.py
[2025-08-19T21:58:17.975+0000] {logging_mixin.py:188} INFO - [2025-08-19T21:58:17.975+0000] {dag.py:3036} INFO - Sync 1 DAGs
[2025-08-19T21:58:17.985+0000] {logging_mixin.py:188} INFO - [2025-08-19T21:58:17.985+0000] {dag.py:3823} INFO - Setting next_dagrun for example_weekday_branch_operator to 2025-08-18 00:00:00+00:00, run_after=2025-08-19 00:00:00+00:00
[2025-08-19T21:58:17.994+0000] {processor.py:183} INFO - Processing /home/airflow/.local/lib/python3.8/site-packages/airflow/example_dags/example_branch_day_of_week_operator.py took 0.035 seconds
[2025-08-19T21:58:48.542+0000] {processor.py:161} INFO - Started process (PID=1031) to work on /home/airflow/.local/lib/python3.8/site-packages/airflow/example_dags/example_branch_day_of_week_operator.py
[2025-08-19T21:58:48.542+0000] {processor.py:830} INFO - Processing file /home/airflow/.local/lib/python3.8/site-packages/airflow/example_dags/example_branch_day_of_week_operator.py for tasks to queue
[2025-08-19T21:58:48.543+0000] {logging_mixin.py:188} INFO - [2025-08-19T21:58:48.543+0000] {dagbag.py:538} INFO - Filling up the DagBag from /home/airflow/.local/lib/python3.8/site-packages/airflow/example_dags/example_branch_day_of_week_operator.py
[2025-08-19T21:58:48.546+0000] {processor.py:840} INFO - DAG(s) 'example_weekday_branch_operator' retrieved from /home/airflow/.local/lib/python3.8/site-packages/airflow/example_dags/example_branch_day_of_week_operator.py
[2025-08-19T21:58:48.556+0000] {logging_mixin.py:188} INFO - [2025-08-19T21:58:48.556+0000] {dag.py:3036} INFO - Sync 1 DAGs
[2025-08-19T21:58:48.563+0000] {logging_mixin.py:188} INFO - [2025-08-19T21:58:48.563+0000] {dag.py:3823} INFO - Setting next_dagrun for example_weekday_branch_operator to 2025-08-18 00:00:00+00:00, run_after=2025-08-19 00:00:00+00:00
[2025-08-19T21:58:48.568+0000] {processor.py:183} INFO - Processing /home/airflow/.local/lib/python3.8/site-packages/airflow/example_dags/example_branch_day_of_week_operator.py took 0.028 seconds
[2025-08-19T21:59:19.044+0000] {processor.py:161} INFO - Started process (PID=1087) to work on /home/airflow/.local/lib/python3.8/site-packages/airflow/example_dags/example_branch_day_of_week_operator.py
[2025-08-19T21:59:19.046+0000] {processor.py:830} INFO - Processing file /home/airflow/.local/lib/python3.8/site-packages/airflow/example_dags/example_branch_day_of_week_operator.py for tasks to queue
[2025-08-19T21:59:19.048+0000] {logging_mixin.py:188} INFO - [2025-08-19T21:59:19.047+0000] {dagbag.py:538} INFO - Filling up the DagBag from /home/airflow/.local/lib/python3.8/site-packages/airflow/example_dags/example_branch_day_of_week_operator.py
[2025-08-19T21:59:19.052+0000] {processor.py:840} INFO - DAG(s) 'example_weekday_branch_operator' retrieved from /home/airflow/.local/lib/python3.8/site-packages/airflow/example_dags/example_branch_day_of_week_operator.py
[2025-08-19T21:59:19.062+0000] {logging_mixin.py:188} INFO - [2025-08-19T21:59:19.062+0000] {dag.py:3036} INFO - Sync 1 DAGs
[2025-08-19T21:59:19.071+0000] {logging_mixin.py:188} INFO - [2025-08-19T21:59:19.071+0000] {dag.py:3823} INFO - Setting next_dagrun for example_weekday_branch_operator to 2025-08-18 00:00:00+00:00, run_after=2025-08-19 00:00:00+00:00
[2025-08-19T21:59:19.077+0000] {processor.py:183} INFO - Processing /home/airflow/.local/lib/python3.8/site-packages/airflow/example_dags/example_branch_day_of_week_operator.py took 0.035 seconds
[2025-08-19T21:59:49.574+0000] {processor.py:161} INFO - Started process (PID=1143) to work on /home/airflow/.local/lib/python3.8/site-packages/airflow/example_dags/example_branch_day_of_week_operator.py
[2025-08-19T21:59:49.575+0000] {processor.py:830} INFO - Processing file /home/airflow/.local/lib/python3.8/site-packages/airflow/example_dags/example_branch_day_of_week_operator.py for tasks to queue
[2025-08-19T21:59:49.576+0000] {logging_mixin.py:188} INFO - [2025-08-19T21:59:49.575+0000] {dagbag.py:538} INFO - Filling up the DagBag from /home/airflow/.local/lib/python3.8/site-packages/airflow/example_dags/example_branch_day_of_week_operator.py
[2025-08-19T21:59:49.581+0000] {processor.py:840} INFO - DAG(s) 'example_weekday_branch_operator' retrieved from /home/airflow/.local/lib/python3.8/site-packages/airflow/example_dags/example_branch_day_of_week_operator.py
[2025-08-19T21:59:49.591+0000] {logging_mixin.py:188} INFO - [2025-08-19T21:59:49.591+0000] {dag.py:3036} INFO - Sync 1 DAGs
[2025-08-19T21:59:49.601+0000] {logging_mixin.py:188} INFO - [2025-08-19T21:59:49.601+0000] {dag.py:3823} INFO - Setting next_dagrun for example_weekday_branch_operator to 2025-08-18 00:00:00+00:00, run_after=2025-08-19 00:00:00+00:00
[2025-08-19T21:59:49.607+0000] {processor.py:183} INFO - Processing /home/airflow/.local/lib/python3.8/site-packages/airflow/example_dags/example_branch_day_of_week_operator.py took 0.035 seconds
[2025-08-19T22:00:20.130+0000] {processor.py:161} INFO - Started process (PID=1199) to work on /home/airflow/.local/lib/python3.8/site-packages/airflow/example_dags/example_branch_day_of_week_operator.py
[2025-08-19T22:00:20.131+0000] {processor.py:830} INFO - Processing file /home/airflow/.local/lib/python3.8/site-packages/airflow/example_dags/example_branch_day_of_week_operator.py for tasks to queue
[2025-08-19T22:00:20.131+0000] {logging_mixin.py:188} INFO - [2025-08-19T22:00:20.131+0000] {dagbag.py:538} INFO - Filling up the DagBag from /home/airflow/.local/lib/python3.8/site-packages/airflow/example_dags/example_branch_day_of_week_operator.py
[2025-08-19T22:00:20.134+0000] {processor.py:840} INFO - DAG(s) 'example_weekday_branch_operator' retrieved from /home/airflow/.local/lib/python3.8/site-packages/airflow/example_dags/example_branch_day_of_week_operator.py
[2025-08-19T22:00:20.142+0000] {logging_mixin.py:188} INFO - [2025-08-19T22:00:20.142+0000] {dag.py:3036} INFO - Sync 1 DAGs
[2025-08-19T22:00:20.150+0000] {logging_mixin.py:188} INFO - [2025-08-19T22:00:20.150+0000] {dag.py:3823} INFO - Setting next_dagrun for example_weekday_branch_operator to 2025-08-18 00:00:00+00:00, run_after=2025-08-19 00:00:00+00:00
[2025-08-19T22:00:20.155+0000] {processor.py:183} INFO - Processing /home/airflow/.local/lib/python3.8/site-packages/airflow/example_dags/example_branch_day_of_week_operator.py took 0.026 seconds
[2025-08-19T22:00:50.654+0000] {processor.py:161} INFO - Started process (PID=1255) to work on /home/airflow/.local/lib/python3.8/site-packages/airflow/example_dags/example_branch_day_of_week_operator.py
[2025-08-19T22:00:50.655+0000] {processor.py:830} INFO - Processing file /home/airflow/.local/lib/python3.8/site-packages/airflow/example_dags/example_branch_day_of_week_operator.py for tasks to queue
[2025-08-19T22:00:50.656+0000] {logging_mixin.py:188} INFO - [2025-08-19T22:00:50.656+0000] {dagbag.py:538} INFO - Filling up the DagBag from /home/airflow/.local/lib/python3.8/site-packages/airflow/example_dags/example_branch_day_of_week_operator.py
[2025-08-19T22:00:50.659+0000] {processor.py:840} INFO - DAG(s) 'example_weekday_branch_operator' retrieved from /home/airflow/.local/lib/python3.8/site-packages/airflow/example_dags/example_branch_day_of_week_operator.py
[2025-08-19T22:00:50.671+0000] {logging_mixin.py:188} INFO - [2025-08-19T22:00:50.671+0000] {dag.py:3036} INFO - Sync 1 DAGs
[2025-08-19T22:00:50.679+0000] {logging_mixin.py:188} INFO - [2025-08-19T22:00:50.679+0000] {dag.py:3823} INFO - Setting next_dagrun for example_weekday_branch_operator to 2025-08-18 00:00:00+00:00, run_after=2025-08-19 00:00:00+00:00
[2025-08-19T22:00:50.688+0000] {processor.py:183} INFO - Processing /home/airflow/.local/lib/python3.8/site-packages/airflow/example_dags/example_branch_day_of_week_operator.py took 0.035 seconds
[2025-08-19T22:01:21.586+0000] {processor.py:161} INFO - Started process (PID=1311) to work on /home/airflow/.local/lib/python3.8/site-packages/airflow/example_dags/example_branch_day_of_week_operator.py
[2025-08-19T22:01:21.587+0000] {processor.py:830} INFO - Processing file /home/airflow/.local/lib/python3.8/site-packages/airflow/example_dags/example_branch_day_of_week_operator.py for tasks to queue
[2025-08-19T22:01:21.588+0000] {logging_mixin.py:188} INFO - [2025-08-19T22:01:21.588+0000] {dagbag.py:538} INFO - Filling up the DagBag from /home/airflow/.local/lib/python3.8/site-packages/airflow/example_dags/example_branch_day_of_week_operator.py
[2025-08-19T22:01:21.592+0000] {processor.py:840} INFO - DAG(s) 'example_weekday_branch_operator' retrieved from /home/airflow/.local/lib/python3.8/site-packages/airflow/example_dags/example_branch_day_of_week_operator.py
[2025-08-19T22:01:21.604+0000] {logging_mixin.py:188} INFO - [2025-08-19T22:01:21.603+0000] {dag.py:3036} INFO - Sync 1 DAGs
[2025-08-19T22:01:21.615+0000] {logging_mixin.py:188} INFO - [2025-08-19T22:01:21.615+0000] {dag.py:3823} INFO - Setting next_dagrun for example_weekday_branch_operator to 2025-08-18 00:00:00+00:00, run_after=2025-08-19 00:00:00+00:00
[2025-08-19T22:01:21.628+0000] {processor.py:183} INFO - Processing /home/airflow/.local/lib/python3.8/site-packages/airflow/example_dags/example_branch_day_of_week_operator.py took 0.044 seconds
[2025-08-19T22:01:51.650+0000] {processor.py:161} INFO - Started process (PID=1367) to work on /home/airflow/.local/lib/python3.8/site-packages/airflow/example_dags/example_branch_day_of_week_operator.py
[2025-08-19T22:01:51.650+0000] {processor.py:830} INFO - Processing file /home/airflow/.local/lib/python3.8/site-packages/airflow/example_dags/example_branch_day_of_week_operator.py for tasks to queue
[2025-08-19T22:01:51.651+0000] {logging_mixin.py:188} INFO - [2025-08-19T22:01:51.651+0000] {dagbag.py:538} INFO - Filling up the DagBag from /home/airflow/.local/lib/python3.8/site-packages/airflow/example_dags/example_branch_day_of_week_operator.py
[2025-08-19T22:01:51.654+0000] {processor.py:840} INFO - DAG(s) 'example_weekday_branch_operator' retrieved from /home/airflow/.local/lib/python3.8/site-packages/airflow/example_dags/example_branch_day_of_week_operator.py
[2025-08-19T22:01:51.662+0000] {logging_mixin.py:188} INFO - [2025-08-19T22:01:51.662+0000] {dag.py:3036} INFO - Sync 1 DAGs
[2025-08-19T22:01:51.669+0000] {logging_mixin.py:188} INFO - [2025-08-19T22:01:51.669+0000] {dag.py:3823} INFO - Setting next_dagrun for example_weekday_branch_operator to 2025-08-18 00:00:00+00:00, run_after=2025-08-19 00:00:00+00:00
[2025-08-19T22:01:51.676+0000] {processor.py:183} INFO - Processing /home/airflow/.local/lib/python3.8/site-packages/airflow/example_dags/example_branch_day_of_week_operator.py took 0.027 seconds
[2025-08-19T22:02:22.543+0000] {processor.py:161} INFO - Started process (PID=1423) to work on /home/airflow/.local/lib/python3.8/site-packages/airflow/example_dags/example_branch_day_of_week_operator.py
[2025-08-19T22:02:22.544+0000] {processor.py:830} INFO - Processing file /home/airflow/.local/lib/python3.8/site-packages/airflow/example_dags/example_branch_day_of_week_operator.py for tasks to queue
[2025-08-19T22:02:22.545+0000] {logging_mixin.py:188} INFO - [2025-08-19T22:02:22.545+0000] {dagbag.py:538} INFO - Filling up the DagBag from /home/airflow/.local/lib/python3.8/site-packages/airflow/example_dags/example_branch_day_of_week_operator.py
[2025-08-19T22:02:22.551+0000] {processor.py:840} INFO - DAG(s) 'example_weekday_branch_operator' retrieved from /home/airflow/.local/lib/python3.8/site-packages/airflow/example_dags/example_branch_day_of_week_operator.py
[2025-08-19T22:02:22.563+0000] {logging_mixin.py:188} INFO - [2025-08-19T22:02:22.562+0000] {dag.py:3036} INFO - Sync 1 DAGs
[2025-08-19T22:02:22.576+0000] {logging_mixin.py:188} INFO - [2025-08-19T22:02:22.575+0000] {dag.py:3823} INFO - Setting next_dagrun for example_weekday_branch_operator to 2025-08-18 00:00:00+00:00, run_after=2025-08-19 00:00:00+00:00
[2025-08-19T22:02:22.586+0000] {processor.py:183} INFO - Processing /home/airflow/.local/lib/python3.8/site-packages/airflow/example_dags/example_branch_day_of_week_operator.py took 0.045 seconds
[2025-08-19T22:02:53.419+0000] {processor.py:161} INFO - Started process (PID=1479) to work on /home/airflow/.local/lib/python3.8/site-packages/airflow/example_dags/example_branch_day_of_week_operator.py
[2025-08-19T22:02:53.421+0000] {processor.py:830} INFO - Processing file /home/airflow/.local/lib/python3.8/site-packages/airflow/example_dags/example_branch_day_of_week_operator.py for tasks to queue
[2025-08-19T22:02:53.422+0000] {logging_mixin.py:188} INFO - [2025-08-19T22:02:53.422+0000] {dagbag.py:538} INFO - Filling up the DagBag from /home/airflow/.local/lib/python3.8/site-packages/airflow/example_dags/example_branch_day_of_week_operator.py
[2025-08-19T22:02:53.425+0000] {processor.py:840} INFO - DAG(s) 'example_weekday_branch_operator' retrieved from /home/airflow/.local/lib/python3.8/site-packages/airflow/example_dags/example_branch_day_of_week_operator.py
[2025-08-19T22:02:53.434+0000] {logging_mixin.py:188} INFO - [2025-08-19T22:02:53.434+0000] {dag.py:3036} INFO - Sync 1 DAGs
[2025-08-19T22:02:53.444+0000] {logging_mixin.py:188} INFO - [2025-08-19T22:02:53.444+0000] {dag.py:3823} INFO - Setting next_dagrun for example_weekday_branch_operator to 2025-08-18 00:00:00+00:00, run_after=2025-08-19 00:00:00+00:00
[2025-08-19T22:02:53.453+0000] {processor.py:183} INFO - Processing /home/airflow/.local/lib/python3.8/site-packages/airflow/example_dags/example_branch_day_of_week_operator.py took 0.036 seconds
[2025-08-19T22:03:24.483+0000] {processor.py:161} INFO - Started process (PID=1535) to work on /home/airflow/.local/lib/python3.8/site-packages/airflow/example_dags/example_branch_day_of_week_operator.py
[2025-08-19T22:03:24.484+0000] {processor.py:830} INFO - Processing file /home/airflow/.local/lib/python3.8/site-packages/airflow/example_dags/example_branch_day_of_week_operator.py for tasks to queue
[2025-08-19T22:03:24.485+0000] {logging_mixin.py:188} INFO - [2025-08-19T22:03:24.485+0000] {dagbag.py:538} INFO - Filling up the DagBag from /home/airflow/.local/lib/python3.8/site-packages/airflow/example_dags/example_branch_day_of_week_operator.py
[2025-08-19T22:03:24.489+0000] {processor.py:840} INFO - DAG(s) 'example_weekday_branch_operator' retrieved from /home/airflow/.local/lib/python3.8/site-packages/airflow/example_dags/example_branch_day_of_week_operator.py
[2025-08-19T22:03:24.506+0000] {logging_mixin.py:188} INFO - [2025-08-19T22:03:24.506+0000] {dag.py:3036} INFO - Sync 1 DAGs
[2025-08-19T22:03:24.517+0000] {logging_mixin.py:188} INFO - [2025-08-19T22:03:24.517+0000] {dag.py:3823} INFO - Setting next_dagrun for example_weekday_branch_operator to 2025-08-18 00:00:00+00:00, run_after=2025-08-19 00:00:00+00:00
[2025-08-19T22:03:24.527+0000] {processor.py:183} INFO - Processing /home/airflow/.local/lib/python3.8/site-packages/airflow/example_dags/example_branch_day_of_week_operator.py took 0.046 seconds
[2025-08-19T22:03:55.206+0000] {processor.py:161} INFO - Started process (PID=1591) to work on /home/airflow/.local/lib/python3.8/site-packages/airflow/example_dags/example_branch_day_of_week_operator.py
[2025-08-19T22:03:55.208+0000] {processor.py:830} INFO - Processing file /home/airflow/.local/lib/python3.8/site-packages/airflow/example_dags/example_branch_day_of_week_operator.py for tasks to queue
[2025-08-19T22:03:55.209+0000] {logging_mixin.py:188} INFO - [2025-08-19T22:03:55.209+0000] {dagbag.py:538} INFO - Filling up the DagBag from /home/airflow/.local/lib/python3.8/site-packages/airflow/example_dags/example_branch_day_of_week_operator.py
[2025-08-19T22:03:55.213+0000] {processor.py:840} INFO - DAG(s) 'example_weekday_branch_operator' retrieved from /home/airflow/.local/lib/python3.8/site-packages/airflow/example_dags/example_branch_day_of_week_operator.py
[2025-08-19T22:03:55.224+0000] {logging_mixin.py:188} INFO - [2025-08-19T22:03:55.224+0000] {dag.py:3036} INFO - Sync 1 DAGs
[2025-08-19T22:03:55.236+0000] {logging_mixin.py:188} INFO - [2025-08-19T22:03:55.236+0000] {dag.py:3823} INFO - Setting next_dagrun for example_weekday_branch_operator to 2025-08-18 00:00:00+00:00, run_after=2025-08-19 00:00:00+00:00
[2025-08-19T22:03:55.247+0000] {processor.py:183} INFO - Processing /home/airflow/.local/lib/python3.8/site-packages/airflow/example_dags/example_branch_day_of_week_operator.py took 0.043 seconds
[2025-08-19T22:04:25.707+0000] {processor.py:161} INFO - Started process (PID=1647) to work on /home/airflow/.local/lib/python3.8/site-packages/airflow/example_dags/example_branch_day_of_week_operator.py
[2025-08-19T22:04:25.708+0000] {processor.py:830} INFO - Processing file /home/airflow/.local/lib/python3.8/site-packages/airflow/example_dags/example_branch_day_of_week_operator.py for tasks to queue
[2025-08-19T22:04:25.709+0000] {logging_mixin.py:188} INFO - [2025-08-19T22:04:25.709+0000] {dagbag.py:538} INFO - Filling up the DagBag from /home/airflow/.local/lib/python3.8/site-packages/airflow/example_dags/example_branch_day_of_week_operator.py
[2025-08-19T22:04:25.714+0000] {processor.py:840} INFO - DAG(s) 'example_weekday_branch_operator' retrieved from /home/airflow/.local/lib/python3.8/site-packages/airflow/example_dags/example_branch_day_of_week_operator.py
[2025-08-19T22:04:25.724+0000] {logging_mixin.py:188} INFO - [2025-08-19T22:04:25.724+0000] {dag.py:3036} INFO - Sync 1 DAGs
[2025-08-19T22:04:25.733+0000] {logging_mixin.py:188} INFO - [2025-08-19T22:04:25.733+0000] {dag.py:3823} INFO - Setting next_dagrun for example_weekday_branch_operator to 2025-08-18 00:00:00+00:00, run_after=2025-08-19 00:00:00+00:00
[2025-08-19T22:04:25.744+0000] {processor.py:183} INFO - Processing /home/airflow/.local/lib/python3.8/site-packages/airflow/example_dags/example_branch_day_of_week_operator.py took 0.039 seconds
[2025-08-19T22:04:56.156+0000] {processor.py:161} INFO - Started process (PID=1703) to work on /home/airflow/.local/lib/python3.8/site-packages/airflow/example_dags/example_branch_day_of_week_operator.py
[2025-08-19T22:04:56.158+0000] {processor.py:830} INFO - Processing file /home/airflow/.local/lib/python3.8/site-packages/airflow/example_dags/example_branch_day_of_week_operator.py for tasks to queue
[2025-08-19T22:04:56.159+0000] {logging_mixin.py:188} INFO - [2025-08-19T22:04:56.159+0000] {dagbag.py:538} INFO - Filling up the DagBag from /home/airflow/.local/lib/python3.8/site-packages/airflow/example_dags/example_branch_day_of_week_operator.py
[2025-08-19T22:04:56.165+0000] {processor.py:840} INFO - DAG(s) 'example_weekday_branch_operator' retrieved from /home/airflow/.local/lib/python3.8/site-packages/airflow/example_dags/example_branch_day_of_week_operator.py
[2025-08-19T22:04:56.173+0000] {logging_mixin.py:188} INFO - [2025-08-19T22:04:56.173+0000] {dag.py:3036} INFO - Sync 1 DAGs
[2025-08-19T22:04:56.181+0000] {logging_mixin.py:188} INFO - [2025-08-19T22:04:56.181+0000] {dag.py:3823} INFO - Setting next_dagrun for example_weekday_branch_operator to 2025-08-18 00:00:00+00:00, run_after=2025-08-19 00:00:00+00:00
[2025-08-19T22:04:56.190+0000] {processor.py:183} INFO - Processing /home/airflow/.local/lib/python3.8/site-packages/airflow/example_dags/example_branch_day_of_week_operator.py took 0.035 seconds
[2025-08-19T22:05:27.093+0000] {processor.py:161} INFO - Started process (PID=1759) to work on /home/airflow/.local/lib/python3.8/site-packages/airflow/example_dags/example_branch_day_of_week_operator.py
[2025-08-19T22:05:27.094+0000] {processor.py:830} INFO - Processing file /home/airflow/.local/lib/python3.8/site-packages/airflow/example_dags/example_branch_day_of_week_operator.py for tasks to queue
[2025-08-19T22:05:27.095+0000] {logging_mixin.py:188} INFO - [2025-08-19T22:05:27.095+0000] {dagbag.py:538} INFO - Filling up the DagBag from /home/airflow/.local/lib/python3.8/site-packages/airflow/example_dags/example_branch_day_of_week_operator.py
[2025-08-19T22:05:27.099+0000] {processor.py:840} INFO - DAG(s) 'example_weekday_branch_operator' retrieved from /home/airflow/.local/lib/python3.8/site-packages/airflow/example_dags/example_branch_day_of_week_operator.py
[2025-08-19T22:05:27.114+0000] {logging_mixin.py:188} INFO - [2025-08-19T22:05:27.113+0000] {dag.py:3036} INFO - Sync 1 DAGs
[2025-08-19T22:05:27.124+0000] {logging_mixin.py:188} INFO - [2025-08-19T22:05:27.124+0000] {dag.py:3823} INFO - Setting next_dagrun for example_weekday_branch_operator to 2025-08-18 00:00:00+00:00, run_after=2025-08-19 00:00:00+00:00
[2025-08-19T22:05:27.136+0000] {processor.py:183} INFO - Processing /home/airflow/.local/lib/python3.8/site-packages/airflow/example_dags/example_branch_day_of_week_operator.py took 0.046 seconds
[2025-08-19T22:05:57.789+0000] {processor.py:161} INFO - Started process (PID=1815) to work on /home/airflow/.local/lib/python3.8/site-packages/airflow/example_dags/example_branch_day_of_week_operator.py
[2025-08-19T22:05:57.789+0000] {processor.py:830} INFO - Processing file /home/airflow/.local/lib/python3.8/site-packages/airflow/example_dags/example_branch_day_of_week_operator.py for tasks to queue
[2025-08-19T22:05:57.790+0000] {logging_mixin.py:188} INFO - [2025-08-19T22:05:57.790+0000] {dagbag.py:538} INFO - Filling up the DagBag from /home/airflow/.local/lib/python3.8/site-packages/airflow/example_dags/example_branch_day_of_week_operator.py
[2025-08-19T22:05:57.793+0000] {processor.py:840} INFO - DAG(s) 'example_weekday_branch_operator' retrieved from /home/airflow/.local/lib/python3.8/site-packages/airflow/example_dags/example_branch_day_of_week_operator.py
[2025-08-19T22:05:57.806+0000] {logging_mixin.py:188} INFO - [2025-08-19T22:05:57.806+0000] {dag.py:3036} INFO - Sync 1 DAGs
[2025-08-19T22:05:57.814+0000] {logging_mixin.py:188} INFO - [2025-08-19T22:05:57.814+0000] {dag.py:3823} INFO - Setting next_dagrun for example_weekday_branch_operator to 2025-08-18 00:00:00+00:00, run_after=2025-08-19 00:00:00+00:00
[2025-08-19T22:05:57.820+0000] {processor.py:183} INFO - Processing /home/airflow/.local/lib/python3.8/site-packages/airflow/example_dags/example_branch_day_of_week_operator.py took 0.033 seconds
[2025-08-19T22:06:28.210+0000] {processor.py:161} INFO - Started process (PID=1871) to work on /home/airflow/.local/lib/python3.8/site-packages/airflow/example_dags/example_branch_day_of_week_operator.py
[2025-08-19T22:06:28.210+0000] {processor.py:830} INFO - Processing file /home/airflow/.local/lib/python3.8/site-packages/airflow/example_dags/example_branch_day_of_week_operator.py for tasks to queue
[2025-08-19T22:06:28.212+0000] {logging_mixin.py:188} INFO - [2025-08-19T22:06:28.212+0000] {dagbag.py:538} INFO - Filling up the DagBag from /home/airflow/.local/lib/python3.8/site-packages/airflow/example_dags/example_branch_day_of_week_operator.py
[2025-08-19T22:06:28.216+0000] {processor.py:840} INFO - DAG(s) 'example_weekday_branch_operator' retrieved from /home/airflow/.local/lib/python3.8/site-packages/airflow/example_dags/example_branch_day_of_week_operator.py
[2025-08-19T22:06:28.223+0000] {logging_mixin.py:188} INFO - [2025-08-19T22:06:28.223+0000] {dag.py:3036} INFO - Sync 1 DAGs
[2025-08-19T22:06:28.232+0000] {logging_mixin.py:188} INFO - [2025-08-19T22:06:28.232+0000] {dag.py:3823} INFO - Setting next_dagrun for example_weekday_branch_operator to 2025-08-18 00:00:00+00:00, run_after=2025-08-19 00:00:00+00:00
[2025-08-19T22:06:28.239+0000] {processor.py:183} INFO - Processing /home/airflow/.local/lib/python3.8/site-packages/airflow/example_dags/example_branch_day_of_week_operator.py took 0.030 seconds
[2025-08-19T22:06:59.054+0000] {processor.py:161} INFO - Started process (PID=1927) to work on /home/airflow/.local/lib/python3.8/site-packages/airflow/example_dags/example_branch_day_of_week_operator.py
[2025-08-19T22:06:59.055+0000] {processor.py:830} INFO - Processing file /home/airflow/.local/lib/python3.8/site-packages/airflow/example_dags/example_branch_day_of_week_operator.py for tasks to queue
[2025-08-19T22:06:59.056+0000] {logging_mixin.py:188} INFO - [2025-08-19T22:06:59.056+0000] {dagbag.py:538} INFO - Filling up the DagBag from /home/airflow/.local/lib/python3.8/site-packages/airflow/example_dags/example_branch_day_of_week_operator.py
[2025-08-19T22:06:59.059+0000] {processor.py:840} INFO - DAG(s) 'example_weekday_branch_operator' retrieved from /home/airflow/.local/lib/python3.8/site-packages/airflow/example_dags/example_branch_day_of_week_operator.py
[2025-08-19T22:06:59.071+0000] {logging_mixin.py:188} INFO - [2025-08-19T22:06:59.071+0000] {dag.py:3036} INFO - Sync 1 DAGs
[2025-08-19T22:06:59.080+0000] {logging_mixin.py:188} INFO - [2025-08-19T22:06:59.080+0000] {dag.py:3823} INFO - Setting next_dagrun for example_weekday_branch_operator to 2025-08-18 00:00:00+00:00, run_after=2025-08-19 00:00:00+00:00
[2025-08-19T22:06:59.090+0000] {processor.py:183} INFO - Processing /home/airflow/.local/lib/python3.8/site-packages/airflow/example_dags/example_branch_day_of_week_operator.py took 0.039 seconds
[2025-08-19T22:07:29.970+0000] {processor.py:161} INFO - Started process (PID=1983) to work on /home/airflow/.local/lib/python3.8/site-packages/airflow/example_dags/example_branch_day_of_week_operator.py
[2025-08-19T22:07:29.971+0000] {processor.py:830} INFO - Processing file /home/airflow/.local/lib/python3.8/site-packages/airflow/example_dags/example_branch_day_of_week_operator.py for tasks to queue
[2025-08-19T22:07:29.973+0000] {logging_mixin.py:188} INFO - [2025-08-19T22:07:29.972+0000] {dagbag.py:538} INFO - Filling up the DagBag from /home/airflow/.local/lib/python3.8/site-packages/airflow/example_dags/example_branch_day_of_week_operator.py
[2025-08-19T22:07:29.976+0000] {processor.py:840} INFO - DAG(s) 'example_weekday_branch_operator' retrieved from /home/airflow/.local/lib/python3.8/site-packages/airflow/example_dags/example_branch_day_of_week_operator.py
[2025-08-19T22:07:29.984+0000] {logging_mixin.py:188} INFO - [2025-08-19T22:07:29.984+0000] {dag.py:3036} INFO - Sync 1 DAGs
[2025-08-19T22:07:29.992+0000] {logging_mixin.py:188} INFO - [2025-08-19T22:07:29.992+0000] {dag.py:3823} INFO - Setting next_dagrun for example_weekday_branch_operator to 2025-08-18 00:00:00+00:00, run_after=2025-08-19 00:00:00+00:00
[2025-08-19T22:07:29.999+0000] {processor.py:183} INFO - Processing /home/airflow/.local/lib/python3.8/site-packages/airflow/example_dags/example_branch_day_of_week_operator.py took 0.030 seconds
[2025-08-19T22:08:00.782+0000] {processor.py:161} INFO - Started process (PID=2039) to work on /home/airflow/.local/lib/python3.8/site-packages/airflow/example_dags/example_branch_day_of_week_operator.py
[2025-08-19T22:08:00.783+0000] {processor.py:830} INFO - Processing file /home/airflow/.local/lib/python3.8/site-packages/airflow/example_dags/example_branch_day_of_week_operator.py for tasks to queue
[2025-08-19T22:08:00.784+0000] {logging_mixin.py:188} INFO - [2025-08-19T22:08:00.784+0000] {dagbag.py:538} INFO - Filling up the DagBag from /home/airflow/.local/lib/python3.8/site-packages/airflow/example_dags/example_branch_day_of_week_operator.py
[2025-08-19T22:08:00.788+0000] {processor.py:840} INFO - DAG(s) 'example_weekday_branch_operator' retrieved from /home/airflow/.local/lib/python3.8/site-packages/airflow/example_dags/example_branch_day_of_week_operator.py
[2025-08-19T22:08:00.798+0000] {logging_mixin.py:188} INFO - [2025-08-19T22:08:00.796+0000] {dag.py:3036} INFO - Sync 1 DAGs
[2025-08-19T22:08:00.809+0000] {logging_mixin.py:188} INFO - [2025-08-19T22:08:00.809+0000] {dag.py:3823} INFO - Setting next_dagrun for example_weekday_branch_operator to 2025-08-18 00:00:00+00:00, run_after=2025-08-19 00:00:00+00:00
[2025-08-19T22:08:00.818+0000] {processor.py:183} INFO - Processing /home/airflow/.local/lib/python3.8/site-packages/airflow/example_dags/example_branch_day_of_week_operator.py took 0.036 seconds
[2025-08-19T22:08:31.518+0000] {processor.py:161} INFO - Started process (PID=2095) to work on /home/airflow/.local/lib/python3.8/site-packages/airflow/example_dags/example_branch_day_of_week_operator.py
[2025-08-19T22:08:31.520+0000] {processor.py:830} INFO - Processing file /home/airflow/.local/lib/python3.8/site-packages/airflow/example_dags/example_branch_day_of_week_operator.py for tasks to queue
[2025-08-19T22:08:31.522+0000] {logging_mixin.py:188} INFO - [2025-08-19T22:08:31.522+0000] {dagbag.py:538} INFO - Filling up the DagBag from /home/airflow/.local/lib/python3.8/site-packages/airflow/example_dags/example_branch_day_of_week_operator.py
[2025-08-19T22:08:31.528+0000] {processor.py:840} INFO - DAG(s) 'example_weekday_branch_operator' retrieved from /home/airflow/.local/lib/python3.8/site-packages/airflow/example_dags/example_branch_day_of_week_operator.py
[2025-08-19T22:08:31.542+0000] {logging_mixin.py:188} INFO - [2025-08-19T22:08:31.542+0000] {dag.py:3036} INFO - Sync 1 DAGs
[2025-08-19T22:08:31.552+0000] {logging_mixin.py:188} INFO - [2025-08-19T22:08:31.552+0000] {dag.py:3823} INFO - Setting next_dagrun for example_weekday_branch_operator to 2025-08-18 00:00:00+00:00, run_after=2025-08-19 00:00:00+00:00
[2025-08-19T22:08:31.569+0000] {processor.py:183} INFO - Processing /home/airflow/.local/lib/python3.8/site-packages/airflow/example_dags/example_branch_day_of_week_operator.py took 0.055 seconds
[2025-08-19T22:09:01.982+0000] {processor.py:161} INFO - Started process (PID=2151) to work on /home/airflow/.local/lib/python3.8/site-packages/airflow/example_dags/example_branch_day_of_week_operator.py
[2025-08-19T22:09:01.982+0000] {processor.py:830} INFO - Processing file /home/airflow/.local/lib/python3.8/site-packages/airflow/example_dags/example_branch_day_of_week_operator.py for tasks to queue
[2025-08-19T22:09:01.983+0000] {logging_mixin.py:188} INFO - [2025-08-19T22:09:01.983+0000] {dagbag.py:538} INFO - Filling up the DagBag from /home/airflow/.local/lib/python3.8/site-packages/airflow/example_dags/example_branch_day_of_week_operator.py
[2025-08-19T22:09:01.986+0000] {processor.py:840} INFO - DAG(s) 'example_weekday_branch_operator' retrieved from /home/airflow/.local/lib/python3.8/site-packages/airflow/example_dags/example_branch_day_of_week_operator.py
[2025-08-19T22:09:01.998+0000] {logging_mixin.py:188} INFO - [2025-08-19T22:09:01.998+0000] {dag.py:3036} INFO - Sync 1 DAGs
[2025-08-19T22:09:02.007+0000] {logging_mixin.py:188} INFO - [2025-08-19T22:09:02.007+0000] {dag.py:3823} INFO - Setting next_dagrun for example_weekday_branch_operator to 2025-08-18 00:00:00+00:00, run_after=2025-08-19 00:00:00+00:00
[2025-08-19T22:09:02.018+0000] {processor.py:183} INFO - Processing /home/airflow/.local/lib/python3.8/site-packages/airflow/example_dags/example_branch_day_of_week_operator.py took 0.037 seconds
[2025-08-19T22:09:32.773+0000] {processor.py:161} INFO - Started process (PID=2207) to work on /home/airflow/.local/lib/python3.8/site-packages/airflow/example_dags/example_branch_day_of_week_operator.py
[2025-08-19T22:09:32.774+0000] {processor.py:830} INFO - Processing file /home/airflow/.local/lib/python3.8/site-packages/airflow/example_dags/example_branch_day_of_week_operator.py for tasks to queue
[2025-08-19T22:09:32.775+0000] {logging_mixin.py:188} INFO - [2025-08-19T22:09:32.775+0000] {dagbag.py:538} INFO - Filling up the DagBag from /home/airflow/.local/lib/python3.8/site-packages/airflow/example_dags/example_branch_day_of_week_operator.py
[2025-08-19T22:09:32.778+0000] {processor.py:840} INFO - DAG(s) 'example_weekday_branch_operator' retrieved from /home/airflow/.local/lib/python3.8/site-packages/airflow/example_dags/example_branch_day_of_week_operator.py
[2025-08-19T22:09:32.789+0000] {logging_mixin.py:188} INFO - [2025-08-19T22:09:32.789+0000] {dag.py:3036} INFO - Sync 1 DAGs
[2025-08-19T22:09:32.797+0000] {logging_mixin.py:188} INFO - [2025-08-19T22:09:32.797+0000] {dag.py:3823} INFO - Setting next_dagrun for example_weekday_branch_operator to 2025-08-18 00:00:00+00:00, run_after=2025-08-19 00:00:00+00:00
[2025-08-19T22:09:32.808+0000] {processor.py:183} INFO - Processing /home/airflow/.local/lib/python3.8/site-packages/airflow/example_dags/example_branch_day_of_week_operator.py took 0.036 seconds
[2025-08-19T22:10:03.305+0000] {processor.py:161} INFO - Started process (PID=2263) to work on /home/airflow/.local/lib/python3.8/site-packages/airflow/example_dags/example_branch_day_of_week_operator.py
[2025-08-19T22:10:03.306+0000] {processor.py:830} INFO - Processing file /home/airflow/.local/lib/python3.8/site-packages/airflow/example_dags/example_branch_day_of_week_operator.py for tasks to queue
[2025-08-19T22:10:03.306+0000] {logging_mixin.py:188} INFO - [2025-08-19T22:10:03.306+0000] {dagbag.py:538} INFO - Filling up the DagBag from /home/airflow/.local/lib/python3.8/site-packages/airflow/example_dags/example_branch_day_of_week_operator.py
[2025-08-19T22:10:03.309+0000] {processor.py:840} INFO - DAG(s) 'example_weekday_branch_operator' retrieved from /home/airflow/.local/lib/python3.8/site-packages/airflow/example_dags/example_branch_day_of_week_operator.py
[2025-08-19T22:10:03.320+0000] {logging_mixin.py:188} INFO - [2025-08-19T22:10:03.320+0000] {dag.py:3036} INFO - Sync 1 DAGs
[2025-08-19T22:10:03.331+0000] {logging_mixin.py:188} INFO - [2025-08-19T22:10:03.331+0000] {dag.py:3823} INFO - Setting next_dagrun for example_weekday_branch_operator to 2025-08-18 00:00:00+00:00, run_after=2025-08-19 00:00:00+00:00
[2025-08-19T22:10:03.341+0000] {processor.py:183} INFO - Processing /home/airflow/.local/lib/python3.8/site-packages/airflow/example_dags/example_branch_day_of_week_operator.py took 0.037 seconds
[2025-08-19T22:10:34.013+0000] {processor.py:161} INFO - Started process (PID=2319) to work on /home/airflow/.local/lib/python3.8/site-packages/airflow/example_dags/example_branch_day_of_week_operator.py
[2025-08-19T22:10:34.014+0000] {processor.py:830} INFO - Processing file /home/airflow/.local/lib/python3.8/site-packages/airflow/example_dags/example_branch_day_of_week_operator.py for tasks to queue
[2025-08-19T22:10:34.015+0000] {logging_mixin.py:188} INFO - [2025-08-19T22:10:34.015+0000] {dagbag.py:538} INFO - Filling up the DagBag from /home/airflow/.local/lib/python3.8/site-packages/airflow/example_dags/example_branch_day_of_week_operator.py
[2025-08-19T22:10:34.020+0000] {processor.py:840} INFO - DAG(s) 'example_weekday_branch_operator' retrieved from /home/airflow/.local/lib/python3.8/site-packages/airflow/example_dags/example_branch_day_of_week_operator.py
[2025-08-19T22:10:34.036+0000] {logging_mixin.py:188} INFO - [2025-08-19T22:10:34.035+0000] {dag.py:3036} INFO - Sync 1 DAGs
[2025-08-19T22:10:34.046+0000] {logging_mixin.py:188} INFO - [2025-08-19T22:10:34.045+0000] {dag.py:3823} INFO - Setting next_dagrun for example_weekday_branch_operator to 2025-08-18 00:00:00+00:00, run_after=2025-08-19 00:00:00+00:00
[2025-08-19T22:10:34.053+0000] {processor.py:183} INFO - Processing /home/airflow/.local/lib/python3.8/site-packages/airflow/example_dags/example_branch_day_of_week_operator.py took 0.042 seconds
[2025-08-19T22:11:04.584+0000] {processor.py:161} INFO - Started process (PID=2375) to work on /home/airflow/.local/lib/python3.8/site-packages/airflow/example_dags/example_branch_day_of_week_operator.py
[2025-08-19T22:11:04.585+0000] {processor.py:830} INFO - Processing file /home/airflow/.local/lib/python3.8/site-packages/airflow/example_dags/example_branch_day_of_week_operator.py for tasks to queue
[2025-08-19T22:11:04.586+0000] {logging_mixin.py:188} INFO - [2025-08-19T22:11:04.586+0000] {dagbag.py:538} INFO - Filling up the DagBag from /home/airflow/.local/lib/python3.8/site-packages/airflow/example_dags/example_branch_day_of_week_operator.py
[2025-08-19T22:11:04.589+0000] {processor.py:840} INFO - DAG(s) 'example_weekday_branch_operator' retrieved from /home/airflow/.local/lib/python3.8/site-packages/airflow/example_dags/example_branch_day_of_week_operator.py
[2025-08-19T22:11:04.603+0000] {logging_mixin.py:188} INFO - [2025-08-19T22:11:04.603+0000] {dag.py:3036} INFO - Sync 1 DAGs
[2025-08-19T22:11:04.614+0000] {logging_mixin.py:188} INFO - [2025-08-19T22:11:04.614+0000] {dag.py:3823} INFO - Setting next_dagrun for example_weekday_branch_operator to 2025-08-18 00:00:00+00:00, run_after=2025-08-19 00:00:00+00:00
[2025-08-19T22:11:04.624+0000] {processor.py:183} INFO - Processing /home/airflow/.local/lib/python3.8/site-packages/airflow/example_dags/example_branch_day_of_week_operator.py took 0.042 seconds
[2025-08-19T22:11:35.058+0000] {processor.py:161} INFO - Started process (PID=2431) to work on /home/airflow/.local/lib/python3.8/site-packages/airflow/example_dags/example_branch_day_of_week_operator.py
[2025-08-19T22:11:35.059+0000] {processor.py:830} INFO - Processing file /home/airflow/.local/lib/python3.8/site-packages/airflow/example_dags/example_branch_day_of_week_operator.py for tasks to queue
[2025-08-19T22:11:35.060+0000] {logging_mixin.py:188} INFO - [2025-08-19T22:11:35.060+0000] {dagbag.py:538} INFO - Filling up the DagBag from /home/airflow/.local/lib/python3.8/site-packages/airflow/example_dags/example_branch_day_of_week_operator.py
[2025-08-19T22:11:35.063+0000] {processor.py:840} INFO - DAG(s) 'example_weekday_branch_operator' retrieved from /home/airflow/.local/lib/python3.8/site-packages/airflow/example_dags/example_branch_day_of_week_operator.py
[2025-08-19T22:11:35.071+0000] {logging_mixin.py:188} INFO - [2025-08-19T22:11:35.071+0000] {dag.py:3036} INFO - Sync 1 DAGs
[2025-08-19T22:11:35.079+0000] {logging_mixin.py:188} INFO - [2025-08-19T22:11:35.079+0000] {dag.py:3823} INFO - Setting next_dagrun for example_weekday_branch_operator to 2025-08-18 00:00:00+00:00, run_after=2025-08-19 00:00:00+00:00
[2025-08-19T22:11:35.090+0000] {processor.py:183} INFO - Processing /home/airflow/.local/lib/python3.8/site-packages/airflow/example_dags/example_branch_day_of_week_operator.py took 0.033 seconds
[2025-08-19T22:12:05.579+0000] {processor.py:161} INFO - Started process (PID=2487) to work on /home/airflow/.local/lib/python3.8/site-packages/airflow/example_dags/example_branch_day_of_week_operator.py
[2025-08-19T22:12:05.579+0000] {processor.py:830} INFO - Processing file /home/airflow/.local/lib/python3.8/site-packages/airflow/example_dags/example_branch_day_of_week_operator.py for tasks to queue
[2025-08-19T22:12:05.580+0000] {logging_mixin.py:188} INFO - [2025-08-19T22:12:05.580+0000] {dagbag.py:538} INFO - Filling up the DagBag from /home/airflow/.local/lib/python3.8/site-packages/airflow/example_dags/example_branch_day_of_week_operator.py
[2025-08-19T22:12:05.583+0000] {processor.py:840} INFO - DAG(s) 'example_weekday_branch_operator' retrieved from /home/airflow/.local/lib/python3.8/site-packages/airflow/example_dags/example_branch_day_of_week_operator.py
[2025-08-19T22:12:05.591+0000] {logging_mixin.py:188} INFO - [2025-08-19T22:12:05.591+0000] {dag.py:3036} INFO - Sync 1 DAGs
[2025-08-19T22:12:05.598+0000] {logging_mixin.py:188} INFO - [2025-08-19T22:12:05.597+0000] {dag.py:3823} INFO - Setting next_dagrun for example_weekday_branch_operator to 2025-08-18 00:00:00+00:00, run_after=2025-08-19 00:00:00+00:00
[2025-08-19T22:12:05.603+0000] {processor.py:183} INFO - Processing /home/airflow/.local/lib/python3.8/site-packages/airflow/example_dags/example_branch_day_of_week_operator.py took 0.026 seconds
[2025-08-19T22:12:36.123+0000] {processor.py:161} INFO - Started process (PID=2543) to work on /home/airflow/.local/lib/python3.8/site-packages/airflow/example_dags/example_branch_day_of_week_operator.py
[2025-08-19T22:12:36.124+0000] {processor.py:830} INFO - Processing file /home/airflow/.local/lib/python3.8/site-packages/airflow/example_dags/example_branch_day_of_week_operator.py for tasks to queue
[2025-08-19T22:12:36.125+0000] {logging_mixin.py:188} INFO - [2025-08-19T22:12:36.125+0000] {dagbag.py:538} INFO - Filling up the DagBag from /home/airflow/.local/lib/python3.8/site-packages/airflow/example_dags/example_branch_day_of_week_operator.py
[2025-08-19T22:12:36.128+0000] {processor.py:840} INFO - DAG(s) 'example_weekday_branch_operator' retrieved from /home/airflow/.local/lib/python3.8/site-packages/airflow/example_dags/example_branch_day_of_week_operator.py
[2025-08-19T22:12:36.143+0000] {logging_mixin.py:188} INFO - [2025-08-19T22:12:36.142+0000] {dag.py:3036} INFO - Sync 1 DAGs
[2025-08-19T22:12:36.154+0000] {logging_mixin.py:188} INFO - [2025-08-19T22:12:36.154+0000] {dag.py:3823} INFO - Setting next_dagrun for example_weekday_branch_operator to 2025-08-18 00:00:00+00:00, run_after=2025-08-19 00:00:00+00:00
[2025-08-19T22:12:36.163+0000] {processor.py:183} INFO - Processing /home/airflow/.local/lib/python3.8/site-packages/airflow/example_dags/example_branch_day_of_week_operator.py took 0.043 seconds
[2025-08-19T22:13:06.773+0000] {processor.py:161} INFO - Started process (PID=2599) to work on /home/airflow/.local/lib/python3.8/site-packages/airflow/example_dags/example_branch_day_of_week_operator.py
[2025-08-19T22:13:06.774+0000] {processor.py:830} INFO - Processing file /home/airflow/.local/lib/python3.8/site-packages/airflow/example_dags/example_branch_day_of_week_operator.py for tasks to queue
[2025-08-19T22:13:06.775+0000] {logging_mixin.py:188} INFO - [2025-08-19T22:13:06.775+0000] {dagbag.py:538} INFO - Filling up the DagBag from /home/airflow/.local/lib/python3.8/site-packages/airflow/example_dags/example_branch_day_of_week_operator.py
[2025-08-19T22:13:06.778+0000] {processor.py:840} INFO - DAG(s) 'example_weekday_branch_operator' retrieved from /home/airflow/.local/lib/python3.8/site-packages/airflow/example_dags/example_branch_day_of_week_operator.py
[2025-08-19T22:13:06.787+0000] {logging_mixin.py:188} INFO - [2025-08-19T22:13:06.787+0000] {dag.py:3036} INFO - Sync 1 DAGs
[2025-08-19T22:13:06.795+0000] {logging_mixin.py:188} INFO - [2025-08-19T22:13:06.795+0000] {dag.py:3823} INFO - Setting next_dagrun for example_weekday_branch_operator to 2025-08-18 00:00:00+00:00, run_after=2025-08-19 00:00:00+00:00
[2025-08-19T22:13:06.801+0000] {processor.py:183} INFO - Processing /home/airflow/.local/lib/python3.8/site-packages/airflow/example_dags/example_branch_day_of_week_operator.py took 0.030 seconds
[2025-08-19T22:13:37.863+0000] {processor.py:161} INFO - Started process (PID=2655) to work on /home/airflow/.local/lib/python3.8/site-packages/airflow/example_dags/example_branch_day_of_week_operator.py
[2025-08-19T22:13:37.864+0000] {processor.py:830} INFO - Processing file /home/airflow/.local/lib/python3.8/site-packages/airflow/example_dags/example_branch_day_of_week_operator.py for tasks to queue
[2025-08-19T22:13:37.866+0000] {logging_mixin.py:188} INFO - [2025-08-19T22:13:37.866+0000] {dagbag.py:538} INFO - Filling up the DagBag from /home/airflow/.local/lib/python3.8/site-packages/airflow/example_dags/example_branch_day_of_week_operator.py
[2025-08-19T22:13:37.873+0000] {processor.py:840} INFO - DAG(s) 'example_weekday_branch_operator' retrieved from /home/airflow/.local/lib/python3.8/site-packages/airflow/example_dags/example_branch_day_of_week_operator.py
[2025-08-19T22:13:37.901+0000] {logging_mixin.py:188} INFO - [2025-08-19T22:13:37.901+0000] {dag.py:3036} INFO - Sync 1 DAGs
[2025-08-19T22:13:37.942+0000] {logging_mixin.py:188} INFO - [2025-08-19T22:13:37.942+0000] {dag.py:3823} INFO - Setting next_dagrun for example_weekday_branch_operator to 2025-08-18 00:00:00+00:00, run_after=2025-08-19 00:00:00+00:00
[2025-08-19T22:20:10.907+0000] {processor.py:161} INFO - Started process (PID=75) to work on /home/airflow/.local/lib/python3.8/site-packages/airflow/example_dags/example_branch_day_of_week_operator.py
[2025-08-19T22:20:10.909+0000] {processor.py:830} INFO - Processing file /home/airflow/.local/lib/python3.8/site-packages/airflow/example_dags/example_branch_day_of_week_operator.py for tasks to queue
[2025-08-19T22:20:10.910+0000] {logging_mixin.py:188} INFO - [2025-08-19T22:20:10.910+0000] {dagbag.py:538} INFO - Filling up the DagBag from /home/airflow/.local/lib/python3.8/site-packages/airflow/example_dags/example_branch_day_of_week_operator.py
[2025-08-19T22:20:10.921+0000] {processor.py:840} INFO - DAG(s) 'example_weekday_branch_operator' retrieved from /home/airflow/.local/lib/python3.8/site-packages/airflow/example_dags/example_branch_day_of_week_operator.py
[2025-08-19T22:20:10.932+0000] {logging_mixin.py:188} INFO - [2025-08-19T22:20:10.932+0000] {dag.py:3036} INFO - Sync 1 DAGs
[2025-08-19T22:20:10.947+0000] {logging_mixin.py:188} INFO - [2025-08-19T22:20:10.947+0000] {dag.py:3823} INFO - Setting next_dagrun for example_weekday_branch_operator to 2025-08-18 00:00:00+00:00, run_after=2025-08-19 00:00:00+00:00
[2025-08-19T22:20:10.961+0000] {processor.py:183} INFO - Processing /home/airflow/.local/lib/python3.8/site-packages/airflow/example_dags/example_branch_day_of_week_operator.py took 0.056 seconds
[2025-08-19T22:20:41.731+0000] {processor.py:161} INFO - Started process (PID=131) to work on /home/airflow/.local/lib/python3.8/site-packages/airflow/example_dags/example_branch_day_of_week_operator.py
[2025-08-19T22:20:41.731+0000] {processor.py:830} INFO - Processing file /home/airflow/.local/lib/python3.8/site-packages/airflow/example_dags/example_branch_day_of_week_operator.py for tasks to queue
[2025-08-19T22:20:41.732+0000] {logging_mixin.py:188} INFO - [2025-08-19T22:20:41.732+0000] {dagbag.py:538} INFO - Filling up the DagBag from /home/airflow/.local/lib/python3.8/site-packages/airflow/example_dags/example_branch_day_of_week_operator.py
[2025-08-19T22:20:41.735+0000] {processor.py:840} INFO - DAG(s) 'example_weekday_branch_operator' retrieved from /home/airflow/.local/lib/python3.8/site-packages/airflow/example_dags/example_branch_day_of_week_operator.py
[2025-08-19T22:20:41.770+0000] {logging_mixin.py:188} INFO - [2025-08-19T22:20:41.770+0000] {dag.py:3036} INFO - Sync 1 DAGs
[2025-08-19T22:20:41.779+0000] {logging_mixin.py:188} INFO - [2025-08-19T22:20:41.779+0000] {dag.py:3823} INFO - Setting next_dagrun for example_weekday_branch_operator to 2025-08-18 00:00:00+00:00, run_after=2025-08-19 00:00:00+00:00
[2025-08-19T22:20:41.788+0000] {processor.py:183} INFO - Processing /home/airflow/.local/lib/python3.8/site-packages/airflow/example_dags/example_branch_day_of_week_operator.py took 0.059 seconds
[2025-08-19T22:21:11.817+0000] {processor.py:161} INFO - Started process (PID=187) to work on /home/airflow/.local/lib/python3.8/site-packages/airflow/example_dags/example_branch_day_of_week_operator.py
[2025-08-19T22:21:11.818+0000] {processor.py:830} INFO - Processing file /home/airflow/.local/lib/python3.8/site-packages/airflow/example_dags/example_branch_day_of_week_operator.py for tasks to queue
[2025-08-19T22:21:11.818+0000] {logging_mixin.py:188} INFO - [2025-08-19T22:21:11.818+0000] {dagbag.py:538} INFO - Filling up the DagBag from /home/airflow/.local/lib/python3.8/site-packages/airflow/example_dags/example_branch_day_of_week_operator.py
[2025-08-19T22:21:11.821+0000] {processor.py:840} INFO - DAG(s) 'example_weekday_branch_operator' retrieved from /home/airflow/.local/lib/python3.8/site-packages/airflow/example_dags/example_branch_day_of_week_operator.py
[2025-08-19T22:21:11.829+0000] {logging_mixin.py:188} INFO - [2025-08-19T22:21:11.829+0000] {dag.py:3036} INFO - Sync 1 DAGs
[2025-08-19T22:21:11.836+0000] {logging_mixin.py:188} INFO - [2025-08-19T22:21:11.836+0000] {dag.py:3823} INFO - Setting next_dagrun for example_weekday_branch_operator to 2025-08-18 00:00:00+00:00, run_after=2025-08-19 00:00:00+00:00
[2025-08-19T22:21:11.841+0000] {processor.py:183} INFO - Processing /home/airflow/.local/lib/python3.8/site-packages/airflow/example_dags/example_branch_day_of_week_operator.py took 0.025 seconds
[2025-08-19T22:21:42.468+0000] {processor.py:161} INFO - Started process (PID=243) to work on /home/airflow/.local/lib/python3.8/site-packages/airflow/example_dags/example_branch_day_of_week_operator.py
[2025-08-19T22:21:42.468+0000] {processor.py:830} INFO - Processing file /home/airflow/.local/lib/python3.8/site-packages/airflow/example_dags/example_branch_day_of_week_operator.py for tasks to queue
[2025-08-19T22:21:42.469+0000] {logging_mixin.py:188} INFO - [2025-08-19T22:21:42.469+0000] {dagbag.py:538} INFO - Filling up the DagBag from /home/airflow/.local/lib/python3.8/site-packages/airflow/example_dags/example_branch_day_of_week_operator.py
[2025-08-19T22:21:42.472+0000] {processor.py:840} INFO - DAG(s) 'example_weekday_branch_operator' retrieved from /home/airflow/.local/lib/python3.8/site-packages/airflow/example_dags/example_branch_day_of_week_operator.py
[2025-08-19T22:21:42.480+0000] {logging_mixin.py:188} INFO - [2025-08-19T22:21:42.480+0000] {dag.py:3036} INFO - Sync 1 DAGs
[2025-08-19T22:21:42.487+0000] {logging_mixin.py:188} INFO - [2025-08-19T22:21:42.487+0000] {dag.py:3823} INFO - Setting next_dagrun for example_weekday_branch_operator to 2025-08-18 00:00:00+00:00, run_after=2025-08-19 00:00:00+00:00
[2025-08-19T22:21:42.492+0000] {processor.py:183} INFO - Processing /home/airflow/.local/lib/python3.8/site-packages/airflow/example_dags/example_branch_day_of_week_operator.py took 0.025 seconds
[2025-08-19T22:22:12.942+0000] {processor.py:161} INFO - Started process (PID=305) to work on /home/airflow/.local/lib/python3.8/site-packages/airflow/example_dags/example_branch_day_of_week_operator.py
[2025-08-19T22:22:12.943+0000] {processor.py:830} INFO - Processing file /home/airflow/.local/lib/python3.8/site-packages/airflow/example_dags/example_branch_day_of_week_operator.py for tasks to queue
[2025-08-19T22:22:12.944+0000] {logging_mixin.py:188} INFO - [2025-08-19T22:22:12.944+0000] {dagbag.py:538} INFO - Filling up the DagBag from /home/airflow/.local/lib/python3.8/site-packages/airflow/example_dags/example_branch_day_of_week_operator.py
[2025-08-19T22:22:12.947+0000] {processor.py:840} INFO - DAG(s) 'example_weekday_branch_operator' retrieved from /home/airflow/.local/lib/python3.8/site-packages/airflow/example_dags/example_branch_day_of_week_operator.py
[2025-08-19T22:22:12.959+0000] {logging_mixin.py:188} INFO - [2025-08-19T22:22:12.959+0000] {dag.py:3036} INFO - Sync 1 DAGs
[2025-08-19T22:22:12.967+0000] {logging_mixin.py:188} INFO - [2025-08-19T22:22:12.967+0000] {dag.py:3823} INFO - Setting next_dagrun for example_weekday_branch_operator to 2025-08-18 00:00:00+00:00, run_after=2025-08-19 00:00:00+00:00
[2025-08-19T22:22:12.977+0000] {processor.py:183} INFO - Processing /home/airflow/.local/lib/python3.8/site-packages/airflow/example_dags/example_branch_day_of_week_operator.py took 0.036 seconds
[2025-08-19T22:22:43.538+0000] {processor.py:161} INFO - Started process (PID=365) to work on /home/airflow/.local/lib/python3.8/site-packages/airflow/example_dags/example_branch_day_of_week_operator.py
[2025-08-19T22:22:43.540+0000] {processor.py:830} INFO - Processing file /home/airflow/.local/lib/python3.8/site-packages/airflow/example_dags/example_branch_day_of_week_operator.py for tasks to queue
[2025-08-19T22:22:43.542+0000] {logging_mixin.py:188} INFO - [2025-08-19T22:22:43.542+0000] {dagbag.py:538} INFO - Filling up the DagBag from /home/airflow/.local/lib/python3.8/site-packages/airflow/example_dags/example_branch_day_of_week_operator.py
[2025-08-19T22:22:43.547+0000] {processor.py:840} INFO - DAG(s) 'example_weekday_branch_operator' retrieved from /home/airflow/.local/lib/python3.8/site-packages/airflow/example_dags/example_branch_day_of_week_operator.py
[2025-08-19T22:22:43.564+0000] {logging_mixin.py:188} INFO - [2025-08-19T22:22:43.564+0000] {dag.py:3036} INFO - Sync 1 DAGs
[2025-08-19T22:22:43.577+0000] {logging_mixin.py:188} INFO - [2025-08-19T22:22:43.577+0000] {dag.py:3823} INFO - Setting next_dagrun for example_weekday_branch_operator to 2025-08-18 00:00:00+00:00, run_after=2025-08-19 00:00:00+00:00
[2025-08-19T22:22:43.592+0000] {processor.py:183} INFO - Processing /home/airflow/.local/lib/python3.8/site-packages/airflow/example_dags/example_branch_day_of_week_operator.py took 0.060 seconds
[2025-08-19T22:23:14.279+0000] {processor.py:161} INFO - Started process (PID=421) to work on /home/airflow/.local/lib/python3.8/site-packages/airflow/example_dags/example_branch_day_of_week_operator.py
[2025-08-19T22:23:14.280+0000] {processor.py:830} INFO - Processing file /home/airflow/.local/lib/python3.8/site-packages/airflow/example_dags/example_branch_day_of_week_operator.py for tasks to queue
[2025-08-19T22:23:14.281+0000] {logging_mixin.py:188} INFO - [2025-08-19T22:23:14.281+0000] {dagbag.py:538} INFO - Filling up the DagBag from /home/airflow/.local/lib/python3.8/site-packages/airflow/example_dags/example_branch_day_of_week_operator.py
[2025-08-19T22:23:14.285+0000] {processor.py:840} INFO - DAG(s) 'example_weekday_branch_operator' retrieved from /home/airflow/.local/lib/python3.8/site-packages/airflow/example_dags/example_branch_day_of_week_operator.py
[2025-08-19T22:23:14.294+0000] {logging_mixin.py:188} INFO - [2025-08-19T22:23:14.293+0000] {dag.py:3036} INFO - Sync 1 DAGs
[2025-08-19T22:23:14.305+0000] {logging_mixin.py:188} INFO - [2025-08-19T22:23:14.305+0000] {dag.py:3823} INFO - Setting next_dagrun for example_weekday_branch_operator to 2025-08-18 00:00:00+00:00, run_after=2025-08-19 00:00:00+00:00
[2025-08-19T22:23:14.313+0000] {processor.py:183} INFO - Processing /home/airflow/.local/lib/python3.8/site-packages/airflow/example_dags/example_branch_day_of_week_operator.py took 0.036 seconds
[2025-08-19T22:23:44.774+0000] {processor.py:161} INFO - Started process (PID=477) to work on /home/airflow/.local/lib/python3.8/site-packages/airflow/example_dags/example_branch_day_of_week_operator.py
[2025-08-19T22:23:44.774+0000] {processor.py:830} INFO - Processing file /home/airflow/.local/lib/python3.8/site-packages/airflow/example_dags/example_branch_day_of_week_operator.py for tasks to queue
[2025-08-19T22:23:44.775+0000] {logging_mixin.py:188} INFO - [2025-08-19T22:23:44.775+0000] {dagbag.py:538} INFO - Filling up the DagBag from /home/airflow/.local/lib/python3.8/site-packages/airflow/example_dags/example_branch_day_of_week_operator.py
[2025-08-19T22:23:44.778+0000] {processor.py:840} INFO - DAG(s) 'example_weekday_branch_operator' retrieved from /home/airflow/.local/lib/python3.8/site-packages/airflow/example_dags/example_branch_day_of_week_operator.py
[2025-08-19T22:23:44.788+0000] {logging_mixin.py:188} INFO - [2025-08-19T22:23:44.788+0000] {dag.py:3036} INFO - Sync 1 DAGs
[2025-08-19T22:23:44.798+0000] {logging_mixin.py:188} INFO - [2025-08-19T22:23:44.798+0000] {dag.py:3823} INFO - Setting next_dagrun for example_weekday_branch_operator to 2025-08-18 00:00:00+00:00, run_after=2025-08-19 00:00:00+00:00
[2025-08-19T22:23:44.806+0000] {processor.py:183} INFO - Processing /home/airflow/.local/lib/python3.8/site-packages/airflow/example_dags/example_branch_day_of_week_operator.py took 0.034 seconds
[2025-08-19T22:24:15.184+0000] {processor.py:161} INFO - Started process (PID=533) to work on /home/airflow/.local/lib/python3.8/site-packages/airflow/example_dags/example_branch_day_of_week_operator.py
[2025-08-19T22:24:15.185+0000] {processor.py:830} INFO - Processing file /home/airflow/.local/lib/python3.8/site-packages/airflow/example_dags/example_branch_day_of_week_operator.py for tasks to queue
[2025-08-19T22:24:15.186+0000] {logging_mixin.py:188} INFO - [2025-08-19T22:24:15.185+0000] {dagbag.py:538} INFO - Filling up the DagBag from /home/airflow/.local/lib/python3.8/site-packages/airflow/example_dags/example_branch_day_of_week_operator.py
[2025-08-19T22:24:15.188+0000] {processor.py:840} INFO - DAG(s) 'example_weekday_branch_operator' retrieved from /home/airflow/.local/lib/python3.8/site-packages/airflow/example_dags/example_branch_day_of_week_operator.py
[2025-08-19T22:24:15.198+0000] {logging_mixin.py:188} INFO - [2025-08-19T22:24:15.198+0000] {dag.py:3036} INFO - Sync 1 DAGs
[2025-08-19T22:24:15.206+0000] {logging_mixin.py:188} INFO - [2025-08-19T22:24:15.206+0000] {dag.py:3823} INFO - Setting next_dagrun for example_weekday_branch_operator to 2025-08-18 00:00:00+00:00, run_after=2025-08-19 00:00:00+00:00
[2025-08-19T22:24:15.214+0000] {processor.py:183} INFO - Processing /home/airflow/.local/lib/python3.8/site-packages/airflow/example_dags/example_branch_day_of_week_operator.py took 0.031 seconds
[2025-08-19T22:24:45.655+0000] {processor.py:161} INFO - Started process (PID=589) to work on /home/airflow/.local/lib/python3.8/site-packages/airflow/example_dags/example_branch_day_of_week_operator.py
[2025-08-19T22:24:45.656+0000] {processor.py:830} INFO - Processing file /home/airflow/.local/lib/python3.8/site-packages/airflow/example_dags/example_branch_day_of_week_operator.py for tasks to queue
[2025-08-19T22:24:45.657+0000] {logging_mixin.py:188} INFO - [2025-08-19T22:24:45.657+0000] {dagbag.py:538} INFO - Filling up the DagBag from /home/airflow/.local/lib/python3.8/site-packages/airflow/example_dags/example_branch_day_of_week_operator.py
[2025-08-19T22:24:45.660+0000] {processor.py:840} INFO - DAG(s) 'example_weekday_branch_operator' retrieved from /home/airflow/.local/lib/python3.8/site-packages/airflow/example_dags/example_branch_day_of_week_operator.py
[2025-08-19T22:24:45.670+0000] {logging_mixin.py:188} INFO - [2025-08-19T22:24:45.669+0000] {dag.py:3036} INFO - Sync 1 DAGs
[2025-08-19T22:24:45.678+0000] {logging_mixin.py:188} INFO - [2025-08-19T22:24:45.678+0000] {dag.py:3823} INFO - Setting next_dagrun for example_weekday_branch_operator to 2025-08-18 00:00:00+00:00, run_after=2025-08-19 00:00:00+00:00
[2025-08-19T22:24:45.684+0000] {processor.py:183} INFO - Processing /home/airflow/.local/lib/python3.8/site-packages/airflow/example_dags/example_branch_day_of_week_operator.py took 0.030 seconds
[2025-08-19T22:25:16.102+0000] {processor.py:161} INFO - Started process (PID=645) to work on /home/airflow/.local/lib/python3.8/site-packages/airflow/example_dags/example_branch_day_of_week_operator.py
[2025-08-19T22:25:16.103+0000] {processor.py:830} INFO - Processing file /home/airflow/.local/lib/python3.8/site-packages/airflow/example_dags/example_branch_day_of_week_operator.py for tasks to queue
[2025-08-19T22:25:16.104+0000] {logging_mixin.py:188} INFO - [2025-08-19T22:25:16.104+0000] {dagbag.py:538} INFO - Filling up the DagBag from /home/airflow/.local/lib/python3.8/site-packages/airflow/example_dags/example_branch_day_of_week_operator.py
[2025-08-19T22:25:16.107+0000] {processor.py:840} INFO - DAG(s) 'example_weekday_branch_operator' retrieved from /home/airflow/.local/lib/python3.8/site-packages/airflow/example_dags/example_branch_day_of_week_operator.py
[2025-08-19T22:25:16.118+0000] {logging_mixin.py:188} INFO - [2025-08-19T22:25:16.118+0000] {dag.py:3036} INFO - Sync 1 DAGs
[2025-08-19T22:25:16.126+0000] {logging_mixin.py:188} INFO - [2025-08-19T22:25:16.126+0000] {dag.py:3823} INFO - Setting next_dagrun for example_weekday_branch_operator to 2025-08-18 00:00:00+00:00, run_after=2025-08-19 00:00:00+00:00
[2025-08-19T22:25:16.132+0000] {processor.py:183} INFO - Processing /home/airflow/.local/lib/python3.8/site-packages/airflow/example_dags/example_branch_day_of_week_operator.py took 0.031 seconds
[2025-08-19T22:25:46.527+0000] {processor.py:161} INFO - Started process (PID=701) to work on /home/airflow/.local/lib/python3.8/site-packages/airflow/example_dags/example_branch_day_of_week_operator.py
[2025-08-19T22:25:46.528+0000] {processor.py:830} INFO - Processing file /home/airflow/.local/lib/python3.8/site-packages/airflow/example_dags/example_branch_day_of_week_operator.py for tasks to queue
[2025-08-19T22:25:46.529+0000] {logging_mixin.py:188} INFO - [2025-08-19T22:25:46.528+0000] {dagbag.py:538} INFO - Filling up the DagBag from /home/airflow/.local/lib/python3.8/site-packages/airflow/example_dags/example_branch_day_of_week_operator.py
[2025-08-19T22:25:46.531+0000] {processor.py:840} INFO - DAG(s) 'example_weekday_branch_operator' retrieved from /home/airflow/.local/lib/python3.8/site-packages/airflow/example_dags/example_branch_day_of_week_operator.py
[2025-08-19T22:25:46.541+0000] {logging_mixin.py:188} INFO - [2025-08-19T22:25:46.541+0000] {dag.py:3036} INFO - Sync 1 DAGs
[2025-08-19T22:25:46.548+0000] {logging_mixin.py:188} INFO - [2025-08-19T22:25:46.548+0000] {dag.py:3823} INFO - Setting next_dagrun for example_weekday_branch_operator to 2025-08-18 00:00:00+00:00, run_after=2025-08-19 00:00:00+00:00
[2025-08-19T22:25:46.558+0000] {processor.py:183} INFO - Processing /home/airflow/.local/lib/python3.8/site-packages/airflow/example_dags/example_branch_day_of_week_operator.py took 0.032 seconds
[2025-08-19T22:26:16.950+0000] {processor.py:161} INFO - Started process (PID=757) to work on /home/airflow/.local/lib/python3.8/site-packages/airflow/example_dags/example_branch_day_of_week_operator.py
[2025-08-19T22:26:16.951+0000] {processor.py:830} INFO - Processing file /home/airflow/.local/lib/python3.8/site-packages/airflow/example_dags/example_branch_day_of_week_operator.py for tasks to queue
[2025-08-19T22:26:16.952+0000] {logging_mixin.py:188} INFO - [2025-08-19T22:26:16.952+0000] {dagbag.py:538} INFO - Filling up the DagBag from /home/airflow/.local/lib/python3.8/site-packages/airflow/example_dags/example_branch_day_of_week_operator.py
[2025-08-19T22:26:16.956+0000] {processor.py:840} INFO - DAG(s) 'example_weekday_branch_operator' retrieved from /home/airflow/.local/lib/python3.8/site-packages/airflow/example_dags/example_branch_day_of_week_operator.py
[2025-08-19T22:26:16.966+0000] {logging_mixin.py:188} INFO - [2025-08-19T22:26:16.966+0000] {dag.py:3036} INFO - Sync 1 DAGs
[2025-08-19T22:26:16.975+0000] {logging_mixin.py:188} INFO - [2025-08-19T22:26:16.975+0000] {dag.py:3823} INFO - Setting next_dagrun for example_weekday_branch_operator to 2025-08-18 00:00:00+00:00, run_after=2025-08-19 00:00:00+00:00
[2025-08-19T22:26:16.981+0000] {processor.py:183} INFO - Processing /home/airflow/.local/lib/python3.8/site-packages/airflow/example_dags/example_branch_day_of_week_operator.py took 0.032 seconds
[2025-08-19T22:26:47.362+0000] {processor.py:161} INFO - Started process (PID=813) to work on /home/airflow/.local/lib/python3.8/site-packages/airflow/example_dags/example_branch_day_of_week_operator.py
[2025-08-19T22:26:47.364+0000] {processor.py:830} INFO - Processing file /home/airflow/.local/lib/python3.8/site-packages/airflow/example_dags/example_branch_day_of_week_operator.py for tasks to queue
[2025-08-19T22:26:47.364+0000] {logging_mixin.py:188} INFO - [2025-08-19T22:26:47.364+0000] {dagbag.py:538} INFO - Filling up the DagBag from /home/airflow/.local/lib/python3.8/site-packages/airflow/example_dags/example_branch_day_of_week_operator.py
[2025-08-19T22:26:47.367+0000] {processor.py:840} INFO - DAG(s) 'example_weekday_branch_operator' retrieved from /home/airflow/.local/lib/python3.8/site-packages/airflow/example_dags/example_branch_day_of_week_operator.py
[2025-08-19T22:26:47.377+0000] {logging_mixin.py:188} INFO - [2025-08-19T22:26:47.377+0000] {dag.py:3036} INFO - Sync 1 DAGs
[2025-08-19T22:26:47.386+0000] {logging_mixin.py:188} INFO - [2025-08-19T22:26:47.386+0000] {dag.py:3823} INFO - Setting next_dagrun for example_weekday_branch_operator to 2025-08-18 00:00:00+00:00, run_after=2025-08-19 00:00:00+00:00
[2025-08-19T22:26:47.392+0000] {processor.py:183} INFO - Processing /home/airflow/.local/lib/python3.8/site-packages/airflow/example_dags/example_branch_day_of_week_operator.py took 0.032 seconds
[2025-08-19T22:27:17.779+0000] {processor.py:161} INFO - Started process (PID=869) to work on /home/airflow/.local/lib/python3.8/site-packages/airflow/example_dags/example_branch_day_of_week_operator.py
[2025-08-19T22:27:17.780+0000] {processor.py:830} INFO - Processing file /home/airflow/.local/lib/python3.8/site-packages/airflow/example_dags/example_branch_day_of_week_operator.py for tasks to queue
[2025-08-19T22:27:17.781+0000] {logging_mixin.py:188} INFO - [2025-08-19T22:27:17.781+0000] {dagbag.py:538} INFO - Filling up the DagBag from /home/airflow/.local/lib/python3.8/site-packages/airflow/example_dags/example_branch_day_of_week_operator.py
[2025-08-19T22:27:17.784+0000] {processor.py:840} INFO - DAG(s) 'example_weekday_branch_operator' retrieved from /home/airflow/.local/lib/python3.8/site-packages/airflow/example_dags/example_branch_day_of_week_operator.py
[2025-08-19T22:27:17.793+0000] {logging_mixin.py:188} INFO - [2025-08-19T22:27:17.792+0000] {dag.py:3036} INFO - Sync 1 DAGs
[2025-08-19T22:27:17.801+0000] {logging_mixin.py:188} INFO - [2025-08-19T22:27:17.801+0000] {dag.py:3823} INFO - Setting next_dagrun for example_weekday_branch_operator to 2025-08-18 00:00:00+00:00, run_after=2025-08-19 00:00:00+00:00
[2025-08-19T22:27:17.806+0000] {processor.py:183} INFO - Processing /home/airflow/.local/lib/python3.8/site-packages/airflow/example_dags/example_branch_day_of_week_operator.py took 0.028 seconds
[2025-08-19T22:27:48.377+0000] {processor.py:161} INFO - Started process (PID=929) to work on /home/airflow/.local/lib/python3.8/site-packages/airflow/example_dags/example_branch_day_of_week_operator.py
[2025-08-19T22:27:48.378+0000] {processor.py:830} INFO - Processing file /home/airflow/.local/lib/python3.8/site-packages/airflow/example_dags/example_branch_day_of_week_operator.py for tasks to queue
[2025-08-19T22:27:48.379+0000] {logging_mixin.py:188} INFO - [2025-08-19T22:27:48.378+0000] {dagbag.py:538} INFO - Filling up the DagBag from /home/airflow/.local/lib/python3.8/site-packages/airflow/example_dags/example_branch_day_of_week_operator.py
[2025-08-19T22:27:48.381+0000] {processor.py:840} INFO - DAG(s) 'example_weekday_branch_operator' retrieved from /home/airflow/.local/lib/python3.8/site-packages/airflow/example_dags/example_branch_day_of_week_operator.py
[2025-08-19T22:27:48.395+0000] {logging_mixin.py:188} INFO - [2025-08-19T22:27:48.395+0000] {dag.py:3036} INFO - Sync 1 DAGs
[2025-08-19T22:27:48.403+0000] {logging_mixin.py:188} INFO - [2025-08-19T22:27:48.403+0000] {dag.py:3823} INFO - Setting next_dagrun for example_weekday_branch_operator to 2025-08-18 00:00:00+00:00, run_after=2025-08-19 00:00:00+00:00
[2025-08-19T22:27:48.409+0000] {processor.py:183} INFO - Processing /home/airflow/.local/lib/python3.8/site-packages/airflow/example_dags/example_branch_day_of_week_operator.py took 0.034 seconds
[2025-08-19T22:28:19.065+0000] {processor.py:161} INFO - Started process (PID=985) to work on /home/airflow/.local/lib/python3.8/site-packages/airflow/example_dags/example_branch_day_of_week_operator.py
[2025-08-19T22:28:19.065+0000] {processor.py:830} INFO - Processing file /home/airflow/.local/lib/python3.8/site-packages/airflow/example_dags/example_branch_day_of_week_operator.py for tasks to queue
[2025-08-19T22:28:19.066+0000] {logging_mixin.py:188} INFO - [2025-08-19T22:28:19.066+0000] {dagbag.py:538} INFO - Filling up the DagBag from /home/airflow/.local/lib/python3.8/site-packages/airflow/example_dags/example_branch_day_of_week_operator.py
[2025-08-19T22:28:19.069+0000] {processor.py:840} INFO - DAG(s) 'example_weekday_branch_operator' retrieved from /home/airflow/.local/lib/python3.8/site-packages/airflow/example_dags/example_branch_day_of_week_operator.py
[2025-08-19T22:28:19.077+0000] {logging_mixin.py:188} INFO - [2025-08-19T22:28:19.077+0000] {dag.py:3036} INFO - Sync 1 DAGs
[2025-08-19T22:28:19.085+0000] {logging_mixin.py:188} INFO - [2025-08-19T22:28:19.085+0000] {dag.py:3823} INFO - Setting next_dagrun for example_weekday_branch_operator to 2025-08-18 00:00:00+00:00, run_after=2025-08-19 00:00:00+00:00
[2025-08-19T22:28:19.091+0000] {processor.py:183} INFO - Processing /home/airflow/.local/lib/python3.8/site-packages/airflow/example_dags/example_branch_day_of_week_operator.py took 0.028 seconds
[2025-08-19T22:28:49.477+0000] {processor.py:161} INFO - Started process (PID=1041) to work on /home/airflow/.local/lib/python3.8/site-packages/airflow/example_dags/example_branch_day_of_week_operator.py
[2025-08-19T22:28:49.477+0000] {processor.py:830} INFO - Processing file /home/airflow/.local/lib/python3.8/site-packages/airflow/example_dags/example_branch_day_of_week_operator.py for tasks to queue
[2025-08-19T22:28:49.478+0000] {logging_mixin.py:188} INFO - [2025-08-19T22:28:49.478+0000] {dagbag.py:538} INFO - Filling up the DagBag from /home/airflow/.local/lib/python3.8/site-packages/airflow/example_dags/example_branch_day_of_week_operator.py
[2025-08-19T22:28:49.481+0000] {processor.py:840} INFO - DAG(s) 'example_weekday_branch_operator' retrieved from /home/airflow/.local/lib/python3.8/site-packages/airflow/example_dags/example_branch_day_of_week_operator.py
[2025-08-19T22:28:49.490+0000] {logging_mixin.py:188} INFO - [2025-08-19T22:28:49.490+0000] {dag.py:3036} INFO - Sync 1 DAGs
[2025-08-19T22:28:49.498+0000] {logging_mixin.py:188} INFO - [2025-08-19T22:28:49.498+0000] {dag.py:3823} INFO - Setting next_dagrun for example_weekday_branch_operator to 2025-08-18 00:00:00+00:00, run_after=2025-08-19 00:00:00+00:00
[2025-08-19T22:28:49.508+0000] {processor.py:183} INFO - Processing /home/airflow/.local/lib/python3.8/site-packages/airflow/example_dags/example_branch_day_of_week_operator.py took 0.033 seconds
[2025-08-19T22:29:20.016+0000] {processor.py:161} INFO - Started process (PID=1097) to work on /home/airflow/.local/lib/python3.8/site-packages/airflow/example_dags/example_branch_day_of_week_operator.py
[2025-08-19T22:29:20.016+0000] {processor.py:830} INFO - Processing file /home/airflow/.local/lib/python3.8/site-packages/airflow/example_dags/example_branch_day_of_week_operator.py for tasks to queue
[2025-08-19T22:29:20.017+0000] {logging_mixin.py:188} INFO - [2025-08-19T22:29:20.017+0000] {dagbag.py:538} INFO - Filling up the DagBag from /home/airflow/.local/lib/python3.8/site-packages/airflow/example_dags/example_branch_day_of_week_operator.py
[2025-08-19T22:29:20.020+0000] {processor.py:840} INFO - DAG(s) 'example_weekday_branch_operator' retrieved from /home/airflow/.local/lib/python3.8/site-packages/airflow/example_dags/example_branch_day_of_week_operator.py
[2025-08-19T22:29:20.031+0000] {logging_mixin.py:188} INFO - [2025-08-19T22:29:20.031+0000] {dag.py:3036} INFO - Sync 1 DAGs
[2025-08-19T22:29:20.040+0000] {logging_mixin.py:188} INFO - [2025-08-19T22:29:20.040+0000] {dag.py:3823} INFO - Setting next_dagrun for example_weekday_branch_operator to 2025-08-18 00:00:00+00:00, run_after=2025-08-19 00:00:00+00:00
[2025-08-19T22:29:20.050+0000] {processor.py:183} INFO - Processing /home/airflow/.local/lib/python3.8/site-packages/airflow/example_dags/example_branch_day_of_week_operator.py took 0.035 seconds
[2025-08-19T22:29:50.660+0000] {processor.py:161} INFO - Started process (PID=1153) to work on /home/airflow/.local/lib/python3.8/site-packages/airflow/example_dags/example_branch_day_of_week_operator.py
[2025-08-19T22:29:50.660+0000] {processor.py:830} INFO - Processing file /home/airflow/.local/lib/python3.8/site-packages/airflow/example_dags/example_branch_day_of_week_operator.py for tasks to queue
[2025-08-19T22:29:50.661+0000] {logging_mixin.py:188} INFO - [2025-08-19T22:29:50.661+0000] {dagbag.py:538} INFO - Filling up the DagBag from /home/airflow/.local/lib/python3.8/site-packages/airflow/example_dags/example_branch_day_of_week_operator.py
[2025-08-19T22:29:50.663+0000] {processor.py:840} INFO - DAG(s) 'example_weekday_branch_operator' retrieved from /home/airflow/.local/lib/python3.8/site-packages/airflow/example_dags/example_branch_day_of_week_operator.py
[2025-08-19T22:29:50.671+0000] {logging_mixin.py:188} INFO - [2025-08-19T22:29:50.671+0000] {dag.py:3036} INFO - Sync 1 DAGs
[2025-08-19T22:29:50.678+0000] {logging_mixin.py:188} INFO - [2025-08-19T22:29:50.678+0000] {dag.py:3823} INFO - Setting next_dagrun for example_weekday_branch_operator to 2025-08-18 00:00:00+00:00, run_after=2025-08-19 00:00:00+00:00
[2025-08-19T22:29:50.683+0000] {processor.py:183} INFO - Processing /home/airflow/.local/lib/python3.8/site-packages/airflow/example_dags/example_branch_day_of_week_operator.py took 0.025 seconds
[2025-08-19T22:30:21.104+0000] {processor.py:161} INFO - Started process (PID=1209) to work on /home/airflow/.local/lib/python3.8/site-packages/airflow/example_dags/example_branch_day_of_week_operator.py
[2025-08-19T22:30:21.107+0000] {processor.py:830} INFO - Processing file /home/airflow/.local/lib/python3.8/site-packages/airflow/example_dags/example_branch_day_of_week_operator.py for tasks to queue
[2025-08-19T22:30:21.109+0000] {logging_mixin.py:188} INFO - [2025-08-19T22:30:21.109+0000] {dagbag.py:538} INFO - Filling up the DagBag from /home/airflow/.local/lib/python3.8/site-packages/airflow/example_dags/example_branch_day_of_week_operator.py
[2025-08-19T22:30:21.112+0000] {processor.py:840} INFO - DAG(s) 'example_weekday_branch_operator' retrieved from /home/airflow/.local/lib/python3.8/site-packages/airflow/example_dags/example_branch_day_of_week_operator.py
[2025-08-19T22:30:21.123+0000] {logging_mixin.py:188} INFO - [2025-08-19T22:30:21.122+0000] {dag.py:3036} INFO - Sync 1 DAGs
[2025-08-19T22:30:21.134+0000] {logging_mixin.py:188} INFO - [2025-08-19T22:30:21.134+0000] {dag.py:3823} INFO - Setting next_dagrun for example_weekday_branch_operator to 2025-08-18 00:00:00+00:00, run_after=2025-08-19 00:00:00+00:00
[2025-08-19T22:30:21.143+0000] {processor.py:183} INFO - Processing /home/airflow/.local/lib/python3.8/site-packages/airflow/example_dags/example_branch_day_of_week_operator.py took 0.041 seconds
