[2025-08-19T21:50:08.448+0000] {processor.py:161} INFO - Started process (PID=80) to work on /home/airflow/.local/lib/python3.8/site-packages/airflow/example_dags/example_branch_operator_decorator.py
[2025-08-19T21:50:08.450+0000] {processor.py:830} INFO - Processing file /home/airflow/.local/lib/python3.8/site-packages/airflow/example_dags/example_branch_operator_decorator.py for tasks to queue
[2025-08-19T21:50:08.453+0000] {logging_mixin.py:188} INFO - [2025-08-19T21:50:08.452+0000] {dagbag.py:538} INFO - Filling up the DagBag from /home/airflow/.local/lib/python3.8/site-packages/airflow/example_dags/example_branch_operator_decorator.py
[2025-08-19T21:50:08.467+0000] {processor.py:840} INFO - DAG(s) 'example_branch_python_operator_decorator' retrieved from /home/airflow/.local/lib/python3.8/site-packages/airflow/example_dags/example_branch_operator_decorator.py
[2025-08-19T21:50:08.475+0000] {logging_mixin.py:188} INFO - [2025-08-19T21:50:08.475+0000] {dag.py:3036} INFO - Sync 1 DAGs
[2025-08-19T21:50:08.520+0000] {logging_mixin.py:188} INFO - [2025-08-19T21:50:08.520+0000] {dag.py:3823} INFO - Setting next_dagrun for example_branch_python_operator_decorator to 2025-08-18 00:00:00+00:00, run_after=2025-08-19 00:00:00+00:00
[2025-08-19T21:50:08.538+0000] {processor.py:183} INFO - Processing /home/airflow/.local/lib/python3.8/site-packages/airflow/example_dags/example_branch_operator_decorator.py took 0.097 seconds
[2025-08-19T21:50:38.810+0000] {processor.py:161} INFO - Started process (PID=136) to work on /home/airflow/.local/lib/python3.8/site-packages/airflow/example_dags/example_branch_operator_decorator.py
[2025-08-19T21:50:38.810+0000] {processor.py:830} INFO - Processing file /home/airflow/.local/lib/python3.8/site-packages/airflow/example_dags/example_branch_operator_decorator.py for tasks to queue
[2025-08-19T21:50:38.811+0000] {logging_mixin.py:188} INFO - [2025-08-19T21:50:38.811+0000] {dagbag.py:538} INFO - Filling up the DagBag from /home/airflow/.local/lib/python3.8/site-packages/airflow/example_dags/example_branch_operator_decorator.py
[2025-08-19T21:50:38.821+0000] {processor.py:840} INFO - DAG(s) 'example_branch_python_operator_decorator' retrieved from /home/airflow/.local/lib/python3.8/site-packages/airflow/example_dags/example_branch_operator_decorator.py
[2025-08-19T21:50:38.861+0000] {logging_mixin.py:188} INFO - [2025-08-19T21:50:38.861+0000] {dag.py:3036} INFO - Sync 1 DAGs
[2025-08-19T21:50:38.868+0000] {logging_mixin.py:188} INFO - [2025-08-19T21:50:38.868+0000] {dag.py:3823} INFO - Setting next_dagrun for example_branch_python_operator_decorator to 2025-08-18 00:00:00+00:00, run_after=2025-08-19 00:00:00+00:00
[2025-08-19T21:50:38.875+0000] {processor.py:183} INFO - Processing /home/airflow/.local/lib/python3.8/site-packages/airflow/example_dags/example_branch_operator_decorator.py took 0.068 seconds
[2025-08-19T21:51:09.405+0000] {processor.py:161} INFO - Started process (PID=191) to work on /home/airflow/.local/lib/python3.8/site-packages/airflow/example_dags/example_branch_operator_decorator.py
[2025-08-19T21:51:09.405+0000] {processor.py:830} INFO - Processing file /home/airflow/.local/lib/python3.8/site-packages/airflow/example_dags/example_branch_operator_decorator.py for tasks to queue
[2025-08-19T21:51:09.406+0000] {logging_mixin.py:188} INFO - [2025-08-19T21:51:09.406+0000] {dagbag.py:538} INFO - Filling up the DagBag from /home/airflow/.local/lib/python3.8/site-packages/airflow/example_dags/example_branch_operator_decorator.py
[2025-08-19T21:51:09.414+0000] {processor.py:840} INFO - DAG(s) 'example_branch_python_operator_decorator' retrieved from /home/airflow/.local/lib/python3.8/site-packages/airflow/example_dags/example_branch_operator_decorator.py
[2025-08-19T21:51:09.425+0000] {logging_mixin.py:188} INFO - [2025-08-19T21:51:09.425+0000] {dag.py:3036} INFO - Sync 1 DAGs
[2025-08-19T21:51:09.434+0000] {logging_mixin.py:188} INFO - [2025-08-19T21:51:09.434+0000] {dag.py:3823} INFO - Setting next_dagrun for example_branch_python_operator_decorator to 2025-08-18 00:00:00+00:00, run_after=2025-08-19 00:00:00+00:00
[2025-08-19T21:51:09.444+0000] {processor.py:183} INFO - Processing /home/airflow/.local/lib/python3.8/site-packages/airflow/example_dags/example_branch_operator_decorator.py took 0.041 seconds
[2025-08-19T21:51:39.911+0000] {processor.py:161} INFO - Started process (PID=253) to work on /home/airflow/.local/lib/python3.8/site-packages/airflow/example_dags/example_branch_operator_decorator.py
[2025-08-19T21:51:39.911+0000] {processor.py:830} INFO - Processing file /home/airflow/.local/lib/python3.8/site-packages/airflow/example_dags/example_branch_operator_decorator.py for tasks to queue
[2025-08-19T21:51:39.912+0000] {logging_mixin.py:188} INFO - [2025-08-19T21:51:39.912+0000] {dagbag.py:538} INFO - Filling up the DagBag from /home/airflow/.local/lib/python3.8/site-packages/airflow/example_dags/example_branch_operator_decorator.py
[2025-08-19T21:51:39.920+0000] {processor.py:840} INFO - DAG(s) 'example_branch_python_operator_decorator' retrieved from /home/airflow/.local/lib/python3.8/site-packages/airflow/example_dags/example_branch_operator_decorator.py
[2025-08-19T21:51:39.932+0000] {logging_mixin.py:188} INFO - [2025-08-19T21:51:39.932+0000] {dag.py:3036} INFO - Sync 1 DAGs
[2025-08-19T21:51:39.941+0000] {logging_mixin.py:188} INFO - [2025-08-19T21:51:39.941+0000] {dag.py:3823} INFO - Setting next_dagrun for example_branch_python_operator_decorator to 2025-08-18 00:00:00+00:00, run_after=2025-08-19 00:00:00+00:00
[2025-08-19T21:51:39.953+0000] {processor.py:183} INFO - Processing /home/airflow/.local/lib/python3.8/site-packages/airflow/example_dags/example_branch_operator_decorator.py took 0.044 seconds
[2025-08-19T21:52:10.688+0000] {processor.py:161} INFO - Started process (PID=309) to work on /home/airflow/.local/lib/python3.8/site-packages/airflow/example_dags/example_branch_operator_decorator.py
[2025-08-19T21:52:10.689+0000] {processor.py:830} INFO - Processing file /home/airflow/.local/lib/python3.8/site-packages/airflow/example_dags/example_branch_operator_decorator.py for tasks to queue
[2025-08-19T21:52:10.689+0000] {logging_mixin.py:188} INFO - [2025-08-19T21:52:10.689+0000] {dagbag.py:538} INFO - Filling up the DagBag from /home/airflow/.local/lib/python3.8/site-packages/airflow/example_dags/example_branch_operator_decorator.py
[2025-08-19T21:52:10.697+0000] {processor.py:840} INFO - DAG(s) 'example_branch_python_operator_decorator' retrieved from /home/airflow/.local/lib/python3.8/site-packages/airflow/example_dags/example_branch_operator_decorator.py
[2025-08-19T21:52:10.707+0000] {logging_mixin.py:188} INFO - [2025-08-19T21:52:10.707+0000] {dag.py:3036} INFO - Sync 1 DAGs
[2025-08-19T21:52:10.715+0000] {logging_mixin.py:188} INFO - [2025-08-19T21:52:10.715+0000] {dag.py:3823} INFO - Setting next_dagrun for example_branch_python_operator_decorator to 2025-08-18 00:00:00+00:00, run_after=2025-08-19 00:00:00+00:00
[2025-08-19T21:52:10.721+0000] {processor.py:183} INFO - Processing /home/airflow/.local/lib/python3.8/site-packages/airflow/example_dags/example_branch_operator_decorator.py took 0.035 seconds
[2025-08-19T21:52:41.409+0000] {processor.py:161} INFO - Started process (PID=365) to work on /home/airflow/.local/lib/python3.8/site-packages/airflow/example_dags/example_branch_operator_decorator.py
[2025-08-19T21:52:41.410+0000] {processor.py:830} INFO - Processing file /home/airflow/.local/lib/python3.8/site-packages/airflow/example_dags/example_branch_operator_decorator.py for tasks to queue
[2025-08-19T21:52:41.411+0000] {logging_mixin.py:188} INFO - [2025-08-19T21:52:41.411+0000] {dagbag.py:538} INFO - Filling up the DagBag from /home/airflow/.local/lib/python3.8/site-packages/airflow/example_dags/example_branch_operator_decorator.py
[2025-08-19T21:52:41.420+0000] {processor.py:840} INFO - DAG(s) 'example_branch_python_operator_decorator' retrieved from /home/airflow/.local/lib/python3.8/site-packages/airflow/example_dags/example_branch_operator_decorator.py
[2025-08-19T21:52:41.432+0000] {logging_mixin.py:188} INFO - [2025-08-19T21:52:41.432+0000] {dag.py:3036} INFO - Sync 1 DAGs
[2025-08-19T21:52:41.442+0000] {logging_mixin.py:188} INFO - [2025-08-19T21:52:41.442+0000] {dag.py:3823} INFO - Setting next_dagrun for example_branch_python_operator_decorator to 2025-08-18 00:00:00+00:00, run_after=2025-08-19 00:00:00+00:00
[2025-08-19T21:52:41.453+0000] {processor.py:183} INFO - Processing /home/airflow/.local/lib/python3.8/site-packages/airflow/example_dags/example_branch_operator_decorator.py took 0.046 seconds
[2025-08-19T21:53:12.051+0000] {processor.py:161} INFO - Started process (PID=421) to work on /home/airflow/.local/lib/python3.8/site-packages/airflow/example_dags/example_branch_operator_decorator.py
[2025-08-19T21:53:12.052+0000] {processor.py:830} INFO - Processing file /home/airflow/.local/lib/python3.8/site-packages/airflow/example_dags/example_branch_operator_decorator.py for tasks to queue
[2025-08-19T21:53:12.053+0000] {logging_mixin.py:188} INFO - [2025-08-19T21:53:12.053+0000] {dagbag.py:538} INFO - Filling up the DagBag from /home/airflow/.local/lib/python3.8/site-packages/airflow/example_dags/example_branch_operator_decorator.py
[2025-08-19T21:53:12.061+0000] {processor.py:840} INFO - DAG(s) 'example_branch_python_operator_decorator' retrieved from /home/airflow/.local/lib/python3.8/site-packages/airflow/example_dags/example_branch_operator_decorator.py
[2025-08-19T21:53:12.073+0000] {logging_mixin.py:188} INFO - [2025-08-19T21:53:12.073+0000] {dag.py:3036} INFO - Sync 1 DAGs
[2025-08-19T21:53:12.083+0000] {logging_mixin.py:188} INFO - [2025-08-19T21:53:12.083+0000] {dag.py:3823} INFO - Setting next_dagrun for example_branch_python_operator_decorator to 2025-08-18 00:00:00+00:00, run_after=2025-08-19 00:00:00+00:00
[2025-08-19T21:53:12.092+0000] {processor.py:183} INFO - Processing /home/airflow/.local/lib/python3.8/site-packages/airflow/example_dags/example_branch_operator_decorator.py took 0.042 seconds
[2025-08-19T21:53:42.694+0000] {processor.py:161} INFO - Started process (PID=477) to work on /home/airflow/.local/lib/python3.8/site-packages/airflow/example_dags/example_branch_operator_decorator.py
[2025-08-19T21:53:42.695+0000] {processor.py:830} INFO - Processing file /home/airflow/.local/lib/python3.8/site-packages/airflow/example_dags/example_branch_operator_decorator.py for tasks to queue
[2025-08-19T21:53:42.696+0000] {logging_mixin.py:188} INFO - [2025-08-19T21:53:42.696+0000] {dagbag.py:538} INFO - Filling up the DagBag from /home/airflow/.local/lib/python3.8/site-packages/airflow/example_dags/example_branch_operator_decorator.py
[2025-08-19T21:53:42.706+0000] {processor.py:840} INFO - DAG(s) 'example_branch_python_operator_decorator' retrieved from /home/airflow/.local/lib/python3.8/site-packages/airflow/example_dags/example_branch_operator_decorator.py
[2025-08-19T21:53:42.719+0000] {logging_mixin.py:188} INFO - [2025-08-19T21:53:42.719+0000] {dag.py:3036} INFO - Sync 1 DAGs
[2025-08-19T21:53:42.731+0000] {logging_mixin.py:188} INFO - [2025-08-19T21:53:42.731+0000] {dag.py:3823} INFO - Setting next_dagrun for example_branch_python_operator_decorator to 2025-08-18 00:00:00+00:00, run_after=2025-08-19 00:00:00+00:00
[2025-08-19T21:53:42.741+0000] {processor.py:183} INFO - Processing /home/airflow/.local/lib/python3.8/site-packages/airflow/example_dags/example_branch_operator_decorator.py took 0.049 seconds
[2025-08-19T21:54:13.281+0000] {processor.py:161} INFO - Started process (PID=533) to work on /home/airflow/.local/lib/python3.8/site-packages/airflow/example_dags/example_branch_operator_decorator.py
[2025-08-19T21:54:13.282+0000] {processor.py:830} INFO - Processing file /home/airflow/.local/lib/python3.8/site-packages/airflow/example_dags/example_branch_operator_decorator.py for tasks to queue
[2025-08-19T21:54:13.284+0000] {logging_mixin.py:188} INFO - [2025-08-19T21:54:13.284+0000] {dagbag.py:538} INFO - Filling up the DagBag from /home/airflow/.local/lib/python3.8/site-packages/airflow/example_dags/example_branch_operator_decorator.py
[2025-08-19T21:54:13.293+0000] {processor.py:840} INFO - DAG(s) 'example_branch_python_operator_decorator' retrieved from /home/airflow/.local/lib/python3.8/site-packages/airflow/example_dags/example_branch_operator_decorator.py
[2025-08-19T21:54:13.303+0000] {logging_mixin.py:188} INFO - [2025-08-19T21:54:13.303+0000] {dag.py:3036} INFO - Sync 1 DAGs
[2025-08-19T21:54:13.311+0000] {logging_mixin.py:188} INFO - [2025-08-19T21:54:13.311+0000] {dag.py:3823} INFO - Setting next_dagrun for example_branch_python_operator_decorator to 2025-08-18 00:00:00+00:00, run_after=2025-08-19 00:00:00+00:00
[2025-08-19T21:54:13.325+0000] {processor.py:183} INFO - Processing /home/airflow/.local/lib/python3.8/site-packages/airflow/example_dags/example_branch_operator_decorator.py took 0.045 seconds
[2025-08-19T21:54:43.887+0000] {processor.py:161} INFO - Started process (PID=589) to work on /home/airflow/.local/lib/python3.8/site-packages/airflow/example_dags/example_branch_operator_decorator.py
[2025-08-19T21:54:43.890+0000] {processor.py:830} INFO - Processing file /home/airflow/.local/lib/python3.8/site-packages/airflow/example_dags/example_branch_operator_decorator.py for tasks to queue
[2025-08-19T21:54:43.890+0000] {logging_mixin.py:188} INFO - [2025-08-19T21:54:43.890+0000] {dagbag.py:538} INFO - Filling up the DagBag from /home/airflow/.local/lib/python3.8/site-packages/airflow/example_dags/example_branch_operator_decorator.py
[2025-08-19T21:54:43.898+0000] {processor.py:840} INFO - DAG(s) 'example_branch_python_operator_decorator' retrieved from /home/airflow/.local/lib/python3.8/site-packages/airflow/example_dags/example_branch_operator_decorator.py
[2025-08-19T21:54:43.911+0000] {logging_mixin.py:188} INFO - [2025-08-19T21:54:43.911+0000] {dag.py:3036} INFO - Sync 1 DAGs
[2025-08-19T21:54:43.921+0000] {logging_mixin.py:188} INFO - [2025-08-19T21:54:43.921+0000] {dag.py:3823} INFO - Setting next_dagrun for example_branch_python_operator_decorator to 2025-08-18 00:00:00+00:00, run_after=2025-08-19 00:00:00+00:00
[2025-08-19T21:54:43.931+0000] {processor.py:183} INFO - Processing /home/airflow/.local/lib/python3.8/site-packages/airflow/example_dags/example_branch_operator_decorator.py took 0.047 seconds
[2025-08-19T21:55:14.405+0000] {processor.py:161} INFO - Started process (PID=645) to work on /home/airflow/.local/lib/python3.8/site-packages/airflow/example_dags/example_branch_operator_decorator.py
[2025-08-19T21:55:14.406+0000] {processor.py:830} INFO - Processing file /home/airflow/.local/lib/python3.8/site-packages/airflow/example_dags/example_branch_operator_decorator.py for tasks to queue
[2025-08-19T21:55:14.407+0000] {logging_mixin.py:188} INFO - [2025-08-19T21:55:14.407+0000] {dagbag.py:538} INFO - Filling up the DagBag from /home/airflow/.local/lib/python3.8/site-packages/airflow/example_dags/example_branch_operator_decorator.py
[2025-08-19T21:55:14.414+0000] {processor.py:840} INFO - DAG(s) 'example_branch_python_operator_decorator' retrieved from /home/airflow/.local/lib/python3.8/site-packages/airflow/example_dags/example_branch_operator_decorator.py
[2025-08-19T21:55:14.427+0000] {logging_mixin.py:188} INFO - [2025-08-19T21:55:14.427+0000] {dag.py:3036} INFO - Sync 1 DAGs
[2025-08-19T21:55:14.434+0000] {logging_mixin.py:188} INFO - [2025-08-19T21:55:14.434+0000] {dag.py:3823} INFO - Setting next_dagrun for example_branch_python_operator_decorator to 2025-08-18 00:00:00+00:00, run_after=2025-08-19 00:00:00+00:00
[2025-08-19T21:55:14.443+0000] {processor.py:183} INFO - Processing /home/airflow/.local/lib/python3.8/site-packages/airflow/example_dags/example_branch_operator_decorator.py took 0.039 seconds
[2025-08-19T21:55:45.086+0000] {processor.py:161} INFO - Started process (PID=701) to work on /home/airflow/.local/lib/python3.8/site-packages/airflow/example_dags/example_branch_operator_decorator.py
[2025-08-19T21:55:45.087+0000] {processor.py:830} INFO - Processing file /home/airflow/.local/lib/python3.8/site-packages/airflow/example_dags/example_branch_operator_decorator.py for tasks to queue
[2025-08-19T21:55:45.088+0000] {logging_mixin.py:188} INFO - [2025-08-19T21:55:45.088+0000] {dagbag.py:538} INFO - Filling up the DagBag from /home/airflow/.local/lib/python3.8/site-packages/airflow/example_dags/example_branch_operator_decorator.py
[2025-08-19T21:55:45.099+0000] {processor.py:840} INFO - DAG(s) 'example_branch_python_operator_decorator' retrieved from /home/airflow/.local/lib/python3.8/site-packages/airflow/example_dags/example_branch_operator_decorator.py
[2025-08-19T21:55:45.111+0000] {logging_mixin.py:188} INFO - [2025-08-19T21:55:45.111+0000] {dag.py:3036} INFO - Sync 1 DAGs
[2025-08-19T21:55:45.121+0000] {logging_mixin.py:188} INFO - [2025-08-19T21:55:45.121+0000] {dag.py:3823} INFO - Setting next_dagrun for example_branch_python_operator_decorator to 2025-08-18 00:00:00+00:00, run_after=2025-08-19 00:00:00+00:00
[2025-08-19T21:55:45.131+0000] {processor.py:183} INFO - Processing /home/airflow/.local/lib/python3.8/site-packages/airflow/example_dags/example_branch_operator_decorator.py took 0.047 seconds
[2025-08-19T21:56:15.681+0000] {processor.py:161} INFO - Started process (PID=757) to work on /home/airflow/.local/lib/python3.8/site-packages/airflow/example_dags/example_branch_operator_decorator.py
[2025-08-19T21:56:15.682+0000] {processor.py:830} INFO - Processing file /home/airflow/.local/lib/python3.8/site-packages/airflow/example_dags/example_branch_operator_decorator.py for tasks to queue
[2025-08-19T21:56:15.683+0000] {logging_mixin.py:188} INFO - [2025-08-19T21:56:15.683+0000] {dagbag.py:538} INFO - Filling up the DagBag from /home/airflow/.local/lib/python3.8/site-packages/airflow/example_dags/example_branch_operator_decorator.py
[2025-08-19T21:56:15.692+0000] {processor.py:840} INFO - DAG(s) 'example_branch_python_operator_decorator' retrieved from /home/airflow/.local/lib/python3.8/site-packages/airflow/example_dags/example_branch_operator_decorator.py
[2025-08-19T21:56:15.703+0000] {logging_mixin.py:188} INFO - [2025-08-19T21:56:15.703+0000] {dag.py:3036} INFO - Sync 1 DAGs
[2025-08-19T21:56:15.712+0000] {logging_mixin.py:188} INFO - [2025-08-19T21:56:15.712+0000] {dag.py:3823} INFO - Setting next_dagrun for example_branch_python_operator_decorator to 2025-08-18 00:00:00+00:00, run_after=2025-08-19 00:00:00+00:00
[2025-08-19T21:56:15.720+0000] {processor.py:183} INFO - Processing /home/airflow/.local/lib/python3.8/site-packages/airflow/example_dags/example_branch_operator_decorator.py took 0.041 seconds
[2025-08-19T21:56:46.305+0000] {processor.py:161} INFO - Started process (PID=813) to work on /home/airflow/.local/lib/python3.8/site-packages/airflow/example_dags/example_branch_operator_decorator.py
[2025-08-19T21:56:46.306+0000] {processor.py:830} INFO - Processing file /home/airflow/.local/lib/python3.8/site-packages/airflow/example_dags/example_branch_operator_decorator.py for tasks to queue
[2025-08-19T21:56:46.307+0000] {logging_mixin.py:188} INFO - [2025-08-19T21:56:46.306+0000] {dagbag.py:538} INFO - Filling up the DagBag from /home/airflow/.local/lib/python3.8/site-packages/airflow/example_dags/example_branch_operator_decorator.py
[2025-08-19T21:56:46.315+0000] {processor.py:840} INFO - DAG(s) 'example_branch_python_operator_decorator' retrieved from /home/airflow/.local/lib/python3.8/site-packages/airflow/example_dags/example_branch_operator_decorator.py
[2025-08-19T21:56:46.327+0000] {logging_mixin.py:188} INFO - [2025-08-19T21:56:46.327+0000] {dag.py:3036} INFO - Sync 1 DAGs
[2025-08-19T21:56:46.335+0000] {logging_mixin.py:188} INFO - [2025-08-19T21:56:46.335+0000] {dag.py:3823} INFO - Setting next_dagrun for example_branch_python_operator_decorator to 2025-08-18 00:00:00+00:00, run_after=2025-08-19 00:00:00+00:00
[2025-08-19T21:56:46.343+0000] {processor.py:183} INFO - Processing /home/airflow/.local/lib/python3.8/site-packages/airflow/example_dags/example_branch_operator_decorator.py took 0.039 seconds
[2025-08-19T21:57:16.954+0000] {processor.py:161} INFO - Started process (PID=869) to work on /home/airflow/.local/lib/python3.8/site-packages/airflow/example_dags/example_branch_operator_decorator.py
[2025-08-19T21:57:16.955+0000] {processor.py:830} INFO - Processing file /home/airflow/.local/lib/python3.8/site-packages/airflow/example_dags/example_branch_operator_decorator.py for tasks to queue
[2025-08-19T21:57:16.956+0000] {logging_mixin.py:188} INFO - [2025-08-19T21:57:16.956+0000] {dagbag.py:538} INFO - Filling up the DagBag from /home/airflow/.local/lib/python3.8/site-packages/airflow/example_dags/example_branch_operator_decorator.py
[2025-08-19T21:57:16.967+0000] {processor.py:840} INFO - DAG(s) 'example_branch_python_operator_decorator' retrieved from /home/airflow/.local/lib/python3.8/site-packages/airflow/example_dags/example_branch_operator_decorator.py
[2025-08-19T21:57:16.981+0000] {logging_mixin.py:188} INFO - [2025-08-19T21:57:16.981+0000] {dag.py:3036} INFO - Sync 1 DAGs
[2025-08-19T21:57:16.993+0000] {logging_mixin.py:188} INFO - [2025-08-19T21:57:16.993+0000] {dag.py:3823} INFO - Setting next_dagrun for example_branch_python_operator_decorator to 2025-08-18 00:00:00+00:00, run_after=2025-08-19 00:00:00+00:00
[2025-08-19T21:57:17.001+0000] {processor.py:183} INFO - Processing /home/airflow/.local/lib/python3.8/site-packages/airflow/example_dags/example_branch_operator_decorator.py took 0.049 seconds
[2025-08-19T21:57:47.525+0000] {processor.py:161} INFO - Started process (PID=925) to work on /home/airflow/.local/lib/python3.8/site-packages/airflow/example_dags/example_branch_operator_decorator.py
[2025-08-19T21:57:47.526+0000] {processor.py:830} INFO - Processing file /home/airflow/.local/lib/python3.8/site-packages/airflow/example_dags/example_branch_operator_decorator.py for tasks to queue
[2025-08-19T21:57:47.527+0000] {logging_mixin.py:188} INFO - [2025-08-19T21:57:47.527+0000] {dagbag.py:538} INFO - Filling up the DagBag from /home/airflow/.local/lib/python3.8/site-packages/airflow/example_dags/example_branch_operator_decorator.py
[2025-08-19T21:57:47.536+0000] {processor.py:840} INFO - DAG(s) 'example_branch_python_operator_decorator' retrieved from /home/airflow/.local/lib/python3.8/site-packages/airflow/example_dags/example_branch_operator_decorator.py
[2025-08-19T21:57:47.550+0000] {logging_mixin.py:188} INFO - [2025-08-19T21:57:47.549+0000] {dag.py:3036} INFO - Sync 1 DAGs
[2025-08-19T21:57:47.558+0000] {logging_mixin.py:188} INFO - [2025-08-19T21:57:47.558+0000] {dag.py:3823} INFO - Setting next_dagrun for example_branch_python_operator_decorator to 2025-08-18 00:00:00+00:00, run_after=2025-08-19 00:00:00+00:00
[2025-08-19T21:57:47.565+0000] {processor.py:183} INFO - Processing /home/airflow/.local/lib/python3.8/site-packages/airflow/example_dags/example_branch_operator_decorator.py took 0.041 seconds
[2025-08-19T21:58:18.088+0000] {processor.py:161} INFO - Started process (PID=981) to work on /home/airflow/.local/lib/python3.8/site-packages/airflow/example_dags/example_branch_operator_decorator.py
[2025-08-19T21:58:18.088+0000] {processor.py:830} INFO - Processing file /home/airflow/.local/lib/python3.8/site-packages/airflow/example_dags/example_branch_operator_decorator.py for tasks to queue
[2025-08-19T21:58:18.090+0000] {logging_mixin.py:188} INFO - [2025-08-19T21:58:18.090+0000] {dagbag.py:538} INFO - Filling up the DagBag from /home/airflow/.local/lib/python3.8/site-packages/airflow/example_dags/example_branch_operator_decorator.py
[2025-08-19T21:58:18.100+0000] {processor.py:840} INFO - DAG(s) 'example_branch_python_operator_decorator' retrieved from /home/airflow/.local/lib/python3.8/site-packages/airflow/example_dags/example_branch_operator_decorator.py
[2025-08-19T21:58:18.111+0000] {logging_mixin.py:188} INFO - [2025-08-19T21:58:18.110+0000] {dag.py:3036} INFO - Sync 1 DAGs
[2025-08-19T21:58:18.120+0000] {logging_mixin.py:188} INFO - [2025-08-19T21:58:18.120+0000] {dag.py:3823} INFO - Setting next_dagrun for example_branch_python_operator_decorator to 2025-08-18 00:00:00+00:00, run_after=2025-08-19 00:00:00+00:00
[2025-08-19T21:58:18.129+0000] {processor.py:183} INFO - Processing /home/airflow/.local/lib/python3.8/site-packages/airflow/example_dags/example_branch_operator_decorator.py took 0.043 seconds
[2025-08-19T21:58:48.666+0000] {processor.py:161} INFO - Started process (PID=1037) to work on /home/airflow/.local/lib/python3.8/site-packages/airflow/example_dags/example_branch_operator_decorator.py
[2025-08-19T21:58:48.667+0000] {processor.py:830} INFO - Processing file /home/airflow/.local/lib/python3.8/site-packages/airflow/example_dags/example_branch_operator_decorator.py for tasks to queue
[2025-08-19T21:58:48.668+0000] {logging_mixin.py:188} INFO - [2025-08-19T21:58:48.668+0000] {dagbag.py:538} INFO - Filling up the DagBag from /home/airflow/.local/lib/python3.8/site-packages/airflow/example_dags/example_branch_operator_decorator.py
[2025-08-19T21:58:48.676+0000] {processor.py:840} INFO - DAG(s) 'example_branch_python_operator_decorator' retrieved from /home/airflow/.local/lib/python3.8/site-packages/airflow/example_dags/example_branch_operator_decorator.py
[2025-08-19T21:58:48.690+0000] {logging_mixin.py:188} INFO - [2025-08-19T21:58:48.690+0000] {dag.py:3036} INFO - Sync 1 DAGs
[2025-08-19T21:58:48.699+0000] {logging_mixin.py:188} INFO - [2025-08-19T21:58:48.699+0000] {dag.py:3823} INFO - Setting next_dagrun for example_branch_python_operator_decorator to 2025-08-18 00:00:00+00:00, run_after=2025-08-19 00:00:00+00:00
[2025-08-19T21:58:48.706+0000] {processor.py:183} INFO - Processing /home/airflow/.local/lib/python3.8/site-packages/airflow/example_dags/example_branch_operator_decorator.py took 0.042 seconds
[2025-08-19T21:59:19.169+0000] {processor.py:161} INFO - Started process (PID=1093) to work on /home/airflow/.local/lib/python3.8/site-packages/airflow/example_dags/example_branch_operator_decorator.py
[2025-08-19T21:59:19.172+0000] {processor.py:830} INFO - Processing file /home/airflow/.local/lib/python3.8/site-packages/airflow/example_dags/example_branch_operator_decorator.py for tasks to queue
[2025-08-19T21:59:19.173+0000] {logging_mixin.py:188} INFO - [2025-08-19T21:59:19.173+0000] {dagbag.py:538} INFO - Filling up the DagBag from /home/airflow/.local/lib/python3.8/site-packages/airflow/example_dags/example_branch_operator_decorator.py
[2025-08-19T21:59:19.182+0000] {processor.py:840} INFO - DAG(s) 'example_branch_python_operator_decorator' retrieved from /home/airflow/.local/lib/python3.8/site-packages/airflow/example_dags/example_branch_operator_decorator.py
[2025-08-19T21:59:19.193+0000] {logging_mixin.py:188} INFO - [2025-08-19T21:59:19.192+0000] {dag.py:3036} INFO - Sync 1 DAGs
[2025-08-19T21:59:19.203+0000] {logging_mixin.py:188} INFO - [2025-08-19T21:59:19.202+0000] {dag.py:3823} INFO - Setting next_dagrun for example_branch_python_operator_decorator to 2025-08-18 00:00:00+00:00, run_after=2025-08-19 00:00:00+00:00
[2025-08-19T21:59:19.212+0000] {processor.py:183} INFO - Processing /home/airflow/.local/lib/python3.8/site-packages/airflow/example_dags/example_branch_operator_decorator.py took 0.044 seconds
[2025-08-19T21:59:49.705+0000] {processor.py:161} INFO - Started process (PID=1149) to work on /home/airflow/.local/lib/python3.8/site-packages/airflow/example_dags/example_branch_operator_decorator.py
[2025-08-19T21:59:49.706+0000] {processor.py:830} INFO - Processing file /home/airflow/.local/lib/python3.8/site-packages/airflow/example_dags/example_branch_operator_decorator.py for tasks to queue
[2025-08-19T21:59:49.707+0000] {logging_mixin.py:188} INFO - [2025-08-19T21:59:49.707+0000] {dagbag.py:538} INFO - Filling up the DagBag from /home/airflow/.local/lib/python3.8/site-packages/airflow/example_dags/example_branch_operator_decorator.py
[2025-08-19T21:59:49.717+0000] {processor.py:840} INFO - DAG(s) 'example_branch_python_operator_decorator' retrieved from /home/airflow/.local/lib/python3.8/site-packages/airflow/example_dags/example_branch_operator_decorator.py
[2025-08-19T21:59:49.730+0000] {logging_mixin.py:188} INFO - [2025-08-19T21:59:49.730+0000] {dag.py:3036} INFO - Sync 1 DAGs
[2025-08-19T21:59:49.738+0000] {logging_mixin.py:188} INFO - [2025-08-19T21:59:49.738+0000] {dag.py:3823} INFO - Setting next_dagrun for example_branch_python_operator_decorator to 2025-08-18 00:00:00+00:00, run_after=2025-08-19 00:00:00+00:00
[2025-08-19T21:59:49.744+0000] {processor.py:183} INFO - Processing /home/airflow/.local/lib/python3.8/site-packages/airflow/example_dags/example_branch_operator_decorator.py took 0.040 seconds
[2025-08-19T22:00:20.280+0000] {processor.py:161} INFO - Started process (PID=1205) to work on /home/airflow/.local/lib/python3.8/site-packages/airflow/example_dags/example_branch_operator_decorator.py
[2025-08-19T22:00:20.280+0000] {processor.py:830} INFO - Processing file /home/airflow/.local/lib/python3.8/site-packages/airflow/example_dags/example_branch_operator_decorator.py for tasks to queue
[2025-08-19T22:00:20.281+0000] {logging_mixin.py:188} INFO - [2025-08-19T22:00:20.281+0000] {dagbag.py:538} INFO - Filling up the DagBag from /home/airflow/.local/lib/python3.8/site-packages/airflow/example_dags/example_branch_operator_decorator.py
[2025-08-19T22:00:20.289+0000] {processor.py:840} INFO - DAG(s) 'example_branch_python_operator_decorator' retrieved from /home/airflow/.local/lib/python3.8/site-packages/airflow/example_dags/example_branch_operator_decorator.py
[2025-08-19T22:00:20.301+0000] {logging_mixin.py:188} INFO - [2025-08-19T22:00:20.301+0000] {dag.py:3036} INFO - Sync 1 DAGs
[2025-08-19T22:00:20.310+0000] {logging_mixin.py:188} INFO - [2025-08-19T22:00:20.310+0000] {dag.py:3823} INFO - Setting next_dagrun for example_branch_python_operator_decorator to 2025-08-18 00:00:00+00:00, run_after=2025-08-19 00:00:00+00:00
[2025-08-19T22:00:20.316+0000] {processor.py:183} INFO - Processing /home/airflow/.local/lib/python3.8/site-packages/airflow/example_dags/example_branch_operator_decorator.py took 0.038 seconds
[2025-08-19T22:00:50.816+0000] {processor.py:161} INFO - Started process (PID=1261) to work on /home/airflow/.local/lib/python3.8/site-packages/airflow/example_dags/example_branch_operator_decorator.py
[2025-08-19T22:00:50.817+0000] {processor.py:830} INFO - Processing file /home/airflow/.local/lib/python3.8/site-packages/airflow/example_dags/example_branch_operator_decorator.py for tasks to queue
[2025-08-19T22:00:50.819+0000] {logging_mixin.py:188} INFO - [2025-08-19T22:00:50.819+0000] {dagbag.py:538} INFO - Filling up the DagBag from /home/airflow/.local/lib/python3.8/site-packages/airflow/example_dags/example_branch_operator_decorator.py
[2025-08-19T22:00:50.827+0000] {processor.py:840} INFO - DAG(s) 'example_branch_python_operator_decorator' retrieved from /home/airflow/.local/lib/python3.8/site-packages/airflow/example_dags/example_branch_operator_decorator.py
[2025-08-19T22:00:50.840+0000] {logging_mixin.py:188} INFO - [2025-08-19T22:00:50.840+0000] {dag.py:3036} INFO - Sync 1 DAGs
[2025-08-19T22:00:50.850+0000] {logging_mixin.py:188} INFO - [2025-08-19T22:00:50.850+0000] {dag.py:3823} INFO - Setting next_dagrun for example_branch_python_operator_decorator to 2025-08-18 00:00:00+00:00, run_after=2025-08-19 00:00:00+00:00
[2025-08-19T22:00:50.860+0000] {processor.py:183} INFO - Processing /home/airflow/.local/lib/python3.8/site-packages/airflow/example_dags/example_branch_operator_decorator.py took 0.045 seconds
[2025-08-19T22:01:21.782+0000] {processor.py:161} INFO - Started process (PID=1317) to work on /home/airflow/.local/lib/python3.8/site-packages/airflow/example_dags/example_branch_operator_decorator.py
[2025-08-19T22:01:21.783+0000] {processor.py:830} INFO - Processing file /home/airflow/.local/lib/python3.8/site-packages/airflow/example_dags/example_branch_operator_decorator.py for tasks to queue
[2025-08-19T22:01:21.786+0000] {logging_mixin.py:188} INFO - [2025-08-19T22:01:21.786+0000] {dagbag.py:538} INFO - Filling up the DagBag from /home/airflow/.local/lib/python3.8/site-packages/airflow/example_dags/example_branch_operator_decorator.py
[2025-08-19T22:01:21.799+0000] {processor.py:840} INFO - DAG(s) 'example_branch_python_operator_decorator' retrieved from /home/airflow/.local/lib/python3.8/site-packages/airflow/example_dags/example_branch_operator_decorator.py
[2025-08-19T22:01:21.824+0000] {logging_mixin.py:188} INFO - [2025-08-19T22:01:21.823+0000] {dag.py:3036} INFO - Sync 1 DAGs
[2025-08-19T22:01:21.835+0000] {logging_mixin.py:188} INFO - [2025-08-19T22:01:21.834+0000] {dag.py:3823} INFO - Setting next_dagrun for example_branch_python_operator_decorator to 2025-08-18 00:00:00+00:00, run_after=2025-08-19 00:00:00+00:00
[2025-08-19T22:01:21.848+0000] {processor.py:183} INFO - Processing /home/airflow/.local/lib/python3.8/site-packages/airflow/example_dags/example_branch_operator_decorator.py took 0.070 seconds
[2025-08-19T22:01:52.820+0000] {processor.py:161} INFO - Started process (PID=1373) to work on /home/airflow/.local/lib/python3.8/site-packages/airflow/example_dags/example_branch_operator_decorator.py
[2025-08-19T22:01:52.820+0000] {processor.py:830} INFO - Processing file /home/airflow/.local/lib/python3.8/site-packages/airflow/example_dags/example_branch_operator_decorator.py for tasks to queue
[2025-08-19T22:01:52.821+0000] {logging_mixin.py:188} INFO - [2025-08-19T22:01:52.821+0000] {dagbag.py:538} INFO - Filling up the DagBag from /home/airflow/.local/lib/python3.8/site-packages/airflow/example_dags/example_branch_operator_decorator.py
[2025-08-19T22:01:52.833+0000] {processor.py:840} INFO - DAG(s) 'example_branch_python_operator_decorator' retrieved from /home/airflow/.local/lib/python3.8/site-packages/airflow/example_dags/example_branch_operator_decorator.py
[2025-08-19T22:01:52.849+0000] {logging_mixin.py:188} INFO - [2025-08-19T22:01:52.848+0000] {dag.py:3036} INFO - Sync 1 DAGs
[2025-08-19T22:01:52.860+0000] {logging_mixin.py:188} INFO - [2025-08-19T22:01:52.859+0000] {dag.py:3823} INFO - Setting next_dagrun for example_branch_python_operator_decorator to 2025-08-18 00:00:00+00:00, run_after=2025-08-19 00:00:00+00:00
[2025-08-19T22:01:52.872+0000] {processor.py:183} INFO - Processing /home/airflow/.local/lib/python3.8/site-packages/airflow/example_dags/example_branch_operator_decorator.py took 0.055 seconds
[2025-08-19T22:02:23.721+0000] {processor.py:161} INFO - Started process (PID=1429) to work on /home/airflow/.local/lib/python3.8/site-packages/airflow/example_dags/example_branch_operator_decorator.py
[2025-08-19T22:02:23.722+0000] {processor.py:830} INFO - Processing file /home/airflow/.local/lib/python3.8/site-packages/airflow/example_dags/example_branch_operator_decorator.py for tasks to queue
[2025-08-19T22:02:23.723+0000] {logging_mixin.py:188} INFO - [2025-08-19T22:02:23.723+0000] {dagbag.py:538} INFO - Filling up the DagBag from /home/airflow/.local/lib/python3.8/site-packages/airflow/example_dags/example_branch_operator_decorator.py
[2025-08-19T22:02:23.733+0000] {processor.py:840} INFO - DAG(s) 'example_branch_python_operator_decorator' retrieved from /home/airflow/.local/lib/python3.8/site-packages/airflow/example_dags/example_branch_operator_decorator.py
[2025-08-19T22:02:23.750+0000] {logging_mixin.py:188} INFO - [2025-08-19T22:02:23.749+0000] {dag.py:3036} INFO - Sync 1 DAGs
[2025-08-19T22:02:23.761+0000] {logging_mixin.py:188} INFO - [2025-08-19T22:02:23.761+0000] {dag.py:3823} INFO - Setting next_dagrun for example_branch_python_operator_decorator to 2025-08-18 00:00:00+00:00, run_after=2025-08-19 00:00:00+00:00
[2025-08-19T22:02:23.779+0000] {processor.py:183} INFO - Processing /home/airflow/.local/lib/python3.8/site-packages/airflow/example_dags/example_branch_operator_decorator.py took 0.058 seconds
[2025-08-19T22:02:54.595+0000] {processor.py:161} INFO - Started process (PID=1485) to work on /home/airflow/.local/lib/python3.8/site-packages/airflow/example_dags/example_branch_operator_decorator.py
[2025-08-19T22:02:54.597+0000] {processor.py:830} INFO - Processing file /home/airflow/.local/lib/python3.8/site-packages/airflow/example_dags/example_branch_operator_decorator.py for tasks to queue
[2025-08-19T22:02:54.598+0000] {logging_mixin.py:188} INFO - [2025-08-19T22:02:54.598+0000] {dagbag.py:538} INFO - Filling up the DagBag from /home/airflow/.local/lib/python3.8/site-packages/airflow/example_dags/example_branch_operator_decorator.py
[2025-08-19T22:02:54.610+0000] {processor.py:840} INFO - DAG(s) 'example_branch_python_operator_decorator' retrieved from /home/airflow/.local/lib/python3.8/site-packages/airflow/example_dags/example_branch_operator_decorator.py
[2025-08-19T22:02:54.628+0000] {logging_mixin.py:188} INFO - [2025-08-19T22:02:54.628+0000] {dag.py:3036} INFO - Sync 1 DAGs
[2025-08-19T22:02:54.643+0000] {logging_mixin.py:188} INFO - [2025-08-19T22:02:54.643+0000] {dag.py:3823} INFO - Setting next_dagrun for example_branch_python_operator_decorator to 2025-08-18 00:00:00+00:00, run_after=2025-08-19 00:00:00+00:00
[2025-08-19T22:02:54.658+0000] {processor.py:183} INFO - Processing /home/airflow/.local/lib/python3.8/site-packages/airflow/example_dags/example_branch_operator_decorator.py took 0.066 seconds
[2025-08-19T22:03:24.679+0000] {processor.py:161} INFO - Started process (PID=1541) to work on /home/airflow/.local/lib/python3.8/site-packages/airflow/example_dags/example_branch_operator_decorator.py
[2025-08-19T22:03:24.679+0000] {processor.py:830} INFO - Processing file /home/airflow/.local/lib/python3.8/site-packages/airflow/example_dags/example_branch_operator_decorator.py for tasks to queue
[2025-08-19T22:03:24.680+0000] {logging_mixin.py:188} INFO - [2025-08-19T22:03:24.680+0000] {dagbag.py:538} INFO - Filling up the DagBag from /home/airflow/.local/lib/python3.8/site-packages/airflow/example_dags/example_branch_operator_decorator.py
[2025-08-19T22:03:24.688+0000] {processor.py:840} INFO - DAG(s) 'example_branch_python_operator_decorator' retrieved from /home/airflow/.local/lib/python3.8/site-packages/airflow/example_dags/example_branch_operator_decorator.py
[2025-08-19T22:03:24.698+0000] {logging_mixin.py:188} INFO - [2025-08-19T22:03:24.698+0000] {dag.py:3036} INFO - Sync 1 DAGs
[2025-08-19T22:03:24.706+0000] {logging_mixin.py:188} INFO - [2025-08-19T22:03:24.706+0000] {dag.py:3823} INFO - Setting next_dagrun for example_branch_python_operator_decorator to 2025-08-18 00:00:00+00:00, run_after=2025-08-19 00:00:00+00:00
[2025-08-19T22:03:24.711+0000] {processor.py:183} INFO - Processing /home/airflow/.local/lib/python3.8/site-packages/airflow/example_dags/example_branch_operator_decorator.py took 0.034 seconds
[2025-08-19T22:03:55.376+0000] {processor.py:161} INFO - Started process (PID=1597) to work on /home/airflow/.local/lib/python3.8/site-packages/airflow/example_dags/example_branch_operator_decorator.py
[2025-08-19T22:03:55.378+0000] {processor.py:830} INFO - Processing file /home/airflow/.local/lib/python3.8/site-packages/airflow/example_dags/example_branch_operator_decorator.py for tasks to queue
[2025-08-19T22:03:55.379+0000] {logging_mixin.py:188} INFO - [2025-08-19T22:03:55.379+0000] {dagbag.py:538} INFO - Filling up the DagBag from /home/airflow/.local/lib/python3.8/site-packages/airflow/example_dags/example_branch_operator_decorator.py
[2025-08-19T22:03:55.387+0000] {processor.py:840} INFO - DAG(s) 'example_branch_python_operator_decorator' retrieved from /home/airflow/.local/lib/python3.8/site-packages/airflow/example_dags/example_branch_operator_decorator.py
[2025-08-19T22:03:55.404+0000] {logging_mixin.py:188} INFO - [2025-08-19T22:03:55.404+0000] {dag.py:3036} INFO - Sync 1 DAGs
[2025-08-19T22:03:55.413+0000] {logging_mixin.py:188} INFO - [2025-08-19T22:03:55.413+0000] {dag.py:3823} INFO - Setting next_dagrun for example_branch_python_operator_decorator to 2025-08-18 00:00:00+00:00, run_after=2025-08-19 00:00:00+00:00
[2025-08-19T22:03:55.419+0000] {processor.py:183} INFO - Processing /home/airflow/.local/lib/python3.8/site-packages/airflow/example_dags/example_branch_operator_decorator.py took 0.045 seconds
[2025-08-19T22:04:25.840+0000] {processor.py:161} INFO - Started process (PID=1653) to work on /home/airflow/.local/lib/python3.8/site-packages/airflow/example_dags/example_branch_operator_decorator.py
[2025-08-19T22:04:25.840+0000] {processor.py:830} INFO - Processing file /home/airflow/.local/lib/python3.8/site-packages/airflow/example_dags/example_branch_operator_decorator.py for tasks to queue
[2025-08-19T22:04:25.842+0000] {logging_mixin.py:188} INFO - [2025-08-19T22:04:25.842+0000] {dagbag.py:538} INFO - Filling up the DagBag from /home/airflow/.local/lib/python3.8/site-packages/airflow/example_dags/example_branch_operator_decorator.py
[2025-08-19T22:04:25.850+0000] {processor.py:840} INFO - DAG(s) 'example_branch_python_operator_decorator' retrieved from /home/airflow/.local/lib/python3.8/site-packages/airflow/example_dags/example_branch_operator_decorator.py
[2025-08-19T22:04:25.862+0000] {logging_mixin.py:188} INFO - [2025-08-19T22:04:25.862+0000] {dag.py:3036} INFO - Sync 1 DAGs
[2025-08-19T22:04:25.870+0000] {logging_mixin.py:188} INFO - [2025-08-19T22:04:25.870+0000] {dag.py:3823} INFO - Setting next_dagrun for example_branch_python_operator_decorator to 2025-08-18 00:00:00+00:00, run_after=2025-08-19 00:00:00+00:00
[2025-08-19T22:04:25.879+0000] {processor.py:183} INFO - Processing /home/airflow/.local/lib/python3.8/site-packages/airflow/example_dags/example_branch_operator_decorator.py took 0.040 seconds
[2025-08-19T22:04:56.302+0000] {processor.py:161} INFO - Started process (PID=1709) to work on /home/airflow/.local/lib/python3.8/site-packages/airflow/example_dags/example_branch_operator_decorator.py
[2025-08-19T22:04:56.303+0000] {processor.py:830} INFO - Processing file /home/airflow/.local/lib/python3.8/site-packages/airflow/example_dags/example_branch_operator_decorator.py for tasks to queue
[2025-08-19T22:04:56.303+0000] {logging_mixin.py:188} INFO - [2025-08-19T22:04:56.303+0000] {dagbag.py:538} INFO - Filling up the DagBag from /home/airflow/.local/lib/python3.8/site-packages/airflow/example_dags/example_branch_operator_decorator.py
[2025-08-19T22:04:56.312+0000] {processor.py:840} INFO - DAG(s) 'example_branch_python_operator_decorator' retrieved from /home/airflow/.local/lib/python3.8/site-packages/airflow/example_dags/example_branch_operator_decorator.py
[2025-08-19T22:04:56.324+0000] {logging_mixin.py:188} INFO - [2025-08-19T22:04:56.324+0000] {dag.py:3036} INFO - Sync 1 DAGs
[2025-08-19T22:04:56.332+0000] {logging_mixin.py:188} INFO - [2025-08-19T22:04:56.332+0000] {dag.py:3823} INFO - Setting next_dagrun for example_branch_python_operator_decorator to 2025-08-18 00:00:00+00:00, run_after=2025-08-19 00:00:00+00:00
[2025-08-19T22:04:56.340+0000] {processor.py:183} INFO - Processing /home/airflow/.local/lib/python3.8/site-packages/airflow/example_dags/example_branch_operator_decorator.py took 0.040 seconds
[2025-08-19T22:05:27.267+0000] {processor.py:161} INFO - Started process (PID=1765) to work on /home/airflow/.local/lib/python3.8/site-packages/airflow/example_dags/example_branch_operator_decorator.py
[2025-08-19T22:05:27.268+0000] {processor.py:830} INFO - Processing file /home/airflow/.local/lib/python3.8/site-packages/airflow/example_dags/example_branch_operator_decorator.py for tasks to queue
[2025-08-19T22:05:27.269+0000] {logging_mixin.py:188} INFO - [2025-08-19T22:05:27.269+0000] {dagbag.py:538} INFO - Filling up the DagBag from /home/airflow/.local/lib/python3.8/site-packages/airflow/example_dags/example_branch_operator_decorator.py
[2025-08-19T22:05:27.283+0000] {processor.py:840} INFO - DAG(s) 'example_branch_python_operator_decorator' retrieved from /home/airflow/.local/lib/python3.8/site-packages/airflow/example_dags/example_branch_operator_decorator.py
[2025-08-19T22:05:27.296+0000] {logging_mixin.py:188} INFO - [2025-08-19T22:05:27.296+0000] {dag.py:3036} INFO - Sync 1 DAGs
[2025-08-19T22:05:27.307+0000] {logging_mixin.py:188} INFO - [2025-08-19T22:05:27.307+0000] {dag.py:3823} INFO - Setting next_dagrun for example_branch_python_operator_decorator to 2025-08-18 00:00:00+00:00, run_after=2025-08-19 00:00:00+00:00
[2025-08-19T22:05:27.317+0000] {processor.py:183} INFO - Processing /home/airflow/.local/lib/python3.8/site-packages/airflow/example_dags/example_branch_operator_decorator.py took 0.051 seconds
[2025-08-19T22:05:57.929+0000] {processor.py:161} INFO - Started process (PID=1821) to work on /home/airflow/.local/lib/python3.8/site-packages/airflow/example_dags/example_branch_operator_decorator.py
[2025-08-19T22:05:57.930+0000] {processor.py:830} INFO - Processing file /home/airflow/.local/lib/python3.8/site-packages/airflow/example_dags/example_branch_operator_decorator.py for tasks to queue
[2025-08-19T22:05:57.931+0000] {logging_mixin.py:188} INFO - [2025-08-19T22:05:57.930+0000] {dagbag.py:538} INFO - Filling up the DagBag from /home/airflow/.local/lib/python3.8/site-packages/airflow/example_dags/example_branch_operator_decorator.py
[2025-08-19T22:05:57.938+0000] {processor.py:840} INFO - DAG(s) 'example_branch_python_operator_decorator' retrieved from /home/airflow/.local/lib/python3.8/site-packages/airflow/example_dags/example_branch_operator_decorator.py
[2025-08-19T22:05:57.948+0000] {logging_mixin.py:188} INFO - [2025-08-19T22:05:57.948+0000] {dag.py:3036} INFO - Sync 1 DAGs
[2025-08-19T22:05:57.958+0000] {logging_mixin.py:188} INFO - [2025-08-19T22:05:57.957+0000] {dag.py:3823} INFO - Setting next_dagrun for example_branch_python_operator_decorator to 2025-08-18 00:00:00+00:00, run_after=2025-08-19 00:00:00+00:00
[2025-08-19T22:05:57.967+0000] {processor.py:183} INFO - Processing /home/airflow/.local/lib/python3.8/site-packages/airflow/example_dags/example_branch_operator_decorator.py took 0.040 seconds
[2025-08-19T22:06:28.332+0000] {processor.py:161} INFO - Started process (PID=1877) to work on /home/airflow/.local/lib/python3.8/site-packages/airflow/example_dags/example_branch_operator_decorator.py
[2025-08-19T22:06:28.332+0000] {processor.py:830} INFO - Processing file /home/airflow/.local/lib/python3.8/site-packages/airflow/example_dags/example_branch_operator_decorator.py for tasks to queue
[2025-08-19T22:06:28.333+0000] {logging_mixin.py:188} INFO - [2025-08-19T22:06:28.333+0000] {dagbag.py:538} INFO - Filling up the DagBag from /home/airflow/.local/lib/python3.8/site-packages/airflow/example_dags/example_branch_operator_decorator.py
[2025-08-19T22:06:28.341+0000] {processor.py:840} INFO - DAG(s) 'example_branch_python_operator_decorator' retrieved from /home/airflow/.local/lib/python3.8/site-packages/airflow/example_dags/example_branch_operator_decorator.py
[2025-08-19T22:06:28.352+0000] {logging_mixin.py:188} INFO - [2025-08-19T22:06:28.352+0000] {dag.py:3036} INFO - Sync 1 DAGs
[2025-08-19T22:06:28.362+0000] {logging_mixin.py:188} INFO - [2025-08-19T22:06:28.362+0000] {dag.py:3823} INFO - Setting next_dagrun for example_branch_python_operator_decorator to 2025-08-18 00:00:00+00:00, run_after=2025-08-19 00:00:00+00:00
[2025-08-19T22:06:28.368+0000] {processor.py:183} INFO - Processing /home/airflow/.local/lib/python3.8/site-packages/airflow/example_dags/example_branch_operator_decorator.py took 0.037 seconds
[2025-08-19T22:06:59.211+0000] {processor.py:161} INFO - Started process (PID=1933) to work on /home/airflow/.local/lib/python3.8/site-packages/airflow/example_dags/example_branch_operator_decorator.py
[2025-08-19T22:06:59.211+0000] {processor.py:830} INFO - Processing file /home/airflow/.local/lib/python3.8/site-packages/airflow/example_dags/example_branch_operator_decorator.py for tasks to queue
[2025-08-19T22:06:59.212+0000] {logging_mixin.py:188} INFO - [2025-08-19T22:06:59.212+0000] {dagbag.py:538} INFO - Filling up the DagBag from /home/airflow/.local/lib/python3.8/site-packages/airflow/example_dags/example_branch_operator_decorator.py
[2025-08-19T22:06:59.220+0000] {processor.py:840} INFO - DAG(s) 'example_branch_python_operator_decorator' retrieved from /home/airflow/.local/lib/python3.8/site-packages/airflow/example_dags/example_branch_operator_decorator.py
[2025-08-19T22:06:59.237+0000] {logging_mixin.py:188} INFO - [2025-08-19T22:06:59.237+0000] {dag.py:3036} INFO - Sync 1 DAGs
[2025-08-19T22:06:59.249+0000] {logging_mixin.py:188} INFO - [2025-08-19T22:06:59.249+0000] {dag.py:3823} INFO - Setting next_dagrun for example_branch_python_operator_decorator to 2025-08-18 00:00:00+00:00, run_after=2025-08-19 00:00:00+00:00
[2025-08-19T22:06:59.260+0000] {processor.py:183} INFO - Processing /home/airflow/.local/lib/python3.8/site-packages/airflow/example_dags/example_branch_operator_decorator.py took 0.051 seconds
[2025-08-19T22:07:30.101+0000] {processor.py:161} INFO - Started process (PID=1989) to work on /home/airflow/.local/lib/python3.8/site-packages/airflow/example_dags/example_branch_operator_decorator.py
[2025-08-19T22:07:30.102+0000] {processor.py:830} INFO - Processing file /home/airflow/.local/lib/python3.8/site-packages/airflow/example_dags/example_branch_operator_decorator.py for tasks to queue
[2025-08-19T22:07:30.103+0000] {logging_mixin.py:188} INFO - [2025-08-19T22:07:30.103+0000] {dagbag.py:538} INFO - Filling up the DagBag from /home/airflow/.local/lib/python3.8/site-packages/airflow/example_dags/example_branch_operator_decorator.py
[2025-08-19T22:07:30.111+0000] {processor.py:840} INFO - DAG(s) 'example_branch_python_operator_decorator' retrieved from /home/airflow/.local/lib/python3.8/site-packages/airflow/example_dags/example_branch_operator_decorator.py
[2025-08-19T22:07:30.127+0000] {logging_mixin.py:188} INFO - [2025-08-19T22:07:30.127+0000] {dag.py:3036} INFO - Sync 1 DAGs
[2025-08-19T22:07:30.137+0000] {logging_mixin.py:188} INFO - [2025-08-19T22:07:30.137+0000] {dag.py:3823} INFO - Setting next_dagrun for example_branch_python_operator_decorator to 2025-08-18 00:00:00+00:00, run_after=2025-08-19 00:00:00+00:00
[2025-08-19T22:07:30.146+0000] {processor.py:183} INFO - Processing /home/airflow/.local/lib/python3.8/site-packages/airflow/example_dags/example_branch_operator_decorator.py took 0.046 seconds
[2025-08-19T22:08:00.915+0000] {processor.py:161} INFO - Started process (PID=2045) to work on /home/airflow/.local/lib/python3.8/site-packages/airflow/example_dags/example_branch_operator_decorator.py
[2025-08-19T22:08:00.916+0000] {processor.py:830} INFO - Processing file /home/airflow/.local/lib/python3.8/site-packages/airflow/example_dags/example_branch_operator_decorator.py for tasks to queue
[2025-08-19T22:08:00.916+0000] {logging_mixin.py:188} INFO - [2025-08-19T22:08:00.916+0000] {dagbag.py:538} INFO - Filling up the DagBag from /home/airflow/.local/lib/python3.8/site-packages/airflow/example_dags/example_branch_operator_decorator.py
[2025-08-19T22:08:00.927+0000] {processor.py:840} INFO - DAG(s) 'example_branch_python_operator_decorator' retrieved from /home/airflow/.local/lib/python3.8/site-packages/airflow/example_dags/example_branch_operator_decorator.py
[2025-08-19T22:08:00.944+0000] {logging_mixin.py:188} INFO - [2025-08-19T22:08:00.943+0000] {dag.py:3036} INFO - Sync 1 DAGs
[2025-08-19T22:08:00.953+0000] {logging_mixin.py:188} INFO - [2025-08-19T22:08:00.953+0000] {dag.py:3823} INFO - Setting next_dagrun for example_branch_python_operator_decorator to 2025-08-18 00:00:00+00:00, run_after=2025-08-19 00:00:00+00:00
[2025-08-19T22:08:00.961+0000] {processor.py:183} INFO - Processing /home/airflow/.local/lib/python3.8/site-packages/airflow/example_dags/example_branch_operator_decorator.py took 0.048 seconds
[2025-08-19T22:08:31.673+0000] {processor.py:161} INFO - Started process (PID=2101) to work on /home/airflow/.local/lib/python3.8/site-packages/airflow/example_dags/example_branch_operator_decorator.py
[2025-08-19T22:08:31.674+0000] {processor.py:830} INFO - Processing file /home/airflow/.local/lib/python3.8/site-packages/airflow/example_dags/example_branch_operator_decorator.py for tasks to queue
[2025-08-19T22:08:31.675+0000] {logging_mixin.py:188} INFO - [2025-08-19T22:08:31.675+0000] {dagbag.py:538} INFO - Filling up the DagBag from /home/airflow/.local/lib/python3.8/site-packages/airflow/example_dags/example_branch_operator_decorator.py
[2025-08-19T22:08:31.685+0000] {processor.py:840} INFO - DAG(s) 'example_branch_python_operator_decorator' retrieved from /home/airflow/.local/lib/python3.8/site-packages/airflow/example_dags/example_branch_operator_decorator.py
[2025-08-19T22:08:31.698+0000] {logging_mixin.py:188} INFO - [2025-08-19T22:08:31.697+0000] {dag.py:3036} INFO - Sync 1 DAGs
[2025-08-19T22:08:31.707+0000] {logging_mixin.py:188} INFO - [2025-08-19T22:08:31.707+0000] {dag.py:3823} INFO - Setting next_dagrun for example_branch_python_operator_decorator to 2025-08-18 00:00:00+00:00, run_after=2025-08-19 00:00:00+00:00
[2025-08-19T22:08:31.714+0000] {processor.py:183} INFO - Processing /home/airflow/.local/lib/python3.8/site-packages/airflow/example_dags/example_branch_operator_decorator.py took 0.042 seconds
[2025-08-19T22:09:02.100+0000] {processor.py:161} INFO - Started process (PID=2157) to work on /home/airflow/.local/lib/python3.8/site-packages/airflow/example_dags/example_branch_operator_decorator.py
[2025-08-19T22:09:02.101+0000] {processor.py:830} INFO - Processing file /home/airflow/.local/lib/python3.8/site-packages/airflow/example_dags/example_branch_operator_decorator.py for tasks to queue
[2025-08-19T22:09:02.101+0000] {logging_mixin.py:188} INFO - [2025-08-19T22:09:02.101+0000] {dagbag.py:538} INFO - Filling up the DagBag from /home/airflow/.local/lib/python3.8/site-packages/airflow/example_dags/example_branch_operator_decorator.py
[2025-08-19T22:09:02.113+0000] {processor.py:840} INFO - DAG(s) 'example_branch_python_operator_decorator' retrieved from /home/airflow/.local/lib/python3.8/site-packages/airflow/example_dags/example_branch_operator_decorator.py
[2025-08-19T22:09:02.127+0000] {logging_mixin.py:188} INFO - [2025-08-19T22:09:02.127+0000] {dag.py:3036} INFO - Sync 1 DAGs
[2025-08-19T22:09:02.137+0000] {logging_mixin.py:188} INFO - [2025-08-19T22:09:02.137+0000] {dag.py:3823} INFO - Setting next_dagrun for example_branch_python_operator_decorator to 2025-08-18 00:00:00+00:00, run_after=2025-08-19 00:00:00+00:00
[2025-08-19T22:09:02.146+0000] {processor.py:183} INFO - Processing /home/airflow/.local/lib/python3.8/site-packages/airflow/example_dags/example_branch_operator_decorator.py took 0.047 seconds
[2025-08-19T22:09:32.914+0000] {processor.py:161} INFO - Started process (PID=2213) to work on /home/airflow/.local/lib/python3.8/site-packages/airflow/example_dags/example_branch_operator_decorator.py
[2025-08-19T22:09:32.915+0000] {processor.py:830} INFO - Processing file /home/airflow/.local/lib/python3.8/site-packages/airflow/example_dags/example_branch_operator_decorator.py for tasks to queue
[2025-08-19T22:09:32.915+0000] {logging_mixin.py:188} INFO - [2025-08-19T22:09:32.915+0000] {dagbag.py:538} INFO - Filling up the DagBag from /home/airflow/.local/lib/python3.8/site-packages/airflow/example_dags/example_branch_operator_decorator.py
[2025-08-19T22:09:32.925+0000] {processor.py:840} INFO - DAG(s) 'example_branch_python_operator_decorator' retrieved from /home/airflow/.local/lib/python3.8/site-packages/airflow/example_dags/example_branch_operator_decorator.py
[2025-08-19T22:09:32.942+0000] {logging_mixin.py:188} INFO - [2025-08-19T22:09:32.942+0000] {dag.py:3036} INFO - Sync 1 DAGs
[2025-08-19T22:09:32.951+0000] {logging_mixin.py:188} INFO - [2025-08-19T22:09:32.951+0000] {dag.py:3823} INFO - Setting next_dagrun for example_branch_python_operator_decorator to 2025-08-18 00:00:00+00:00, run_after=2025-08-19 00:00:00+00:00
[2025-08-19T22:09:32.957+0000] {processor.py:183} INFO - Processing /home/airflow/.local/lib/python3.8/site-packages/airflow/example_dags/example_branch_operator_decorator.py took 0.045 seconds
[2025-08-19T22:10:03.432+0000] {processor.py:161} INFO - Started process (PID=2269) to work on /home/airflow/.local/lib/python3.8/site-packages/airflow/example_dags/example_branch_operator_decorator.py
[2025-08-19T22:10:03.433+0000] {processor.py:830} INFO - Processing file /home/airflow/.local/lib/python3.8/site-packages/airflow/example_dags/example_branch_operator_decorator.py for tasks to queue
[2025-08-19T22:10:03.434+0000] {logging_mixin.py:188} INFO - [2025-08-19T22:10:03.434+0000] {dagbag.py:538} INFO - Filling up the DagBag from /home/airflow/.local/lib/python3.8/site-packages/airflow/example_dags/example_branch_operator_decorator.py
[2025-08-19T22:10:03.442+0000] {processor.py:840} INFO - DAG(s) 'example_branch_python_operator_decorator' retrieved from /home/airflow/.local/lib/python3.8/site-packages/airflow/example_dags/example_branch_operator_decorator.py
[2025-08-19T22:10:03.454+0000] {logging_mixin.py:188} INFO - [2025-08-19T22:10:03.454+0000] {dag.py:3036} INFO - Sync 1 DAGs
[2025-08-19T22:10:03.464+0000] {logging_mixin.py:188} INFO - [2025-08-19T22:10:03.464+0000] {dag.py:3823} INFO - Setting next_dagrun for example_branch_python_operator_decorator to 2025-08-18 00:00:00+00:00, run_after=2025-08-19 00:00:00+00:00
[2025-08-19T22:10:03.471+0000] {processor.py:183} INFO - Processing /home/airflow/.local/lib/python3.8/site-packages/airflow/example_dags/example_branch_operator_decorator.py took 0.040 seconds
[2025-08-19T22:10:34.181+0000] {processor.py:161} INFO - Started process (PID=2325) to work on /home/airflow/.local/lib/python3.8/site-packages/airflow/example_dags/example_branch_operator_decorator.py
[2025-08-19T22:10:34.182+0000] {processor.py:830} INFO - Processing file /home/airflow/.local/lib/python3.8/site-packages/airflow/example_dags/example_branch_operator_decorator.py for tasks to queue
[2025-08-19T22:10:34.183+0000] {logging_mixin.py:188} INFO - [2025-08-19T22:10:34.182+0000] {dagbag.py:538} INFO - Filling up the DagBag from /home/airflow/.local/lib/python3.8/site-packages/airflow/example_dags/example_branch_operator_decorator.py
[2025-08-19T22:10:34.194+0000] {processor.py:840} INFO - DAG(s) 'example_branch_python_operator_decorator' retrieved from /home/airflow/.local/lib/python3.8/site-packages/airflow/example_dags/example_branch_operator_decorator.py
[2025-08-19T22:10:34.215+0000] {logging_mixin.py:188} INFO - [2025-08-19T22:10:34.214+0000] {dag.py:3036} INFO - Sync 1 DAGs
[2025-08-19T22:10:34.225+0000] {logging_mixin.py:188} INFO - [2025-08-19T22:10:34.225+0000] {dag.py:3823} INFO - Setting next_dagrun for example_branch_python_operator_decorator to 2025-08-18 00:00:00+00:00, run_after=2025-08-19 00:00:00+00:00
[2025-08-19T22:10:34.240+0000] {processor.py:183} INFO - Processing /home/airflow/.local/lib/python3.8/site-packages/airflow/example_dags/example_branch_operator_decorator.py took 0.061 seconds
[2025-08-19T22:11:04.714+0000] {processor.py:161} INFO - Started process (PID=2381) to work on /home/airflow/.local/lib/python3.8/site-packages/airflow/example_dags/example_branch_operator_decorator.py
[2025-08-19T22:11:04.714+0000] {processor.py:830} INFO - Processing file /home/airflow/.local/lib/python3.8/site-packages/airflow/example_dags/example_branch_operator_decorator.py for tasks to queue
[2025-08-19T22:11:04.715+0000] {logging_mixin.py:188} INFO - [2025-08-19T22:11:04.715+0000] {dagbag.py:538} INFO - Filling up the DagBag from /home/airflow/.local/lib/python3.8/site-packages/airflow/example_dags/example_branch_operator_decorator.py
[2025-08-19T22:11:04.724+0000] {processor.py:840} INFO - DAG(s) 'example_branch_python_operator_decorator' retrieved from /home/airflow/.local/lib/python3.8/site-packages/airflow/example_dags/example_branch_operator_decorator.py
[2025-08-19T22:11:04.739+0000] {logging_mixin.py:188} INFO - [2025-08-19T22:11:04.739+0000] {dag.py:3036} INFO - Sync 1 DAGs
[2025-08-19T22:11:04.749+0000] {logging_mixin.py:188} INFO - [2025-08-19T22:11:04.748+0000] {dag.py:3823} INFO - Setting next_dagrun for example_branch_python_operator_decorator to 2025-08-18 00:00:00+00:00, run_after=2025-08-19 00:00:00+00:00
[2025-08-19T22:11:04.757+0000] {processor.py:183} INFO - Processing /home/airflow/.local/lib/python3.8/site-packages/airflow/example_dags/example_branch_operator_decorator.py took 0.045 seconds
[2025-08-19T22:11:35.181+0000] {processor.py:161} INFO - Started process (PID=2437) to work on /home/airflow/.local/lib/python3.8/site-packages/airflow/example_dags/example_branch_operator_decorator.py
[2025-08-19T22:11:35.182+0000] {processor.py:830} INFO - Processing file /home/airflow/.local/lib/python3.8/site-packages/airflow/example_dags/example_branch_operator_decorator.py for tasks to queue
[2025-08-19T22:11:35.183+0000] {logging_mixin.py:188} INFO - [2025-08-19T22:11:35.183+0000] {dagbag.py:538} INFO - Filling up the DagBag from /home/airflow/.local/lib/python3.8/site-packages/airflow/example_dags/example_branch_operator_decorator.py
[2025-08-19T22:11:35.191+0000] {processor.py:840} INFO - DAG(s) 'example_branch_python_operator_decorator' retrieved from /home/airflow/.local/lib/python3.8/site-packages/airflow/example_dags/example_branch_operator_decorator.py
[2025-08-19T22:11:35.201+0000] {logging_mixin.py:188} INFO - [2025-08-19T22:11:35.201+0000] {dag.py:3036} INFO - Sync 1 DAGs
[2025-08-19T22:11:35.209+0000] {logging_mixin.py:188} INFO - [2025-08-19T22:11:35.209+0000] {dag.py:3823} INFO - Setting next_dagrun for example_branch_python_operator_decorator to 2025-08-18 00:00:00+00:00, run_after=2025-08-19 00:00:00+00:00
[2025-08-19T22:11:35.216+0000] {processor.py:183} INFO - Processing /home/airflow/.local/lib/python3.8/site-packages/airflow/example_dags/example_branch_operator_decorator.py took 0.037 seconds
[2025-08-19T22:12:05.698+0000] {processor.py:161} INFO - Started process (PID=2493) to work on /home/airflow/.local/lib/python3.8/site-packages/airflow/example_dags/example_branch_operator_decorator.py
[2025-08-19T22:12:05.699+0000] {processor.py:830} INFO - Processing file /home/airflow/.local/lib/python3.8/site-packages/airflow/example_dags/example_branch_operator_decorator.py for tasks to queue
[2025-08-19T22:12:05.700+0000] {logging_mixin.py:188} INFO - [2025-08-19T22:12:05.700+0000] {dagbag.py:538} INFO - Filling up the DagBag from /home/airflow/.local/lib/python3.8/site-packages/airflow/example_dags/example_branch_operator_decorator.py
[2025-08-19T22:12:05.711+0000] {processor.py:840} INFO - DAG(s) 'example_branch_python_operator_decorator' retrieved from /home/airflow/.local/lib/python3.8/site-packages/airflow/example_dags/example_branch_operator_decorator.py
[2025-08-19T22:12:05.726+0000] {logging_mixin.py:188} INFO - [2025-08-19T22:12:05.726+0000] {dag.py:3036} INFO - Sync 1 DAGs
[2025-08-19T22:12:05.734+0000] {logging_mixin.py:188} INFO - [2025-08-19T22:12:05.734+0000] {dag.py:3823} INFO - Setting next_dagrun for example_branch_python_operator_decorator to 2025-08-18 00:00:00+00:00, run_after=2025-08-19 00:00:00+00:00
[2025-08-19T22:12:05.743+0000] {processor.py:183} INFO - Processing /home/airflow/.local/lib/python3.8/site-packages/airflow/example_dags/example_branch_operator_decorator.py took 0.046 seconds
[2025-08-19T22:12:36.261+0000] {processor.py:161} INFO - Started process (PID=2549) to work on /home/airflow/.local/lib/python3.8/site-packages/airflow/example_dags/example_branch_operator_decorator.py
[2025-08-19T22:12:36.262+0000] {processor.py:830} INFO - Processing file /home/airflow/.local/lib/python3.8/site-packages/airflow/example_dags/example_branch_operator_decorator.py for tasks to queue
[2025-08-19T22:12:36.263+0000] {logging_mixin.py:188} INFO - [2025-08-19T22:12:36.263+0000] {dagbag.py:538} INFO - Filling up the DagBag from /home/airflow/.local/lib/python3.8/site-packages/airflow/example_dags/example_branch_operator_decorator.py
[2025-08-19T22:12:36.271+0000] {processor.py:840} INFO - DAG(s) 'example_branch_python_operator_decorator' retrieved from /home/airflow/.local/lib/python3.8/site-packages/airflow/example_dags/example_branch_operator_decorator.py
[2025-08-19T22:12:36.283+0000] {logging_mixin.py:188} INFO - [2025-08-19T22:12:36.283+0000] {dag.py:3036} INFO - Sync 1 DAGs
[2025-08-19T22:12:36.292+0000] {logging_mixin.py:188} INFO - [2025-08-19T22:12:36.292+0000] {dag.py:3823} INFO - Setting next_dagrun for example_branch_python_operator_decorator to 2025-08-18 00:00:00+00:00, run_after=2025-08-19 00:00:00+00:00
[2025-08-19T22:12:36.298+0000] {processor.py:183} INFO - Processing /home/airflow/.local/lib/python3.8/site-packages/airflow/example_dags/example_branch_operator_decorator.py took 0.039 seconds
[2025-08-19T22:13:06.894+0000] {processor.py:161} INFO - Started process (PID=2605) to work on /home/airflow/.local/lib/python3.8/site-packages/airflow/example_dags/example_branch_operator_decorator.py
[2025-08-19T22:13:06.895+0000] {processor.py:830} INFO - Processing file /home/airflow/.local/lib/python3.8/site-packages/airflow/example_dags/example_branch_operator_decorator.py for tasks to queue
[2025-08-19T22:13:06.896+0000] {logging_mixin.py:188} INFO - [2025-08-19T22:13:06.896+0000] {dagbag.py:538} INFO - Filling up the DagBag from /home/airflow/.local/lib/python3.8/site-packages/airflow/example_dags/example_branch_operator_decorator.py
[2025-08-19T22:13:06.904+0000] {processor.py:840} INFO - DAG(s) 'example_branch_python_operator_decorator' retrieved from /home/airflow/.local/lib/python3.8/site-packages/airflow/example_dags/example_branch_operator_decorator.py
[2025-08-19T22:13:06.917+0000] {logging_mixin.py:188} INFO - [2025-08-19T22:13:06.917+0000] {dag.py:3036} INFO - Sync 1 DAGs
[2025-08-19T22:13:06.927+0000] {logging_mixin.py:188} INFO - [2025-08-19T22:13:06.927+0000] {dag.py:3823} INFO - Setting next_dagrun for example_branch_python_operator_decorator to 2025-08-18 00:00:00+00:00, run_after=2025-08-19 00:00:00+00:00
[2025-08-19T22:13:06.933+0000] {processor.py:183} INFO - Processing /home/airflow/.local/lib/python3.8/site-packages/airflow/example_dags/example_branch_operator_decorator.py took 0.041 seconds
[2025-08-19T22:20:11.356+0000] {processor.py:161} INFO - Started process (PID=81) to work on /home/airflow/.local/lib/python3.8/site-packages/airflow/example_dags/example_branch_operator_decorator.py
[2025-08-19T22:20:11.357+0000] {processor.py:830} INFO - Processing file /home/airflow/.local/lib/python3.8/site-packages/airflow/example_dags/example_branch_operator_decorator.py for tasks to queue
[2025-08-19T22:20:11.358+0000] {logging_mixin.py:188} INFO - [2025-08-19T22:20:11.357+0000] {dagbag.py:538} INFO - Filling up the DagBag from /home/airflow/.local/lib/python3.8/site-packages/airflow/example_dags/example_branch_operator_decorator.py
[2025-08-19T22:20:11.370+0000] {processor.py:840} INFO - DAG(s) 'example_branch_python_operator_decorator' retrieved from /home/airflow/.local/lib/python3.8/site-packages/airflow/example_dags/example_branch_operator_decorator.py
[2025-08-19T22:20:11.381+0000] {logging_mixin.py:188} INFO - [2025-08-19T22:20:11.381+0000] {dag.py:3036} INFO - Sync 1 DAGs
[2025-08-19T22:20:11.395+0000] {logging_mixin.py:188} INFO - [2025-08-19T22:20:11.395+0000] {dag.py:3823} INFO - Setting next_dagrun for example_branch_python_operator_decorator to 2025-08-18 00:00:00+00:00, run_after=2025-08-19 00:00:00+00:00
[2025-08-19T22:20:11.414+0000] {processor.py:183} INFO - Processing /home/airflow/.local/lib/python3.8/site-packages/airflow/example_dags/example_branch_operator_decorator.py took 0.061 seconds
[2025-08-19T22:20:41.937+0000] {processor.py:161} INFO - Started process (PID=137) to work on /home/airflow/.local/lib/python3.8/site-packages/airflow/example_dags/example_branch_operator_decorator.py
[2025-08-19T22:20:41.938+0000] {processor.py:830} INFO - Processing file /home/airflow/.local/lib/python3.8/site-packages/airflow/example_dags/example_branch_operator_decorator.py for tasks to queue
[2025-08-19T22:20:41.939+0000] {logging_mixin.py:188} INFO - [2025-08-19T22:20:41.939+0000] {dagbag.py:538} INFO - Filling up the DagBag from /home/airflow/.local/lib/python3.8/site-packages/airflow/example_dags/example_branch_operator_decorator.py
[2025-08-19T22:20:41.947+0000] {processor.py:840} INFO - DAG(s) 'example_branch_python_operator_decorator' retrieved from /home/airflow/.local/lib/python3.8/site-packages/airflow/example_dags/example_branch_operator_decorator.py
[2025-08-19T22:20:41.987+0000] {logging_mixin.py:188} INFO - [2025-08-19T22:20:41.987+0000] {dag.py:3036} INFO - Sync 1 DAGs
[2025-08-19T22:20:41.995+0000] {logging_mixin.py:188} INFO - [2025-08-19T22:20:41.995+0000] {dag.py:3823} INFO - Setting next_dagrun for example_branch_python_operator_decorator to 2025-08-18 00:00:00+00:00, run_after=2025-08-19 00:00:00+00:00
[2025-08-19T22:20:42.006+0000] {processor.py:183} INFO - Processing /home/airflow/.local/lib/python3.8/site-packages/airflow/example_dags/example_branch_operator_decorator.py took 0.071 seconds
[2025-08-19T22:21:12.971+0000] {processor.py:161} INFO - Started process (PID=199) to work on /home/airflow/.local/lib/python3.8/site-packages/airflow/example_dags/example_branch_operator_decorator.py
[2025-08-19T22:21:12.972+0000] {processor.py:830} INFO - Processing file /home/airflow/.local/lib/python3.8/site-packages/airflow/example_dags/example_branch_operator_decorator.py for tasks to queue
[2025-08-19T22:21:12.973+0000] {logging_mixin.py:188} INFO - [2025-08-19T22:21:12.973+0000] {dagbag.py:538} INFO - Filling up the DagBag from /home/airflow/.local/lib/python3.8/site-packages/airflow/example_dags/example_branch_operator_decorator.py
[2025-08-19T22:21:12.983+0000] {processor.py:840} INFO - DAG(s) 'example_branch_python_operator_decorator' retrieved from /home/airflow/.local/lib/python3.8/site-packages/airflow/example_dags/example_branch_operator_decorator.py
[2025-08-19T22:21:12.997+0000] {logging_mixin.py:188} INFO - [2025-08-19T22:21:12.997+0000] {dag.py:3036} INFO - Sync 1 DAGs
[2025-08-19T22:21:13.006+0000] {logging_mixin.py:188} INFO - [2025-08-19T22:21:13.006+0000] {dag.py:3823} INFO - Setting next_dagrun for example_branch_python_operator_decorator to 2025-08-18 00:00:00+00:00, run_after=2025-08-19 00:00:00+00:00
[2025-08-19T22:21:13.015+0000] {processor.py:183} INFO - Processing /home/airflow/.local/lib/python3.8/site-packages/airflow/example_dags/example_branch_operator_decorator.py took 0.047 seconds
[2025-08-19T22:21:43.569+0000] {processor.py:161} INFO - Started process (PID=255) to work on /home/airflow/.local/lib/python3.8/site-packages/airflow/example_dags/example_branch_operator_decorator.py
[2025-08-19T22:21:43.570+0000] {processor.py:830} INFO - Processing file /home/airflow/.local/lib/python3.8/site-packages/airflow/example_dags/example_branch_operator_decorator.py for tasks to queue
[2025-08-19T22:21:43.570+0000] {logging_mixin.py:188} INFO - [2025-08-19T22:21:43.570+0000] {dagbag.py:538} INFO - Filling up the DagBag from /home/airflow/.local/lib/python3.8/site-packages/airflow/example_dags/example_branch_operator_decorator.py
[2025-08-19T22:21:43.580+0000] {processor.py:840} INFO - DAG(s) 'example_branch_python_operator_decorator' retrieved from /home/airflow/.local/lib/python3.8/site-packages/airflow/example_dags/example_branch_operator_decorator.py
[2025-08-19T22:21:43.597+0000] {logging_mixin.py:188} INFO - [2025-08-19T22:21:43.597+0000] {dag.py:3036} INFO - Sync 1 DAGs
[2025-08-19T22:21:43.608+0000] {logging_mixin.py:188} INFO - [2025-08-19T22:21:43.608+0000] {dag.py:3823} INFO - Setting next_dagrun for example_branch_python_operator_decorator to 2025-08-18 00:00:00+00:00, run_after=2025-08-19 00:00:00+00:00
[2025-08-19T22:21:43.617+0000] {processor.py:183} INFO - Processing /home/airflow/.local/lib/python3.8/site-packages/airflow/example_dags/example_branch_operator_decorator.py took 0.050 seconds
[2025-08-19T22:22:14.067+0000] {processor.py:161} INFO - Started process (PID=311) to work on /home/airflow/.local/lib/python3.8/site-packages/airflow/example_dags/example_branch_operator_decorator.py
[2025-08-19T22:22:14.068+0000] {processor.py:830} INFO - Processing file /home/airflow/.local/lib/python3.8/site-packages/airflow/example_dags/example_branch_operator_decorator.py for tasks to queue
[2025-08-19T22:22:14.069+0000] {logging_mixin.py:188} INFO - [2025-08-19T22:22:14.069+0000] {dagbag.py:538} INFO - Filling up the DagBag from /home/airflow/.local/lib/python3.8/site-packages/airflow/example_dags/example_branch_operator_decorator.py
[2025-08-19T22:22:14.078+0000] {processor.py:840} INFO - DAG(s) 'example_branch_python_operator_decorator' retrieved from /home/airflow/.local/lib/python3.8/site-packages/airflow/example_dags/example_branch_operator_decorator.py
[2025-08-19T22:22:14.092+0000] {logging_mixin.py:188} INFO - [2025-08-19T22:22:14.092+0000] {dag.py:3036} INFO - Sync 1 DAGs
[2025-08-19T22:22:14.101+0000] {logging_mixin.py:188} INFO - [2025-08-19T22:22:14.101+0000] {dag.py:3823} INFO - Setting next_dagrun for example_branch_python_operator_decorator to 2025-08-18 00:00:00+00:00, run_after=2025-08-19 00:00:00+00:00
[2025-08-19T22:22:14.112+0000] {processor.py:183} INFO - Processing /home/airflow/.local/lib/python3.8/site-packages/airflow/example_dags/example_branch_operator_decorator.py took 0.046 seconds
[2025-08-19T22:22:44.869+0000] {processor.py:161} INFO - Started process (PID=371) to work on /home/airflow/.local/lib/python3.8/site-packages/airflow/example_dags/example_branch_operator_decorator.py
[2025-08-19T22:22:44.870+0000] {processor.py:830} INFO - Processing file /home/airflow/.local/lib/python3.8/site-packages/airflow/example_dags/example_branch_operator_decorator.py for tasks to queue
[2025-08-19T22:22:44.879+0000] {logging_mixin.py:188} INFO - [2025-08-19T22:22:44.876+0000] {dagbag.py:538} INFO - Filling up the DagBag from /home/airflow/.local/lib/python3.8/site-packages/airflow/example_dags/example_branch_operator_decorator.py
[2025-08-19T22:22:44.916+0000] {processor.py:840} INFO - DAG(s) 'example_branch_python_operator_decorator' retrieved from /home/airflow/.local/lib/python3.8/site-packages/airflow/example_dags/example_branch_operator_decorator.py
[2025-08-19T22:22:44.928+0000] {logging_mixin.py:188} INFO - [2025-08-19T22:22:44.928+0000] {dag.py:3036} INFO - Sync 1 DAGs
[2025-08-19T22:22:44.946+0000] {logging_mixin.py:188} INFO - [2025-08-19T22:22:44.946+0000] {dag.py:3823} INFO - Setting next_dagrun for example_branch_python_operator_decorator to 2025-08-18 00:00:00+00:00, run_after=2025-08-19 00:00:00+00:00
[2025-08-19T22:22:44.955+0000] {processor.py:183} INFO - Processing /home/airflow/.local/lib/python3.8/site-packages/airflow/example_dags/example_branch_operator_decorator.py took 0.089 seconds
[2025-08-19T22:23:15.435+0000] {processor.py:161} INFO - Started process (PID=427) to work on /home/airflow/.local/lib/python3.8/site-packages/airflow/example_dags/example_branch_operator_decorator.py
[2025-08-19T22:23:15.436+0000] {processor.py:830} INFO - Processing file /home/airflow/.local/lib/python3.8/site-packages/airflow/example_dags/example_branch_operator_decorator.py for tasks to queue
[2025-08-19T22:23:15.437+0000] {logging_mixin.py:188} INFO - [2025-08-19T22:23:15.437+0000] {dagbag.py:538} INFO - Filling up the DagBag from /home/airflow/.local/lib/python3.8/site-packages/airflow/example_dags/example_branch_operator_decorator.py
[2025-08-19T22:23:15.447+0000] {processor.py:840} INFO - DAG(s) 'example_branch_python_operator_decorator' retrieved from /home/airflow/.local/lib/python3.8/site-packages/airflow/example_dags/example_branch_operator_decorator.py
[2025-08-19T22:23:15.462+0000] {logging_mixin.py:188} INFO - [2025-08-19T22:23:15.462+0000] {dag.py:3036} INFO - Sync 1 DAGs
[2025-08-19T22:23:15.473+0000] {logging_mixin.py:188} INFO - [2025-08-19T22:23:15.473+0000] {dag.py:3823} INFO - Setting next_dagrun for example_branch_python_operator_decorator to 2025-08-18 00:00:00+00:00, run_after=2025-08-19 00:00:00+00:00
[2025-08-19T22:23:15.482+0000] {processor.py:183} INFO - Processing /home/airflow/.local/lib/python3.8/site-packages/airflow/example_dags/example_branch_operator_decorator.py took 0.048 seconds
[2025-08-19T22:23:45.947+0000] {processor.py:161} INFO - Started process (PID=483) to work on /home/airflow/.local/lib/python3.8/site-packages/airflow/example_dags/example_branch_operator_decorator.py
[2025-08-19T22:23:45.948+0000] {processor.py:830} INFO - Processing file /home/airflow/.local/lib/python3.8/site-packages/airflow/example_dags/example_branch_operator_decorator.py for tasks to queue
[2025-08-19T22:23:45.949+0000] {logging_mixin.py:188} INFO - [2025-08-19T22:23:45.949+0000] {dagbag.py:538} INFO - Filling up the DagBag from /home/airflow/.local/lib/python3.8/site-packages/airflow/example_dags/example_branch_operator_decorator.py
[2025-08-19T22:23:45.957+0000] {processor.py:840} INFO - DAG(s) 'example_branch_python_operator_decorator' retrieved from /home/airflow/.local/lib/python3.8/site-packages/airflow/example_dags/example_branch_operator_decorator.py
[2025-08-19T22:23:45.969+0000] {logging_mixin.py:188} INFO - [2025-08-19T22:23:45.968+0000] {dag.py:3036} INFO - Sync 1 DAGs
[2025-08-19T22:23:45.977+0000] {logging_mixin.py:188} INFO - [2025-08-19T22:23:45.977+0000] {dag.py:3823} INFO - Setting next_dagrun for example_branch_python_operator_decorator to 2025-08-18 00:00:00+00:00, run_after=2025-08-19 00:00:00+00:00
[2025-08-19T22:23:45.986+0000] {processor.py:183} INFO - Processing /home/airflow/.local/lib/python3.8/site-packages/airflow/example_dags/example_branch_operator_decorator.py took 0.040 seconds
[2025-08-19T22:24:16.300+0000] {processor.py:161} INFO - Started process (PID=539) to work on /home/airflow/.local/lib/python3.8/site-packages/airflow/example_dags/example_branch_operator_decorator.py
[2025-08-19T22:24:16.302+0000] {processor.py:830} INFO - Processing file /home/airflow/.local/lib/python3.8/site-packages/airflow/example_dags/example_branch_operator_decorator.py for tasks to queue
[2025-08-19T22:24:16.303+0000] {logging_mixin.py:188} INFO - [2025-08-19T22:24:16.303+0000] {dagbag.py:538} INFO - Filling up the DagBag from /home/airflow/.local/lib/python3.8/site-packages/airflow/example_dags/example_branch_operator_decorator.py
[2025-08-19T22:24:16.311+0000] {processor.py:840} INFO - DAG(s) 'example_branch_python_operator_decorator' retrieved from /home/airflow/.local/lib/python3.8/site-packages/airflow/example_dags/example_branch_operator_decorator.py
[2025-08-19T22:24:16.323+0000] {logging_mixin.py:188} INFO - [2025-08-19T22:24:16.323+0000] {dag.py:3036} INFO - Sync 1 DAGs
[2025-08-19T22:24:16.331+0000] {logging_mixin.py:188} INFO - [2025-08-19T22:24:16.331+0000] {dag.py:3823} INFO - Setting next_dagrun for example_branch_python_operator_decorator to 2025-08-18 00:00:00+00:00, run_after=2025-08-19 00:00:00+00:00
[2025-08-19T22:24:16.339+0000] {processor.py:183} INFO - Processing /home/airflow/.local/lib/python3.8/site-packages/airflow/example_dags/example_branch_operator_decorator.py took 0.042 seconds
[2025-08-19T22:24:46.775+0000] {processor.py:161} INFO - Started process (PID=595) to work on /home/airflow/.local/lib/python3.8/site-packages/airflow/example_dags/example_branch_operator_decorator.py
[2025-08-19T22:24:46.775+0000] {processor.py:830} INFO - Processing file /home/airflow/.local/lib/python3.8/site-packages/airflow/example_dags/example_branch_operator_decorator.py for tasks to queue
[2025-08-19T22:24:46.777+0000] {logging_mixin.py:188} INFO - [2025-08-19T22:24:46.777+0000] {dagbag.py:538} INFO - Filling up the DagBag from /home/airflow/.local/lib/python3.8/site-packages/airflow/example_dags/example_branch_operator_decorator.py
[2025-08-19T22:24:46.786+0000] {processor.py:840} INFO - DAG(s) 'example_branch_python_operator_decorator' retrieved from /home/airflow/.local/lib/python3.8/site-packages/airflow/example_dags/example_branch_operator_decorator.py
[2025-08-19T22:24:46.800+0000] {logging_mixin.py:188} INFO - [2025-08-19T22:24:46.800+0000] {dag.py:3036} INFO - Sync 1 DAGs
[2025-08-19T22:24:46.809+0000] {logging_mixin.py:188} INFO - [2025-08-19T22:24:46.809+0000] {dag.py:3823} INFO - Setting next_dagrun for example_branch_python_operator_decorator to 2025-08-18 00:00:00+00:00, run_after=2025-08-19 00:00:00+00:00
[2025-08-19T22:24:46.819+0000] {processor.py:183} INFO - Processing /home/airflow/.local/lib/python3.8/site-packages/airflow/example_dags/example_branch_operator_decorator.py took 0.046 seconds
[2025-08-19T22:25:17.240+0000] {processor.py:161} INFO - Started process (PID=651) to work on /home/airflow/.local/lib/python3.8/site-packages/airflow/example_dags/example_branch_operator_decorator.py
[2025-08-19T22:25:17.241+0000] {processor.py:830} INFO - Processing file /home/airflow/.local/lib/python3.8/site-packages/airflow/example_dags/example_branch_operator_decorator.py for tasks to queue
[2025-08-19T22:25:17.242+0000] {logging_mixin.py:188} INFO - [2025-08-19T22:25:17.242+0000] {dagbag.py:538} INFO - Filling up the DagBag from /home/airflow/.local/lib/python3.8/site-packages/airflow/example_dags/example_branch_operator_decorator.py
[2025-08-19T22:25:17.251+0000] {processor.py:840} INFO - DAG(s) 'example_branch_python_operator_decorator' retrieved from /home/airflow/.local/lib/python3.8/site-packages/airflow/example_dags/example_branch_operator_decorator.py
[2025-08-19T22:25:17.264+0000] {logging_mixin.py:188} INFO - [2025-08-19T22:25:17.264+0000] {dag.py:3036} INFO - Sync 1 DAGs
[2025-08-19T22:25:17.272+0000] {logging_mixin.py:188} INFO - [2025-08-19T22:25:17.272+0000] {dag.py:3823} INFO - Setting next_dagrun for example_branch_python_operator_decorator to 2025-08-18 00:00:00+00:00, run_after=2025-08-19 00:00:00+00:00
[2025-08-19T22:25:17.284+0000] {processor.py:183} INFO - Processing /home/airflow/.local/lib/python3.8/site-packages/airflow/example_dags/example_branch_operator_decorator.py took 0.046 seconds
[2025-08-19T22:25:47.644+0000] {processor.py:161} INFO - Started process (PID=707) to work on /home/airflow/.local/lib/python3.8/site-packages/airflow/example_dags/example_branch_operator_decorator.py
[2025-08-19T22:25:47.645+0000] {processor.py:830} INFO - Processing file /home/airflow/.local/lib/python3.8/site-packages/airflow/example_dags/example_branch_operator_decorator.py for tasks to queue
[2025-08-19T22:25:47.646+0000] {logging_mixin.py:188} INFO - [2025-08-19T22:25:47.646+0000] {dagbag.py:538} INFO - Filling up the DagBag from /home/airflow/.local/lib/python3.8/site-packages/airflow/example_dags/example_branch_operator_decorator.py
[2025-08-19T22:25:47.655+0000] {processor.py:840} INFO - DAG(s) 'example_branch_python_operator_decorator' retrieved from /home/airflow/.local/lib/python3.8/site-packages/airflow/example_dags/example_branch_operator_decorator.py
[2025-08-19T22:25:47.668+0000] {logging_mixin.py:188} INFO - [2025-08-19T22:25:47.668+0000] {dag.py:3036} INFO - Sync 1 DAGs
[2025-08-19T22:25:47.678+0000] {logging_mixin.py:188} INFO - [2025-08-19T22:25:47.678+0000] {dag.py:3823} INFO - Setting next_dagrun for example_branch_python_operator_decorator to 2025-08-18 00:00:00+00:00, run_after=2025-08-19 00:00:00+00:00
[2025-08-19T22:25:47.687+0000] {processor.py:183} INFO - Processing /home/airflow/.local/lib/python3.8/site-packages/airflow/example_dags/example_branch_operator_decorator.py took 0.045 seconds
[2025-08-19T22:26:18.096+0000] {processor.py:161} INFO - Started process (PID=763) to work on /home/airflow/.local/lib/python3.8/site-packages/airflow/example_dags/example_branch_operator_decorator.py
[2025-08-19T22:26:18.097+0000] {processor.py:830} INFO - Processing file /home/airflow/.local/lib/python3.8/site-packages/airflow/example_dags/example_branch_operator_decorator.py for tasks to queue
[2025-08-19T22:26:18.098+0000] {logging_mixin.py:188} INFO - [2025-08-19T22:26:18.098+0000] {dagbag.py:538} INFO - Filling up the DagBag from /home/airflow/.local/lib/python3.8/site-packages/airflow/example_dags/example_branch_operator_decorator.py
[2025-08-19T22:26:18.106+0000] {processor.py:840} INFO - DAG(s) 'example_branch_python_operator_decorator' retrieved from /home/airflow/.local/lib/python3.8/site-packages/airflow/example_dags/example_branch_operator_decorator.py
[2025-08-19T22:26:18.118+0000] {logging_mixin.py:188} INFO - [2025-08-19T22:26:18.118+0000] {dag.py:3036} INFO - Sync 1 DAGs
[2025-08-19T22:26:18.129+0000] {logging_mixin.py:188} INFO - [2025-08-19T22:26:18.129+0000] {dag.py:3823} INFO - Setting next_dagrun for example_branch_python_operator_decorator to 2025-08-18 00:00:00+00:00, run_after=2025-08-19 00:00:00+00:00
[2025-08-19T22:26:18.136+0000] {processor.py:183} INFO - Processing /home/airflow/.local/lib/python3.8/site-packages/airflow/example_dags/example_branch_operator_decorator.py took 0.042 seconds
[2025-08-19T22:26:48.496+0000] {processor.py:161} INFO - Started process (PID=819) to work on /home/airflow/.local/lib/python3.8/site-packages/airflow/example_dags/example_branch_operator_decorator.py
[2025-08-19T22:26:48.496+0000] {processor.py:830} INFO - Processing file /home/airflow/.local/lib/python3.8/site-packages/airflow/example_dags/example_branch_operator_decorator.py for tasks to queue
[2025-08-19T22:26:48.497+0000] {logging_mixin.py:188} INFO - [2025-08-19T22:26:48.497+0000] {dagbag.py:538} INFO - Filling up the DagBag from /home/airflow/.local/lib/python3.8/site-packages/airflow/example_dags/example_branch_operator_decorator.py
[2025-08-19T22:26:48.505+0000] {processor.py:840} INFO - DAG(s) 'example_branch_python_operator_decorator' retrieved from /home/airflow/.local/lib/python3.8/site-packages/airflow/example_dags/example_branch_operator_decorator.py
[2025-08-19T22:26:48.517+0000] {logging_mixin.py:188} INFO - [2025-08-19T22:26:48.516+0000] {dag.py:3036} INFO - Sync 1 DAGs
[2025-08-19T22:26:48.530+0000] {logging_mixin.py:188} INFO - [2025-08-19T22:26:48.530+0000] {dag.py:3823} INFO - Setting next_dagrun for example_branch_python_operator_decorator to 2025-08-18 00:00:00+00:00, run_after=2025-08-19 00:00:00+00:00
[2025-08-19T22:26:48.541+0000] {processor.py:183} INFO - Processing /home/airflow/.local/lib/python3.8/site-packages/airflow/example_dags/example_branch_operator_decorator.py took 0.047 seconds
[2025-08-19T22:27:18.915+0000] {processor.py:161} INFO - Started process (PID=875) to work on /home/airflow/.local/lib/python3.8/site-packages/airflow/example_dags/example_branch_operator_decorator.py
[2025-08-19T22:27:18.916+0000] {processor.py:830} INFO - Processing file /home/airflow/.local/lib/python3.8/site-packages/airflow/example_dags/example_branch_operator_decorator.py for tasks to queue
[2025-08-19T22:27:18.917+0000] {logging_mixin.py:188} INFO - [2025-08-19T22:27:18.916+0000] {dagbag.py:538} INFO - Filling up the DagBag from /home/airflow/.local/lib/python3.8/site-packages/airflow/example_dags/example_branch_operator_decorator.py
[2025-08-19T22:27:18.925+0000] {processor.py:840} INFO - DAG(s) 'example_branch_python_operator_decorator' retrieved from /home/airflow/.local/lib/python3.8/site-packages/airflow/example_dags/example_branch_operator_decorator.py
[2025-08-19T22:27:18.937+0000] {logging_mixin.py:188} INFO - [2025-08-19T22:27:18.937+0000] {dag.py:3036} INFO - Sync 1 DAGs
[2025-08-19T22:27:18.944+0000] {logging_mixin.py:188} INFO - [2025-08-19T22:27:18.944+0000] {dag.py:3823} INFO - Setting next_dagrun for example_branch_python_operator_decorator to 2025-08-18 00:00:00+00:00, run_after=2025-08-19 00:00:00+00:00
[2025-08-19T22:27:18.954+0000] {processor.py:183} INFO - Processing /home/airflow/.local/lib/python3.8/site-packages/airflow/example_dags/example_branch_operator_decorator.py took 0.040 seconds
[2025-08-19T22:27:49.550+0000] {processor.py:161} INFO - Started process (PID=935) to work on /home/airflow/.local/lib/python3.8/site-packages/airflow/example_dags/example_branch_operator_decorator.py
[2025-08-19T22:27:49.551+0000] {processor.py:830} INFO - Processing file /home/airflow/.local/lib/python3.8/site-packages/airflow/example_dags/example_branch_operator_decorator.py for tasks to queue
[2025-08-19T22:27:49.552+0000] {logging_mixin.py:188} INFO - [2025-08-19T22:27:49.552+0000] {dagbag.py:538} INFO - Filling up the DagBag from /home/airflow/.local/lib/python3.8/site-packages/airflow/example_dags/example_branch_operator_decorator.py
[2025-08-19T22:27:49.563+0000] {processor.py:840} INFO - DAG(s) 'example_branch_python_operator_decorator' retrieved from /home/airflow/.local/lib/python3.8/site-packages/airflow/example_dags/example_branch_operator_decorator.py
[2025-08-19T22:27:49.578+0000] {logging_mixin.py:188} INFO - [2025-08-19T22:27:49.578+0000] {dag.py:3036} INFO - Sync 1 DAGs
[2025-08-19T22:27:49.587+0000] {logging_mixin.py:188} INFO - [2025-08-19T22:27:49.587+0000] {dag.py:3823} INFO - Setting next_dagrun for example_branch_python_operator_decorator to 2025-08-18 00:00:00+00:00, run_after=2025-08-19 00:00:00+00:00
[2025-08-19T22:27:49.597+0000] {processor.py:183} INFO - Processing /home/airflow/.local/lib/python3.8/site-packages/airflow/example_dags/example_branch_operator_decorator.py took 0.048 seconds
[2025-08-19T22:28:20.186+0000] {processor.py:161} INFO - Started process (PID=991) to work on /home/airflow/.local/lib/python3.8/site-packages/airflow/example_dags/example_branch_operator_decorator.py
[2025-08-19T22:28:20.186+0000] {processor.py:830} INFO - Processing file /home/airflow/.local/lib/python3.8/site-packages/airflow/example_dags/example_branch_operator_decorator.py for tasks to queue
[2025-08-19T22:28:20.187+0000] {logging_mixin.py:188} INFO - [2025-08-19T22:28:20.187+0000] {dagbag.py:538} INFO - Filling up the DagBag from /home/airflow/.local/lib/python3.8/site-packages/airflow/example_dags/example_branch_operator_decorator.py
[2025-08-19T22:28:20.195+0000] {processor.py:840} INFO - DAG(s) 'example_branch_python_operator_decorator' retrieved from /home/airflow/.local/lib/python3.8/site-packages/airflow/example_dags/example_branch_operator_decorator.py
[2025-08-19T22:28:20.209+0000] {logging_mixin.py:188} INFO - [2025-08-19T22:28:20.208+0000] {dag.py:3036} INFO - Sync 1 DAGs
[2025-08-19T22:28:20.218+0000] {logging_mixin.py:188} INFO - [2025-08-19T22:28:20.218+0000] {dag.py:3823} INFO - Setting next_dagrun for example_branch_python_operator_decorator to 2025-08-18 00:00:00+00:00, run_after=2025-08-19 00:00:00+00:00
[2025-08-19T22:28:20.227+0000] {processor.py:183} INFO - Processing /home/airflow/.local/lib/python3.8/site-packages/airflow/example_dags/example_branch_operator_decorator.py took 0.043 seconds
[2025-08-19T22:28:50.611+0000] {processor.py:161} INFO - Started process (PID=1047) to work on /home/airflow/.local/lib/python3.8/site-packages/airflow/example_dags/example_branch_operator_decorator.py
[2025-08-19T22:28:50.611+0000] {processor.py:830} INFO - Processing file /home/airflow/.local/lib/python3.8/site-packages/airflow/example_dags/example_branch_operator_decorator.py for tasks to queue
[2025-08-19T22:28:50.612+0000] {logging_mixin.py:188} INFO - [2025-08-19T22:28:50.612+0000] {dagbag.py:538} INFO - Filling up the DagBag from /home/airflow/.local/lib/python3.8/site-packages/airflow/example_dags/example_branch_operator_decorator.py
[2025-08-19T22:28:50.625+0000] {processor.py:840} INFO - DAG(s) 'example_branch_python_operator_decorator' retrieved from /home/airflow/.local/lib/python3.8/site-packages/airflow/example_dags/example_branch_operator_decorator.py
[2025-08-19T22:28:50.636+0000] {logging_mixin.py:188} INFO - [2025-08-19T22:28:50.636+0000] {dag.py:3036} INFO - Sync 1 DAGs
[2025-08-19T22:28:50.645+0000] {logging_mixin.py:188} INFO - [2025-08-19T22:28:50.645+0000] {dag.py:3823} INFO - Setting next_dagrun for example_branch_python_operator_decorator to 2025-08-18 00:00:00+00:00, run_after=2025-08-19 00:00:00+00:00
[2025-08-19T22:28:50.655+0000] {processor.py:183} INFO - Processing /home/airflow/.local/lib/python3.8/site-packages/airflow/example_dags/example_branch_operator_decorator.py took 0.046 seconds
[2025-08-19T22:29:21.161+0000] {processor.py:161} INFO - Started process (PID=1103) to work on /home/airflow/.local/lib/python3.8/site-packages/airflow/example_dags/example_branch_operator_decorator.py
[2025-08-19T22:29:21.165+0000] {processor.py:830} INFO - Processing file /home/airflow/.local/lib/python3.8/site-packages/airflow/example_dags/example_branch_operator_decorator.py for tasks to queue
[2025-08-19T22:29:21.171+0000] {logging_mixin.py:188} INFO - [2025-08-19T22:29:21.170+0000] {dagbag.py:538} INFO - Filling up the DagBag from /home/airflow/.local/lib/python3.8/site-packages/airflow/example_dags/example_branch_operator_decorator.py
[2025-08-19T22:29:21.193+0000] {processor.py:840} INFO - DAG(s) 'example_branch_python_operator_decorator' retrieved from /home/airflow/.local/lib/python3.8/site-packages/airflow/example_dags/example_branch_operator_decorator.py
[2025-08-19T22:29:21.223+0000] {logging_mixin.py:188} INFO - [2025-08-19T22:29:21.223+0000] {dag.py:3036} INFO - Sync 1 DAGs
[2025-08-19T22:29:21.288+0000] {logging_mixin.py:188} INFO - [2025-08-19T22:29:21.288+0000] {dag.py:3823} INFO - Setting next_dagrun for example_branch_python_operator_decorator to 2025-08-18 00:00:00+00:00, run_after=2025-08-19 00:00:00+00:00
[2025-08-19T22:29:21.322+0000] {processor.py:183} INFO - Processing /home/airflow/.local/lib/python3.8/site-packages/airflow/example_dags/example_branch_operator_decorator.py took 0.167 seconds
[2025-08-19T22:29:51.797+0000] {processor.py:161} INFO - Started process (PID=1159) to work on /home/airflow/.local/lib/python3.8/site-packages/airflow/example_dags/example_branch_operator_decorator.py
[2025-08-19T22:29:51.797+0000] {processor.py:830} INFO - Processing file /home/airflow/.local/lib/python3.8/site-packages/airflow/example_dags/example_branch_operator_decorator.py for tasks to queue
[2025-08-19T22:29:51.798+0000] {logging_mixin.py:188} INFO - [2025-08-19T22:29:51.798+0000] {dagbag.py:538} INFO - Filling up the DagBag from /home/airflow/.local/lib/python3.8/site-packages/airflow/example_dags/example_branch_operator_decorator.py
[2025-08-19T22:29:51.807+0000] {processor.py:840} INFO - DAG(s) 'example_branch_python_operator_decorator' retrieved from /home/airflow/.local/lib/python3.8/site-packages/airflow/example_dags/example_branch_operator_decorator.py
[2025-08-19T22:29:51.818+0000] {logging_mixin.py:188} INFO - [2025-08-19T22:29:51.818+0000] {dag.py:3036} INFO - Sync 1 DAGs
[2025-08-19T22:29:51.827+0000] {logging_mixin.py:188} INFO - [2025-08-19T22:29:51.827+0000] {dag.py:3823} INFO - Setting next_dagrun for example_branch_python_operator_decorator to 2025-08-18 00:00:00+00:00, run_after=2025-08-19 00:00:00+00:00
[2025-08-19T22:29:51.836+0000] {processor.py:183} INFO - Processing /home/airflow/.local/lib/python3.8/site-packages/airflow/example_dags/example_branch_operator_decorator.py took 0.042 seconds
[2025-08-19T22:30:22.230+0000] {processor.py:161} INFO - Started process (PID=1215) to work on /home/airflow/.local/lib/python3.8/site-packages/airflow/example_dags/example_branch_operator_decorator.py
[2025-08-19T22:30:22.231+0000] {processor.py:830} INFO - Processing file /home/airflow/.local/lib/python3.8/site-packages/airflow/example_dags/example_branch_operator_decorator.py for tasks to queue
[2025-08-19T22:30:22.232+0000] {logging_mixin.py:188} INFO - [2025-08-19T22:30:22.232+0000] {dagbag.py:538} INFO - Filling up the DagBag from /home/airflow/.local/lib/python3.8/site-packages/airflow/example_dags/example_branch_operator_decorator.py
[2025-08-19T22:30:22.244+0000] {processor.py:840} INFO - DAG(s) 'example_branch_python_operator_decorator' retrieved from /home/airflow/.local/lib/python3.8/site-packages/airflow/example_dags/example_branch_operator_decorator.py
[2025-08-19T22:30:22.258+0000] {logging_mixin.py:188} INFO - [2025-08-19T22:30:22.258+0000] {dag.py:3036} INFO - Sync 1 DAGs
[2025-08-19T22:30:22.267+0000] {logging_mixin.py:188} INFO - [2025-08-19T22:30:22.266+0000] {dag.py:3823} INFO - Setting next_dagrun for example_branch_python_operator_decorator to 2025-08-18 00:00:00+00:00, run_after=2025-08-19 00:00:00+00:00
[2025-08-19T22:30:22.274+0000] {processor.py:183} INFO - Processing /home/airflow/.local/lib/python3.8/site-packages/airflow/example_dags/example_branch_operator_decorator.py took 0.046 seconds
