[2025-08-19T21:50:07.318+0000] {processor.py:161} INFO - Started process (PID=60) to work on /home/airflow/.local/lib/python3.8/site-packages/airflow/example_dags/example_latest_only.py
[2025-08-19T21:50:07.319+0000] {processor.py:830} INFO - Processing file /home/airflow/.local/lib/python3.8/site-packages/airflow/example_dags/example_latest_only.py for tasks to queue
[2025-08-19T21:50:07.321+0000] {logging_mixin.py:188} INFO - [2025-08-19T21:50:07.321+0000] {dagbag.py:538} INFO - Filling up the DagBag from /home/airflow/.local/lib/python3.8/site-packages/airflow/example_dags/example_latest_only.py
[2025-08-19T21:50:07.344+0000] {processor.py:840} INFO - DAG(s) 'latest_only' retrieved from /home/airflow/.local/lib/python3.8/site-packages/airflow/example_dags/example_latest_only.py
[2025-08-19T21:50:07.351+0000] {logging_mixin.py:188} INFO - [2025-08-19T21:50:07.351+0000] {dag.py:3036} INFO - Sync 1 DAGs
[2025-08-19T21:50:07.362+0000] {logging_mixin.py:188} INFO - [2025-08-19T21:50:07.362+0000] {dag.py:3823} INFO - Setting next_dagrun for latest_only to 2025-08-19 16:00:00+00:00, run_after=2025-08-19 20:00:00+00:00
[2025-08-19T21:50:07.375+0000] {processor.py:183} INFO - Processing /home/airflow/.local/lib/python3.8/site-packages/airflow/example_dags/example_latest_only.py took 0.061 seconds
[2025-08-19T21:50:37.917+0000] {processor.py:161} INFO - Started process (PID=116) to work on /home/airflow/.local/lib/python3.8/site-packages/airflow/example_dags/example_latest_only.py
[2025-08-19T21:50:37.917+0000] {processor.py:830} INFO - Processing file /home/airflow/.local/lib/python3.8/site-packages/airflow/example_dags/example_latest_only.py for tasks to queue
[2025-08-19T21:50:37.918+0000] {logging_mixin.py:188} INFO - [2025-08-19T21:50:37.918+0000] {dagbag.py:538} INFO - Filling up the DagBag from /home/airflow/.local/lib/python3.8/site-packages/airflow/example_dags/example_latest_only.py
[2025-08-19T21:50:37.920+0000] {processor.py:840} INFO - DAG(s) 'latest_only' retrieved from /home/airflow/.local/lib/python3.8/site-packages/airflow/example_dags/example_latest_only.py
[2025-08-19T21:50:37.953+0000] {logging_mixin.py:188} INFO - [2025-08-19T21:50:37.953+0000] {dag.py:3036} INFO - Sync 1 DAGs
[2025-08-19T21:50:37.959+0000] {logging_mixin.py:188} INFO - [2025-08-19T21:50:37.959+0000] {dag.py:3823} INFO - Setting next_dagrun for latest_only to 2025-08-19 16:00:00+00:00, run_after=2025-08-19 20:00:00+00:00
[2025-08-19T21:50:37.965+0000] {processor.py:183} INFO - Processing /home/airflow/.local/lib/python3.8/site-packages/airflow/example_dags/example_latest_only.py took 0.050 seconds
[2025-08-19T21:51:08.912+0000] {processor.py:161} INFO - Started process (PID=171) to work on /home/airflow/.local/lib/python3.8/site-packages/airflow/example_dags/example_latest_only.py
[2025-08-19T21:51:08.912+0000] {processor.py:830} INFO - Processing file /home/airflow/.local/lib/python3.8/site-packages/airflow/example_dags/example_latest_only.py for tasks to queue
[2025-08-19T21:51:08.913+0000] {logging_mixin.py:188} INFO - [2025-08-19T21:51:08.913+0000] {dagbag.py:538} INFO - Filling up the DagBag from /home/airflow/.local/lib/python3.8/site-packages/airflow/example_dags/example_latest_only.py
[2025-08-19T21:51:08.915+0000] {processor.py:840} INFO - DAG(s) 'latest_only' retrieved from /home/airflow/.local/lib/python3.8/site-packages/airflow/example_dags/example_latest_only.py
[2025-08-19T21:51:08.925+0000] {logging_mixin.py:188} INFO - [2025-08-19T21:51:08.925+0000] {dag.py:3036} INFO - Sync 1 DAGs
[2025-08-19T21:51:08.933+0000] {logging_mixin.py:188} INFO - [2025-08-19T21:51:08.933+0000] {dag.py:3823} INFO - Setting next_dagrun for latest_only to 2025-08-19 16:00:00+00:00, run_after=2025-08-19 20:00:00+00:00
[2025-08-19T21:51:08.943+0000] {processor.py:183} INFO - Processing /home/airflow/.local/lib/python3.8/site-packages/airflow/example_dags/example_latest_only.py took 0.033 seconds
[2025-08-19T21:51:39.406+0000] {processor.py:161} INFO - Started process (PID=227) to work on /home/airflow/.local/lib/python3.8/site-packages/airflow/example_dags/example_latest_only.py
[2025-08-19T21:51:39.408+0000] {processor.py:830} INFO - Processing file /home/airflow/.local/lib/python3.8/site-packages/airflow/example_dags/example_latest_only.py for tasks to queue
[2025-08-19T21:51:39.408+0000] {logging_mixin.py:188} INFO - [2025-08-19T21:51:39.408+0000] {dagbag.py:538} INFO - Filling up the DagBag from /home/airflow/.local/lib/python3.8/site-packages/airflow/example_dags/example_latest_only.py
[2025-08-19T21:51:39.411+0000] {processor.py:840} INFO - DAG(s) 'latest_only' retrieved from /home/airflow/.local/lib/python3.8/site-packages/airflow/example_dags/example_latest_only.py
[2025-08-19T21:51:39.419+0000] {logging_mixin.py:188} INFO - [2025-08-19T21:51:39.419+0000] {dag.py:3036} INFO - Sync 1 DAGs
[2025-08-19T21:51:39.427+0000] {logging_mixin.py:188} INFO - [2025-08-19T21:51:39.427+0000] {dag.py:3823} INFO - Setting next_dagrun for latest_only to 2025-08-19 16:00:00+00:00, run_after=2025-08-19 20:00:00+00:00
[2025-08-19T21:51:39.436+0000] {processor.py:183} INFO - Processing /home/airflow/.local/lib/python3.8/site-packages/airflow/example_dags/example_latest_only.py took 0.031 seconds
[2025-08-19T21:52:10.101+0000] {processor.py:161} INFO - Started process (PID=289) to work on /home/airflow/.local/lib/python3.8/site-packages/airflow/example_dags/example_latest_only.py
[2025-08-19T21:52:10.103+0000] {processor.py:830} INFO - Processing file /home/airflow/.local/lib/python3.8/site-packages/airflow/example_dags/example_latest_only.py for tasks to queue
[2025-08-19T21:52:10.108+0000] {logging_mixin.py:188} INFO - [2025-08-19T21:52:10.107+0000] {dagbag.py:538} INFO - Filling up the DagBag from /home/airflow/.local/lib/python3.8/site-packages/airflow/example_dags/example_latest_only.py
[2025-08-19T21:52:10.116+0000] {processor.py:840} INFO - DAG(s) 'latest_only' retrieved from /home/airflow/.local/lib/python3.8/site-packages/airflow/example_dags/example_latest_only.py
[2025-08-19T21:52:10.133+0000] {logging_mixin.py:188} INFO - [2025-08-19T21:52:10.133+0000] {dag.py:3036} INFO - Sync 1 DAGs
[2025-08-19T21:52:10.153+0000] {logging_mixin.py:188} INFO - [2025-08-19T21:52:10.153+0000] {dag.py:3823} INFO - Setting next_dagrun for latest_only to 2025-08-19 16:00:00+00:00, run_after=2025-08-19 20:00:00+00:00
[2025-08-19T21:52:10.173+0000] {processor.py:183} INFO - Processing /home/airflow/.local/lib/python3.8/site-packages/airflow/example_dags/example_latest_only.py took 0.076 seconds
[2025-08-19T21:52:40.805+0000] {processor.py:161} INFO - Started process (PID=345) to work on /home/airflow/.local/lib/python3.8/site-packages/airflow/example_dags/example_latest_only.py
[2025-08-19T21:52:40.807+0000] {processor.py:830} INFO - Processing file /home/airflow/.local/lib/python3.8/site-packages/airflow/example_dags/example_latest_only.py for tasks to queue
[2025-08-19T21:52:40.808+0000] {logging_mixin.py:188} INFO - [2025-08-19T21:52:40.808+0000] {dagbag.py:538} INFO - Filling up the DagBag from /home/airflow/.local/lib/python3.8/site-packages/airflow/example_dags/example_latest_only.py
[2025-08-19T21:52:40.811+0000] {processor.py:840} INFO - DAG(s) 'latest_only' retrieved from /home/airflow/.local/lib/python3.8/site-packages/airflow/example_dags/example_latest_only.py
[2025-08-19T21:52:40.822+0000] {logging_mixin.py:188} INFO - [2025-08-19T21:52:40.821+0000] {dag.py:3036} INFO - Sync 1 DAGs
[2025-08-19T21:52:40.830+0000] {logging_mixin.py:188} INFO - [2025-08-19T21:52:40.830+0000] {dag.py:3823} INFO - Setting next_dagrun for latest_only to 2025-08-19 16:00:00+00:00, run_after=2025-08-19 20:00:00+00:00
[2025-08-19T21:52:40.839+0000] {processor.py:183} INFO - Processing /home/airflow/.local/lib/python3.8/site-packages/airflow/example_dags/example_latest_only.py took 0.036 seconds
[2025-08-19T21:53:11.487+0000] {processor.py:161} INFO - Started process (PID=401) to work on /home/airflow/.local/lib/python3.8/site-packages/airflow/example_dags/example_latest_only.py
[2025-08-19T21:53:11.488+0000] {processor.py:830} INFO - Processing file /home/airflow/.local/lib/python3.8/site-packages/airflow/example_dags/example_latest_only.py for tasks to queue
[2025-08-19T21:53:11.489+0000] {logging_mixin.py:188} INFO - [2025-08-19T21:53:11.489+0000] {dagbag.py:538} INFO - Filling up the DagBag from /home/airflow/.local/lib/python3.8/site-packages/airflow/example_dags/example_latest_only.py
[2025-08-19T21:53:11.492+0000] {processor.py:840} INFO - DAG(s) 'latest_only' retrieved from /home/airflow/.local/lib/python3.8/site-packages/airflow/example_dags/example_latest_only.py
[2025-08-19T21:53:11.502+0000] {logging_mixin.py:188} INFO - [2025-08-19T21:53:11.502+0000] {dag.py:3036} INFO - Sync 1 DAGs
[2025-08-19T21:53:11.513+0000] {logging_mixin.py:188} INFO - [2025-08-19T21:53:11.513+0000] {dag.py:3823} INFO - Setting next_dagrun for latest_only to 2025-08-19 16:00:00+00:00, run_after=2025-08-19 20:00:00+00:00
[2025-08-19T21:53:11.522+0000] {processor.py:183} INFO - Processing /home/airflow/.local/lib/python3.8/site-packages/airflow/example_dags/example_latest_only.py took 0.037 seconds
[2025-08-19T21:53:42.190+0000] {processor.py:161} INFO - Started process (PID=457) to work on /home/airflow/.local/lib/python3.8/site-packages/airflow/example_dags/example_latest_only.py
[2025-08-19T21:53:42.192+0000] {processor.py:830} INFO - Processing file /home/airflow/.local/lib/python3.8/site-packages/airflow/example_dags/example_latest_only.py for tasks to queue
[2025-08-19T21:53:42.196+0000] {logging_mixin.py:188} INFO - [2025-08-19T21:53:42.196+0000] {dagbag.py:538} INFO - Filling up the DagBag from /home/airflow/.local/lib/python3.8/site-packages/airflow/example_dags/example_latest_only.py
[2025-08-19T21:53:42.199+0000] {processor.py:840} INFO - DAG(s) 'latest_only' retrieved from /home/airflow/.local/lib/python3.8/site-packages/airflow/example_dags/example_latest_only.py
[2025-08-19T21:53:42.212+0000] {logging_mixin.py:188} INFO - [2025-08-19T21:53:42.212+0000] {dag.py:3036} INFO - Sync 1 DAGs
[2025-08-19T21:53:42.220+0000] {logging_mixin.py:188} INFO - [2025-08-19T21:53:42.220+0000] {dag.py:3823} INFO - Setting next_dagrun for latest_only to 2025-08-19 16:00:00+00:00, run_after=2025-08-19 20:00:00+00:00
[2025-08-19T21:53:42.231+0000] {processor.py:183} INFO - Processing /home/airflow/.local/lib/python3.8/site-packages/airflow/example_dags/example_latest_only.py took 0.043 seconds
[2025-08-19T21:54:12.787+0000] {processor.py:161} INFO - Started process (PID=513) to work on /home/airflow/.local/lib/python3.8/site-packages/airflow/example_dags/example_latest_only.py
[2025-08-19T21:54:12.788+0000] {processor.py:830} INFO - Processing file /home/airflow/.local/lib/python3.8/site-packages/airflow/example_dags/example_latest_only.py for tasks to queue
[2025-08-19T21:54:12.789+0000] {logging_mixin.py:188} INFO - [2025-08-19T21:54:12.789+0000] {dagbag.py:538} INFO - Filling up the DagBag from /home/airflow/.local/lib/python3.8/site-packages/airflow/example_dags/example_latest_only.py
[2025-08-19T21:54:12.791+0000] {processor.py:840} INFO - DAG(s) 'latest_only' retrieved from /home/airflow/.local/lib/python3.8/site-packages/airflow/example_dags/example_latest_only.py
[2025-08-19T21:54:12.802+0000] {logging_mixin.py:188} INFO - [2025-08-19T21:54:12.801+0000] {dag.py:3036} INFO - Sync 1 DAGs
[2025-08-19T21:54:12.812+0000] {logging_mixin.py:188} INFO - [2025-08-19T21:54:12.812+0000] {dag.py:3823} INFO - Setting next_dagrun for latest_only to 2025-08-19 16:00:00+00:00, run_after=2025-08-19 20:00:00+00:00
[2025-08-19T21:54:12.819+0000] {processor.py:183} INFO - Processing /home/airflow/.local/lib/python3.8/site-packages/airflow/example_dags/example_latest_only.py took 0.034 seconds
[2025-08-19T21:54:43.330+0000] {processor.py:161} INFO - Started process (PID=569) to work on /home/airflow/.local/lib/python3.8/site-packages/airflow/example_dags/example_latest_only.py
[2025-08-19T21:54:43.331+0000] {processor.py:830} INFO - Processing file /home/airflow/.local/lib/python3.8/site-packages/airflow/example_dags/example_latest_only.py for tasks to queue
[2025-08-19T21:54:43.332+0000] {logging_mixin.py:188} INFO - [2025-08-19T21:54:43.331+0000] {dagbag.py:538} INFO - Filling up the DagBag from /home/airflow/.local/lib/python3.8/site-packages/airflow/example_dags/example_latest_only.py
[2025-08-19T21:54:43.334+0000] {processor.py:840} INFO - DAG(s) 'latest_only' retrieved from /home/airflow/.local/lib/python3.8/site-packages/airflow/example_dags/example_latest_only.py
[2025-08-19T21:54:43.347+0000] {logging_mixin.py:188} INFO - [2025-08-19T21:54:43.347+0000] {dag.py:3036} INFO - Sync 1 DAGs
[2025-08-19T21:54:43.358+0000] {logging_mixin.py:188} INFO - [2025-08-19T21:54:43.358+0000] {dag.py:3823} INFO - Setting next_dagrun for latest_only to 2025-08-19 16:00:00+00:00, run_after=2025-08-19 20:00:00+00:00
[2025-08-19T21:54:43.365+0000] {processor.py:183} INFO - Processing /home/airflow/.local/lib/python3.8/site-packages/airflow/example_dags/example_latest_only.py took 0.036 seconds
[2025-08-19T21:55:13.932+0000] {processor.py:161} INFO - Started process (PID=625) to work on /home/airflow/.local/lib/python3.8/site-packages/airflow/example_dags/example_latest_only.py
[2025-08-19T21:55:13.933+0000] {processor.py:830} INFO - Processing file /home/airflow/.local/lib/python3.8/site-packages/airflow/example_dags/example_latest_only.py for tasks to queue
[2025-08-19T21:55:13.934+0000] {logging_mixin.py:188} INFO - [2025-08-19T21:55:13.933+0000] {dagbag.py:538} INFO - Filling up the DagBag from /home/airflow/.local/lib/python3.8/site-packages/airflow/example_dags/example_latest_only.py
[2025-08-19T21:55:13.936+0000] {processor.py:840} INFO - DAG(s) 'latest_only' retrieved from /home/airflow/.local/lib/python3.8/site-packages/airflow/example_dags/example_latest_only.py
[2025-08-19T21:55:13.945+0000] {logging_mixin.py:188} INFO - [2025-08-19T21:55:13.945+0000] {dag.py:3036} INFO - Sync 1 DAGs
[2025-08-19T21:55:13.957+0000] {logging_mixin.py:188} INFO - [2025-08-19T21:55:13.957+0000] {dag.py:3823} INFO - Setting next_dagrun for latest_only to 2025-08-19 16:00:00+00:00, run_after=2025-08-19 20:00:00+00:00
[2025-08-19T21:55:13.970+0000] {processor.py:183} INFO - Processing /home/airflow/.local/lib/python3.8/site-packages/airflow/example_dags/example_latest_only.py took 0.040 seconds
[2025-08-19T21:55:44.502+0000] {processor.py:161} INFO - Started process (PID=681) to work on /home/airflow/.local/lib/python3.8/site-packages/airflow/example_dags/example_latest_only.py
[2025-08-19T21:55:44.506+0000] {processor.py:830} INFO - Processing file /home/airflow/.local/lib/python3.8/site-packages/airflow/example_dags/example_latest_only.py for tasks to queue
[2025-08-19T21:55:44.506+0000] {logging_mixin.py:188} INFO - [2025-08-19T21:55:44.506+0000] {dagbag.py:538} INFO - Filling up the DagBag from /home/airflow/.local/lib/python3.8/site-packages/airflow/example_dags/example_latest_only.py
[2025-08-19T21:55:44.509+0000] {processor.py:840} INFO - DAG(s) 'latest_only' retrieved from /home/airflow/.local/lib/python3.8/site-packages/airflow/example_dags/example_latest_only.py
[2025-08-19T21:55:44.520+0000] {logging_mixin.py:188} INFO - [2025-08-19T21:55:44.519+0000] {dag.py:3036} INFO - Sync 1 DAGs
[2025-08-19T21:55:44.530+0000] {logging_mixin.py:188} INFO - [2025-08-19T21:55:44.530+0000] {dag.py:3823} INFO - Setting next_dagrun for latest_only to 2025-08-19 16:00:00+00:00, run_after=2025-08-19 20:00:00+00:00
[2025-08-19T21:55:44.537+0000] {processor.py:183} INFO - Processing /home/airflow/.local/lib/python3.8/site-packages/airflow/example_dags/example_latest_only.py took 0.037 seconds
[2025-08-19T21:56:15.167+0000] {processor.py:161} INFO - Started process (PID=737) to work on /home/airflow/.local/lib/python3.8/site-packages/airflow/example_dags/example_latest_only.py
[2025-08-19T21:56:15.168+0000] {processor.py:830} INFO - Processing file /home/airflow/.local/lib/python3.8/site-packages/airflow/example_dags/example_latest_only.py for tasks to queue
[2025-08-19T21:56:15.170+0000] {logging_mixin.py:188} INFO - [2025-08-19T21:56:15.170+0000] {dagbag.py:538} INFO - Filling up the DagBag from /home/airflow/.local/lib/python3.8/site-packages/airflow/example_dags/example_latest_only.py
[2025-08-19T21:56:15.173+0000] {processor.py:840} INFO - DAG(s) 'latest_only' retrieved from /home/airflow/.local/lib/python3.8/site-packages/airflow/example_dags/example_latest_only.py
[2025-08-19T21:56:15.182+0000] {logging_mixin.py:188} INFO - [2025-08-19T21:56:15.182+0000] {dag.py:3036} INFO - Sync 1 DAGs
[2025-08-19T21:56:15.190+0000] {logging_mixin.py:188} INFO - [2025-08-19T21:56:15.190+0000] {dag.py:3823} INFO - Setting next_dagrun for latest_only to 2025-08-19 16:00:00+00:00, run_after=2025-08-19 20:00:00+00:00
[2025-08-19T21:56:15.201+0000] {processor.py:183} INFO - Processing /home/airflow/.local/lib/python3.8/site-packages/airflow/example_dags/example_latest_only.py took 0.036 seconds
[2025-08-19T21:56:45.778+0000] {processor.py:161} INFO - Started process (PID=793) to work on /home/airflow/.local/lib/python3.8/site-packages/airflow/example_dags/example_latest_only.py
[2025-08-19T21:56:45.781+0000] {processor.py:830} INFO - Processing file /home/airflow/.local/lib/python3.8/site-packages/airflow/example_dags/example_latest_only.py for tasks to queue
[2025-08-19T21:56:45.782+0000] {logging_mixin.py:188} INFO - [2025-08-19T21:56:45.782+0000] {dagbag.py:538} INFO - Filling up the DagBag from /home/airflow/.local/lib/python3.8/site-packages/airflow/example_dags/example_latest_only.py
[2025-08-19T21:56:45.785+0000] {processor.py:840} INFO - DAG(s) 'latest_only' retrieved from /home/airflow/.local/lib/python3.8/site-packages/airflow/example_dags/example_latest_only.py
[2025-08-19T21:56:45.794+0000] {logging_mixin.py:188} INFO - [2025-08-19T21:56:45.794+0000] {dag.py:3036} INFO - Sync 1 DAGs
[2025-08-19T21:56:45.805+0000] {logging_mixin.py:188} INFO - [2025-08-19T21:56:45.805+0000] {dag.py:3823} INFO - Setting next_dagrun for latest_only to 2025-08-19 16:00:00+00:00, run_after=2025-08-19 20:00:00+00:00
[2025-08-19T21:56:45.812+0000] {processor.py:183} INFO - Processing /home/airflow/.local/lib/python3.8/site-packages/airflow/example_dags/example_latest_only.py took 0.036 seconds
[2025-08-19T21:57:16.437+0000] {processor.py:161} INFO - Started process (PID=849) to work on /home/airflow/.local/lib/python3.8/site-packages/airflow/example_dags/example_latest_only.py
[2025-08-19T21:57:16.438+0000] {processor.py:830} INFO - Processing file /home/airflow/.local/lib/python3.8/site-packages/airflow/example_dags/example_latest_only.py for tasks to queue
[2025-08-19T21:57:16.439+0000] {logging_mixin.py:188} INFO - [2025-08-19T21:57:16.439+0000] {dagbag.py:538} INFO - Filling up the DagBag from /home/airflow/.local/lib/python3.8/site-packages/airflow/example_dags/example_latest_only.py
[2025-08-19T21:57:16.442+0000] {processor.py:840} INFO - DAG(s) 'latest_only' retrieved from /home/airflow/.local/lib/python3.8/site-packages/airflow/example_dags/example_latest_only.py
[2025-08-19T21:57:16.452+0000] {logging_mixin.py:188} INFO - [2025-08-19T21:57:16.452+0000] {dag.py:3036} INFO - Sync 1 DAGs
[2025-08-19T21:57:16.463+0000] {logging_mixin.py:188} INFO - [2025-08-19T21:57:16.462+0000] {dag.py:3823} INFO - Setting next_dagrun for latest_only to 2025-08-19 16:00:00+00:00, run_after=2025-08-19 20:00:00+00:00
[2025-08-19T21:57:16.470+0000] {processor.py:183} INFO - Processing /home/airflow/.local/lib/python3.8/site-packages/airflow/example_dags/example_latest_only.py took 0.035 seconds
[2025-08-19T21:57:47.030+0000] {processor.py:161} INFO - Started process (PID=905) to work on /home/airflow/.local/lib/python3.8/site-packages/airflow/example_dags/example_latest_only.py
[2025-08-19T21:57:47.034+0000] {processor.py:830} INFO - Processing file /home/airflow/.local/lib/python3.8/site-packages/airflow/example_dags/example_latest_only.py for tasks to queue
[2025-08-19T21:57:47.035+0000] {logging_mixin.py:188} INFO - [2025-08-19T21:57:47.035+0000] {dagbag.py:538} INFO - Filling up the DagBag from /home/airflow/.local/lib/python3.8/site-packages/airflow/example_dags/example_latest_only.py
[2025-08-19T21:57:47.038+0000] {processor.py:840} INFO - DAG(s) 'latest_only' retrieved from /home/airflow/.local/lib/python3.8/site-packages/airflow/example_dags/example_latest_only.py
[2025-08-19T21:57:47.051+0000] {logging_mixin.py:188} INFO - [2025-08-19T21:57:47.051+0000] {dag.py:3036} INFO - Sync 1 DAGs
[2025-08-19T21:57:47.060+0000] {logging_mixin.py:188} INFO - [2025-08-19T21:57:47.060+0000] {dag.py:3823} INFO - Setting next_dagrun for latest_only to 2025-08-19 16:00:00+00:00, run_after=2025-08-19 20:00:00+00:00
[2025-08-19T21:57:47.067+0000] {processor.py:183} INFO - Processing /home/airflow/.local/lib/python3.8/site-packages/airflow/example_dags/example_latest_only.py took 0.039 seconds
[2025-08-19T21:58:17.593+0000] {processor.py:161} INFO - Started process (PID=961) to work on /home/airflow/.local/lib/python3.8/site-packages/airflow/example_dags/example_latest_only.py
[2025-08-19T21:58:17.594+0000] {processor.py:830} INFO - Processing file /home/airflow/.local/lib/python3.8/site-packages/airflow/example_dags/example_latest_only.py for tasks to queue
[2025-08-19T21:58:17.595+0000] {logging_mixin.py:188} INFO - [2025-08-19T21:58:17.595+0000] {dagbag.py:538} INFO - Filling up the DagBag from /home/airflow/.local/lib/python3.8/site-packages/airflow/example_dags/example_latest_only.py
[2025-08-19T21:58:17.598+0000] {processor.py:840} INFO - DAG(s) 'latest_only' retrieved from /home/airflow/.local/lib/python3.8/site-packages/airflow/example_dags/example_latest_only.py
[2025-08-19T21:58:17.608+0000] {logging_mixin.py:188} INFO - [2025-08-19T21:58:17.608+0000] {dag.py:3036} INFO - Sync 1 DAGs
[2025-08-19T21:58:17.618+0000] {logging_mixin.py:188} INFO - [2025-08-19T21:58:17.618+0000] {dag.py:3823} INFO - Setting next_dagrun for latest_only to 2025-08-19 16:00:00+00:00, run_after=2025-08-19 20:00:00+00:00
[2025-08-19T21:58:17.625+0000] {processor.py:183} INFO - Processing /home/airflow/.local/lib/python3.8/site-packages/airflow/example_dags/example_latest_only.py took 0.034 seconds
[2025-08-19T21:58:48.157+0000] {processor.py:161} INFO - Started process (PID=1017) to work on /home/airflow/.local/lib/python3.8/site-packages/airflow/example_dags/example_latest_only.py
[2025-08-19T21:58:48.159+0000] {processor.py:830} INFO - Processing file /home/airflow/.local/lib/python3.8/site-packages/airflow/example_dags/example_latest_only.py for tasks to queue
[2025-08-19T21:58:48.161+0000] {logging_mixin.py:188} INFO - [2025-08-19T21:58:48.161+0000] {dagbag.py:538} INFO - Filling up the DagBag from /home/airflow/.local/lib/python3.8/site-packages/airflow/example_dags/example_latest_only.py
[2025-08-19T21:58:48.163+0000] {processor.py:840} INFO - DAG(s) 'latest_only' retrieved from /home/airflow/.local/lib/python3.8/site-packages/airflow/example_dags/example_latest_only.py
[2025-08-19T21:58:48.174+0000] {logging_mixin.py:188} INFO - [2025-08-19T21:58:48.174+0000] {dag.py:3036} INFO - Sync 1 DAGs
[2025-08-19T21:58:48.183+0000] {logging_mixin.py:188} INFO - [2025-08-19T21:58:48.183+0000] {dag.py:3823} INFO - Setting next_dagrun for latest_only to 2025-08-19 16:00:00+00:00, run_after=2025-08-19 20:00:00+00:00
[2025-08-19T21:58:48.189+0000] {processor.py:183} INFO - Processing /home/airflow/.local/lib/python3.8/site-packages/airflow/example_dags/example_latest_only.py took 0.034 seconds
[2025-08-19T21:59:18.669+0000] {processor.py:161} INFO - Started process (PID=1073) to work on /home/airflow/.local/lib/python3.8/site-packages/airflow/example_dags/example_latest_only.py
[2025-08-19T21:59:18.670+0000] {processor.py:830} INFO - Processing file /home/airflow/.local/lib/python3.8/site-packages/airflow/example_dags/example_latest_only.py for tasks to queue
[2025-08-19T21:59:18.671+0000] {logging_mixin.py:188} INFO - [2025-08-19T21:59:18.671+0000] {dagbag.py:538} INFO - Filling up the DagBag from /home/airflow/.local/lib/python3.8/site-packages/airflow/example_dags/example_latest_only.py
[2025-08-19T21:59:18.674+0000] {processor.py:840} INFO - DAG(s) 'latest_only' retrieved from /home/airflow/.local/lib/python3.8/site-packages/airflow/example_dags/example_latest_only.py
[2025-08-19T21:59:18.684+0000] {logging_mixin.py:188} INFO - [2025-08-19T21:59:18.684+0000] {dag.py:3036} INFO - Sync 1 DAGs
[2025-08-19T21:59:18.696+0000] {logging_mixin.py:188} INFO - [2025-08-19T21:59:18.696+0000] {dag.py:3823} INFO - Setting next_dagrun for latest_only to 2025-08-19 16:00:00+00:00, run_after=2025-08-19 20:00:00+00:00
[2025-08-19T21:59:18.705+0000] {processor.py:183} INFO - Processing /home/airflow/.local/lib/python3.8/site-packages/airflow/example_dags/example_latest_only.py took 0.037 seconds
[2025-08-19T21:59:49.218+0000] {processor.py:161} INFO - Started process (PID=1129) to work on /home/airflow/.local/lib/python3.8/site-packages/airflow/example_dags/example_latest_only.py
[2025-08-19T21:59:49.218+0000] {processor.py:830} INFO - Processing file /home/airflow/.local/lib/python3.8/site-packages/airflow/example_dags/example_latest_only.py for tasks to queue
[2025-08-19T21:59:49.219+0000] {logging_mixin.py:188} INFO - [2025-08-19T21:59:49.219+0000] {dagbag.py:538} INFO - Filling up the DagBag from /home/airflow/.local/lib/python3.8/site-packages/airflow/example_dags/example_latest_only.py
[2025-08-19T21:59:49.221+0000] {processor.py:840} INFO - DAG(s) 'latest_only' retrieved from /home/airflow/.local/lib/python3.8/site-packages/airflow/example_dags/example_latest_only.py
[2025-08-19T21:59:49.231+0000] {logging_mixin.py:188} INFO - [2025-08-19T21:59:49.231+0000] {dag.py:3036} INFO - Sync 1 DAGs
[2025-08-19T21:59:49.238+0000] {logging_mixin.py:188} INFO - [2025-08-19T21:59:49.238+0000] {dag.py:3823} INFO - Setting next_dagrun for latest_only to 2025-08-19 16:00:00+00:00, run_after=2025-08-19 20:00:00+00:00
[2025-08-19T21:59:49.244+0000] {processor.py:183} INFO - Processing /home/airflow/.local/lib/python3.8/site-packages/airflow/example_dags/example_latest_only.py took 0.027 seconds
[2025-08-19T22:00:19.747+0000] {processor.py:161} INFO - Started process (PID=1185) to work on /home/airflow/.local/lib/python3.8/site-packages/airflow/example_dags/example_latest_only.py
[2025-08-19T22:00:19.749+0000] {processor.py:830} INFO - Processing file /home/airflow/.local/lib/python3.8/site-packages/airflow/example_dags/example_latest_only.py for tasks to queue
[2025-08-19T22:00:19.750+0000] {logging_mixin.py:188} INFO - [2025-08-19T22:00:19.750+0000] {dagbag.py:538} INFO - Filling up the DagBag from /home/airflow/.local/lib/python3.8/site-packages/airflow/example_dags/example_latest_only.py
[2025-08-19T22:00:19.753+0000] {processor.py:840} INFO - DAG(s) 'latest_only' retrieved from /home/airflow/.local/lib/python3.8/site-packages/airflow/example_dags/example_latest_only.py
[2025-08-19T22:00:19.765+0000] {logging_mixin.py:188} INFO - [2025-08-19T22:00:19.765+0000] {dag.py:3036} INFO - Sync 1 DAGs
[2025-08-19T22:00:19.774+0000] {logging_mixin.py:188} INFO - [2025-08-19T22:00:19.774+0000] {dag.py:3823} INFO - Setting next_dagrun for latest_only to 2025-08-19 16:00:00+00:00, run_after=2025-08-19 20:00:00+00:00
[2025-08-19T22:00:19.781+0000] {processor.py:183} INFO - Processing /home/airflow/.local/lib/python3.8/site-packages/airflow/example_dags/example_latest_only.py took 0.036 seconds
[2025-08-19T22:00:50.297+0000] {processor.py:161} INFO - Started process (PID=1241) to work on /home/airflow/.local/lib/python3.8/site-packages/airflow/example_dags/example_latest_only.py
[2025-08-19T22:00:50.298+0000] {processor.py:830} INFO - Processing file /home/airflow/.local/lib/python3.8/site-packages/airflow/example_dags/example_latest_only.py for tasks to queue
[2025-08-19T22:00:50.299+0000] {logging_mixin.py:188} INFO - [2025-08-19T22:00:50.299+0000] {dagbag.py:538} INFO - Filling up the DagBag from /home/airflow/.local/lib/python3.8/site-packages/airflow/example_dags/example_latest_only.py
[2025-08-19T22:00:50.302+0000] {processor.py:840} INFO - DAG(s) 'latest_only' retrieved from /home/airflow/.local/lib/python3.8/site-packages/airflow/example_dags/example_latest_only.py
[2025-08-19T22:00:50.311+0000] {logging_mixin.py:188} INFO - [2025-08-19T22:00:50.311+0000] {dag.py:3036} INFO - Sync 1 DAGs
[2025-08-19T22:00:50.321+0000] {logging_mixin.py:188} INFO - [2025-08-19T22:00:50.320+0000] {dag.py:3823} INFO - Setting next_dagrun for latest_only to 2025-08-19 16:00:00+00:00, run_after=2025-08-19 20:00:00+00:00
[2025-08-19T22:00:50.327+0000] {processor.py:183} INFO - Processing /home/airflow/.local/lib/python3.8/site-packages/airflow/example_dags/example_latest_only.py took 0.032 seconds
[2025-08-19T22:01:21.094+0000] {processor.py:161} INFO - Started process (PID=1297) to work on /home/airflow/.local/lib/python3.8/site-packages/airflow/example_dags/example_latest_only.py
[2025-08-19T22:01:21.095+0000] {processor.py:830} INFO - Processing file /home/airflow/.local/lib/python3.8/site-packages/airflow/example_dags/example_latest_only.py for tasks to queue
[2025-08-19T22:01:21.096+0000] {logging_mixin.py:188} INFO - [2025-08-19T22:01:21.096+0000] {dagbag.py:538} INFO - Filling up the DagBag from /home/airflow/.local/lib/python3.8/site-packages/airflow/example_dags/example_latest_only.py
[2025-08-19T22:01:21.099+0000] {processor.py:840} INFO - DAG(s) 'latest_only' retrieved from /home/airflow/.local/lib/python3.8/site-packages/airflow/example_dags/example_latest_only.py
[2025-08-19T22:01:21.115+0000] {logging_mixin.py:188} INFO - [2025-08-19T22:01:21.115+0000] {dag.py:3036} INFO - Sync 1 DAGs
[2025-08-19T22:01:21.124+0000] {logging_mixin.py:188} INFO - [2025-08-19T22:01:21.124+0000] {dag.py:3823} INFO - Setting next_dagrun for latest_only to 2025-08-19 16:00:00+00:00, run_after=2025-08-19 20:00:00+00:00
[2025-08-19T22:01:21.131+0000] {processor.py:183} INFO - Processing /home/airflow/.local/lib/python3.8/site-packages/airflow/example_dags/example_latest_only.py took 0.039 seconds
[2025-08-19T22:01:51.179+0000] {processor.py:161} INFO - Started process (PID=1353) to work on /home/airflow/.local/lib/python3.8/site-packages/airflow/example_dags/example_latest_only.py
[2025-08-19T22:01:51.180+0000] {processor.py:830} INFO - Processing file /home/airflow/.local/lib/python3.8/site-packages/airflow/example_dags/example_latest_only.py for tasks to queue
[2025-08-19T22:01:51.181+0000] {logging_mixin.py:188} INFO - [2025-08-19T22:01:51.181+0000] {dagbag.py:538} INFO - Filling up the DagBag from /home/airflow/.local/lib/python3.8/site-packages/airflow/example_dags/example_latest_only.py
[2025-08-19T22:01:51.184+0000] {processor.py:840} INFO - DAG(s) 'latest_only' retrieved from /home/airflow/.local/lib/python3.8/site-packages/airflow/example_dags/example_latest_only.py
[2025-08-19T22:01:51.194+0000] {logging_mixin.py:188} INFO - [2025-08-19T22:01:51.194+0000] {dag.py:3036} INFO - Sync 1 DAGs
[2025-08-19T22:01:51.202+0000] {logging_mixin.py:188} INFO - [2025-08-19T22:01:51.202+0000] {dag.py:3823} INFO - Setting next_dagrun for latest_only to 2025-08-19 16:00:00+00:00, run_after=2025-08-19 20:00:00+00:00
[2025-08-19T22:01:51.213+0000] {processor.py:183} INFO - Processing /home/airflow/.local/lib/python3.8/site-packages/airflow/example_dags/example_latest_only.py took 0.037 seconds
[2025-08-19T22:02:22.147+0000] {processor.py:161} INFO - Started process (PID=1409) to work on /home/airflow/.local/lib/python3.8/site-packages/airflow/example_dags/example_latest_only.py
[2025-08-19T22:02:22.149+0000] {processor.py:830} INFO - Processing file /home/airflow/.local/lib/python3.8/site-packages/airflow/example_dags/example_latest_only.py for tasks to queue
[2025-08-19T22:02:22.150+0000] {logging_mixin.py:188} INFO - [2025-08-19T22:02:22.150+0000] {dagbag.py:538} INFO - Filling up the DagBag from /home/airflow/.local/lib/python3.8/site-packages/airflow/example_dags/example_latest_only.py
[2025-08-19T22:02:22.153+0000] {processor.py:840} INFO - DAG(s) 'latest_only' retrieved from /home/airflow/.local/lib/python3.8/site-packages/airflow/example_dags/example_latest_only.py
[2025-08-19T22:02:22.161+0000] {logging_mixin.py:188} INFO - [2025-08-19T22:02:22.161+0000] {dag.py:3036} INFO - Sync 1 DAGs
[2025-08-19T22:02:22.170+0000] {logging_mixin.py:188} INFO - [2025-08-19T22:02:22.170+0000] {dag.py:3823} INFO - Setting next_dagrun for latest_only to 2025-08-19 16:00:00+00:00, run_after=2025-08-19 20:00:00+00:00
[2025-08-19T22:02:22.176+0000] {processor.py:183} INFO - Processing /home/airflow/.local/lib/python3.8/site-packages/airflow/example_dags/example_latest_only.py took 0.031 seconds
[2025-08-19T22:02:53.032+0000] {processor.py:161} INFO - Started process (PID=1465) to work on /home/airflow/.local/lib/python3.8/site-packages/airflow/example_dags/example_latest_only.py
[2025-08-19T22:02:53.033+0000] {processor.py:830} INFO - Processing file /home/airflow/.local/lib/python3.8/site-packages/airflow/example_dags/example_latest_only.py for tasks to queue
[2025-08-19T22:02:53.033+0000] {logging_mixin.py:188} INFO - [2025-08-19T22:02:53.033+0000] {dagbag.py:538} INFO - Filling up the DagBag from /home/airflow/.local/lib/python3.8/site-packages/airflow/example_dags/example_latest_only.py
[2025-08-19T22:02:53.036+0000] {processor.py:840} INFO - DAG(s) 'latest_only' retrieved from /home/airflow/.local/lib/python3.8/site-packages/airflow/example_dags/example_latest_only.py
[2025-08-19T22:02:53.045+0000] {logging_mixin.py:188} INFO - [2025-08-19T22:02:53.045+0000] {dag.py:3036} INFO - Sync 1 DAGs
[2025-08-19T22:02:53.054+0000] {logging_mixin.py:188} INFO - [2025-08-19T22:02:53.054+0000] {dag.py:3823} INFO - Setting next_dagrun for latest_only to 2025-08-19 16:00:00+00:00, run_after=2025-08-19 20:00:00+00:00
[2025-08-19T22:02:53.062+0000] {processor.py:183} INFO - Processing /home/airflow/.local/lib/python3.8/site-packages/airflow/example_dags/example_latest_only.py took 0.032 seconds
[2025-08-19T22:03:24.004+0000] {processor.py:161} INFO - Started process (PID=1521) to work on /home/airflow/.local/lib/python3.8/site-packages/airflow/example_dags/example_latest_only.py
[2025-08-19T22:03:24.005+0000] {processor.py:830} INFO - Processing file /home/airflow/.local/lib/python3.8/site-packages/airflow/example_dags/example_latest_only.py for tasks to queue
[2025-08-19T22:03:24.006+0000] {logging_mixin.py:188} INFO - [2025-08-19T22:03:24.006+0000] {dagbag.py:538} INFO - Filling up the DagBag from /home/airflow/.local/lib/python3.8/site-packages/airflow/example_dags/example_latest_only.py
[2025-08-19T22:03:24.010+0000] {processor.py:840} INFO - DAG(s) 'latest_only' retrieved from /home/airflow/.local/lib/python3.8/site-packages/airflow/example_dags/example_latest_only.py
[2025-08-19T22:03:24.021+0000] {logging_mixin.py:188} INFO - [2025-08-19T22:03:24.021+0000] {dag.py:3036} INFO - Sync 1 DAGs
[2025-08-19T22:03:24.031+0000] {logging_mixin.py:188} INFO - [2025-08-19T22:03:24.031+0000] {dag.py:3823} INFO - Setting next_dagrun for latest_only to 2025-08-19 16:00:00+00:00, run_after=2025-08-19 20:00:00+00:00
[2025-08-19T22:03:24.038+0000] {processor.py:183} INFO - Processing /home/airflow/.local/lib/python3.8/site-packages/airflow/example_dags/example_latest_only.py took 0.036 seconds
[2025-08-19T22:03:54.799+0000] {processor.py:161} INFO - Started process (PID=1577) to work on /home/airflow/.local/lib/python3.8/site-packages/airflow/example_dags/example_latest_only.py
[2025-08-19T22:03:54.803+0000] {processor.py:830} INFO - Processing file /home/airflow/.local/lib/python3.8/site-packages/airflow/example_dags/example_latest_only.py for tasks to queue
[2025-08-19T22:03:54.804+0000] {logging_mixin.py:188} INFO - [2025-08-19T22:03:54.804+0000] {dagbag.py:538} INFO - Filling up the DagBag from /home/airflow/.local/lib/python3.8/site-packages/airflow/example_dags/example_latest_only.py
[2025-08-19T22:03:54.806+0000] {processor.py:840} INFO - DAG(s) 'latest_only' retrieved from /home/airflow/.local/lib/python3.8/site-packages/airflow/example_dags/example_latest_only.py
[2025-08-19T22:03:54.817+0000] {logging_mixin.py:188} INFO - [2025-08-19T22:03:54.817+0000] {dag.py:3036} INFO - Sync 1 DAGs
[2025-08-19T22:03:54.826+0000] {logging_mixin.py:188} INFO - [2025-08-19T22:03:54.826+0000] {dag.py:3823} INFO - Setting next_dagrun for latest_only to 2025-08-19 16:00:00+00:00, run_after=2025-08-19 20:00:00+00:00
[2025-08-19T22:03:54.834+0000] {processor.py:183} INFO - Processing /home/airflow/.local/lib/python3.8/site-packages/airflow/example_dags/example_latest_only.py took 0.036 seconds
[2025-08-19T22:04:25.378+0000] {processor.py:161} INFO - Started process (PID=1633) to work on /home/airflow/.local/lib/python3.8/site-packages/airflow/example_dags/example_latest_only.py
[2025-08-19T22:04:25.378+0000] {processor.py:830} INFO - Processing file /home/airflow/.local/lib/python3.8/site-packages/airflow/example_dags/example_latest_only.py for tasks to queue
[2025-08-19T22:04:25.379+0000] {logging_mixin.py:188} INFO - [2025-08-19T22:04:25.379+0000] {dagbag.py:538} INFO - Filling up the DagBag from /home/airflow/.local/lib/python3.8/site-packages/airflow/example_dags/example_latest_only.py
[2025-08-19T22:04:25.381+0000] {processor.py:840} INFO - DAG(s) 'latest_only' retrieved from /home/airflow/.local/lib/python3.8/site-packages/airflow/example_dags/example_latest_only.py
[2025-08-19T22:04:25.388+0000] {logging_mixin.py:188} INFO - [2025-08-19T22:04:25.388+0000] {dag.py:3036} INFO - Sync 1 DAGs
[2025-08-19T22:04:25.400+0000] {logging_mixin.py:188} INFO - [2025-08-19T22:04:25.400+0000] {dag.py:3823} INFO - Setting next_dagrun for latest_only to 2025-08-19 16:00:00+00:00, run_after=2025-08-19 20:00:00+00:00
[2025-08-19T22:04:25.407+0000] {processor.py:183} INFO - Processing /home/airflow/.local/lib/python3.8/site-packages/airflow/example_dags/example_latest_only.py took 0.031 seconds
[2025-08-19T22:04:55.773+0000] {processor.py:161} INFO - Started process (PID=1689) to work on /home/airflow/.local/lib/python3.8/site-packages/airflow/example_dags/example_latest_only.py
[2025-08-19T22:04:55.773+0000] {processor.py:830} INFO - Processing file /home/airflow/.local/lib/python3.8/site-packages/airflow/example_dags/example_latest_only.py for tasks to queue
[2025-08-19T22:04:55.774+0000] {logging_mixin.py:188} INFO - [2025-08-19T22:04:55.774+0000] {dagbag.py:538} INFO - Filling up the DagBag from /home/airflow/.local/lib/python3.8/site-packages/airflow/example_dags/example_latest_only.py
[2025-08-19T22:04:55.776+0000] {processor.py:840} INFO - DAG(s) 'latest_only' retrieved from /home/airflow/.local/lib/python3.8/site-packages/airflow/example_dags/example_latest_only.py
[2025-08-19T22:04:55.783+0000] {logging_mixin.py:188} INFO - [2025-08-19T22:04:55.783+0000] {dag.py:3036} INFO - Sync 1 DAGs
[2025-08-19T22:04:55.790+0000] {logging_mixin.py:188} INFO - [2025-08-19T22:04:55.790+0000] {dag.py:3823} INFO - Setting next_dagrun for latest_only to 2025-08-19 16:00:00+00:00, run_after=2025-08-19 20:00:00+00:00
[2025-08-19T22:04:55.799+0000] {processor.py:183} INFO - Processing /home/airflow/.local/lib/python3.8/site-packages/airflow/example_dags/example_latest_only.py took 0.028 seconds
[2025-08-19T22:05:26.284+0000] {processor.py:161} INFO - Started process (PID=1745) to work on /home/airflow/.local/lib/python3.8/site-packages/airflow/example_dags/example_latest_only.py
[2025-08-19T22:05:26.285+0000] {processor.py:830} INFO - Processing file /home/airflow/.local/lib/python3.8/site-packages/airflow/example_dags/example_latest_only.py for tasks to queue
[2025-08-19T22:05:26.286+0000] {logging_mixin.py:188} INFO - [2025-08-19T22:05:26.286+0000] {dagbag.py:538} INFO - Filling up the DagBag from /home/airflow/.local/lib/python3.8/site-packages/airflow/example_dags/example_latest_only.py
[2025-08-19T22:05:26.288+0000] {processor.py:840} INFO - DAG(s) 'latest_only' retrieved from /home/airflow/.local/lib/python3.8/site-packages/airflow/example_dags/example_latest_only.py
[2025-08-19T22:05:26.295+0000] {logging_mixin.py:188} INFO - [2025-08-19T22:05:26.295+0000] {dag.py:3036} INFO - Sync 1 DAGs
[2025-08-19T22:05:26.302+0000] {logging_mixin.py:188} INFO - [2025-08-19T22:05:26.302+0000] {dag.py:3823} INFO - Setting next_dagrun for latest_only to 2025-08-19 16:00:00+00:00, run_after=2025-08-19 20:00:00+00:00
[2025-08-19T22:05:26.311+0000] {processor.py:183} INFO - Processing /home/airflow/.local/lib/python3.8/site-packages/airflow/example_dags/example_latest_only.py took 0.028 seconds
[2025-08-19T22:05:56.379+0000] {processor.py:161} INFO - Started process (PID=1801) to work on /home/airflow/.local/lib/python3.8/site-packages/airflow/example_dags/example_latest_only.py
[2025-08-19T22:05:56.381+0000] {processor.py:830} INFO - Processing file /home/airflow/.local/lib/python3.8/site-packages/airflow/example_dags/example_latest_only.py for tasks to queue
[2025-08-19T22:05:56.382+0000] {logging_mixin.py:188} INFO - [2025-08-19T22:05:56.382+0000] {dagbag.py:538} INFO - Filling up the DagBag from /home/airflow/.local/lib/python3.8/site-packages/airflow/example_dags/example_latest_only.py
[2025-08-19T22:05:56.384+0000] {processor.py:840} INFO - DAG(s) 'latest_only' retrieved from /home/airflow/.local/lib/python3.8/site-packages/airflow/example_dags/example_latest_only.py
[2025-08-19T22:05:56.392+0000] {logging_mixin.py:188} INFO - [2025-08-19T22:05:56.392+0000] {dag.py:3036} INFO - Sync 1 DAGs
[2025-08-19T22:05:56.402+0000] {logging_mixin.py:188} INFO - [2025-08-19T22:05:56.402+0000] {dag.py:3823} INFO - Setting next_dagrun for latest_only to 2025-08-19 16:00:00+00:00, run_after=2025-08-19 20:00:00+00:00
[2025-08-19T22:05:56.409+0000] {processor.py:183} INFO - Processing /home/airflow/.local/lib/python3.8/site-packages/airflow/example_dags/example_latest_only.py took 0.032 seconds
[2025-08-19T22:06:26.805+0000] {processor.py:161} INFO - Started process (PID=1857) to work on /home/airflow/.local/lib/python3.8/site-packages/airflow/example_dags/example_latest_only.py
[2025-08-19T22:06:26.806+0000] {processor.py:830} INFO - Processing file /home/airflow/.local/lib/python3.8/site-packages/airflow/example_dags/example_latest_only.py for tasks to queue
[2025-08-19T22:06:26.807+0000] {logging_mixin.py:188} INFO - [2025-08-19T22:06:26.806+0000] {dagbag.py:538} INFO - Filling up the DagBag from /home/airflow/.local/lib/python3.8/site-packages/airflow/example_dags/example_latest_only.py
[2025-08-19T22:06:26.808+0000] {processor.py:840} INFO - DAG(s) 'latest_only' retrieved from /home/airflow/.local/lib/python3.8/site-packages/airflow/example_dags/example_latest_only.py
[2025-08-19T22:06:26.815+0000] {logging_mixin.py:188} INFO - [2025-08-19T22:06:26.815+0000] {dag.py:3036} INFO - Sync 1 DAGs
[2025-08-19T22:06:26.823+0000] {logging_mixin.py:188} INFO - [2025-08-19T22:06:26.823+0000] {dag.py:3823} INFO - Setting next_dagrun for latest_only to 2025-08-19 16:00:00+00:00, run_after=2025-08-19 20:00:00+00:00
[2025-08-19T22:06:26.830+0000] {processor.py:183} INFO - Processing /home/airflow/.local/lib/python3.8/site-packages/airflow/example_dags/example_latest_only.py took 0.026 seconds
[2025-08-19T22:06:57.374+0000] {processor.py:161} INFO - Started process (PID=1913) to work on /home/airflow/.local/lib/python3.8/site-packages/airflow/example_dags/example_latest_only.py
[2025-08-19T22:06:57.377+0000] {processor.py:830} INFO - Processing file /home/airflow/.local/lib/python3.8/site-packages/airflow/example_dags/example_latest_only.py for tasks to queue
[2025-08-19T22:06:57.378+0000] {logging_mixin.py:188} INFO - [2025-08-19T22:06:57.378+0000] {dagbag.py:538} INFO - Filling up the DagBag from /home/airflow/.local/lib/python3.8/site-packages/airflow/example_dags/example_latest_only.py
[2025-08-19T22:06:57.384+0000] {processor.py:840} INFO - DAG(s) 'latest_only' retrieved from /home/airflow/.local/lib/python3.8/site-packages/airflow/example_dags/example_latest_only.py
[2025-08-19T22:06:57.397+0000] {logging_mixin.py:188} INFO - [2025-08-19T22:06:57.397+0000] {dag.py:3036} INFO - Sync 1 DAGs
[2025-08-19T22:06:57.406+0000] {logging_mixin.py:188} INFO - [2025-08-19T22:06:57.406+0000] {dag.py:3823} INFO - Setting next_dagrun for latest_only to 2025-08-19 16:00:00+00:00, run_after=2025-08-19 20:00:00+00:00
[2025-08-19T22:06:57.418+0000] {processor.py:183} INFO - Processing /home/airflow/.local/lib/python3.8/site-packages/airflow/example_dags/example_latest_only.py took 0.045 seconds
[2025-08-19T22:07:27.532+0000] {processor.py:161} INFO - Started process (PID=1969) to work on /home/airflow/.local/lib/python3.8/site-packages/airflow/example_dags/example_latest_only.py
[2025-08-19T22:07:27.533+0000] {processor.py:830} INFO - Processing file /home/airflow/.local/lib/python3.8/site-packages/airflow/example_dags/example_latest_only.py for tasks to queue
[2025-08-19T22:07:27.534+0000] {logging_mixin.py:188} INFO - [2025-08-19T22:07:27.534+0000] {dagbag.py:538} INFO - Filling up the DagBag from /home/airflow/.local/lib/python3.8/site-packages/airflow/example_dags/example_latest_only.py
[2025-08-19T22:07:27.536+0000] {processor.py:840} INFO - DAG(s) 'latest_only' retrieved from /home/airflow/.local/lib/python3.8/site-packages/airflow/example_dags/example_latest_only.py
[2025-08-19T22:07:27.549+0000] {logging_mixin.py:188} INFO - [2025-08-19T22:07:27.547+0000] {dag.py:3036} INFO - Sync 1 DAGs
[2025-08-19T22:07:27.559+0000] {logging_mixin.py:188} INFO - [2025-08-19T22:07:27.559+0000] {dag.py:3823} INFO - Setting next_dagrun for latest_only to 2025-08-19 16:00:00+00:00, run_after=2025-08-19 20:00:00+00:00
[2025-08-19T22:07:27.569+0000] {processor.py:183} INFO - Processing /home/airflow/.local/lib/python3.8/site-packages/airflow/example_dags/example_latest_only.py took 0.038 seconds
[2025-08-19T22:07:58.171+0000] {processor.py:161} INFO - Started process (PID=2025) to work on /home/airflow/.local/lib/python3.8/site-packages/airflow/example_dags/example_latest_only.py
[2025-08-19T22:07:58.171+0000] {processor.py:830} INFO - Processing file /home/airflow/.local/lib/python3.8/site-packages/airflow/example_dags/example_latest_only.py for tasks to queue
[2025-08-19T22:07:58.175+0000] {logging_mixin.py:188} INFO - [2025-08-19T22:07:58.175+0000] {dagbag.py:538} INFO - Filling up the DagBag from /home/airflow/.local/lib/python3.8/site-packages/airflow/example_dags/example_latest_only.py
[2025-08-19T22:07:58.177+0000] {processor.py:840} INFO - DAG(s) 'latest_only' retrieved from /home/airflow/.local/lib/python3.8/site-packages/airflow/example_dags/example_latest_only.py
[2025-08-19T22:07:58.188+0000] {logging_mixin.py:188} INFO - [2025-08-19T22:07:58.188+0000] {dag.py:3036} INFO - Sync 1 DAGs
[2025-08-19T22:07:58.196+0000] {logging_mixin.py:188} INFO - [2025-08-19T22:07:58.196+0000] {dag.py:3823} INFO - Setting next_dagrun for latest_only to 2025-08-19 16:00:00+00:00, run_after=2025-08-19 20:00:00+00:00
[2025-08-19T22:07:58.203+0000] {processor.py:183} INFO - Processing /home/airflow/.local/lib/python3.8/site-packages/airflow/example_dags/example_latest_only.py took 0.034 seconds
[2025-08-19T22:08:28.995+0000] {processor.py:161} INFO - Started process (PID=2081) to work on /home/airflow/.local/lib/python3.8/site-packages/airflow/example_dags/example_latest_only.py
[2025-08-19T22:08:28.996+0000] {processor.py:830} INFO - Processing file /home/airflow/.local/lib/python3.8/site-packages/airflow/example_dags/example_latest_only.py for tasks to queue
[2025-08-19T22:08:28.999+0000] {logging_mixin.py:188} INFO - [2025-08-19T22:08:28.999+0000] {dagbag.py:538} INFO - Filling up the DagBag from /home/airflow/.local/lib/python3.8/site-packages/airflow/example_dags/example_latest_only.py
[2025-08-19T22:08:29.001+0000] {processor.py:840} INFO - DAG(s) 'latest_only' retrieved from /home/airflow/.local/lib/python3.8/site-packages/airflow/example_dags/example_latest_only.py
[2025-08-19T22:08:29.013+0000] {logging_mixin.py:188} INFO - [2025-08-19T22:08:29.013+0000] {dag.py:3036} INFO - Sync 1 DAGs
[2025-08-19T22:08:29.021+0000] {logging_mixin.py:188} INFO - [2025-08-19T22:08:29.021+0000] {dag.py:3823} INFO - Setting next_dagrun for latest_only to 2025-08-19 16:00:00+00:00, run_after=2025-08-19 20:00:00+00:00
[2025-08-19T22:08:29.026+0000] {processor.py:183} INFO - Processing /home/airflow/.local/lib/python3.8/site-packages/airflow/example_dags/example_latest_only.py took 0.033 seconds
[2025-08-19T22:08:59.612+0000] {processor.py:161} INFO - Started process (PID=2137) to work on /home/airflow/.local/lib/python3.8/site-packages/airflow/example_dags/example_latest_only.py
[2025-08-19T22:08:59.613+0000] {processor.py:830} INFO - Processing file /home/airflow/.local/lib/python3.8/site-packages/airflow/example_dags/example_latest_only.py for tasks to queue
[2025-08-19T22:08:59.613+0000] {logging_mixin.py:188} INFO - [2025-08-19T22:08:59.613+0000] {dagbag.py:538} INFO - Filling up the DagBag from /home/airflow/.local/lib/python3.8/site-packages/airflow/example_dags/example_latest_only.py
[2025-08-19T22:08:59.615+0000] {processor.py:840} INFO - DAG(s) 'latest_only' retrieved from /home/airflow/.local/lib/python3.8/site-packages/airflow/example_dags/example_latest_only.py
[2025-08-19T22:08:59.627+0000] {logging_mixin.py:188} INFO - [2025-08-19T22:08:59.626+0000] {dag.py:3036} INFO - Sync 1 DAGs
[2025-08-19T22:08:59.636+0000] {logging_mixin.py:188} INFO - [2025-08-19T22:08:59.636+0000] {dag.py:3823} INFO - Setting next_dagrun for latest_only to 2025-08-19 16:00:00+00:00, run_after=2025-08-19 20:00:00+00:00
[2025-08-19T22:08:59.643+0000] {processor.py:183} INFO - Processing /home/airflow/.local/lib/python3.8/site-packages/airflow/example_dags/example_latest_only.py took 0.032 seconds
[2025-08-19T22:09:30.243+0000] {processor.py:161} INFO - Started process (PID=2193) to work on /home/airflow/.local/lib/python3.8/site-packages/airflow/example_dags/example_latest_only.py
[2025-08-19T22:09:30.244+0000] {processor.py:830} INFO - Processing file /home/airflow/.local/lib/python3.8/site-packages/airflow/example_dags/example_latest_only.py for tasks to queue
[2025-08-19T22:09:30.245+0000] {logging_mixin.py:188} INFO - [2025-08-19T22:09:30.245+0000] {dagbag.py:538} INFO - Filling up the DagBag from /home/airflow/.local/lib/python3.8/site-packages/airflow/example_dags/example_latest_only.py
[2025-08-19T22:09:30.251+0000] {processor.py:840} INFO - DAG(s) 'latest_only' retrieved from /home/airflow/.local/lib/python3.8/site-packages/airflow/example_dags/example_latest_only.py
[2025-08-19T22:09:30.268+0000] {logging_mixin.py:188} INFO - [2025-08-19T22:09:30.268+0000] {dag.py:3036} INFO - Sync 1 DAGs
[2025-08-19T22:09:30.282+0000] {logging_mixin.py:188} INFO - [2025-08-19T22:09:30.282+0000] {dag.py:3823} INFO - Setting next_dagrun for latest_only to 2025-08-19 16:00:00+00:00, run_after=2025-08-19 20:00:00+00:00
[2025-08-19T22:09:30.290+0000] {processor.py:183} INFO - Processing /home/airflow/.local/lib/python3.8/site-packages/airflow/example_dags/example_latest_only.py took 0.048 seconds
[2025-08-19T22:10:00.840+0000] {processor.py:161} INFO - Started process (PID=2249) to work on /home/airflow/.local/lib/python3.8/site-packages/airflow/example_dags/example_latest_only.py
[2025-08-19T22:10:00.841+0000] {processor.py:830} INFO - Processing file /home/airflow/.local/lib/python3.8/site-packages/airflow/example_dags/example_latest_only.py for tasks to queue
[2025-08-19T22:10:00.841+0000] {logging_mixin.py:188} INFO - [2025-08-19T22:10:00.841+0000] {dagbag.py:538} INFO - Filling up the DagBag from /home/airflow/.local/lib/python3.8/site-packages/airflow/example_dags/example_latest_only.py
[2025-08-19T22:10:00.844+0000] {processor.py:840} INFO - DAG(s) 'latest_only' retrieved from /home/airflow/.local/lib/python3.8/site-packages/airflow/example_dags/example_latest_only.py
[2025-08-19T22:10:00.851+0000] {logging_mixin.py:188} INFO - [2025-08-19T22:10:00.851+0000] {dag.py:3036} INFO - Sync 1 DAGs
[2025-08-19T22:10:00.861+0000] {logging_mixin.py:188} INFO - [2025-08-19T22:10:00.861+0000] {dag.py:3823} INFO - Setting next_dagrun for latest_only to 2025-08-19 16:00:00+00:00, run_after=2025-08-19 20:00:00+00:00
[2025-08-19T22:10:00.870+0000] {processor.py:183} INFO - Processing /home/airflow/.local/lib/python3.8/site-packages/airflow/example_dags/example_latest_only.py took 0.032 seconds
[2025-08-19T22:10:31.483+0000] {processor.py:161} INFO - Started process (PID=2305) to work on /home/airflow/.local/lib/python3.8/site-packages/airflow/example_dags/example_latest_only.py
[2025-08-19T22:10:31.485+0000] {processor.py:830} INFO - Processing file /home/airflow/.local/lib/python3.8/site-packages/airflow/example_dags/example_latest_only.py for tasks to queue
[2025-08-19T22:10:31.488+0000] {logging_mixin.py:188} INFO - [2025-08-19T22:10:31.487+0000] {dagbag.py:538} INFO - Filling up the DagBag from /home/airflow/.local/lib/python3.8/site-packages/airflow/example_dags/example_latest_only.py
[2025-08-19T22:10:31.490+0000] {processor.py:840} INFO - DAG(s) 'latest_only' retrieved from /home/airflow/.local/lib/python3.8/site-packages/airflow/example_dags/example_latest_only.py
[2025-08-19T22:10:31.499+0000] {logging_mixin.py:188} INFO - [2025-08-19T22:10:31.499+0000] {dag.py:3036} INFO - Sync 1 DAGs
[2025-08-19T22:10:31.507+0000] {logging_mixin.py:188} INFO - [2025-08-19T22:10:31.507+0000] {dag.py:3823} INFO - Setting next_dagrun for latest_only to 2025-08-19 16:00:00+00:00, run_after=2025-08-19 20:00:00+00:00
[2025-08-19T22:10:31.515+0000] {processor.py:183} INFO - Processing /home/airflow/.local/lib/python3.8/site-packages/airflow/example_dags/example_latest_only.py took 0.034 seconds
[2025-08-19T22:11:02.196+0000] {processor.py:161} INFO - Started process (PID=2361) to work on /home/airflow/.local/lib/python3.8/site-packages/airflow/example_dags/example_latest_only.py
[2025-08-19T22:11:02.197+0000] {processor.py:830} INFO - Processing file /home/airflow/.local/lib/python3.8/site-packages/airflow/example_dags/example_latest_only.py for tasks to queue
[2025-08-19T22:11:02.198+0000] {logging_mixin.py:188} INFO - [2025-08-19T22:11:02.197+0000] {dagbag.py:538} INFO - Filling up the DagBag from /home/airflow/.local/lib/python3.8/site-packages/airflow/example_dags/example_latest_only.py
[2025-08-19T22:11:02.200+0000] {processor.py:840} INFO - DAG(s) 'latest_only' retrieved from /home/airflow/.local/lib/python3.8/site-packages/airflow/example_dags/example_latest_only.py
[2025-08-19T22:11:02.208+0000] {logging_mixin.py:188} INFO - [2025-08-19T22:11:02.208+0000] {dag.py:3036} INFO - Sync 1 DAGs
[2025-08-19T22:11:02.216+0000] {logging_mixin.py:188} INFO - [2025-08-19T22:11:02.216+0000] {dag.py:3823} INFO - Setting next_dagrun for latest_only to 2025-08-19 16:00:00+00:00, run_after=2025-08-19 20:00:00+00:00
[2025-08-19T22:11:02.227+0000] {processor.py:183} INFO - Processing /home/airflow/.local/lib/python3.8/site-packages/airflow/example_dags/example_latest_only.py took 0.032 seconds
[2025-08-19T22:11:32.692+0000] {processor.py:161} INFO - Started process (PID=2417) to work on /home/airflow/.local/lib/python3.8/site-packages/airflow/example_dags/example_latest_only.py
[2025-08-19T22:11:32.694+0000] {processor.py:830} INFO - Processing file /home/airflow/.local/lib/python3.8/site-packages/airflow/example_dags/example_latest_only.py for tasks to queue
[2025-08-19T22:11:32.695+0000] {logging_mixin.py:188} INFO - [2025-08-19T22:11:32.695+0000] {dagbag.py:538} INFO - Filling up the DagBag from /home/airflow/.local/lib/python3.8/site-packages/airflow/example_dags/example_latest_only.py
[2025-08-19T22:11:32.697+0000] {processor.py:840} INFO - DAG(s) 'latest_only' retrieved from /home/airflow/.local/lib/python3.8/site-packages/airflow/example_dags/example_latest_only.py
[2025-08-19T22:11:32.707+0000] {logging_mixin.py:188} INFO - [2025-08-19T22:11:32.707+0000] {dag.py:3036} INFO - Sync 1 DAGs
[2025-08-19T22:11:32.716+0000] {logging_mixin.py:188} INFO - [2025-08-19T22:11:32.716+0000] {dag.py:3823} INFO - Setting next_dagrun for latest_only to 2025-08-19 16:00:00+00:00, run_after=2025-08-19 20:00:00+00:00
[2025-08-19T22:11:32.722+0000] {processor.py:183} INFO - Processing /home/airflow/.local/lib/python3.8/site-packages/airflow/example_dags/example_latest_only.py took 0.031 seconds
[2025-08-19T22:12:03.152+0000] {processor.py:161} INFO - Started process (PID=2473) to work on /home/airflow/.local/lib/python3.8/site-packages/airflow/example_dags/example_latest_only.py
[2025-08-19T22:12:03.153+0000] {processor.py:830} INFO - Processing file /home/airflow/.local/lib/python3.8/site-packages/airflow/example_dags/example_latest_only.py for tasks to queue
[2025-08-19T22:12:03.153+0000] {logging_mixin.py:188} INFO - [2025-08-19T22:12:03.153+0000] {dagbag.py:538} INFO - Filling up the DagBag from /home/airflow/.local/lib/python3.8/site-packages/airflow/example_dags/example_latest_only.py
[2025-08-19T22:12:03.156+0000] {processor.py:840} INFO - DAG(s) 'latest_only' retrieved from /home/airflow/.local/lib/python3.8/site-packages/airflow/example_dags/example_latest_only.py
[2025-08-19T22:12:03.163+0000] {logging_mixin.py:188} INFO - [2025-08-19T22:12:03.163+0000] {dag.py:3036} INFO - Sync 1 DAGs
[2025-08-19T22:12:03.171+0000] {logging_mixin.py:188} INFO - [2025-08-19T22:12:03.171+0000] {dag.py:3823} INFO - Setting next_dagrun for latest_only to 2025-08-19 16:00:00+00:00, run_after=2025-08-19 20:00:00+00:00
[2025-08-19T22:12:03.179+0000] {processor.py:183} INFO - Processing /home/airflow/.local/lib/python3.8/site-packages/airflow/example_dags/example_latest_only.py took 0.029 seconds
[2025-08-19T22:12:33.758+0000] {processor.py:161} INFO - Started process (PID=2529) to work on /home/airflow/.local/lib/python3.8/site-packages/airflow/example_dags/example_latest_only.py
[2025-08-19T22:12:33.760+0000] {processor.py:830} INFO - Processing file /home/airflow/.local/lib/python3.8/site-packages/airflow/example_dags/example_latest_only.py for tasks to queue
[2025-08-19T22:12:33.762+0000] {logging_mixin.py:188} INFO - [2025-08-19T22:12:33.762+0000] {dagbag.py:538} INFO - Filling up the DagBag from /home/airflow/.local/lib/python3.8/site-packages/airflow/example_dags/example_latest_only.py
[2025-08-19T22:12:33.765+0000] {processor.py:840} INFO - DAG(s) 'latest_only' retrieved from /home/airflow/.local/lib/python3.8/site-packages/airflow/example_dags/example_latest_only.py
[2025-08-19T22:12:33.774+0000] {logging_mixin.py:188} INFO - [2025-08-19T22:12:33.774+0000] {dag.py:3036} INFO - Sync 1 DAGs
[2025-08-19T22:12:33.782+0000] {logging_mixin.py:188} INFO - [2025-08-19T22:12:33.782+0000] {dag.py:3823} INFO - Setting next_dagrun for latest_only to 2025-08-19 16:00:00+00:00, run_after=2025-08-19 20:00:00+00:00
[2025-08-19T22:12:33.788+0000] {processor.py:183} INFO - Processing /home/airflow/.local/lib/python3.8/site-packages/airflow/example_dags/example_latest_only.py took 0.031 seconds
[2025-08-19T22:13:04.313+0000] {processor.py:161} INFO - Started process (PID=2585) to work on /home/airflow/.local/lib/python3.8/site-packages/airflow/example_dags/example_latest_only.py
[2025-08-19T22:13:04.314+0000] {processor.py:830} INFO - Processing file /home/airflow/.local/lib/python3.8/site-packages/airflow/example_dags/example_latest_only.py for tasks to queue
[2025-08-19T22:13:04.315+0000] {logging_mixin.py:188} INFO - [2025-08-19T22:13:04.314+0000] {dagbag.py:538} INFO - Filling up the DagBag from /home/airflow/.local/lib/python3.8/site-packages/airflow/example_dags/example_latest_only.py
[2025-08-19T22:13:04.317+0000] {processor.py:840} INFO - DAG(s) 'latest_only' retrieved from /home/airflow/.local/lib/python3.8/site-packages/airflow/example_dags/example_latest_only.py
[2025-08-19T22:13:04.330+0000] {logging_mixin.py:188} INFO - [2025-08-19T22:13:04.330+0000] {dag.py:3036} INFO - Sync 1 DAGs
[2025-08-19T22:13:04.340+0000] {logging_mixin.py:188} INFO - [2025-08-19T22:13:04.339+0000] {dag.py:3823} INFO - Setting next_dagrun for latest_only to 2025-08-19 16:00:00+00:00, run_after=2025-08-19 20:00:00+00:00
[2025-08-19T22:13:04.346+0000] {processor.py:183} INFO - Processing /home/airflow/.local/lib/python3.8/site-packages/airflow/example_dags/example_latest_only.py took 0.034 seconds
[2025-08-19T22:13:34.864+0000] {processor.py:161} INFO - Started process (PID=2641) to work on /home/airflow/.local/lib/python3.8/site-packages/airflow/example_dags/example_latest_only.py
[2025-08-19T22:13:34.866+0000] {processor.py:830} INFO - Processing file /home/airflow/.local/lib/python3.8/site-packages/airflow/example_dags/example_latest_only.py for tasks to queue
[2025-08-19T22:13:34.867+0000] {logging_mixin.py:188} INFO - [2025-08-19T22:13:34.866+0000] {dagbag.py:538} INFO - Filling up the DagBag from /home/airflow/.local/lib/python3.8/site-packages/airflow/example_dags/example_latest_only.py
[2025-08-19T22:13:34.869+0000] {processor.py:840} INFO - DAG(s) 'latest_only' retrieved from /home/airflow/.local/lib/python3.8/site-packages/airflow/example_dags/example_latest_only.py
[2025-08-19T22:13:34.878+0000] {logging_mixin.py:188} INFO - [2025-08-19T22:13:34.877+0000] {dag.py:3036} INFO - Sync 1 DAGs
[2025-08-19T22:13:34.887+0000] {logging_mixin.py:188} INFO - [2025-08-19T22:13:34.887+0000] {dag.py:3823} INFO - Setting next_dagrun for latest_only to 2025-08-19 16:00:00+00:00, run_after=2025-08-19 20:00:00+00:00
[2025-08-19T22:13:34.898+0000] {processor.py:183} INFO - Processing /home/airflow/.local/lib/python3.8/site-packages/airflow/example_dags/example_latest_only.py took 0.035 seconds
[2025-08-19T22:20:10.074+0000] {processor.py:161} INFO - Started process (PID=61) to work on /home/airflow/.local/lib/python3.8/site-packages/airflow/example_dags/example_latest_only.py
[2025-08-19T22:20:10.076+0000] {processor.py:830} INFO - Processing file /home/airflow/.local/lib/python3.8/site-packages/airflow/example_dags/example_latest_only.py for tasks to queue
[2025-08-19T22:20:10.078+0000] {logging_mixin.py:188} INFO - [2025-08-19T22:20:10.078+0000] {dagbag.py:538} INFO - Filling up the DagBag from /home/airflow/.local/lib/python3.8/site-packages/airflow/example_dags/example_latest_only.py
[2025-08-19T22:20:10.084+0000] {processor.py:840} INFO - DAG(s) 'latest_only' retrieved from /home/airflow/.local/lib/python3.8/site-packages/airflow/example_dags/example_latest_only.py
[2025-08-19T22:20:10.093+0000] {logging_mixin.py:188} INFO - [2025-08-19T22:20:10.093+0000] {dag.py:3036} INFO - Sync 1 DAGs
[2025-08-19T22:20:10.110+0000] {logging_mixin.py:188} INFO - [2025-08-19T22:20:10.110+0000] {dag.py:3823} INFO - Setting next_dagrun for latest_only to 2025-08-19 16:00:00+00:00, run_after=2025-08-19 20:00:00+00:00
[2025-08-19T22:20:10.133+0000] {processor.py:183} INFO - Processing /home/airflow/.local/lib/python3.8/site-packages/airflow/example_dags/example_latest_only.py took 0.063 seconds
[2025-08-19T22:20:40.205+0000] {processor.py:161} INFO - Started process (PID=117) to work on /home/airflow/.local/lib/python3.8/site-packages/airflow/example_dags/example_latest_only.py
[2025-08-19T22:20:40.206+0000] {processor.py:830} INFO - Processing file /home/airflow/.local/lib/python3.8/site-packages/airflow/example_dags/example_latest_only.py for tasks to queue
[2025-08-19T22:20:40.206+0000] {logging_mixin.py:188} INFO - [2025-08-19T22:20:40.206+0000] {dagbag.py:538} INFO - Filling up the DagBag from /home/airflow/.local/lib/python3.8/site-packages/airflow/example_dags/example_latest_only.py
[2025-08-19T22:20:40.209+0000] {processor.py:840} INFO - DAG(s) 'latest_only' retrieved from /home/airflow/.local/lib/python3.8/site-packages/airflow/example_dags/example_latest_only.py
[2025-08-19T22:20:40.245+0000] {logging_mixin.py:188} INFO - [2025-08-19T22:20:40.245+0000] {dag.py:3036} INFO - Sync 1 DAGs
[2025-08-19T22:20:40.252+0000] {logging_mixin.py:188} INFO - [2025-08-19T22:20:40.252+0000] {dag.py:3823} INFO - Setting next_dagrun for latest_only to 2025-08-19 16:00:00+00:00, run_after=2025-08-19 20:00:00+00:00
[2025-08-19T22:20:40.259+0000] {processor.py:183} INFO - Processing /home/airflow/.local/lib/python3.8/site-packages/airflow/example_dags/example_latest_only.py took 0.055 seconds
[2025-08-19T22:21:10.276+0000] {processor.py:161} INFO - Started process (PID=173) to work on /home/airflow/.local/lib/python3.8/site-packages/airflow/example_dags/example_latest_only.py
[2025-08-19T22:21:10.280+0000] {processor.py:830} INFO - Processing file /home/airflow/.local/lib/python3.8/site-packages/airflow/example_dags/example_latest_only.py for tasks to queue
[2025-08-19T22:21:10.281+0000] {logging_mixin.py:188} INFO - [2025-08-19T22:21:10.281+0000] {dagbag.py:538} INFO - Filling up the DagBag from /home/airflow/.local/lib/python3.8/site-packages/airflow/example_dags/example_latest_only.py
[2025-08-19T22:21:10.284+0000] {processor.py:840} INFO - DAG(s) 'latest_only' retrieved from /home/airflow/.local/lib/python3.8/site-packages/airflow/example_dags/example_latest_only.py
[2025-08-19T22:21:10.297+0000] {logging_mixin.py:188} INFO - [2025-08-19T22:21:10.297+0000] {dag.py:3036} INFO - Sync 1 DAGs
[2025-08-19T22:21:10.309+0000] {logging_mixin.py:188} INFO - [2025-08-19T22:21:10.309+0000] {dag.py:3823} INFO - Setting next_dagrun for latest_only to 2025-08-19 16:00:00+00:00, run_after=2025-08-19 20:00:00+00:00
[2025-08-19T22:21:10.322+0000] {processor.py:183} INFO - Processing /home/airflow/.local/lib/python3.8/site-packages/airflow/example_dags/example_latest_only.py took 0.048 seconds
[2025-08-19T22:21:41.010+0000] {processor.py:161} INFO - Started process (PID=229) to work on /home/airflow/.local/lib/python3.8/site-packages/airflow/example_dags/example_latest_only.py
[2025-08-19T22:21:41.010+0000] {processor.py:830} INFO - Processing file /home/airflow/.local/lib/python3.8/site-packages/airflow/example_dags/example_latest_only.py for tasks to queue
[2025-08-19T22:21:41.011+0000] {logging_mixin.py:188} INFO - [2025-08-19T22:21:41.011+0000] {dagbag.py:538} INFO - Filling up the DagBag from /home/airflow/.local/lib/python3.8/site-packages/airflow/example_dags/example_latest_only.py
[2025-08-19T22:21:41.014+0000] {processor.py:840} INFO - DAG(s) 'latest_only' retrieved from /home/airflow/.local/lib/python3.8/site-packages/airflow/example_dags/example_latest_only.py
[2025-08-19T22:21:41.044+0000] {logging_mixin.py:188} INFO - [2025-08-19T22:21:41.044+0000] {dag.py:3036} INFO - Sync 1 DAGs
[2025-08-19T22:21:41.085+0000] {logging_mixin.py:188} INFO - [2025-08-19T22:21:41.085+0000] {dag.py:3823} INFO - Setting next_dagrun for latest_only to 2025-08-19 16:00:00+00:00, run_after=2025-08-19 20:00:00+00:00
[2025-08-19T22:21:41.096+0000] {processor.py:183} INFO - Processing /home/airflow/.local/lib/python3.8/site-packages/airflow/example_dags/example_latest_only.py took 0.088 seconds
[2025-08-19T22:22:11.590+0000] {processor.py:161} INFO - Started process (PID=285) to work on /home/airflow/.local/lib/python3.8/site-packages/airflow/example_dags/example_latest_only.py
[2025-08-19T22:22:11.591+0000] {processor.py:830} INFO - Processing file /home/airflow/.local/lib/python3.8/site-packages/airflow/example_dags/example_latest_only.py for tasks to queue
[2025-08-19T22:22:11.591+0000] {logging_mixin.py:188} INFO - [2025-08-19T22:22:11.591+0000] {dagbag.py:538} INFO - Filling up the DagBag from /home/airflow/.local/lib/python3.8/site-packages/airflow/example_dags/example_latest_only.py
[2025-08-19T22:22:11.594+0000] {processor.py:840} INFO - DAG(s) 'latest_only' retrieved from /home/airflow/.local/lib/python3.8/site-packages/airflow/example_dags/example_latest_only.py
[2025-08-19T22:22:11.606+0000] {logging_mixin.py:188} INFO - [2025-08-19T22:22:11.605+0000] {dag.py:3036} INFO - Sync 1 DAGs
[2025-08-19T22:22:11.617+0000] {logging_mixin.py:188} INFO - [2025-08-19T22:22:11.617+0000] {dag.py:3823} INFO - Setting next_dagrun for latest_only to 2025-08-19 16:00:00+00:00, run_after=2025-08-19 20:00:00+00:00
[2025-08-19T22:22:11.624+0000] {processor.py:183} INFO - Processing /home/airflow/.local/lib/python3.8/site-packages/airflow/example_dags/example_latest_only.py took 0.036 seconds
[2025-08-19T22:22:42.079+0000] {processor.py:161} INFO - Started process (PID=341) to work on /home/airflow/.local/lib/python3.8/site-packages/airflow/example_dags/example_latest_only.py
[2025-08-19T22:22:42.080+0000] {processor.py:830} INFO - Processing file /home/airflow/.local/lib/python3.8/site-packages/airflow/example_dags/example_latest_only.py for tasks to queue
[2025-08-19T22:22:42.081+0000] {logging_mixin.py:188} INFO - [2025-08-19T22:22:42.080+0000] {dagbag.py:538} INFO - Filling up the DagBag from /home/airflow/.local/lib/python3.8/site-packages/airflow/example_dags/example_latest_only.py
[2025-08-19T22:22:42.083+0000] {processor.py:840} INFO - DAG(s) 'latest_only' retrieved from /home/airflow/.local/lib/python3.8/site-packages/airflow/example_dags/example_latest_only.py
[2025-08-19T22:22:42.091+0000] {logging_mixin.py:188} INFO - [2025-08-19T22:22:42.091+0000] {dag.py:3036} INFO - Sync 1 DAGs
[2025-08-19T22:22:42.100+0000] {logging_mixin.py:188} INFO - [2025-08-19T22:22:42.100+0000] {dag.py:3823} INFO - Setting next_dagrun for latest_only to 2025-08-19 16:00:00+00:00, run_after=2025-08-19 20:00:00+00:00
[2025-08-19T22:22:42.107+0000] {processor.py:183} INFO - Processing /home/airflow/.local/lib/python3.8/site-packages/airflow/example_dags/example_latest_only.py took 0.029 seconds
[2025-08-19T22:23:12.822+0000] {processor.py:161} INFO - Started process (PID=407) to work on /home/airflow/.local/lib/python3.8/site-packages/airflow/example_dags/example_latest_only.py
[2025-08-19T22:23:12.823+0000] {processor.py:830} INFO - Processing file /home/airflow/.local/lib/python3.8/site-packages/airflow/example_dags/example_latest_only.py for tasks to queue
[2025-08-19T22:23:12.823+0000] {logging_mixin.py:188} INFO - [2025-08-19T22:23:12.823+0000] {dagbag.py:538} INFO - Filling up the DagBag from /home/airflow/.local/lib/python3.8/site-packages/airflow/example_dags/example_latest_only.py
[2025-08-19T22:23:12.826+0000] {processor.py:840} INFO - DAG(s) 'latest_only' retrieved from /home/airflow/.local/lib/python3.8/site-packages/airflow/example_dags/example_latest_only.py
[2025-08-19T22:23:12.835+0000] {logging_mixin.py:188} INFO - [2025-08-19T22:23:12.835+0000] {dag.py:3036} INFO - Sync 1 DAGs
[2025-08-19T22:23:12.843+0000] {logging_mixin.py:188} INFO - [2025-08-19T22:23:12.843+0000] {dag.py:3823} INFO - Setting next_dagrun for latest_only to 2025-08-19 16:00:00+00:00, run_after=2025-08-19 20:00:00+00:00
[2025-08-19T22:23:12.855+0000] {processor.py:183} INFO - Processing /home/airflow/.local/lib/python3.8/site-packages/airflow/example_dags/example_latest_only.py took 0.035 seconds
[2025-08-19T22:23:43.404+0000] {processor.py:161} INFO - Started process (PID=463) to work on /home/airflow/.local/lib/python3.8/site-packages/airflow/example_dags/example_latest_only.py
[2025-08-19T22:23:43.405+0000] {processor.py:830} INFO - Processing file /home/airflow/.local/lib/python3.8/site-packages/airflow/example_dags/example_latest_only.py for tasks to queue
[2025-08-19T22:23:43.409+0000] {logging_mixin.py:188} INFO - [2025-08-19T22:23:43.409+0000] {dagbag.py:538} INFO - Filling up the DagBag from /home/airflow/.local/lib/python3.8/site-packages/airflow/example_dags/example_latest_only.py
[2025-08-19T22:23:43.413+0000] {processor.py:840} INFO - DAG(s) 'latest_only' retrieved from /home/airflow/.local/lib/python3.8/site-packages/airflow/example_dags/example_latest_only.py
[2025-08-19T22:23:43.424+0000] {logging_mixin.py:188} INFO - [2025-08-19T22:23:43.424+0000] {dag.py:3036} INFO - Sync 1 DAGs
[2025-08-19T22:23:43.431+0000] {logging_mixin.py:188} INFO - [2025-08-19T22:23:43.431+0000] {dag.py:3823} INFO - Setting next_dagrun for latest_only to 2025-08-19 16:00:00+00:00, run_after=2025-08-19 20:00:00+00:00
[2025-08-19T22:23:43.439+0000] {processor.py:183} INFO - Processing /home/airflow/.local/lib/python3.8/site-packages/airflow/example_dags/example_latest_only.py took 0.036 seconds
[2025-08-19T22:24:13.826+0000] {processor.py:161} INFO - Started process (PID=519) to work on /home/airflow/.local/lib/python3.8/site-packages/airflow/example_dags/example_latest_only.py
[2025-08-19T22:24:13.827+0000] {processor.py:830} INFO - Processing file /home/airflow/.local/lib/python3.8/site-packages/airflow/example_dags/example_latest_only.py for tasks to queue
[2025-08-19T22:24:13.828+0000] {logging_mixin.py:188} INFO - [2025-08-19T22:24:13.828+0000] {dagbag.py:538} INFO - Filling up the DagBag from /home/airflow/.local/lib/python3.8/site-packages/airflow/example_dags/example_latest_only.py
[2025-08-19T22:24:13.830+0000] {processor.py:840} INFO - DAG(s) 'latest_only' retrieved from /home/airflow/.local/lib/python3.8/site-packages/airflow/example_dags/example_latest_only.py
[2025-08-19T22:24:13.839+0000] {logging_mixin.py:188} INFO - [2025-08-19T22:24:13.839+0000] {dag.py:3036} INFO - Sync 1 DAGs
[2025-08-19T22:24:13.850+0000] {logging_mixin.py:188} INFO - [2025-08-19T22:24:13.850+0000] {dag.py:3823} INFO - Setting next_dagrun for latest_only to 2025-08-19 16:00:00+00:00, run_after=2025-08-19 20:00:00+00:00
[2025-08-19T22:24:13.857+0000] {processor.py:183} INFO - Processing /home/airflow/.local/lib/python3.8/site-packages/airflow/example_dags/example_latest_only.py took 0.032 seconds
[2025-08-19T22:24:44.267+0000] {processor.py:161} INFO - Started process (PID=575) to work on /home/airflow/.local/lib/python3.8/site-packages/airflow/example_dags/example_latest_only.py
[2025-08-19T22:24:44.269+0000] {processor.py:830} INFO - Processing file /home/airflow/.local/lib/python3.8/site-packages/airflow/example_dags/example_latest_only.py for tasks to queue
[2025-08-19T22:24:44.272+0000] {logging_mixin.py:188} INFO - [2025-08-19T22:24:44.272+0000] {dagbag.py:538} INFO - Filling up the DagBag from /home/airflow/.local/lib/python3.8/site-packages/airflow/example_dags/example_latest_only.py
[2025-08-19T22:24:44.275+0000] {processor.py:840} INFO - DAG(s) 'latest_only' retrieved from /home/airflow/.local/lib/python3.8/site-packages/airflow/example_dags/example_latest_only.py
[2025-08-19T22:24:44.284+0000] {logging_mixin.py:188} INFO - [2025-08-19T22:24:44.284+0000] {dag.py:3036} INFO - Sync 1 DAGs
[2025-08-19T22:24:44.294+0000] {logging_mixin.py:188} INFO - [2025-08-19T22:24:44.293+0000] {dag.py:3823} INFO - Setting next_dagrun for latest_only to 2025-08-19 16:00:00+00:00, run_after=2025-08-19 20:00:00+00:00
[2025-08-19T22:24:44.305+0000] {processor.py:183} INFO - Processing /home/airflow/.local/lib/python3.8/site-packages/airflow/example_dags/example_latest_only.py took 0.040 seconds
[2025-08-19T22:25:14.740+0000] {processor.py:161} INFO - Started process (PID=631) to work on /home/airflow/.local/lib/python3.8/site-packages/airflow/example_dags/example_latest_only.py
[2025-08-19T22:25:14.741+0000] {processor.py:830} INFO - Processing file /home/airflow/.local/lib/python3.8/site-packages/airflow/example_dags/example_latest_only.py for tasks to queue
[2025-08-19T22:25:14.742+0000] {logging_mixin.py:188} INFO - [2025-08-19T22:25:14.741+0000] {dagbag.py:538} INFO - Filling up the DagBag from /home/airflow/.local/lib/python3.8/site-packages/airflow/example_dags/example_latest_only.py
[2025-08-19T22:25:14.744+0000] {processor.py:840} INFO - DAG(s) 'latest_only' retrieved from /home/airflow/.local/lib/python3.8/site-packages/airflow/example_dags/example_latest_only.py
[2025-08-19T22:25:14.754+0000] {logging_mixin.py:188} INFO - [2025-08-19T22:25:14.753+0000] {dag.py:3036} INFO - Sync 1 DAGs
[2025-08-19T22:25:14.762+0000] {logging_mixin.py:188} INFO - [2025-08-19T22:25:14.762+0000] {dag.py:3823} INFO - Setting next_dagrun for latest_only to 2025-08-19 16:00:00+00:00, run_after=2025-08-19 20:00:00+00:00
[2025-08-19T22:25:14.768+0000] {processor.py:183} INFO - Processing /home/airflow/.local/lib/python3.8/site-packages/airflow/example_dags/example_latest_only.py took 0.029 seconds
[2025-08-19T22:25:45.136+0000] {processor.py:161} INFO - Started process (PID=687) to work on /home/airflow/.local/lib/python3.8/site-packages/airflow/example_dags/example_latest_only.py
[2025-08-19T22:25:45.137+0000] {processor.py:830} INFO - Processing file /home/airflow/.local/lib/python3.8/site-packages/airflow/example_dags/example_latest_only.py for tasks to queue
[2025-08-19T22:25:45.137+0000] {logging_mixin.py:188} INFO - [2025-08-19T22:25:45.137+0000] {dagbag.py:538} INFO - Filling up the DagBag from /home/airflow/.local/lib/python3.8/site-packages/airflow/example_dags/example_latest_only.py
[2025-08-19T22:25:45.141+0000] {processor.py:840} INFO - DAG(s) 'latest_only' retrieved from /home/airflow/.local/lib/python3.8/site-packages/airflow/example_dags/example_latest_only.py
[2025-08-19T22:25:45.149+0000] {logging_mixin.py:188} INFO - [2025-08-19T22:25:45.149+0000] {dag.py:3036} INFO - Sync 1 DAGs
[2025-08-19T22:25:45.158+0000] {logging_mixin.py:188} INFO - [2025-08-19T22:25:45.158+0000] {dag.py:3823} INFO - Setting next_dagrun for latest_only to 2025-08-19 16:00:00+00:00, run_after=2025-08-19 20:00:00+00:00
[2025-08-19T22:25:45.165+0000] {processor.py:183} INFO - Processing /home/airflow/.local/lib/python3.8/site-packages/airflow/example_dags/example_latest_only.py took 0.030 seconds
[2025-08-19T22:26:15.583+0000] {processor.py:161} INFO - Started process (PID=743) to work on /home/airflow/.local/lib/python3.8/site-packages/airflow/example_dags/example_latest_only.py
[2025-08-19T22:26:15.584+0000] {processor.py:830} INFO - Processing file /home/airflow/.local/lib/python3.8/site-packages/airflow/example_dags/example_latest_only.py for tasks to queue
[2025-08-19T22:26:15.585+0000] {logging_mixin.py:188} INFO - [2025-08-19T22:26:15.584+0000] {dagbag.py:538} INFO - Filling up the DagBag from /home/airflow/.local/lib/python3.8/site-packages/airflow/example_dags/example_latest_only.py
[2025-08-19T22:26:15.587+0000] {processor.py:840} INFO - DAG(s) 'latest_only' retrieved from /home/airflow/.local/lib/python3.8/site-packages/airflow/example_dags/example_latest_only.py
[2025-08-19T22:26:15.596+0000] {logging_mixin.py:188} INFO - [2025-08-19T22:26:15.596+0000] {dag.py:3036} INFO - Sync 1 DAGs
[2025-08-19T22:26:15.607+0000] {logging_mixin.py:188} INFO - [2025-08-19T22:26:15.607+0000] {dag.py:3823} INFO - Setting next_dagrun for latest_only to 2025-08-19 16:00:00+00:00, run_after=2025-08-19 20:00:00+00:00
[2025-08-19T22:26:15.615+0000] {processor.py:183} INFO - Processing /home/airflow/.local/lib/python3.8/site-packages/airflow/example_dags/example_latest_only.py took 0.034 seconds
[2025-08-19T22:26:46.004+0000] {processor.py:161} INFO - Started process (PID=799) to work on /home/airflow/.local/lib/python3.8/site-packages/airflow/example_dags/example_latest_only.py
[2025-08-19T22:26:46.005+0000] {processor.py:830} INFO - Processing file /home/airflow/.local/lib/python3.8/site-packages/airflow/example_dags/example_latest_only.py for tasks to queue
[2025-08-19T22:26:46.006+0000] {logging_mixin.py:188} INFO - [2025-08-19T22:26:46.006+0000] {dagbag.py:538} INFO - Filling up the DagBag from /home/airflow/.local/lib/python3.8/site-packages/airflow/example_dags/example_latest_only.py
[2025-08-19T22:26:46.009+0000] {processor.py:840} INFO - DAG(s) 'latest_only' retrieved from /home/airflow/.local/lib/python3.8/site-packages/airflow/example_dags/example_latest_only.py
[2025-08-19T22:26:46.020+0000] {logging_mixin.py:188} INFO - [2025-08-19T22:26:46.020+0000] {dag.py:3036} INFO - Sync 1 DAGs
[2025-08-19T22:26:46.027+0000] {logging_mixin.py:188} INFO - [2025-08-19T22:26:46.027+0000] {dag.py:3823} INFO - Setting next_dagrun for latest_only to 2025-08-19 16:00:00+00:00, run_after=2025-08-19 20:00:00+00:00
[2025-08-19T22:26:46.034+0000] {processor.py:183} INFO - Processing /home/airflow/.local/lib/python3.8/site-packages/airflow/example_dags/example_latest_only.py took 0.031 seconds
[2025-08-19T22:27:16.423+0000] {processor.py:161} INFO - Started process (PID=855) to work on /home/airflow/.local/lib/python3.8/site-packages/airflow/example_dags/example_latest_only.py
[2025-08-19T22:27:16.425+0000] {processor.py:830} INFO - Processing file /home/airflow/.local/lib/python3.8/site-packages/airflow/example_dags/example_latest_only.py for tasks to queue
[2025-08-19T22:27:16.426+0000] {logging_mixin.py:188} INFO - [2025-08-19T22:27:16.426+0000] {dagbag.py:538} INFO - Filling up the DagBag from /home/airflow/.local/lib/python3.8/site-packages/airflow/example_dags/example_latest_only.py
[2025-08-19T22:27:16.428+0000] {processor.py:840} INFO - DAG(s) 'latest_only' retrieved from /home/airflow/.local/lib/python3.8/site-packages/airflow/example_dags/example_latest_only.py
[2025-08-19T22:27:16.436+0000] {logging_mixin.py:188} INFO - [2025-08-19T22:27:16.436+0000] {dag.py:3036} INFO - Sync 1 DAGs
[2025-08-19T22:27:16.445+0000] {logging_mixin.py:188} INFO - [2025-08-19T22:27:16.445+0000] {dag.py:3823} INFO - Setting next_dagrun for latest_only to 2025-08-19 16:00:00+00:00, run_after=2025-08-19 20:00:00+00:00
[2025-08-19T22:27:16.453+0000] {processor.py:183} INFO - Processing /home/airflow/.local/lib/python3.8/site-packages/airflow/example_dags/example_latest_only.py took 0.031 seconds
[2025-08-19T22:27:47.038+0000] {processor.py:161} INFO - Started process (PID=915) to work on /home/airflow/.local/lib/python3.8/site-packages/airflow/example_dags/example_latest_only.py
[2025-08-19T22:27:47.039+0000] {processor.py:830} INFO - Processing file /home/airflow/.local/lib/python3.8/site-packages/airflow/example_dags/example_latest_only.py for tasks to queue
[2025-08-19T22:27:47.040+0000] {logging_mixin.py:188} INFO - [2025-08-19T22:27:47.040+0000] {dagbag.py:538} INFO - Filling up the DagBag from /home/airflow/.local/lib/python3.8/site-packages/airflow/example_dags/example_latest_only.py
[2025-08-19T22:27:47.044+0000] {processor.py:840} INFO - DAG(s) 'latest_only' retrieved from /home/airflow/.local/lib/python3.8/site-packages/airflow/example_dags/example_latest_only.py
[2025-08-19T22:27:47.054+0000] {logging_mixin.py:188} INFO - [2025-08-19T22:27:47.053+0000] {dag.py:3036} INFO - Sync 1 DAGs
[2025-08-19T22:27:47.065+0000] {logging_mixin.py:188} INFO - [2025-08-19T22:27:47.065+0000] {dag.py:3823} INFO - Setting next_dagrun for latest_only to 2025-08-19 16:00:00+00:00, run_after=2025-08-19 20:00:00+00:00
[2025-08-19T22:27:47.071+0000] {processor.py:183} INFO - Processing /home/airflow/.local/lib/python3.8/site-packages/airflow/example_dags/example_latest_only.py took 0.034 seconds
[2025-08-19T22:28:17.667+0000] {processor.py:161} INFO - Started process (PID=971) to work on /home/airflow/.local/lib/python3.8/site-packages/airflow/example_dags/example_latest_only.py
[2025-08-19T22:28:17.668+0000] {processor.py:830} INFO - Processing file /home/airflow/.local/lib/python3.8/site-packages/airflow/example_dags/example_latest_only.py for tasks to queue
[2025-08-19T22:28:17.668+0000] {logging_mixin.py:188} INFO - [2025-08-19T22:28:17.668+0000] {dagbag.py:538} INFO - Filling up the DagBag from /home/airflow/.local/lib/python3.8/site-packages/airflow/example_dags/example_latest_only.py
[2025-08-19T22:28:17.671+0000] {processor.py:840} INFO - DAG(s) 'latest_only' retrieved from /home/airflow/.local/lib/python3.8/site-packages/airflow/example_dags/example_latest_only.py
[2025-08-19T22:28:17.680+0000] {logging_mixin.py:188} INFO - [2025-08-19T22:28:17.679+0000] {dag.py:3036} INFO - Sync 1 DAGs
[2025-08-19T22:28:17.689+0000] {logging_mixin.py:188} INFO - [2025-08-19T22:28:17.689+0000] {dag.py:3823} INFO - Setting next_dagrun for latest_only to 2025-08-19 16:00:00+00:00, run_after=2025-08-19 20:00:00+00:00
[2025-08-19T22:28:17.698+0000] {processor.py:183} INFO - Processing /home/airflow/.local/lib/python3.8/site-packages/airflow/example_dags/example_latest_only.py took 0.033 seconds
[2025-08-19T22:28:48.091+0000] {processor.py:161} INFO - Started process (PID=1027) to work on /home/airflow/.local/lib/python3.8/site-packages/airflow/example_dags/example_latest_only.py
[2025-08-19T22:28:48.091+0000] {processor.py:830} INFO - Processing file /home/airflow/.local/lib/python3.8/site-packages/airflow/example_dags/example_latest_only.py for tasks to queue
[2025-08-19T22:28:48.092+0000] {logging_mixin.py:188} INFO - [2025-08-19T22:28:48.092+0000] {dagbag.py:538} INFO - Filling up the DagBag from /home/airflow/.local/lib/python3.8/site-packages/airflow/example_dags/example_latest_only.py
[2025-08-19T22:28:48.094+0000] {processor.py:840} INFO - DAG(s) 'latest_only' retrieved from /home/airflow/.local/lib/python3.8/site-packages/airflow/example_dags/example_latest_only.py
[2025-08-19T22:28:48.106+0000] {logging_mixin.py:188} INFO - [2025-08-19T22:28:48.106+0000] {dag.py:3036} INFO - Sync 1 DAGs
[2025-08-19T22:28:48.114+0000] {logging_mixin.py:188} INFO - [2025-08-19T22:28:48.114+0000] {dag.py:3823} INFO - Setting next_dagrun for latest_only to 2025-08-19 16:00:00+00:00, run_after=2025-08-19 20:00:00+00:00
[2025-08-19T22:28:48.124+0000] {processor.py:183} INFO - Processing /home/airflow/.local/lib/python3.8/site-packages/airflow/example_dags/example_latest_only.py took 0.035 seconds
[2025-08-19T22:29:18.567+0000] {processor.py:161} INFO - Started process (PID=1083) to work on /home/airflow/.local/lib/python3.8/site-packages/airflow/example_dags/example_latest_only.py
[2025-08-19T22:29:18.568+0000] {processor.py:830} INFO - Processing file /home/airflow/.local/lib/python3.8/site-packages/airflow/example_dags/example_latest_only.py for tasks to queue
[2025-08-19T22:29:18.569+0000] {logging_mixin.py:188} INFO - [2025-08-19T22:29:18.569+0000] {dagbag.py:538} INFO - Filling up the DagBag from /home/airflow/.local/lib/python3.8/site-packages/airflow/example_dags/example_latest_only.py
[2025-08-19T22:29:18.571+0000] {processor.py:840} INFO - DAG(s) 'latest_only' retrieved from /home/airflow/.local/lib/python3.8/site-packages/airflow/example_dags/example_latest_only.py
[2025-08-19T22:29:18.580+0000] {logging_mixin.py:188} INFO - [2025-08-19T22:29:18.580+0000] {dag.py:3036} INFO - Sync 1 DAGs
[2025-08-19T22:29:18.589+0000] {logging_mixin.py:188} INFO - [2025-08-19T22:29:18.589+0000] {dag.py:3823} INFO - Setting next_dagrun for latest_only to 2025-08-19 16:00:00+00:00, run_after=2025-08-19 20:00:00+00:00
[2025-08-19T22:29:18.600+0000] {processor.py:183} INFO - Processing /home/airflow/.local/lib/python3.8/site-packages/airflow/example_dags/example_latest_only.py took 0.034 seconds
[2025-08-19T22:29:49.246+0000] {processor.py:161} INFO - Started process (PID=1139) to work on /home/airflow/.local/lib/python3.8/site-packages/airflow/example_dags/example_latest_only.py
[2025-08-19T22:29:49.246+0000] {processor.py:830} INFO - Processing file /home/airflow/.local/lib/python3.8/site-packages/airflow/example_dags/example_latest_only.py for tasks to queue
[2025-08-19T22:29:49.247+0000] {logging_mixin.py:188} INFO - [2025-08-19T22:29:49.247+0000] {dagbag.py:538} INFO - Filling up the DagBag from /home/airflow/.local/lib/python3.8/site-packages/airflow/example_dags/example_latest_only.py
[2025-08-19T22:29:49.249+0000] {processor.py:840} INFO - DAG(s) 'latest_only' retrieved from /home/airflow/.local/lib/python3.8/site-packages/airflow/example_dags/example_latest_only.py
[2025-08-19T22:29:49.258+0000] {logging_mixin.py:188} INFO - [2025-08-19T22:29:49.258+0000] {dag.py:3036} INFO - Sync 1 DAGs
[2025-08-19T22:29:49.267+0000] {logging_mixin.py:188} INFO - [2025-08-19T22:29:49.267+0000] {dag.py:3823} INFO - Setting next_dagrun for latest_only to 2025-08-19 16:00:00+00:00, run_after=2025-08-19 20:00:00+00:00
[2025-08-19T22:29:49.274+0000] {processor.py:183} INFO - Processing /home/airflow/.local/lib/python3.8/site-packages/airflow/example_dags/example_latest_only.py took 0.030 seconds
[2025-08-19T22:30:19.703+0000] {processor.py:161} INFO - Started process (PID=1195) to work on /home/airflow/.local/lib/python3.8/site-packages/airflow/example_dags/example_latest_only.py
[2025-08-19T22:30:19.704+0000] {processor.py:830} INFO - Processing file /home/airflow/.local/lib/python3.8/site-packages/airflow/example_dags/example_latest_only.py for tasks to queue
[2025-08-19T22:30:19.704+0000] {logging_mixin.py:188} INFO - [2025-08-19T22:30:19.704+0000] {dagbag.py:538} INFO - Filling up the DagBag from /home/airflow/.local/lib/python3.8/site-packages/airflow/example_dags/example_latest_only.py
[2025-08-19T22:30:19.706+0000] {processor.py:840} INFO - DAG(s) 'latest_only' retrieved from /home/airflow/.local/lib/python3.8/site-packages/airflow/example_dags/example_latest_only.py
[2025-08-19T22:30:19.716+0000] {logging_mixin.py:188} INFO - [2025-08-19T22:30:19.716+0000] {dag.py:3036} INFO - Sync 1 DAGs
[2025-08-19T22:30:19.728+0000] {logging_mixin.py:188} INFO - [2025-08-19T22:30:19.727+0000] {dag.py:3823} INFO - Setting next_dagrun for latest_only to 2025-08-19 16:00:00+00:00, run_after=2025-08-19 20:00:00+00:00
[2025-08-19T22:30:19.738+0000] {processor.py:183} INFO - Processing /home/airflow/.local/lib/python3.8/site-packages/airflow/example_dags/example_latest_only.py took 0.036 seconds
