[2025-08-19T21:50:06.616+0000] {processor.py:161} INFO - Started process (PID=43) to work on /home/airflow/.local/lib/python3.8/site-packages/airflow/example_dags/example_python_decorator.py
[2025-08-19T21:50:06.618+0000] {processor.py:830} INFO - Processing file /home/airflow/.local/lib/python3.8/site-packages/airflow/example_dags/example_python_decorator.py for tasks to queue
[2025-08-19T21:50:06.621+0000] {logging_mixin.py:188} INFO - [2025-08-19T21:50:06.621+0000] {dagbag.py:538} INFO - Filling up the DagBag from /home/airflow/.local/lib/python3.8/site-packages/airflow/example_dags/example_python_decorator.py
[2025-08-19T21:50:06.645+0000] {processor.py:840} INFO - DAG(s) 'example_python_decorator' retrieved from /home/airflow/.local/lib/python3.8/site-packages/airflow/example_dags/example_python_decorator.py
[2025-08-19T21:50:06.676+0000] {logging_mixin.py:188} INFO - [2025-08-19T21:50:06.676+0000] {dag.py:3036} INFO - Sync 1 DAGs
[2025-08-19T21:50:06.698+0000] {logging_mixin.py:188} INFO - [2025-08-19T21:50:06.698+0000] {dag.py:3823} INFO - Setting next_dagrun for example_python_decorator to None, run_after=None
[2025-08-19T21:50:06.708+0000] {processor.py:183} INFO - Processing /home/airflow/.local/lib/python3.8/site-packages/airflow/example_dags/example_python_decorator.py took 0.104 seconds
[2025-08-19T21:50:37.168+0000] {processor.py:161} INFO - Started process (PID=99) to work on /home/airflow/.local/lib/python3.8/site-packages/airflow/example_dags/example_python_decorator.py
[2025-08-19T21:50:37.170+0000] {processor.py:830} INFO - Processing file /home/airflow/.local/lib/python3.8/site-packages/airflow/example_dags/example_python_decorator.py for tasks to queue
[2025-08-19T21:50:37.172+0000] {logging_mixin.py:188} INFO - [2025-08-19T21:50:37.172+0000] {dagbag.py:538} INFO - Filling up the DagBag from /home/airflow/.local/lib/python3.8/site-packages/airflow/example_dags/example_python_decorator.py
[2025-08-19T21:50:37.193+0000] {processor.py:840} INFO - DAG(s) 'example_python_decorator' retrieved from /home/airflow/.local/lib/python3.8/site-packages/airflow/example_dags/example_python_decorator.py
[2025-08-19T21:50:37.294+0000] {logging_mixin.py:188} INFO - [2025-08-19T21:50:37.294+0000] {dag.py:3036} INFO - Sync 1 DAGs
[2025-08-19T21:50:37.303+0000] {logging_mixin.py:188} INFO - [2025-08-19T21:50:37.302+0000] {dag.py:3823} INFO - Setting next_dagrun for example_python_decorator to None, run_after=None
[2025-08-19T21:50:37.315+0000] {processor.py:183} INFO - Processing /home/airflow/.local/lib/python3.8/site-packages/airflow/example_dags/example_python_decorator.py took 0.151 seconds
[2025-08-19T21:51:07.423+0000] {processor.py:161} INFO - Started process (PID=154) to work on /home/airflow/.local/lib/python3.8/site-packages/airflow/example_dags/example_python_decorator.py
[2025-08-19T21:51:07.425+0000] {processor.py:830} INFO - Processing file /home/airflow/.local/lib/python3.8/site-packages/airflow/example_dags/example_python_decorator.py for tasks to queue
[2025-08-19T21:51:07.427+0000] {logging_mixin.py:188} INFO - [2025-08-19T21:51:07.427+0000] {dagbag.py:538} INFO - Filling up the DagBag from /home/airflow/.local/lib/python3.8/site-packages/airflow/example_dags/example_python_decorator.py
[2025-08-19T21:51:07.440+0000] {processor.py:840} INFO - DAG(s) 'example_python_decorator' retrieved from /home/airflow/.local/lib/python3.8/site-packages/airflow/example_dags/example_python_decorator.py
[2025-08-19T21:51:07.474+0000] {logging_mixin.py:188} INFO - [2025-08-19T21:51:07.474+0000] {dag.py:3036} INFO - Sync 1 DAGs
[2025-08-19T21:51:07.483+0000] {logging_mixin.py:188} INFO - [2025-08-19T21:51:07.483+0000] {dag.py:3823} INFO - Setting next_dagrun for example_python_decorator to None, run_after=None
[2025-08-19T21:51:07.493+0000] {processor.py:183} INFO - Processing /home/airflow/.local/lib/python3.8/site-packages/airflow/example_dags/example_python_decorator.py took 0.075 seconds
[2025-08-19T21:51:37.923+0000] {processor.py:161} INFO - Started process (PID=210) to work on /home/airflow/.local/lib/python3.8/site-packages/airflow/example_dags/example_python_decorator.py
[2025-08-19T21:51:37.925+0000] {processor.py:830} INFO - Processing file /home/airflow/.local/lib/python3.8/site-packages/airflow/example_dags/example_python_decorator.py for tasks to queue
[2025-08-19T21:51:37.927+0000] {logging_mixin.py:188} INFO - [2025-08-19T21:51:37.926+0000] {dagbag.py:538} INFO - Filling up the DagBag from /home/airflow/.local/lib/python3.8/site-packages/airflow/example_dags/example_python_decorator.py
[2025-08-19T21:51:37.940+0000] {processor.py:840} INFO - DAG(s) 'example_python_decorator' retrieved from /home/airflow/.local/lib/python3.8/site-packages/airflow/example_dags/example_python_decorator.py
[2025-08-19T21:51:37.956+0000] {logging_mixin.py:188} INFO - [2025-08-19T21:51:37.956+0000] {dag.py:3036} INFO - Sync 1 DAGs
[2025-08-19T21:51:37.964+0000] {logging_mixin.py:188} INFO - [2025-08-19T21:51:37.964+0000] {dag.py:3823} INFO - Setting next_dagrun for example_python_decorator to None, run_after=None
[2025-08-19T21:51:37.974+0000] {processor.py:183} INFO - Processing /home/airflow/.local/lib/python3.8/site-packages/airflow/example_dags/example_python_decorator.py took 0.055 seconds
[2025-08-19T21:52:08.450+0000] {processor.py:161} INFO - Started process (PID=266) to work on /home/airflow/.local/lib/python3.8/site-packages/airflow/example_dags/example_python_decorator.py
[2025-08-19T21:52:08.451+0000] {processor.py:830} INFO - Processing file /home/airflow/.local/lib/python3.8/site-packages/airflow/example_dags/example_python_decorator.py for tasks to queue
[2025-08-19T21:52:08.455+0000] {logging_mixin.py:188} INFO - [2025-08-19T21:52:08.455+0000] {dagbag.py:538} INFO - Filling up the DagBag from /home/airflow/.local/lib/python3.8/site-packages/airflow/example_dags/example_python_decorator.py
[2025-08-19T21:52:08.486+0000] {processor.py:840} INFO - DAG(s) 'example_python_decorator' retrieved from /home/airflow/.local/lib/python3.8/site-packages/airflow/example_dags/example_python_decorator.py
[2025-08-19T21:52:08.502+0000] {logging_mixin.py:188} INFO - [2025-08-19T21:52:08.502+0000] {dag.py:3036} INFO - Sync 1 DAGs
[2025-08-19T21:52:08.510+0000] {logging_mixin.py:188} INFO - [2025-08-19T21:52:08.510+0000] {dag.py:3823} INFO - Setting next_dagrun for example_python_decorator to None, run_after=None
[2025-08-19T21:52:08.526+0000] {processor.py:183} INFO - Processing /home/airflow/.local/lib/python3.8/site-packages/airflow/example_dags/example_python_decorator.py took 0.080 seconds
[2025-08-19T21:52:39.300+0000] {processor.py:161} INFO - Started process (PID=322) to work on /home/airflow/.local/lib/python3.8/site-packages/airflow/example_dags/example_python_decorator.py
[2025-08-19T21:52:39.302+0000] {processor.py:830} INFO - Processing file /home/airflow/.local/lib/python3.8/site-packages/airflow/example_dags/example_python_decorator.py for tasks to queue
[2025-08-19T21:52:39.314+0000] {logging_mixin.py:188} INFO - [2025-08-19T21:52:39.313+0000] {dagbag.py:538} INFO - Filling up the DagBag from /home/airflow/.local/lib/python3.8/site-packages/airflow/example_dags/example_python_decorator.py
[2025-08-19T21:52:39.334+0000] {processor.py:840} INFO - DAG(s) 'example_python_decorator' retrieved from /home/airflow/.local/lib/python3.8/site-packages/airflow/example_dags/example_python_decorator.py
[2025-08-19T21:52:39.369+0000] {logging_mixin.py:188} INFO - [2025-08-19T21:52:39.369+0000] {dag.py:3036} INFO - Sync 1 DAGs
[2025-08-19T21:52:39.381+0000] {logging_mixin.py:188} INFO - [2025-08-19T21:52:39.381+0000] {dag.py:3823} INFO - Setting next_dagrun for example_python_decorator to None, run_after=None
[2025-08-19T21:52:39.393+0000] {processor.py:183} INFO - Processing /home/airflow/.local/lib/python3.8/site-packages/airflow/example_dags/example_python_decorator.py took 0.099 seconds
[2025-08-19T21:53:09.959+0000] {processor.py:161} INFO - Started process (PID=378) to work on /home/airflow/.local/lib/python3.8/site-packages/airflow/example_dags/example_python_decorator.py
[2025-08-19T21:53:09.961+0000] {processor.py:830} INFO - Processing file /home/airflow/.local/lib/python3.8/site-packages/airflow/example_dags/example_python_decorator.py for tasks to queue
[2025-08-19T21:53:09.964+0000] {logging_mixin.py:188} INFO - [2025-08-19T21:53:09.963+0000] {dagbag.py:538} INFO - Filling up the DagBag from /home/airflow/.local/lib/python3.8/site-packages/airflow/example_dags/example_python_decorator.py
[2025-08-19T21:53:09.983+0000] {processor.py:840} INFO - DAG(s) 'example_python_decorator' retrieved from /home/airflow/.local/lib/python3.8/site-packages/airflow/example_dags/example_python_decorator.py
[2025-08-19T21:53:10.011+0000] {logging_mixin.py:188} INFO - [2025-08-19T21:53:10.011+0000] {dag.py:3036} INFO - Sync 1 DAGs
[2025-08-19T21:53:10.017+0000] {logging_mixin.py:188} INFO - [2025-08-19T21:53:10.017+0000] {dag.py:3823} INFO - Setting next_dagrun for example_python_decorator to None, run_after=None
[2025-08-19T21:53:10.026+0000] {processor.py:183} INFO - Processing /home/airflow/.local/lib/python3.8/site-packages/airflow/example_dags/example_python_decorator.py took 0.070 seconds
[2025-08-19T21:53:40.666+0000] {processor.py:161} INFO - Started process (PID=440) to work on /home/airflow/.local/lib/python3.8/site-packages/airflow/example_dags/example_python_decorator.py
[2025-08-19T21:53:40.669+0000] {processor.py:830} INFO - Processing file /home/airflow/.local/lib/python3.8/site-packages/airflow/example_dags/example_python_decorator.py for tasks to queue
[2025-08-19T21:53:40.671+0000] {logging_mixin.py:188} INFO - [2025-08-19T21:53:40.671+0000] {dagbag.py:538} INFO - Filling up the DagBag from /home/airflow/.local/lib/python3.8/site-packages/airflow/example_dags/example_python_decorator.py
[2025-08-19T21:53:40.700+0000] {processor.py:840} INFO - DAG(s) 'example_python_decorator' retrieved from /home/airflow/.local/lib/python3.8/site-packages/airflow/example_dags/example_python_decorator.py
[2025-08-19T21:53:40.726+0000] {logging_mixin.py:188} INFO - [2025-08-19T21:53:40.726+0000] {dag.py:3036} INFO - Sync 1 DAGs
[2025-08-19T21:53:40.737+0000] {logging_mixin.py:188} INFO - [2025-08-19T21:53:40.737+0000] {dag.py:3823} INFO - Setting next_dagrun for example_python_decorator to None, run_after=None
[2025-08-19T21:53:40.751+0000] {processor.py:183} INFO - Processing /home/airflow/.local/lib/python3.8/site-packages/airflow/example_dags/example_python_decorator.py took 0.091 seconds
[2025-08-19T21:54:11.283+0000] {processor.py:161} INFO - Started process (PID=496) to work on /home/airflow/.local/lib/python3.8/site-packages/airflow/example_dags/example_python_decorator.py
[2025-08-19T21:54:11.286+0000] {processor.py:830} INFO - Processing file /home/airflow/.local/lib/python3.8/site-packages/airflow/example_dags/example_python_decorator.py for tasks to queue
[2025-08-19T21:54:11.289+0000] {logging_mixin.py:188} INFO - [2025-08-19T21:54:11.288+0000] {dagbag.py:538} INFO - Filling up the DagBag from /home/airflow/.local/lib/python3.8/site-packages/airflow/example_dags/example_python_decorator.py
[2025-08-19T21:54:11.311+0000] {processor.py:840} INFO - DAG(s) 'example_python_decorator' retrieved from /home/airflow/.local/lib/python3.8/site-packages/airflow/example_dags/example_python_decorator.py
[2025-08-19T21:54:11.332+0000] {logging_mixin.py:188} INFO - [2025-08-19T21:54:11.332+0000] {dag.py:3036} INFO - Sync 1 DAGs
[2025-08-19T21:54:11.344+0000] {logging_mixin.py:188} INFO - [2025-08-19T21:54:11.343+0000] {dag.py:3823} INFO - Setting next_dagrun for example_python_decorator to None, run_after=None
[2025-08-19T21:54:11.359+0000] {processor.py:183} INFO - Processing /home/airflow/.local/lib/python3.8/site-packages/airflow/example_dags/example_python_decorator.py took 0.081 seconds
[2025-08-19T21:54:41.801+0000] {processor.py:161} INFO - Started process (PID=552) to work on /home/airflow/.local/lib/python3.8/site-packages/airflow/example_dags/example_python_decorator.py
[2025-08-19T21:54:41.802+0000] {processor.py:830} INFO - Processing file /home/airflow/.local/lib/python3.8/site-packages/airflow/example_dags/example_python_decorator.py for tasks to queue
[2025-08-19T21:54:41.804+0000] {logging_mixin.py:188} INFO - [2025-08-19T21:54:41.804+0000] {dagbag.py:538} INFO - Filling up the DagBag from /home/airflow/.local/lib/python3.8/site-packages/airflow/example_dags/example_python_decorator.py
[2025-08-19T21:54:41.828+0000] {processor.py:840} INFO - DAG(s) 'example_python_decorator' retrieved from /home/airflow/.local/lib/python3.8/site-packages/airflow/example_dags/example_python_decorator.py
[2025-08-19T21:54:41.850+0000] {logging_mixin.py:188} INFO - [2025-08-19T21:54:41.850+0000] {dag.py:3036} INFO - Sync 1 DAGs
[2025-08-19T21:54:41.859+0000] {logging_mixin.py:188} INFO - [2025-08-19T21:54:41.859+0000] {dag.py:3823} INFO - Setting next_dagrun for example_python_decorator to None, run_after=None
[2025-08-19T21:54:41.873+0000] {processor.py:183} INFO - Processing /home/airflow/.local/lib/python3.8/site-packages/airflow/example_dags/example_python_decorator.py took 0.076 seconds
[2025-08-19T21:55:12.405+0000] {processor.py:161} INFO - Started process (PID=608) to work on /home/airflow/.local/lib/python3.8/site-packages/airflow/example_dags/example_python_decorator.py
[2025-08-19T21:55:12.406+0000] {processor.py:830} INFO - Processing file /home/airflow/.local/lib/python3.8/site-packages/airflow/example_dags/example_python_decorator.py for tasks to queue
[2025-08-19T21:55:12.409+0000] {logging_mixin.py:188} INFO - [2025-08-19T21:55:12.408+0000] {dagbag.py:538} INFO - Filling up the DagBag from /home/airflow/.local/lib/python3.8/site-packages/airflow/example_dags/example_python_decorator.py
[2025-08-19T21:55:12.429+0000] {processor.py:840} INFO - DAG(s) 'example_python_decorator' retrieved from /home/airflow/.local/lib/python3.8/site-packages/airflow/example_dags/example_python_decorator.py
[2025-08-19T21:55:12.456+0000] {logging_mixin.py:188} INFO - [2025-08-19T21:55:12.456+0000] {dag.py:3036} INFO - Sync 1 DAGs
[2025-08-19T21:55:12.464+0000] {logging_mixin.py:188} INFO - [2025-08-19T21:55:12.463+0000] {dag.py:3823} INFO - Setting next_dagrun for example_python_decorator to None, run_after=None
[2025-08-19T21:55:12.475+0000] {processor.py:183} INFO - Processing /home/airflow/.local/lib/python3.8/site-packages/airflow/example_dags/example_python_decorator.py took 0.077 seconds
[2025-08-19T21:55:43.012+0000] {processor.py:161} INFO - Started process (PID=664) to work on /home/airflow/.local/lib/python3.8/site-packages/airflow/example_dags/example_python_decorator.py
[2025-08-19T21:55:43.015+0000] {processor.py:830} INFO - Processing file /home/airflow/.local/lib/python3.8/site-packages/airflow/example_dags/example_python_decorator.py for tasks to queue
[2025-08-19T21:55:43.017+0000] {logging_mixin.py:188} INFO - [2025-08-19T21:55:43.017+0000] {dagbag.py:538} INFO - Filling up the DagBag from /home/airflow/.local/lib/python3.8/site-packages/airflow/example_dags/example_python_decorator.py
[2025-08-19T21:55:43.049+0000] {processor.py:840} INFO - DAG(s) 'example_python_decorator' retrieved from /home/airflow/.local/lib/python3.8/site-packages/airflow/example_dags/example_python_decorator.py
[2025-08-19T21:55:43.067+0000] {logging_mixin.py:188} INFO - [2025-08-19T21:55:43.067+0000] {dag.py:3036} INFO - Sync 1 DAGs
[2025-08-19T21:55:43.076+0000] {logging_mixin.py:188} INFO - [2025-08-19T21:55:43.076+0000] {dag.py:3823} INFO - Setting next_dagrun for example_python_decorator to None, run_after=None
[2025-08-19T21:55:43.099+0000] {processor.py:183} INFO - Processing /home/airflow/.local/lib/python3.8/site-packages/airflow/example_dags/example_python_decorator.py took 0.090 seconds
[2025-08-19T21:56:13.647+0000] {processor.py:161} INFO - Started process (PID=720) to work on /home/airflow/.local/lib/python3.8/site-packages/airflow/example_dags/example_python_decorator.py
[2025-08-19T21:56:13.649+0000] {processor.py:830} INFO - Processing file /home/airflow/.local/lib/python3.8/site-packages/airflow/example_dags/example_python_decorator.py for tasks to queue
[2025-08-19T21:56:13.651+0000] {logging_mixin.py:188} INFO - [2025-08-19T21:56:13.651+0000] {dagbag.py:538} INFO - Filling up the DagBag from /home/airflow/.local/lib/python3.8/site-packages/airflow/example_dags/example_python_decorator.py
[2025-08-19T21:56:13.674+0000] {processor.py:840} INFO - DAG(s) 'example_python_decorator' retrieved from /home/airflow/.local/lib/python3.8/site-packages/airflow/example_dags/example_python_decorator.py
[2025-08-19T21:56:13.697+0000] {logging_mixin.py:188} INFO - [2025-08-19T21:56:13.697+0000] {dag.py:3036} INFO - Sync 1 DAGs
[2025-08-19T21:56:13.705+0000] {logging_mixin.py:188} INFO - [2025-08-19T21:56:13.705+0000] {dag.py:3823} INFO - Setting next_dagrun for example_python_decorator to None, run_after=None
[2025-08-19T21:56:13.717+0000] {processor.py:183} INFO - Processing /home/airflow/.local/lib/python3.8/site-packages/airflow/example_dags/example_python_decorator.py took 0.076 seconds
[2025-08-19T21:56:44.266+0000] {processor.py:161} INFO - Started process (PID=776) to work on /home/airflow/.local/lib/python3.8/site-packages/airflow/example_dags/example_python_decorator.py
[2025-08-19T21:56:44.268+0000] {processor.py:830} INFO - Processing file /home/airflow/.local/lib/python3.8/site-packages/airflow/example_dags/example_python_decorator.py for tasks to queue
[2025-08-19T21:56:44.271+0000] {logging_mixin.py:188} INFO - [2025-08-19T21:56:44.271+0000] {dagbag.py:538} INFO - Filling up the DagBag from /home/airflow/.local/lib/python3.8/site-packages/airflow/example_dags/example_python_decorator.py
[2025-08-19T21:56:44.300+0000] {processor.py:840} INFO - DAG(s) 'example_python_decorator' retrieved from /home/airflow/.local/lib/python3.8/site-packages/airflow/example_dags/example_python_decorator.py
[2025-08-19T21:56:44.317+0000] {logging_mixin.py:188} INFO - [2025-08-19T21:56:44.317+0000] {dag.py:3036} INFO - Sync 1 DAGs
[2025-08-19T21:56:44.325+0000] {logging_mixin.py:188} INFO - [2025-08-19T21:56:44.325+0000] {dag.py:3823} INFO - Setting next_dagrun for example_python_decorator to None, run_after=None
[2025-08-19T21:56:44.342+0000] {processor.py:183} INFO - Processing /home/airflow/.local/lib/python3.8/site-packages/airflow/example_dags/example_python_decorator.py took 0.080 seconds
[2025-08-19T21:57:14.898+0000] {processor.py:161} INFO - Started process (PID=832) to work on /home/airflow/.local/lib/python3.8/site-packages/airflow/example_dags/example_python_decorator.py
[2025-08-19T21:57:14.899+0000] {processor.py:830} INFO - Processing file /home/airflow/.local/lib/python3.8/site-packages/airflow/example_dags/example_python_decorator.py for tasks to queue
[2025-08-19T21:57:14.902+0000] {logging_mixin.py:188} INFO - [2025-08-19T21:57:14.901+0000] {dagbag.py:538} INFO - Filling up the DagBag from /home/airflow/.local/lib/python3.8/site-packages/airflow/example_dags/example_python_decorator.py
[2025-08-19T21:57:14.933+0000] {processor.py:840} INFO - DAG(s) 'example_python_decorator' retrieved from /home/airflow/.local/lib/python3.8/site-packages/airflow/example_dags/example_python_decorator.py
[2025-08-19T21:57:14.965+0000] {logging_mixin.py:188} INFO - [2025-08-19T21:57:14.965+0000] {dag.py:3036} INFO - Sync 1 DAGs
[2025-08-19T21:57:14.975+0000] {logging_mixin.py:188} INFO - [2025-08-19T21:57:14.974+0000] {dag.py:3823} INFO - Setting next_dagrun for example_python_decorator to None, run_after=None
[2025-08-19T21:57:14.988+0000] {processor.py:183} INFO - Processing /home/airflow/.local/lib/python3.8/site-packages/airflow/example_dags/example_python_decorator.py took 0.099 seconds
[2025-08-19T21:57:45.544+0000] {processor.py:161} INFO - Started process (PID=888) to work on /home/airflow/.local/lib/python3.8/site-packages/airflow/example_dags/example_python_decorator.py
[2025-08-19T21:57:45.546+0000] {processor.py:830} INFO - Processing file /home/airflow/.local/lib/python3.8/site-packages/airflow/example_dags/example_python_decorator.py for tasks to queue
[2025-08-19T21:57:45.548+0000] {logging_mixin.py:188} INFO - [2025-08-19T21:57:45.548+0000] {dagbag.py:538} INFO - Filling up the DagBag from /home/airflow/.local/lib/python3.8/site-packages/airflow/example_dags/example_python_decorator.py
[2025-08-19T21:57:45.570+0000] {processor.py:840} INFO - DAG(s) 'example_python_decorator' retrieved from /home/airflow/.local/lib/python3.8/site-packages/airflow/example_dags/example_python_decorator.py
[2025-08-19T21:57:45.591+0000] {logging_mixin.py:188} INFO - [2025-08-19T21:57:45.591+0000] {dag.py:3036} INFO - Sync 1 DAGs
[2025-08-19T21:57:45.605+0000] {logging_mixin.py:188} INFO - [2025-08-19T21:57:45.605+0000] {dag.py:3823} INFO - Setting next_dagrun for example_python_decorator to None, run_after=None
[2025-08-19T21:57:45.616+0000] {processor.py:183} INFO - Processing /home/airflow/.local/lib/python3.8/site-packages/airflow/example_dags/example_python_decorator.py took 0.079 seconds
[2025-08-19T21:58:16.096+0000] {processor.py:161} INFO - Started process (PID=944) to work on /home/airflow/.local/lib/python3.8/site-packages/airflow/example_dags/example_python_decorator.py
[2025-08-19T21:58:16.098+0000] {processor.py:830} INFO - Processing file /home/airflow/.local/lib/python3.8/site-packages/airflow/example_dags/example_python_decorator.py for tasks to queue
[2025-08-19T21:58:16.101+0000] {logging_mixin.py:188} INFO - [2025-08-19T21:58:16.100+0000] {dagbag.py:538} INFO - Filling up the DagBag from /home/airflow/.local/lib/python3.8/site-packages/airflow/example_dags/example_python_decorator.py
[2025-08-19T21:58:16.122+0000] {processor.py:840} INFO - DAG(s) 'example_python_decorator' retrieved from /home/airflow/.local/lib/python3.8/site-packages/airflow/example_dags/example_python_decorator.py
[2025-08-19T21:58:16.142+0000] {logging_mixin.py:188} INFO - [2025-08-19T21:58:16.142+0000] {dag.py:3036} INFO - Sync 1 DAGs
[2025-08-19T21:58:16.150+0000] {logging_mixin.py:188} INFO - [2025-08-19T21:58:16.150+0000] {dag.py:3823} INFO - Setting next_dagrun for example_python_decorator to None, run_after=None
[2025-08-19T21:58:16.163+0000] {processor.py:183} INFO - Processing /home/airflow/.local/lib/python3.8/site-packages/airflow/example_dags/example_python_decorator.py took 0.072 seconds
[2025-08-19T21:58:46.650+0000] {processor.py:161} INFO - Started process (PID=1000) to work on /home/airflow/.local/lib/python3.8/site-packages/airflow/example_dags/example_python_decorator.py
[2025-08-19T21:58:46.652+0000] {processor.py:830} INFO - Processing file /home/airflow/.local/lib/python3.8/site-packages/airflow/example_dags/example_python_decorator.py for tasks to queue
[2025-08-19T21:58:46.655+0000] {logging_mixin.py:188} INFO - [2025-08-19T21:58:46.655+0000] {dagbag.py:538} INFO - Filling up the DagBag from /home/airflow/.local/lib/python3.8/site-packages/airflow/example_dags/example_python_decorator.py
[2025-08-19T21:58:46.672+0000] {processor.py:840} INFO - DAG(s) 'example_python_decorator' retrieved from /home/airflow/.local/lib/python3.8/site-packages/airflow/example_dags/example_python_decorator.py
[2025-08-19T21:58:46.691+0000] {logging_mixin.py:188} INFO - [2025-08-19T21:58:46.691+0000] {dag.py:3036} INFO - Sync 1 DAGs
[2025-08-19T21:58:46.699+0000] {logging_mixin.py:188} INFO - [2025-08-19T21:58:46.699+0000] {dag.py:3823} INFO - Setting next_dagrun for example_python_decorator to None, run_after=None
[2025-08-19T21:58:46.708+0000] {processor.py:183} INFO - Processing /home/airflow/.local/lib/python3.8/site-packages/airflow/example_dags/example_python_decorator.py took 0.061 seconds
[2025-08-19T21:59:17.207+0000] {processor.py:161} INFO - Started process (PID=1056) to work on /home/airflow/.local/lib/python3.8/site-packages/airflow/example_dags/example_python_decorator.py
[2025-08-19T21:59:17.208+0000] {processor.py:830} INFO - Processing file /home/airflow/.local/lib/python3.8/site-packages/airflow/example_dags/example_python_decorator.py for tasks to queue
[2025-08-19T21:59:17.210+0000] {logging_mixin.py:188} INFO - [2025-08-19T21:59:17.209+0000] {dagbag.py:538} INFO - Filling up the DagBag from /home/airflow/.local/lib/python3.8/site-packages/airflow/example_dags/example_python_decorator.py
[2025-08-19T21:59:17.221+0000] {processor.py:840} INFO - DAG(s) 'example_python_decorator' retrieved from /home/airflow/.local/lib/python3.8/site-packages/airflow/example_dags/example_python_decorator.py
[2025-08-19T21:59:17.238+0000] {logging_mixin.py:188} INFO - [2025-08-19T21:59:17.238+0000] {dag.py:3036} INFO - Sync 1 DAGs
[2025-08-19T21:59:17.244+0000] {logging_mixin.py:188} INFO - [2025-08-19T21:59:17.244+0000] {dag.py:3823} INFO - Setting next_dagrun for example_python_decorator to None, run_after=None
[2025-08-19T21:59:17.252+0000] {processor.py:183} INFO - Processing /home/airflow/.local/lib/python3.8/site-packages/airflow/example_dags/example_python_decorator.py took 0.049 seconds
[2025-08-19T21:59:47.742+0000] {processor.py:161} INFO - Started process (PID=1112) to work on /home/airflow/.local/lib/python3.8/site-packages/airflow/example_dags/example_python_decorator.py
[2025-08-19T21:59:47.743+0000] {processor.py:830} INFO - Processing file /home/airflow/.local/lib/python3.8/site-packages/airflow/example_dags/example_python_decorator.py for tasks to queue
[2025-08-19T21:59:47.744+0000] {logging_mixin.py:188} INFO - [2025-08-19T21:59:47.744+0000] {dagbag.py:538} INFO - Filling up the DagBag from /home/airflow/.local/lib/python3.8/site-packages/airflow/example_dags/example_python_decorator.py
[2025-08-19T21:59:47.759+0000] {processor.py:840} INFO - DAG(s) 'example_python_decorator' retrieved from /home/airflow/.local/lib/python3.8/site-packages/airflow/example_dags/example_python_decorator.py
[2025-08-19T21:59:47.778+0000] {logging_mixin.py:188} INFO - [2025-08-19T21:59:47.778+0000] {dag.py:3036} INFO - Sync 1 DAGs
[2025-08-19T21:59:47.786+0000] {logging_mixin.py:188} INFO - [2025-08-19T21:59:47.786+0000] {dag.py:3823} INFO - Setting next_dagrun for example_python_decorator to None, run_after=None
[2025-08-19T21:59:47.795+0000] {processor.py:183} INFO - Processing /home/airflow/.local/lib/python3.8/site-packages/airflow/example_dags/example_python_decorator.py took 0.057 seconds
[2025-08-19T22:00:18.273+0000] {processor.py:161} INFO - Started process (PID=1168) to work on /home/airflow/.local/lib/python3.8/site-packages/airflow/example_dags/example_python_decorator.py
[2025-08-19T22:00:18.274+0000] {processor.py:830} INFO - Processing file /home/airflow/.local/lib/python3.8/site-packages/airflow/example_dags/example_python_decorator.py for tasks to queue
[2025-08-19T22:00:18.276+0000] {logging_mixin.py:188} INFO - [2025-08-19T22:00:18.276+0000] {dagbag.py:538} INFO - Filling up the DagBag from /home/airflow/.local/lib/python3.8/site-packages/airflow/example_dags/example_python_decorator.py
[2025-08-19T22:00:18.292+0000] {processor.py:840} INFO - DAG(s) 'example_python_decorator' retrieved from /home/airflow/.local/lib/python3.8/site-packages/airflow/example_dags/example_python_decorator.py
[2025-08-19T22:00:18.310+0000] {logging_mixin.py:188} INFO - [2025-08-19T22:00:18.309+0000] {dag.py:3036} INFO - Sync 1 DAGs
[2025-08-19T22:00:18.317+0000] {logging_mixin.py:188} INFO - [2025-08-19T22:00:18.317+0000] {dag.py:3823} INFO - Setting next_dagrun for example_python_decorator to None, run_after=None
[2025-08-19T22:00:18.328+0000] {processor.py:183} INFO - Processing /home/airflow/.local/lib/python3.8/site-packages/airflow/example_dags/example_python_decorator.py took 0.058 seconds
[2025-08-19T22:00:48.779+0000] {processor.py:161} INFO - Started process (PID=1224) to work on /home/airflow/.local/lib/python3.8/site-packages/airflow/example_dags/example_python_decorator.py
[2025-08-19T22:00:48.780+0000] {processor.py:830} INFO - Processing file /home/airflow/.local/lib/python3.8/site-packages/airflow/example_dags/example_python_decorator.py for tasks to queue
[2025-08-19T22:00:48.783+0000] {logging_mixin.py:188} INFO - [2025-08-19T22:00:48.783+0000] {dagbag.py:538} INFO - Filling up the DagBag from /home/airflow/.local/lib/python3.8/site-packages/airflow/example_dags/example_python_decorator.py
[2025-08-19T22:00:48.806+0000] {processor.py:840} INFO - DAG(s) 'example_python_decorator' retrieved from /home/airflow/.local/lib/python3.8/site-packages/airflow/example_dags/example_python_decorator.py
[2025-08-19T22:00:48.826+0000] {logging_mixin.py:188} INFO - [2025-08-19T22:00:48.825+0000] {dag.py:3036} INFO - Sync 1 DAGs
[2025-08-19T22:00:48.840+0000] {logging_mixin.py:188} INFO - [2025-08-19T22:00:48.839+0000] {dag.py:3823} INFO - Setting next_dagrun for example_python_decorator to None, run_after=None
[2025-08-19T22:00:48.855+0000] {processor.py:183} INFO - Processing /home/airflow/.local/lib/python3.8/site-packages/airflow/example_dags/example_python_decorator.py took 0.083 seconds
[2025-08-19T22:01:19.496+0000] {processor.py:161} INFO - Started process (PID=1280) to work on /home/airflow/.local/lib/python3.8/site-packages/airflow/example_dags/example_python_decorator.py
[2025-08-19T22:01:19.497+0000] {processor.py:830} INFO - Processing file /home/airflow/.local/lib/python3.8/site-packages/airflow/example_dags/example_python_decorator.py for tasks to queue
[2025-08-19T22:01:19.499+0000] {logging_mixin.py:188} INFO - [2025-08-19T22:01:19.499+0000] {dagbag.py:538} INFO - Filling up the DagBag from /home/airflow/.local/lib/python3.8/site-packages/airflow/example_dags/example_python_decorator.py
[2025-08-19T22:01:19.519+0000] {processor.py:840} INFO - DAG(s) 'example_python_decorator' retrieved from /home/airflow/.local/lib/python3.8/site-packages/airflow/example_dags/example_python_decorator.py
[2025-08-19T22:01:19.548+0000] {logging_mixin.py:188} INFO - [2025-08-19T22:01:19.548+0000] {dag.py:3036} INFO - Sync 1 DAGs
[2025-08-19T22:01:19.559+0000] {logging_mixin.py:188} INFO - [2025-08-19T22:01:19.559+0000] {dag.py:3823} INFO - Setting next_dagrun for example_python_decorator to None, run_after=None
[2025-08-19T22:01:19.576+0000] {processor.py:183} INFO - Processing /home/airflow/.local/lib/python3.8/site-packages/airflow/example_dags/example_python_decorator.py took 0.085 seconds
[2025-08-19T22:01:49.689+0000] {processor.py:161} INFO - Started process (PID=1336) to work on /home/airflow/.local/lib/python3.8/site-packages/airflow/example_dags/example_python_decorator.py
[2025-08-19T22:01:49.694+0000] {processor.py:830} INFO - Processing file /home/airflow/.local/lib/python3.8/site-packages/airflow/example_dags/example_python_decorator.py for tasks to queue
[2025-08-19T22:01:49.697+0000] {logging_mixin.py:188} INFO - [2025-08-19T22:01:49.696+0000] {dagbag.py:538} INFO - Filling up the DagBag from /home/airflow/.local/lib/python3.8/site-packages/airflow/example_dags/example_python_decorator.py
[2025-08-19T22:01:49.714+0000] {processor.py:840} INFO - DAG(s) 'example_python_decorator' retrieved from /home/airflow/.local/lib/python3.8/site-packages/airflow/example_dags/example_python_decorator.py
[2025-08-19T22:01:49.731+0000] {logging_mixin.py:188} INFO - [2025-08-19T22:01:49.731+0000] {dag.py:3036} INFO - Sync 1 DAGs
[2025-08-19T22:01:49.739+0000] {logging_mixin.py:188} INFO - [2025-08-19T22:01:49.739+0000] {dag.py:3823} INFO - Setting next_dagrun for example_python_decorator to None, run_after=None
[2025-08-19T22:01:49.758+0000] {processor.py:183} INFO - Processing /home/airflow/.local/lib/python3.8/site-packages/airflow/example_dags/example_python_decorator.py took 0.079 seconds
[2025-08-19T22:02:20.590+0000] {processor.py:161} INFO - Started process (PID=1392) to work on /home/airflow/.local/lib/python3.8/site-packages/airflow/example_dags/example_python_decorator.py
[2025-08-19T22:02:20.592+0000] {processor.py:830} INFO - Processing file /home/airflow/.local/lib/python3.8/site-packages/airflow/example_dags/example_python_decorator.py for tasks to queue
[2025-08-19T22:02:20.595+0000] {logging_mixin.py:188} INFO - [2025-08-19T22:02:20.595+0000] {dagbag.py:538} INFO - Filling up the DagBag from /home/airflow/.local/lib/python3.8/site-packages/airflow/example_dags/example_python_decorator.py
[2025-08-19T22:02:20.611+0000] {processor.py:840} INFO - DAG(s) 'example_python_decorator' retrieved from /home/airflow/.local/lib/python3.8/site-packages/airflow/example_dags/example_python_decorator.py
[2025-08-19T22:02:20.629+0000] {logging_mixin.py:188} INFO - [2025-08-19T22:02:20.629+0000] {dag.py:3036} INFO - Sync 1 DAGs
[2025-08-19T22:02:20.640+0000] {logging_mixin.py:188} INFO - [2025-08-19T22:02:20.640+0000] {dag.py:3823} INFO - Setting next_dagrun for example_python_decorator to None, run_after=None
[2025-08-19T22:02:20.655+0000] {processor.py:183} INFO - Processing /home/airflow/.local/lib/python3.8/site-packages/airflow/example_dags/example_python_decorator.py took 0.072 seconds
[2025-08-19T22:02:51.516+0000] {processor.py:161} INFO - Started process (PID=1448) to work on /home/airflow/.local/lib/python3.8/site-packages/airflow/example_dags/example_python_decorator.py
[2025-08-19T22:02:51.524+0000] {processor.py:830} INFO - Processing file /home/airflow/.local/lib/python3.8/site-packages/airflow/example_dags/example_python_decorator.py for tasks to queue
[2025-08-19T22:02:51.526+0000] {logging_mixin.py:188} INFO - [2025-08-19T22:02:51.525+0000] {dagbag.py:538} INFO - Filling up the DagBag from /home/airflow/.local/lib/python3.8/site-packages/airflow/example_dags/example_python_decorator.py
[2025-08-19T22:02:51.547+0000] {processor.py:840} INFO - DAG(s) 'example_python_decorator' retrieved from /home/airflow/.local/lib/python3.8/site-packages/airflow/example_dags/example_python_decorator.py
[2025-08-19T22:02:51.573+0000] {logging_mixin.py:188} INFO - [2025-08-19T22:02:51.573+0000] {dag.py:3036} INFO - Sync 1 DAGs
[2025-08-19T22:02:51.584+0000] {logging_mixin.py:188} INFO - [2025-08-19T22:02:51.583+0000] {dag.py:3823} INFO - Setting next_dagrun for example_python_decorator to None, run_after=None
[2025-08-19T22:02:51.594+0000] {processor.py:183} INFO - Processing /home/airflow/.local/lib/python3.8/site-packages/airflow/example_dags/example_python_decorator.py took 0.082 seconds
[2025-08-19T22:03:22.426+0000] {processor.py:161} INFO - Started process (PID=1504) to work on /home/airflow/.local/lib/python3.8/site-packages/airflow/example_dags/example_python_decorator.py
[2025-08-19T22:03:22.428+0000] {processor.py:830} INFO - Processing file /home/airflow/.local/lib/python3.8/site-packages/airflow/example_dags/example_python_decorator.py for tasks to queue
[2025-08-19T22:03:22.431+0000] {logging_mixin.py:188} INFO - [2025-08-19T22:03:22.430+0000] {dagbag.py:538} INFO - Filling up the DagBag from /home/airflow/.local/lib/python3.8/site-packages/airflow/example_dags/example_python_decorator.py
[2025-08-19T22:03:22.456+0000] {processor.py:840} INFO - DAG(s) 'example_python_decorator' retrieved from /home/airflow/.local/lib/python3.8/site-packages/airflow/example_dags/example_python_decorator.py
[2025-08-19T22:03:22.490+0000] {logging_mixin.py:188} INFO - [2025-08-19T22:03:22.490+0000] {dag.py:3036} INFO - Sync 1 DAGs
[2025-08-19T22:03:22.499+0000] {logging_mixin.py:188} INFO - [2025-08-19T22:03:22.499+0000] {dag.py:3823} INFO - Setting next_dagrun for example_python_decorator to None, run_after=None
[2025-08-19T22:03:22.512+0000] {processor.py:183} INFO - Processing /home/airflow/.local/lib/python3.8/site-packages/airflow/example_dags/example_python_decorator.py took 0.092 seconds
[2025-08-19T22:03:53.267+0000] {processor.py:161} INFO - Started process (PID=1560) to work on /home/airflow/.local/lib/python3.8/site-packages/airflow/example_dags/example_python_decorator.py
[2025-08-19T22:03:53.269+0000] {processor.py:830} INFO - Processing file /home/airflow/.local/lib/python3.8/site-packages/airflow/example_dags/example_python_decorator.py for tasks to queue
[2025-08-19T22:03:53.272+0000] {logging_mixin.py:188} INFO - [2025-08-19T22:03:53.272+0000] {dagbag.py:538} INFO - Filling up the DagBag from /home/airflow/.local/lib/python3.8/site-packages/airflow/example_dags/example_python_decorator.py
[2025-08-19T22:03:53.287+0000] {processor.py:840} INFO - DAG(s) 'example_python_decorator' retrieved from /home/airflow/.local/lib/python3.8/site-packages/airflow/example_dags/example_python_decorator.py
[2025-08-19T22:03:53.307+0000] {logging_mixin.py:188} INFO - [2025-08-19T22:03:53.307+0000] {dag.py:3036} INFO - Sync 1 DAGs
[2025-08-19T22:03:53.316+0000] {logging_mixin.py:188} INFO - [2025-08-19T22:03:53.316+0000] {dag.py:3823} INFO - Setting next_dagrun for example_python_decorator to None, run_after=None
[2025-08-19T22:03:53.337+0000] {processor.py:183} INFO - Processing /home/airflow/.local/lib/python3.8/site-packages/airflow/example_dags/example_python_decorator.py took 0.078 seconds
[2025-08-19T22:04:23.980+0000] {processor.py:161} INFO - Started process (PID=1616) to work on /home/airflow/.local/lib/python3.8/site-packages/airflow/example_dags/example_python_decorator.py
[2025-08-19T22:04:23.981+0000] {processor.py:830} INFO - Processing file /home/airflow/.local/lib/python3.8/site-packages/airflow/example_dags/example_python_decorator.py for tasks to queue
[2025-08-19T22:04:23.983+0000] {logging_mixin.py:188} INFO - [2025-08-19T22:04:23.983+0000] {dagbag.py:538} INFO - Filling up the DagBag from /home/airflow/.local/lib/python3.8/site-packages/airflow/example_dags/example_python_decorator.py
[2025-08-19T22:04:23.996+0000] {processor.py:840} INFO - DAG(s) 'example_python_decorator' retrieved from /home/airflow/.local/lib/python3.8/site-packages/airflow/example_dags/example_python_decorator.py
[2025-08-19T22:04:24.008+0000] {logging_mixin.py:188} INFO - [2025-08-19T22:04:24.008+0000] {dag.py:3036} INFO - Sync 1 DAGs
[2025-08-19T22:04:24.014+0000] {logging_mixin.py:188} INFO - [2025-08-19T22:04:24.014+0000] {dag.py:3823} INFO - Setting next_dagrun for example_python_decorator to None, run_after=None
[2025-08-19T22:04:24.023+0000] {processor.py:183} INFO - Processing /home/airflow/.local/lib/python3.8/site-packages/airflow/example_dags/example_python_decorator.py took 0.046 seconds
[2025-08-19T22:04:54.377+0000] {processor.py:161} INFO - Started process (PID=1672) to work on /home/airflow/.local/lib/python3.8/site-packages/airflow/example_dags/example_python_decorator.py
[2025-08-19T22:04:54.378+0000] {processor.py:830} INFO - Processing file /home/airflow/.local/lib/python3.8/site-packages/airflow/example_dags/example_python_decorator.py for tasks to queue
[2025-08-19T22:04:54.380+0000] {logging_mixin.py:188} INFO - [2025-08-19T22:04:54.380+0000] {dagbag.py:538} INFO - Filling up the DagBag from /home/airflow/.local/lib/python3.8/site-packages/airflow/example_dags/example_python_decorator.py
[2025-08-19T22:04:54.400+0000] {processor.py:840} INFO - DAG(s) 'example_python_decorator' retrieved from /home/airflow/.local/lib/python3.8/site-packages/airflow/example_dags/example_python_decorator.py
[2025-08-19T22:04:54.415+0000] {logging_mixin.py:188} INFO - [2025-08-19T22:04:54.415+0000] {dag.py:3036} INFO - Sync 1 DAGs
[2025-08-19T22:04:54.421+0000] {logging_mixin.py:188} INFO - [2025-08-19T22:04:54.421+0000] {dag.py:3823} INFO - Setting next_dagrun for example_python_decorator to None, run_after=None
[2025-08-19T22:04:54.432+0000] {processor.py:183} INFO - Processing /home/airflow/.local/lib/python3.8/site-packages/airflow/example_dags/example_python_decorator.py took 0.058 seconds
[2025-08-19T22:05:24.859+0000] {processor.py:161} INFO - Started process (PID=1728) to work on /home/airflow/.local/lib/python3.8/site-packages/airflow/example_dags/example_python_decorator.py
[2025-08-19T22:05:24.860+0000] {processor.py:830} INFO - Processing file /home/airflow/.local/lib/python3.8/site-packages/airflow/example_dags/example_python_decorator.py for tasks to queue
[2025-08-19T22:05:24.862+0000] {logging_mixin.py:188} INFO - [2025-08-19T22:05:24.862+0000] {dagbag.py:538} INFO - Filling up the DagBag from /home/airflow/.local/lib/python3.8/site-packages/airflow/example_dags/example_python_decorator.py
[2025-08-19T22:05:24.886+0000] {processor.py:840} INFO - DAG(s) 'example_python_decorator' retrieved from /home/airflow/.local/lib/python3.8/site-packages/airflow/example_dags/example_python_decorator.py
[2025-08-19T22:05:24.906+0000] {logging_mixin.py:188} INFO - [2025-08-19T22:05:24.906+0000] {dag.py:3036} INFO - Sync 1 DAGs
[2025-08-19T22:05:24.921+0000] {logging_mixin.py:188} INFO - [2025-08-19T22:05:24.921+0000] {dag.py:3823} INFO - Setting next_dagrun for example_python_decorator to None, run_after=None
[2025-08-19T22:05:24.930+0000] {processor.py:183} INFO - Processing /home/airflow/.local/lib/python3.8/site-packages/airflow/example_dags/example_python_decorator.py took 0.077 seconds
[2025-08-19T22:05:54.979+0000] {processor.py:161} INFO - Started process (PID=1784) to work on /home/airflow/.local/lib/python3.8/site-packages/airflow/example_dags/example_python_decorator.py
[2025-08-19T22:05:54.981+0000] {processor.py:830} INFO - Processing file /home/airflow/.local/lib/python3.8/site-packages/airflow/example_dags/example_python_decorator.py for tasks to queue
[2025-08-19T22:05:54.984+0000] {logging_mixin.py:188} INFO - [2025-08-19T22:05:54.984+0000] {dagbag.py:538} INFO - Filling up the DagBag from /home/airflow/.local/lib/python3.8/site-packages/airflow/example_dags/example_python_decorator.py
[2025-08-19T22:05:54.999+0000] {processor.py:840} INFO - DAG(s) 'example_python_decorator' retrieved from /home/airflow/.local/lib/python3.8/site-packages/airflow/example_dags/example_python_decorator.py
[2025-08-19T22:05:55.015+0000] {logging_mixin.py:188} INFO - [2025-08-19T22:05:55.015+0000] {dag.py:3036} INFO - Sync 1 DAGs
[2025-08-19T22:05:55.021+0000] {logging_mixin.py:188} INFO - [2025-08-19T22:05:55.021+0000] {dag.py:3823} INFO - Setting next_dagrun for example_python_decorator to None, run_after=None
[2025-08-19T22:05:55.029+0000] {processor.py:183} INFO - Processing /home/airflow/.local/lib/python3.8/site-packages/airflow/example_dags/example_python_decorator.py took 0.053 seconds
[2025-08-19T22:06:25.408+0000] {processor.py:161} INFO - Started process (PID=1840) to work on /home/airflow/.local/lib/python3.8/site-packages/airflow/example_dags/example_python_decorator.py
[2025-08-19T22:06:25.410+0000] {processor.py:830} INFO - Processing file /home/airflow/.local/lib/python3.8/site-packages/airflow/example_dags/example_python_decorator.py for tasks to queue
[2025-08-19T22:06:25.412+0000] {logging_mixin.py:188} INFO - [2025-08-19T22:06:25.412+0000] {dagbag.py:538} INFO - Filling up the DagBag from /home/airflow/.local/lib/python3.8/site-packages/airflow/example_dags/example_python_decorator.py
[2025-08-19T22:06:25.431+0000] {processor.py:840} INFO - DAG(s) 'example_python_decorator' retrieved from /home/airflow/.local/lib/python3.8/site-packages/airflow/example_dags/example_python_decorator.py
[2025-08-19T22:06:25.447+0000] {logging_mixin.py:188} INFO - [2025-08-19T22:06:25.447+0000] {dag.py:3036} INFO - Sync 1 DAGs
[2025-08-19T22:06:25.455+0000] {logging_mixin.py:188} INFO - [2025-08-19T22:06:25.455+0000] {dag.py:3823} INFO - Setting next_dagrun for example_python_decorator to None, run_after=None
[2025-08-19T22:06:25.463+0000] {processor.py:183} INFO - Processing /home/airflow/.local/lib/python3.8/site-packages/airflow/example_dags/example_python_decorator.py took 0.060 seconds
[2025-08-19T22:06:55.895+0000] {processor.py:161} INFO - Started process (PID=1896) to work on /home/airflow/.local/lib/python3.8/site-packages/airflow/example_dags/example_python_decorator.py
[2025-08-19T22:06:55.896+0000] {processor.py:830} INFO - Processing file /home/airflow/.local/lib/python3.8/site-packages/airflow/example_dags/example_python_decorator.py for tasks to queue
[2025-08-19T22:06:55.898+0000] {logging_mixin.py:188} INFO - [2025-08-19T22:06:55.897+0000] {dagbag.py:538} INFO - Filling up the DagBag from /home/airflow/.local/lib/python3.8/site-packages/airflow/example_dags/example_python_decorator.py
[2025-08-19T22:06:55.923+0000] {processor.py:840} INFO - DAG(s) 'example_python_decorator' retrieved from /home/airflow/.local/lib/python3.8/site-packages/airflow/example_dags/example_python_decorator.py
[2025-08-19T22:06:55.943+0000] {logging_mixin.py:188} INFO - [2025-08-19T22:06:55.942+0000] {dag.py:3036} INFO - Sync 1 DAGs
[2025-08-19T22:06:55.955+0000] {logging_mixin.py:188} INFO - [2025-08-19T22:06:55.955+0000] {dag.py:3823} INFO - Setting next_dagrun for example_python_decorator to None, run_after=None
[2025-08-19T22:06:55.972+0000] {processor.py:183} INFO - Processing /home/airflow/.local/lib/python3.8/site-packages/airflow/example_dags/example_python_decorator.py took 0.081 seconds
[2025-08-19T22:07:26.044+0000] {processor.py:161} INFO - Started process (PID=1952) to work on /home/airflow/.local/lib/python3.8/site-packages/airflow/example_dags/example_python_decorator.py
[2025-08-19T22:07:26.045+0000] {processor.py:830} INFO - Processing file /home/airflow/.local/lib/python3.8/site-packages/airflow/example_dags/example_python_decorator.py for tasks to queue
[2025-08-19T22:07:26.046+0000] {logging_mixin.py:188} INFO - [2025-08-19T22:07:26.046+0000] {dagbag.py:538} INFO - Filling up the DagBag from /home/airflow/.local/lib/python3.8/site-packages/airflow/example_dags/example_python_decorator.py
[2025-08-19T22:07:26.062+0000] {processor.py:840} INFO - DAG(s) 'example_python_decorator' retrieved from /home/airflow/.local/lib/python3.8/site-packages/airflow/example_dags/example_python_decorator.py
[2025-08-19T22:07:26.082+0000] {logging_mixin.py:188} INFO - [2025-08-19T22:07:26.081+0000] {dag.py:3036} INFO - Sync 1 DAGs
[2025-08-19T22:07:26.092+0000] {logging_mixin.py:188} INFO - [2025-08-19T22:07:26.092+0000] {dag.py:3823} INFO - Setting next_dagrun for example_python_decorator to None, run_after=None
[2025-08-19T22:07:26.110+0000] {processor.py:183} INFO - Processing /home/airflow/.local/lib/python3.8/site-packages/airflow/example_dags/example_python_decorator.py took 0.068 seconds
[2025-08-19T22:07:56.642+0000] {processor.py:161} INFO - Started process (PID=2008) to work on /home/airflow/.local/lib/python3.8/site-packages/airflow/example_dags/example_python_decorator.py
[2025-08-19T22:07:56.643+0000] {processor.py:830} INFO - Processing file /home/airflow/.local/lib/python3.8/site-packages/airflow/example_dags/example_python_decorator.py for tasks to queue
[2025-08-19T22:07:56.645+0000] {logging_mixin.py:188} INFO - [2025-08-19T22:07:56.645+0000] {dagbag.py:538} INFO - Filling up the DagBag from /home/airflow/.local/lib/python3.8/site-packages/airflow/example_dags/example_python_decorator.py
[2025-08-19T22:07:56.665+0000] {processor.py:840} INFO - DAG(s) 'example_python_decorator' retrieved from /home/airflow/.local/lib/python3.8/site-packages/airflow/example_dags/example_python_decorator.py
[2025-08-19T22:07:56.693+0000] {logging_mixin.py:188} INFO - [2025-08-19T22:07:56.693+0000] {dag.py:3036} INFO - Sync 1 DAGs
[2025-08-19T22:07:56.702+0000] {logging_mixin.py:188} INFO - [2025-08-19T22:07:56.702+0000] {dag.py:3823} INFO - Setting next_dagrun for example_python_decorator to None, run_after=None
[2025-08-19T22:07:56.732+0000] {processor.py:183} INFO - Processing /home/airflow/.local/lib/python3.8/site-packages/airflow/example_dags/example_python_decorator.py took 0.097 seconds
[2025-08-19T22:08:27.509+0000] {processor.py:161} INFO - Started process (PID=2064) to work on /home/airflow/.local/lib/python3.8/site-packages/airflow/example_dags/example_python_decorator.py
[2025-08-19T22:08:27.511+0000] {processor.py:830} INFO - Processing file /home/airflow/.local/lib/python3.8/site-packages/airflow/example_dags/example_python_decorator.py for tasks to queue
[2025-08-19T22:08:27.514+0000] {logging_mixin.py:188} INFO - [2025-08-19T22:08:27.513+0000] {dagbag.py:538} INFO - Filling up the DagBag from /home/airflow/.local/lib/python3.8/site-packages/airflow/example_dags/example_python_decorator.py
[2025-08-19T22:08:27.532+0000] {processor.py:840} INFO - DAG(s) 'example_python_decorator' retrieved from /home/airflow/.local/lib/python3.8/site-packages/airflow/example_dags/example_python_decorator.py
[2025-08-19T22:08:27.551+0000] {logging_mixin.py:188} INFO - [2025-08-19T22:08:27.551+0000] {dag.py:3036} INFO - Sync 1 DAGs
[2025-08-19T22:08:27.558+0000] {logging_mixin.py:188} INFO - [2025-08-19T22:08:27.558+0000] {dag.py:3823} INFO - Setting next_dagrun for example_python_decorator to None, run_after=None
[2025-08-19T22:08:27.569+0000] {processor.py:183} INFO - Processing /home/airflow/.local/lib/python3.8/site-packages/airflow/example_dags/example_python_decorator.py took 0.064 seconds
[2025-08-19T22:08:58.162+0000] {processor.py:161} INFO - Started process (PID=2120) to work on /home/airflow/.local/lib/python3.8/site-packages/airflow/example_dags/example_python_decorator.py
[2025-08-19T22:08:58.164+0000] {processor.py:830} INFO - Processing file /home/airflow/.local/lib/python3.8/site-packages/airflow/example_dags/example_python_decorator.py for tasks to queue
[2025-08-19T22:08:58.166+0000] {logging_mixin.py:188} INFO - [2025-08-19T22:08:58.166+0000] {dagbag.py:538} INFO - Filling up the DagBag from /home/airflow/.local/lib/python3.8/site-packages/airflow/example_dags/example_python_decorator.py
[2025-08-19T22:08:58.180+0000] {processor.py:840} INFO - DAG(s) 'example_python_decorator' retrieved from /home/airflow/.local/lib/python3.8/site-packages/airflow/example_dags/example_python_decorator.py
[2025-08-19T22:08:58.197+0000] {logging_mixin.py:188} INFO - [2025-08-19T22:08:58.197+0000] {dag.py:3036} INFO - Sync 1 DAGs
[2025-08-19T22:08:58.203+0000] {logging_mixin.py:188} INFO - [2025-08-19T22:08:58.203+0000] {dag.py:3823} INFO - Setting next_dagrun for example_python_decorator to None, run_after=None
[2025-08-19T22:08:58.217+0000] {processor.py:183} INFO - Processing /home/airflow/.local/lib/python3.8/site-packages/airflow/example_dags/example_python_decorator.py took 0.059 seconds
[2025-08-19T22:09:28.676+0000] {processor.py:161} INFO - Started process (PID=2176) to work on /home/airflow/.local/lib/python3.8/site-packages/airflow/example_dags/example_python_decorator.py
[2025-08-19T22:09:28.677+0000] {processor.py:830} INFO - Processing file /home/airflow/.local/lib/python3.8/site-packages/airflow/example_dags/example_python_decorator.py for tasks to queue
[2025-08-19T22:09:28.682+0000] {logging_mixin.py:188} INFO - [2025-08-19T22:09:28.681+0000] {dagbag.py:538} INFO - Filling up the DagBag from /home/airflow/.local/lib/python3.8/site-packages/airflow/example_dags/example_python_decorator.py
[2025-08-19T22:09:28.718+0000] {processor.py:840} INFO - DAG(s) 'example_python_decorator' retrieved from /home/airflow/.local/lib/python3.8/site-packages/airflow/example_dags/example_python_decorator.py
[2025-08-19T22:09:28.754+0000] {logging_mixin.py:188} INFO - [2025-08-19T22:09:28.754+0000] {dag.py:3036} INFO - Sync 1 DAGs
[2025-08-19T22:09:28.763+0000] {logging_mixin.py:188} INFO - [2025-08-19T22:09:28.762+0000] {dag.py:3823} INFO - Setting next_dagrun for example_python_decorator to None, run_after=None
[2025-08-19T22:09:28.775+0000] {processor.py:183} INFO - Processing /home/airflow/.local/lib/python3.8/site-packages/airflow/example_dags/example_python_decorator.py took 0.102 seconds
[2025-08-19T22:09:59.398+0000] {processor.py:161} INFO - Started process (PID=2232) to work on /home/airflow/.local/lib/python3.8/site-packages/airflow/example_dags/example_python_decorator.py
[2025-08-19T22:09:59.400+0000] {processor.py:830} INFO - Processing file /home/airflow/.local/lib/python3.8/site-packages/airflow/example_dags/example_python_decorator.py for tasks to queue
[2025-08-19T22:09:59.403+0000] {logging_mixin.py:188} INFO - [2025-08-19T22:09:59.402+0000] {dagbag.py:538} INFO - Filling up the DagBag from /home/airflow/.local/lib/python3.8/site-packages/airflow/example_dags/example_python_decorator.py
[2025-08-19T22:09:59.423+0000] {processor.py:840} INFO - DAG(s) 'example_python_decorator' retrieved from /home/airflow/.local/lib/python3.8/site-packages/airflow/example_dags/example_python_decorator.py
[2025-08-19T22:09:59.437+0000] {logging_mixin.py:188} INFO - [2025-08-19T22:09:59.437+0000] {dag.py:3036} INFO - Sync 1 DAGs
[2025-08-19T22:09:59.451+0000] {logging_mixin.py:188} INFO - [2025-08-19T22:09:59.450+0000] {dag.py:3823} INFO - Setting next_dagrun for example_python_decorator to None, run_after=None
[2025-08-19T22:09:59.462+0000] {processor.py:183} INFO - Processing /home/airflow/.local/lib/python3.8/site-packages/airflow/example_dags/example_python_decorator.py took 0.066 seconds
[2025-08-19T22:10:29.990+0000] {processor.py:161} INFO - Started process (PID=2288) to work on /home/airflow/.local/lib/python3.8/site-packages/airflow/example_dags/example_python_decorator.py
[2025-08-19T22:10:29.991+0000] {processor.py:830} INFO - Processing file /home/airflow/.local/lib/python3.8/site-packages/airflow/example_dags/example_python_decorator.py for tasks to queue
[2025-08-19T22:10:29.995+0000] {logging_mixin.py:188} INFO - [2025-08-19T22:10:29.995+0000] {dagbag.py:538} INFO - Filling up the DagBag from /home/airflow/.local/lib/python3.8/site-packages/airflow/example_dags/example_python_decorator.py
[2025-08-19T22:10:30.018+0000] {processor.py:840} INFO - DAG(s) 'example_python_decorator' retrieved from /home/airflow/.local/lib/python3.8/site-packages/airflow/example_dags/example_python_decorator.py
[2025-08-19T22:10:30.036+0000] {logging_mixin.py:188} INFO - [2025-08-19T22:10:30.035+0000] {dag.py:3036} INFO - Sync 1 DAGs
[2025-08-19T22:10:30.043+0000] {logging_mixin.py:188} INFO - [2025-08-19T22:10:30.042+0000] {dag.py:3823} INFO - Setting next_dagrun for example_python_decorator to None, run_after=None
[2025-08-19T22:10:30.054+0000] {processor.py:183} INFO - Processing /home/airflow/.local/lib/python3.8/site-packages/airflow/example_dags/example_python_decorator.py took 0.067 seconds
[2025-08-19T22:11:00.749+0000] {processor.py:161} INFO - Started process (PID=2344) to work on /home/airflow/.local/lib/python3.8/site-packages/airflow/example_dags/example_python_decorator.py
[2025-08-19T22:11:00.750+0000] {processor.py:830} INFO - Processing file /home/airflow/.local/lib/python3.8/site-packages/airflow/example_dags/example_python_decorator.py for tasks to queue
[2025-08-19T22:11:00.753+0000] {logging_mixin.py:188} INFO - [2025-08-19T22:11:00.753+0000] {dagbag.py:538} INFO - Filling up the DagBag from /home/airflow/.local/lib/python3.8/site-packages/airflow/example_dags/example_python_decorator.py
[2025-08-19T22:11:00.769+0000] {processor.py:840} INFO - DAG(s) 'example_python_decorator' retrieved from /home/airflow/.local/lib/python3.8/site-packages/airflow/example_dags/example_python_decorator.py
[2025-08-19T22:11:00.787+0000] {logging_mixin.py:188} INFO - [2025-08-19T22:11:00.787+0000] {dag.py:3036} INFO - Sync 1 DAGs
[2025-08-19T22:11:00.794+0000] {logging_mixin.py:188} INFO - [2025-08-19T22:11:00.794+0000] {dag.py:3823} INFO - Setting next_dagrun for example_python_decorator to None, run_after=None
[2025-08-19T22:11:00.801+0000] {processor.py:183} INFO - Processing /home/airflow/.local/lib/python3.8/site-packages/airflow/example_dags/example_python_decorator.py took 0.056 seconds
[2025-08-19T22:11:31.281+0000] {processor.py:161} INFO - Started process (PID=2400) to work on /home/airflow/.local/lib/python3.8/site-packages/airflow/example_dags/example_python_decorator.py
[2025-08-19T22:11:31.283+0000] {processor.py:830} INFO - Processing file /home/airflow/.local/lib/python3.8/site-packages/airflow/example_dags/example_python_decorator.py for tasks to queue
[2025-08-19T22:11:31.284+0000] {logging_mixin.py:188} INFO - [2025-08-19T22:11:31.284+0000] {dagbag.py:538} INFO - Filling up the DagBag from /home/airflow/.local/lib/python3.8/site-packages/airflow/example_dags/example_python_decorator.py
[2025-08-19T22:11:31.295+0000] {processor.py:840} INFO - DAG(s) 'example_python_decorator' retrieved from /home/airflow/.local/lib/python3.8/site-packages/airflow/example_dags/example_python_decorator.py
[2025-08-19T22:11:31.315+0000] {logging_mixin.py:188} INFO - [2025-08-19T22:11:31.315+0000] {dag.py:3036} INFO - Sync 1 DAGs
[2025-08-19T22:11:31.323+0000] {logging_mixin.py:188} INFO - [2025-08-19T22:11:31.323+0000] {dag.py:3823} INFO - Setting next_dagrun for example_python_decorator to None, run_after=None
[2025-08-19T22:11:31.330+0000] {processor.py:183} INFO - Processing /home/airflow/.local/lib/python3.8/site-packages/airflow/example_dags/example_python_decorator.py took 0.051 seconds
[2025-08-19T22:12:01.714+0000] {processor.py:161} INFO - Started process (PID=2456) to work on /home/airflow/.local/lib/python3.8/site-packages/airflow/example_dags/example_python_decorator.py
[2025-08-19T22:12:01.716+0000] {processor.py:830} INFO - Processing file /home/airflow/.local/lib/python3.8/site-packages/airflow/example_dags/example_python_decorator.py for tasks to queue
[2025-08-19T22:12:01.718+0000] {logging_mixin.py:188} INFO - [2025-08-19T22:12:01.718+0000] {dagbag.py:538} INFO - Filling up the DagBag from /home/airflow/.local/lib/python3.8/site-packages/airflow/example_dags/example_python_decorator.py
[2025-08-19T22:12:01.743+0000] {processor.py:840} INFO - DAG(s) 'example_python_decorator' retrieved from /home/airflow/.local/lib/python3.8/site-packages/airflow/example_dags/example_python_decorator.py
[2025-08-19T22:12:01.764+0000] {logging_mixin.py:188} INFO - [2025-08-19T22:12:01.764+0000] {dag.py:3036} INFO - Sync 1 DAGs
[2025-08-19T22:12:01.774+0000] {logging_mixin.py:188} INFO - [2025-08-19T22:12:01.773+0000] {dag.py:3823} INFO - Setting next_dagrun for example_python_decorator to None, run_after=None
[2025-08-19T22:12:01.785+0000] {processor.py:183} INFO - Processing /home/airflow/.local/lib/python3.8/site-packages/airflow/example_dags/example_python_decorator.py took 0.074 seconds
[2025-08-19T22:12:32.274+0000] {processor.py:161} INFO - Started process (PID=2512) to work on /home/airflow/.local/lib/python3.8/site-packages/airflow/example_dags/example_python_decorator.py
[2025-08-19T22:12:32.278+0000] {processor.py:830} INFO - Processing file /home/airflow/.local/lib/python3.8/site-packages/airflow/example_dags/example_python_decorator.py for tasks to queue
[2025-08-19T22:12:32.285+0000] {logging_mixin.py:188} INFO - [2025-08-19T22:12:32.284+0000] {dagbag.py:538} INFO - Filling up the DagBag from /home/airflow/.local/lib/python3.8/site-packages/airflow/example_dags/example_python_decorator.py
[2025-08-19T22:12:32.319+0000] {processor.py:840} INFO - DAG(s) 'example_python_decorator' retrieved from /home/airflow/.local/lib/python3.8/site-packages/airflow/example_dags/example_python_decorator.py
[2025-08-19T22:12:32.337+0000] {logging_mixin.py:188} INFO - [2025-08-19T22:12:32.337+0000] {dag.py:3036} INFO - Sync 1 DAGs
[2025-08-19T22:12:32.350+0000] {logging_mixin.py:188} INFO - [2025-08-19T22:12:32.349+0000] {dag.py:3823} INFO - Setting next_dagrun for example_python_decorator to None, run_after=None
[2025-08-19T22:12:32.368+0000] {processor.py:183} INFO - Processing /home/airflow/.local/lib/python3.8/site-packages/airflow/example_dags/example_python_decorator.py took 0.098 seconds
[2025-08-19T22:13:02.810+0000] {processor.py:161} INFO - Started process (PID=2568) to work on /home/airflow/.local/lib/python3.8/site-packages/airflow/example_dags/example_python_decorator.py
[2025-08-19T22:13:02.812+0000] {processor.py:830} INFO - Processing file /home/airflow/.local/lib/python3.8/site-packages/airflow/example_dags/example_python_decorator.py for tasks to queue
[2025-08-19T22:13:02.814+0000] {logging_mixin.py:188} INFO - [2025-08-19T22:13:02.814+0000] {dagbag.py:538} INFO - Filling up the DagBag from /home/airflow/.local/lib/python3.8/site-packages/airflow/example_dags/example_python_decorator.py
[2025-08-19T22:13:02.840+0000] {processor.py:840} INFO - DAG(s) 'example_python_decorator' retrieved from /home/airflow/.local/lib/python3.8/site-packages/airflow/example_dags/example_python_decorator.py
[2025-08-19T22:13:02.866+0000] {logging_mixin.py:188} INFO - [2025-08-19T22:13:02.866+0000] {dag.py:3036} INFO - Sync 1 DAGs
[2025-08-19T22:13:02.873+0000] {logging_mixin.py:188} INFO - [2025-08-19T22:13:02.873+0000] {dag.py:3823} INFO - Setting next_dagrun for example_python_decorator to None, run_after=None
[2025-08-19T22:13:02.886+0000] {processor.py:183} INFO - Processing /home/airflow/.local/lib/python3.8/site-packages/airflow/example_dags/example_python_decorator.py took 0.085 seconds
[2025-08-19T22:13:33.428+0000] {processor.py:161} INFO - Started process (PID=2624) to work on /home/airflow/.local/lib/python3.8/site-packages/airflow/example_dags/example_python_decorator.py
[2025-08-19T22:13:33.430+0000] {processor.py:830} INFO - Processing file /home/airflow/.local/lib/python3.8/site-packages/airflow/example_dags/example_python_decorator.py for tasks to queue
[2025-08-19T22:13:33.433+0000] {logging_mixin.py:188} INFO - [2025-08-19T22:13:33.433+0000] {dagbag.py:538} INFO - Filling up the DagBag from /home/airflow/.local/lib/python3.8/site-packages/airflow/example_dags/example_python_decorator.py
[2025-08-19T22:13:33.450+0000] {processor.py:840} INFO - DAG(s) 'example_python_decorator' retrieved from /home/airflow/.local/lib/python3.8/site-packages/airflow/example_dags/example_python_decorator.py
[2025-08-19T22:13:33.464+0000] {logging_mixin.py:188} INFO - [2025-08-19T22:13:33.464+0000] {dag.py:3036} INFO - Sync 1 DAGs
[2025-08-19T22:13:33.471+0000] {logging_mixin.py:188} INFO - [2025-08-19T22:13:33.471+0000] {dag.py:3823} INFO - Setting next_dagrun for example_python_decorator to None, run_after=None
[2025-08-19T22:13:33.482+0000] {processor.py:183} INFO - Processing /home/airflow/.local/lib/python3.8/site-packages/airflow/example_dags/example_python_decorator.py took 0.058 seconds
[2025-08-19T22:20:09.231+0000] {processor.py:161} INFO - Started process (PID=44) to work on /home/airflow/.local/lib/python3.8/site-packages/airflow/example_dags/example_python_decorator.py
[2025-08-19T22:20:09.233+0000] {processor.py:830} INFO - Processing file /home/airflow/.local/lib/python3.8/site-packages/airflow/example_dags/example_python_decorator.py for tasks to queue
[2025-08-19T22:20:09.235+0000] {logging_mixin.py:188} INFO - [2025-08-19T22:20:09.235+0000] {dagbag.py:538} INFO - Filling up the DagBag from /home/airflow/.local/lib/python3.8/site-packages/airflow/example_dags/example_python_decorator.py
[2025-08-19T22:20:09.258+0000] {processor.py:840} INFO - DAG(s) 'example_python_decorator' retrieved from /home/airflow/.local/lib/python3.8/site-packages/airflow/example_dags/example_python_decorator.py
[2025-08-19T22:20:09.287+0000] {logging_mixin.py:188} INFO - [2025-08-19T22:20:09.287+0000] {dag.py:3036} INFO - Sync 1 DAGs
[2025-08-19T22:20:09.302+0000] {logging_mixin.py:188} INFO - [2025-08-19T22:20:09.301+0000] {dag.py:3823} INFO - Setting next_dagrun for example_python_decorator to None, run_after=None
[2025-08-19T22:20:09.332+0000] {processor.py:183} INFO - Processing /home/airflow/.local/lib/python3.8/site-packages/airflow/example_dags/example_python_decorator.py took 0.104 seconds
[2025-08-19T22:20:39.566+0000] {processor.py:161} INFO - Started process (PID=100) to work on /home/airflow/.local/lib/python3.8/site-packages/airflow/example_dags/example_python_decorator.py
[2025-08-19T22:20:39.570+0000] {processor.py:830} INFO - Processing file /home/airflow/.local/lib/python3.8/site-packages/airflow/example_dags/example_python_decorator.py for tasks to queue
[2025-08-19T22:20:39.576+0000] {logging_mixin.py:188} INFO - [2025-08-19T22:20:39.575+0000] {dagbag.py:538} INFO - Filling up the DagBag from /home/airflow/.local/lib/python3.8/site-packages/airflow/example_dags/example_python_decorator.py
[2025-08-19T22:20:39.607+0000] {processor.py:840} INFO - DAG(s) 'example_python_decorator' retrieved from /home/airflow/.local/lib/python3.8/site-packages/airflow/example_dags/example_python_decorator.py
[2025-08-19T22:20:39.661+0000] {logging_mixin.py:188} INFO - [2025-08-19T22:20:39.661+0000] {dag.py:3036} INFO - Sync 1 DAGs
[2025-08-19T22:20:39.665+0000] {logging_mixin.py:188} INFO - [2025-08-19T22:20:39.665+0000] {dag.py:3823} INFO - Setting next_dagrun for example_python_decorator to None, run_after=None
[2025-08-19T22:20:39.672+0000] {processor.py:183} INFO - Processing /home/airflow/.local/lib/python3.8/site-packages/airflow/example_dags/example_python_decorator.py took 0.109 seconds
[2025-08-19T22:21:09.730+0000] {processor.py:161} INFO - Started process (PID=156) to work on /home/airflow/.local/lib/python3.8/site-packages/airflow/example_dags/example_python_decorator.py
[2025-08-19T22:21:09.732+0000] {processor.py:830} INFO - Processing file /home/airflow/.local/lib/python3.8/site-packages/airflow/example_dags/example_python_decorator.py for tasks to queue
[2025-08-19T22:21:09.733+0000] {logging_mixin.py:188} INFO - [2025-08-19T22:21:09.733+0000] {dagbag.py:538} INFO - Filling up the DagBag from /home/airflow/.local/lib/python3.8/site-packages/airflow/example_dags/example_python_decorator.py
[2025-08-19T22:21:09.742+0000] {processor.py:840} INFO - DAG(s) 'example_python_decorator' retrieved from /home/airflow/.local/lib/python3.8/site-packages/airflow/example_dags/example_python_decorator.py
[2025-08-19T22:21:09.757+0000] {logging_mixin.py:188} INFO - [2025-08-19T22:21:09.757+0000] {dag.py:3036} INFO - Sync 1 DAGs
[2025-08-19T22:21:09.763+0000] {logging_mixin.py:188} INFO - [2025-08-19T22:21:09.763+0000] {dag.py:3823} INFO - Setting next_dagrun for example_python_decorator to None, run_after=None
[2025-08-19T22:21:09.773+0000] {processor.py:183} INFO - Processing /home/airflow/.local/lib/python3.8/site-packages/airflow/example_dags/example_python_decorator.py took 0.045 seconds
[2025-08-19T22:21:40.507+0000] {processor.py:161} INFO - Started process (PID=212) to work on /home/airflow/.local/lib/python3.8/site-packages/airflow/example_dags/example_python_decorator.py
[2025-08-19T22:21:40.508+0000] {processor.py:830} INFO - Processing file /home/airflow/.local/lib/python3.8/site-packages/airflow/example_dags/example_python_decorator.py for tasks to queue
[2025-08-19T22:21:40.510+0000] {logging_mixin.py:188} INFO - [2025-08-19T22:21:40.510+0000] {dagbag.py:538} INFO - Filling up the DagBag from /home/airflow/.local/lib/python3.8/site-packages/airflow/example_dags/example_python_decorator.py
[2025-08-19T22:21:40.531+0000] {processor.py:840} INFO - DAG(s) 'example_python_decorator' retrieved from /home/airflow/.local/lib/python3.8/site-packages/airflow/example_dags/example_python_decorator.py
[2025-08-19T22:21:40.545+0000] {logging_mixin.py:188} INFO - [2025-08-19T22:21:40.545+0000] {dag.py:3036} INFO - Sync 1 DAGs
[2025-08-19T22:21:40.554+0000] {logging_mixin.py:188} INFO - [2025-08-19T22:21:40.554+0000] {dag.py:3823} INFO - Setting next_dagrun for example_python_decorator to None, run_after=None
[2025-08-19T22:21:40.566+0000] {processor.py:183} INFO - Processing /home/airflow/.local/lib/python3.8/site-packages/airflow/example_dags/example_python_decorator.py took 0.062 seconds
[2025-08-19T22:22:11.117+0000] {processor.py:161} INFO - Started process (PID=268) to work on /home/airflow/.local/lib/python3.8/site-packages/airflow/example_dags/example_python_decorator.py
[2025-08-19T22:22:11.119+0000] {processor.py:830} INFO - Processing file /home/airflow/.local/lib/python3.8/site-packages/airflow/example_dags/example_python_decorator.py for tasks to queue
[2025-08-19T22:22:11.121+0000] {logging_mixin.py:188} INFO - [2025-08-19T22:22:11.120+0000] {dagbag.py:538} INFO - Filling up the DagBag from /home/airflow/.local/lib/python3.8/site-packages/airflow/example_dags/example_python_decorator.py
[2025-08-19T22:22:11.139+0000] {processor.py:840} INFO - DAG(s) 'example_python_decorator' retrieved from /home/airflow/.local/lib/python3.8/site-packages/airflow/example_dags/example_python_decorator.py
[2025-08-19T22:22:11.162+0000] {logging_mixin.py:188} INFO - [2025-08-19T22:22:11.162+0000] {dag.py:3036} INFO - Sync 1 DAGs
[2025-08-19T22:22:11.170+0000] {logging_mixin.py:188} INFO - [2025-08-19T22:22:11.170+0000] {dag.py:3823} INFO - Setting next_dagrun for example_python_decorator to None, run_after=None
[2025-08-19T22:22:11.184+0000] {processor.py:183} INFO - Processing /home/airflow/.local/lib/python3.8/site-packages/airflow/example_dags/example_python_decorator.py took 0.069 seconds
[2025-08-19T22:22:41.640+0000] {processor.py:161} INFO - Started process (PID=324) to work on /home/airflow/.local/lib/python3.8/site-packages/airflow/example_dags/example_python_decorator.py
[2025-08-19T22:22:41.641+0000] {processor.py:830} INFO - Processing file /home/airflow/.local/lib/python3.8/site-packages/airflow/example_dags/example_python_decorator.py for tasks to queue
[2025-08-19T22:22:41.643+0000] {logging_mixin.py:188} INFO - [2025-08-19T22:22:41.643+0000] {dagbag.py:538} INFO - Filling up the DagBag from /home/airflow/.local/lib/python3.8/site-packages/airflow/example_dags/example_python_decorator.py
[2025-08-19T22:22:41.656+0000] {processor.py:840} INFO - DAG(s) 'example_python_decorator' retrieved from /home/airflow/.local/lib/python3.8/site-packages/airflow/example_dags/example_python_decorator.py
[2025-08-19T22:22:41.676+0000] {logging_mixin.py:188} INFO - [2025-08-19T22:22:41.676+0000] {dag.py:3036} INFO - Sync 1 DAGs
[2025-08-19T22:22:41.687+0000] {logging_mixin.py:188} INFO - [2025-08-19T22:22:41.687+0000] {dag.py:3823} INFO - Setting next_dagrun for example_python_decorator to None, run_after=None
[2025-08-19T22:22:41.698+0000] {processor.py:183} INFO - Processing /home/airflow/.local/lib/python3.8/site-packages/airflow/example_dags/example_python_decorator.py took 0.063 seconds
[2025-08-19T22:23:12.379+0000] {processor.py:161} INFO - Started process (PID=384) to work on /home/airflow/.local/lib/python3.8/site-packages/airflow/example_dags/example_python_decorator.py
[2025-08-19T22:23:12.383+0000] {processor.py:830} INFO - Processing file /home/airflow/.local/lib/python3.8/site-packages/airflow/example_dags/example_python_decorator.py for tasks to queue
[2025-08-19T22:23:12.392+0000] {logging_mixin.py:188} INFO - [2025-08-19T22:23:12.391+0000] {dagbag.py:538} INFO - Filling up the DagBag from /home/airflow/.local/lib/python3.8/site-packages/airflow/example_dags/example_python_decorator.py
[2025-08-19T22:23:12.408+0000] {processor.py:840} INFO - DAG(s) 'example_python_decorator' retrieved from /home/airflow/.local/lib/python3.8/site-packages/airflow/example_dags/example_python_decorator.py
[2025-08-19T22:23:12.424+0000] {logging_mixin.py:188} INFO - [2025-08-19T22:23:12.424+0000] {dag.py:3036} INFO - Sync 1 DAGs
[2025-08-19T22:23:12.432+0000] {logging_mixin.py:188} INFO - [2025-08-19T22:23:12.432+0000] {dag.py:3823} INFO - Setting next_dagrun for example_python_decorator to None, run_after=None
[2025-08-19T22:23:12.442+0000] {processor.py:183} INFO - Processing /home/airflow/.local/lib/python3.8/site-packages/airflow/example_dags/example_python_decorator.py took 0.067 seconds
[2025-08-19T22:23:42.944+0000] {processor.py:161} INFO - Started process (PID=446) to work on /home/airflow/.local/lib/python3.8/site-packages/airflow/example_dags/example_python_decorator.py
[2025-08-19T22:23:42.946+0000] {processor.py:830} INFO - Processing file /home/airflow/.local/lib/python3.8/site-packages/airflow/example_dags/example_python_decorator.py for tasks to queue
[2025-08-19T22:23:42.950+0000] {logging_mixin.py:188} INFO - [2025-08-19T22:23:42.950+0000] {dagbag.py:538} INFO - Filling up the DagBag from /home/airflow/.local/lib/python3.8/site-packages/airflow/example_dags/example_python_decorator.py
[2025-08-19T22:23:42.966+0000] {processor.py:840} INFO - DAG(s) 'example_python_decorator' retrieved from /home/airflow/.local/lib/python3.8/site-packages/airflow/example_dags/example_python_decorator.py
[2025-08-19T22:23:42.988+0000] {logging_mixin.py:188} INFO - [2025-08-19T22:23:42.988+0000] {dag.py:3036} INFO - Sync 1 DAGs
[2025-08-19T22:23:42.996+0000] {logging_mixin.py:188} INFO - [2025-08-19T22:23:42.996+0000] {dag.py:3823} INFO - Setting next_dagrun for example_python_decorator to None, run_after=None
[2025-08-19T22:23:43.007+0000] {processor.py:183} INFO - Processing /home/airflow/.local/lib/python3.8/site-packages/airflow/example_dags/example_python_decorator.py took 0.068 seconds
[2025-08-19T22:24:13.383+0000] {processor.py:161} INFO - Started process (PID=502) to work on /home/airflow/.local/lib/python3.8/site-packages/airflow/example_dags/example_python_decorator.py
[2025-08-19T22:24:13.386+0000] {processor.py:830} INFO - Processing file /home/airflow/.local/lib/python3.8/site-packages/airflow/example_dags/example_python_decorator.py for tasks to queue
[2025-08-19T22:24:13.390+0000] {logging_mixin.py:188} INFO - [2025-08-19T22:24:13.390+0000] {dagbag.py:538} INFO - Filling up the DagBag from /home/airflow/.local/lib/python3.8/site-packages/airflow/example_dags/example_python_decorator.py
[2025-08-19T22:24:13.408+0000] {processor.py:840} INFO - DAG(s) 'example_python_decorator' retrieved from /home/airflow/.local/lib/python3.8/site-packages/airflow/example_dags/example_python_decorator.py
[2025-08-19T22:24:13.432+0000] {logging_mixin.py:188} INFO - [2025-08-19T22:24:13.432+0000] {dag.py:3036} INFO - Sync 1 DAGs
[2025-08-19T22:24:13.440+0000] {logging_mixin.py:188} INFO - [2025-08-19T22:24:13.440+0000] {dag.py:3823} INFO - Setting next_dagrun for example_python_decorator to None, run_after=None
[2025-08-19T22:24:13.454+0000] {processor.py:183} INFO - Processing /home/airflow/.local/lib/python3.8/site-packages/airflow/example_dags/example_python_decorator.py took 0.074 seconds
[2025-08-19T22:24:43.835+0000] {processor.py:161} INFO - Started process (PID=558) to work on /home/airflow/.local/lib/python3.8/site-packages/airflow/example_dags/example_python_decorator.py
[2025-08-19T22:24:43.837+0000] {processor.py:830} INFO - Processing file /home/airflow/.local/lib/python3.8/site-packages/airflow/example_dags/example_python_decorator.py for tasks to queue
[2025-08-19T22:24:43.841+0000] {logging_mixin.py:188} INFO - [2025-08-19T22:24:43.841+0000] {dagbag.py:538} INFO - Filling up the DagBag from /home/airflow/.local/lib/python3.8/site-packages/airflow/example_dags/example_python_decorator.py
[2025-08-19T22:24:43.859+0000] {processor.py:840} INFO - DAG(s) 'example_python_decorator' retrieved from /home/airflow/.local/lib/python3.8/site-packages/airflow/example_dags/example_python_decorator.py
[2025-08-19T22:24:43.873+0000] {logging_mixin.py:188} INFO - [2025-08-19T22:24:43.873+0000] {dag.py:3036} INFO - Sync 1 DAGs
[2025-08-19T22:24:43.883+0000] {logging_mixin.py:188} INFO - [2025-08-19T22:24:43.883+0000] {dag.py:3823} INFO - Setting next_dagrun for example_python_decorator to None, run_after=None
[2025-08-19T22:24:43.895+0000] {processor.py:183} INFO - Processing /home/airflow/.local/lib/python3.8/site-packages/airflow/example_dags/example_python_decorator.py took 0.063 seconds
[2025-08-19T22:25:14.298+0000] {processor.py:161} INFO - Started process (PID=614) to work on /home/airflow/.local/lib/python3.8/site-packages/airflow/example_dags/example_python_decorator.py
[2025-08-19T22:25:14.299+0000] {processor.py:830} INFO - Processing file /home/airflow/.local/lib/python3.8/site-packages/airflow/example_dags/example_python_decorator.py for tasks to queue
[2025-08-19T22:25:14.301+0000] {logging_mixin.py:188} INFO - [2025-08-19T22:25:14.301+0000] {dagbag.py:538} INFO - Filling up the DagBag from /home/airflow/.local/lib/python3.8/site-packages/airflow/example_dags/example_python_decorator.py
[2025-08-19T22:25:14.322+0000] {processor.py:840} INFO - DAG(s) 'example_python_decorator' retrieved from /home/airflow/.local/lib/python3.8/site-packages/airflow/example_dags/example_python_decorator.py
[2025-08-19T22:25:14.336+0000] {logging_mixin.py:188} INFO - [2025-08-19T22:25:14.336+0000] {dag.py:3036} INFO - Sync 1 DAGs
[2025-08-19T22:25:14.345+0000] {logging_mixin.py:188} INFO - [2025-08-19T22:25:14.345+0000] {dag.py:3823} INFO - Setting next_dagrun for example_python_decorator to None, run_after=None
[2025-08-19T22:25:14.357+0000] {processor.py:183} INFO - Processing /home/airflow/.local/lib/python3.8/site-packages/airflow/example_dags/example_python_decorator.py took 0.062 seconds
[2025-08-19T22:25:44.706+0000] {processor.py:161} INFO - Started process (PID=670) to work on /home/airflow/.local/lib/python3.8/site-packages/airflow/example_dags/example_python_decorator.py
[2025-08-19T22:25:44.709+0000] {processor.py:830} INFO - Processing file /home/airflow/.local/lib/python3.8/site-packages/airflow/example_dags/example_python_decorator.py for tasks to queue
[2025-08-19T22:25:44.711+0000] {logging_mixin.py:188} INFO - [2025-08-19T22:25:44.711+0000] {dagbag.py:538} INFO - Filling up the DagBag from /home/airflow/.local/lib/python3.8/site-packages/airflow/example_dags/example_python_decorator.py
[2025-08-19T22:25:44.728+0000] {processor.py:840} INFO - DAG(s) 'example_python_decorator' retrieved from /home/airflow/.local/lib/python3.8/site-packages/airflow/example_dags/example_python_decorator.py
[2025-08-19T22:25:44.744+0000] {logging_mixin.py:188} INFO - [2025-08-19T22:25:44.744+0000] {dag.py:3036} INFO - Sync 1 DAGs
[2025-08-19T22:25:44.760+0000] {logging_mixin.py:188} INFO - [2025-08-19T22:25:44.760+0000] {dag.py:3823} INFO - Setting next_dagrun for example_python_decorator to None, run_after=None
[2025-08-19T22:25:44.771+0000] {processor.py:183} INFO - Processing /home/airflow/.local/lib/python3.8/site-packages/airflow/example_dags/example_python_decorator.py took 0.074 seconds
[2025-08-19T22:26:15.163+0000] {processor.py:161} INFO - Started process (PID=726) to work on /home/airflow/.local/lib/python3.8/site-packages/airflow/example_dags/example_python_decorator.py
[2025-08-19T22:26:15.164+0000] {processor.py:830} INFO - Processing file /home/airflow/.local/lib/python3.8/site-packages/airflow/example_dags/example_python_decorator.py for tasks to queue
[2025-08-19T22:26:15.166+0000] {logging_mixin.py:188} INFO - [2025-08-19T22:26:15.166+0000] {dagbag.py:538} INFO - Filling up the DagBag from /home/airflow/.local/lib/python3.8/site-packages/airflow/example_dags/example_python_decorator.py
[2025-08-19T22:26:15.185+0000] {processor.py:840} INFO - DAG(s) 'example_python_decorator' retrieved from /home/airflow/.local/lib/python3.8/site-packages/airflow/example_dags/example_python_decorator.py
[2025-08-19T22:26:15.206+0000] {logging_mixin.py:188} INFO - [2025-08-19T22:26:15.206+0000] {dag.py:3036} INFO - Sync 1 DAGs
[2025-08-19T22:26:15.213+0000] {logging_mixin.py:188} INFO - [2025-08-19T22:26:15.213+0000] {dag.py:3823} INFO - Setting next_dagrun for example_python_decorator to None, run_after=None
[2025-08-19T22:26:15.223+0000] {processor.py:183} INFO - Processing /home/airflow/.local/lib/python3.8/site-packages/airflow/example_dags/example_python_decorator.py took 0.063 seconds
[2025-08-19T22:26:45.543+0000] {processor.py:161} INFO - Started process (PID=782) to work on /home/airflow/.local/lib/python3.8/site-packages/airflow/example_dags/example_python_decorator.py
[2025-08-19T22:26:45.544+0000] {processor.py:830} INFO - Processing file /home/airflow/.local/lib/python3.8/site-packages/airflow/example_dags/example_python_decorator.py for tasks to queue
[2025-08-19T22:26:45.546+0000] {logging_mixin.py:188} INFO - [2025-08-19T22:26:45.546+0000] {dagbag.py:538} INFO - Filling up the DagBag from /home/airflow/.local/lib/python3.8/site-packages/airflow/example_dags/example_python_decorator.py
[2025-08-19T22:26:45.559+0000] {processor.py:840} INFO - DAG(s) 'example_python_decorator' retrieved from /home/airflow/.local/lib/python3.8/site-packages/airflow/example_dags/example_python_decorator.py
[2025-08-19T22:26:45.573+0000] {logging_mixin.py:188} INFO - [2025-08-19T22:26:45.573+0000] {dag.py:3036} INFO - Sync 1 DAGs
[2025-08-19T22:26:45.580+0000] {logging_mixin.py:188} INFO - [2025-08-19T22:26:45.580+0000] {dag.py:3823} INFO - Setting next_dagrun for example_python_decorator to None, run_after=None
[2025-08-19T22:26:45.594+0000] {processor.py:183} INFO - Processing /home/airflow/.local/lib/python3.8/site-packages/airflow/example_dags/example_python_decorator.py took 0.054 seconds
[2025-08-19T22:27:15.996+0000] {processor.py:161} INFO - Started process (PID=838) to work on /home/airflow/.local/lib/python3.8/site-packages/airflow/example_dags/example_python_decorator.py
[2025-08-19T22:27:15.996+0000] {processor.py:830} INFO - Processing file /home/airflow/.local/lib/python3.8/site-packages/airflow/example_dags/example_python_decorator.py for tasks to queue
[2025-08-19T22:27:15.999+0000] {logging_mixin.py:188} INFO - [2025-08-19T22:27:15.998+0000] {dagbag.py:538} INFO - Filling up the DagBag from /home/airflow/.local/lib/python3.8/site-packages/airflow/example_dags/example_python_decorator.py
[2025-08-19T22:27:16.013+0000] {processor.py:840} INFO - DAG(s) 'example_python_decorator' retrieved from /home/airflow/.local/lib/python3.8/site-packages/airflow/example_dags/example_python_decorator.py
[2025-08-19T22:27:16.029+0000] {logging_mixin.py:188} INFO - [2025-08-19T22:27:16.029+0000] {dag.py:3036} INFO - Sync 1 DAGs
[2025-08-19T22:27:16.037+0000] {logging_mixin.py:188} INFO - [2025-08-19T22:27:16.037+0000] {dag.py:3823} INFO - Setting next_dagrun for example_python_decorator to None, run_after=None
[2025-08-19T22:27:16.051+0000] {processor.py:183} INFO - Processing /home/airflow/.local/lib/python3.8/site-packages/airflow/example_dags/example_python_decorator.py took 0.058 seconds
[2025-08-19T22:27:46.411+0000] {processor.py:161} INFO - Started process (PID=898) to work on /home/airflow/.local/lib/python3.8/site-packages/airflow/example_dags/example_python_decorator.py
[2025-08-19T22:27:46.413+0000] {processor.py:830} INFO - Processing file /home/airflow/.local/lib/python3.8/site-packages/airflow/example_dags/example_python_decorator.py for tasks to queue
[2025-08-19T22:27:46.417+0000] {logging_mixin.py:188} INFO - [2025-08-19T22:27:46.416+0000] {dagbag.py:538} INFO - Filling up the DagBag from /home/airflow/.local/lib/python3.8/site-packages/airflow/example_dags/example_python_decorator.py
[2025-08-19T22:27:46.429+0000] {processor.py:840} INFO - DAG(s) 'example_python_decorator' retrieved from /home/airflow/.local/lib/python3.8/site-packages/airflow/example_dags/example_python_decorator.py
[2025-08-19T22:27:46.450+0000] {logging_mixin.py:188} INFO - [2025-08-19T22:27:46.450+0000] {dag.py:3036} INFO - Sync 1 DAGs
[2025-08-19T22:27:46.458+0000] {logging_mixin.py:188} INFO - [2025-08-19T22:27:46.458+0000] {dag.py:3823} INFO - Setting next_dagrun for example_python_decorator to None, run_after=None
[2025-08-19T22:27:46.471+0000] {processor.py:183} INFO - Processing /home/airflow/.local/lib/python3.8/site-packages/airflow/example_dags/example_python_decorator.py took 0.065 seconds
[2025-08-19T22:28:17.158+0000] {processor.py:161} INFO - Started process (PID=954) to work on /home/airflow/.local/lib/python3.8/site-packages/airflow/example_dags/example_python_decorator.py
[2025-08-19T22:28:17.163+0000] {processor.py:830} INFO - Processing file /home/airflow/.local/lib/python3.8/site-packages/airflow/example_dags/example_python_decorator.py for tasks to queue
[2025-08-19T22:28:17.168+0000] {logging_mixin.py:188} INFO - [2025-08-19T22:28:17.168+0000] {dagbag.py:538} INFO - Filling up the DagBag from /home/airflow/.local/lib/python3.8/site-packages/airflow/example_dags/example_python_decorator.py
[2025-08-19T22:28:17.187+0000] {processor.py:840} INFO - DAG(s) 'example_python_decorator' retrieved from /home/airflow/.local/lib/python3.8/site-packages/airflow/example_dags/example_python_decorator.py
[2025-08-19T22:28:17.209+0000] {logging_mixin.py:188} INFO - [2025-08-19T22:28:17.209+0000] {dag.py:3036} INFO - Sync 1 DAGs
[2025-08-19T22:28:17.218+0000] {logging_mixin.py:188} INFO - [2025-08-19T22:28:17.218+0000] {dag.py:3823} INFO - Setting next_dagrun for example_python_decorator to None, run_after=None
[2025-08-19T22:28:17.230+0000] {processor.py:183} INFO - Processing /home/airflow/.local/lib/python3.8/site-packages/airflow/example_dags/example_python_decorator.py took 0.079 seconds
[2025-08-19T22:28:47.668+0000] {processor.py:161} INFO - Started process (PID=1010) to work on /home/airflow/.local/lib/python3.8/site-packages/airflow/example_dags/example_python_decorator.py
[2025-08-19T22:28:47.668+0000] {processor.py:830} INFO - Processing file /home/airflow/.local/lib/python3.8/site-packages/airflow/example_dags/example_python_decorator.py for tasks to queue
[2025-08-19T22:28:47.670+0000] {logging_mixin.py:188} INFO - [2025-08-19T22:28:47.670+0000] {dagbag.py:538} INFO - Filling up the DagBag from /home/airflow/.local/lib/python3.8/site-packages/airflow/example_dags/example_python_decorator.py
[2025-08-19T22:28:47.684+0000] {processor.py:840} INFO - DAG(s) 'example_python_decorator' retrieved from /home/airflow/.local/lib/python3.8/site-packages/airflow/example_dags/example_python_decorator.py
[2025-08-19T22:28:47.698+0000] {logging_mixin.py:188} INFO - [2025-08-19T22:28:47.698+0000] {dag.py:3036} INFO - Sync 1 DAGs
[2025-08-19T22:28:47.707+0000] {logging_mixin.py:188} INFO - [2025-08-19T22:28:47.707+0000] {dag.py:3823} INFO - Setting next_dagrun for example_python_decorator to None, run_after=None
[2025-08-19T22:28:47.716+0000] {processor.py:183} INFO - Processing /home/airflow/.local/lib/python3.8/site-packages/airflow/example_dags/example_python_decorator.py took 0.051 seconds
[2025-08-19T22:29:18.116+0000] {processor.py:161} INFO - Started process (PID=1066) to work on /home/airflow/.local/lib/python3.8/site-packages/airflow/example_dags/example_python_decorator.py
[2025-08-19T22:29:18.117+0000] {processor.py:830} INFO - Processing file /home/airflow/.local/lib/python3.8/site-packages/airflow/example_dags/example_python_decorator.py for tasks to queue
[2025-08-19T22:29:18.119+0000] {logging_mixin.py:188} INFO - [2025-08-19T22:29:18.119+0000] {dagbag.py:538} INFO - Filling up the DagBag from /home/airflow/.local/lib/python3.8/site-packages/airflow/example_dags/example_python_decorator.py
[2025-08-19T22:29:18.135+0000] {processor.py:840} INFO - DAG(s) 'example_python_decorator' retrieved from /home/airflow/.local/lib/python3.8/site-packages/airflow/example_dags/example_python_decorator.py
[2025-08-19T22:29:18.151+0000] {logging_mixin.py:188} INFO - [2025-08-19T22:29:18.151+0000] {dag.py:3036} INFO - Sync 1 DAGs
[2025-08-19T22:29:18.158+0000] {logging_mixin.py:188} INFO - [2025-08-19T22:29:18.158+0000] {dag.py:3823} INFO - Setting next_dagrun for example_python_decorator to None, run_after=None
[2025-08-19T22:29:18.169+0000] {processor.py:183} INFO - Processing /home/airflow/.local/lib/python3.8/site-packages/airflow/example_dags/example_python_decorator.py took 0.058 seconds
[2025-08-19T22:29:48.804+0000] {processor.py:161} INFO - Started process (PID=1122) to work on /home/airflow/.local/lib/python3.8/site-packages/airflow/example_dags/example_python_decorator.py
[2025-08-19T22:29:48.807+0000] {processor.py:830} INFO - Processing file /home/airflow/.local/lib/python3.8/site-packages/airflow/example_dags/example_python_decorator.py for tasks to queue
[2025-08-19T22:29:48.809+0000] {logging_mixin.py:188} INFO - [2025-08-19T22:29:48.809+0000] {dagbag.py:538} INFO - Filling up the DagBag from /home/airflow/.local/lib/python3.8/site-packages/airflow/example_dags/example_python_decorator.py
[2025-08-19T22:29:48.826+0000] {processor.py:840} INFO - DAG(s) 'example_python_decorator' retrieved from /home/airflow/.local/lib/python3.8/site-packages/airflow/example_dags/example_python_decorator.py
[2025-08-19T22:29:48.842+0000] {logging_mixin.py:188} INFO - [2025-08-19T22:29:48.842+0000] {dag.py:3036} INFO - Sync 1 DAGs
[2025-08-19T22:29:48.851+0000] {logging_mixin.py:188} INFO - [2025-08-19T22:29:48.850+0000] {dag.py:3823} INFO - Setting next_dagrun for example_python_decorator to None, run_after=None
[2025-08-19T22:29:48.862+0000] {processor.py:183} INFO - Processing /home/airflow/.local/lib/python3.8/site-packages/airflow/example_dags/example_python_decorator.py took 0.061 seconds
[2025-08-19T22:30:19.262+0000] {processor.py:161} INFO - Started process (PID=1178) to work on /home/airflow/.local/lib/python3.8/site-packages/airflow/example_dags/example_python_decorator.py
[2025-08-19T22:30:19.263+0000] {processor.py:830} INFO - Processing file /home/airflow/.local/lib/python3.8/site-packages/airflow/example_dags/example_python_decorator.py for tasks to queue
[2025-08-19T22:30:19.265+0000] {logging_mixin.py:188} INFO - [2025-08-19T22:30:19.265+0000] {dagbag.py:538} INFO - Filling up the DagBag from /home/airflow/.local/lib/python3.8/site-packages/airflow/example_dags/example_python_decorator.py
[2025-08-19T22:30:19.281+0000] {processor.py:840} INFO - DAG(s) 'example_python_decorator' retrieved from /home/airflow/.local/lib/python3.8/site-packages/airflow/example_dags/example_python_decorator.py
[2025-08-19T22:30:19.302+0000] {logging_mixin.py:188} INFO - [2025-08-19T22:30:19.301+0000] {dag.py:3036} INFO - Sync 1 DAGs
[2025-08-19T22:30:19.312+0000] {logging_mixin.py:188} INFO - [2025-08-19T22:30:19.312+0000] {dag.py:3823} INFO - Setting next_dagrun for example_python_decorator to None, run_after=None
[2025-08-19T22:30:19.328+0000] {processor.py:183} INFO - Processing /home/airflow/.local/lib/python3.8/site-packages/airflow/example_dags/example_python_decorator.py took 0.069 seconds
