[2025-08-19T21:50:08.264+0000] {processor.py:161} INFO - Started process (PID=78) to work on /home/airflow/.local/lib/python3.8/site-packages/airflow/example_dags/example_branch_labels.py
[2025-08-19T21:50:08.266+0000] {processor.py:830} INFO - Processing file /home/airflow/.local/lib/python3.8/site-packages/airflow/example_dags/example_branch_labels.py for tasks to queue
[2025-08-19T21:50:08.272+0000] {logging_mixin.py:188} INFO - [2025-08-19T21:50:08.270+0000] {dagbag.py:538} INFO - Filling up the DagBag from /home/airflow/.local/lib/python3.8/site-packages/airflow/example_dags/example_branch_labels.py
[2025-08-19T21:50:08.305+0000] {processor.py:840} INFO - DAG(s) 'example_branch_labels' retrieved from /home/airflow/.local/lib/python3.8/site-packages/airflow/example_dags/example_branch_labels.py
[2025-08-19T21:50:08.343+0000] {logging_mixin.py:188} INFO - [2025-08-19T21:50:08.342+0000] {dag.py:3036} INFO - Sync 1 DAGs
[2025-08-19T21:50:08.381+0000] {logging_mixin.py:188} INFO - [2025-08-19T21:50:08.381+0000] {dag.py:3823} INFO - Setting next_dagrun for example_branch_labels to 2025-08-18 00:00:00+00:00, run_after=2025-08-19 00:00:00+00:00
[2025-08-19T21:50:08.410+0000] {processor.py:183} INFO - Processing /home/airflow/.local/lib/python3.8/site-packages/airflow/example_dags/example_branch_labels.py took 0.157 seconds
[2025-08-19T21:50:38.734+0000] {processor.py:161} INFO - Started process (PID=134) to work on /home/airflow/.local/lib/python3.8/site-packages/airflow/example_dags/example_branch_labels.py
[2025-08-19T21:50:38.736+0000] {processor.py:830} INFO - Processing file /home/airflow/.local/lib/python3.8/site-packages/airflow/example_dags/example_branch_labels.py for tasks to queue
[2025-08-19T21:50:38.737+0000] {logging_mixin.py:188} INFO - [2025-08-19T21:50:38.737+0000] {dagbag.py:538} INFO - Filling up the DagBag from /home/airflow/.local/lib/python3.8/site-packages/airflow/example_dags/example_branch_labels.py
[2025-08-19T21:50:38.741+0000] {processor.py:840} INFO - DAG(s) 'example_branch_labels' retrieved from /home/airflow/.local/lib/python3.8/site-packages/airflow/example_dags/example_branch_labels.py
[2025-08-19T21:50:38.776+0000] {logging_mixin.py:188} INFO - [2025-08-19T21:50:38.776+0000] {dag.py:3036} INFO - Sync 1 DAGs
[2025-08-19T21:50:38.787+0000] {logging_mixin.py:188} INFO - [2025-08-19T21:50:38.787+0000] {dag.py:3823} INFO - Setting next_dagrun for example_branch_labels to 2025-08-18 00:00:00+00:00, run_after=2025-08-19 00:00:00+00:00
[2025-08-19T21:50:38.795+0000] {processor.py:183} INFO - Processing /home/airflow/.local/lib/python3.8/site-packages/airflow/example_dags/example_branch_labels.py took 0.063 seconds
[2025-08-19T21:51:09.362+0000] {processor.py:161} INFO - Started process (PID=189) to work on /home/airflow/.local/lib/python3.8/site-packages/airflow/example_dags/example_branch_labels.py
[2025-08-19T21:51:09.363+0000] {processor.py:830} INFO - Processing file /home/airflow/.local/lib/python3.8/site-packages/airflow/example_dags/example_branch_labels.py for tasks to queue
[2025-08-19T21:51:09.363+0000] {logging_mixin.py:188} INFO - [2025-08-19T21:51:09.363+0000] {dagbag.py:538} INFO - Filling up the DagBag from /home/airflow/.local/lib/python3.8/site-packages/airflow/example_dags/example_branch_labels.py
[2025-08-19T21:51:09.366+0000] {processor.py:840} INFO - DAG(s) 'example_branch_labels' retrieved from /home/airflow/.local/lib/python3.8/site-packages/airflow/example_dags/example_branch_labels.py
[2025-08-19T21:51:09.378+0000] {logging_mixin.py:188} INFO - [2025-08-19T21:51:09.377+0000] {dag.py:3036} INFO - Sync 1 DAGs
[2025-08-19T21:51:09.386+0000] {logging_mixin.py:188} INFO - [2025-08-19T21:51:09.386+0000] {dag.py:3823} INFO - Setting next_dagrun for example_branch_labels to 2025-08-18 00:00:00+00:00, run_after=2025-08-19 00:00:00+00:00
[2025-08-19T21:51:09.396+0000] {processor.py:183} INFO - Processing /home/airflow/.local/lib/python3.8/site-packages/airflow/example_dags/example_branch_labels.py took 0.035 seconds
[2025-08-19T21:51:39.864+0000] {processor.py:161} INFO - Started process (PID=245) to work on /home/airflow/.local/lib/python3.8/site-packages/airflow/example_dags/example_branch_labels.py
[2025-08-19T21:51:39.865+0000] {processor.py:830} INFO - Processing file /home/airflow/.local/lib/python3.8/site-packages/airflow/example_dags/example_branch_labels.py for tasks to queue
[2025-08-19T21:51:39.866+0000] {logging_mixin.py:188} INFO - [2025-08-19T21:51:39.865+0000] {dagbag.py:538} INFO - Filling up the DagBag from /home/airflow/.local/lib/python3.8/site-packages/airflow/example_dags/example_branch_labels.py
[2025-08-19T21:51:39.870+0000] {processor.py:840} INFO - DAG(s) 'example_branch_labels' retrieved from /home/airflow/.local/lib/python3.8/site-packages/airflow/example_dags/example_branch_labels.py
[2025-08-19T21:51:39.881+0000] {logging_mixin.py:188} INFO - [2025-08-19T21:51:39.881+0000] {dag.py:3036} INFO - Sync 1 DAGs
[2025-08-19T21:51:39.890+0000] {logging_mixin.py:188} INFO - [2025-08-19T21:51:39.889+0000] {dag.py:3823} INFO - Setting next_dagrun for example_branch_labels to 2025-08-18 00:00:00+00:00, run_after=2025-08-19 00:00:00+00:00
[2025-08-19T21:51:39.898+0000] {processor.py:183} INFO - Processing /home/airflow/.local/lib/python3.8/site-packages/airflow/example_dags/example_branch_labels.py took 0.035 seconds
[2025-08-19T21:52:10.646+0000] {processor.py:161} INFO - Started process (PID=307) to work on /home/airflow/.local/lib/python3.8/site-packages/airflow/example_dags/example_branch_labels.py
[2025-08-19T21:52:10.647+0000] {processor.py:830} INFO - Processing file /home/airflow/.local/lib/python3.8/site-packages/airflow/example_dags/example_branch_labels.py for tasks to queue
[2025-08-19T21:52:10.647+0000] {logging_mixin.py:188} INFO - [2025-08-19T21:52:10.647+0000] {dagbag.py:538} INFO - Filling up the DagBag from /home/airflow/.local/lib/python3.8/site-packages/airflow/example_dags/example_branch_labels.py
[2025-08-19T21:52:10.651+0000] {processor.py:840} INFO - DAG(s) 'example_branch_labels' retrieved from /home/airflow/.local/lib/python3.8/site-packages/airflow/example_dags/example_branch_labels.py
[2025-08-19T21:52:10.659+0000] {logging_mixin.py:188} INFO - [2025-08-19T21:52:10.659+0000] {dag.py:3036} INFO - Sync 1 DAGs
[2025-08-19T21:52:10.669+0000] {logging_mixin.py:188} INFO - [2025-08-19T21:52:10.669+0000] {dag.py:3823} INFO - Setting next_dagrun for example_branch_labels to 2025-08-18 00:00:00+00:00, run_after=2025-08-19 00:00:00+00:00
[2025-08-19T21:52:10.676+0000] {processor.py:183} INFO - Processing /home/airflow/.local/lib/python3.8/site-packages/airflow/example_dags/example_branch_labels.py took 0.032 seconds
[2025-08-19T21:52:41.359+0000] {processor.py:161} INFO - Started process (PID=363) to work on /home/airflow/.local/lib/python3.8/site-packages/airflow/example_dags/example_branch_labels.py
[2025-08-19T21:52:41.360+0000] {processor.py:830} INFO - Processing file /home/airflow/.local/lib/python3.8/site-packages/airflow/example_dags/example_branch_labels.py for tasks to queue
[2025-08-19T21:52:41.361+0000] {logging_mixin.py:188} INFO - [2025-08-19T21:52:41.361+0000] {dagbag.py:538} INFO - Filling up the DagBag from /home/airflow/.local/lib/python3.8/site-packages/airflow/example_dags/example_branch_labels.py
[2025-08-19T21:52:41.365+0000] {processor.py:840} INFO - DAG(s) 'example_branch_labels' retrieved from /home/airflow/.local/lib/python3.8/site-packages/airflow/example_dags/example_branch_labels.py
[2025-08-19T21:52:41.375+0000] {logging_mixin.py:188} INFO - [2025-08-19T21:52:41.375+0000] {dag.py:3036} INFO - Sync 1 DAGs
[2025-08-19T21:52:41.385+0000] {logging_mixin.py:188} INFO - [2025-08-19T21:52:41.384+0000] {dag.py:3823} INFO - Setting next_dagrun for example_branch_labels to 2025-08-18 00:00:00+00:00, run_after=2025-08-19 00:00:00+00:00
[2025-08-19T21:52:41.392+0000] {processor.py:183} INFO - Processing /home/airflow/.local/lib/python3.8/site-packages/airflow/example_dags/example_branch_labels.py took 0.035 seconds
[2025-08-19T21:53:12.005+0000] {processor.py:161} INFO - Started process (PID=419) to work on /home/airflow/.local/lib/python3.8/site-packages/airflow/example_dags/example_branch_labels.py
[2025-08-19T21:53:12.006+0000] {processor.py:830} INFO - Processing file /home/airflow/.local/lib/python3.8/site-packages/airflow/example_dags/example_branch_labels.py for tasks to queue
[2025-08-19T21:53:12.007+0000] {logging_mixin.py:188} INFO - [2025-08-19T21:53:12.007+0000] {dagbag.py:538} INFO - Filling up the DagBag from /home/airflow/.local/lib/python3.8/site-packages/airflow/example_dags/example_branch_labels.py
[2025-08-19T21:53:12.011+0000] {processor.py:840} INFO - DAG(s) 'example_branch_labels' retrieved from /home/airflow/.local/lib/python3.8/site-packages/airflow/example_dags/example_branch_labels.py
[2025-08-19T21:53:12.022+0000] {logging_mixin.py:188} INFO - [2025-08-19T21:53:12.022+0000] {dag.py:3036} INFO - Sync 1 DAGs
[2025-08-19T21:53:12.032+0000] {logging_mixin.py:188} INFO - [2025-08-19T21:53:12.032+0000] {dag.py:3823} INFO - Setting next_dagrun for example_branch_labels to 2025-08-18 00:00:00+00:00, run_after=2025-08-19 00:00:00+00:00
[2025-08-19T21:53:12.040+0000] {processor.py:183} INFO - Processing /home/airflow/.local/lib/python3.8/site-packages/airflow/example_dags/example_branch_labels.py took 0.038 seconds
[2025-08-19T21:53:42.639+0000] {processor.py:161} INFO - Started process (PID=475) to work on /home/airflow/.local/lib/python3.8/site-packages/airflow/example_dags/example_branch_labels.py
[2025-08-19T21:53:42.640+0000] {processor.py:830} INFO - Processing file /home/airflow/.local/lib/python3.8/site-packages/airflow/example_dags/example_branch_labels.py for tasks to queue
[2025-08-19T21:53:42.641+0000] {logging_mixin.py:188} INFO - [2025-08-19T21:53:42.640+0000] {dagbag.py:538} INFO - Filling up the DagBag from /home/airflow/.local/lib/python3.8/site-packages/airflow/example_dags/example_branch_labels.py
[2025-08-19T21:53:42.646+0000] {processor.py:840} INFO - DAG(s) 'example_branch_labels' retrieved from /home/airflow/.local/lib/python3.8/site-packages/airflow/example_dags/example_branch_labels.py
[2025-08-19T21:53:42.657+0000] {logging_mixin.py:188} INFO - [2025-08-19T21:53:42.657+0000] {dag.py:3036} INFO - Sync 1 DAGs
[2025-08-19T21:53:42.668+0000] {logging_mixin.py:188} INFO - [2025-08-19T21:53:42.668+0000] {dag.py:3823} INFO - Setting next_dagrun for example_branch_labels to 2025-08-18 00:00:00+00:00, run_after=2025-08-19 00:00:00+00:00
[2025-08-19T21:53:42.675+0000] {processor.py:183} INFO - Processing /home/airflow/.local/lib/python3.8/site-packages/airflow/example_dags/example_branch_labels.py took 0.038 seconds
[2025-08-19T21:54:13.233+0000] {processor.py:161} INFO - Started process (PID=531) to work on /home/airflow/.local/lib/python3.8/site-packages/airflow/example_dags/example_branch_labels.py
[2025-08-19T21:54:13.235+0000] {processor.py:830} INFO - Processing file /home/airflow/.local/lib/python3.8/site-packages/airflow/example_dags/example_branch_labels.py for tasks to queue
[2025-08-19T21:54:13.236+0000] {logging_mixin.py:188} INFO - [2025-08-19T21:54:13.236+0000] {dagbag.py:538} INFO - Filling up the DagBag from /home/airflow/.local/lib/python3.8/site-packages/airflow/example_dags/example_branch_labels.py
[2025-08-19T21:54:13.239+0000] {processor.py:840} INFO - DAG(s) 'example_branch_labels' retrieved from /home/airflow/.local/lib/python3.8/site-packages/airflow/example_dags/example_branch_labels.py
[2025-08-19T21:54:13.249+0000] {logging_mixin.py:188} INFO - [2025-08-19T21:54:13.249+0000] {dag.py:3036} INFO - Sync 1 DAGs
[2025-08-19T21:54:13.258+0000] {logging_mixin.py:188} INFO - [2025-08-19T21:54:13.258+0000] {dag.py:3823} INFO - Setting next_dagrun for example_branch_labels to 2025-08-18 00:00:00+00:00, run_after=2025-08-19 00:00:00+00:00
[2025-08-19T21:54:13.269+0000] {processor.py:183} INFO - Processing /home/airflow/.local/lib/python3.8/site-packages/airflow/example_dags/example_branch_labels.py took 0.038 seconds
[2025-08-19T21:54:43.845+0000] {processor.py:161} INFO - Started process (PID=587) to work on /home/airflow/.local/lib/python3.8/site-packages/airflow/example_dags/example_branch_labels.py
[2025-08-19T21:54:43.845+0000] {processor.py:830} INFO - Processing file /home/airflow/.local/lib/python3.8/site-packages/airflow/example_dags/example_branch_labels.py for tasks to queue
[2025-08-19T21:54:43.846+0000] {logging_mixin.py:188} INFO - [2025-08-19T21:54:43.846+0000] {dagbag.py:538} INFO - Filling up the DagBag from /home/airflow/.local/lib/python3.8/site-packages/airflow/example_dags/example_branch_labels.py
[2025-08-19T21:54:43.850+0000] {processor.py:840} INFO - DAG(s) 'example_branch_labels' retrieved from /home/airflow/.local/lib/python3.8/site-packages/airflow/example_dags/example_branch_labels.py
[2025-08-19T21:54:43.860+0000] {logging_mixin.py:188} INFO - [2025-08-19T21:54:43.859+0000] {dag.py:3036} INFO - Sync 1 DAGs
[2025-08-19T21:54:43.867+0000] {logging_mixin.py:188} INFO - [2025-08-19T21:54:43.867+0000] {dag.py:3823} INFO - Setting next_dagrun for example_branch_labels to 2025-08-18 00:00:00+00:00, run_after=2025-08-19 00:00:00+00:00
[2025-08-19T21:54:43.872+0000] {processor.py:183} INFO - Processing /home/airflow/.local/lib/python3.8/site-packages/airflow/example_dags/example_branch_labels.py took 0.029 seconds
[2025-08-19T21:55:14.362+0000] {processor.py:161} INFO - Started process (PID=643) to work on /home/airflow/.local/lib/python3.8/site-packages/airflow/example_dags/example_branch_labels.py
[2025-08-19T21:55:14.362+0000] {processor.py:830} INFO - Processing file /home/airflow/.local/lib/python3.8/site-packages/airflow/example_dags/example_branch_labels.py for tasks to queue
[2025-08-19T21:55:14.363+0000] {logging_mixin.py:188} INFO - [2025-08-19T21:55:14.363+0000] {dagbag.py:538} INFO - Filling up the DagBag from /home/airflow/.local/lib/python3.8/site-packages/airflow/example_dags/example_branch_labels.py
[2025-08-19T21:55:14.367+0000] {processor.py:840} INFO - DAG(s) 'example_branch_labels' retrieved from /home/airflow/.local/lib/python3.8/site-packages/airflow/example_dags/example_branch_labels.py
[2025-08-19T21:55:14.377+0000] {logging_mixin.py:188} INFO - [2025-08-19T21:55:14.377+0000] {dag.py:3036} INFO - Sync 1 DAGs
[2025-08-19T21:55:14.387+0000] {logging_mixin.py:188} INFO - [2025-08-19T21:55:14.387+0000] {dag.py:3823} INFO - Setting next_dagrun for example_branch_labels to 2025-08-18 00:00:00+00:00, run_after=2025-08-19 00:00:00+00:00
[2025-08-19T21:55:14.394+0000] {processor.py:183} INFO - Processing /home/airflow/.local/lib/python3.8/site-packages/airflow/example_dags/example_branch_labels.py took 0.034 seconds
[2025-08-19T21:55:45.037+0000] {processor.py:161} INFO - Started process (PID=699) to work on /home/airflow/.local/lib/python3.8/site-packages/airflow/example_dags/example_branch_labels.py
[2025-08-19T21:55:45.038+0000] {processor.py:830} INFO - Processing file /home/airflow/.local/lib/python3.8/site-packages/airflow/example_dags/example_branch_labels.py for tasks to queue
[2025-08-19T21:55:45.039+0000] {logging_mixin.py:188} INFO - [2025-08-19T21:55:45.039+0000] {dagbag.py:538} INFO - Filling up the DagBag from /home/airflow/.local/lib/python3.8/site-packages/airflow/example_dags/example_branch_labels.py
[2025-08-19T21:55:45.043+0000] {processor.py:840} INFO - DAG(s) 'example_branch_labels' retrieved from /home/airflow/.local/lib/python3.8/site-packages/airflow/example_dags/example_branch_labels.py
[2025-08-19T21:55:45.055+0000] {logging_mixin.py:188} INFO - [2025-08-19T21:55:45.055+0000] {dag.py:3036} INFO - Sync 1 DAGs
[2025-08-19T21:55:45.066+0000] {logging_mixin.py:188} INFO - [2025-08-19T21:55:45.066+0000] {dag.py:3823} INFO - Setting next_dagrun for example_branch_labels to 2025-08-18 00:00:00+00:00, run_after=2025-08-19 00:00:00+00:00
[2025-08-19T21:55:45.075+0000] {processor.py:183} INFO - Processing /home/airflow/.local/lib/python3.8/site-packages/airflow/example_dags/example_branch_labels.py took 0.040 seconds
[2025-08-19T21:56:15.636+0000] {processor.py:161} INFO - Started process (PID=755) to work on /home/airflow/.local/lib/python3.8/site-packages/airflow/example_dags/example_branch_labels.py
[2025-08-19T21:56:15.636+0000] {processor.py:830} INFO - Processing file /home/airflow/.local/lib/python3.8/site-packages/airflow/example_dags/example_branch_labels.py for tasks to queue
[2025-08-19T21:56:15.638+0000] {logging_mixin.py:188} INFO - [2025-08-19T21:56:15.637+0000] {dagbag.py:538} INFO - Filling up the DagBag from /home/airflow/.local/lib/python3.8/site-packages/airflow/example_dags/example_branch_labels.py
[2025-08-19T21:56:15.642+0000] {processor.py:840} INFO - DAG(s) 'example_branch_labels' retrieved from /home/airflow/.local/lib/python3.8/site-packages/airflow/example_dags/example_branch_labels.py
[2025-08-19T21:56:15.651+0000] {logging_mixin.py:188} INFO - [2025-08-19T21:56:15.651+0000] {dag.py:3036} INFO - Sync 1 DAGs
[2025-08-19T21:56:15.661+0000] {logging_mixin.py:188} INFO - [2025-08-19T21:56:15.660+0000] {dag.py:3823} INFO - Setting next_dagrun for example_branch_labels to 2025-08-18 00:00:00+00:00, run_after=2025-08-19 00:00:00+00:00
[2025-08-19T21:56:15.669+0000] {processor.py:183} INFO - Processing /home/airflow/.local/lib/python3.8/site-packages/airflow/example_dags/example_branch_labels.py took 0.035 seconds
[2025-08-19T21:56:46.264+0000] {processor.py:161} INFO - Started process (PID=811) to work on /home/airflow/.local/lib/python3.8/site-packages/airflow/example_dags/example_branch_labels.py
[2025-08-19T21:56:46.264+0000] {processor.py:830} INFO - Processing file /home/airflow/.local/lib/python3.8/site-packages/airflow/example_dags/example_branch_labels.py for tasks to queue
[2025-08-19T21:56:46.266+0000] {logging_mixin.py:188} INFO - [2025-08-19T21:56:46.265+0000] {dagbag.py:538} INFO - Filling up the DagBag from /home/airflow/.local/lib/python3.8/site-packages/airflow/example_dags/example_branch_labels.py
[2025-08-19T21:56:46.270+0000] {processor.py:840} INFO - DAG(s) 'example_branch_labels' retrieved from /home/airflow/.local/lib/python3.8/site-packages/airflow/example_dags/example_branch_labels.py
[2025-08-19T21:56:46.280+0000] {logging_mixin.py:188} INFO - [2025-08-19T21:56:46.280+0000] {dag.py:3036} INFO - Sync 1 DAGs
[2025-08-19T21:56:46.288+0000] {logging_mixin.py:188} INFO - [2025-08-19T21:56:46.288+0000] {dag.py:3823} INFO - Setting next_dagrun for example_branch_labels to 2025-08-18 00:00:00+00:00, run_after=2025-08-19 00:00:00+00:00
[2025-08-19T21:56:46.294+0000] {processor.py:183} INFO - Processing /home/airflow/.local/lib/python3.8/site-packages/airflow/example_dags/example_branch_labels.py took 0.032 seconds
[2025-08-19T21:57:16.905+0000] {processor.py:161} INFO - Started process (PID=867) to work on /home/airflow/.local/lib/python3.8/site-packages/airflow/example_dags/example_branch_labels.py
[2025-08-19T21:57:16.907+0000] {processor.py:830} INFO - Processing file /home/airflow/.local/lib/python3.8/site-packages/airflow/example_dags/example_branch_labels.py for tasks to queue
[2025-08-19T21:57:16.907+0000] {logging_mixin.py:188} INFO - [2025-08-19T21:57:16.907+0000] {dagbag.py:538} INFO - Filling up the DagBag from /home/airflow/.local/lib/python3.8/site-packages/airflow/example_dags/example_branch_labels.py
[2025-08-19T21:57:16.911+0000] {processor.py:840} INFO - DAG(s) 'example_branch_labels' retrieved from /home/airflow/.local/lib/python3.8/site-packages/airflow/example_dags/example_branch_labels.py
[2025-08-19T21:57:16.920+0000] {logging_mixin.py:188} INFO - [2025-08-19T21:57:16.920+0000] {dag.py:3036} INFO - Sync 1 DAGs
[2025-08-19T21:57:16.930+0000] {logging_mixin.py:188} INFO - [2025-08-19T21:57:16.930+0000] {dag.py:3823} INFO - Setting next_dagrun for example_branch_labels to 2025-08-18 00:00:00+00:00, run_after=2025-08-19 00:00:00+00:00
[2025-08-19T21:57:16.938+0000] {processor.py:183} INFO - Processing /home/airflow/.local/lib/python3.8/site-packages/airflow/example_dags/example_branch_labels.py took 0.035 seconds
[2025-08-19T21:57:47.487+0000] {processor.py:161} INFO - Started process (PID=923) to work on /home/airflow/.local/lib/python3.8/site-packages/airflow/example_dags/example_branch_labels.py
[2025-08-19T21:57:47.488+0000] {processor.py:830} INFO - Processing file /home/airflow/.local/lib/python3.8/site-packages/airflow/example_dags/example_branch_labels.py for tasks to queue
[2025-08-19T21:57:47.489+0000] {logging_mixin.py:188} INFO - [2025-08-19T21:57:47.489+0000] {dagbag.py:538} INFO - Filling up the DagBag from /home/airflow/.local/lib/python3.8/site-packages/airflow/example_dags/example_branch_labels.py
[2025-08-19T21:57:47.492+0000] {processor.py:840} INFO - DAG(s) 'example_branch_labels' retrieved from /home/airflow/.local/lib/python3.8/site-packages/airflow/example_dags/example_branch_labels.py
[2025-08-19T21:57:47.500+0000] {logging_mixin.py:188} INFO - [2025-08-19T21:57:47.500+0000] {dag.py:3036} INFO - Sync 1 DAGs
[2025-08-19T21:57:47.510+0000] {logging_mixin.py:188} INFO - [2025-08-19T21:57:47.510+0000] {dag.py:3823} INFO - Setting next_dagrun for example_branch_labels to 2025-08-18 00:00:00+00:00, run_after=2025-08-19 00:00:00+00:00
[2025-08-19T21:57:47.516+0000] {processor.py:183} INFO - Processing /home/airflow/.local/lib/python3.8/site-packages/airflow/example_dags/example_branch_labels.py took 0.031 seconds
[2025-08-19T21:58:18.041+0000] {processor.py:161} INFO - Started process (PID=979) to work on /home/airflow/.local/lib/python3.8/site-packages/airflow/example_dags/example_branch_labels.py
[2025-08-19T21:58:18.044+0000] {processor.py:830} INFO - Processing file /home/airflow/.local/lib/python3.8/site-packages/airflow/example_dags/example_branch_labels.py for tasks to queue
[2025-08-19T21:58:18.045+0000] {logging_mixin.py:188} INFO - [2025-08-19T21:58:18.044+0000] {dagbag.py:538} INFO - Filling up the DagBag from /home/airflow/.local/lib/python3.8/site-packages/airflow/example_dags/example_branch_labels.py
[2025-08-19T21:58:18.049+0000] {processor.py:840} INFO - DAG(s) 'example_branch_labels' retrieved from /home/airflow/.local/lib/python3.8/site-packages/airflow/example_dags/example_branch_labels.py
[2025-08-19T21:58:18.058+0000] {logging_mixin.py:188} INFO - [2025-08-19T21:58:18.057+0000] {dag.py:3036} INFO - Sync 1 DAGs
[2025-08-19T21:58:18.066+0000] {logging_mixin.py:188} INFO - [2025-08-19T21:58:18.066+0000] {dag.py:3823} INFO - Setting next_dagrun for example_branch_labels to 2025-08-18 00:00:00+00:00, run_after=2025-08-19 00:00:00+00:00
[2025-08-19T21:58:18.077+0000] {processor.py:183} INFO - Processing /home/airflow/.local/lib/python3.8/site-packages/airflow/example_dags/example_branch_labels.py took 0.037 seconds
[2025-08-19T21:58:48.624+0000] {processor.py:161} INFO - Started process (PID=1035) to work on /home/airflow/.local/lib/python3.8/site-packages/airflow/example_dags/example_branch_labels.py
[2025-08-19T21:58:48.624+0000] {processor.py:830} INFO - Processing file /home/airflow/.local/lib/python3.8/site-packages/airflow/example_dags/example_branch_labels.py for tasks to queue
[2025-08-19T21:58:48.625+0000] {logging_mixin.py:188} INFO - [2025-08-19T21:58:48.625+0000] {dagbag.py:538} INFO - Filling up the DagBag from /home/airflow/.local/lib/python3.8/site-packages/airflow/example_dags/example_branch_labels.py
[2025-08-19T21:58:48.628+0000] {processor.py:840} INFO - DAG(s) 'example_branch_labels' retrieved from /home/airflow/.local/lib/python3.8/site-packages/airflow/example_dags/example_branch_labels.py
[2025-08-19T21:58:48.638+0000] {logging_mixin.py:188} INFO - [2025-08-19T21:58:48.638+0000] {dag.py:3036} INFO - Sync 1 DAGs
[2025-08-19T21:58:48.647+0000] {logging_mixin.py:188} INFO - [2025-08-19T21:58:48.647+0000] {dag.py:3823} INFO - Setting next_dagrun for example_branch_labels to 2025-08-18 00:00:00+00:00, run_after=2025-08-19 00:00:00+00:00
[2025-08-19T21:58:48.655+0000] {processor.py:183} INFO - Processing /home/airflow/.local/lib/python3.8/site-packages/airflow/example_dags/example_branch_labels.py took 0.033 seconds
[2025-08-19T21:59:19.131+0000] {processor.py:161} INFO - Started process (PID=1091) to work on /home/airflow/.local/lib/python3.8/site-packages/airflow/example_dags/example_branch_labels.py
[2025-08-19T21:59:19.131+0000] {processor.py:830} INFO - Processing file /home/airflow/.local/lib/python3.8/site-packages/airflow/example_dags/example_branch_labels.py for tasks to queue
[2025-08-19T21:59:19.132+0000] {logging_mixin.py:188} INFO - [2025-08-19T21:59:19.132+0000] {dagbag.py:538} INFO - Filling up the DagBag from /home/airflow/.local/lib/python3.8/site-packages/airflow/example_dags/example_branch_labels.py
[2025-08-19T21:59:19.136+0000] {processor.py:840} INFO - DAG(s) 'example_branch_labels' retrieved from /home/airflow/.local/lib/python3.8/site-packages/airflow/example_dags/example_branch_labels.py
[2025-08-19T21:59:19.144+0000] {logging_mixin.py:188} INFO - [2025-08-19T21:59:19.143+0000] {dag.py:3036} INFO - Sync 1 DAGs
[2025-08-19T21:59:19.152+0000] {logging_mixin.py:188} INFO - [2025-08-19T21:59:19.152+0000] {dag.py:3823} INFO - Setting next_dagrun for example_branch_labels to 2025-08-18 00:00:00+00:00, run_after=2025-08-19 00:00:00+00:00
[2025-08-19T21:59:19.159+0000] {processor.py:183} INFO - Processing /home/airflow/.local/lib/python3.8/site-packages/airflow/example_dags/example_branch_labels.py took 0.030 seconds
[2025-08-19T21:59:49.661+0000] {processor.py:161} INFO - Started process (PID=1147) to work on /home/airflow/.local/lib/python3.8/site-packages/airflow/example_dags/example_branch_labels.py
[2025-08-19T21:59:49.663+0000] {processor.py:830} INFO - Processing file /home/airflow/.local/lib/python3.8/site-packages/airflow/example_dags/example_branch_labels.py for tasks to queue
[2025-08-19T21:59:49.664+0000] {logging_mixin.py:188} INFO - [2025-08-19T21:59:49.664+0000] {dagbag.py:538} INFO - Filling up the DagBag from /home/airflow/.local/lib/python3.8/site-packages/airflow/example_dags/example_branch_labels.py
[2025-08-19T21:59:49.667+0000] {processor.py:840} INFO - DAG(s) 'example_branch_labels' retrieved from /home/airflow/.local/lib/python3.8/site-packages/airflow/example_dags/example_branch_labels.py
[2025-08-19T21:59:49.678+0000] {logging_mixin.py:188} INFO - [2025-08-19T21:59:49.678+0000] {dag.py:3036} INFO - Sync 1 DAGs
[2025-08-19T21:59:49.686+0000] {logging_mixin.py:188} INFO - [2025-08-19T21:59:49.686+0000] {dag.py:3823} INFO - Setting next_dagrun for example_branch_labels to 2025-08-18 00:00:00+00:00, run_after=2025-08-19 00:00:00+00:00
[2025-08-19T21:59:49.693+0000] {processor.py:183} INFO - Processing /home/airflow/.local/lib/python3.8/site-packages/airflow/example_dags/example_branch_labels.py took 0.033 seconds
[2025-08-19T22:00:20.234+0000] {processor.py:161} INFO - Started process (PID=1203) to work on /home/airflow/.local/lib/python3.8/site-packages/airflow/example_dags/example_branch_labels.py
[2025-08-19T22:00:20.235+0000] {processor.py:830} INFO - Processing file /home/airflow/.local/lib/python3.8/site-packages/airflow/example_dags/example_branch_labels.py for tasks to queue
[2025-08-19T22:00:20.237+0000] {logging_mixin.py:188} INFO - [2025-08-19T22:00:20.236+0000] {dagbag.py:538} INFO - Filling up the DagBag from /home/airflow/.local/lib/python3.8/site-packages/airflow/example_dags/example_branch_labels.py
[2025-08-19T22:00:20.240+0000] {processor.py:840} INFO - DAG(s) 'example_branch_labels' retrieved from /home/airflow/.local/lib/python3.8/site-packages/airflow/example_dags/example_branch_labels.py
[2025-08-19T22:00:20.250+0000] {logging_mixin.py:188} INFO - [2025-08-19T22:00:20.250+0000] {dag.py:3036} INFO - Sync 1 DAGs
[2025-08-19T22:00:20.258+0000] {logging_mixin.py:188} INFO - [2025-08-19T22:00:20.258+0000] {dag.py:3823} INFO - Setting next_dagrun for example_branch_labels to 2025-08-18 00:00:00+00:00, run_after=2025-08-19 00:00:00+00:00
[2025-08-19T22:00:20.270+0000] {processor.py:183} INFO - Processing /home/airflow/.local/lib/python3.8/site-packages/airflow/example_dags/example_branch_labels.py took 0.037 seconds
[2025-08-19T22:00:50.776+0000] {processor.py:161} INFO - Started process (PID=1259) to work on /home/airflow/.local/lib/python3.8/site-packages/airflow/example_dags/example_branch_labels.py
[2025-08-19T22:00:50.776+0000] {processor.py:830} INFO - Processing file /home/airflow/.local/lib/python3.8/site-packages/airflow/example_dags/example_branch_labels.py for tasks to queue
[2025-08-19T22:00:50.777+0000] {logging_mixin.py:188} INFO - [2025-08-19T22:00:50.777+0000] {dagbag.py:538} INFO - Filling up the DagBag from /home/airflow/.local/lib/python3.8/site-packages/airflow/example_dags/example_branch_labels.py
[2025-08-19T22:00:50.780+0000] {processor.py:840} INFO - DAG(s) 'example_branch_labels' retrieved from /home/airflow/.local/lib/python3.8/site-packages/airflow/example_dags/example_branch_labels.py
[2025-08-19T22:00:50.789+0000] {logging_mixin.py:188} INFO - [2025-08-19T22:00:50.789+0000] {dag.py:3036} INFO - Sync 1 DAGs
[2025-08-19T22:00:50.798+0000] {logging_mixin.py:188} INFO - [2025-08-19T22:00:50.798+0000] {dag.py:3823} INFO - Setting next_dagrun for example_branch_labels to 2025-08-18 00:00:00+00:00, run_after=2025-08-19 00:00:00+00:00
[2025-08-19T22:00:50.806+0000] {processor.py:183} INFO - Processing /home/airflow/.local/lib/python3.8/site-packages/airflow/example_dags/example_branch_labels.py took 0.032 seconds
[2025-08-19T22:01:21.693+0000] {processor.py:161} INFO - Started process (PID=1315) to work on /home/airflow/.local/lib/python3.8/site-packages/airflow/example_dags/example_branch_labels.py
[2025-08-19T22:01:21.694+0000] {processor.py:830} INFO - Processing file /home/airflow/.local/lib/python3.8/site-packages/airflow/example_dags/example_branch_labels.py for tasks to queue
[2025-08-19T22:01:21.697+0000] {logging_mixin.py:188} INFO - [2025-08-19T22:01:21.696+0000] {dagbag.py:538} INFO - Filling up the DagBag from /home/airflow/.local/lib/python3.8/site-packages/airflow/example_dags/example_branch_labels.py
[2025-08-19T22:01:21.713+0000] {processor.py:840} INFO - DAG(s) 'example_branch_labels' retrieved from /home/airflow/.local/lib/python3.8/site-packages/airflow/example_dags/example_branch_labels.py
[2025-08-19T22:01:21.730+0000] {logging_mixin.py:188} INFO - [2025-08-19T22:01:21.730+0000] {dag.py:3036} INFO - Sync 1 DAGs
[2025-08-19T22:01:21.745+0000] {logging_mixin.py:188} INFO - [2025-08-19T22:01:21.745+0000] {dag.py:3823} INFO - Setting next_dagrun for example_branch_labels to 2025-08-18 00:00:00+00:00, run_after=2025-08-19 00:00:00+00:00
[2025-08-19T22:01:21.760+0000] {processor.py:183} INFO - Processing /home/airflow/.local/lib/python3.8/site-packages/airflow/example_dags/example_branch_labels.py took 0.069 seconds
[2025-08-19T22:01:52.758+0000] {processor.py:161} INFO - Started process (PID=1371) to work on /home/airflow/.local/lib/python3.8/site-packages/airflow/example_dags/example_branch_labels.py
[2025-08-19T22:01:52.759+0000] {processor.py:830} INFO - Processing file /home/airflow/.local/lib/python3.8/site-packages/airflow/example_dags/example_branch_labels.py for tasks to queue
[2025-08-19T22:01:52.761+0000] {logging_mixin.py:188} INFO - [2025-08-19T22:01:52.761+0000] {dagbag.py:538} INFO - Filling up the DagBag from /home/airflow/.local/lib/python3.8/site-packages/airflow/example_dags/example_branch_labels.py
[2025-08-19T22:01:52.767+0000] {processor.py:840} INFO - DAG(s) 'example_branch_labels' retrieved from /home/airflow/.local/lib/python3.8/site-packages/airflow/example_dags/example_branch_labels.py
[2025-08-19T22:01:52.787+0000] {logging_mixin.py:188} INFO - [2025-08-19T22:01:52.786+0000] {dag.py:3036} INFO - Sync 1 DAGs
[2025-08-19T22:01:52.798+0000] {logging_mixin.py:188} INFO - [2025-08-19T22:01:52.798+0000] {dag.py:3823} INFO - Setting next_dagrun for example_branch_labels to 2025-08-18 00:00:00+00:00, run_after=2025-08-19 00:00:00+00:00
[2025-08-19T22:01:52.807+0000] {processor.py:183} INFO - Processing /home/airflow/.local/lib/python3.8/site-packages/airflow/example_dags/example_branch_labels.py took 0.054 seconds
[2025-08-19T22:02:23.653+0000] {processor.py:161} INFO - Started process (PID=1427) to work on /home/airflow/.local/lib/python3.8/site-packages/airflow/example_dags/example_branch_labels.py
[2025-08-19T22:02:23.656+0000] {processor.py:830} INFO - Processing file /home/airflow/.local/lib/python3.8/site-packages/airflow/example_dags/example_branch_labels.py for tasks to queue
[2025-08-19T22:02:23.658+0000] {logging_mixin.py:188} INFO - [2025-08-19T22:02:23.658+0000] {dagbag.py:538} INFO - Filling up the DagBag from /home/airflow/.local/lib/python3.8/site-packages/airflow/example_dags/example_branch_labels.py
[2025-08-19T22:02:23.665+0000] {processor.py:840} INFO - DAG(s) 'example_branch_labels' retrieved from /home/airflow/.local/lib/python3.8/site-packages/airflow/example_dags/example_branch_labels.py
[2025-08-19T22:02:23.681+0000] {logging_mixin.py:188} INFO - [2025-08-19T22:02:23.681+0000] {dag.py:3036} INFO - Sync 1 DAGs
[2025-08-19T22:02:23.695+0000] {logging_mixin.py:188} INFO - [2025-08-19T22:02:23.695+0000] {dag.py:3823} INFO - Setting next_dagrun for example_branch_labels to 2025-08-18 00:00:00+00:00, run_after=2025-08-19 00:00:00+00:00
[2025-08-19T22:02:23.710+0000] {processor.py:183} INFO - Processing /home/airflow/.local/lib/python3.8/site-packages/airflow/example_dags/example_branch_labels.py took 0.062 seconds
[2025-08-19T22:02:54.520+0000] {processor.py:161} INFO - Started process (PID=1483) to work on /home/airflow/.local/lib/python3.8/site-packages/airflow/example_dags/example_branch_labels.py
[2025-08-19T22:02:54.522+0000] {processor.py:830} INFO - Processing file /home/airflow/.local/lib/python3.8/site-packages/airflow/example_dags/example_branch_labels.py for tasks to queue
[2025-08-19T22:02:54.524+0000] {logging_mixin.py:188} INFO - [2025-08-19T22:02:54.524+0000] {dagbag.py:538} INFO - Filling up the DagBag from /home/airflow/.local/lib/python3.8/site-packages/airflow/example_dags/example_branch_labels.py
[2025-08-19T22:02:54.531+0000] {processor.py:840} INFO - DAG(s) 'example_branch_labels' retrieved from /home/airflow/.local/lib/python3.8/site-packages/airflow/example_dags/example_branch_labels.py
[2025-08-19T22:02:54.548+0000] {logging_mixin.py:188} INFO - [2025-08-19T22:02:54.548+0000] {dag.py:3036} INFO - Sync 1 DAGs
[2025-08-19T22:02:54.565+0000] {logging_mixin.py:188} INFO - [2025-08-19T22:02:54.565+0000] {dag.py:3823} INFO - Setting next_dagrun for example_branch_labels to 2025-08-18 00:00:00+00:00, run_after=2025-08-19 00:00:00+00:00
[2025-08-19T22:02:54.578+0000] {processor.py:183} INFO - Processing /home/airflow/.local/lib/python3.8/site-packages/airflow/example_dags/example_branch_labels.py took 0.062 seconds
[2025-08-19T22:03:24.592+0000] {processor.py:161} INFO - Started process (PID=1539) to work on /home/airflow/.local/lib/python3.8/site-packages/airflow/example_dags/example_branch_labels.py
[2025-08-19T22:03:24.592+0000] {processor.py:830} INFO - Processing file /home/airflow/.local/lib/python3.8/site-packages/airflow/example_dags/example_branch_labels.py for tasks to queue
[2025-08-19T22:03:24.593+0000] {logging_mixin.py:188} INFO - [2025-08-19T22:03:24.593+0000] {dagbag.py:538} INFO - Filling up the DagBag from /home/airflow/.local/lib/python3.8/site-packages/airflow/example_dags/example_branch_labels.py
[2025-08-19T22:03:24.596+0000] {processor.py:840} INFO - DAG(s) 'example_branch_labels' retrieved from /home/airflow/.local/lib/python3.8/site-packages/airflow/example_dags/example_branch_labels.py
[2025-08-19T22:03:24.606+0000] {logging_mixin.py:188} INFO - [2025-08-19T22:03:24.606+0000] {dag.py:3036} INFO - Sync 1 DAGs
[2025-08-19T22:03:24.614+0000] {logging_mixin.py:188} INFO - [2025-08-19T22:03:24.614+0000] {dag.py:3823} INFO - Setting next_dagrun for example_branch_labels to 2025-08-18 00:00:00+00:00, run_after=2025-08-19 00:00:00+00:00
[2025-08-19T22:03:24.620+0000] {processor.py:183} INFO - Processing /home/airflow/.local/lib/python3.8/site-packages/airflow/example_dags/example_branch_labels.py took 0.030 seconds
[2025-08-19T22:03:55.322+0000] {processor.py:161} INFO - Started process (PID=1595) to work on /home/airflow/.local/lib/python3.8/site-packages/airflow/example_dags/example_branch_labels.py
[2025-08-19T22:03:55.323+0000] {processor.py:830} INFO - Processing file /home/airflow/.local/lib/python3.8/site-packages/airflow/example_dags/example_branch_labels.py for tasks to queue
[2025-08-19T22:03:55.324+0000] {logging_mixin.py:188} INFO - [2025-08-19T22:03:55.324+0000] {dagbag.py:538} INFO - Filling up the DagBag from /home/airflow/.local/lib/python3.8/site-packages/airflow/example_dags/example_branch_labels.py
[2025-08-19T22:03:55.328+0000] {processor.py:840} INFO - DAG(s) 'example_branch_labels' retrieved from /home/airflow/.local/lib/python3.8/site-packages/airflow/example_dags/example_branch_labels.py
[2025-08-19T22:03:55.339+0000] {logging_mixin.py:188} INFO - [2025-08-19T22:03:55.339+0000] {dag.py:3036} INFO - Sync 1 DAGs
[2025-08-19T22:03:55.351+0000] {logging_mixin.py:188} INFO - [2025-08-19T22:03:55.350+0000] {dag.py:3823} INFO - Setting next_dagrun for example_branch_labels to 2025-08-18 00:00:00+00:00, run_after=2025-08-19 00:00:00+00:00
[2025-08-19T22:03:55.364+0000] {processor.py:183} INFO - Processing /home/airflow/.local/lib/python3.8/site-packages/airflow/example_dags/example_branch_labels.py took 0.044 seconds
[2025-08-19T22:04:25.795+0000] {processor.py:161} INFO - Started process (PID=1651) to work on /home/airflow/.local/lib/python3.8/site-packages/airflow/example_dags/example_branch_labels.py
[2025-08-19T22:04:25.795+0000] {processor.py:830} INFO - Processing file /home/airflow/.local/lib/python3.8/site-packages/airflow/example_dags/example_branch_labels.py for tasks to queue
[2025-08-19T22:04:25.796+0000] {logging_mixin.py:188} INFO - [2025-08-19T22:04:25.796+0000] {dagbag.py:538} INFO - Filling up the DagBag from /home/airflow/.local/lib/python3.8/site-packages/airflow/example_dags/example_branch_labels.py
[2025-08-19T22:04:25.799+0000] {processor.py:840} INFO - DAG(s) 'example_branch_labels' retrieved from /home/airflow/.local/lib/python3.8/site-packages/airflow/example_dags/example_branch_labels.py
[2025-08-19T22:04:25.808+0000] {logging_mixin.py:188} INFO - [2025-08-19T22:04:25.808+0000] {dag.py:3036} INFO - Sync 1 DAGs
[2025-08-19T22:04:25.817+0000] {logging_mixin.py:188} INFO - [2025-08-19T22:04:25.817+0000] {dag.py:3823} INFO - Setting next_dagrun for example_branch_labels to 2025-08-18 00:00:00+00:00, run_after=2025-08-19 00:00:00+00:00
[2025-08-19T22:04:25.828+0000] {processor.py:183} INFO - Processing /home/airflow/.local/lib/python3.8/site-packages/airflow/example_dags/example_branch_labels.py took 0.035 seconds
[2025-08-19T22:04:56.226+0000] {processor.py:161} INFO - Started process (PID=1707) to work on /home/airflow/.local/lib/python3.8/site-packages/airflow/example_dags/example_branch_labels.py
[2025-08-19T22:04:56.226+0000] {processor.py:830} INFO - Processing file /home/airflow/.local/lib/python3.8/site-packages/airflow/example_dags/example_branch_labels.py for tasks to queue
[2025-08-19T22:04:56.227+0000] {logging_mixin.py:188} INFO - [2025-08-19T22:04:56.227+0000] {dagbag.py:538} INFO - Filling up the DagBag from /home/airflow/.local/lib/python3.8/site-packages/airflow/example_dags/example_branch_labels.py
[2025-08-19T22:04:56.230+0000] {processor.py:840} INFO - DAG(s) 'example_branch_labels' retrieved from /home/airflow/.local/lib/python3.8/site-packages/airflow/example_dags/example_branch_labels.py
[2025-08-19T22:04:56.238+0000] {logging_mixin.py:188} INFO - [2025-08-19T22:04:56.238+0000] {dag.py:3036} INFO - Sync 1 DAGs
[2025-08-19T22:04:56.247+0000] {logging_mixin.py:188} INFO - [2025-08-19T22:04:56.247+0000] {dag.py:3823} INFO - Setting next_dagrun for example_branch_labels to 2025-08-18 00:00:00+00:00, run_after=2025-08-19 00:00:00+00:00
[2025-08-19T22:04:56.256+0000] {processor.py:183} INFO - Processing /home/airflow/.local/lib/python3.8/site-packages/airflow/example_dags/example_branch_labels.py took 0.031 seconds
[2025-08-19T22:05:27.208+0000] {processor.py:161} INFO - Started process (PID=1763) to work on /home/airflow/.local/lib/python3.8/site-packages/airflow/example_dags/example_branch_labels.py
[2025-08-19T22:05:27.209+0000] {processor.py:830} INFO - Processing file /home/airflow/.local/lib/python3.8/site-packages/airflow/example_dags/example_branch_labels.py for tasks to queue
[2025-08-19T22:05:27.210+0000] {logging_mixin.py:188} INFO - [2025-08-19T22:05:27.210+0000] {dagbag.py:538} INFO - Filling up the DagBag from /home/airflow/.local/lib/python3.8/site-packages/airflow/example_dags/example_branch_labels.py
[2025-08-19T22:05:27.215+0000] {processor.py:840} INFO - DAG(s) 'example_branch_labels' retrieved from /home/airflow/.local/lib/python3.8/site-packages/airflow/example_dags/example_branch_labels.py
[2025-08-19T22:05:27.231+0000] {logging_mixin.py:188} INFO - [2025-08-19T22:05:27.231+0000] {dag.py:3036} INFO - Sync 1 DAGs
[2025-08-19T22:05:27.245+0000] {logging_mixin.py:188} INFO - [2025-08-19T22:05:27.244+0000] {dag.py:3823} INFO - Setting next_dagrun for example_branch_labels to 2025-08-18 00:00:00+00:00, run_after=2025-08-19 00:00:00+00:00
[2025-08-19T22:05:27.256+0000] {processor.py:183} INFO - Processing /home/airflow/.local/lib/python3.8/site-packages/airflow/example_dags/example_branch_labels.py took 0.051 seconds
[2025-08-19T22:05:57.887+0000] {processor.py:161} INFO - Started process (PID=1819) to work on /home/airflow/.local/lib/python3.8/site-packages/airflow/example_dags/example_branch_labels.py
[2025-08-19T22:05:57.888+0000] {processor.py:830} INFO - Processing file /home/airflow/.local/lib/python3.8/site-packages/airflow/example_dags/example_branch_labels.py for tasks to queue
[2025-08-19T22:05:57.889+0000] {logging_mixin.py:188} INFO - [2025-08-19T22:05:57.888+0000] {dagbag.py:538} INFO - Filling up the DagBag from /home/airflow/.local/lib/python3.8/site-packages/airflow/example_dags/example_branch_labels.py
[2025-08-19T22:05:57.891+0000] {processor.py:840} INFO - DAG(s) 'example_branch_labels' retrieved from /home/airflow/.local/lib/python3.8/site-packages/airflow/example_dags/example_branch_labels.py
[2025-08-19T22:05:57.900+0000] {logging_mixin.py:188} INFO - [2025-08-19T22:05:57.900+0000] {dag.py:3036} INFO - Sync 1 DAGs
[2025-08-19T22:05:57.910+0000] {logging_mixin.py:188} INFO - [2025-08-19T22:05:57.910+0000] {dag.py:3823} INFO - Setting next_dagrun for example_branch_labels to 2025-08-18 00:00:00+00:00, run_after=2025-08-19 00:00:00+00:00
[2025-08-19T22:05:57.920+0000] {processor.py:183} INFO - Processing /home/airflow/.local/lib/python3.8/site-packages/airflow/example_dags/example_branch_labels.py took 0.034 seconds
[2025-08-19T22:06:28.287+0000] {processor.py:161} INFO - Started process (PID=1875) to work on /home/airflow/.local/lib/python3.8/site-packages/airflow/example_dags/example_branch_labels.py
[2025-08-19T22:06:28.288+0000] {processor.py:830} INFO - Processing file /home/airflow/.local/lib/python3.8/site-packages/airflow/example_dags/example_branch_labels.py for tasks to queue
[2025-08-19T22:06:28.288+0000] {logging_mixin.py:188} INFO - [2025-08-19T22:06:28.288+0000] {dagbag.py:538} INFO - Filling up the DagBag from /home/airflow/.local/lib/python3.8/site-packages/airflow/example_dags/example_branch_labels.py
[2025-08-19T22:06:28.292+0000] {processor.py:840} INFO - DAG(s) 'example_branch_labels' retrieved from /home/airflow/.local/lib/python3.8/site-packages/airflow/example_dags/example_branch_labels.py
[2025-08-19T22:06:28.301+0000] {logging_mixin.py:188} INFO - [2025-08-19T22:06:28.300+0000] {dag.py:3036} INFO - Sync 1 DAGs
[2025-08-19T22:06:28.310+0000] {logging_mixin.py:188} INFO - [2025-08-19T22:06:28.310+0000] {dag.py:3823} INFO - Setting next_dagrun for example_branch_labels to 2025-08-18 00:00:00+00:00, run_after=2025-08-19 00:00:00+00:00
[2025-08-19T22:06:28.320+0000] {processor.py:183} INFO - Processing /home/airflow/.local/lib/python3.8/site-packages/airflow/example_dags/example_branch_labels.py took 0.035 seconds
[2025-08-19T22:06:59.172+0000] {processor.py:161} INFO - Started process (PID=1931) to work on /home/airflow/.local/lib/python3.8/site-packages/airflow/example_dags/example_branch_labels.py
[2025-08-19T22:06:59.172+0000] {processor.py:830} INFO - Processing file /home/airflow/.local/lib/python3.8/site-packages/airflow/example_dags/example_branch_labels.py for tasks to queue
[2025-08-19T22:06:59.173+0000] {logging_mixin.py:188} INFO - [2025-08-19T22:06:59.173+0000] {dagbag.py:538} INFO - Filling up the DagBag from /home/airflow/.local/lib/python3.8/site-packages/airflow/example_dags/example_branch_labels.py
[2025-08-19T22:06:59.176+0000] {processor.py:840} INFO - DAG(s) 'example_branch_labels' retrieved from /home/airflow/.local/lib/python3.8/site-packages/airflow/example_dags/example_branch_labels.py
[2025-08-19T22:06:59.185+0000] {logging_mixin.py:188} INFO - [2025-08-19T22:06:59.185+0000] {dag.py:3036} INFO - Sync 1 DAGs
[2025-08-19T22:06:59.192+0000] {logging_mixin.py:188} INFO - [2025-08-19T22:06:59.192+0000] {dag.py:3823} INFO - Setting next_dagrun for example_branch_labels to 2025-08-18 00:00:00+00:00, run_after=2025-08-19 00:00:00+00:00
[2025-08-19T22:06:59.198+0000] {processor.py:183} INFO - Processing /home/airflow/.local/lib/python3.8/site-packages/airflow/example_dags/example_branch_labels.py took 0.028 seconds
[2025-08-19T22:07:30.051+0000] {processor.py:161} INFO - Started process (PID=1987) to work on /home/airflow/.local/lib/python3.8/site-packages/airflow/example_dags/example_branch_labels.py
[2025-08-19T22:07:30.052+0000] {processor.py:830} INFO - Processing file /home/airflow/.local/lib/python3.8/site-packages/airflow/example_dags/example_branch_labels.py for tasks to queue
[2025-08-19T22:07:30.053+0000] {logging_mixin.py:188} INFO - [2025-08-19T22:07:30.053+0000] {dagbag.py:538} INFO - Filling up the DagBag from /home/airflow/.local/lib/python3.8/site-packages/airflow/example_dags/example_branch_labels.py
[2025-08-19T22:07:30.056+0000] {processor.py:840} INFO - DAG(s) 'example_branch_labels' retrieved from /home/airflow/.local/lib/python3.8/site-packages/airflow/example_dags/example_branch_labels.py
[2025-08-19T22:07:30.067+0000] {logging_mixin.py:188} INFO - [2025-08-19T22:07:30.067+0000] {dag.py:3036} INFO - Sync 1 DAGs
[2025-08-19T22:07:30.077+0000] {logging_mixin.py:188} INFO - [2025-08-19T22:07:30.077+0000] {dag.py:3823} INFO - Setting next_dagrun for example_branch_labels to 2025-08-18 00:00:00+00:00, run_after=2025-08-19 00:00:00+00:00
[2025-08-19T22:07:30.090+0000] {processor.py:183} INFO - Processing /home/airflow/.local/lib/python3.8/site-packages/airflow/example_dags/example_branch_labels.py took 0.041 seconds
[2025-08-19T22:08:00.873+0000] {processor.py:161} INFO - Started process (PID=2043) to work on /home/airflow/.local/lib/python3.8/site-packages/airflow/example_dags/example_branch_labels.py
[2025-08-19T22:08:00.873+0000] {processor.py:830} INFO - Processing file /home/airflow/.local/lib/python3.8/site-packages/airflow/example_dags/example_branch_labels.py for tasks to queue
[2025-08-19T22:08:00.874+0000] {logging_mixin.py:188} INFO - [2025-08-19T22:08:00.874+0000] {dagbag.py:538} INFO - Filling up the DagBag from /home/airflow/.local/lib/python3.8/site-packages/airflow/example_dags/example_branch_labels.py
[2025-08-19T22:08:00.877+0000] {processor.py:840} INFO - DAG(s) 'example_branch_labels' retrieved from /home/airflow/.local/lib/python3.8/site-packages/airflow/example_dags/example_branch_labels.py
[2025-08-19T22:08:00.886+0000] {logging_mixin.py:188} INFO - [2025-08-19T22:08:00.886+0000] {dag.py:3036} INFO - Sync 1 DAGs
[2025-08-19T22:08:00.894+0000] {logging_mixin.py:188} INFO - [2025-08-19T22:08:00.894+0000] {dag.py:3823} INFO - Setting next_dagrun for example_branch_labels to 2025-08-18 00:00:00+00:00, run_after=2025-08-19 00:00:00+00:00
[2025-08-19T22:08:00.903+0000] {processor.py:183} INFO - Processing /home/airflow/.local/lib/python3.8/site-packages/airflow/example_dags/example_branch_labels.py took 0.032 seconds
[2025-08-19T22:08:31.623+0000] {processor.py:161} INFO - Started process (PID=2099) to work on /home/airflow/.local/lib/python3.8/site-packages/airflow/example_dags/example_branch_labels.py
[2025-08-19T22:08:31.624+0000] {processor.py:830} INFO - Processing file /home/airflow/.local/lib/python3.8/site-packages/airflow/example_dags/example_branch_labels.py for tasks to queue
[2025-08-19T22:08:31.624+0000] {logging_mixin.py:188} INFO - [2025-08-19T22:08:31.624+0000] {dagbag.py:538} INFO - Filling up the DagBag from /home/airflow/.local/lib/python3.8/site-packages/airflow/example_dags/example_branch_labels.py
[2025-08-19T22:08:31.628+0000] {processor.py:840} INFO - DAG(s) 'example_branch_labels' retrieved from /home/airflow/.local/lib/python3.8/site-packages/airflow/example_dags/example_branch_labels.py
[2025-08-19T22:08:31.636+0000] {logging_mixin.py:188} INFO - [2025-08-19T22:08:31.636+0000] {dag.py:3036} INFO - Sync 1 DAGs
[2025-08-19T22:08:31.646+0000] {logging_mixin.py:188} INFO - [2025-08-19T22:08:31.646+0000] {dag.py:3823} INFO - Setting next_dagrun for example_branch_labels to 2025-08-18 00:00:00+00:00, run_after=2025-08-19 00:00:00+00:00
[2025-08-19T22:08:31.659+0000] {processor.py:183} INFO - Processing /home/airflow/.local/lib/python3.8/site-packages/airflow/example_dags/example_branch_labels.py took 0.037 seconds
[2025-08-19T22:09:02.055+0000] {processor.py:161} INFO - Started process (PID=2155) to work on /home/airflow/.local/lib/python3.8/site-packages/airflow/example_dags/example_branch_labels.py
[2025-08-19T22:09:02.056+0000] {processor.py:830} INFO - Processing file /home/airflow/.local/lib/python3.8/site-packages/airflow/example_dags/example_branch_labels.py for tasks to queue
[2025-08-19T22:09:02.057+0000] {logging_mixin.py:188} INFO - [2025-08-19T22:09:02.056+0000] {dagbag.py:538} INFO - Filling up the DagBag from /home/airflow/.local/lib/python3.8/site-packages/airflow/example_dags/example_branch_labels.py
[2025-08-19T22:09:02.059+0000] {processor.py:840} INFO - DAG(s) 'example_branch_labels' retrieved from /home/airflow/.local/lib/python3.8/site-packages/airflow/example_dags/example_branch_labels.py
[2025-08-19T22:09:02.072+0000] {logging_mixin.py:188} INFO - [2025-08-19T22:09:02.072+0000] {dag.py:3036} INFO - Sync 1 DAGs
[2025-08-19T22:09:02.082+0000] {logging_mixin.py:188} INFO - [2025-08-19T22:09:02.082+0000] {dag.py:3823} INFO - Setting next_dagrun for example_branch_labels to 2025-08-18 00:00:00+00:00, run_after=2025-08-19 00:00:00+00:00
[2025-08-19T22:09:02.090+0000] {processor.py:183} INFO - Processing /home/airflow/.local/lib/python3.8/site-packages/airflow/example_dags/example_branch_labels.py took 0.036 seconds
[2025-08-19T22:09:32.865+0000] {processor.py:161} INFO - Started process (PID=2211) to work on /home/airflow/.local/lib/python3.8/site-packages/airflow/example_dags/example_branch_labels.py
[2025-08-19T22:09:32.866+0000] {processor.py:830} INFO - Processing file /home/airflow/.local/lib/python3.8/site-packages/airflow/example_dags/example_branch_labels.py for tasks to queue
[2025-08-19T22:09:32.867+0000] {logging_mixin.py:188} INFO - [2025-08-19T22:09:32.867+0000] {dagbag.py:538} INFO - Filling up the DagBag from /home/airflow/.local/lib/python3.8/site-packages/airflow/example_dags/example_branch_labels.py
[2025-08-19T22:09:32.871+0000] {processor.py:840} INFO - DAG(s) 'example_branch_labels' retrieved from /home/airflow/.local/lib/python3.8/site-packages/airflow/example_dags/example_branch_labels.py
[2025-08-19T22:09:32.882+0000] {logging_mixin.py:188} INFO - [2025-08-19T22:09:32.882+0000] {dag.py:3036} INFO - Sync 1 DAGs
[2025-08-19T22:09:32.891+0000] {logging_mixin.py:188} INFO - [2025-08-19T22:09:32.891+0000] {dag.py:3823} INFO - Setting next_dagrun for example_branch_labels to 2025-08-18 00:00:00+00:00, run_after=2025-08-19 00:00:00+00:00
[2025-08-19T22:09:32.901+0000] {processor.py:183} INFO - Processing /home/airflow/.local/lib/python3.8/site-packages/airflow/example_dags/example_branch_labels.py took 0.039 seconds
[2025-08-19T22:10:03.392+0000] {processor.py:161} INFO - Started process (PID=2267) to work on /home/airflow/.local/lib/python3.8/site-packages/airflow/example_dags/example_branch_labels.py
[2025-08-19T22:10:03.392+0000] {processor.py:830} INFO - Processing file /home/airflow/.local/lib/python3.8/site-packages/airflow/example_dags/example_branch_labels.py for tasks to queue
[2025-08-19T22:10:03.393+0000] {logging_mixin.py:188} INFO - [2025-08-19T22:10:03.393+0000] {dagbag.py:538} INFO - Filling up the DagBag from /home/airflow/.local/lib/python3.8/site-packages/airflow/example_dags/example_branch_labels.py
[2025-08-19T22:10:03.396+0000] {processor.py:840} INFO - DAG(s) 'example_branch_labels' retrieved from /home/airflow/.local/lib/python3.8/site-packages/airflow/example_dags/example_branch_labels.py
[2025-08-19T22:10:03.404+0000] {logging_mixin.py:188} INFO - [2025-08-19T22:10:03.404+0000] {dag.py:3036} INFO - Sync 1 DAGs
[2025-08-19T22:10:03.413+0000] {logging_mixin.py:188} INFO - [2025-08-19T22:10:03.412+0000] {dag.py:3823} INFO - Setting next_dagrun for example_branch_labels to 2025-08-18 00:00:00+00:00, run_after=2025-08-19 00:00:00+00:00
[2025-08-19T22:10:03.422+0000] {processor.py:183} INFO - Processing /home/airflow/.local/lib/python3.8/site-packages/airflow/example_dags/example_branch_labels.py took 0.031 seconds
[2025-08-19T22:10:34.131+0000] {processor.py:161} INFO - Started process (PID=2323) to work on /home/airflow/.local/lib/python3.8/site-packages/airflow/example_dags/example_branch_labels.py
[2025-08-19T22:10:34.132+0000] {processor.py:830} INFO - Processing file /home/airflow/.local/lib/python3.8/site-packages/airflow/example_dags/example_branch_labels.py for tasks to queue
[2025-08-19T22:10:34.133+0000] {logging_mixin.py:188} INFO - [2025-08-19T22:10:34.133+0000] {dagbag.py:538} INFO - Filling up the DagBag from /home/airflow/.local/lib/python3.8/site-packages/airflow/example_dags/example_branch_labels.py
[2025-08-19T22:10:34.136+0000] {processor.py:840} INFO - DAG(s) 'example_branch_labels' retrieved from /home/airflow/.local/lib/python3.8/site-packages/airflow/example_dags/example_branch_labels.py
[2025-08-19T22:10:34.147+0000] {logging_mixin.py:188} INFO - [2025-08-19T22:10:34.147+0000] {dag.py:3036} INFO - Sync 1 DAGs
[2025-08-19T22:10:34.158+0000] {logging_mixin.py:188} INFO - [2025-08-19T22:10:34.158+0000] {dag.py:3823} INFO - Setting next_dagrun for example_branch_labels to 2025-08-18 00:00:00+00:00, run_after=2025-08-19 00:00:00+00:00
[2025-08-19T22:10:34.168+0000] {processor.py:183} INFO - Processing /home/airflow/.local/lib/python3.8/site-packages/airflow/example_dags/example_branch_labels.py took 0.039 seconds
[2025-08-19T22:11:04.665+0000] {processor.py:161} INFO - Started process (PID=2379) to work on /home/airflow/.local/lib/python3.8/site-packages/airflow/example_dags/example_branch_labels.py
[2025-08-19T22:11:04.666+0000] {processor.py:830} INFO - Processing file /home/airflow/.local/lib/python3.8/site-packages/airflow/example_dags/example_branch_labels.py for tasks to queue
[2025-08-19T22:11:04.668+0000] {logging_mixin.py:188} INFO - [2025-08-19T22:11:04.668+0000] {dagbag.py:538} INFO - Filling up the DagBag from /home/airflow/.local/lib/python3.8/site-packages/airflow/example_dags/example_branch_labels.py
[2025-08-19T22:11:04.671+0000] {processor.py:840} INFO - DAG(s) 'example_branch_labels' retrieved from /home/airflow/.local/lib/python3.8/site-packages/airflow/example_dags/example_branch_labels.py
[2025-08-19T22:11:04.686+0000] {logging_mixin.py:188} INFO - [2025-08-19T22:11:04.686+0000] {dag.py:3036} INFO - Sync 1 DAGs
[2025-08-19T22:11:04.696+0000] {logging_mixin.py:188} INFO - [2025-08-19T22:11:04.696+0000] {dag.py:3823} INFO - Setting next_dagrun for example_branch_labels to 2025-08-18 00:00:00+00:00, run_after=2025-08-19 00:00:00+00:00
[2025-08-19T22:11:04.702+0000] {processor.py:183} INFO - Processing /home/airflow/.local/lib/python3.8/site-packages/airflow/example_dags/example_branch_labels.py took 0.039 seconds
[2025-08-19T22:11:35.136+0000] {processor.py:161} INFO - Started process (PID=2435) to work on /home/airflow/.local/lib/python3.8/site-packages/airflow/example_dags/example_branch_labels.py
[2025-08-19T22:11:35.136+0000] {processor.py:830} INFO - Processing file /home/airflow/.local/lib/python3.8/site-packages/airflow/example_dags/example_branch_labels.py for tasks to queue
[2025-08-19T22:11:35.137+0000] {logging_mixin.py:188} INFO - [2025-08-19T22:11:35.137+0000] {dagbag.py:538} INFO - Filling up the DagBag from /home/airflow/.local/lib/python3.8/site-packages/airflow/example_dags/example_branch_labels.py
[2025-08-19T22:11:35.140+0000] {processor.py:840} INFO - DAG(s) 'example_branch_labels' retrieved from /home/airflow/.local/lib/python3.8/site-packages/airflow/example_dags/example_branch_labels.py
[2025-08-19T22:11:35.153+0000] {logging_mixin.py:188} INFO - [2025-08-19T22:11:35.152+0000] {dag.py:3036} INFO - Sync 1 DAGs
[2025-08-19T22:11:35.161+0000] {logging_mixin.py:188} INFO - [2025-08-19T22:11:35.161+0000] {dag.py:3823} INFO - Setting next_dagrun for example_branch_labels to 2025-08-18 00:00:00+00:00, run_after=2025-08-19 00:00:00+00:00
[2025-08-19T22:11:35.171+0000] {processor.py:183} INFO - Processing /home/airflow/.local/lib/python3.8/site-packages/airflow/example_dags/example_branch_labels.py took 0.037 seconds
[2025-08-19T22:12:05.657+0000] {processor.py:161} INFO - Started process (PID=2491) to work on /home/airflow/.local/lib/python3.8/site-packages/airflow/example_dags/example_branch_labels.py
[2025-08-19T22:12:05.658+0000] {processor.py:830} INFO - Processing file /home/airflow/.local/lib/python3.8/site-packages/airflow/example_dags/example_branch_labels.py for tasks to queue
[2025-08-19T22:12:05.660+0000] {logging_mixin.py:188} INFO - [2025-08-19T22:12:05.660+0000] {dagbag.py:538} INFO - Filling up the DagBag from /home/airflow/.local/lib/python3.8/site-packages/airflow/example_dags/example_branch_labels.py
[2025-08-19T22:12:05.663+0000] {processor.py:840} INFO - DAG(s) 'example_branch_labels' retrieved from /home/airflow/.local/lib/python3.8/site-packages/airflow/example_dags/example_branch_labels.py
[2025-08-19T22:12:05.673+0000] {logging_mixin.py:188} INFO - [2025-08-19T22:12:05.673+0000] {dag.py:3036} INFO - Sync 1 DAGs
[2025-08-19T22:12:05.682+0000] {logging_mixin.py:188} INFO - [2025-08-19T22:12:05.682+0000] {dag.py:3823} INFO - Setting next_dagrun for example_branch_labels to 2025-08-18 00:00:00+00:00, run_after=2025-08-19 00:00:00+00:00
[2025-08-19T22:12:05.688+0000] {processor.py:183} INFO - Processing /home/airflow/.local/lib/python3.8/site-packages/airflow/example_dags/example_branch_labels.py took 0.033 seconds
[2025-08-19T22:12:36.214+0000] {processor.py:161} INFO - Started process (PID=2547) to work on /home/airflow/.local/lib/python3.8/site-packages/airflow/example_dags/example_branch_labels.py
[2025-08-19T22:12:36.215+0000] {processor.py:830} INFO - Processing file /home/airflow/.local/lib/python3.8/site-packages/airflow/example_dags/example_branch_labels.py for tasks to queue
[2025-08-19T22:12:36.216+0000] {logging_mixin.py:188} INFO - [2025-08-19T22:12:36.216+0000] {dagbag.py:538} INFO - Filling up the DagBag from /home/airflow/.local/lib/python3.8/site-packages/airflow/example_dags/example_branch_labels.py
[2025-08-19T22:12:36.219+0000] {processor.py:840} INFO - DAG(s) 'example_branch_labels' retrieved from /home/airflow/.local/lib/python3.8/site-packages/airflow/example_dags/example_branch_labels.py
[2025-08-19T22:12:36.229+0000] {logging_mixin.py:188} INFO - [2025-08-19T22:12:36.229+0000] {dag.py:3036} INFO - Sync 1 DAGs
[2025-08-19T22:12:36.239+0000] {logging_mixin.py:188} INFO - [2025-08-19T22:12:36.239+0000] {dag.py:3823} INFO - Setting next_dagrun for example_branch_labels to 2025-08-18 00:00:00+00:00, run_after=2025-08-19 00:00:00+00:00
[2025-08-19T22:12:36.250+0000] {processor.py:183} INFO - Processing /home/airflow/.local/lib/python3.8/site-packages/airflow/example_dags/example_branch_labels.py took 0.038 seconds
[2025-08-19T22:13:06.852+0000] {processor.py:161} INFO - Started process (PID=2603) to work on /home/airflow/.local/lib/python3.8/site-packages/airflow/example_dags/example_branch_labels.py
[2025-08-19T22:13:06.853+0000] {processor.py:830} INFO - Processing file /home/airflow/.local/lib/python3.8/site-packages/airflow/example_dags/example_branch_labels.py for tasks to queue
[2025-08-19T22:13:06.854+0000] {logging_mixin.py:188} INFO - [2025-08-19T22:13:06.854+0000] {dagbag.py:538} INFO - Filling up the DagBag from /home/airflow/.local/lib/python3.8/site-packages/airflow/example_dags/example_branch_labels.py
[2025-08-19T22:13:06.857+0000] {processor.py:840} INFO - DAG(s) 'example_branch_labels' retrieved from /home/airflow/.local/lib/python3.8/site-packages/airflow/example_dags/example_branch_labels.py
[2025-08-19T22:13:06.866+0000] {logging_mixin.py:188} INFO - [2025-08-19T22:13:06.866+0000] {dag.py:3036} INFO - Sync 1 DAGs
[2025-08-19T22:13:06.875+0000] {logging_mixin.py:188} INFO - [2025-08-19T22:13:06.875+0000] {dag.py:3823} INFO - Setting next_dagrun for example_branch_labels to 2025-08-18 00:00:00+00:00, run_after=2025-08-19 00:00:00+00:00
[2025-08-19T22:13:06.884+0000] {processor.py:183} INFO - Processing /home/airflow/.local/lib/python3.8/site-packages/airflow/example_dags/example_branch_labels.py took 0.033 seconds
[2025-08-19T22:20:11.267+0000] {processor.py:161} INFO - Started process (PID=79) to work on /home/airflow/.local/lib/python3.8/site-packages/airflow/example_dags/example_branch_labels.py
[2025-08-19T22:20:11.269+0000] {processor.py:830} INFO - Processing file /home/airflow/.local/lib/python3.8/site-packages/airflow/example_dags/example_branch_labels.py for tasks to queue
[2025-08-19T22:20:11.271+0000] {logging_mixin.py:188} INFO - [2025-08-19T22:20:11.271+0000] {dagbag.py:538} INFO - Filling up the DagBag from /home/airflow/.local/lib/python3.8/site-packages/airflow/example_dags/example_branch_labels.py
[2025-08-19T22:20:11.279+0000] {processor.py:840} INFO - DAG(s) 'example_branch_labels' retrieved from /home/airflow/.local/lib/python3.8/site-packages/airflow/example_dags/example_branch_labels.py
[2025-08-19T22:20:11.297+0000] {logging_mixin.py:188} INFO - [2025-08-19T22:20:11.296+0000] {dag.py:3036} INFO - Sync 1 DAGs
[2025-08-19T22:20:11.312+0000] {logging_mixin.py:188} INFO - [2025-08-19T22:20:11.312+0000] {dag.py:3823} INFO - Setting next_dagrun for example_branch_labels to 2025-08-18 00:00:00+00:00, run_after=2025-08-19 00:00:00+00:00
[2025-08-19T22:20:11.336+0000] {processor.py:183} INFO - Processing /home/airflow/.local/lib/python3.8/site-packages/airflow/example_dags/example_branch_labels.py took 0.075 seconds
[2025-08-19T22:20:41.864+0000] {processor.py:161} INFO - Started process (PID=135) to work on /home/airflow/.local/lib/python3.8/site-packages/airflow/example_dags/example_branch_labels.py
[2025-08-19T22:20:41.865+0000] {processor.py:830} INFO - Processing file /home/airflow/.local/lib/python3.8/site-packages/airflow/example_dags/example_branch_labels.py for tasks to queue
[2025-08-19T22:20:41.866+0000] {logging_mixin.py:188} INFO - [2025-08-19T22:20:41.865+0000] {dagbag.py:538} INFO - Filling up the DagBag from /home/airflow/.local/lib/python3.8/site-packages/airflow/example_dags/example_branch_labels.py
[2025-08-19T22:20:41.871+0000] {processor.py:840} INFO - DAG(s) 'example_branch_labels' retrieved from /home/airflow/.local/lib/python3.8/site-packages/airflow/example_dags/example_branch_labels.py
[2025-08-19T22:20:41.906+0000] {logging_mixin.py:188} INFO - [2025-08-19T22:20:41.906+0000] {dag.py:3036} INFO - Sync 1 DAGs
[2025-08-19T22:20:41.915+0000] {logging_mixin.py:188} INFO - [2025-08-19T22:20:41.915+0000] {dag.py:3823} INFO - Setting next_dagrun for example_branch_labels to 2025-08-18 00:00:00+00:00, run_after=2025-08-19 00:00:00+00:00
[2025-08-19T22:20:41.924+0000] {processor.py:183} INFO - Processing /home/airflow/.local/lib/python3.8/site-packages/airflow/example_dags/example_branch_labels.py took 0.062 seconds
[2025-08-19T22:21:12.910+0000] {processor.py:161} INFO - Started process (PID=197) to work on /home/airflow/.local/lib/python3.8/site-packages/airflow/example_dags/example_branch_labels.py
[2025-08-19T22:21:12.913+0000] {processor.py:830} INFO - Processing file /home/airflow/.local/lib/python3.8/site-packages/airflow/example_dags/example_branch_labels.py for tasks to queue
[2025-08-19T22:21:12.917+0000] {logging_mixin.py:188} INFO - [2025-08-19T22:21:12.916+0000] {dagbag.py:538} INFO - Filling up the DagBag from /home/airflow/.local/lib/python3.8/site-packages/airflow/example_dags/example_branch_labels.py
[2025-08-19T22:21:12.924+0000] {processor.py:840} INFO - DAG(s) 'example_branch_labels' retrieved from /home/airflow/.local/lib/python3.8/site-packages/airflow/example_dags/example_branch_labels.py
[2025-08-19T22:21:12.939+0000] {logging_mixin.py:188} INFO - [2025-08-19T22:21:12.939+0000] {dag.py:3036} INFO - Sync 1 DAGs
[2025-08-19T22:21:12.949+0000] {logging_mixin.py:188} INFO - [2025-08-19T22:21:12.949+0000] {dag.py:3823} INFO - Setting next_dagrun for example_branch_labels to 2025-08-18 00:00:00+00:00, run_after=2025-08-19 00:00:00+00:00
[2025-08-19T22:21:12.957+0000] {processor.py:183} INFO - Processing /home/airflow/.local/lib/python3.8/site-packages/airflow/example_dags/example_branch_labels.py took 0.051 seconds
[2025-08-19T22:21:43.513+0000] {processor.py:161} INFO - Started process (PID=253) to work on /home/airflow/.local/lib/python3.8/site-packages/airflow/example_dags/example_branch_labels.py
[2025-08-19T22:21:43.516+0000] {processor.py:830} INFO - Processing file /home/airflow/.local/lib/python3.8/site-packages/airflow/example_dags/example_branch_labels.py for tasks to queue
[2025-08-19T22:21:43.518+0000] {logging_mixin.py:188} INFO - [2025-08-19T22:21:43.518+0000] {dagbag.py:538} INFO - Filling up the DagBag from /home/airflow/.local/lib/python3.8/site-packages/airflow/example_dags/example_branch_labels.py
[2025-08-19T22:21:43.521+0000] {processor.py:840} INFO - DAG(s) 'example_branch_labels' retrieved from /home/airflow/.local/lib/python3.8/site-packages/airflow/example_dags/example_branch_labels.py
[2025-08-19T22:21:43.537+0000] {logging_mixin.py:188} INFO - [2025-08-19T22:21:43.537+0000] {dag.py:3036} INFO - Sync 1 DAGs
[2025-08-19T22:21:43.549+0000] {logging_mixin.py:188} INFO - [2025-08-19T22:21:43.549+0000] {dag.py:3823} INFO - Setting next_dagrun for example_branch_labels to 2025-08-18 00:00:00+00:00, run_after=2025-08-19 00:00:00+00:00
[2025-08-19T22:21:43.556+0000] {processor.py:183} INFO - Processing /home/airflow/.local/lib/python3.8/site-packages/airflow/example_dags/example_branch_labels.py took 0.044 seconds
[2025-08-19T22:22:14.011+0000] {processor.py:161} INFO - Started process (PID=309) to work on /home/airflow/.local/lib/python3.8/site-packages/airflow/example_dags/example_branch_labels.py
[2025-08-19T22:22:14.012+0000] {processor.py:830} INFO - Processing file /home/airflow/.local/lib/python3.8/site-packages/airflow/example_dags/example_branch_labels.py for tasks to queue
[2025-08-19T22:22:14.013+0000] {logging_mixin.py:188} INFO - [2025-08-19T22:22:14.013+0000] {dagbag.py:538} INFO - Filling up the DagBag from /home/airflow/.local/lib/python3.8/site-packages/airflow/example_dags/example_branch_labels.py
[2025-08-19T22:22:14.022+0000] {processor.py:840} INFO - DAG(s) 'example_branch_labels' retrieved from /home/airflow/.local/lib/python3.8/site-packages/airflow/example_dags/example_branch_labels.py
[2025-08-19T22:22:14.038+0000] {logging_mixin.py:188} INFO - [2025-08-19T22:22:14.037+0000] {dag.py:3036} INFO - Sync 1 DAGs
[2025-08-19T22:22:14.048+0000] {logging_mixin.py:188} INFO - [2025-08-19T22:22:14.048+0000] {dag.py:3823} INFO - Setting next_dagrun for example_branch_labels to 2025-08-18 00:00:00+00:00, run_after=2025-08-19 00:00:00+00:00
[2025-08-19T22:22:14.056+0000] {processor.py:183} INFO - Processing /home/airflow/.local/lib/python3.8/site-packages/airflow/example_dags/example_branch_labels.py took 0.048 seconds
[2025-08-19T22:22:44.695+0000] {processor.py:161} INFO - Started process (PID=369) to work on /home/airflow/.local/lib/python3.8/site-packages/airflow/example_dags/example_branch_labels.py
[2025-08-19T22:22:44.698+0000] {processor.py:830} INFO - Processing file /home/airflow/.local/lib/python3.8/site-packages/airflow/example_dags/example_branch_labels.py for tasks to queue
[2025-08-19T22:22:44.707+0000] {logging_mixin.py:188} INFO - [2025-08-19T22:22:44.705+0000] {dagbag.py:538} INFO - Filling up the DagBag from /home/airflow/.local/lib/python3.8/site-packages/airflow/example_dags/example_branch_labels.py
[2025-08-19T22:22:44.736+0000] {processor.py:840} INFO - DAG(s) 'example_branch_labels' retrieved from /home/airflow/.local/lib/python3.8/site-packages/airflow/example_dags/example_branch_labels.py
[2025-08-19T22:22:44.773+0000] {logging_mixin.py:188} INFO - [2025-08-19T22:22:44.773+0000] {dag.py:3036} INFO - Sync 1 DAGs
[2025-08-19T22:22:44.812+0000] {logging_mixin.py:188} INFO - [2025-08-19T22:22:44.812+0000] {dag.py:3823} INFO - Setting next_dagrun for example_branch_labels to 2025-08-18 00:00:00+00:00, run_after=2025-08-19 00:00:00+00:00
[2025-08-19T22:22:44.837+0000] {processor.py:183} INFO - Processing /home/airflow/.local/lib/python3.8/site-packages/airflow/example_dags/example_branch_labels.py took 0.147 seconds
[2025-08-19T22:23:15.355+0000] {processor.py:161} INFO - Started process (PID=425) to work on /home/airflow/.local/lib/python3.8/site-packages/airflow/example_dags/example_branch_labels.py
[2025-08-19T22:23:15.356+0000] {processor.py:830} INFO - Processing file /home/airflow/.local/lib/python3.8/site-packages/airflow/example_dags/example_branch_labels.py for tasks to queue
[2025-08-19T22:23:15.359+0000] {logging_mixin.py:188} INFO - [2025-08-19T22:23:15.358+0000] {dagbag.py:538} INFO - Filling up the DagBag from /home/airflow/.local/lib/python3.8/site-packages/airflow/example_dags/example_branch_labels.py
[2025-08-19T22:23:15.368+0000] {processor.py:840} INFO - DAG(s) 'example_branch_labels' retrieved from /home/airflow/.local/lib/python3.8/site-packages/airflow/example_dags/example_branch_labels.py
[2025-08-19T22:23:15.387+0000] {logging_mixin.py:188} INFO - [2025-08-19T22:23:15.387+0000] {dag.py:3036} INFO - Sync 1 DAGs
[2025-08-19T22:23:15.412+0000] {logging_mixin.py:188} INFO - [2025-08-19T22:23:15.412+0000] {dag.py:3823} INFO - Setting next_dagrun for example_branch_labels to 2025-08-18 00:00:00+00:00, run_after=2025-08-19 00:00:00+00:00
[2025-08-19T22:23:15.423+0000] {processor.py:183} INFO - Processing /home/airflow/.local/lib/python3.8/site-packages/airflow/example_dags/example_branch_labels.py took 0.070 seconds
[2025-08-19T22:23:45.841+0000] {processor.py:161} INFO - Started process (PID=481) to work on /home/airflow/.local/lib/python3.8/site-packages/airflow/example_dags/example_branch_labels.py
[2025-08-19T22:23:45.842+0000] {processor.py:830} INFO - Processing file /home/airflow/.local/lib/python3.8/site-packages/airflow/example_dags/example_branch_labels.py for tasks to queue
[2025-08-19T22:23:45.845+0000] {logging_mixin.py:188} INFO - [2025-08-19T22:23:45.844+0000] {dagbag.py:538} INFO - Filling up the DagBag from /home/airflow/.local/lib/python3.8/site-packages/airflow/example_dags/example_branch_labels.py
[2025-08-19T22:23:45.856+0000] {processor.py:840} INFO - DAG(s) 'example_branch_labels' retrieved from /home/airflow/.local/lib/python3.8/site-packages/airflow/example_dags/example_branch_labels.py
[2025-08-19T22:23:45.870+0000] {logging_mixin.py:188} INFO - [2025-08-19T22:23:45.869+0000] {dag.py:3036} INFO - Sync 1 DAGs
[2025-08-19T22:23:45.880+0000] {logging_mixin.py:188} INFO - [2025-08-19T22:23:45.880+0000] {dag.py:3823} INFO - Setting next_dagrun for example_branch_labels to 2025-08-18 00:00:00+00:00, run_after=2025-08-19 00:00:00+00:00
[2025-08-19T22:23:45.891+0000] {processor.py:183} INFO - Processing /home/airflow/.local/lib/python3.8/site-packages/airflow/example_dags/example_branch_labels.py took 0.053 seconds
[2025-08-19T22:24:16.246+0000] {processor.py:161} INFO - Started process (PID=537) to work on /home/airflow/.local/lib/python3.8/site-packages/airflow/example_dags/example_branch_labels.py
[2025-08-19T22:24:16.247+0000] {processor.py:830} INFO - Processing file /home/airflow/.local/lib/python3.8/site-packages/airflow/example_dags/example_branch_labels.py for tasks to queue
[2025-08-19T22:24:16.248+0000] {logging_mixin.py:188} INFO - [2025-08-19T22:24:16.248+0000] {dagbag.py:538} INFO - Filling up the DagBag from /home/airflow/.local/lib/python3.8/site-packages/airflow/example_dags/example_branch_labels.py
[2025-08-19T22:24:16.252+0000] {processor.py:840} INFO - DAG(s) 'example_branch_labels' retrieved from /home/airflow/.local/lib/python3.8/site-packages/airflow/example_dags/example_branch_labels.py
[2025-08-19T22:24:16.268+0000] {logging_mixin.py:188} INFO - [2025-08-19T22:24:16.268+0000] {dag.py:3036} INFO - Sync 1 DAGs
[2025-08-19T22:24:16.278+0000] {logging_mixin.py:188} INFO - [2025-08-19T22:24:16.278+0000] {dag.py:3823} INFO - Setting next_dagrun for example_branch_labels to 2025-08-18 00:00:00+00:00, run_after=2025-08-19 00:00:00+00:00
[2025-08-19T22:24:16.286+0000] {processor.py:183} INFO - Processing /home/airflow/.local/lib/python3.8/site-packages/airflow/example_dags/example_branch_labels.py took 0.046 seconds
[2025-08-19T22:24:46.729+0000] {processor.py:161} INFO - Started process (PID=593) to work on /home/airflow/.local/lib/python3.8/site-packages/airflow/example_dags/example_branch_labels.py
[2025-08-19T22:24:46.730+0000] {processor.py:830} INFO - Processing file /home/airflow/.local/lib/python3.8/site-packages/airflow/example_dags/example_branch_labels.py for tasks to queue
[2025-08-19T22:24:46.731+0000] {logging_mixin.py:188} INFO - [2025-08-19T22:24:46.731+0000] {dagbag.py:538} INFO - Filling up the DagBag from /home/airflow/.local/lib/python3.8/site-packages/airflow/example_dags/example_branch_labels.py
[2025-08-19T22:24:46.736+0000] {processor.py:840} INFO - DAG(s) 'example_branch_labels' retrieved from /home/airflow/.local/lib/python3.8/site-packages/airflow/example_dags/example_branch_labels.py
[2025-08-19T22:24:46.748+0000] {logging_mixin.py:188} INFO - [2025-08-19T22:24:46.748+0000] {dag.py:3036} INFO - Sync 1 DAGs
[2025-08-19T22:24:46.757+0000] {logging_mixin.py:188} INFO - [2025-08-19T22:24:46.757+0000] {dag.py:3823} INFO - Setting next_dagrun for example_branch_labels to 2025-08-18 00:00:00+00:00, run_after=2025-08-19 00:00:00+00:00
[2025-08-19T22:24:46.764+0000] {processor.py:183} INFO - Processing /home/airflow/.local/lib/python3.8/site-packages/airflow/example_dags/example_branch_labels.py took 0.037 seconds
[2025-08-19T22:25:17.187+0000] {processor.py:161} INFO - Started process (PID=649) to work on /home/airflow/.local/lib/python3.8/site-packages/airflow/example_dags/example_branch_labels.py
[2025-08-19T22:25:17.189+0000] {processor.py:830} INFO - Processing file /home/airflow/.local/lib/python3.8/site-packages/airflow/example_dags/example_branch_labels.py for tasks to queue
[2025-08-19T22:25:17.192+0000] {logging_mixin.py:188} INFO - [2025-08-19T22:25:17.192+0000] {dagbag.py:538} INFO - Filling up the DagBag from /home/airflow/.local/lib/python3.8/site-packages/airflow/example_dags/example_branch_labels.py
[2025-08-19T22:25:17.197+0000] {processor.py:840} INFO - DAG(s) 'example_branch_labels' retrieved from /home/airflow/.local/lib/python3.8/site-packages/airflow/example_dags/example_branch_labels.py
[2025-08-19T22:25:17.209+0000] {logging_mixin.py:188} INFO - [2025-08-19T22:25:17.209+0000] {dag.py:3036} INFO - Sync 1 DAGs
[2025-08-19T22:25:17.219+0000] {logging_mixin.py:188} INFO - [2025-08-19T22:25:17.219+0000] {dag.py:3823} INFO - Setting next_dagrun for example_branch_labels to 2025-08-18 00:00:00+00:00, run_after=2025-08-19 00:00:00+00:00
[2025-08-19T22:25:17.228+0000] {processor.py:183} INFO - Processing /home/airflow/.local/lib/python3.8/site-packages/airflow/example_dags/example_branch_labels.py took 0.045 seconds
[2025-08-19T22:25:47.587+0000] {processor.py:161} INFO - Started process (PID=705) to work on /home/airflow/.local/lib/python3.8/site-packages/airflow/example_dags/example_branch_labels.py
[2025-08-19T22:25:47.588+0000] {processor.py:830} INFO - Processing file /home/airflow/.local/lib/python3.8/site-packages/airflow/example_dags/example_branch_labels.py for tasks to queue
[2025-08-19T22:25:47.591+0000] {logging_mixin.py:188} INFO - [2025-08-19T22:25:47.590+0000] {dagbag.py:538} INFO - Filling up the DagBag from /home/airflow/.local/lib/python3.8/site-packages/airflow/example_dags/example_branch_labels.py
[2025-08-19T22:25:47.596+0000] {processor.py:840} INFO - DAG(s) 'example_branch_labels' retrieved from /home/airflow/.local/lib/python3.8/site-packages/airflow/example_dags/example_branch_labels.py
[2025-08-19T22:25:47.610+0000] {logging_mixin.py:188} INFO - [2025-08-19T22:25:47.610+0000] {dag.py:3036} INFO - Sync 1 DAGs
[2025-08-19T22:25:47.622+0000] {logging_mixin.py:188} INFO - [2025-08-19T22:25:47.621+0000] {dag.py:3823} INFO - Setting next_dagrun for example_branch_labels to 2025-08-18 00:00:00+00:00, run_after=2025-08-19 00:00:00+00:00
[2025-08-19T22:25:47.631+0000] {processor.py:183} INFO - Processing /home/airflow/.local/lib/python3.8/site-packages/airflow/example_dags/example_branch_labels.py took 0.046 seconds
[2025-08-19T22:26:18.042+0000] {processor.py:161} INFO - Started process (PID=761) to work on /home/airflow/.local/lib/python3.8/site-packages/airflow/example_dags/example_branch_labels.py
[2025-08-19T22:26:18.044+0000] {processor.py:830} INFO - Processing file /home/airflow/.local/lib/python3.8/site-packages/airflow/example_dags/example_branch_labels.py for tasks to queue
[2025-08-19T22:26:18.046+0000] {logging_mixin.py:188} INFO - [2025-08-19T22:26:18.045+0000] {dagbag.py:538} INFO - Filling up the DagBag from /home/airflow/.local/lib/python3.8/site-packages/airflow/example_dags/example_branch_labels.py
[2025-08-19T22:26:18.052+0000] {processor.py:840} INFO - DAG(s) 'example_branch_labels' retrieved from /home/airflow/.local/lib/python3.8/site-packages/airflow/example_dags/example_branch_labels.py
[2025-08-19T22:26:18.064+0000] {logging_mixin.py:188} INFO - [2025-08-19T22:26:18.064+0000] {dag.py:3036} INFO - Sync 1 DAGs
[2025-08-19T22:26:18.077+0000] {logging_mixin.py:188} INFO - [2025-08-19T22:26:18.077+0000] {dag.py:3823} INFO - Setting next_dagrun for example_branch_labels to 2025-08-18 00:00:00+00:00, run_after=2025-08-19 00:00:00+00:00
[2025-08-19T22:26:18.084+0000] {processor.py:183} INFO - Processing /home/airflow/.local/lib/python3.8/site-packages/airflow/example_dags/example_branch_labels.py took 0.046 seconds
[2025-08-19T22:26:48.444+0000] {processor.py:161} INFO - Started process (PID=817) to work on /home/airflow/.local/lib/python3.8/site-packages/airflow/example_dags/example_branch_labels.py
[2025-08-19T22:26:48.445+0000] {processor.py:830} INFO - Processing file /home/airflow/.local/lib/python3.8/site-packages/airflow/example_dags/example_branch_labels.py for tasks to queue
[2025-08-19T22:26:48.446+0000] {logging_mixin.py:188} INFO - [2025-08-19T22:26:48.446+0000] {dagbag.py:538} INFO - Filling up the DagBag from /home/airflow/.local/lib/python3.8/site-packages/airflow/example_dags/example_branch_labels.py
[2025-08-19T22:26:48.452+0000] {processor.py:840} INFO - DAG(s) 'example_branch_labels' retrieved from /home/airflow/.local/lib/python3.8/site-packages/airflow/example_dags/example_branch_labels.py
[2025-08-19T22:26:48.466+0000] {logging_mixin.py:188} INFO - [2025-08-19T22:26:48.465+0000] {dag.py:3036} INFO - Sync 1 DAGs
[2025-08-19T22:26:48.478+0000] {logging_mixin.py:188} INFO - [2025-08-19T22:26:48.478+0000] {dag.py:3823} INFO - Setting next_dagrun for example_branch_labels to 2025-08-18 00:00:00+00:00, run_after=2025-08-19 00:00:00+00:00
[2025-08-19T22:26:48.484+0000] {processor.py:183} INFO - Processing /home/airflow/.local/lib/python3.8/site-packages/airflow/example_dags/example_branch_labels.py took 0.042 seconds
[2025-08-19T22:27:18.868+0000] {processor.py:161} INFO - Started process (PID=873) to work on /home/airflow/.local/lib/python3.8/site-packages/airflow/example_dags/example_branch_labels.py
[2025-08-19T22:27:18.870+0000] {processor.py:830} INFO - Processing file /home/airflow/.local/lib/python3.8/site-packages/airflow/example_dags/example_branch_labels.py for tasks to queue
[2025-08-19T22:27:18.873+0000] {logging_mixin.py:188} INFO - [2025-08-19T22:27:18.873+0000] {dagbag.py:538} INFO - Filling up the DagBag from /home/airflow/.local/lib/python3.8/site-packages/airflow/example_dags/example_branch_labels.py
[2025-08-19T22:27:18.877+0000] {processor.py:840} INFO - DAG(s) 'example_branch_labels' retrieved from /home/airflow/.local/lib/python3.8/site-packages/airflow/example_dags/example_branch_labels.py
[2025-08-19T22:27:18.887+0000] {logging_mixin.py:188} INFO - [2025-08-19T22:27:18.887+0000] {dag.py:3036} INFO - Sync 1 DAGs
[2025-08-19T22:27:18.897+0000] {logging_mixin.py:188} INFO - [2025-08-19T22:27:18.897+0000] {dag.py:3823} INFO - Setting next_dagrun for example_branch_labels to 2025-08-18 00:00:00+00:00, run_after=2025-08-19 00:00:00+00:00
[2025-08-19T22:27:18.904+0000] {processor.py:183} INFO - Processing /home/airflow/.local/lib/python3.8/site-packages/airflow/example_dags/example_branch_labels.py took 0.038 seconds
[2025-08-19T22:27:49.496+0000] {processor.py:161} INFO - Started process (PID=933) to work on /home/airflow/.local/lib/python3.8/site-packages/airflow/example_dags/example_branch_labels.py
[2025-08-19T22:27:49.499+0000] {processor.py:830} INFO - Processing file /home/airflow/.local/lib/python3.8/site-packages/airflow/example_dags/example_branch_labels.py for tasks to queue
[2025-08-19T22:27:49.501+0000] {logging_mixin.py:188} INFO - [2025-08-19T22:27:49.501+0000] {dagbag.py:538} INFO - Filling up the DagBag from /home/airflow/.local/lib/python3.8/site-packages/airflow/example_dags/example_branch_labels.py
[2025-08-19T22:27:49.506+0000] {processor.py:840} INFO - DAG(s) 'example_branch_labels' retrieved from /home/airflow/.local/lib/python3.8/site-packages/airflow/example_dags/example_branch_labels.py
[2025-08-19T22:27:49.517+0000] {logging_mixin.py:188} INFO - [2025-08-19T22:27:49.517+0000] {dag.py:3036} INFO - Sync 1 DAGs
[2025-08-19T22:27:49.529+0000] {logging_mixin.py:188} INFO - [2025-08-19T22:27:49.529+0000] {dag.py:3823} INFO - Setting next_dagrun for example_branch_labels to 2025-08-18 00:00:00+00:00, run_after=2025-08-19 00:00:00+00:00
[2025-08-19T22:27:49.537+0000] {processor.py:183} INFO - Processing /home/airflow/.local/lib/python3.8/site-packages/airflow/example_dags/example_branch_labels.py took 0.044 seconds
[2025-08-19T22:28:20.138+0000] {processor.py:161} INFO - Started process (PID=989) to work on /home/airflow/.local/lib/python3.8/site-packages/airflow/example_dags/example_branch_labels.py
[2025-08-19T22:28:20.139+0000] {processor.py:830} INFO - Processing file /home/airflow/.local/lib/python3.8/site-packages/airflow/example_dags/example_branch_labels.py for tasks to queue
[2025-08-19T22:28:20.140+0000] {logging_mixin.py:188} INFO - [2025-08-19T22:28:20.140+0000] {dagbag.py:538} INFO - Filling up the DagBag from /home/airflow/.local/lib/python3.8/site-packages/airflow/example_dags/example_branch_labels.py
[2025-08-19T22:28:20.147+0000] {processor.py:840} INFO - DAG(s) 'example_branch_labels' retrieved from /home/airflow/.local/lib/python3.8/site-packages/airflow/example_dags/example_branch_labels.py
[2025-08-19T22:28:20.157+0000] {logging_mixin.py:188} INFO - [2025-08-19T22:28:20.157+0000] {dag.py:3036} INFO - Sync 1 DAGs
[2025-08-19T22:28:20.166+0000] {logging_mixin.py:188} INFO - [2025-08-19T22:28:20.166+0000] {dag.py:3823} INFO - Setting next_dagrun for example_branch_labels to 2025-08-18 00:00:00+00:00, run_after=2025-08-19 00:00:00+00:00
[2025-08-19T22:28:20.174+0000] {processor.py:183} INFO - Processing /home/airflow/.local/lib/python3.8/site-packages/airflow/example_dags/example_branch_labels.py took 0.039 seconds
[2025-08-19T22:28:50.554+0000] {processor.py:161} INFO - Started process (PID=1045) to work on /home/airflow/.local/lib/python3.8/site-packages/airflow/example_dags/example_branch_labels.py
[2025-08-19T22:28:50.558+0000] {processor.py:830} INFO - Processing file /home/airflow/.local/lib/python3.8/site-packages/airflow/example_dags/example_branch_labels.py for tasks to queue
[2025-08-19T22:28:50.559+0000] {logging_mixin.py:188} INFO - [2025-08-19T22:28:50.559+0000] {dagbag.py:538} INFO - Filling up the DagBag from /home/airflow/.local/lib/python3.8/site-packages/airflow/example_dags/example_branch_labels.py
[2025-08-19T22:28:50.565+0000] {processor.py:840} INFO - DAG(s) 'example_branch_labels' retrieved from /home/airflow/.local/lib/python3.8/site-packages/airflow/example_dags/example_branch_labels.py
[2025-08-19T22:28:50.578+0000] {logging_mixin.py:188} INFO - [2025-08-19T22:28:50.578+0000] {dag.py:3036} INFO - Sync 1 DAGs
[2025-08-19T22:28:50.590+0000] {logging_mixin.py:188} INFO - [2025-08-19T22:28:50.590+0000] {dag.py:3823} INFO - Setting next_dagrun for example_branch_labels to 2025-08-18 00:00:00+00:00, run_after=2025-08-19 00:00:00+00:00
[2025-08-19T22:28:50.597+0000] {processor.py:183} INFO - Processing /home/airflow/.local/lib/python3.8/site-packages/airflow/example_dags/example_branch_labels.py took 0.046 seconds
[2025-08-19T22:29:21.084+0000] {processor.py:161} INFO - Started process (PID=1101) to work on /home/airflow/.local/lib/python3.8/site-packages/airflow/example_dags/example_branch_labels.py
[2025-08-19T22:29:21.087+0000] {processor.py:830} INFO - Processing file /home/airflow/.local/lib/python3.8/site-packages/airflow/example_dags/example_branch_labels.py for tasks to queue
[2025-08-19T22:29:21.089+0000] {logging_mixin.py:188} INFO - [2025-08-19T22:29:21.088+0000] {dagbag.py:538} INFO - Filling up the DagBag from /home/airflow/.local/lib/python3.8/site-packages/airflow/example_dags/example_branch_labels.py
[2025-08-19T22:29:21.094+0000] {processor.py:840} INFO - DAG(s) 'example_branch_labels' retrieved from /home/airflow/.local/lib/python3.8/site-packages/airflow/example_dags/example_branch_labels.py
[2025-08-19T22:29:21.107+0000] {logging_mixin.py:188} INFO - [2025-08-19T22:29:21.107+0000] {dag.py:3036} INFO - Sync 1 DAGs
[2025-08-19T22:29:21.118+0000] {logging_mixin.py:188} INFO - [2025-08-19T22:29:21.118+0000] {dag.py:3823} INFO - Setting next_dagrun for example_branch_labels to 2025-08-18 00:00:00+00:00, run_after=2025-08-19 00:00:00+00:00
[2025-08-19T22:29:21.133+0000] {processor.py:183} INFO - Processing /home/airflow/.local/lib/python3.8/site-packages/airflow/example_dags/example_branch_labels.py took 0.052 seconds
[2025-08-19T22:29:51.748+0000] {processor.py:161} INFO - Started process (PID=1157) to work on /home/airflow/.local/lib/python3.8/site-packages/airflow/example_dags/example_branch_labels.py
[2025-08-19T22:29:51.750+0000] {processor.py:830} INFO - Processing file /home/airflow/.local/lib/python3.8/site-packages/airflow/example_dags/example_branch_labels.py for tasks to queue
[2025-08-19T22:29:51.752+0000] {logging_mixin.py:188} INFO - [2025-08-19T22:29:51.752+0000] {dagbag.py:538} INFO - Filling up the DagBag from /home/airflow/.local/lib/python3.8/site-packages/airflow/example_dags/example_branch_labels.py
[2025-08-19T22:29:51.755+0000] {processor.py:840} INFO - DAG(s) 'example_branch_labels' retrieved from /home/airflow/.local/lib/python3.8/site-packages/airflow/example_dags/example_branch_labels.py
[2025-08-19T22:29:51.764+0000] {logging_mixin.py:188} INFO - [2025-08-19T22:29:51.764+0000] {dag.py:3036} INFO - Sync 1 DAGs
[2025-08-19T22:29:51.776+0000] {logging_mixin.py:188} INFO - [2025-08-19T22:29:51.775+0000] {dag.py:3823} INFO - Setting next_dagrun for example_branch_labels to 2025-08-18 00:00:00+00:00, run_after=2025-08-19 00:00:00+00:00
[2025-08-19T22:29:51.784+0000] {processor.py:183} INFO - Processing /home/airflow/.local/lib/python3.8/site-packages/airflow/example_dags/example_branch_labels.py took 0.038 seconds
[2025-08-19T22:30:22.179+0000] {processor.py:161} INFO - Started process (PID=1213) to work on /home/airflow/.local/lib/python3.8/site-packages/airflow/example_dags/example_branch_labels.py
[2025-08-19T22:30:22.181+0000] {processor.py:830} INFO - Processing file /home/airflow/.local/lib/python3.8/site-packages/airflow/example_dags/example_branch_labels.py for tasks to queue
[2025-08-19T22:30:22.183+0000] {logging_mixin.py:188} INFO - [2025-08-19T22:30:22.183+0000] {dagbag.py:538} INFO - Filling up the DagBag from /home/airflow/.local/lib/python3.8/site-packages/airflow/example_dags/example_branch_labels.py
[2025-08-19T22:30:22.187+0000] {processor.py:840} INFO - DAG(s) 'example_branch_labels' retrieved from /home/airflow/.local/lib/python3.8/site-packages/airflow/example_dags/example_branch_labels.py
[2025-08-19T22:30:22.197+0000] {logging_mixin.py:188} INFO - [2025-08-19T22:30:22.197+0000] {dag.py:3036} INFO - Sync 1 DAGs
[2025-08-19T22:30:22.209+0000] {logging_mixin.py:188} INFO - [2025-08-19T22:30:22.209+0000] {dag.py:3823} INFO - Setting next_dagrun for example_branch_labels to 2025-08-18 00:00:00+00:00, run_after=2025-08-19 00:00:00+00:00
[2025-08-19T22:30:22.217+0000] {processor.py:183} INFO - Processing /home/airflow/.local/lib/python3.8/site-packages/airflow/example_dags/example_branch_labels.py took 0.040 seconds
