[2025-08-19T21:50:07.155+0000] {processor.py:161} INFO - Started process (PID=55) to work on /home/airflow/.local/lib/python3.8/site-packages/airflow/example_dags/example_trigger_target_dag.py
[2025-08-19T21:50:07.156+0000] {processor.py:830} INFO - Processing file /home/airflow/.local/lib/python3.8/site-packages/airflow/example_dags/example_trigger_target_dag.py for tasks to queue
[2025-08-19T21:50:07.157+0000] {logging_mixin.py:188} INFO - [2025-08-19T21:50:07.157+0000] {dagbag.py:538} INFO - Filling up the DagBag from /home/airflow/.local/lib/python3.8/site-packages/airflow/example_dags/example_trigger_target_dag.py
[2025-08-19T21:50:07.162+0000] {processor.py:840} INFO - DAG(s) 'example_trigger_target_dag' retrieved from /home/airflow/.local/lib/python3.8/site-packages/airflow/example_dags/example_trigger_target_dag.py
[2025-08-19T21:50:07.169+0000] {logging_mixin.py:188} INFO - [2025-08-19T21:50:07.169+0000] {dag.py:3036} INFO - Sync 1 DAGs
[2025-08-19T21:50:07.175+0000] {logging_mixin.py:188} INFO - [2025-08-19T21:50:07.175+0000] {dag.py:3823} INFO - Setting next_dagrun for example_trigger_target_dag to None, run_after=None
[2025-08-19T21:50:07.186+0000] {processor.py:183} INFO - Processing /home/airflow/.local/lib/python3.8/site-packages/airflow/example_dags/example_trigger_target_dag.py took 0.034 seconds
[2025-08-19T21:50:37.763+0000] {processor.py:161} INFO - Started process (PID=111) to work on /home/airflow/.local/lib/python3.8/site-packages/airflow/example_dags/example_trigger_target_dag.py
[2025-08-19T21:50:37.764+0000] {processor.py:830} INFO - Processing file /home/airflow/.local/lib/python3.8/site-packages/airflow/example_dags/example_trigger_target_dag.py for tasks to queue
[2025-08-19T21:50:37.765+0000] {logging_mixin.py:188} INFO - [2025-08-19T21:50:37.765+0000] {dagbag.py:538} INFO - Filling up the DagBag from /home/airflow/.local/lib/python3.8/site-packages/airflow/example_dags/example_trigger_target_dag.py
[2025-08-19T21:50:37.768+0000] {processor.py:840} INFO - DAG(s) 'example_trigger_target_dag' retrieved from /home/airflow/.local/lib/python3.8/site-packages/airflow/example_dags/example_trigger_target_dag.py
[2025-08-19T21:50:37.803+0000] {logging_mixin.py:188} INFO - [2025-08-19T21:50:37.803+0000] {dag.py:3036} INFO - Sync 1 DAGs
[2025-08-19T21:50:37.806+0000] {logging_mixin.py:188} INFO - [2025-08-19T21:50:37.806+0000] {dag.py:3823} INFO - Setting next_dagrun for example_trigger_target_dag to None, run_after=None
[2025-08-19T21:50:37.812+0000] {processor.py:183} INFO - Processing /home/airflow/.local/lib/python3.8/site-packages/airflow/example_dags/example_trigger_target_dag.py took 0.050 seconds
[2025-08-19T21:51:08.808+0000] {processor.py:161} INFO - Started process (PID=166) to work on /home/airflow/.local/lib/python3.8/site-packages/airflow/example_dags/example_trigger_target_dag.py
[2025-08-19T21:51:08.809+0000] {processor.py:830} INFO - Processing file /home/airflow/.local/lib/python3.8/site-packages/airflow/example_dags/example_trigger_target_dag.py for tasks to queue
[2025-08-19T21:51:08.810+0000] {logging_mixin.py:188} INFO - [2025-08-19T21:51:08.810+0000] {dagbag.py:538} INFO - Filling up the DagBag from /home/airflow/.local/lib/python3.8/site-packages/airflow/example_dags/example_trigger_target_dag.py
[2025-08-19T21:51:08.812+0000] {processor.py:840} INFO - DAG(s) 'example_trigger_target_dag' retrieved from /home/airflow/.local/lib/python3.8/site-packages/airflow/example_dags/example_trigger_target_dag.py
[2025-08-19T21:51:08.820+0000] {logging_mixin.py:188} INFO - [2025-08-19T21:51:08.820+0000] {dag.py:3036} INFO - Sync 1 DAGs
[2025-08-19T21:51:08.825+0000] {logging_mixin.py:188} INFO - [2025-08-19T21:51:08.825+0000] {dag.py:3823} INFO - Setting next_dagrun for example_trigger_target_dag to None, run_after=None
[2025-08-19T21:51:08.834+0000] {processor.py:183} INFO - Processing /home/airflow/.local/lib/python3.8/site-packages/airflow/example_dags/example_trigger_target_dag.py took 0.027 seconds
[2025-08-19T21:51:39.298+0000] {processor.py:161} INFO - Started process (PID=222) to work on /home/airflow/.local/lib/python3.8/site-packages/airflow/example_dags/example_trigger_target_dag.py
[2025-08-19T21:51:39.299+0000] {processor.py:830} INFO - Processing file /home/airflow/.local/lib/python3.8/site-packages/airflow/example_dags/example_trigger_target_dag.py for tasks to queue
[2025-08-19T21:51:39.300+0000] {logging_mixin.py:188} INFO - [2025-08-19T21:51:39.300+0000] {dagbag.py:538} INFO - Filling up the DagBag from /home/airflow/.local/lib/python3.8/site-packages/airflow/example_dags/example_trigger_target_dag.py
[2025-08-19T21:51:39.304+0000] {processor.py:840} INFO - DAG(s) 'example_trigger_target_dag' retrieved from /home/airflow/.local/lib/python3.8/site-packages/airflow/example_dags/example_trigger_target_dag.py
[2025-08-19T21:51:39.311+0000] {logging_mixin.py:188} INFO - [2025-08-19T21:51:39.311+0000] {dag.py:3036} INFO - Sync 1 DAGs
[2025-08-19T21:51:39.317+0000] {logging_mixin.py:188} INFO - [2025-08-19T21:51:39.317+0000] {dag.py:3823} INFO - Setting next_dagrun for example_trigger_target_dag to None, run_after=None
[2025-08-19T21:51:39.327+0000] {processor.py:183} INFO - Processing /home/airflow/.local/lib/python3.8/site-packages/airflow/example_dags/example_trigger_target_dag.py took 0.030 seconds
[2025-08-19T21:52:09.813+0000] {processor.py:161} INFO - Started process (PID=278) to work on /home/airflow/.local/lib/python3.8/site-packages/airflow/example_dags/example_trigger_target_dag.py
[2025-08-19T21:52:09.813+0000] {processor.py:830} INFO - Processing file /home/airflow/.local/lib/python3.8/site-packages/airflow/example_dags/example_trigger_target_dag.py for tasks to queue
[2025-08-19T21:52:09.814+0000] {logging_mixin.py:188} INFO - [2025-08-19T21:52:09.814+0000] {dagbag.py:538} INFO - Filling up the DagBag from /home/airflow/.local/lib/python3.8/site-packages/airflow/example_dags/example_trigger_target_dag.py
[2025-08-19T21:52:09.817+0000] {processor.py:840} INFO - DAG(s) 'example_trigger_target_dag' retrieved from /home/airflow/.local/lib/python3.8/site-packages/airflow/example_dags/example_trigger_target_dag.py
[2025-08-19T21:52:09.833+0000] {logging_mixin.py:188} INFO - [2025-08-19T21:52:09.833+0000] {dag.py:3036} INFO - Sync 1 DAGs
[2025-08-19T21:52:09.845+0000] {logging_mixin.py:188} INFO - [2025-08-19T21:52:09.844+0000] {dag.py:3823} INFO - Setting next_dagrun for example_trigger_target_dag to None, run_after=None
[2025-08-19T21:52:09.875+0000] {processor.py:183} INFO - Processing /home/airflow/.local/lib/python3.8/site-packages/airflow/example_dags/example_trigger_target_dag.py took 0.064 seconds
[2025-08-19T21:52:40.683+0000] {processor.py:161} INFO - Started process (PID=340) to work on /home/airflow/.local/lib/python3.8/site-packages/airflow/example_dags/example_trigger_target_dag.py
[2025-08-19T21:52:40.685+0000] {processor.py:830} INFO - Processing file /home/airflow/.local/lib/python3.8/site-packages/airflow/example_dags/example_trigger_target_dag.py for tasks to queue
[2025-08-19T21:52:40.686+0000] {logging_mixin.py:188} INFO - [2025-08-19T21:52:40.686+0000] {dagbag.py:538} INFO - Filling up the DagBag from /home/airflow/.local/lib/python3.8/site-packages/airflow/example_dags/example_trigger_target_dag.py
[2025-08-19T21:52:40.690+0000] {processor.py:840} INFO - DAG(s) 'example_trigger_target_dag' retrieved from /home/airflow/.local/lib/python3.8/site-packages/airflow/example_dags/example_trigger_target_dag.py
[2025-08-19T21:52:40.702+0000] {logging_mixin.py:188} INFO - [2025-08-19T21:52:40.702+0000] {dag.py:3036} INFO - Sync 1 DAGs
[2025-08-19T21:52:40.708+0000] {logging_mixin.py:188} INFO - [2025-08-19T21:52:40.708+0000] {dag.py:3823} INFO - Setting next_dagrun for example_trigger_target_dag to None, run_after=None
[2025-08-19T21:52:40.723+0000] {processor.py:183} INFO - Processing /home/airflow/.local/lib/python3.8/site-packages/airflow/example_dags/example_trigger_target_dag.py took 0.045 seconds
[2025-08-19T21:53:11.345+0000] {processor.py:161} INFO - Started process (PID=396) to work on /home/airflow/.local/lib/python3.8/site-packages/airflow/example_dags/example_trigger_target_dag.py
[2025-08-19T21:53:11.346+0000] {processor.py:830} INFO - Processing file /home/airflow/.local/lib/python3.8/site-packages/airflow/example_dags/example_trigger_target_dag.py for tasks to queue
[2025-08-19T21:53:11.347+0000] {logging_mixin.py:188} INFO - [2025-08-19T21:53:11.347+0000] {dagbag.py:538} INFO - Filling up the DagBag from /home/airflow/.local/lib/python3.8/site-packages/airflow/example_dags/example_trigger_target_dag.py
[2025-08-19T21:53:11.350+0000] {processor.py:840} INFO - DAG(s) 'example_trigger_target_dag' retrieved from /home/airflow/.local/lib/python3.8/site-packages/airflow/example_dags/example_trigger_target_dag.py
[2025-08-19T21:53:11.363+0000] {logging_mixin.py:188} INFO - [2025-08-19T21:53:11.363+0000] {dag.py:3036} INFO - Sync 1 DAGs
[2025-08-19T21:53:11.372+0000] {logging_mixin.py:188} INFO - [2025-08-19T21:53:11.372+0000] {dag.py:3823} INFO - Setting next_dagrun for example_trigger_target_dag to None, run_after=None
[2025-08-19T21:53:11.383+0000] {processor.py:183} INFO - Processing /home/airflow/.local/lib/python3.8/site-packages/airflow/example_dags/example_trigger_target_dag.py took 0.041 seconds
[2025-08-19T21:53:42.068+0000] {processor.py:161} INFO - Started process (PID=452) to work on /home/airflow/.local/lib/python3.8/site-packages/airflow/example_dags/example_trigger_target_dag.py
[2025-08-19T21:53:42.069+0000] {processor.py:830} INFO - Processing file /home/airflow/.local/lib/python3.8/site-packages/airflow/example_dags/example_trigger_target_dag.py for tasks to queue
[2025-08-19T21:53:42.070+0000] {logging_mixin.py:188} INFO - [2025-08-19T21:53:42.070+0000] {dagbag.py:538} INFO - Filling up the DagBag from /home/airflow/.local/lib/python3.8/site-packages/airflow/example_dags/example_trigger_target_dag.py
[2025-08-19T21:53:42.073+0000] {processor.py:840} INFO - DAG(s) 'example_trigger_target_dag' retrieved from /home/airflow/.local/lib/python3.8/site-packages/airflow/example_dags/example_trigger_target_dag.py
[2025-08-19T21:53:42.084+0000] {logging_mixin.py:188} INFO - [2025-08-19T21:53:42.084+0000] {dag.py:3036} INFO - Sync 1 DAGs
[2025-08-19T21:53:42.090+0000] {logging_mixin.py:188} INFO - [2025-08-19T21:53:42.090+0000] {dag.py:3823} INFO - Setting next_dagrun for example_trigger_target_dag to None, run_after=None
[2025-08-19T21:53:42.100+0000] {processor.py:183} INFO - Processing /home/airflow/.local/lib/python3.8/site-packages/airflow/example_dags/example_trigger_target_dag.py took 0.034 seconds
[2025-08-19T21:54:12.653+0000] {processor.py:161} INFO - Started process (PID=508) to work on /home/airflow/.local/lib/python3.8/site-packages/airflow/example_dags/example_trigger_target_dag.py
[2025-08-19T21:54:12.654+0000] {processor.py:830} INFO - Processing file /home/airflow/.local/lib/python3.8/site-packages/airflow/example_dags/example_trigger_target_dag.py for tasks to queue
[2025-08-19T21:54:12.655+0000] {logging_mixin.py:188} INFO - [2025-08-19T21:54:12.655+0000] {dagbag.py:538} INFO - Filling up the DagBag from /home/airflow/.local/lib/python3.8/site-packages/airflow/example_dags/example_trigger_target_dag.py
[2025-08-19T21:54:12.658+0000] {processor.py:840} INFO - DAG(s) 'example_trigger_target_dag' retrieved from /home/airflow/.local/lib/python3.8/site-packages/airflow/example_dags/example_trigger_target_dag.py
[2025-08-19T21:54:12.670+0000] {logging_mixin.py:188} INFO - [2025-08-19T21:54:12.670+0000] {dag.py:3036} INFO - Sync 1 DAGs
[2025-08-19T21:54:12.677+0000] {logging_mixin.py:188} INFO - [2025-08-19T21:54:12.676+0000] {dag.py:3823} INFO - Setting next_dagrun for example_trigger_target_dag to None, run_after=None
[2025-08-19T21:54:12.686+0000] {processor.py:183} INFO - Processing /home/airflow/.local/lib/python3.8/site-packages/airflow/example_dags/example_trigger_target_dag.py took 0.034 seconds
[2025-08-19T21:54:43.189+0000] {processor.py:161} INFO - Started process (PID=564) to work on /home/airflow/.local/lib/python3.8/site-packages/airflow/example_dags/example_trigger_target_dag.py
[2025-08-19T21:54:43.189+0000] {processor.py:830} INFO - Processing file /home/airflow/.local/lib/python3.8/site-packages/airflow/example_dags/example_trigger_target_dag.py for tasks to queue
[2025-08-19T21:54:43.190+0000] {logging_mixin.py:188} INFO - [2025-08-19T21:54:43.190+0000] {dagbag.py:538} INFO - Filling up the DagBag from /home/airflow/.local/lib/python3.8/site-packages/airflow/example_dags/example_trigger_target_dag.py
[2025-08-19T21:54:43.194+0000] {processor.py:840} INFO - DAG(s) 'example_trigger_target_dag' retrieved from /home/airflow/.local/lib/python3.8/site-packages/airflow/example_dags/example_trigger_target_dag.py
[2025-08-19T21:54:43.207+0000] {logging_mixin.py:188} INFO - [2025-08-19T21:54:43.207+0000] {dag.py:3036} INFO - Sync 1 DAGs
[2025-08-19T21:54:43.213+0000] {logging_mixin.py:188} INFO - [2025-08-19T21:54:43.213+0000] {dag.py:3823} INFO - Setting next_dagrun for example_trigger_target_dag to None, run_after=None
[2025-08-19T21:54:43.223+0000] {processor.py:183} INFO - Processing /home/airflow/.local/lib/python3.8/site-packages/airflow/example_dags/example_trigger_target_dag.py took 0.036 seconds
[2025-08-19T21:55:13.783+0000] {processor.py:161} INFO - Started process (PID=620) to work on /home/airflow/.local/lib/python3.8/site-packages/airflow/example_dags/example_trigger_target_dag.py
[2025-08-19T21:55:13.784+0000] {processor.py:830} INFO - Processing file /home/airflow/.local/lib/python3.8/site-packages/airflow/example_dags/example_trigger_target_dag.py for tasks to queue
[2025-08-19T21:55:13.785+0000] {logging_mixin.py:188} INFO - [2025-08-19T21:55:13.785+0000] {dagbag.py:538} INFO - Filling up the DagBag from /home/airflow/.local/lib/python3.8/site-packages/airflow/example_dags/example_trigger_target_dag.py
[2025-08-19T21:55:13.790+0000] {processor.py:840} INFO - DAG(s) 'example_trigger_target_dag' retrieved from /home/airflow/.local/lib/python3.8/site-packages/airflow/example_dags/example_trigger_target_dag.py
[2025-08-19T21:55:13.803+0000] {logging_mixin.py:188} INFO - [2025-08-19T21:55:13.802+0000] {dag.py:3036} INFO - Sync 1 DAGs
[2025-08-19T21:55:13.811+0000] {logging_mixin.py:188} INFO - [2025-08-19T21:55:13.811+0000] {dag.py:3823} INFO - Setting next_dagrun for example_trigger_target_dag to None, run_after=None
[2025-08-19T21:55:13.824+0000] {processor.py:183} INFO - Processing /home/airflow/.local/lib/python3.8/site-packages/airflow/example_dags/example_trigger_target_dag.py took 0.043 seconds
[2025-08-19T21:55:44.386+0000] {processor.py:161} INFO - Started process (PID=676) to work on /home/airflow/.local/lib/python3.8/site-packages/airflow/example_dags/example_trigger_target_dag.py
[2025-08-19T21:55:44.387+0000] {processor.py:830} INFO - Processing file /home/airflow/.local/lib/python3.8/site-packages/airflow/example_dags/example_trigger_target_dag.py for tasks to queue
[2025-08-19T21:55:44.388+0000] {logging_mixin.py:188} INFO - [2025-08-19T21:55:44.388+0000] {dagbag.py:538} INFO - Filling up the DagBag from /home/airflow/.local/lib/python3.8/site-packages/airflow/example_dags/example_trigger_target_dag.py
[2025-08-19T21:55:44.393+0000] {processor.py:840} INFO - DAG(s) 'example_trigger_target_dag' retrieved from /home/airflow/.local/lib/python3.8/site-packages/airflow/example_dags/example_trigger_target_dag.py
[2025-08-19T21:55:44.402+0000] {logging_mixin.py:188} INFO - [2025-08-19T21:55:44.402+0000] {dag.py:3036} INFO - Sync 1 DAGs
[2025-08-19T21:55:44.407+0000] {logging_mixin.py:188} INFO - [2025-08-19T21:55:44.407+0000] {dag.py:3823} INFO - Setting next_dagrun for example_trigger_target_dag to None, run_after=None
[2025-08-19T21:55:44.416+0000] {processor.py:183} INFO - Processing /home/airflow/.local/lib/python3.8/site-packages/airflow/example_dags/example_trigger_target_dag.py took 0.033 seconds
[2025-08-19T21:56:15.024+0000] {processor.py:161} INFO - Started process (PID=732) to work on /home/airflow/.local/lib/python3.8/site-packages/airflow/example_dags/example_trigger_target_dag.py
[2025-08-19T21:56:15.025+0000] {processor.py:830} INFO - Processing file /home/airflow/.local/lib/python3.8/site-packages/airflow/example_dags/example_trigger_target_dag.py for tasks to queue
[2025-08-19T21:56:15.026+0000] {logging_mixin.py:188} INFO - [2025-08-19T21:56:15.025+0000] {dagbag.py:538} INFO - Filling up the DagBag from /home/airflow/.local/lib/python3.8/site-packages/airflow/example_dags/example_trigger_target_dag.py
[2025-08-19T21:56:15.030+0000] {processor.py:840} INFO - DAG(s) 'example_trigger_target_dag' retrieved from /home/airflow/.local/lib/python3.8/site-packages/airflow/example_dags/example_trigger_target_dag.py
[2025-08-19T21:56:15.039+0000] {logging_mixin.py:188} INFO - [2025-08-19T21:56:15.039+0000] {dag.py:3036} INFO - Sync 1 DAGs
[2025-08-19T21:56:15.048+0000] {logging_mixin.py:188} INFO - [2025-08-19T21:56:15.047+0000] {dag.py:3823} INFO - Setting next_dagrun for example_trigger_target_dag to None, run_after=None
[2025-08-19T21:56:15.057+0000] {processor.py:183} INFO - Processing /home/airflow/.local/lib/python3.8/site-packages/airflow/example_dags/example_trigger_target_dag.py took 0.036 seconds
[2025-08-19T21:56:45.634+0000] {processor.py:161} INFO - Started process (PID=788) to work on /home/airflow/.local/lib/python3.8/site-packages/airflow/example_dags/example_trigger_target_dag.py
[2025-08-19T21:56:45.635+0000] {processor.py:830} INFO - Processing file /home/airflow/.local/lib/python3.8/site-packages/airflow/example_dags/example_trigger_target_dag.py for tasks to queue
[2025-08-19T21:56:45.636+0000] {logging_mixin.py:188} INFO - [2025-08-19T21:56:45.636+0000] {dagbag.py:538} INFO - Filling up the DagBag from /home/airflow/.local/lib/python3.8/site-packages/airflow/example_dags/example_trigger_target_dag.py
[2025-08-19T21:56:45.639+0000] {processor.py:840} INFO - DAG(s) 'example_trigger_target_dag' retrieved from /home/airflow/.local/lib/python3.8/site-packages/airflow/example_dags/example_trigger_target_dag.py
[2025-08-19T21:56:45.654+0000] {logging_mixin.py:188} INFO - [2025-08-19T21:56:45.654+0000] {dag.py:3036} INFO - Sync 1 DAGs
[2025-08-19T21:56:45.660+0000] {logging_mixin.py:188} INFO - [2025-08-19T21:56:45.660+0000] {dag.py:3823} INFO - Setting next_dagrun for example_trigger_target_dag to None, run_after=None
[2025-08-19T21:56:45.676+0000] {processor.py:183} INFO - Processing /home/airflow/.local/lib/python3.8/site-packages/airflow/example_dags/example_trigger_target_dag.py took 0.044 seconds
[2025-08-19T21:57:16.308+0000] {processor.py:161} INFO - Started process (PID=844) to work on /home/airflow/.local/lib/python3.8/site-packages/airflow/example_dags/example_trigger_target_dag.py
[2025-08-19T21:57:16.309+0000] {processor.py:830} INFO - Processing file /home/airflow/.local/lib/python3.8/site-packages/airflow/example_dags/example_trigger_target_dag.py for tasks to queue
[2025-08-19T21:57:16.310+0000] {logging_mixin.py:188} INFO - [2025-08-19T21:57:16.309+0000] {dagbag.py:538} INFO - Filling up the DagBag from /home/airflow/.local/lib/python3.8/site-packages/airflow/example_dags/example_trigger_target_dag.py
[2025-08-19T21:57:16.313+0000] {processor.py:840} INFO - DAG(s) 'example_trigger_target_dag' retrieved from /home/airflow/.local/lib/python3.8/site-packages/airflow/example_dags/example_trigger_target_dag.py
[2025-08-19T21:57:16.329+0000] {logging_mixin.py:188} INFO - [2025-08-19T21:57:16.329+0000] {dag.py:3036} INFO - Sync 1 DAGs
[2025-08-19T21:57:16.335+0000] {logging_mixin.py:188} INFO - [2025-08-19T21:57:16.335+0000] {dag.py:3823} INFO - Setting next_dagrun for example_trigger_target_dag to None, run_after=None
[2025-08-19T21:57:16.344+0000] {processor.py:183} INFO - Processing /home/airflow/.local/lib/python3.8/site-packages/airflow/example_dags/example_trigger_target_dag.py took 0.038 seconds
[2025-08-19T21:57:46.902+0000] {processor.py:161} INFO - Started process (PID=900) to work on /home/airflow/.local/lib/python3.8/site-packages/airflow/example_dags/example_trigger_target_dag.py
[2025-08-19T21:57:46.906+0000] {processor.py:830} INFO - Processing file /home/airflow/.local/lib/python3.8/site-packages/airflow/example_dags/example_trigger_target_dag.py for tasks to queue
[2025-08-19T21:57:46.907+0000] {logging_mixin.py:188} INFO - [2025-08-19T21:57:46.907+0000] {dagbag.py:538} INFO - Filling up the DagBag from /home/airflow/.local/lib/python3.8/site-packages/airflow/example_dags/example_trigger_target_dag.py
[2025-08-19T21:57:46.912+0000] {processor.py:840} INFO - DAG(s) 'example_trigger_target_dag' retrieved from /home/airflow/.local/lib/python3.8/site-packages/airflow/example_dags/example_trigger_target_dag.py
[2025-08-19T21:57:46.921+0000] {logging_mixin.py:188} INFO - [2025-08-19T21:57:46.921+0000] {dag.py:3036} INFO - Sync 1 DAGs
[2025-08-19T21:57:46.927+0000] {logging_mixin.py:188} INFO - [2025-08-19T21:57:46.927+0000] {dag.py:3823} INFO - Setting next_dagrun for example_trigger_target_dag to None, run_after=None
[2025-08-19T21:57:46.937+0000] {processor.py:183} INFO - Processing /home/airflow/.local/lib/python3.8/site-packages/airflow/example_dags/example_trigger_target_dag.py took 0.037 seconds
[2025-08-19T21:58:17.473+0000] {processor.py:161} INFO - Started process (PID=956) to work on /home/airflow/.local/lib/python3.8/site-packages/airflow/example_dags/example_trigger_target_dag.py
[2025-08-19T21:58:17.474+0000] {processor.py:830} INFO - Processing file /home/airflow/.local/lib/python3.8/site-packages/airflow/example_dags/example_trigger_target_dag.py for tasks to queue
[2025-08-19T21:58:17.475+0000] {logging_mixin.py:188} INFO - [2025-08-19T21:58:17.475+0000] {dagbag.py:538} INFO - Filling up the DagBag from /home/airflow/.local/lib/python3.8/site-packages/airflow/example_dags/example_trigger_target_dag.py
[2025-08-19T21:58:17.480+0000] {processor.py:840} INFO - DAG(s) 'example_trigger_target_dag' retrieved from /home/airflow/.local/lib/python3.8/site-packages/airflow/example_dags/example_trigger_target_dag.py
[2025-08-19T21:58:17.493+0000] {logging_mixin.py:188} INFO - [2025-08-19T21:58:17.493+0000] {dag.py:3036} INFO - Sync 1 DAGs
[2025-08-19T21:58:17.500+0000] {logging_mixin.py:188} INFO - [2025-08-19T21:58:17.500+0000] {dag.py:3823} INFO - Setting next_dagrun for example_trigger_target_dag to None, run_after=None
[2025-08-19T21:58:17.512+0000] {processor.py:183} INFO - Processing /home/airflow/.local/lib/python3.8/site-packages/airflow/example_dags/example_trigger_target_dag.py took 0.042 seconds
[2025-08-19T21:58:48.024+0000] {processor.py:161} INFO - Started process (PID=1012) to work on /home/airflow/.local/lib/python3.8/site-packages/airflow/example_dags/example_trigger_target_dag.py
[2025-08-19T21:58:48.025+0000] {processor.py:830} INFO - Processing file /home/airflow/.local/lib/python3.8/site-packages/airflow/example_dags/example_trigger_target_dag.py for tasks to queue
[2025-08-19T21:58:48.026+0000] {logging_mixin.py:188} INFO - [2025-08-19T21:58:48.026+0000] {dagbag.py:538} INFO - Filling up the DagBag from /home/airflow/.local/lib/python3.8/site-packages/airflow/example_dags/example_trigger_target_dag.py
[2025-08-19T21:58:48.029+0000] {processor.py:840} INFO - DAG(s) 'example_trigger_target_dag' retrieved from /home/airflow/.local/lib/python3.8/site-packages/airflow/example_dags/example_trigger_target_dag.py
[2025-08-19T21:58:48.039+0000] {logging_mixin.py:188} INFO - [2025-08-19T21:58:48.039+0000] {dag.py:3036} INFO - Sync 1 DAGs
[2025-08-19T21:58:48.044+0000] {logging_mixin.py:188} INFO - [2025-08-19T21:58:48.044+0000] {dag.py:3823} INFO - Setting next_dagrun for example_trigger_target_dag to None, run_after=None
[2025-08-19T21:58:48.051+0000] {processor.py:183} INFO - Processing /home/airflow/.local/lib/python3.8/site-packages/airflow/example_dags/example_trigger_target_dag.py took 0.029 seconds
[2025-08-19T21:59:18.546+0000] {processor.py:161} INFO - Started process (PID=1068) to work on /home/airflow/.local/lib/python3.8/site-packages/airflow/example_dags/example_trigger_target_dag.py
[2025-08-19T21:59:18.549+0000] {processor.py:830} INFO - Processing file /home/airflow/.local/lib/python3.8/site-packages/airflow/example_dags/example_trigger_target_dag.py for tasks to queue
[2025-08-19T21:59:18.551+0000] {logging_mixin.py:188} INFO - [2025-08-19T21:59:18.550+0000] {dagbag.py:538} INFO - Filling up the DagBag from /home/airflow/.local/lib/python3.8/site-packages/airflow/example_dags/example_trigger_target_dag.py
[2025-08-19T21:59:18.555+0000] {processor.py:840} INFO - DAG(s) 'example_trigger_target_dag' retrieved from /home/airflow/.local/lib/python3.8/site-packages/airflow/example_dags/example_trigger_target_dag.py
[2025-08-19T21:59:18.567+0000] {logging_mixin.py:188} INFO - [2025-08-19T21:59:18.567+0000] {dag.py:3036} INFO - Sync 1 DAGs
[2025-08-19T21:59:18.573+0000] {logging_mixin.py:188} INFO - [2025-08-19T21:59:18.573+0000] {dag.py:3823} INFO - Setting next_dagrun for example_trigger_target_dag to None, run_after=None
[2025-08-19T21:59:18.582+0000] {processor.py:183} INFO - Processing /home/airflow/.local/lib/python3.8/site-packages/airflow/example_dags/example_trigger_target_dag.py took 0.038 seconds
[2025-08-19T21:59:49.075+0000] {processor.py:161} INFO - Started process (PID=1124) to work on /home/airflow/.local/lib/python3.8/site-packages/airflow/example_dags/example_trigger_target_dag.py
[2025-08-19T21:59:49.076+0000] {processor.py:830} INFO - Processing file /home/airflow/.local/lib/python3.8/site-packages/airflow/example_dags/example_trigger_target_dag.py for tasks to queue
[2025-08-19T21:59:49.077+0000] {logging_mixin.py:188} INFO - [2025-08-19T21:59:49.076+0000] {dagbag.py:538} INFO - Filling up the DagBag from /home/airflow/.local/lib/python3.8/site-packages/airflow/example_dags/example_trigger_target_dag.py
[2025-08-19T21:59:49.079+0000] {processor.py:840} INFO - DAG(s) 'example_trigger_target_dag' retrieved from /home/airflow/.local/lib/python3.8/site-packages/airflow/example_dags/example_trigger_target_dag.py
[2025-08-19T21:59:49.090+0000] {logging_mixin.py:188} INFO - [2025-08-19T21:59:49.089+0000] {dag.py:3036} INFO - Sync 1 DAGs
[2025-08-19T21:59:49.095+0000] {logging_mixin.py:188} INFO - [2025-08-19T21:59:49.095+0000] {dag.py:3823} INFO - Setting next_dagrun for example_trigger_target_dag to None, run_after=None
[2025-08-19T21:59:49.101+0000] {processor.py:183} INFO - Processing /home/airflow/.local/lib/python3.8/site-packages/airflow/example_dags/example_trigger_target_dag.py took 0.028 seconds
[2025-08-19T22:00:19.623+0000] {processor.py:161} INFO - Started process (PID=1180) to work on /home/airflow/.local/lib/python3.8/site-packages/airflow/example_dags/example_trigger_target_dag.py
[2025-08-19T22:00:19.626+0000] {processor.py:830} INFO - Processing file /home/airflow/.local/lib/python3.8/site-packages/airflow/example_dags/example_trigger_target_dag.py for tasks to queue
[2025-08-19T22:00:19.627+0000] {logging_mixin.py:188} INFO - [2025-08-19T22:00:19.627+0000] {dagbag.py:538} INFO - Filling up the DagBag from /home/airflow/.local/lib/python3.8/site-packages/airflow/example_dags/example_trigger_target_dag.py
[2025-08-19T22:00:19.631+0000] {processor.py:840} INFO - DAG(s) 'example_trigger_target_dag' retrieved from /home/airflow/.local/lib/python3.8/site-packages/airflow/example_dags/example_trigger_target_dag.py
[2025-08-19T22:00:19.642+0000] {logging_mixin.py:188} INFO - [2025-08-19T22:00:19.641+0000] {dag.py:3036} INFO - Sync 1 DAGs
[2025-08-19T22:00:19.647+0000] {logging_mixin.py:188} INFO - [2025-08-19T22:00:19.647+0000] {dag.py:3823} INFO - Setting next_dagrun for example_trigger_target_dag to None, run_after=None
[2025-08-19T22:00:19.658+0000] {processor.py:183} INFO - Processing /home/airflow/.local/lib/python3.8/site-packages/airflow/example_dags/example_trigger_target_dag.py took 0.037 seconds
[2025-08-19T22:00:50.154+0000] {processor.py:161} INFO - Started process (PID=1236) to work on /home/airflow/.local/lib/python3.8/site-packages/airflow/example_dags/example_trigger_target_dag.py
[2025-08-19T22:00:50.154+0000] {processor.py:830} INFO - Processing file /home/airflow/.local/lib/python3.8/site-packages/airflow/example_dags/example_trigger_target_dag.py for tasks to queue
[2025-08-19T22:00:50.155+0000] {logging_mixin.py:188} INFO - [2025-08-19T22:00:50.155+0000] {dagbag.py:538} INFO - Filling up the DagBag from /home/airflow/.local/lib/python3.8/site-packages/airflow/example_dags/example_trigger_target_dag.py
[2025-08-19T22:00:50.158+0000] {processor.py:840} INFO - DAG(s) 'example_trigger_target_dag' retrieved from /home/airflow/.local/lib/python3.8/site-packages/airflow/example_dags/example_trigger_target_dag.py
[2025-08-19T22:00:50.168+0000] {logging_mixin.py:188} INFO - [2025-08-19T22:00:50.168+0000] {dag.py:3036} INFO - Sync 1 DAGs
[2025-08-19T22:00:50.173+0000] {logging_mixin.py:188} INFO - [2025-08-19T22:00:50.172+0000] {dag.py:3823} INFO - Setting next_dagrun for example_trigger_target_dag to None, run_after=None
[2025-08-19T22:00:50.179+0000] {processor.py:183} INFO - Processing /home/airflow/.local/lib/python3.8/site-packages/airflow/example_dags/example_trigger_target_dag.py took 0.027 seconds
[2025-08-19T22:01:20.895+0000] {processor.py:161} INFO - Started process (PID=1292) to work on /home/airflow/.local/lib/python3.8/site-packages/airflow/example_dags/example_trigger_target_dag.py
[2025-08-19T22:01:20.896+0000] {processor.py:830} INFO - Processing file /home/airflow/.local/lib/python3.8/site-packages/airflow/example_dags/example_trigger_target_dag.py for tasks to queue
[2025-08-19T22:01:20.897+0000] {logging_mixin.py:188} INFO - [2025-08-19T22:01:20.897+0000] {dagbag.py:538} INFO - Filling up the DagBag from /home/airflow/.local/lib/python3.8/site-packages/airflow/example_dags/example_trigger_target_dag.py
[2025-08-19T22:01:20.902+0000] {processor.py:840} INFO - DAG(s) 'example_trigger_target_dag' retrieved from /home/airflow/.local/lib/python3.8/site-packages/airflow/example_dags/example_trigger_target_dag.py
[2025-08-19T22:01:20.917+0000] {logging_mixin.py:188} INFO - [2025-08-19T22:01:20.917+0000] {dag.py:3036} INFO - Sync 1 DAGs
[2025-08-19T22:01:20.922+0000] {logging_mixin.py:188} INFO - [2025-08-19T22:01:20.922+0000] {dag.py:3823} INFO - Setting next_dagrun for example_trigger_target_dag to None, run_after=None
[2025-08-19T22:01:20.978+0000] {processor.py:183} INFO - Processing /home/airflow/.local/lib/python3.8/site-packages/airflow/example_dags/example_trigger_target_dag.py took 0.086 seconds
[2025-08-19T22:01:51.050+0000] {processor.py:161} INFO - Started process (PID=1348) to work on /home/airflow/.local/lib/python3.8/site-packages/airflow/example_dags/example_trigger_target_dag.py
[2025-08-19T22:01:51.051+0000] {processor.py:830} INFO - Processing file /home/airflow/.local/lib/python3.8/site-packages/airflow/example_dags/example_trigger_target_dag.py for tasks to queue
[2025-08-19T22:01:51.052+0000] {logging_mixin.py:188} INFO - [2025-08-19T22:01:51.052+0000] {dagbag.py:538} INFO - Filling up the DagBag from /home/airflow/.local/lib/python3.8/site-packages/airflow/example_dags/example_trigger_target_dag.py
[2025-08-19T22:01:51.056+0000] {processor.py:840} INFO - DAG(s) 'example_trigger_target_dag' retrieved from /home/airflow/.local/lib/python3.8/site-packages/airflow/example_dags/example_trigger_target_dag.py
[2025-08-19T22:01:51.069+0000] {logging_mixin.py:188} INFO - [2025-08-19T22:01:51.069+0000] {dag.py:3036} INFO - Sync 1 DAGs
[2025-08-19T22:01:51.077+0000] {logging_mixin.py:188} INFO - [2025-08-19T22:01:51.076+0000] {dag.py:3823} INFO - Setting next_dagrun for example_trigger_target_dag to None, run_after=None
[2025-08-19T22:01:51.092+0000] {processor.py:183} INFO - Processing /home/airflow/.local/lib/python3.8/site-packages/airflow/example_dags/example_trigger_target_dag.py took 0.043 seconds
[2025-08-19T22:02:21.990+0000] {processor.py:161} INFO - Started process (PID=1404) to work on /home/airflow/.local/lib/python3.8/site-packages/airflow/example_dags/example_trigger_target_dag.py
[2025-08-19T22:02:21.991+0000] {processor.py:830} INFO - Processing file /home/airflow/.local/lib/python3.8/site-packages/airflow/example_dags/example_trigger_target_dag.py for tasks to queue
[2025-08-19T22:02:21.992+0000] {logging_mixin.py:188} INFO - [2025-08-19T22:02:21.992+0000] {dagbag.py:538} INFO - Filling up the DagBag from /home/airflow/.local/lib/python3.8/site-packages/airflow/example_dags/example_trigger_target_dag.py
[2025-08-19T22:02:21.998+0000] {processor.py:840} INFO - DAG(s) 'example_trigger_target_dag' retrieved from /home/airflow/.local/lib/python3.8/site-packages/airflow/example_dags/example_trigger_target_dag.py
[2025-08-19T22:02:22.013+0000] {logging_mixin.py:188} INFO - [2025-08-19T22:02:22.012+0000] {dag.py:3036} INFO - Sync 1 DAGs
[2025-08-19T22:02:22.020+0000] {logging_mixin.py:188} INFO - [2025-08-19T22:02:22.019+0000] {dag.py:3823} INFO - Setting next_dagrun for example_trigger_target_dag to None, run_after=None
[2025-08-19T22:02:22.034+0000] {processor.py:183} INFO - Processing /home/airflow/.local/lib/python3.8/site-packages/airflow/example_dags/example_trigger_target_dag.py took 0.047 seconds
[2025-08-19T22:02:52.913+0000] {processor.py:161} INFO - Started process (PID=1460) to work on /home/airflow/.local/lib/python3.8/site-packages/airflow/example_dags/example_trigger_target_dag.py
[2025-08-19T22:02:52.914+0000] {processor.py:830} INFO - Processing file /home/airflow/.local/lib/python3.8/site-packages/airflow/example_dags/example_trigger_target_dag.py for tasks to queue
[2025-08-19T22:02:52.915+0000] {logging_mixin.py:188} INFO - [2025-08-19T22:02:52.915+0000] {dagbag.py:538} INFO - Filling up the DagBag from /home/airflow/.local/lib/python3.8/site-packages/airflow/example_dags/example_trigger_target_dag.py
[2025-08-19T22:02:52.920+0000] {processor.py:840} INFO - DAG(s) 'example_trigger_target_dag' retrieved from /home/airflow/.local/lib/python3.8/site-packages/airflow/example_dags/example_trigger_target_dag.py
[2025-08-19T22:02:52.932+0000] {logging_mixin.py:188} INFO - [2025-08-19T22:02:52.932+0000] {dag.py:3036} INFO - Sync 1 DAGs
[2025-08-19T22:02:52.939+0000] {logging_mixin.py:188} INFO - [2025-08-19T22:02:52.939+0000] {dag.py:3823} INFO - Setting next_dagrun for example_trigger_target_dag to None, run_after=None
[2025-08-19T22:02:52.948+0000] {processor.py:183} INFO - Processing /home/airflow/.local/lib/python3.8/site-packages/airflow/example_dags/example_trigger_target_dag.py took 0.036 seconds
[2025-08-19T22:03:23.856+0000] {processor.py:161} INFO - Started process (PID=1516) to work on /home/airflow/.local/lib/python3.8/site-packages/airflow/example_dags/example_trigger_target_dag.py
[2025-08-19T22:03:23.857+0000] {processor.py:830} INFO - Processing file /home/airflow/.local/lib/python3.8/site-packages/airflow/example_dags/example_trigger_target_dag.py for tasks to queue
[2025-08-19T22:03:23.858+0000] {logging_mixin.py:188} INFO - [2025-08-19T22:03:23.858+0000] {dagbag.py:538} INFO - Filling up the DagBag from /home/airflow/.local/lib/python3.8/site-packages/airflow/example_dags/example_trigger_target_dag.py
[2025-08-19T22:03:23.863+0000] {processor.py:840} INFO - DAG(s) 'example_trigger_target_dag' retrieved from /home/airflow/.local/lib/python3.8/site-packages/airflow/example_dags/example_trigger_target_dag.py
[2025-08-19T22:03:23.874+0000] {logging_mixin.py:188} INFO - [2025-08-19T22:03:23.874+0000] {dag.py:3036} INFO - Sync 1 DAGs
[2025-08-19T22:03:23.880+0000] {logging_mixin.py:188} INFO - [2025-08-19T22:03:23.880+0000] {dag.py:3823} INFO - Setting next_dagrun for example_trigger_target_dag to None, run_after=None
[2025-08-19T22:03:23.894+0000] {processor.py:183} INFO - Processing /home/airflow/.local/lib/python3.8/site-packages/airflow/example_dags/example_trigger_target_dag.py took 0.040 seconds
[2025-08-19T22:03:54.664+0000] {processor.py:161} INFO - Started process (PID=1572) to work on /home/airflow/.local/lib/python3.8/site-packages/airflow/example_dags/example_trigger_target_dag.py
[2025-08-19T22:03:54.665+0000] {processor.py:830} INFO - Processing file /home/airflow/.local/lib/python3.8/site-packages/airflow/example_dags/example_trigger_target_dag.py for tasks to queue
[2025-08-19T22:03:54.666+0000] {logging_mixin.py:188} INFO - [2025-08-19T22:03:54.665+0000] {dagbag.py:538} INFO - Filling up the DagBag from /home/airflow/.local/lib/python3.8/site-packages/airflow/example_dags/example_trigger_target_dag.py
[2025-08-19T22:03:54.669+0000] {processor.py:840} INFO - DAG(s) 'example_trigger_target_dag' retrieved from /home/airflow/.local/lib/python3.8/site-packages/airflow/example_dags/example_trigger_target_dag.py
[2025-08-19T22:03:54.682+0000] {logging_mixin.py:188} INFO - [2025-08-19T22:03:54.681+0000] {dag.py:3036} INFO - Sync 1 DAGs
[2025-08-19T22:03:54.690+0000] {logging_mixin.py:188} INFO - [2025-08-19T22:03:54.690+0000] {dag.py:3823} INFO - Setting next_dagrun for example_trigger_target_dag to None, run_after=None
[2025-08-19T22:03:54.705+0000] {processor.py:183} INFO - Processing /home/airflow/.local/lib/python3.8/site-packages/airflow/example_dags/example_trigger_target_dag.py took 0.043 seconds
[2025-08-19T22:04:25.293+0000] {processor.py:161} INFO - Started process (PID=1628) to work on /home/airflow/.local/lib/python3.8/site-packages/airflow/example_dags/example_trigger_target_dag.py
[2025-08-19T22:04:25.295+0000] {processor.py:830} INFO - Processing file /home/airflow/.local/lib/python3.8/site-packages/airflow/example_dags/example_trigger_target_dag.py for tasks to queue
[2025-08-19T22:04:25.296+0000] {logging_mixin.py:188} INFO - [2025-08-19T22:04:25.296+0000] {dagbag.py:538} INFO - Filling up the DagBag from /home/airflow/.local/lib/python3.8/site-packages/airflow/example_dags/example_trigger_target_dag.py
[2025-08-19T22:04:25.299+0000] {processor.py:840} INFO - DAG(s) 'example_trigger_target_dag' retrieved from /home/airflow/.local/lib/python3.8/site-packages/airflow/example_dags/example_trigger_target_dag.py
[2025-08-19T22:04:25.307+0000] {logging_mixin.py:188} INFO - [2025-08-19T22:04:25.307+0000] {dag.py:3036} INFO - Sync 1 DAGs
[2025-08-19T22:04:25.313+0000] {logging_mixin.py:188} INFO - [2025-08-19T22:04:25.312+0000] {dag.py:3823} INFO - Setting next_dagrun for example_trigger_target_dag to None, run_after=None
[2025-08-19T22:04:25.319+0000] {processor.py:183} INFO - Processing /home/airflow/.local/lib/python3.8/site-packages/airflow/example_dags/example_trigger_target_dag.py took 0.027 seconds
[2025-08-19T22:04:55.676+0000] {processor.py:161} INFO - Started process (PID=1684) to work on /home/airflow/.local/lib/python3.8/site-packages/airflow/example_dags/example_trigger_target_dag.py
[2025-08-19T22:04:55.677+0000] {processor.py:830} INFO - Processing file /home/airflow/.local/lib/python3.8/site-packages/airflow/example_dags/example_trigger_target_dag.py for tasks to queue
[2025-08-19T22:04:55.678+0000] {logging_mixin.py:188} INFO - [2025-08-19T22:04:55.678+0000] {dagbag.py:538} INFO - Filling up the DagBag from /home/airflow/.local/lib/python3.8/site-packages/airflow/example_dags/example_trigger_target_dag.py
[2025-08-19T22:04:55.681+0000] {processor.py:840} INFO - DAG(s) 'example_trigger_target_dag' retrieved from /home/airflow/.local/lib/python3.8/site-packages/airflow/example_dags/example_trigger_target_dag.py
[2025-08-19T22:04:55.689+0000] {logging_mixin.py:188} INFO - [2025-08-19T22:04:55.689+0000] {dag.py:3036} INFO - Sync 1 DAGs
[2025-08-19T22:04:55.694+0000] {logging_mixin.py:188} INFO - [2025-08-19T22:04:55.694+0000] {dag.py:3823} INFO - Setting next_dagrun for example_trigger_target_dag to None, run_after=None
[2025-08-19T22:04:55.701+0000] {processor.py:183} INFO - Processing /home/airflow/.local/lib/python3.8/site-packages/airflow/example_dags/example_trigger_target_dag.py took 0.027 seconds
[2025-08-19T22:05:26.185+0000] {processor.py:161} INFO - Started process (PID=1740) to work on /home/airflow/.local/lib/python3.8/site-packages/airflow/example_dags/example_trigger_target_dag.py
[2025-08-19T22:05:26.186+0000] {processor.py:830} INFO - Processing file /home/airflow/.local/lib/python3.8/site-packages/airflow/example_dags/example_trigger_target_dag.py for tasks to queue
[2025-08-19T22:05:26.187+0000] {logging_mixin.py:188} INFO - [2025-08-19T22:05:26.187+0000] {dagbag.py:538} INFO - Filling up the DagBag from /home/airflow/.local/lib/python3.8/site-packages/airflow/example_dags/example_trigger_target_dag.py
[2025-08-19T22:05:26.190+0000] {processor.py:840} INFO - DAG(s) 'example_trigger_target_dag' retrieved from /home/airflow/.local/lib/python3.8/site-packages/airflow/example_dags/example_trigger_target_dag.py
[2025-08-19T22:05:26.198+0000] {logging_mixin.py:188} INFO - [2025-08-19T22:05:26.198+0000] {dag.py:3036} INFO - Sync 1 DAGs
[2025-08-19T22:05:26.204+0000] {logging_mixin.py:188} INFO - [2025-08-19T22:05:26.204+0000] {dag.py:3823} INFO - Setting next_dagrun for example_trigger_target_dag to None, run_after=None
[2025-08-19T22:05:26.217+0000] {processor.py:183} INFO - Processing /home/airflow/.local/lib/python3.8/site-packages/airflow/example_dags/example_trigger_target_dag.py took 0.034 seconds
[2025-08-19T22:05:56.287+0000] {processor.py:161} INFO - Started process (PID=1796) to work on /home/airflow/.local/lib/python3.8/site-packages/airflow/example_dags/example_trigger_target_dag.py
[2025-08-19T22:05:56.287+0000] {processor.py:830} INFO - Processing file /home/airflow/.local/lib/python3.8/site-packages/airflow/example_dags/example_trigger_target_dag.py for tasks to queue
[2025-08-19T22:05:56.288+0000] {logging_mixin.py:188} INFO - [2025-08-19T22:05:56.288+0000] {dagbag.py:538} INFO - Filling up the DagBag from /home/airflow/.local/lib/python3.8/site-packages/airflow/example_dags/example_trigger_target_dag.py
[2025-08-19T22:05:56.291+0000] {processor.py:840} INFO - DAG(s) 'example_trigger_target_dag' retrieved from /home/airflow/.local/lib/python3.8/site-packages/airflow/example_dags/example_trigger_target_dag.py
[2025-08-19T22:05:56.302+0000] {logging_mixin.py:188} INFO - [2025-08-19T22:05:56.302+0000] {dag.py:3036} INFO - Sync 1 DAGs
[2025-08-19T22:05:56.307+0000] {logging_mixin.py:188} INFO - [2025-08-19T22:05:56.307+0000] {dag.py:3823} INFO - Setting next_dagrun for example_trigger_target_dag to None, run_after=None
[2025-08-19T22:05:56.316+0000] {processor.py:183} INFO - Processing /home/airflow/.local/lib/python3.8/site-packages/airflow/example_dags/example_trigger_target_dag.py took 0.030 seconds
[2025-08-19T22:06:26.706+0000] {processor.py:161} INFO - Started process (PID=1852) to work on /home/airflow/.local/lib/python3.8/site-packages/airflow/example_dags/example_trigger_target_dag.py
[2025-08-19T22:06:26.706+0000] {processor.py:830} INFO - Processing file /home/airflow/.local/lib/python3.8/site-packages/airflow/example_dags/example_trigger_target_dag.py for tasks to queue
[2025-08-19T22:06:26.708+0000] {logging_mixin.py:188} INFO - [2025-08-19T22:06:26.708+0000] {dagbag.py:538} INFO - Filling up the DagBag from /home/airflow/.local/lib/python3.8/site-packages/airflow/example_dags/example_trigger_target_dag.py
[2025-08-19T22:06:26.711+0000] {processor.py:840} INFO - DAG(s) 'example_trigger_target_dag' retrieved from /home/airflow/.local/lib/python3.8/site-packages/airflow/example_dags/example_trigger_target_dag.py
[2025-08-19T22:06:26.719+0000] {logging_mixin.py:188} INFO - [2025-08-19T22:06:26.718+0000] {dag.py:3036} INFO - Sync 1 DAGs
[2025-08-19T22:06:26.723+0000] {logging_mixin.py:188} INFO - [2025-08-19T22:06:26.723+0000] {dag.py:3823} INFO - Setting next_dagrun for example_trigger_target_dag to None, run_after=None
[2025-08-19T22:06:26.738+0000] {processor.py:183} INFO - Processing /home/airflow/.local/lib/python3.8/site-packages/airflow/example_dags/example_trigger_target_dag.py took 0.034 seconds
[2025-08-19T22:06:57.274+0000] {processor.py:161} INFO - Started process (PID=1908) to work on /home/airflow/.local/lib/python3.8/site-packages/airflow/example_dags/example_trigger_target_dag.py
[2025-08-19T22:06:57.275+0000] {processor.py:830} INFO - Processing file /home/airflow/.local/lib/python3.8/site-packages/airflow/example_dags/example_trigger_target_dag.py for tasks to queue
[2025-08-19T22:06:57.275+0000] {logging_mixin.py:188} INFO - [2025-08-19T22:06:57.275+0000] {dagbag.py:538} INFO - Filling up the DagBag from /home/airflow/.local/lib/python3.8/site-packages/airflow/example_dags/example_trigger_target_dag.py
[2025-08-19T22:06:57.278+0000] {processor.py:840} INFO - DAG(s) 'example_trigger_target_dag' retrieved from /home/airflow/.local/lib/python3.8/site-packages/airflow/example_dags/example_trigger_target_dag.py
[2025-08-19T22:06:57.290+0000] {logging_mixin.py:188} INFO - [2025-08-19T22:06:57.290+0000] {dag.py:3036} INFO - Sync 1 DAGs
[2025-08-19T22:06:57.297+0000] {logging_mixin.py:188} INFO - [2025-08-19T22:06:57.297+0000] {dag.py:3823} INFO - Setting next_dagrun for example_trigger_target_dag to None, run_after=None
[2025-08-19T22:06:57.311+0000] {processor.py:183} INFO - Processing /home/airflow/.local/lib/python3.8/site-packages/airflow/example_dags/example_trigger_target_dag.py took 0.038 seconds
[2025-08-19T22:07:27.412+0000] {processor.py:161} INFO - Started process (PID=1964) to work on /home/airflow/.local/lib/python3.8/site-packages/airflow/example_dags/example_trigger_target_dag.py
[2025-08-19T22:07:27.414+0000] {processor.py:830} INFO - Processing file /home/airflow/.local/lib/python3.8/site-packages/airflow/example_dags/example_trigger_target_dag.py for tasks to queue
[2025-08-19T22:07:27.415+0000] {logging_mixin.py:188} INFO - [2025-08-19T22:07:27.415+0000] {dagbag.py:538} INFO - Filling up the DagBag from /home/airflow/.local/lib/python3.8/site-packages/airflow/example_dags/example_trigger_target_dag.py
[2025-08-19T22:07:27.418+0000] {processor.py:840} INFO - DAG(s) 'example_trigger_target_dag' retrieved from /home/airflow/.local/lib/python3.8/site-packages/airflow/example_dags/example_trigger_target_dag.py
[2025-08-19T22:07:27.427+0000] {logging_mixin.py:188} INFO - [2025-08-19T22:07:27.427+0000] {dag.py:3036} INFO - Sync 1 DAGs
[2025-08-19T22:07:27.434+0000] {logging_mixin.py:188} INFO - [2025-08-19T22:07:27.434+0000] {dag.py:3823} INFO - Setting next_dagrun for example_trigger_target_dag to None, run_after=None
[2025-08-19T22:07:27.441+0000] {processor.py:183} INFO - Processing /home/airflow/.local/lib/python3.8/site-packages/airflow/example_dags/example_trigger_target_dag.py took 0.031 seconds
[2025-08-19T22:07:58.047+0000] {processor.py:161} INFO - Started process (PID=2020) to work on /home/airflow/.local/lib/python3.8/site-packages/airflow/example_dags/example_trigger_target_dag.py
[2025-08-19T22:07:58.048+0000] {processor.py:830} INFO - Processing file /home/airflow/.local/lib/python3.8/site-packages/airflow/example_dags/example_trigger_target_dag.py for tasks to queue
[2025-08-19T22:07:58.049+0000] {logging_mixin.py:188} INFO - [2025-08-19T22:07:58.048+0000] {dagbag.py:538} INFO - Filling up the DagBag from /home/airflow/.local/lib/python3.8/site-packages/airflow/example_dags/example_trigger_target_dag.py
[2025-08-19T22:07:58.052+0000] {processor.py:840} INFO - DAG(s) 'example_trigger_target_dag' retrieved from /home/airflow/.local/lib/python3.8/site-packages/airflow/example_dags/example_trigger_target_dag.py
[2025-08-19T22:07:58.063+0000] {logging_mixin.py:188} INFO - [2025-08-19T22:07:58.063+0000] {dag.py:3036} INFO - Sync 1 DAGs
[2025-08-19T22:07:58.069+0000] {logging_mixin.py:188} INFO - [2025-08-19T22:07:58.069+0000] {dag.py:3823} INFO - Setting next_dagrun for example_trigger_target_dag to None, run_after=None
[2025-08-19T22:07:58.081+0000] {processor.py:183} INFO - Processing /home/airflow/.local/lib/python3.8/site-packages/airflow/example_dags/example_trigger_target_dag.py took 0.036 seconds
[2025-08-19T22:08:28.880+0000] {processor.py:161} INFO - Started process (PID=2076) to work on /home/airflow/.local/lib/python3.8/site-packages/airflow/example_dags/example_trigger_target_dag.py
[2025-08-19T22:08:28.881+0000] {processor.py:830} INFO - Processing file /home/airflow/.local/lib/python3.8/site-packages/airflow/example_dags/example_trigger_target_dag.py for tasks to queue
[2025-08-19T22:08:28.882+0000] {logging_mixin.py:188} INFO - [2025-08-19T22:08:28.882+0000] {dagbag.py:538} INFO - Filling up the DagBag from /home/airflow/.local/lib/python3.8/site-packages/airflow/example_dags/example_trigger_target_dag.py
[2025-08-19T22:08:28.884+0000] {processor.py:840} INFO - DAG(s) 'example_trigger_target_dag' retrieved from /home/airflow/.local/lib/python3.8/site-packages/airflow/example_dags/example_trigger_target_dag.py
[2025-08-19T22:08:28.892+0000] {logging_mixin.py:188} INFO - [2025-08-19T22:08:28.892+0000] {dag.py:3036} INFO - Sync 1 DAGs
[2025-08-19T22:08:28.898+0000] {logging_mixin.py:188} INFO - [2025-08-19T22:08:28.898+0000] {dag.py:3823} INFO - Setting next_dagrun for example_trigger_target_dag to None, run_after=None
[2025-08-19T22:08:28.912+0000] {processor.py:183} INFO - Processing /home/airflow/.local/lib/python3.8/site-packages/airflow/example_dags/example_trigger_target_dag.py took 0.034 seconds
[2025-08-19T22:08:59.490+0000] {processor.py:161} INFO - Started process (PID=2132) to work on /home/airflow/.local/lib/python3.8/site-packages/airflow/example_dags/example_trigger_target_dag.py
[2025-08-19T22:08:59.490+0000] {processor.py:830} INFO - Processing file /home/airflow/.local/lib/python3.8/site-packages/airflow/example_dags/example_trigger_target_dag.py for tasks to queue
[2025-08-19T22:08:59.491+0000] {logging_mixin.py:188} INFO - [2025-08-19T22:08:59.491+0000] {dagbag.py:538} INFO - Filling up the DagBag from /home/airflow/.local/lib/python3.8/site-packages/airflow/example_dags/example_trigger_target_dag.py
[2025-08-19T22:08:59.494+0000] {processor.py:840} INFO - DAG(s) 'example_trigger_target_dag' retrieved from /home/airflow/.local/lib/python3.8/site-packages/airflow/example_dags/example_trigger_target_dag.py
[2025-08-19T22:08:59.505+0000] {logging_mixin.py:188} INFO - [2025-08-19T22:08:59.505+0000] {dag.py:3036} INFO - Sync 1 DAGs
[2025-08-19T22:08:59.510+0000] {logging_mixin.py:188} INFO - [2025-08-19T22:08:59.510+0000] {dag.py:3823} INFO - Setting next_dagrun for example_trigger_target_dag to None, run_after=None
[2025-08-19T22:08:59.522+0000] {processor.py:183} INFO - Processing /home/airflow/.local/lib/python3.8/site-packages/airflow/example_dags/example_trigger_target_dag.py took 0.033 seconds
[2025-08-19T22:09:30.117+0000] {processor.py:161} INFO - Started process (PID=2188) to work on /home/airflow/.local/lib/python3.8/site-packages/airflow/example_dags/example_trigger_target_dag.py
[2025-08-19T22:09:30.118+0000] {processor.py:830} INFO - Processing file /home/airflow/.local/lib/python3.8/site-packages/airflow/example_dags/example_trigger_target_dag.py for tasks to queue
[2025-08-19T22:09:30.118+0000] {logging_mixin.py:188} INFO - [2025-08-19T22:09:30.118+0000] {dagbag.py:538} INFO - Filling up the DagBag from /home/airflow/.local/lib/python3.8/site-packages/airflow/example_dags/example_trigger_target_dag.py
[2025-08-19T22:09:30.121+0000] {processor.py:840} INFO - DAG(s) 'example_trigger_target_dag' retrieved from /home/airflow/.local/lib/python3.8/site-packages/airflow/example_dags/example_trigger_target_dag.py
[2025-08-19T22:09:30.135+0000] {logging_mixin.py:188} INFO - [2025-08-19T22:09:30.135+0000] {dag.py:3036} INFO - Sync 1 DAGs
[2025-08-19T22:09:30.145+0000] {logging_mixin.py:188} INFO - [2025-08-19T22:09:30.145+0000] {dag.py:3823} INFO - Setting next_dagrun for example_trigger_target_dag to None, run_after=None
[2025-08-19T22:09:30.160+0000] {processor.py:183} INFO - Processing /home/airflow/.local/lib/python3.8/site-packages/airflow/example_dags/example_trigger_target_dag.py took 0.045 seconds
[2025-08-19T22:10:00.743+0000] {processor.py:161} INFO - Started process (PID=2244) to work on /home/airflow/.local/lib/python3.8/site-packages/airflow/example_dags/example_trigger_target_dag.py
[2025-08-19T22:10:00.744+0000] {processor.py:830} INFO - Processing file /home/airflow/.local/lib/python3.8/site-packages/airflow/example_dags/example_trigger_target_dag.py for tasks to queue
[2025-08-19T22:10:00.745+0000] {logging_mixin.py:188} INFO - [2025-08-19T22:10:00.744+0000] {dagbag.py:538} INFO - Filling up the DagBag from /home/airflow/.local/lib/python3.8/site-packages/airflow/example_dags/example_trigger_target_dag.py
[2025-08-19T22:10:00.747+0000] {processor.py:840} INFO - DAG(s) 'example_trigger_target_dag' retrieved from /home/airflow/.local/lib/python3.8/site-packages/airflow/example_dags/example_trigger_target_dag.py
[2025-08-19T22:10:00.759+0000] {logging_mixin.py:188} INFO - [2025-08-19T22:10:00.759+0000] {dag.py:3036} INFO - Sync 1 DAGs
[2025-08-19T22:10:00.764+0000] {logging_mixin.py:188} INFO - [2025-08-19T22:10:00.764+0000] {dag.py:3823} INFO - Setting next_dagrun for example_trigger_target_dag to None, run_after=None
[2025-08-19T22:10:00.778+0000] {processor.py:183} INFO - Processing /home/airflow/.local/lib/python3.8/site-packages/airflow/example_dags/example_trigger_target_dag.py took 0.036 seconds
[2025-08-19T22:10:31.345+0000] {processor.py:161} INFO - Started process (PID=2300) to work on /home/airflow/.local/lib/python3.8/site-packages/airflow/example_dags/example_trigger_target_dag.py
[2025-08-19T22:10:31.346+0000] {processor.py:830} INFO - Processing file /home/airflow/.local/lib/python3.8/site-packages/airflow/example_dags/example_trigger_target_dag.py for tasks to queue
[2025-08-19T22:10:31.348+0000] {logging_mixin.py:188} INFO - [2025-08-19T22:10:31.348+0000] {dagbag.py:538} INFO - Filling up the DagBag from /home/airflow/.local/lib/python3.8/site-packages/airflow/example_dags/example_trigger_target_dag.py
[2025-08-19T22:10:31.352+0000] {processor.py:840} INFO - DAG(s) 'example_trigger_target_dag' retrieved from /home/airflow/.local/lib/python3.8/site-packages/airflow/example_dags/example_trigger_target_dag.py
[2025-08-19T22:10:31.367+0000] {logging_mixin.py:188} INFO - [2025-08-19T22:10:31.367+0000] {dag.py:3036} INFO - Sync 1 DAGs
[2025-08-19T22:10:31.375+0000] {logging_mixin.py:188} INFO - [2025-08-19T22:10:31.374+0000] {dag.py:3823} INFO - Setting next_dagrun for example_trigger_target_dag to None, run_after=None
[2025-08-19T22:10:31.400+0000] {processor.py:183} INFO - Processing /home/airflow/.local/lib/python3.8/site-packages/airflow/example_dags/example_trigger_target_dag.py took 0.059 seconds
[2025-08-19T22:11:02.091+0000] {processor.py:161} INFO - Started process (PID=2356) to work on /home/airflow/.local/lib/python3.8/site-packages/airflow/example_dags/example_trigger_target_dag.py
[2025-08-19T22:11:02.091+0000] {processor.py:830} INFO - Processing file /home/airflow/.local/lib/python3.8/site-packages/airflow/example_dags/example_trigger_target_dag.py for tasks to queue
[2025-08-19T22:11:02.092+0000] {logging_mixin.py:188} INFO - [2025-08-19T22:11:02.092+0000] {dagbag.py:538} INFO - Filling up the DagBag from /home/airflow/.local/lib/python3.8/site-packages/airflow/example_dags/example_trigger_target_dag.py
[2025-08-19T22:11:02.095+0000] {processor.py:840} INFO - DAG(s) 'example_trigger_target_dag' retrieved from /home/airflow/.local/lib/python3.8/site-packages/airflow/example_dags/example_trigger_target_dag.py
[2025-08-19T22:11:02.104+0000] {logging_mixin.py:188} INFO - [2025-08-19T22:11:02.104+0000] {dag.py:3036} INFO - Sync 1 DAGs
[2025-08-19T22:11:02.113+0000] {logging_mixin.py:188} INFO - [2025-08-19T22:11:02.113+0000] {dag.py:3823} INFO - Setting next_dagrun for example_trigger_target_dag to None, run_after=None
[2025-08-19T22:11:02.125+0000] {processor.py:183} INFO - Processing /home/airflow/.local/lib/python3.8/site-packages/airflow/example_dags/example_trigger_target_dag.py took 0.036 seconds
[2025-08-19T22:11:32.585+0000] {processor.py:161} INFO - Started process (PID=2412) to work on /home/airflow/.local/lib/python3.8/site-packages/airflow/example_dags/example_trigger_target_dag.py
[2025-08-19T22:11:32.587+0000] {processor.py:830} INFO - Processing file /home/airflow/.local/lib/python3.8/site-packages/airflow/example_dags/example_trigger_target_dag.py for tasks to queue
[2025-08-19T22:11:32.587+0000] {logging_mixin.py:188} INFO - [2025-08-19T22:11:32.587+0000] {dagbag.py:538} INFO - Filling up the DagBag from /home/airflow/.local/lib/python3.8/site-packages/airflow/example_dags/example_trigger_target_dag.py
[2025-08-19T22:11:32.590+0000] {processor.py:840} INFO - DAG(s) 'example_trigger_target_dag' retrieved from /home/airflow/.local/lib/python3.8/site-packages/airflow/example_dags/example_trigger_target_dag.py
[2025-08-19T22:11:32.598+0000] {logging_mixin.py:188} INFO - [2025-08-19T22:11:32.598+0000] {dag.py:3036} INFO - Sync 1 DAGs
[2025-08-19T22:11:32.603+0000] {logging_mixin.py:188} INFO - [2025-08-19T22:11:32.602+0000] {dag.py:3823} INFO - Setting next_dagrun for example_trigger_target_dag to None, run_after=None
[2025-08-19T22:11:32.615+0000] {processor.py:183} INFO - Processing /home/airflow/.local/lib/python3.8/site-packages/airflow/example_dags/example_trigger_target_dag.py took 0.032 seconds
[2025-08-19T22:12:03.041+0000] {processor.py:161} INFO - Started process (PID=2468) to work on /home/airflow/.local/lib/python3.8/site-packages/airflow/example_dags/example_trigger_target_dag.py
[2025-08-19T22:12:03.042+0000] {processor.py:830} INFO - Processing file /home/airflow/.local/lib/python3.8/site-packages/airflow/example_dags/example_trigger_target_dag.py for tasks to queue
[2025-08-19T22:12:03.044+0000] {logging_mixin.py:188} INFO - [2025-08-19T22:12:03.044+0000] {dagbag.py:538} INFO - Filling up the DagBag from /home/airflow/.local/lib/python3.8/site-packages/airflow/example_dags/example_trigger_target_dag.py
[2025-08-19T22:12:03.049+0000] {processor.py:840} INFO - DAG(s) 'example_trigger_target_dag' retrieved from /home/airflow/.local/lib/python3.8/site-packages/airflow/example_dags/example_trigger_target_dag.py
[2025-08-19T22:12:03.058+0000] {logging_mixin.py:188} INFO - [2025-08-19T22:12:03.058+0000] {dag.py:3036} INFO - Sync 1 DAGs
[2025-08-19T22:12:03.064+0000] {logging_mixin.py:188} INFO - [2025-08-19T22:12:03.064+0000] {dag.py:3823} INFO - Setting next_dagrun for example_trigger_target_dag to None, run_after=None
[2025-08-19T22:12:03.077+0000] {processor.py:183} INFO - Processing /home/airflow/.local/lib/python3.8/site-packages/airflow/example_dags/example_trigger_target_dag.py took 0.037 seconds
[2025-08-19T22:12:33.645+0000] {processor.py:161} INFO - Started process (PID=2524) to work on /home/airflow/.local/lib/python3.8/site-packages/airflow/example_dags/example_trigger_target_dag.py
[2025-08-19T22:12:33.647+0000] {processor.py:830} INFO - Processing file /home/airflow/.local/lib/python3.8/site-packages/airflow/example_dags/example_trigger_target_dag.py for tasks to queue
[2025-08-19T22:12:33.648+0000] {logging_mixin.py:188} INFO - [2025-08-19T22:12:33.648+0000] {dagbag.py:538} INFO - Filling up the DagBag from /home/airflow/.local/lib/python3.8/site-packages/airflow/example_dags/example_trigger_target_dag.py
[2025-08-19T22:12:33.651+0000] {processor.py:840} INFO - DAG(s) 'example_trigger_target_dag' retrieved from /home/airflow/.local/lib/python3.8/site-packages/airflow/example_dags/example_trigger_target_dag.py
[2025-08-19T22:12:33.661+0000] {logging_mixin.py:188} INFO - [2025-08-19T22:12:33.661+0000] {dag.py:3036} INFO - Sync 1 DAGs
[2025-08-19T22:12:33.668+0000] {logging_mixin.py:188} INFO - [2025-08-19T22:12:33.668+0000] {dag.py:3823} INFO - Setting next_dagrun for example_trigger_target_dag to None, run_after=None
[2025-08-19T22:12:33.679+0000] {processor.py:183} INFO - Processing /home/airflow/.local/lib/python3.8/site-packages/airflow/example_dags/example_trigger_target_dag.py took 0.036 seconds
[2025-08-19T22:13:04.187+0000] {processor.py:161} INFO - Started process (PID=2580) to work on /home/airflow/.local/lib/python3.8/site-packages/airflow/example_dags/example_trigger_target_dag.py
[2025-08-19T22:13:04.187+0000] {processor.py:830} INFO - Processing file /home/airflow/.local/lib/python3.8/site-packages/airflow/example_dags/example_trigger_target_dag.py for tasks to queue
[2025-08-19T22:13:04.188+0000] {logging_mixin.py:188} INFO - [2025-08-19T22:13:04.188+0000] {dagbag.py:538} INFO - Filling up the DagBag from /home/airflow/.local/lib/python3.8/site-packages/airflow/example_dags/example_trigger_target_dag.py
[2025-08-19T22:13:04.191+0000] {processor.py:840} INFO - DAG(s) 'example_trigger_target_dag' retrieved from /home/airflow/.local/lib/python3.8/site-packages/airflow/example_dags/example_trigger_target_dag.py
[2025-08-19T22:13:04.202+0000] {logging_mixin.py:188} INFO - [2025-08-19T22:13:04.202+0000] {dag.py:3036} INFO - Sync 1 DAGs
[2025-08-19T22:13:04.208+0000] {logging_mixin.py:188} INFO - [2025-08-19T22:13:04.208+0000] {dag.py:3823} INFO - Setting next_dagrun for example_trigger_target_dag to None, run_after=None
[2025-08-19T22:13:04.217+0000] {processor.py:183} INFO - Processing /home/airflow/.local/lib/python3.8/site-packages/airflow/example_dags/example_trigger_target_dag.py took 0.032 seconds
[2025-08-19T22:13:34.738+0000] {processor.py:161} INFO - Started process (PID=2636) to work on /home/airflow/.local/lib/python3.8/site-packages/airflow/example_dags/example_trigger_target_dag.py
[2025-08-19T22:13:34.739+0000] {processor.py:830} INFO - Processing file /home/airflow/.local/lib/python3.8/site-packages/airflow/example_dags/example_trigger_target_dag.py for tasks to queue
[2025-08-19T22:13:34.739+0000] {logging_mixin.py:188} INFO - [2025-08-19T22:13:34.739+0000] {dagbag.py:538} INFO - Filling up the DagBag from /home/airflow/.local/lib/python3.8/site-packages/airflow/example_dags/example_trigger_target_dag.py
[2025-08-19T22:13:34.742+0000] {processor.py:840} INFO - DAG(s) 'example_trigger_target_dag' retrieved from /home/airflow/.local/lib/python3.8/site-packages/airflow/example_dags/example_trigger_target_dag.py
[2025-08-19T22:13:34.752+0000] {logging_mixin.py:188} INFO - [2025-08-19T22:13:34.752+0000] {dag.py:3036} INFO - Sync 1 DAGs
[2025-08-19T22:13:34.756+0000] {logging_mixin.py:188} INFO - [2025-08-19T22:13:34.756+0000] {dag.py:3823} INFO - Setting next_dagrun for example_trigger_target_dag to None, run_after=None
[2025-08-19T22:13:34.764+0000] {processor.py:183} INFO - Processing /home/airflow/.local/lib/python3.8/site-packages/airflow/example_dags/example_trigger_target_dag.py took 0.028 seconds
[2025-08-19T22:20:09.868+0000] {processor.py:161} INFO - Started process (PID=56) to work on /home/airflow/.local/lib/python3.8/site-packages/airflow/example_dags/example_trigger_target_dag.py
[2025-08-19T22:20:09.870+0000] {processor.py:830} INFO - Processing file /home/airflow/.local/lib/python3.8/site-packages/airflow/example_dags/example_trigger_target_dag.py for tasks to queue
[2025-08-19T22:20:09.872+0000] {logging_mixin.py:188} INFO - [2025-08-19T22:20:09.871+0000] {dagbag.py:538} INFO - Filling up the DagBag from /home/airflow/.local/lib/python3.8/site-packages/airflow/example_dags/example_trigger_target_dag.py
[2025-08-19T22:20:09.881+0000] {processor.py:840} INFO - DAG(s) 'example_trigger_target_dag' retrieved from /home/airflow/.local/lib/python3.8/site-packages/airflow/example_dags/example_trigger_target_dag.py
[2025-08-19T22:20:09.898+0000] {logging_mixin.py:188} INFO - [2025-08-19T22:20:09.897+0000] {dag.py:3036} INFO - Sync 1 DAGs
[2025-08-19T22:20:09.909+0000] {logging_mixin.py:188} INFO - [2025-08-19T22:20:09.908+0000] {dag.py:3823} INFO - Setting next_dagrun for example_trigger_target_dag to None, run_after=None
[2025-08-19T22:20:09.929+0000] {processor.py:183} INFO - Processing /home/airflow/.local/lib/python3.8/site-packages/airflow/example_dags/example_trigger_target_dag.py took 0.063 seconds
[2025-08-19T22:20:40.039+0000] {processor.py:161} INFO - Started process (PID=112) to work on /home/airflow/.local/lib/python3.8/site-packages/airflow/example_dags/example_trigger_target_dag.py
[2025-08-19T22:20:40.040+0000] {processor.py:830} INFO - Processing file /home/airflow/.local/lib/python3.8/site-packages/airflow/example_dags/example_trigger_target_dag.py for tasks to queue
[2025-08-19T22:20:40.040+0000] {logging_mixin.py:188} INFO - [2025-08-19T22:20:40.040+0000] {dagbag.py:538} INFO - Filling up the DagBag from /home/airflow/.local/lib/python3.8/site-packages/airflow/example_dags/example_trigger_target_dag.py
[2025-08-19T22:20:40.043+0000] {processor.py:840} INFO - DAG(s) 'example_trigger_target_dag' retrieved from /home/airflow/.local/lib/python3.8/site-packages/airflow/example_dags/example_trigger_target_dag.py
[2025-08-19T22:20:40.081+0000] {logging_mixin.py:188} INFO - [2025-08-19T22:20:40.080+0000] {dag.py:3036} INFO - Sync 1 DAGs
[2025-08-19T22:20:40.084+0000] {logging_mixin.py:188} INFO - [2025-08-19T22:20:40.084+0000] {dag.py:3823} INFO - Setting next_dagrun for example_trigger_target_dag to None, run_after=None
[2025-08-19T22:20:40.090+0000] {processor.py:183} INFO - Processing /home/airflow/.local/lib/python3.8/site-packages/airflow/example_dags/example_trigger_target_dag.py took 0.053 seconds
[2025-08-19T22:21:10.145+0000] {processor.py:161} INFO - Started process (PID=168) to work on /home/airflow/.local/lib/python3.8/site-packages/airflow/example_dags/example_trigger_target_dag.py
[2025-08-19T22:21:10.147+0000] {processor.py:830} INFO - Processing file /home/airflow/.local/lib/python3.8/site-packages/airflow/example_dags/example_trigger_target_dag.py for tasks to queue
[2025-08-19T22:21:10.148+0000] {logging_mixin.py:188} INFO - [2025-08-19T22:21:10.148+0000] {dagbag.py:538} INFO - Filling up the DagBag from /home/airflow/.local/lib/python3.8/site-packages/airflow/example_dags/example_trigger_target_dag.py
[2025-08-19T22:21:10.152+0000] {processor.py:840} INFO - DAG(s) 'example_trigger_target_dag' retrieved from /home/airflow/.local/lib/python3.8/site-packages/airflow/example_dags/example_trigger_target_dag.py
[2025-08-19T22:21:10.161+0000] {logging_mixin.py:188} INFO - [2025-08-19T22:21:10.161+0000] {dag.py:3036} INFO - Sync 1 DAGs
[2025-08-19T22:21:10.166+0000] {logging_mixin.py:188} INFO - [2025-08-19T22:21:10.166+0000] {dag.py:3823} INFO - Setting next_dagrun for example_trigger_target_dag to None, run_after=None
[2025-08-19T22:21:10.176+0000] {processor.py:183} INFO - Processing /home/airflow/.local/lib/python3.8/site-packages/airflow/example_dags/example_trigger_target_dag.py took 0.033 seconds
[2025-08-19T22:21:40.894+0000] {processor.py:161} INFO - Started process (PID=224) to work on /home/airflow/.local/lib/python3.8/site-packages/airflow/example_dags/example_trigger_target_dag.py
[2025-08-19T22:21:40.895+0000] {processor.py:830} INFO - Processing file /home/airflow/.local/lib/python3.8/site-packages/airflow/example_dags/example_trigger_target_dag.py for tasks to queue
[2025-08-19T22:21:40.896+0000] {logging_mixin.py:188} INFO - [2025-08-19T22:21:40.895+0000] {dagbag.py:538} INFO - Filling up the DagBag from /home/airflow/.local/lib/python3.8/site-packages/airflow/example_dags/example_trigger_target_dag.py
[2025-08-19T22:21:40.898+0000] {processor.py:840} INFO - DAG(s) 'example_trigger_target_dag' retrieved from /home/airflow/.local/lib/python3.8/site-packages/airflow/example_dags/example_trigger_target_dag.py
[2025-08-19T22:21:40.909+0000] {logging_mixin.py:188} INFO - [2025-08-19T22:21:40.909+0000] {dag.py:3036} INFO - Sync 1 DAGs
[2025-08-19T22:21:40.914+0000] {logging_mixin.py:188} INFO - [2025-08-19T22:21:40.914+0000] {dag.py:3823} INFO - Setting next_dagrun for example_trigger_target_dag to None, run_after=None
[2025-08-19T22:21:40.923+0000] {processor.py:183} INFO - Processing /home/airflow/.local/lib/python3.8/site-packages/airflow/example_dags/example_trigger_target_dag.py took 0.031 seconds
[2025-08-19T22:22:11.440+0000] {processor.py:161} INFO - Started process (PID=280) to work on /home/airflow/.local/lib/python3.8/site-packages/airflow/example_dags/example_trigger_target_dag.py
[2025-08-19T22:22:11.440+0000] {processor.py:830} INFO - Processing file /home/airflow/.local/lib/python3.8/site-packages/airflow/example_dags/example_trigger_target_dag.py for tasks to queue
[2025-08-19T22:22:11.442+0000] {logging_mixin.py:188} INFO - [2025-08-19T22:22:11.442+0000] {dagbag.py:538} INFO - Filling up the DagBag from /home/airflow/.local/lib/python3.8/site-packages/airflow/example_dags/example_trigger_target_dag.py
[2025-08-19T22:22:11.444+0000] {processor.py:840} INFO - DAG(s) 'example_trigger_target_dag' retrieved from /home/airflow/.local/lib/python3.8/site-packages/airflow/example_dags/example_trigger_target_dag.py
[2025-08-19T22:22:11.455+0000] {logging_mixin.py:188} INFO - [2025-08-19T22:22:11.455+0000] {dag.py:3036} INFO - Sync 1 DAGs
[2025-08-19T22:22:11.459+0000] {logging_mixin.py:188} INFO - [2025-08-19T22:22:11.459+0000] {dag.py:3823} INFO - Setting next_dagrun for example_trigger_target_dag to None, run_after=None
[2025-08-19T22:22:11.468+0000] {processor.py:183} INFO - Processing /home/airflow/.local/lib/python3.8/site-packages/airflow/example_dags/example_trigger_target_dag.py took 0.029 seconds
[2025-08-19T22:22:41.961+0000] {processor.py:161} INFO - Started process (PID=336) to work on /home/airflow/.local/lib/python3.8/site-packages/airflow/example_dags/example_trigger_target_dag.py
[2025-08-19T22:22:41.964+0000] {processor.py:830} INFO - Processing file /home/airflow/.local/lib/python3.8/site-packages/airflow/example_dags/example_trigger_target_dag.py for tasks to queue
[2025-08-19T22:22:41.965+0000] {logging_mixin.py:188} INFO - [2025-08-19T22:22:41.965+0000] {dagbag.py:538} INFO - Filling up the DagBag from /home/airflow/.local/lib/python3.8/site-packages/airflow/example_dags/example_trigger_target_dag.py
[2025-08-19T22:22:41.969+0000] {processor.py:840} INFO - DAG(s) 'example_trigger_target_dag' retrieved from /home/airflow/.local/lib/python3.8/site-packages/airflow/example_dags/example_trigger_target_dag.py
[2025-08-19T22:22:41.979+0000] {logging_mixin.py:188} INFO - [2025-08-19T22:22:41.979+0000] {dag.py:3036} INFO - Sync 1 DAGs
[2025-08-19T22:22:41.984+0000] {logging_mixin.py:188} INFO - [2025-08-19T22:22:41.984+0000] {dag.py:3823} INFO - Setting next_dagrun for example_trigger_target_dag to None, run_after=None
[2025-08-19T22:22:41.990+0000] {processor.py:183} INFO - Processing /home/airflow/.local/lib/python3.8/site-packages/airflow/example_dags/example_trigger_target_dag.py took 0.030 seconds
[2025-08-19T22:23:12.707+0000] {processor.py:161} INFO - Started process (PID=402) to work on /home/airflow/.local/lib/python3.8/site-packages/airflow/example_dags/example_trigger_target_dag.py
[2025-08-19T22:23:12.708+0000] {processor.py:830} INFO - Processing file /home/airflow/.local/lib/python3.8/site-packages/airflow/example_dags/example_trigger_target_dag.py for tasks to queue
[2025-08-19T22:23:12.709+0000] {logging_mixin.py:188} INFO - [2025-08-19T22:23:12.709+0000] {dagbag.py:538} INFO - Filling up the DagBag from /home/airflow/.local/lib/python3.8/site-packages/airflow/example_dags/example_trigger_target_dag.py
[2025-08-19T22:23:12.712+0000] {processor.py:840} INFO - DAG(s) 'example_trigger_target_dag' retrieved from /home/airflow/.local/lib/python3.8/site-packages/airflow/example_dags/example_trigger_target_dag.py
[2025-08-19T22:23:12.724+0000] {logging_mixin.py:188} INFO - [2025-08-19T22:23:12.724+0000] {dag.py:3036} INFO - Sync 1 DAGs
[2025-08-19T22:23:12.730+0000] {logging_mixin.py:188} INFO - [2025-08-19T22:23:12.730+0000] {dag.py:3823} INFO - Setting next_dagrun for example_trigger_target_dag to None, run_after=None
[2025-08-19T22:23:12.737+0000] {processor.py:183} INFO - Processing /home/airflow/.local/lib/python3.8/site-packages/airflow/example_dags/example_trigger_target_dag.py took 0.032 seconds
[2025-08-19T22:23:43.297+0000] {processor.py:161} INFO - Started process (PID=458) to work on /home/airflow/.local/lib/python3.8/site-packages/airflow/example_dags/example_trigger_target_dag.py
[2025-08-19T22:23:43.297+0000] {processor.py:830} INFO - Processing file /home/airflow/.local/lib/python3.8/site-packages/airflow/example_dags/example_trigger_target_dag.py for tasks to queue
[2025-08-19T22:23:43.298+0000] {logging_mixin.py:188} INFO - [2025-08-19T22:23:43.298+0000] {dagbag.py:538} INFO - Filling up the DagBag from /home/airflow/.local/lib/python3.8/site-packages/airflow/example_dags/example_trigger_target_dag.py
[2025-08-19T22:23:43.300+0000] {processor.py:840} INFO - DAG(s) 'example_trigger_target_dag' retrieved from /home/airflow/.local/lib/python3.8/site-packages/airflow/example_dags/example_trigger_target_dag.py
[2025-08-19T22:23:43.307+0000] {logging_mixin.py:188} INFO - [2025-08-19T22:23:43.307+0000] {dag.py:3036} INFO - Sync 1 DAGs
[2025-08-19T22:23:43.311+0000] {logging_mixin.py:188} INFO - [2025-08-19T22:23:43.311+0000] {dag.py:3823} INFO - Setting next_dagrun for example_trigger_target_dag to None, run_after=None
[2025-08-19T22:23:43.317+0000] {processor.py:183} INFO - Processing /home/airflow/.local/lib/python3.8/site-packages/airflow/example_dags/example_trigger_target_dag.py took 0.021 seconds
[2025-08-19T22:24:13.714+0000] {processor.py:161} INFO - Started process (PID=514) to work on /home/airflow/.local/lib/python3.8/site-packages/airflow/example_dags/example_trigger_target_dag.py
[2025-08-19T22:24:13.714+0000] {processor.py:830} INFO - Processing file /home/airflow/.local/lib/python3.8/site-packages/airflow/example_dags/example_trigger_target_dag.py for tasks to queue
[2025-08-19T22:24:13.715+0000] {logging_mixin.py:188} INFO - [2025-08-19T22:24:13.715+0000] {dagbag.py:538} INFO - Filling up the DagBag from /home/airflow/.local/lib/python3.8/site-packages/airflow/example_dags/example_trigger_target_dag.py
[2025-08-19T22:24:13.717+0000] {processor.py:840} INFO - DAG(s) 'example_trigger_target_dag' retrieved from /home/airflow/.local/lib/python3.8/site-packages/airflow/example_dags/example_trigger_target_dag.py
[2025-08-19T22:24:13.724+0000] {logging_mixin.py:188} INFO - [2025-08-19T22:24:13.724+0000] {dag.py:3036} INFO - Sync 1 DAGs
[2025-08-19T22:24:13.728+0000] {logging_mixin.py:188} INFO - [2025-08-19T22:24:13.728+0000] {dag.py:3823} INFO - Setting next_dagrun for example_trigger_target_dag to None, run_after=None
[2025-08-19T22:24:13.733+0000] {processor.py:183} INFO - Processing /home/airflow/.local/lib/python3.8/site-packages/airflow/example_dags/example_trigger_target_dag.py took 0.021 seconds
[2025-08-19T22:24:44.177+0000] {processor.py:161} INFO - Started process (PID=570) to work on /home/airflow/.local/lib/python3.8/site-packages/airflow/example_dags/example_trigger_target_dag.py
[2025-08-19T22:24:44.178+0000] {processor.py:830} INFO - Processing file /home/airflow/.local/lib/python3.8/site-packages/airflow/example_dags/example_trigger_target_dag.py for tasks to queue
[2025-08-19T22:24:44.179+0000] {logging_mixin.py:188} INFO - [2025-08-19T22:24:44.178+0000] {dagbag.py:538} INFO - Filling up the DagBag from /home/airflow/.local/lib/python3.8/site-packages/airflow/example_dags/example_trigger_target_dag.py
[2025-08-19T22:24:44.181+0000] {processor.py:840} INFO - DAG(s) 'example_trigger_target_dag' retrieved from /home/airflow/.local/lib/python3.8/site-packages/airflow/example_dags/example_trigger_target_dag.py
[2025-08-19T22:24:44.191+0000] {logging_mixin.py:188} INFO - [2025-08-19T22:24:44.191+0000] {dag.py:3036} INFO - Sync 1 DAGs
[2025-08-19T22:24:44.196+0000] {logging_mixin.py:188} INFO - [2025-08-19T22:24:44.196+0000] {dag.py:3823} INFO - Setting next_dagrun for example_trigger_target_dag to None, run_after=None
[2025-08-19T22:24:44.202+0000] {processor.py:183} INFO - Processing /home/airflow/.local/lib/python3.8/site-packages/airflow/example_dags/example_trigger_target_dag.py took 0.026 seconds
[2025-08-19T22:25:14.630+0000] {processor.py:161} INFO - Started process (PID=626) to work on /home/airflow/.local/lib/python3.8/site-packages/airflow/example_dags/example_trigger_target_dag.py
[2025-08-19T22:25:14.631+0000] {processor.py:830} INFO - Processing file /home/airflow/.local/lib/python3.8/site-packages/airflow/example_dags/example_trigger_target_dag.py for tasks to queue
[2025-08-19T22:25:14.632+0000] {logging_mixin.py:188} INFO - [2025-08-19T22:25:14.632+0000] {dagbag.py:538} INFO - Filling up the DagBag from /home/airflow/.local/lib/python3.8/site-packages/airflow/example_dags/example_trigger_target_dag.py
[2025-08-19T22:25:14.634+0000] {processor.py:840} INFO - DAG(s) 'example_trigger_target_dag' retrieved from /home/airflow/.local/lib/python3.8/site-packages/airflow/example_dags/example_trigger_target_dag.py
[2025-08-19T22:25:14.643+0000] {logging_mixin.py:188} INFO - [2025-08-19T22:25:14.643+0000] {dag.py:3036} INFO - Sync 1 DAGs
[2025-08-19T22:25:14.648+0000] {logging_mixin.py:188} INFO - [2025-08-19T22:25:14.648+0000] {dag.py:3823} INFO - Setting next_dagrun for example_trigger_target_dag to None, run_after=None
[2025-08-19T22:25:14.655+0000] {processor.py:183} INFO - Processing /home/airflow/.local/lib/python3.8/site-packages/airflow/example_dags/example_trigger_target_dag.py took 0.026 seconds
[2025-08-19T22:25:45.029+0000] {processor.py:161} INFO - Started process (PID=682) to work on /home/airflow/.local/lib/python3.8/site-packages/airflow/example_dags/example_trigger_target_dag.py
[2025-08-19T22:25:45.030+0000] {processor.py:830} INFO - Processing file /home/airflow/.local/lib/python3.8/site-packages/airflow/example_dags/example_trigger_target_dag.py for tasks to queue
[2025-08-19T22:25:45.030+0000] {logging_mixin.py:188} INFO - [2025-08-19T22:25:45.030+0000] {dagbag.py:538} INFO - Filling up the DagBag from /home/airflow/.local/lib/python3.8/site-packages/airflow/example_dags/example_trigger_target_dag.py
[2025-08-19T22:25:45.033+0000] {processor.py:840} INFO - DAG(s) 'example_trigger_target_dag' retrieved from /home/airflow/.local/lib/python3.8/site-packages/airflow/example_dags/example_trigger_target_dag.py
[2025-08-19T22:25:45.039+0000] {logging_mixin.py:188} INFO - [2025-08-19T22:25:45.039+0000] {dag.py:3036} INFO - Sync 1 DAGs
[2025-08-19T22:25:45.043+0000] {logging_mixin.py:188} INFO - [2025-08-19T22:25:45.043+0000] {dag.py:3823} INFO - Setting next_dagrun for example_trigger_target_dag to None, run_after=None
[2025-08-19T22:25:45.049+0000] {processor.py:183} INFO - Processing /home/airflow/.local/lib/python3.8/site-packages/airflow/example_dags/example_trigger_target_dag.py took 0.021 seconds
[2025-08-19T22:26:15.475+0000] {processor.py:161} INFO - Started process (PID=738) to work on /home/airflow/.local/lib/python3.8/site-packages/airflow/example_dags/example_trigger_target_dag.py
[2025-08-19T22:26:15.475+0000] {processor.py:830} INFO - Processing file /home/airflow/.local/lib/python3.8/site-packages/airflow/example_dags/example_trigger_target_dag.py for tasks to queue
[2025-08-19T22:26:15.476+0000] {logging_mixin.py:188} INFO - [2025-08-19T22:26:15.476+0000] {dagbag.py:538} INFO - Filling up the DagBag from /home/airflow/.local/lib/python3.8/site-packages/airflow/example_dags/example_trigger_target_dag.py
[2025-08-19T22:26:15.478+0000] {processor.py:840} INFO - DAG(s) 'example_trigger_target_dag' retrieved from /home/airflow/.local/lib/python3.8/site-packages/airflow/example_dags/example_trigger_target_dag.py
[2025-08-19T22:26:15.486+0000] {logging_mixin.py:188} INFO - [2025-08-19T22:26:15.486+0000] {dag.py:3036} INFO - Sync 1 DAGs
[2025-08-19T22:26:15.491+0000] {logging_mixin.py:188} INFO - [2025-08-19T22:26:15.491+0000] {dag.py:3823} INFO - Setting next_dagrun for example_trigger_target_dag to None, run_after=None
[2025-08-19T22:26:15.498+0000] {processor.py:183} INFO - Processing /home/airflow/.local/lib/python3.8/site-packages/airflow/example_dags/example_trigger_target_dag.py took 0.025 seconds
[2025-08-19T22:26:45.862+0000] {processor.py:161} INFO - Started process (PID=794) to work on /home/airflow/.local/lib/python3.8/site-packages/airflow/example_dags/example_trigger_target_dag.py
[2025-08-19T22:26:45.863+0000] {processor.py:830} INFO - Processing file /home/airflow/.local/lib/python3.8/site-packages/airflow/example_dags/example_trigger_target_dag.py for tasks to queue
[2025-08-19T22:26:45.864+0000] {logging_mixin.py:188} INFO - [2025-08-19T22:26:45.864+0000] {dagbag.py:538} INFO - Filling up the DagBag from /home/airflow/.local/lib/python3.8/site-packages/airflow/example_dags/example_trigger_target_dag.py
[2025-08-19T22:26:45.867+0000] {processor.py:840} INFO - DAG(s) 'example_trigger_target_dag' retrieved from /home/airflow/.local/lib/python3.8/site-packages/airflow/example_dags/example_trigger_target_dag.py
[2025-08-19T22:26:45.873+0000] {logging_mixin.py:188} INFO - [2025-08-19T22:26:45.873+0000] {dag.py:3036} INFO - Sync 1 DAGs
[2025-08-19T22:26:45.878+0000] {logging_mixin.py:188} INFO - [2025-08-19T22:26:45.878+0000] {dag.py:3823} INFO - Setting next_dagrun for example_trigger_target_dag to None, run_after=None
[2025-08-19T22:26:45.887+0000] {processor.py:183} INFO - Processing /home/airflow/.local/lib/python3.8/site-packages/airflow/example_dags/example_trigger_target_dag.py took 0.027 seconds
[2025-08-19T22:27:16.311+0000] {processor.py:161} INFO - Started process (PID=850) to work on /home/airflow/.local/lib/python3.8/site-packages/airflow/example_dags/example_trigger_target_dag.py
[2025-08-19T22:27:16.312+0000] {processor.py:830} INFO - Processing file /home/airflow/.local/lib/python3.8/site-packages/airflow/example_dags/example_trigger_target_dag.py for tasks to queue
[2025-08-19T22:27:16.312+0000] {logging_mixin.py:188} INFO - [2025-08-19T22:27:16.312+0000] {dagbag.py:538} INFO - Filling up the DagBag from /home/airflow/.local/lib/python3.8/site-packages/airflow/example_dags/example_trigger_target_dag.py
[2025-08-19T22:27:16.315+0000] {processor.py:840} INFO - DAG(s) 'example_trigger_target_dag' retrieved from /home/airflow/.local/lib/python3.8/site-packages/airflow/example_dags/example_trigger_target_dag.py
[2025-08-19T22:27:16.323+0000] {logging_mixin.py:188} INFO - [2025-08-19T22:27:16.323+0000] {dag.py:3036} INFO - Sync 1 DAGs
[2025-08-19T22:27:16.327+0000] {logging_mixin.py:188} INFO - [2025-08-19T22:27:16.327+0000] {dag.py:3823} INFO - Setting next_dagrun for example_trigger_target_dag to None, run_after=None
[2025-08-19T22:27:16.333+0000] {processor.py:183} INFO - Processing /home/airflow/.local/lib/python3.8/site-packages/airflow/example_dags/example_trigger_target_dag.py took 0.023 seconds
[2025-08-19T22:27:46.903+0000] {processor.py:161} INFO - Started process (PID=910) to work on /home/airflow/.local/lib/python3.8/site-packages/airflow/example_dags/example_trigger_target_dag.py
[2025-08-19T22:27:46.904+0000] {processor.py:830} INFO - Processing file /home/airflow/.local/lib/python3.8/site-packages/airflow/example_dags/example_trigger_target_dag.py for tasks to queue
[2025-08-19T22:27:46.905+0000] {logging_mixin.py:188} INFO - [2025-08-19T22:27:46.905+0000] {dagbag.py:538} INFO - Filling up the DagBag from /home/airflow/.local/lib/python3.8/site-packages/airflow/example_dags/example_trigger_target_dag.py
[2025-08-19T22:27:46.909+0000] {processor.py:840} INFO - DAG(s) 'example_trigger_target_dag' retrieved from /home/airflow/.local/lib/python3.8/site-packages/airflow/example_dags/example_trigger_target_dag.py
[2025-08-19T22:27:46.920+0000] {logging_mixin.py:188} INFO - [2025-08-19T22:27:46.919+0000] {dag.py:3036} INFO - Sync 1 DAGs
[2025-08-19T22:27:46.926+0000] {logging_mixin.py:188} INFO - [2025-08-19T22:27:46.926+0000] {dag.py:3823} INFO - Setting next_dagrun for example_trigger_target_dag to None, run_after=None
[2025-08-19T22:27:46.934+0000] {processor.py:183} INFO - Processing /home/airflow/.local/lib/python3.8/site-packages/airflow/example_dags/example_trigger_target_dag.py took 0.033 seconds
[2025-08-19T22:28:17.511+0000] {processor.py:161} INFO - Started process (PID=966) to work on /home/airflow/.local/lib/python3.8/site-packages/airflow/example_dags/example_trigger_target_dag.py
[2025-08-19T22:28:17.513+0000] {processor.py:830} INFO - Processing file /home/airflow/.local/lib/python3.8/site-packages/airflow/example_dags/example_trigger_target_dag.py for tasks to queue
[2025-08-19T22:28:17.515+0000] {logging_mixin.py:188} INFO - [2025-08-19T22:28:17.514+0000] {dagbag.py:538} INFO - Filling up the DagBag from /home/airflow/.local/lib/python3.8/site-packages/airflow/example_dags/example_trigger_target_dag.py
[2025-08-19T22:28:17.517+0000] {processor.py:840} INFO - DAG(s) 'example_trigger_target_dag' retrieved from /home/airflow/.local/lib/python3.8/site-packages/airflow/example_dags/example_trigger_target_dag.py
[2025-08-19T22:28:17.534+0000] {logging_mixin.py:188} INFO - [2025-08-19T22:28:17.534+0000] {dag.py:3036} INFO - Sync 1 DAGs
[2025-08-19T22:28:17.539+0000] {logging_mixin.py:188} INFO - [2025-08-19T22:28:17.539+0000] {dag.py:3823} INFO - Setting next_dagrun for example_trigger_target_dag to None, run_after=None
[2025-08-19T22:28:17.546+0000] {processor.py:183} INFO - Processing /home/airflow/.local/lib/python3.8/site-packages/airflow/example_dags/example_trigger_target_dag.py took 0.036 seconds
[2025-08-19T22:28:47.970+0000] {processor.py:161} INFO - Started process (PID=1022) to work on /home/airflow/.local/lib/python3.8/site-packages/airflow/example_dags/example_trigger_target_dag.py
[2025-08-19T22:28:47.970+0000] {processor.py:830} INFO - Processing file /home/airflow/.local/lib/python3.8/site-packages/airflow/example_dags/example_trigger_target_dag.py for tasks to queue
[2025-08-19T22:28:47.971+0000] {logging_mixin.py:188} INFO - [2025-08-19T22:28:47.971+0000] {dagbag.py:538} INFO - Filling up the DagBag from /home/airflow/.local/lib/python3.8/site-packages/airflow/example_dags/example_trigger_target_dag.py
[2025-08-19T22:28:47.973+0000] {processor.py:840} INFO - DAG(s) 'example_trigger_target_dag' retrieved from /home/airflow/.local/lib/python3.8/site-packages/airflow/example_dags/example_trigger_target_dag.py
[2025-08-19T22:28:47.981+0000] {logging_mixin.py:188} INFO - [2025-08-19T22:28:47.981+0000] {dag.py:3036} INFO - Sync 1 DAGs
[2025-08-19T22:28:47.985+0000] {logging_mixin.py:188} INFO - [2025-08-19T22:28:47.985+0000] {dag.py:3823} INFO - Setting next_dagrun for example_trigger_target_dag to None, run_after=None
[2025-08-19T22:28:47.991+0000] {processor.py:183} INFO - Processing /home/airflow/.local/lib/python3.8/site-packages/airflow/example_dags/example_trigger_target_dag.py took 0.023 seconds
[2025-08-19T22:29:18.460+0000] {processor.py:161} INFO - Started process (PID=1078) to work on /home/airflow/.local/lib/python3.8/site-packages/airflow/example_dags/example_trigger_target_dag.py
[2025-08-19T22:29:18.460+0000] {processor.py:830} INFO - Processing file /home/airflow/.local/lib/python3.8/site-packages/airflow/example_dags/example_trigger_target_dag.py for tasks to queue
[2025-08-19T22:29:18.461+0000] {logging_mixin.py:188} INFO - [2025-08-19T22:29:18.461+0000] {dagbag.py:538} INFO - Filling up the DagBag from /home/airflow/.local/lib/python3.8/site-packages/airflow/example_dags/example_trigger_target_dag.py
[2025-08-19T22:29:18.463+0000] {processor.py:840} INFO - DAG(s) 'example_trigger_target_dag' retrieved from /home/airflow/.local/lib/python3.8/site-packages/airflow/example_dags/example_trigger_target_dag.py
[2025-08-19T22:29:18.470+0000] {logging_mixin.py:188} INFO - [2025-08-19T22:29:18.470+0000] {dag.py:3036} INFO - Sync 1 DAGs
[2025-08-19T22:29:18.474+0000] {logging_mixin.py:188} INFO - [2025-08-19T22:29:18.474+0000] {dag.py:3823} INFO - Setting next_dagrun for example_trigger_target_dag to None, run_after=None
[2025-08-19T22:29:18.480+0000] {processor.py:183} INFO - Processing /home/airflow/.local/lib/python3.8/site-packages/airflow/example_dags/example_trigger_target_dag.py took 0.022 seconds
[2025-08-19T22:29:49.137+0000] {processor.py:161} INFO - Started process (PID=1134) to work on /home/airflow/.local/lib/python3.8/site-packages/airflow/example_dags/example_trigger_target_dag.py
[2025-08-19T22:29:49.138+0000] {processor.py:830} INFO - Processing file /home/airflow/.local/lib/python3.8/site-packages/airflow/example_dags/example_trigger_target_dag.py for tasks to queue
[2025-08-19T22:29:49.139+0000] {logging_mixin.py:188} INFO - [2025-08-19T22:29:49.139+0000] {dagbag.py:538} INFO - Filling up the DagBag from /home/airflow/.local/lib/python3.8/site-packages/airflow/example_dags/example_trigger_target_dag.py
[2025-08-19T22:29:49.141+0000] {processor.py:840} INFO - DAG(s) 'example_trigger_target_dag' retrieved from /home/airflow/.local/lib/python3.8/site-packages/airflow/example_dags/example_trigger_target_dag.py
[2025-08-19T22:29:49.149+0000] {logging_mixin.py:188} INFO - [2025-08-19T22:29:49.149+0000] {dag.py:3036} INFO - Sync 1 DAGs
[2025-08-19T22:29:49.154+0000] {logging_mixin.py:188} INFO - [2025-08-19T22:29:49.154+0000] {dag.py:3823} INFO - Setting next_dagrun for example_trigger_target_dag to None, run_after=None
[2025-08-19T22:29:49.161+0000] {processor.py:183} INFO - Processing /home/airflow/.local/lib/python3.8/site-packages/airflow/example_dags/example_trigger_target_dag.py took 0.025 seconds
[2025-08-19T22:30:19.596+0000] {processor.py:161} INFO - Started process (PID=1190) to work on /home/airflow/.local/lib/python3.8/site-packages/airflow/example_dags/example_trigger_target_dag.py
[2025-08-19T22:30:19.599+0000] {processor.py:830} INFO - Processing file /home/airflow/.local/lib/python3.8/site-packages/airflow/example_dags/example_trigger_target_dag.py for tasks to queue
[2025-08-19T22:30:19.600+0000] {logging_mixin.py:188} INFO - [2025-08-19T22:30:19.600+0000] {dagbag.py:538} INFO - Filling up the DagBag from /home/airflow/.local/lib/python3.8/site-packages/airflow/example_dags/example_trigger_target_dag.py
[2025-08-19T22:30:19.605+0000] {processor.py:840} INFO - DAG(s) 'example_trigger_target_dag' retrieved from /home/airflow/.local/lib/python3.8/site-packages/airflow/example_dags/example_trigger_target_dag.py
[2025-08-19T22:30:19.614+0000] {logging_mixin.py:188} INFO - [2025-08-19T22:30:19.614+0000] {dag.py:3036} INFO - Sync 1 DAGs
[2025-08-19T22:30:19.618+0000] {logging_mixin.py:188} INFO - [2025-08-19T22:30:19.618+0000] {dag.py:3823} INFO - Setting next_dagrun for example_trigger_target_dag to None, run_after=None
[2025-08-19T22:30:19.625+0000] {processor.py:183} INFO - Processing /home/airflow/.local/lib/python3.8/site-packages/airflow/example_dags/example_trigger_target_dag.py took 0.030 seconds
