[2025-08-19T21:50:07.177+0000] {processor.py:161} INFO - Started process (PID=56) to work on /home/airflow/.local/lib/python3.8/site-packages/airflow/example_dags/example_latest_only_with_trigger.py
[2025-08-19T21:50:07.179+0000] {processor.py:830} INFO - Processing file /home/airflow/.local/lib/python3.8/site-packages/airflow/example_dags/example_latest_only_with_trigger.py for tasks to queue
[2025-08-19T21:50:07.180+0000] {logging_mixin.py:188} INFO - [2025-08-19T21:50:07.180+0000] {dagbag.py:538} INFO - Filling up the DagBag from /home/airflow/.local/lib/python3.8/site-packages/airflow/example_dags/example_latest_only_with_trigger.py
[2025-08-19T21:50:07.183+0000] {processor.py:840} INFO - DAG(s) 'latest_only_with_trigger' retrieved from /home/airflow/.local/lib/python3.8/site-packages/airflow/example_dags/example_latest_only_with_trigger.py
[2025-08-19T21:50:07.192+0000] {logging_mixin.py:188} INFO - [2025-08-19T21:50:07.191+0000] {dag.py:3036} INFO - Sync 1 DAGs
[2025-08-19T21:50:07.205+0000] {logging_mixin.py:188} INFO - [2025-08-19T21:50:07.205+0000] {dag.py:3823} INFO - Setting next_dagrun for latest_only_with_trigger to 2025-08-19 16:00:00+00:00, run_after=2025-08-19 20:00:00+00:00
[2025-08-19T21:50:07.225+0000] {processor.py:183} INFO - Processing /home/airflow/.local/lib/python3.8/site-packages/airflow/example_dags/example_latest_only_with_trigger.py took 0.051 seconds
[2025-08-19T21:50:37.783+0000] {processor.py:161} INFO - Started process (PID=112) to work on /home/airflow/.local/lib/python3.8/site-packages/airflow/example_dags/example_latest_only_with_trigger.py
[2025-08-19T21:50:37.784+0000] {processor.py:830} INFO - Processing file /home/airflow/.local/lib/python3.8/site-packages/airflow/example_dags/example_latest_only_with_trigger.py for tasks to queue
[2025-08-19T21:50:37.785+0000] {logging_mixin.py:188} INFO - [2025-08-19T21:50:37.785+0000] {dagbag.py:538} INFO - Filling up the DagBag from /home/airflow/.local/lib/python3.8/site-packages/airflow/example_dags/example_latest_only_with_trigger.py
[2025-08-19T21:50:37.788+0000] {processor.py:840} INFO - DAG(s) 'latest_only_with_trigger' retrieved from /home/airflow/.local/lib/python3.8/site-packages/airflow/example_dags/example_latest_only_with_trigger.py
[2025-08-19T21:50:37.822+0000] {logging_mixin.py:188} INFO - [2025-08-19T21:50:37.822+0000] {dag.py:3036} INFO - Sync 1 DAGs
[2025-08-19T21:50:37.833+0000] {logging_mixin.py:188} INFO - [2025-08-19T21:50:37.833+0000] {dag.py:3823} INFO - Setting next_dagrun for latest_only_with_trigger to 2025-08-19 16:00:00+00:00, run_after=2025-08-19 20:00:00+00:00
[2025-08-19T21:50:37.839+0000] {processor.py:183} INFO - Processing /home/airflow/.local/lib/python3.8/site-packages/airflow/example_dags/example_latest_only_with_trigger.py took 0.057 seconds
[2025-08-19T21:51:08.822+0000] {processor.py:161} INFO - Started process (PID=167) to work on /home/airflow/.local/lib/python3.8/site-packages/airflow/example_dags/example_latest_only_with_trigger.py
[2025-08-19T21:51:08.825+0000] {processor.py:830} INFO - Processing file /home/airflow/.local/lib/python3.8/site-packages/airflow/example_dags/example_latest_only_with_trigger.py for tasks to queue
[2025-08-19T21:51:08.827+0000] {logging_mixin.py:188} INFO - [2025-08-19T21:51:08.827+0000] {dagbag.py:538} INFO - Filling up the DagBag from /home/airflow/.local/lib/python3.8/site-packages/airflow/example_dags/example_latest_only_with_trigger.py
[2025-08-19T21:51:08.830+0000] {processor.py:840} INFO - DAG(s) 'latest_only_with_trigger' retrieved from /home/airflow/.local/lib/python3.8/site-packages/airflow/example_dags/example_latest_only_with_trigger.py
[2025-08-19T21:51:08.841+0000] {logging_mixin.py:188} INFO - [2025-08-19T21:51:08.841+0000] {dag.py:3036} INFO - Sync 1 DAGs
[2025-08-19T21:51:08.849+0000] {logging_mixin.py:188} INFO - [2025-08-19T21:51:08.849+0000] {dag.py:3823} INFO - Setting next_dagrun for latest_only_with_trigger to 2025-08-19 16:00:00+00:00, run_after=2025-08-19 20:00:00+00:00
[2025-08-19T21:51:08.859+0000] {processor.py:183} INFO - Processing /home/airflow/.local/lib/python3.8/site-packages/airflow/example_dags/example_latest_only_with_trigger.py took 0.046 seconds
[2025-08-19T21:51:39.313+0000] {processor.py:161} INFO - Started process (PID=223) to work on /home/airflow/.local/lib/python3.8/site-packages/airflow/example_dags/example_latest_only_with_trigger.py
[2025-08-19T21:51:39.314+0000] {processor.py:830} INFO - Processing file /home/airflow/.local/lib/python3.8/site-packages/airflow/example_dags/example_latest_only_with_trigger.py for tasks to queue
[2025-08-19T21:51:39.315+0000] {logging_mixin.py:188} INFO - [2025-08-19T21:51:39.315+0000] {dagbag.py:538} INFO - Filling up the DagBag from /home/airflow/.local/lib/python3.8/site-packages/airflow/example_dags/example_latest_only_with_trigger.py
[2025-08-19T21:51:39.317+0000] {processor.py:840} INFO - DAG(s) 'latest_only_with_trigger' retrieved from /home/airflow/.local/lib/python3.8/site-packages/airflow/example_dags/example_latest_only_with_trigger.py
[2025-08-19T21:51:39.327+0000] {logging_mixin.py:188} INFO - [2025-08-19T21:51:39.327+0000] {dag.py:3036} INFO - Sync 1 DAGs
[2025-08-19T21:51:39.336+0000] {logging_mixin.py:188} INFO - [2025-08-19T21:51:39.336+0000] {dag.py:3823} INFO - Setting next_dagrun for latest_only_with_trigger to 2025-08-19 16:00:00+00:00, run_after=2025-08-19 20:00:00+00:00
[2025-08-19T21:51:39.345+0000] {processor.py:183} INFO - Processing /home/airflow/.local/lib/python3.8/site-packages/airflow/example_dags/example_latest_only_with_trigger.py took 0.033 seconds
[2025-08-19T21:52:09.825+0000] {processor.py:161} INFO - Started process (PID=279) to work on /home/airflow/.local/lib/python3.8/site-packages/airflow/example_dags/example_latest_only_with_trigger.py
[2025-08-19T21:52:09.827+0000] {processor.py:830} INFO - Processing file /home/airflow/.local/lib/python3.8/site-packages/airflow/example_dags/example_latest_only_with_trigger.py for tasks to queue
[2025-08-19T21:52:09.834+0000] {logging_mixin.py:188} INFO - [2025-08-19T21:52:09.834+0000] {dagbag.py:538} INFO - Filling up the DagBag from /home/airflow/.local/lib/python3.8/site-packages/airflow/example_dags/example_latest_only_with_trigger.py
[2025-08-19T21:52:09.844+0000] {processor.py:840} INFO - DAG(s) 'latest_only_with_trigger' retrieved from /home/airflow/.local/lib/python3.8/site-packages/airflow/example_dags/example_latest_only_with_trigger.py
[2025-08-19T21:52:09.872+0000] {logging_mixin.py:188} INFO - [2025-08-19T21:52:09.872+0000] {dag.py:3036} INFO - Sync 1 DAGs
[2025-08-19T21:52:09.894+0000] {logging_mixin.py:188} INFO - [2025-08-19T21:52:09.894+0000] {dag.py:3823} INFO - Setting next_dagrun for latest_only_with_trigger to 2025-08-19 16:00:00+00:00, run_after=2025-08-19 20:00:00+00:00
[2025-08-19T21:52:09.926+0000] {processor.py:183} INFO - Processing /home/airflow/.local/lib/python3.8/site-packages/airflow/example_dags/example_latest_only_with_trigger.py took 0.102 seconds
[2025-08-19T21:52:40.701+0000] {processor.py:161} INFO - Started process (PID=341) to work on /home/airflow/.local/lib/python3.8/site-packages/airflow/example_dags/example_latest_only_with_trigger.py
[2025-08-19T21:52:40.702+0000] {processor.py:830} INFO - Processing file /home/airflow/.local/lib/python3.8/site-packages/airflow/example_dags/example_latest_only_with_trigger.py for tasks to queue
[2025-08-19T21:52:40.704+0000] {logging_mixin.py:188} INFO - [2025-08-19T21:52:40.704+0000] {dagbag.py:538} INFO - Filling up the DagBag from /home/airflow/.local/lib/python3.8/site-packages/airflow/example_dags/example_latest_only_with_trigger.py
[2025-08-19T21:52:40.707+0000] {processor.py:840} INFO - DAG(s) 'latest_only_with_trigger' retrieved from /home/airflow/.local/lib/python3.8/site-packages/airflow/example_dags/example_latest_only_with_trigger.py
[2025-08-19T21:52:40.719+0000] {logging_mixin.py:188} INFO - [2025-08-19T21:52:40.719+0000] {dag.py:3036} INFO - Sync 1 DAGs
[2025-08-19T21:52:40.729+0000] {logging_mixin.py:188} INFO - [2025-08-19T21:52:40.729+0000] {dag.py:3823} INFO - Setting next_dagrun for latest_only_with_trigger to 2025-08-19 16:00:00+00:00, run_after=2025-08-19 20:00:00+00:00
[2025-08-19T21:52:40.738+0000] {processor.py:183} INFO - Processing /home/airflow/.local/lib/python3.8/site-packages/airflow/example_dags/example_latest_only_with_trigger.py took 0.041 seconds
[2025-08-19T21:53:11.358+0000] {processor.py:161} INFO - Started process (PID=397) to work on /home/airflow/.local/lib/python3.8/site-packages/airflow/example_dags/example_latest_only_with_trigger.py
[2025-08-19T21:53:11.359+0000] {processor.py:830} INFO - Processing file /home/airflow/.local/lib/python3.8/site-packages/airflow/example_dags/example_latest_only_with_trigger.py for tasks to queue
[2025-08-19T21:53:11.363+0000] {logging_mixin.py:188} INFO - [2025-08-19T21:53:11.362+0000] {dagbag.py:538} INFO - Filling up the DagBag from /home/airflow/.local/lib/python3.8/site-packages/airflow/example_dags/example_latest_only_with_trigger.py
[2025-08-19T21:53:11.367+0000] {processor.py:840} INFO - DAG(s) 'latest_only_with_trigger' retrieved from /home/airflow/.local/lib/python3.8/site-packages/airflow/example_dags/example_latest_only_with_trigger.py
[2025-08-19T21:53:11.383+0000] {logging_mixin.py:188} INFO - [2025-08-19T21:53:11.383+0000] {dag.py:3036} INFO - Sync 1 DAGs
[2025-08-19T21:53:11.394+0000] {logging_mixin.py:188} INFO - [2025-08-19T21:53:11.394+0000] {dag.py:3823} INFO - Setting next_dagrun for latest_only_with_trigger to 2025-08-19 16:00:00+00:00, run_after=2025-08-19 20:00:00+00:00
[2025-08-19T21:53:11.407+0000] {processor.py:183} INFO - Processing /home/airflow/.local/lib/python3.8/site-packages/airflow/example_dags/example_latest_only_with_trigger.py took 0.052 seconds
[2025-08-19T21:53:42.078+0000] {processor.py:161} INFO - Started process (PID=453) to work on /home/airflow/.local/lib/python3.8/site-packages/airflow/example_dags/example_latest_only_with_trigger.py
[2025-08-19T21:53:42.080+0000] {processor.py:830} INFO - Processing file /home/airflow/.local/lib/python3.8/site-packages/airflow/example_dags/example_latest_only_with_trigger.py for tasks to queue
[2025-08-19T21:53:42.080+0000] {logging_mixin.py:188} INFO - [2025-08-19T21:53:42.080+0000] {dagbag.py:538} INFO - Filling up the DagBag from /home/airflow/.local/lib/python3.8/site-packages/airflow/example_dags/example_latest_only_with_trigger.py
[2025-08-19T21:53:42.087+0000] {processor.py:840} INFO - DAG(s) 'latest_only_with_trigger' retrieved from /home/airflow/.local/lib/python3.8/site-packages/airflow/example_dags/example_latest_only_with_trigger.py
[2025-08-19T21:53:42.100+0000] {logging_mixin.py:188} INFO - [2025-08-19T21:53:42.100+0000] {dag.py:3036} INFO - Sync 1 DAGs
[2025-08-19T21:53:42.111+0000] {logging_mixin.py:188} INFO - [2025-08-19T21:53:42.111+0000] {dag.py:3823} INFO - Setting next_dagrun for latest_only_with_trigger to 2025-08-19 16:00:00+00:00, run_after=2025-08-19 20:00:00+00:00
[2025-08-19T21:53:42.118+0000] {processor.py:183} INFO - Processing /home/airflow/.local/lib/python3.8/site-packages/airflow/example_dags/example_latest_only_with_trigger.py took 0.042 seconds
[2025-08-19T21:54:12.662+0000] {processor.py:161} INFO - Started process (PID=509) to work on /home/airflow/.local/lib/python3.8/site-packages/airflow/example_dags/example_latest_only_with_trigger.py
[2025-08-19T21:54:12.663+0000] {processor.py:830} INFO - Processing file /home/airflow/.local/lib/python3.8/site-packages/airflow/example_dags/example_latest_only_with_trigger.py for tasks to queue
[2025-08-19T21:54:12.664+0000] {logging_mixin.py:188} INFO - [2025-08-19T21:54:12.664+0000] {dagbag.py:538} INFO - Filling up the DagBag from /home/airflow/.local/lib/python3.8/site-packages/airflow/example_dags/example_latest_only_with_trigger.py
[2025-08-19T21:54:12.668+0000] {processor.py:840} INFO - DAG(s) 'latest_only_with_trigger' retrieved from /home/airflow/.local/lib/python3.8/site-packages/airflow/example_dags/example_latest_only_with_trigger.py
[2025-08-19T21:54:12.683+0000] {logging_mixin.py:188} INFO - [2025-08-19T21:54:12.683+0000] {dag.py:3036} INFO - Sync 1 DAGs
[2025-08-19T21:54:12.698+0000] {logging_mixin.py:188} INFO - [2025-08-19T21:54:12.698+0000] {dag.py:3823} INFO - Setting next_dagrun for latest_only_with_trigger to 2025-08-19 16:00:00+00:00, run_after=2025-08-19 20:00:00+00:00
[2025-08-19T21:54:12.706+0000] {processor.py:183} INFO - Processing /home/airflow/.local/lib/python3.8/site-packages/airflow/example_dags/example_latest_only_with_trigger.py took 0.046 seconds
[2025-08-19T21:54:43.197+0000] {processor.py:161} INFO - Started process (PID=565) to work on /home/airflow/.local/lib/python3.8/site-packages/airflow/example_dags/example_latest_only_with_trigger.py
[2025-08-19T21:54:43.198+0000] {processor.py:830} INFO - Processing file /home/airflow/.local/lib/python3.8/site-packages/airflow/example_dags/example_latest_only_with_trigger.py for tasks to queue
[2025-08-19T21:54:43.199+0000] {logging_mixin.py:188} INFO - [2025-08-19T21:54:43.199+0000] {dagbag.py:538} INFO - Filling up the DagBag from /home/airflow/.local/lib/python3.8/site-packages/airflow/example_dags/example_latest_only_with_trigger.py
[2025-08-19T21:54:43.203+0000] {processor.py:840} INFO - DAG(s) 'latest_only_with_trigger' retrieved from /home/airflow/.local/lib/python3.8/site-packages/airflow/example_dags/example_latest_only_with_trigger.py
[2025-08-19T21:54:43.216+0000] {logging_mixin.py:188} INFO - [2025-08-19T21:54:43.216+0000] {dag.py:3036} INFO - Sync 1 DAGs
[2025-08-19T21:54:43.226+0000] {logging_mixin.py:188} INFO - [2025-08-19T21:54:43.226+0000] {dag.py:3823} INFO - Setting next_dagrun for latest_only_with_trigger to 2025-08-19 16:00:00+00:00, run_after=2025-08-19 20:00:00+00:00
[2025-08-19T21:54:43.232+0000] {processor.py:183} INFO - Processing /home/airflow/.local/lib/python3.8/site-packages/airflow/example_dags/example_latest_only_with_trigger.py took 0.038 seconds
[2025-08-19T21:55:13.792+0000] {processor.py:161} INFO - Started process (PID=621) to work on /home/airflow/.local/lib/python3.8/site-packages/airflow/example_dags/example_latest_only_with_trigger.py
[2025-08-19T21:55:13.793+0000] {processor.py:830} INFO - Processing file /home/airflow/.local/lib/python3.8/site-packages/airflow/example_dags/example_latest_only_with_trigger.py for tasks to queue
[2025-08-19T21:55:13.794+0000] {logging_mixin.py:188} INFO - [2025-08-19T21:55:13.794+0000] {dagbag.py:538} INFO - Filling up the DagBag from /home/airflow/.local/lib/python3.8/site-packages/airflow/example_dags/example_latest_only_with_trigger.py
[2025-08-19T21:55:13.797+0000] {processor.py:840} INFO - DAG(s) 'latest_only_with_trigger' retrieved from /home/airflow/.local/lib/python3.8/site-packages/airflow/example_dags/example_latest_only_with_trigger.py
[2025-08-19T21:55:13.806+0000] {logging_mixin.py:188} INFO - [2025-08-19T21:55:13.806+0000] {dag.py:3036} INFO - Sync 1 DAGs
[2025-08-19T21:55:13.815+0000] {logging_mixin.py:188} INFO - [2025-08-19T21:55:13.815+0000] {dag.py:3823} INFO - Setting next_dagrun for latest_only_with_trigger to 2025-08-19 16:00:00+00:00, run_after=2025-08-19 20:00:00+00:00
[2025-08-19T21:55:13.828+0000] {processor.py:183} INFO - Processing /home/airflow/.local/lib/python3.8/site-packages/airflow/example_dags/example_latest_only_with_trigger.py took 0.038 seconds
[2025-08-19T21:55:44.398+0000] {processor.py:161} INFO - Started process (PID=677) to work on /home/airflow/.local/lib/python3.8/site-packages/airflow/example_dags/example_latest_only_with_trigger.py
[2025-08-19T21:55:44.402+0000] {processor.py:830} INFO - Processing file /home/airflow/.local/lib/python3.8/site-packages/airflow/example_dags/example_latest_only_with_trigger.py for tasks to queue
[2025-08-19T21:55:44.403+0000] {logging_mixin.py:188} INFO - [2025-08-19T21:55:44.403+0000] {dagbag.py:538} INFO - Filling up the DagBag from /home/airflow/.local/lib/python3.8/site-packages/airflow/example_dags/example_latest_only_with_trigger.py
[2025-08-19T21:55:44.407+0000] {processor.py:840} INFO - DAG(s) 'latest_only_with_trigger' retrieved from /home/airflow/.local/lib/python3.8/site-packages/airflow/example_dags/example_latest_only_with_trigger.py
[2025-08-19T21:55:44.417+0000] {logging_mixin.py:188} INFO - [2025-08-19T21:55:44.417+0000] {dag.py:3036} INFO - Sync 1 DAGs
[2025-08-19T21:55:44.428+0000] {logging_mixin.py:188} INFO - [2025-08-19T21:55:44.428+0000] {dag.py:3823} INFO - Setting next_dagrun for latest_only_with_trigger to 2025-08-19 16:00:00+00:00, run_after=2025-08-19 20:00:00+00:00
[2025-08-19T21:55:44.436+0000] {processor.py:183} INFO - Processing /home/airflow/.local/lib/python3.8/site-packages/airflow/example_dags/example_latest_only_with_trigger.py took 0.040 seconds
[2025-08-19T21:56:15.070+0000] {processor.py:161} INFO - Started process (PID=733) to work on /home/airflow/.local/lib/python3.8/site-packages/airflow/example_dags/example_latest_only_with_trigger.py
[2025-08-19T21:56:15.071+0000] {processor.py:830} INFO - Processing file /home/airflow/.local/lib/python3.8/site-packages/airflow/example_dags/example_latest_only_with_trigger.py for tasks to queue
[2025-08-19T21:56:15.072+0000] {logging_mixin.py:188} INFO - [2025-08-19T21:56:15.072+0000] {dagbag.py:538} INFO - Filling up the DagBag from /home/airflow/.local/lib/python3.8/site-packages/airflow/example_dags/example_latest_only_with_trigger.py
[2025-08-19T21:56:15.075+0000] {processor.py:840} INFO - DAG(s) 'latest_only_with_trigger' retrieved from /home/airflow/.local/lib/python3.8/site-packages/airflow/example_dags/example_latest_only_with_trigger.py
[2025-08-19T21:56:15.087+0000] {logging_mixin.py:188} INFO - [2025-08-19T21:56:15.087+0000] {dag.py:3036} INFO - Sync 1 DAGs
[2025-08-19T21:56:15.100+0000] {logging_mixin.py:188} INFO - [2025-08-19T21:56:15.100+0000] {dag.py:3823} INFO - Setting next_dagrun for latest_only_with_trigger to 2025-08-19 16:00:00+00:00, run_after=2025-08-19 20:00:00+00:00
[2025-08-19T21:56:15.112+0000] {processor.py:183} INFO - Processing /home/airflow/.local/lib/python3.8/site-packages/airflow/example_dags/example_latest_only_with_trigger.py took 0.045 seconds
[2025-08-19T21:56:45.654+0000] {processor.py:161} INFO - Started process (PID=789) to work on /home/airflow/.local/lib/python3.8/site-packages/airflow/example_dags/example_latest_only_with_trigger.py
[2025-08-19T21:56:45.658+0000] {processor.py:830} INFO - Processing file /home/airflow/.local/lib/python3.8/site-packages/airflow/example_dags/example_latest_only_with_trigger.py for tasks to queue
[2025-08-19T21:56:45.659+0000] {logging_mixin.py:188} INFO - [2025-08-19T21:56:45.659+0000] {dagbag.py:538} INFO - Filling up the DagBag from /home/airflow/.local/lib/python3.8/site-packages/airflow/example_dags/example_latest_only_with_trigger.py
[2025-08-19T21:56:45.664+0000] {processor.py:840} INFO - DAG(s) 'latest_only_with_trigger' retrieved from /home/airflow/.local/lib/python3.8/site-packages/airflow/example_dags/example_latest_only_with_trigger.py
[2025-08-19T21:56:45.679+0000] {logging_mixin.py:188} INFO - [2025-08-19T21:56:45.678+0000] {dag.py:3036} INFO - Sync 1 DAGs
[2025-08-19T21:56:45.688+0000] {logging_mixin.py:188} INFO - [2025-08-19T21:56:45.688+0000] {dag.py:3823} INFO - Setting next_dagrun for latest_only_with_trigger to 2025-08-19 16:00:00+00:00, run_after=2025-08-19 20:00:00+00:00
[2025-08-19T21:56:45.697+0000] {processor.py:183} INFO - Processing /home/airflow/.local/lib/python3.8/site-packages/airflow/example_dags/example_latest_only_with_trigger.py took 0.045 seconds
[2025-08-19T21:57:16.321+0000] {processor.py:161} INFO - Started process (PID=845) to work on /home/airflow/.local/lib/python3.8/site-packages/airflow/example_dags/example_latest_only_with_trigger.py
[2025-08-19T21:57:16.322+0000] {processor.py:830} INFO - Processing file /home/airflow/.local/lib/python3.8/site-packages/airflow/example_dags/example_latest_only_with_trigger.py for tasks to queue
[2025-08-19T21:57:16.324+0000] {logging_mixin.py:188} INFO - [2025-08-19T21:57:16.324+0000] {dagbag.py:538} INFO - Filling up the DagBag from /home/airflow/.local/lib/python3.8/site-packages/airflow/example_dags/example_latest_only_with_trigger.py
[2025-08-19T21:57:16.327+0000] {processor.py:840} INFO - DAG(s) 'latest_only_with_trigger' retrieved from /home/airflow/.local/lib/python3.8/site-packages/airflow/example_dags/example_latest_only_with_trigger.py
[2025-08-19T21:57:16.340+0000] {logging_mixin.py:188} INFO - [2025-08-19T21:57:16.340+0000] {dag.py:3036} INFO - Sync 1 DAGs
[2025-08-19T21:57:16.353+0000] {logging_mixin.py:188} INFO - [2025-08-19T21:57:16.353+0000] {dag.py:3823} INFO - Setting next_dagrun for latest_only_with_trigger to 2025-08-19 16:00:00+00:00, run_after=2025-08-19 20:00:00+00:00
[2025-08-19T21:57:16.361+0000] {processor.py:183} INFO - Processing /home/airflow/.local/lib/python3.8/site-packages/airflow/example_dags/example_latest_only_with_trigger.py took 0.044 seconds
[2025-08-19T21:57:46.916+0000] {processor.py:161} INFO - Started process (PID=901) to work on /home/airflow/.local/lib/python3.8/site-packages/airflow/example_dags/example_latest_only_with_trigger.py
[2025-08-19T21:57:46.921+0000] {processor.py:830} INFO - Processing file /home/airflow/.local/lib/python3.8/site-packages/airflow/example_dags/example_latest_only_with_trigger.py for tasks to queue
[2025-08-19T21:57:46.925+0000] {logging_mixin.py:188} INFO - [2025-08-19T21:57:46.925+0000] {dagbag.py:538} INFO - Filling up the DagBag from /home/airflow/.local/lib/python3.8/site-packages/airflow/example_dags/example_latest_only_with_trigger.py
[2025-08-19T21:57:46.929+0000] {processor.py:840} INFO - DAG(s) 'latest_only_with_trigger' retrieved from /home/airflow/.local/lib/python3.8/site-packages/airflow/example_dags/example_latest_only_with_trigger.py
[2025-08-19T21:57:46.942+0000] {logging_mixin.py:188} INFO - [2025-08-19T21:57:46.942+0000] {dag.py:3036} INFO - Sync 1 DAGs
[2025-08-19T21:57:46.951+0000] {logging_mixin.py:188} INFO - [2025-08-19T21:57:46.951+0000] {dag.py:3823} INFO - Setting next_dagrun for latest_only_with_trigger to 2025-08-19 16:00:00+00:00, run_after=2025-08-19 20:00:00+00:00
[2025-08-19T21:57:46.959+0000] {processor.py:183} INFO - Processing /home/airflow/.local/lib/python3.8/site-packages/airflow/example_dags/example_latest_only_with_trigger.py took 0.045 seconds
[2025-08-19T21:58:17.487+0000] {processor.py:161} INFO - Started process (PID=957) to work on /home/airflow/.local/lib/python3.8/site-packages/airflow/example_dags/example_latest_only_with_trigger.py
[2025-08-19T21:58:17.490+0000] {processor.py:830} INFO - Processing file /home/airflow/.local/lib/python3.8/site-packages/airflow/example_dags/example_latest_only_with_trigger.py for tasks to queue
[2025-08-19T21:58:17.492+0000] {logging_mixin.py:188} INFO - [2025-08-19T21:58:17.492+0000] {dagbag.py:538} INFO - Filling up the DagBag from /home/airflow/.local/lib/python3.8/site-packages/airflow/example_dags/example_latest_only_with_trigger.py
[2025-08-19T21:58:17.496+0000] {processor.py:840} INFO - DAG(s) 'latest_only_with_trigger' retrieved from /home/airflow/.local/lib/python3.8/site-packages/airflow/example_dags/example_latest_only_with_trigger.py
[2025-08-19T21:58:17.510+0000] {logging_mixin.py:188} INFO - [2025-08-19T21:58:17.510+0000] {dag.py:3036} INFO - Sync 1 DAGs
[2025-08-19T21:58:17.520+0000] {logging_mixin.py:188} INFO - [2025-08-19T21:58:17.519+0000] {dag.py:3823} INFO - Setting next_dagrun for latest_only_with_trigger to 2025-08-19 16:00:00+00:00, run_after=2025-08-19 20:00:00+00:00
[2025-08-19T21:58:17.528+0000] {processor.py:183} INFO - Processing /home/airflow/.local/lib/python3.8/site-packages/airflow/example_dags/example_latest_only_with_trigger.py took 0.045 seconds
[2025-08-19T21:58:48.061+0000] {processor.py:161} INFO - Started process (PID=1013) to work on /home/airflow/.local/lib/python3.8/site-packages/airflow/example_dags/example_latest_only_with_trigger.py
[2025-08-19T21:58:48.062+0000] {processor.py:830} INFO - Processing file /home/airflow/.local/lib/python3.8/site-packages/airflow/example_dags/example_latest_only_with_trigger.py for tasks to queue
[2025-08-19T21:58:48.063+0000] {logging_mixin.py:188} INFO - [2025-08-19T21:58:48.063+0000] {dagbag.py:538} INFO - Filling up the DagBag from /home/airflow/.local/lib/python3.8/site-packages/airflow/example_dags/example_latest_only_with_trigger.py
[2025-08-19T21:58:48.068+0000] {processor.py:840} INFO - DAG(s) 'latest_only_with_trigger' retrieved from /home/airflow/.local/lib/python3.8/site-packages/airflow/example_dags/example_latest_only_with_trigger.py
[2025-08-19T21:58:48.081+0000] {logging_mixin.py:188} INFO - [2025-08-19T21:58:48.081+0000] {dag.py:3036} INFO - Sync 1 DAGs
[2025-08-19T21:58:48.092+0000] {logging_mixin.py:188} INFO - [2025-08-19T21:58:48.092+0000] {dag.py:3823} INFO - Setting next_dagrun for latest_only_with_trigger to 2025-08-19 16:00:00+00:00, run_after=2025-08-19 20:00:00+00:00
[2025-08-19T21:58:48.102+0000] {processor.py:183} INFO - Processing /home/airflow/.local/lib/python3.8/site-packages/airflow/example_dags/example_latest_only_with_trigger.py took 0.043 seconds
[2025-08-19T21:59:18.561+0000] {processor.py:161} INFO - Started process (PID=1069) to work on /home/airflow/.local/lib/python3.8/site-packages/airflow/example_dags/example_latest_only_with_trigger.py
[2025-08-19T21:59:18.562+0000] {processor.py:830} INFO - Processing file /home/airflow/.local/lib/python3.8/site-packages/airflow/example_dags/example_latest_only_with_trigger.py for tasks to queue
[2025-08-19T21:59:18.564+0000] {logging_mixin.py:188} INFO - [2025-08-19T21:59:18.563+0000] {dagbag.py:538} INFO - Filling up the DagBag from /home/airflow/.local/lib/python3.8/site-packages/airflow/example_dags/example_latest_only_with_trigger.py
[2025-08-19T21:59:18.567+0000] {processor.py:840} INFO - DAG(s) 'latest_only_with_trigger' retrieved from /home/airflow/.local/lib/python3.8/site-packages/airflow/example_dags/example_latest_only_with_trigger.py
[2025-08-19T21:59:18.580+0000] {logging_mixin.py:188} INFO - [2025-08-19T21:59:18.580+0000] {dag.py:3036} INFO - Sync 1 DAGs
[2025-08-19T21:59:18.591+0000] {logging_mixin.py:188} INFO - [2025-08-19T21:59:18.591+0000] {dag.py:3823} INFO - Setting next_dagrun for latest_only_with_trigger to 2025-08-19 16:00:00+00:00, run_after=2025-08-19 20:00:00+00:00
[2025-08-19T21:59:18.600+0000] {processor.py:183} INFO - Processing /home/airflow/.local/lib/python3.8/site-packages/airflow/example_dags/example_latest_only_with_trigger.py took 0.041 seconds
[2025-08-19T21:59:49.112+0000] {processor.py:161} INFO - Started process (PID=1125) to work on /home/airflow/.local/lib/python3.8/site-packages/airflow/example_dags/example_latest_only_with_trigger.py
[2025-08-19T21:59:49.114+0000] {processor.py:830} INFO - Processing file /home/airflow/.local/lib/python3.8/site-packages/airflow/example_dags/example_latest_only_with_trigger.py for tasks to queue
[2025-08-19T21:59:49.115+0000] {logging_mixin.py:188} INFO - [2025-08-19T21:59:49.115+0000] {dagbag.py:538} INFO - Filling up the DagBag from /home/airflow/.local/lib/python3.8/site-packages/airflow/example_dags/example_latest_only_with_trigger.py
[2025-08-19T21:59:49.118+0000] {processor.py:840} INFO - DAG(s) 'latest_only_with_trigger' retrieved from /home/airflow/.local/lib/python3.8/site-packages/airflow/example_dags/example_latest_only_with_trigger.py
[2025-08-19T21:59:49.131+0000] {logging_mixin.py:188} INFO - [2025-08-19T21:59:49.131+0000] {dag.py:3036} INFO - Sync 1 DAGs
[2025-08-19T21:59:49.140+0000] {logging_mixin.py:188} INFO - [2025-08-19T21:59:49.140+0000] {dag.py:3823} INFO - Setting next_dagrun for latest_only_with_trigger to 2025-08-19 16:00:00+00:00, run_after=2025-08-19 20:00:00+00:00
[2025-08-19T21:59:49.152+0000] {processor.py:183} INFO - Processing /home/airflow/.local/lib/python3.8/site-packages/airflow/example_dags/example_latest_only_with_trigger.py took 0.042 seconds
[2025-08-19T22:00:19.637+0000] {processor.py:161} INFO - Started process (PID=1181) to work on /home/airflow/.local/lib/python3.8/site-packages/airflow/example_dags/example_latest_only_with_trigger.py
[2025-08-19T22:00:19.641+0000] {processor.py:830} INFO - Processing file /home/airflow/.local/lib/python3.8/site-packages/airflow/example_dags/example_latest_only_with_trigger.py for tasks to queue
[2025-08-19T22:00:19.643+0000] {logging_mixin.py:188} INFO - [2025-08-19T22:00:19.643+0000] {dagbag.py:538} INFO - Filling up the DagBag from /home/airflow/.local/lib/python3.8/site-packages/airflow/example_dags/example_latest_only_with_trigger.py
[2025-08-19T22:00:19.647+0000] {processor.py:840} INFO - DAG(s) 'latest_only_with_trigger' retrieved from /home/airflow/.local/lib/python3.8/site-packages/airflow/example_dags/example_latest_only_with_trigger.py
[2025-08-19T22:00:19.658+0000] {logging_mixin.py:188} INFO - [2025-08-19T22:00:19.658+0000] {dag.py:3036} INFO - Sync 1 DAGs
[2025-08-19T22:00:19.670+0000] {logging_mixin.py:188} INFO - [2025-08-19T22:00:19.670+0000] {dag.py:3823} INFO - Setting next_dagrun for latest_only_with_trigger to 2025-08-19 16:00:00+00:00, run_after=2025-08-19 20:00:00+00:00
[2025-08-19T22:00:19.678+0000] {processor.py:183} INFO - Processing /home/airflow/.local/lib/python3.8/site-packages/airflow/example_dags/example_latest_only_with_trigger.py took 0.044 seconds
[2025-08-19T22:00:50.190+0000] {processor.py:161} INFO - Started process (PID=1237) to work on /home/airflow/.local/lib/python3.8/site-packages/airflow/example_dags/example_latest_only_with_trigger.py
[2025-08-19T22:00:50.190+0000] {processor.py:830} INFO - Processing file /home/airflow/.local/lib/python3.8/site-packages/airflow/example_dags/example_latest_only_with_trigger.py for tasks to queue
[2025-08-19T22:00:50.191+0000] {logging_mixin.py:188} INFO - [2025-08-19T22:00:50.191+0000] {dagbag.py:538} INFO - Filling up the DagBag from /home/airflow/.local/lib/python3.8/site-packages/airflow/example_dags/example_latest_only_with_trigger.py
[2025-08-19T22:00:50.195+0000] {processor.py:840} INFO - DAG(s) 'latest_only_with_trigger' retrieved from /home/airflow/.local/lib/python3.8/site-packages/airflow/example_dags/example_latest_only_with_trigger.py
[2025-08-19T22:00:50.207+0000] {logging_mixin.py:188} INFO - [2025-08-19T22:00:50.207+0000] {dag.py:3036} INFO - Sync 1 DAGs
[2025-08-19T22:00:50.218+0000] {logging_mixin.py:188} INFO - [2025-08-19T22:00:50.218+0000] {dag.py:3823} INFO - Setting next_dagrun for latest_only_with_trigger to 2025-08-19 16:00:00+00:00, run_after=2025-08-19 20:00:00+00:00
[2025-08-19T22:00:50.226+0000] {processor.py:183} INFO - Processing /home/airflow/.local/lib/python3.8/site-packages/airflow/example_dags/example_latest_only_with_trigger.py took 0.038 seconds
[2025-08-19T22:01:20.908+0000] {processor.py:161} INFO - Started process (PID=1293) to work on /home/airflow/.local/lib/python3.8/site-packages/airflow/example_dags/example_latest_only_with_trigger.py
[2025-08-19T22:01:20.909+0000] {processor.py:830} INFO - Processing file /home/airflow/.local/lib/python3.8/site-packages/airflow/example_dags/example_latest_only_with_trigger.py for tasks to queue
[2025-08-19T22:01:20.911+0000] {logging_mixin.py:188} INFO - [2025-08-19T22:01:20.911+0000] {dagbag.py:538} INFO - Filling up the DagBag from /home/airflow/.local/lib/python3.8/site-packages/airflow/example_dags/example_latest_only_with_trigger.py
[2025-08-19T22:01:20.915+0000] {processor.py:840} INFO - DAG(s) 'latest_only_with_trigger' retrieved from /home/airflow/.local/lib/python3.8/site-packages/airflow/example_dags/example_latest_only_with_trigger.py
[2025-08-19T22:01:20.930+0000] {logging_mixin.py:188} INFO - [2025-08-19T22:01:20.929+0000] {dag.py:3036} INFO - Sync 1 DAGs
[2025-08-19T22:01:20.979+0000] {logging_mixin.py:188} INFO - [2025-08-19T22:01:20.979+0000] {dag.py:3823} INFO - Setting next_dagrun for latest_only_with_trigger to 2025-08-19 16:00:00+00:00, run_after=2025-08-19 20:00:00+00:00
[2025-08-19T22:01:20.999+0000] {processor.py:183} INFO - Processing /home/airflow/.local/lib/python3.8/site-packages/airflow/example_dags/example_latest_only_with_trigger.py took 0.094 seconds
[2025-08-19T22:01:51.061+0000] {processor.py:161} INFO - Started process (PID=1349) to work on /home/airflow/.local/lib/python3.8/site-packages/airflow/example_dags/example_latest_only_with_trigger.py
[2025-08-19T22:01:51.063+0000] {processor.py:830} INFO - Processing file /home/airflow/.local/lib/python3.8/site-packages/airflow/example_dags/example_latest_only_with_trigger.py for tasks to queue
[2025-08-19T22:01:51.064+0000] {logging_mixin.py:188} INFO - [2025-08-19T22:01:51.064+0000] {dagbag.py:538} INFO - Filling up the DagBag from /home/airflow/.local/lib/python3.8/site-packages/airflow/example_dags/example_latest_only_with_trigger.py
[2025-08-19T22:01:51.067+0000] {processor.py:840} INFO - DAG(s) 'latest_only_with_trigger' retrieved from /home/airflow/.local/lib/python3.8/site-packages/airflow/example_dags/example_latest_only_with_trigger.py
[2025-08-19T22:01:51.085+0000] {logging_mixin.py:188} INFO - [2025-08-19T22:01:51.085+0000] {dag.py:3036} INFO - Sync 1 DAGs
[2025-08-19T22:01:51.097+0000] {logging_mixin.py:188} INFO - [2025-08-19T22:01:51.097+0000] {dag.py:3823} INFO - Setting next_dagrun for latest_only_with_trigger to 2025-08-19 16:00:00+00:00, run_after=2025-08-19 20:00:00+00:00
[2025-08-19T22:01:51.105+0000] {processor.py:183} INFO - Processing /home/airflow/.local/lib/python3.8/site-packages/airflow/example_dags/example_latest_only_with_trigger.py took 0.047 seconds
[2025-08-19T22:02:22.017+0000] {processor.py:161} INFO - Started process (PID=1405) to work on /home/airflow/.local/lib/python3.8/site-packages/airflow/example_dags/example_latest_only_with_trigger.py
[2025-08-19T22:02:22.018+0000] {processor.py:830} INFO - Processing file /home/airflow/.local/lib/python3.8/site-packages/airflow/example_dags/example_latest_only_with_trigger.py for tasks to queue
[2025-08-19T22:02:22.019+0000] {logging_mixin.py:188} INFO - [2025-08-19T22:02:22.019+0000] {dagbag.py:538} INFO - Filling up the DagBag from /home/airflow/.local/lib/python3.8/site-packages/airflow/example_dags/example_latest_only_with_trigger.py
[2025-08-19T22:02:22.022+0000] {processor.py:840} INFO - DAG(s) 'latest_only_with_trigger' retrieved from /home/airflow/.local/lib/python3.8/site-packages/airflow/example_dags/example_latest_only_with_trigger.py
[2025-08-19T22:02:22.037+0000] {logging_mixin.py:188} INFO - [2025-08-19T22:02:22.037+0000] {dag.py:3036} INFO - Sync 1 DAGs
[2025-08-19T22:02:22.050+0000] {logging_mixin.py:188} INFO - [2025-08-19T22:02:22.050+0000] {dag.py:3823} INFO - Setting next_dagrun for latest_only_with_trigger to 2025-08-19 16:00:00+00:00, run_after=2025-08-19 20:00:00+00:00
[2025-08-19T22:02:22.071+0000] {processor.py:183} INFO - Processing /home/airflow/.local/lib/python3.8/site-packages/airflow/example_dags/example_latest_only_with_trigger.py took 0.058 seconds
[2025-08-19T22:02:52.924+0000] {processor.py:161} INFO - Started process (PID=1461) to work on /home/airflow/.local/lib/python3.8/site-packages/airflow/example_dags/example_latest_only_with_trigger.py
[2025-08-19T22:02:52.925+0000] {processor.py:830} INFO - Processing file /home/airflow/.local/lib/python3.8/site-packages/airflow/example_dags/example_latest_only_with_trigger.py for tasks to queue
[2025-08-19T22:02:52.926+0000] {logging_mixin.py:188} INFO - [2025-08-19T22:02:52.926+0000] {dagbag.py:538} INFO - Filling up the DagBag from /home/airflow/.local/lib/python3.8/site-packages/airflow/example_dags/example_latest_only_with_trigger.py
[2025-08-19T22:02:52.932+0000] {processor.py:840} INFO - DAG(s) 'latest_only_with_trigger' retrieved from /home/airflow/.local/lib/python3.8/site-packages/airflow/example_dags/example_latest_only_with_trigger.py
[2025-08-19T22:02:52.944+0000] {logging_mixin.py:188} INFO - [2025-08-19T22:02:52.943+0000] {dag.py:3036} INFO - Sync 1 DAGs
[2025-08-19T22:02:52.953+0000] {logging_mixin.py:188} INFO - [2025-08-19T22:02:52.953+0000] {dag.py:3823} INFO - Setting next_dagrun for latest_only_with_trigger to 2025-08-19 16:00:00+00:00, run_after=2025-08-19 20:00:00+00:00
[2025-08-19T22:02:52.960+0000] {processor.py:183} INFO - Processing /home/airflow/.local/lib/python3.8/site-packages/airflow/example_dags/example_latest_only_with_trigger.py took 0.038 seconds
[2025-08-19T22:03:23.876+0000] {processor.py:161} INFO - Started process (PID=1517) to work on /home/airflow/.local/lib/python3.8/site-packages/airflow/example_dags/example_latest_only_with_trigger.py
[2025-08-19T22:03:23.877+0000] {processor.py:830} INFO - Processing file /home/airflow/.local/lib/python3.8/site-packages/airflow/example_dags/example_latest_only_with_trigger.py for tasks to queue
[2025-08-19T22:03:23.878+0000] {logging_mixin.py:188} INFO - [2025-08-19T22:03:23.878+0000] {dagbag.py:538} INFO - Filling up the DagBag from /home/airflow/.local/lib/python3.8/site-packages/airflow/example_dags/example_latest_only_with_trigger.py
[2025-08-19T22:03:23.882+0000] {processor.py:840} INFO - DAG(s) 'latest_only_with_trigger' retrieved from /home/airflow/.local/lib/python3.8/site-packages/airflow/example_dags/example_latest_only_with_trigger.py
[2025-08-19T22:03:23.896+0000] {logging_mixin.py:188} INFO - [2025-08-19T22:03:23.896+0000] {dag.py:3036} INFO - Sync 1 DAGs
[2025-08-19T22:03:23.907+0000] {logging_mixin.py:188} INFO - [2025-08-19T22:03:23.907+0000] {dag.py:3823} INFO - Setting next_dagrun for latest_only_with_trigger to 2025-08-19 16:00:00+00:00, run_after=2025-08-19 20:00:00+00:00
[2025-08-19T22:03:23.921+0000] {processor.py:183} INFO - Processing /home/airflow/.local/lib/python3.8/site-packages/airflow/example_dags/example_latest_only_with_trigger.py took 0.047 seconds
[2025-08-19T22:03:54.674+0000] {processor.py:161} INFO - Started process (PID=1573) to work on /home/airflow/.local/lib/python3.8/site-packages/airflow/example_dags/example_latest_only_with_trigger.py
[2025-08-19T22:03:54.676+0000] {processor.py:830} INFO - Processing file /home/airflow/.local/lib/python3.8/site-packages/airflow/example_dags/example_latest_only_with_trigger.py for tasks to queue
[2025-08-19T22:03:54.676+0000] {logging_mixin.py:188} INFO - [2025-08-19T22:03:54.676+0000] {dagbag.py:538} INFO - Filling up the DagBag from /home/airflow/.local/lib/python3.8/site-packages/airflow/example_dags/example_latest_only_with_trigger.py
[2025-08-19T22:03:54.690+0000] {processor.py:840} INFO - DAG(s) 'latest_only_with_trigger' retrieved from /home/airflow/.local/lib/python3.8/site-packages/airflow/example_dags/example_latest_only_with_trigger.py
[2025-08-19T22:03:54.706+0000] {logging_mixin.py:188} INFO - [2025-08-19T22:03:54.706+0000] {dag.py:3036} INFO - Sync 1 DAGs
[2025-08-19T22:03:54.717+0000] {logging_mixin.py:188} INFO - [2025-08-19T22:03:54.716+0000] {dag.py:3823} INFO - Setting next_dagrun for latest_only_with_trigger to 2025-08-19 16:00:00+00:00, run_after=2025-08-19 20:00:00+00:00
[2025-08-19T22:03:54.724+0000] {processor.py:183} INFO - Processing /home/airflow/.local/lib/python3.8/site-packages/airflow/example_dags/example_latest_only_with_trigger.py took 0.053 seconds
[2025-08-19T22:04:25.303+0000] {processor.py:161} INFO - Started process (PID=1629) to work on /home/airflow/.local/lib/python3.8/site-packages/airflow/example_dags/example_latest_only_with_trigger.py
[2025-08-19T22:04:25.304+0000] {processor.py:830} INFO - Processing file /home/airflow/.local/lib/python3.8/site-packages/airflow/example_dags/example_latest_only_with_trigger.py for tasks to queue
[2025-08-19T22:04:25.304+0000] {logging_mixin.py:188} INFO - [2025-08-19T22:04:25.304+0000] {dagbag.py:538} INFO - Filling up the DagBag from /home/airflow/.local/lib/python3.8/site-packages/airflow/example_dags/example_latest_only_with_trigger.py
[2025-08-19T22:04:25.307+0000] {processor.py:840} INFO - DAG(s) 'latest_only_with_trigger' retrieved from /home/airflow/.local/lib/python3.8/site-packages/airflow/example_dags/example_latest_only_with_trigger.py
[2025-08-19T22:04:25.315+0000] {logging_mixin.py:188} INFO - [2025-08-19T22:04:25.315+0000] {dag.py:3036} INFO - Sync 1 DAGs
[2025-08-19T22:04:25.323+0000] {logging_mixin.py:188} INFO - [2025-08-19T22:04:25.323+0000] {dag.py:3823} INFO - Setting next_dagrun for latest_only_with_trigger to 2025-08-19 16:00:00+00:00, run_after=2025-08-19 20:00:00+00:00
[2025-08-19T22:04:25.329+0000] {processor.py:183} INFO - Processing /home/airflow/.local/lib/python3.8/site-packages/airflow/example_dags/example_latest_only_with_trigger.py took 0.027 seconds
[2025-08-19T22:04:55.686+0000] {processor.py:161} INFO - Started process (PID=1685) to work on /home/airflow/.local/lib/python3.8/site-packages/airflow/example_dags/example_latest_only_with_trigger.py
[2025-08-19T22:04:55.689+0000] {processor.py:830} INFO - Processing file /home/airflow/.local/lib/python3.8/site-packages/airflow/example_dags/example_latest_only_with_trigger.py for tasks to queue
[2025-08-19T22:04:55.690+0000] {logging_mixin.py:188} INFO - [2025-08-19T22:04:55.689+0000] {dagbag.py:538} INFO - Filling up the DagBag from /home/airflow/.local/lib/python3.8/site-packages/airflow/example_dags/example_latest_only_with_trigger.py
[2025-08-19T22:04:55.692+0000] {processor.py:840} INFO - DAG(s) 'latest_only_with_trigger' retrieved from /home/airflow/.local/lib/python3.8/site-packages/airflow/example_dags/example_latest_only_with_trigger.py
[2025-08-19T22:04:55.703+0000] {logging_mixin.py:188} INFO - [2025-08-19T22:04:55.702+0000] {dag.py:3036} INFO - Sync 1 DAGs
[2025-08-19T22:04:55.710+0000] {logging_mixin.py:188} INFO - [2025-08-19T22:04:55.710+0000] {dag.py:3823} INFO - Setting next_dagrun for latest_only_with_trigger to 2025-08-19 16:00:00+00:00, run_after=2025-08-19 20:00:00+00:00
[2025-08-19T22:04:55.716+0000] {processor.py:183} INFO - Processing /home/airflow/.local/lib/python3.8/site-packages/airflow/example_dags/example_latest_only_with_trigger.py took 0.032 seconds
[2025-08-19T22:05:26.195+0000] {processor.py:161} INFO - Started process (PID=1741) to work on /home/airflow/.local/lib/python3.8/site-packages/airflow/example_dags/example_latest_only_with_trigger.py
[2025-08-19T22:05:26.198+0000] {processor.py:830} INFO - Processing file /home/airflow/.local/lib/python3.8/site-packages/airflow/example_dags/example_latest_only_with_trigger.py for tasks to queue
[2025-08-19T22:05:26.199+0000] {logging_mixin.py:188} INFO - [2025-08-19T22:05:26.199+0000] {dagbag.py:538} INFO - Filling up the DagBag from /home/airflow/.local/lib/python3.8/site-packages/airflow/example_dags/example_latest_only_with_trigger.py
[2025-08-19T22:05:26.203+0000] {processor.py:840} INFO - DAG(s) 'latest_only_with_trigger' retrieved from /home/airflow/.local/lib/python3.8/site-packages/airflow/example_dags/example_latest_only_with_trigger.py
[2025-08-19T22:05:26.214+0000] {logging_mixin.py:188} INFO - [2025-08-19T22:05:26.214+0000] {dag.py:3036} INFO - Sync 1 DAGs
[2025-08-19T22:05:26.222+0000] {logging_mixin.py:188} INFO - [2025-08-19T22:05:26.222+0000] {dag.py:3823} INFO - Setting next_dagrun for latest_only_with_trigger to 2025-08-19 16:00:00+00:00, run_after=2025-08-19 20:00:00+00:00
[2025-08-19T22:05:26.229+0000] {processor.py:183} INFO - Processing /home/airflow/.local/lib/python3.8/site-packages/airflow/example_dags/example_latest_only_with_trigger.py took 0.035 seconds
[2025-08-19T22:05:56.293+0000] {processor.py:161} INFO - Started process (PID=1797) to work on /home/airflow/.local/lib/python3.8/site-packages/airflow/example_dags/example_latest_only_with_trigger.py
[2025-08-19T22:05:56.294+0000] {processor.py:830} INFO - Processing file /home/airflow/.local/lib/python3.8/site-packages/airflow/example_dags/example_latest_only_with_trigger.py for tasks to queue
[2025-08-19T22:05:56.295+0000] {logging_mixin.py:188} INFO - [2025-08-19T22:05:56.295+0000] {dagbag.py:538} INFO - Filling up the DagBag from /home/airflow/.local/lib/python3.8/site-packages/airflow/example_dags/example_latest_only_with_trigger.py
[2025-08-19T22:05:56.297+0000] {processor.py:840} INFO - DAG(s) 'latest_only_with_trigger' retrieved from /home/airflow/.local/lib/python3.8/site-packages/airflow/example_dags/example_latest_only_with_trigger.py
[2025-08-19T22:05:56.309+0000] {logging_mixin.py:188} INFO - [2025-08-19T22:05:56.308+0000] {dag.py:3036} INFO - Sync 1 DAGs
[2025-08-19T22:05:56.317+0000] {logging_mixin.py:188} INFO - [2025-08-19T22:05:56.317+0000] {dag.py:3823} INFO - Setting next_dagrun for latest_only_with_trigger to 2025-08-19 16:00:00+00:00, run_after=2025-08-19 20:00:00+00:00
[2025-08-19T22:05:56.324+0000] {processor.py:183} INFO - Processing /home/airflow/.local/lib/python3.8/site-packages/airflow/example_dags/example_latest_only_with_trigger.py took 0.032 seconds
[2025-08-19T22:06:26.720+0000] {processor.py:161} INFO - Started process (PID=1853) to work on /home/airflow/.local/lib/python3.8/site-packages/airflow/example_dags/example_latest_only_with_trigger.py
[2025-08-19T22:06:26.722+0000] {processor.py:830} INFO - Processing file /home/airflow/.local/lib/python3.8/site-packages/airflow/example_dags/example_latest_only_with_trigger.py for tasks to queue
[2025-08-19T22:06:26.723+0000] {logging_mixin.py:188} INFO - [2025-08-19T22:06:26.723+0000] {dagbag.py:538} INFO - Filling up the DagBag from /home/airflow/.local/lib/python3.8/site-packages/airflow/example_dags/example_latest_only_with_trigger.py
[2025-08-19T22:06:26.725+0000] {processor.py:840} INFO - DAG(s) 'latest_only_with_trigger' retrieved from /home/airflow/.local/lib/python3.8/site-packages/airflow/example_dags/example_latest_only_with_trigger.py
[2025-08-19T22:06:26.735+0000] {logging_mixin.py:188} INFO - [2025-08-19T22:06:26.735+0000] {dag.py:3036} INFO - Sync 1 DAGs
[2025-08-19T22:06:26.743+0000] {logging_mixin.py:188} INFO - [2025-08-19T22:06:26.743+0000] {dag.py:3823} INFO - Setting next_dagrun for latest_only_with_trigger to 2025-08-19 16:00:00+00:00, run_after=2025-08-19 20:00:00+00:00
[2025-08-19T22:06:26.751+0000] {processor.py:183} INFO - Processing /home/airflow/.local/lib/python3.8/site-packages/airflow/example_dags/example_latest_only_with_trigger.py took 0.032 seconds
[2025-08-19T22:06:57.280+0000] {processor.py:161} INFO - Started process (PID=1909) to work on /home/airflow/.local/lib/python3.8/site-packages/airflow/example_dags/example_latest_only_with_trigger.py
[2025-08-19T22:06:57.281+0000] {processor.py:830} INFO - Processing file /home/airflow/.local/lib/python3.8/site-packages/airflow/example_dags/example_latest_only_with_trigger.py for tasks to queue
[2025-08-19T22:06:57.283+0000] {logging_mixin.py:188} INFO - [2025-08-19T22:06:57.283+0000] {dagbag.py:538} INFO - Filling up the DagBag from /home/airflow/.local/lib/python3.8/site-packages/airflow/example_dags/example_latest_only_with_trigger.py
[2025-08-19T22:06:57.286+0000] {processor.py:840} INFO - DAG(s) 'latest_only_with_trigger' retrieved from /home/airflow/.local/lib/python3.8/site-packages/airflow/example_dags/example_latest_only_with_trigger.py
[2025-08-19T22:06:57.299+0000] {logging_mixin.py:188} INFO - [2025-08-19T22:06:57.299+0000] {dag.py:3036} INFO - Sync 1 DAGs
[2025-08-19T22:06:57.311+0000] {logging_mixin.py:188} INFO - [2025-08-19T22:06:57.311+0000] {dag.py:3823} INFO - Setting next_dagrun for latest_only_with_trigger to 2025-08-19 16:00:00+00:00, run_after=2025-08-19 20:00:00+00:00
[2025-08-19T22:06:57.319+0000] {processor.py:183} INFO - Processing /home/airflow/.local/lib/python3.8/site-packages/airflow/example_dags/example_latest_only_with_trigger.py took 0.040 seconds
[2025-08-19T22:07:27.422+0000] {processor.py:161} INFO - Started process (PID=1965) to work on /home/airflow/.local/lib/python3.8/site-packages/airflow/example_dags/example_latest_only_with_trigger.py
[2025-08-19T22:07:27.423+0000] {processor.py:830} INFO - Processing file /home/airflow/.local/lib/python3.8/site-packages/airflow/example_dags/example_latest_only_with_trigger.py for tasks to queue
[2025-08-19T22:07:27.424+0000] {logging_mixin.py:188} INFO - [2025-08-19T22:07:27.424+0000] {dagbag.py:538} INFO - Filling up the DagBag from /home/airflow/.local/lib/python3.8/site-packages/airflow/example_dags/example_latest_only_with_trigger.py
[2025-08-19T22:07:27.427+0000] {processor.py:840} INFO - DAG(s) 'latest_only_with_trigger' retrieved from /home/airflow/.local/lib/python3.8/site-packages/airflow/example_dags/example_latest_only_with_trigger.py
[2025-08-19T22:07:27.439+0000] {logging_mixin.py:188} INFO - [2025-08-19T22:07:27.439+0000] {dag.py:3036} INFO - Sync 1 DAGs
[2025-08-19T22:07:27.448+0000] {logging_mixin.py:188} INFO - [2025-08-19T22:07:27.448+0000] {dag.py:3823} INFO - Setting next_dagrun for latest_only_with_trigger to 2025-08-19 16:00:00+00:00, run_after=2025-08-19 20:00:00+00:00
[2025-08-19T22:07:27.456+0000] {processor.py:183} INFO - Processing /home/airflow/.local/lib/python3.8/site-packages/airflow/example_dags/example_latest_only_with_trigger.py took 0.035 seconds
[2025-08-19T22:07:58.057+0000] {processor.py:161} INFO - Started process (PID=2021) to work on /home/airflow/.local/lib/python3.8/site-packages/airflow/example_dags/example_latest_only_with_trigger.py
[2025-08-19T22:07:58.058+0000] {processor.py:830} INFO - Processing file /home/airflow/.local/lib/python3.8/site-packages/airflow/example_dags/example_latest_only_with_trigger.py for tasks to queue
[2025-08-19T22:07:58.059+0000] {logging_mixin.py:188} INFO - [2025-08-19T22:07:58.058+0000] {dagbag.py:538} INFO - Filling up the DagBag from /home/airflow/.local/lib/python3.8/site-packages/airflow/example_dags/example_latest_only_with_trigger.py
[2025-08-19T22:07:58.066+0000] {processor.py:840} INFO - DAG(s) 'latest_only_with_trigger' retrieved from /home/airflow/.local/lib/python3.8/site-packages/airflow/example_dags/example_latest_only_with_trigger.py
[2025-08-19T22:07:58.084+0000] {logging_mixin.py:188} INFO - [2025-08-19T22:07:58.084+0000] {dag.py:3036} INFO - Sync 1 DAGs
[2025-08-19T22:07:58.093+0000] {logging_mixin.py:188} INFO - [2025-08-19T22:07:58.093+0000] {dag.py:3823} INFO - Setting next_dagrun for latest_only_with_trigger to 2025-08-19 16:00:00+00:00, run_after=2025-08-19 20:00:00+00:00
[2025-08-19T22:07:58.101+0000] {processor.py:183} INFO - Processing /home/airflow/.local/lib/python3.8/site-packages/airflow/example_dags/example_latest_only_with_trigger.py took 0.047 seconds
[2025-08-19T22:08:28.889+0000] {processor.py:161} INFO - Started process (PID=2077) to work on /home/airflow/.local/lib/python3.8/site-packages/airflow/example_dags/example_latest_only_with_trigger.py
[2025-08-19T22:08:28.892+0000] {processor.py:830} INFO - Processing file /home/airflow/.local/lib/python3.8/site-packages/airflow/example_dags/example_latest_only_with_trigger.py for tasks to queue
[2025-08-19T22:08:28.895+0000] {logging_mixin.py:188} INFO - [2025-08-19T22:08:28.895+0000] {dagbag.py:538} INFO - Filling up the DagBag from /home/airflow/.local/lib/python3.8/site-packages/airflow/example_dags/example_latest_only_with_trigger.py
[2025-08-19T22:08:28.898+0000] {processor.py:840} INFO - DAG(s) 'latest_only_with_trigger' retrieved from /home/airflow/.local/lib/python3.8/site-packages/airflow/example_dags/example_latest_only_with_trigger.py
[2025-08-19T22:08:28.909+0000] {logging_mixin.py:188} INFO - [2025-08-19T22:08:28.908+0000] {dag.py:3036} INFO - Sync 1 DAGs
[2025-08-19T22:08:28.918+0000] {logging_mixin.py:188} INFO - [2025-08-19T22:08:28.918+0000] {dag.py:3823} INFO - Setting next_dagrun for latest_only_with_trigger to 2025-08-19 16:00:00+00:00, run_after=2025-08-19 20:00:00+00:00
[2025-08-19T22:08:28.925+0000] {processor.py:183} INFO - Processing /home/airflow/.local/lib/python3.8/site-packages/airflow/example_dags/example_latest_only_with_trigger.py took 0.039 seconds
[2025-08-19T22:08:59.496+0000] {processor.py:161} INFO - Started process (PID=2133) to work on /home/airflow/.local/lib/python3.8/site-packages/airflow/example_dags/example_latest_only_with_trigger.py
[2025-08-19T22:08:59.497+0000] {processor.py:830} INFO - Processing file /home/airflow/.local/lib/python3.8/site-packages/airflow/example_dags/example_latest_only_with_trigger.py for tasks to queue
[2025-08-19T22:08:59.498+0000] {logging_mixin.py:188} INFO - [2025-08-19T22:08:59.497+0000] {dagbag.py:538} INFO - Filling up the DagBag from /home/airflow/.local/lib/python3.8/site-packages/airflow/example_dags/example_latest_only_with_trigger.py
[2025-08-19T22:08:59.500+0000] {processor.py:840} INFO - DAG(s) 'latest_only_with_trigger' retrieved from /home/airflow/.local/lib/python3.8/site-packages/airflow/example_dags/example_latest_only_with_trigger.py
[2025-08-19T22:08:59.516+0000] {logging_mixin.py:188} INFO - [2025-08-19T22:08:59.516+0000] {dag.py:3036} INFO - Sync 1 DAGs
[2025-08-19T22:08:59.526+0000] {logging_mixin.py:188} INFO - [2025-08-19T22:08:59.526+0000] {dag.py:3823} INFO - Setting next_dagrun for latest_only_with_trigger to 2025-08-19 16:00:00+00:00, run_after=2025-08-19 20:00:00+00:00
[2025-08-19T22:08:59.532+0000] {processor.py:183} INFO - Processing /home/airflow/.local/lib/python3.8/site-packages/airflow/example_dags/example_latest_only_with_trigger.py took 0.038 seconds
[2025-08-19T22:09:30.124+0000] {processor.py:161} INFO - Started process (PID=2189) to work on /home/airflow/.local/lib/python3.8/site-packages/airflow/example_dags/example_latest_only_with_trigger.py
[2025-08-19T22:09:30.126+0000] {processor.py:830} INFO - Processing file /home/airflow/.local/lib/python3.8/site-packages/airflow/example_dags/example_latest_only_with_trigger.py for tasks to queue
[2025-08-19T22:09:30.128+0000] {logging_mixin.py:188} INFO - [2025-08-19T22:09:30.127+0000] {dagbag.py:538} INFO - Filling up the DagBag from /home/airflow/.local/lib/python3.8/site-packages/airflow/example_dags/example_latest_only_with_trigger.py
[2025-08-19T22:09:30.131+0000] {processor.py:840} INFO - DAG(s) 'latest_only_with_trigger' retrieved from /home/airflow/.local/lib/python3.8/site-packages/airflow/example_dags/example_latest_only_with_trigger.py
[2025-08-19T22:09:30.149+0000] {logging_mixin.py:188} INFO - [2025-08-19T22:09:30.148+0000] {dag.py:3036} INFO - Sync 1 DAGs
[2025-08-19T22:09:30.163+0000] {logging_mixin.py:188} INFO - [2025-08-19T22:09:30.163+0000] {dag.py:3823} INFO - Setting next_dagrun for latest_only_with_trigger to 2025-08-19 16:00:00+00:00, run_after=2025-08-19 20:00:00+00:00
[2025-08-19T22:09:30.170+0000] {processor.py:183} INFO - Processing /home/airflow/.local/lib/python3.8/site-packages/airflow/example_dags/example_latest_only_with_trigger.py took 0.048 seconds
[2025-08-19T22:10:00.750+0000] {processor.py:161} INFO - Started process (PID=2245) to work on /home/airflow/.local/lib/python3.8/site-packages/airflow/example_dags/example_latest_only_with_trigger.py
[2025-08-19T22:10:00.751+0000] {processor.py:830} INFO - Processing file /home/airflow/.local/lib/python3.8/site-packages/airflow/example_dags/example_latest_only_with_trigger.py for tasks to queue
[2025-08-19T22:10:00.752+0000] {logging_mixin.py:188} INFO - [2025-08-19T22:10:00.751+0000] {dagbag.py:538} INFO - Filling up the DagBag from /home/airflow/.local/lib/python3.8/site-packages/airflow/example_dags/example_latest_only_with_trigger.py
[2025-08-19T22:10:00.754+0000] {processor.py:840} INFO - DAG(s) 'latest_only_with_trigger' retrieved from /home/airflow/.local/lib/python3.8/site-packages/airflow/example_dags/example_latest_only_with_trigger.py
[2025-08-19T22:10:00.771+0000] {logging_mixin.py:188} INFO - [2025-08-19T22:10:00.771+0000] {dag.py:3036} INFO - Sync 1 DAGs
[2025-08-19T22:10:00.781+0000] {logging_mixin.py:188} INFO - [2025-08-19T22:10:00.781+0000] {dag.py:3823} INFO - Setting next_dagrun for latest_only_with_trigger to 2025-08-19 16:00:00+00:00, run_after=2025-08-19 20:00:00+00:00
[2025-08-19T22:10:00.787+0000] {processor.py:183} INFO - Processing /home/airflow/.local/lib/python3.8/site-packages/airflow/example_dags/example_latest_only_with_trigger.py took 0.039 seconds
[2025-08-19T22:10:31.370+0000] {processor.py:161} INFO - Started process (PID=2301) to work on /home/airflow/.local/lib/python3.8/site-packages/airflow/example_dags/example_latest_only_with_trigger.py
[2025-08-19T22:10:31.371+0000] {processor.py:830} INFO - Processing file /home/airflow/.local/lib/python3.8/site-packages/airflow/example_dags/example_latest_only_with_trigger.py for tasks to queue
[2025-08-19T22:10:31.372+0000] {logging_mixin.py:188} INFO - [2025-08-19T22:10:31.372+0000] {dagbag.py:538} INFO - Filling up the DagBag from /home/airflow/.local/lib/python3.8/site-packages/airflow/example_dags/example_latest_only_with_trigger.py
[2025-08-19T22:10:31.383+0000] {processor.py:840} INFO - DAG(s) 'latest_only_with_trigger' retrieved from /home/airflow/.local/lib/python3.8/site-packages/airflow/example_dags/example_latest_only_with_trigger.py
[2025-08-19T22:10:31.397+0000] {logging_mixin.py:188} INFO - [2025-08-19T22:10:31.396+0000] {dag.py:3036} INFO - Sync 1 DAGs
[2025-08-19T22:10:31.411+0000] {logging_mixin.py:188} INFO - [2025-08-19T22:10:31.410+0000] {dag.py:3823} INFO - Setting next_dagrun for latest_only_with_trigger to 2025-08-19 16:00:00+00:00, run_after=2025-08-19 20:00:00+00:00
[2025-08-19T22:10:31.422+0000] {processor.py:183} INFO - Processing /home/airflow/.local/lib/python3.8/site-packages/airflow/example_dags/example_latest_only_with_trigger.py took 0.054 seconds
[2025-08-19T22:11:02.100+0000] {processor.py:161} INFO - Started process (PID=2357) to work on /home/airflow/.local/lib/python3.8/site-packages/airflow/example_dags/example_latest_only_with_trigger.py
[2025-08-19T22:11:02.104+0000] {processor.py:830} INFO - Processing file /home/airflow/.local/lib/python3.8/site-packages/airflow/example_dags/example_latest_only_with_trigger.py for tasks to queue
[2025-08-19T22:11:02.106+0000] {logging_mixin.py:188} INFO - [2025-08-19T22:11:02.106+0000] {dagbag.py:538} INFO - Filling up the DagBag from /home/airflow/.local/lib/python3.8/site-packages/airflow/example_dags/example_latest_only_with_trigger.py
[2025-08-19T22:11:02.112+0000] {processor.py:840} INFO - DAG(s) 'latest_only_with_trigger' retrieved from /home/airflow/.local/lib/python3.8/site-packages/airflow/example_dags/example_latest_only_with_trigger.py
[2025-08-19T22:11:02.126+0000] {logging_mixin.py:188} INFO - [2025-08-19T22:11:02.126+0000] {dag.py:3036} INFO - Sync 1 DAGs
[2025-08-19T22:11:02.135+0000] {logging_mixin.py:188} INFO - [2025-08-19T22:11:02.135+0000] {dag.py:3823} INFO - Setting next_dagrun for latest_only_with_trigger to 2025-08-19 16:00:00+00:00, run_after=2025-08-19 20:00:00+00:00
[2025-08-19T22:11:02.143+0000] {processor.py:183} INFO - Processing /home/airflow/.local/lib/python3.8/site-packages/airflow/example_dags/example_latest_only_with_trigger.py took 0.045 seconds
[2025-08-19T22:11:32.595+0000] {processor.py:161} INFO - Started process (PID=2413) to work on /home/airflow/.local/lib/python3.8/site-packages/airflow/example_dags/example_latest_only_with_trigger.py
[2025-08-19T22:11:32.598+0000] {processor.py:830} INFO - Processing file /home/airflow/.local/lib/python3.8/site-packages/airflow/example_dags/example_latest_only_with_trigger.py for tasks to queue
[2025-08-19T22:11:32.600+0000] {logging_mixin.py:188} INFO - [2025-08-19T22:11:32.600+0000] {dagbag.py:538} INFO - Filling up the DagBag from /home/airflow/.local/lib/python3.8/site-packages/airflow/example_dags/example_latest_only_with_trigger.py
[2025-08-19T22:11:32.604+0000] {processor.py:840} INFO - DAG(s) 'latest_only_with_trigger' retrieved from /home/airflow/.local/lib/python3.8/site-packages/airflow/example_dags/example_latest_only_with_trigger.py
[2025-08-19T22:11:32.615+0000] {logging_mixin.py:188} INFO - [2025-08-19T22:11:32.614+0000] {dag.py:3036} INFO - Sync 1 DAGs
[2025-08-19T22:11:32.623+0000] {logging_mixin.py:188} INFO - [2025-08-19T22:11:32.623+0000] {dag.py:3823} INFO - Setting next_dagrun for latest_only_with_trigger to 2025-08-19 16:00:00+00:00, run_after=2025-08-19 20:00:00+00:00
[2025-08-19T22:11:32.629+0000] {processor.py:183} INFO - Processing /home/airflow/.local/lib/python3.8/site-packages/airflow/example_dags/example_latest_only_with_trigger.py took 0.036 seconds
[2025-08-19T22:12:03.061+0000] {processor.py:161} INFO - Started process (PID=2469) to work on /home/airflow/.local/lib/python3.8/site-packages/airflow/example_dags/example_latest_only_with_trigger.py
[2025-08-19T22:12:03.062+0000] {processor.py:830} INFO - Processing file /home/airflow/.local/lib/python3.8/site-packages/airflow/example_dags/example_latest_only_with_trigger.py for tasks to queue
[2025-08-19T22:12:03.063+0000] {logging_mixin.py:188} INFO - [2025-08-19T22:12:03.063+0000] {dagbag.py:538} INFO - Filling up the DagBag from /home/airflow/.local/lib/python3.8/site-packages/airflow/example_dags/example_latest_only_with_trigger.py
[2025-08-19T22:12:03.066+0000] {processor.py:840} INFO - DAG(s) 'latest_only_with_trigger' retrieved from /home/airflow/.local/lib/python3.8/site-packages/airflow/example_dags/example_latest_only_with_trigger.py
[2025-08-19T22:12:03.079+0000] {logging_mixin.py:188} INFO - [2025-08-19T22:12:03.079+0000] {dag.py:3036} INFO - Sync 1 DAGs
[2025-08-19T22:12:03.090+0000] {logging_mixin.py:188} INFO - [2025-08-19T22:12:03.090+0000] {dag.py:3823} INFO - Setting next_dagrun for latest_only_with_trigger to 2025-08-19 16:00:00+00:00, run_after=2025-08-19 20:00:00+00:00
[2025-08-19T22:12:03.102+0000] {processor.py:183} INFO - Processing /home/airflow/.local/lib/python3.8/site-packages/airflow/example_dags/example_latest_only_with_trigger.py took 0.042 seconds
[2025-08-19T22:12:33.658+0000] {processor.py:161} INFO - Started process (PID=2525) to work on /home/airflow/.local/lib/python3.8/site-packages/airflow/example_dags/example_latest_only_with_trigger.py
[2025-08-19T22:12:33.661+0000] {processor.py:830} INFO - Processing file /home/airflow/.local/lib/python3.8/site-packages/airflow/example_dags/example_latest_only_with_trigger.py for tasks to queue
[2025-08-19T22:12:33.662+0000] {logging_mixin.py:188} INFO - [2025-08-19T22:12:33.662+0000] {dagbag.py:538} INFO - Filling up the DagBag from /home/airflow/.local/lib/python3.8/site-packages/airflow/example_dags/example_latest_only_with_trigger.py
[2025-08-19T22:12:33.668+0000] {processor.py:840} INFO - DAG(s) 'latest_only_with_trigger' retrieved from /home/airflow/.local/lib/python3.8/site-packages/airflow/example_dags/example_latest_only_with_trigger.py
[2025-08-19T22:12:33.680+0000] {logging_mixin.py:188} INFO - [2025-08-19T22:12:33.680+0000] {dag.py:3036} INFO - Sync 1 DAGs
[2025-08-19T22:12:33.690+0000] {logging_mixin.py:188} INFO - [2025-08-19T22:12:33.689+0000] {dag.py:3823} INFO - Setting next_dagrun for latest_only_with_trigger to 2025-08-19 16:00:00+00:00, run_after=2025-08-19 20:00:00+00:00
[2025-08-19T22:12:33.699+0000] {processor.py:183} INFO - Processing /home/airflow/.local/lib/python3.8/site-packages/airflow/example_dags/example_latest_only_with_trigger.py took 0.044 seconds
[2025-08-19T22:13:04.194+0000] {processor.py:161} INFO - Started process (PID=2581) to work on /home/airflow/.local/lib/python3.8/site-packages/airflow/example_dags/example_latest_only_with_trigger.py
[2025-08-19T22:13:04.195+0000] {processor.py:830} INFO - Processing file /home/airflow/.local/lib/python3.8/site-packages/airflow/example_dags/example_latest_only_with_trigger.py for tasks to queue
[2025-08-19T22:13:04.196+0000] {logging_mixin.py:188} INFO - [2025-08-19T22:13:04.196+0000] {dagbag.py:538} INFO - Filling up the DagBag from /home/airflow/.local/lib/python3.8/site-packages/airflow/example_dags/example_latest_only_with_trigger.py
[2025-08-19T22:13:04.200+0000] {processor.py:840} INFO - DAG(s) 'latest_only_with_trigger' retrieved from /home/airflow/.local/lib/python3.8/site-packages/airflow/example_dags/example_latest_only_with_trigger.py
[2025-08-19T22:13:04.210+0000] {logging_mixin.py:188} INFO - [2025-08-19T22:13:04.210+0000] {dag.py:3036} INFO - Sync 1 DAGs
[2025-08-19T22:13:04.219+0000] {logging_mixin.py:188} INFO - [2025-08-19T22:13:04.219+0000] {dag.py:3823} INFO - Setting next_dagrun for latest_only_with_trigger to 2025-08-19 16:00:00+00:00, run_after=2025-08-19 20:00:00+00:00
[2025-08-19T22:13:04.227+0000] {processor.py:183} INFO - Processing /home/airflow/.local/lib/python3.8/site-packages/airflow/example_dags/example_latest_only_with_trigger.py took 0.035 seconds
[2025-08-19T22:13:34.745+0000] {processor.py:161} INFO - Started process (PID=2637) to work on /home/airflow/.local/lib/python3.8/site-packages/airflow/example_dags/example_latest_only_with_trigger.py
[2025-08-19T22:13:34.745+0000] {processor.py:830} INFO - Processing file /home/airflow/.local/lib/python3.8/site-packages/airflow/example_dags/example_latest_only_with_trigger.py for tasks to queue
[2025-08-19T22:13:34.746+0000] {logging_mixin.py:188} INFO - [2025-08-19T22:13:34.746+0000] {dagbag.py:538} INFO - Filling up the DagBag from /home/airflow/.local/lib/python3.8/site-packages/airflow/example_dags/example_latest_only_with_trigger.py
[2025-08-19T22:13:34.749+0000] {processor.py:840} INFO - DAG(s) 'latest_only_with_trigger' retrieved from /home/airflow/.local/lib/python3.8/site-packages/airflow/example_dags/example_latest_only_with_trigger.py
[2025-08-19T22:13:34.758+0000] {logging_mixin.py:188} INFO - [2025-08-19T22:13:34.758+0000] {dag.py:3036} INFO - Sync 1 DAGs
[2025-08-19T22:13:34.767+0000] {logging_mixin.py:188} INFO - [2025-08-19T22:13:34.767+0000] {dag.py:3823} INFO - Setting next_dagrun for latest_only_with_trigger to 2025-08-19 16:00:00+00:00, run_after=2025-08-19 20:00:00+00:00
[2025-08-19T22:13:34.773+0000] {processor.py:183} INFO - Processing /home/airflow/.local/lib/python3.8/site-packages/airflow/example_dags/example_latest_only_with_trigger.py took 0.030 seconds
[2025-08-19T22:20:09.910+0000] {processor.py:161} INFO - Started process (PID=57) to work on /home/airflow/.local/lib/python3.8/site-packages/airflow/example_dags/example_latest_only_with_trigger.py
[2025-08-19T22:20:09.912+0000] {processor.py:830} INFO - Processing file /home/airflow/.local/lib/python3.8/site-packages/airflow/example_dags/example_latest_only_with_trigger.py for tasks to queue
[2025-08-19T22:20:09.915+0000] {logging_mixin.py:188} INFO - [2025-08-19T22:20:09.914+0000] {dagbag.py:538} INFO - Filling up the DagBag from /home/airflow/.local/lib/python3.8/site-packages/airflow/example_dags/example_latest_only_with_trigger.py
[2025-08-19T22:20:09.922+0000] {processor.py:840} INFO - DAG(s) 'latest_only_with_trigger' retrieved from /home/airflow/.local/lib/python3.8/site-packages/airflow/example_dags/example_latest_only_with_trigger.py
[2025-08-19T22:20:09.930+0000] {logging_mixin.py:188} INFO - [2025-08-19T22:20:09.930+0000] {dag.py:3036} INFO - Sync 1 DAGs
[2025-08-19T22:20:09.942+0000] {logging_mixin.py:188} INFO - [2025-08-19T22:20:09.942+0000] {dag.py:3823} INFO - Setting next_dagrun for latest_only_with_trigger to 2025-08-19 16:00:00+00:00, run_after=2025-08-19 20:00:00+00:00
[2025-08-19T22:20:09.957+0000] {processor.py:183} INFO - Processing /home/airflow/.local/lib/python3.8/site-packages/airflow/example_dags/example_latest_only_with_trigger.py took 0.052 seconds
[2025-08-19T22:20:40.065+0000] {processor.py:161} INFO - Started process (PID=113) to work on /home/airflow/.local/lib/python3.8/site-packages/airflow/example_dags/example_latest_only_with_trigger.py
[2025-08-19T22:20:40.066+0000] {processor.py:830} INFO - Processing file /home/airflow/.local/lib/python3.8/site-packages/airflow/example_dags/example_latest_only_with_trigger.py for tasks to queue
[2025-08-19T22:20:40.067+0000] {logging_mixin.py:188} INFO - [2025-08-19T22:20:40.067+0000] {dagbag.py:538} INFO - Filling up the DagBag from /home/airflow/.local/lib/python3.8/site-packages/airflow/example_dags/example_latest_only_with_trigger.py
[2025-08-19T22:20:40.070+0000] {processor.py:840} INFO - DAG(s) 'latest_only_with_trigger' retrieved from /home/airflow/.local/lib/python3.8/site-packages/airflow/example_dags/example_latest_only_with_trigger.py
[2025-08-19T22:20:40.111+0000] {logging_mixin.py:188} INFO - [2025-08-19T22:20:40.111+0000] {dag.py:3036} INFO - Sync 1 DAGs
[2025-08-19T22:20:40.121+0000] {logging_mixin.py:188} INFO - [2025-08-19T22:20:40.121+0000] {dag.py:3823} INFO - Setting next_dagrun for latest_only_with_trigger to 2025-08-19 16:00:00+00:00, run_after=2025-08-19 20:00:00+00:00
[2025-08-19T22:20:40.127+0000] {processor.py:183} INFO - Processing /home/airflow/.local/lib/python3.8/site-packages/airflow/example_dags/example_latest_only_with_trigger.py took 0.063 seconds
[2025-08-19T22:21:10.154+0000] {processor.py:161} INFO - Started process (PID=169) to work on /home/airflow/.local/lib/python3.8/site-packages/airflow/example_dags/example_latest_only_with_trigger.py
[2025-08-19T22:21:10.155+0000] {processor.py:830} INFO - Processing file /home/airflow/.local/lib/python3.8/site-packages/airflow/example_dags/example_latest_only_with_trigger.py for tasks to queue
[2025-08-19T22:21:10.156+0000] {logging_mixin.py:188} INFO - [2025-08-19T22:21:10.156+0000] {dagbag.py:538} INFO - Filling up the DagBag from /home/airflow/.local/lib/python3.8/site-packages/airflow/example_dags/example_latest_only_with_trigger.py
[2025-08-19T22:21:10.158+0000] {processor.py:840} INFO - DAG(s) 'latest_only_with_trigger' retrieved from /home/airflow/.local/lib/python3.8/site-packages/airflow/example_dags/example_latest_only_with_trigger.py
[2025-08-19T22:21:10.171+0000] {logging_mixin.py:188} INFO - [2025-08-19T22:21:10.171+0000] {dag.py:3036} INFO - Sync 1 DAGs
[2025-08-19T22:21:10.181+0000] {logging_mixin.py:188} INFO - [2025-08-19T22:21:10.181+0000] {dag.py:3823} INFO - Setting next_dagrun for latest_only_with_trigger to 2025-08-19 16:00:00+00:00, run_after=2025-08-19 20:00:00+00:00
[2025-08-19T22:21:10.190+0000] {processor.py:183} INFO - Processing /home/airflow/.local/lib/python3.8/site-packages/airflow/example_dags/example_latest_only_with_trigger.py took 0.038 seconds
[2025-08-19T22:21:40.901+0000] {processor.py:161} INFO - Started process (PID=225) to work on /home/airflow/.local/lib/python3.8/site-packages/airflow/example_dags/example_latest_only_with_trigger.py
[2025-08-19T22:21:40.902+0000] {processor.py:830} INFO - Processing file /home/airflow/.local/lib/python3.8/site-packages/airflow/example_dags/example_latest_only_with_trigger.py for tasks to queue
[2025-08-19T22:21:40.903+0000] {logging_mixin.py:188} INFO - [2025-08-19T22:21:40.903+0000] {dagbag.py:538} INFO - Filling up the DagBag from /home/airflow/.local/lib/python3.8/site-packages/airflow/example_dags/example_latest_only_with_trigger.py
[2025-08-19T22:21:40.907+0000] {processor.py:840} INFO - DAG(s) 'latest_only_with_trigger' retrieved from /home/airflow/.local/lib/python3.8/site-packages/airflow/example_dags/example_latest_only_with_trigger.py
[2025-08-19T22:21:40.920+0000] {logging_mixin.py:188} INFO - [2025-08-19T22:21:40.920+0000] {dag.py:3036} INFO - Sync 1 DAGs
[2025-08-19T22:21:40.929+0000] {logging_mixin.py:188} INFO - [2025-08-19T22:21:40.929+0000] {dag.py:3823} INFO - Setting next_dagrun for latest_only_with_trigger to 2025-08-19 16:00:00+00:00, run_after=2025-08-19 20:00:00+00:00
[2025-08-19T22:21:40.935+0000] {processor.py:183} INFO - Processing /home/airflow/.local/lib/python3.8/site-packages/airflow/example_dags/example_latest_only_with_trigger.py took 0.036 seconds
[2025-08-19T22:22:11.472+0000] {processor.py:161} INFO - Started process (PID=281) to work on /home/airflow/.local/lib/python3.8/site-packages/airflow/example_dags/example_latest_only_with_trigger.py
[2025-08-19T22:22:11.473+0000] {processor.py:830} INFO - Processing file /home/airflow/.local/lib/python3.8/site-packages/airflow/example_dags/example_latest_only_with_trigger.py for tasks to queue
[2025-08-19T22:22:11.474+0000] {logging_mixin.py:188} INFO - [2025-08-19T22:22:11.474+0000] {dagbag.py:538} INFO - Filling up the DagBag from /home/airflow/.local/lib/python3.8/site-packages/airflow/example_dags/example_latest_only_with_trigger.py
[2025-08-19T22:22:11.476+0000] {processor.py:840} INFO - DAG(s) 'latest_only_with_trigger' retrieved from /home/airflow/.local/lib/python3.8/site-packages/airflow/example_dags/example_latest_only_with_trigger.py
[2025-08-19T22:22:11.488+0000] {logging_mixin.py:188} INFO - [2025-08-19T22:22:11.488+0000] {dag.py:3036} INFO - Sync 1 DAGs
[2025-08-19T22:22:11.499+0000] {logging_mixin.py:188} INFO - [2025-08-19T22:22:11.499+0000] {dag.py:3823} INFO - Setting next_dagrun for latest_only_with_trigger to 2025-08-19 16:00:00+00:00, run_after=2025-08-19 20:00:00+00:00
[2025-08-19T22:22:11.526+0000] {processor.py:183} INFO - Processing /home/airflow/.local/lib/python3.8/site-packages/airflow/example_dags/example_latest_only_with_trigger.py took 0.056 seconds
[2025-08-19T22:22:41.988+0000] {processor.py:161} INFO - Started process (PID=337) to work on /home/airflow/.local/lib/python3.8/site-packages/airflow/example_dags/example_latest_only_with_trigger.py
[2025-08-19T22:22:41.989+0000] {processor.py:830} INFO - Processing file /home/airflow/.local/lib/python3.8/site-packages/airflow/example_dags/example_latest_only_with_trigger.py for tasks to queue
[2025-08-19T22:22:41.989+0000] {logging_mixin.py:188} INFO - [2025-08-19T22:22:41.989+0000] {dagbag.py:538} INFO - Filling up the DagBag from /home/airflow/.local/lib/python3.8/site-packages/airflow/example_dags/example_latest_only_with_trigger.py
[2025-08-19T22:22:41.992+0000] {processor.py:840} INFO - DAG(s) 'latest_only_with_trigger' retrieved from /home/airflow/.local/lib/python3.8/site-packages/airflow/example_dags/example_latest_only_with_trigger.py
[2025-08-19T22:22:42.000+0000] {logging_mixin.py:188} INFO - [2025-08-19T22:22:42.000+0000] {dag.py:3036} INFO - Sync 1 DAGs
[2025-08-19T22:22:42.008+0000] {logging_mixin.py:188} INFO - [2025-08-19T22:22:42.008+0000] {dag.py:3823} INFO - Setting next_dagrun for latest_only_with_trigger to 2025-08-19 16:00:00+00:00, run_after=2025-08-19 20:00:00+00:00
[2025-08-19T22:22:42.019+0000] {processor.py:183} INFO - Processing /home/airflow/.local/lib/python3.8/site-packages/airflow/example_dags/example_latest_only_with_trigger.py took 0.032 seconds
[2025-08-19T22:23:12.735+0000] {processor.py:161} INFO - Started process (PID=403) to work on /home/airflow/.local/lib/python3.8/site-packages/airflow/example_dags/example_latest_only_with_trigger.py
[2025-08-19T22:23:12.736+0000] {processor.py:830} INFO - Processing file /home/airflow/.local/lib/python3.8/site-packages/airflow/example_dags/example_latest_only_with_trigger.py for tasks to queue
[2025-08-19T22:23:12.736+0000] {logging_mixin.py:188} INFO - [2025-08-19T22:23:12.736+0000] {dagbag.py:538} INFO - Filling up the DagBag from /home/airflow/.local/lib/python3.8/site-packages/airflow/example_dags/example_latest_only_with_trigger.py
[2025-08-19T22:23:12.739+0000] {processor.py:840} INFO - DAG(s) 'latest_only_with_trigger' retrieved from /home/airflow/.local/lib/python3.8/site-packages/airflow/example_dags/example_latest_only_with_trigger.py
[2025-08-19T22:23:12.748+0000] {logging_mixin.py:188} INFO - [2025-08-19T22:23:12.748+0000] {dag.py:3036} INFO - Sync 1 DAGs
[2025-08-19T22:23:12.756+0000] {logging_mixin.py:188} INFO - [2025-08-19T22:23:12.756+0000] {dag.py:3823} INFO - Setting next_dagrun for latest_only_with_trigger to 2025-08-19 16:00:00+00:00, run_after=2025-08-19 20:00:00+00:00
[2025-08-19T22:23:12.763+0000] {processor.py:183} INFO - Processing /home/airflow/.local/lib/python3.8/site-packages/airflow/example_dags/example_latest_only_with_trigger.py took 0.030 seconds
[2025-08-19T22:23:43.324+0000] {processor.py:161} INFO - Started process (PID=459) to work on /home/airflow/.local/lib/python3.8/site-packages/airflow/example_dags/example_latest_only_with_trigger.py
[2025-08-19T22:23:43.326+0000] {processor.py:830} INFO - Processing file /home/airflow/.local/lib/python3.8/site-packages/airflow/example_dags/example_latest_only_with_trigger.py for tasks to queue
[2025-08-19T22:23:43.327+0000] {logging_mixin.py:188} INFO - [2025-08-19T22:23:43.327+0000] {dagbag.py:538} INFO - Filling up the DagBag from /home/airflow/.local/lib/python3.8/site-packages/airflow/example_dags/example_latest_only_with_trigger.py
[2025-08-19T22:23:43.332+0000] {processor.py:840} INFO - DAG(s) 'latest_only_with_trigger' retrieved from /home/airflow/.local/lib/python3.8/site-packages/airflow/example_dags/example_latest_only_with_trigger.py
[2025-08-19T22:23:43.341+0000] {logging_mixin.py:188} INFO - [2025-08-19T22:23:43.341+0000] {dag.py:3036} INFO - Sync 1 DAGs
[2025-08-19T22:23:43.352+0000] {logging_mixin.py:188} INFO - [2025-08-19T22:23:43.352+0000] {dag.py:3823} INFO - Setting next_dagrun for latest_only_with_trigger to 2025-08-19 16:00:00+00:00, run_after=2025-08-19 20:00:00+00:00
[2025-08-19T22:23:43.361+0000] {processor.py:183} INFO - Processing /home/airflow/.local/lib/python3.8/site-packages/airflow/example_dags/example_latest_only_with_trigger.py took 0.038 seconds
[2025-08-19T22:24:13.776+0000] {processor.py:161} INFO - Started process (PID=516) to work on /home/airflow/.local/lib/python3.8/site-packages/airflow/example_dags/example_latest_only_with_trigger.py
[2025-08-19T22:24:13.776+0000] {processor.py:830} INFO - Processing file /home/airflow/.local/lib/python3.8/site-packages/airflow/example_dags/example_latest_only_with_trigger.py for tasks to queue
[2025-08-19T22:24:13.777+0000] {logging_mixin.py:188} INFO - [2025-08-19T22:24:13.777+0000] {dagbag.py:538} INFO - Filling up the DagBag from /home/airflow/.local/lib/python3.8/site-packages/airflow/example_dags/example_latest_only_with_trigger.py
[2025-08-19T22:24:13.779+0000] {processor.py:840} INFO - DAG(s) 'latest_only_with_trigger' retrieved from /home/airflow/.local/lib/python3.8/site-packages/airflow/example_dags/example_latest_only_with_trigger.py
[2025-08-19T22:24:13.790+0000] {logging_mixin.py:188} INFO - [2025-08-19T22:24:13.790+0000] {dag.py:3036} INFO - Sync 1 DAGs
[2025-08-19T22:24:13.799+0000] {logging_mixin.py:188} INFO - [2025-08-19T22:24:13.799+0000] {dag.py:3823} INFO - Setting next_dagrun for latest_only_with_trigger to 2025-08-19 16:00:00+00:00, run_after=2025-08-19 20:00:00+00:00
[2025-08-19T22:24:13.806+0000] {processor.py:183} INFO - Processing /home/airflow/.local/lib/python3.8/site-packages/airflow/example_dags/example_latest_only_with_trigger.py took 0.032 seconds
[2025-08-19T22:24:44.211+0000] {processor.py:161} INFO - Started process (PID=572) to work on /home/airflow/.local/lib/python3.8/site-packages/airflow/example_dags/example_latest_only_with_trigger.py
[2025-08-19T22:24:44.211+0000] {processor.py:830} INFO - Processing file /home/airflow/.local/lib/python3.8/site-packages/airflow/example_dags/example_latest_only_with_trigger.py for tasks to queue
[2025-08-19T22:24:44.212+0000] {logging_mixin.py:188} INFO - [2025-08-19T22:24:44.212+0000] {dagbag.py:538} INFO - Filling up the DagBag from /home/airflow/.local/lib/python3.8/site-packages/airflow/example_dags/example_latest_only_with_trigger.py
[2025-08-19T22:24:44.214+0000] {processor.py:840} INFO - DAG(s) 'latest_only_with_trigger' retrieved from /home/airflow/.local/lib/python3.8/site-packages/airflow/example_dags/example_latest_only_with_trigger.py
[2025-08-19T22:24:44.223+0000] {logging_mixin.py:188} INFO - [2025-08-19T22:24:44.223+0000] {dag.py:3036} INFO - Sync 1 DAGs
[2025-08-19T22:24:44.231+0000] {logging_mixin.py:188} INFO - [2025-08-19T22:24:44.231+0000] {dag.py:3823} INFO - Setting next_dagrun for latest_only_with_trigger to 2025-08-19 16:00:00+00:00, run_after=2025-08-19 20:00:00+00:00
[2025-08-19T22:24:44.239+0000] {processor.py:183} INFO - Processing /home/airflow/.local/lib/python3.8/site-packages/airflow/example_dags/example_latest_only_with_trigger.py took 0.030 seconds
[2025-08-19T22:25:14.637+0000] {processor.py:161} INFO - Started process (PID=627) to work on /home/airflow/.local/lib/python3.8/site-packages/airflow/example_dags/example_latest_only_with_trigger.py
[2025-08-19T22:25:14.637+0000] {processor.py:830} INFO - Processing file /home/airflow/.local/lib/python3.8/site-packages/airflow/example_dags/example_latest_only_with_trigger.py for tasks to queue
[2025-08-19T22:25:14.638+0000] {logging_mixin.py:188} INFO - [2025-08-19T22:25:14.638+0000] {dagbag.py:538} INFO - Filling up the DagBag from /home/airflow/.local/lib/python3.8/site-packages/airflow/example_dags/example_latest_only_with_trigger.py
[2025-08-19T22:25:14.641+0000] {processor.py:840} INFO - DAG(s) 'latest_only_with_trigger' retrieved from /home/airflow/.local/lib/python3.8/site-packages/airflow/example_dags/example_latest_only_with_trigger.py
[2025-08-19T22:25:14.650+0000] {logging_mixin.py:188} INFO - [2025-08-19T22:25:14.650+0000] {dag.py:3036} INFO - Sync 1 DAGs
[2025-08-19T22:25:14.658+0000] {logging_mixin.py:188} INFO - [2025-08-19T22:25:14.658+0000] {dag.py:3823} INFO - Setting next_dagrun for latest_only_with_trigger to 2025-08-19 16:00:00+00:00, run_after=2025-08-19 20:00:00+00:00
[2025-08-19T22:25:14.664+0000] {processor.py:183} INFO - Processing /home/airflow/.local/lib/python3.8/site-packages/airflow/example_dags/example_latest_only_with_trigger.py took 0.029 seconds
[2025-08-19T22:25:45.056+0000] {processor.py:161} INFO - Started process (PID=683) to work on /home/airflow/.local/lib/python3.8/site-packages/airflow/example_dags/example_latest_only_with_trigger.py
[2025-08-19T22:25:45.056+0000] {processor.py:830} INFO - Processing file /home/airflow/.local/lib/python3.8/site-packages/airflow/example_dags/example_latest_only_with_trigger.py for tasks to queue
[2025-08-19T22:25:45.057+0000] {logging_mixin.py:188} INFO - [2025-08-19T22:25:45.057+0000] {dagbag.py:538} INFO - Filling up the DagBag from /home/airflow/.local/lib/python3.8/site-packages/airflow/example_dags/example_latest_only_with_trigger.py
[2025-08-19T22:25:45.059+0000] {processor.py:840} INFO - DAG(s) 'latest_only_with_trigger' retrieved from /home/airflow/.local/lib/python3.8/site-packages/airflow/example_dags/example_latest_only_with_trigger.py
[2025-08-19T22:25:45.067+0000] {logging_mixin.py:188} INFO - [2025-08-19T22:25:45.066+0000] {dag.py:3036} INFO - Sync 1 DAGs
[2025-08-19T22:25:45.073+0000] {logging_mixin.py:188} INFO - [2025-08-19T22:25:45.073+0000] {dag.py:3823} INFO - Setting next_dagrun for latest_only_with_trigger to 2025-08-19 16:00:00+00:00, run_after=2025-08-19 20:00:00+00:00
[2025-08-19T22:25:45.079+0000] {processor.py:183} INFO - Processing /home/airflow/.local/lib/python3.8/site-packages/airflow/example_dags/example_latest_only_with_trigger.py took 0.024 seconds
[2025-08-19T22:26:15.499+0000] {processor.py:161} INFO - Started process (PID=739) to work on /home/airflow/.local/lib/python3.8/site-packages/airflow/example_dags/example_latest_only_with_trigger.py
[2025-08-19T22:26:15.500+0000] {processor.py:830} INFO - Processing file /home/airflow/.local/lib/python3.8/site-packages/airflow/example_dags/example_latest_only_with_trigger.py for tasks to queue
[2025-08-19T22:26:15.501+0000] {logging_mixin.py:188} INFO - [2025-08-19T22:26:15.501+0000] {dagbag.py:538} INFO - Filling up the DagBag from /home/airflow/.local/lib/python3.8/site-packages/airflow/example_dags/example_latest_only_with_trigger.py
[2025-08-19T22:26:15.503+0000] {processor.py:840} INFO - DAG(s) 'latest_only_with_trigger' retrieved from /home/airflow/.local/lib/python3.8/site-packages/airflow/example_dags/example_latest_only_with_trigger.py
[2025-08-19T22:26:15.511+0000] {logging_mixin.py:188} INFO - [2025-08-19T22:26:15.511+0000] {dag.py:3036} INFO - Sync 1 DAGs
[2025-08-19T22:26:15.518+0000] {logging_mixin.py:188} INFO - [2025-08-19T22:26:15.518+0000] {dag.py:3823} INFO - Setting next_dagrun for latest_only_with_trigger to 2025-08-19 16:00:00+00:00, run_after=2025-08-19 20:00:00+00:00
[2025-08-19T22:26:15.528+0000] {processor.py:183} INFO - Processing /home/airflow/.local/lib/python3.8/site-packages/airflow/example_dags/example_latest_only_with_trigger.py took 0.030 seconds
[2025-08-19T22:26:45.893+0000] {processor.py:161} INFO - Started process (PID=795) to work on /home/airflow/.local/lib/python3.8/site-packages/airflow/example_dags/example_latest_only_with_trigger.py
[2025-08-19T22:26:45.894+0000] {processor.py:830} INFO - Processing file /home/airflow/.local/lib/python3.8/site-packages/airflow/example_dags/example_latest_only_with_trigger.py for tasks to queue
[2025-08-19T22:26:45.894+0000] {logging_mixin.py:188} INFO - [2025-08-19T22:26:45.894+0000] {dagbag.py:538} INFO - Filling up the DagBag from /home/airflow/.local/lib/python3.8/site-packages/airflow/example_dags/example_latest_only_with_trigger.py
[2025-08-19T22:26:45.897+0000] {processor.py:840} INFO - DAG(s) 'latest_only_with_trigger' retrieved from /home/airflow/.local/lib/python3.8/site-packages/airflow/example_dags/example_latest_only_with_trigger.py
[2025-08-19T22:26:45.904+0000] {logging_mixin.py:188} INFO - [2025-08-19T22:26:45.904+0000] {dag.py:3036} INFO - Sync 1 DAGs
[2025-08-19T22:26:45.910+0000] {logging_mixin.py:188} INFO - [2025-08-19T22:26:45.910+0000] {dag.py:3823} INFO - Setting next_dagrun for latest_only_with_trigger to 2025-08-19 16:00:00+00:00, run_after=2025-08-19 20:00:00+00:00
[2025-08-19T22:26:45.915+0000] {processor.py:183} INFO - Processing /home/airflow/.local/lib/python3.8/site-packages/airflow/example_dags/example_latest_only_with_trigger.py took 0.023 seconds
[2025-08-19T22:27:16.337+0000] {processor.py:161} INFO - Started process (PID=851) to work on /home/airflow/.local/lib/python3.8/site-packages/airflow/example_dags/example_latest_only_with_trigger.py
[2025-08-19T22:27:16.338+0000] {processor.py:830} INFO - Processing file /home/airflow/.local/lib/python3.8/site-packages/airflow/example_dags/example_latest_only_with_trigger.py for tasks to queue
[2025-08-19T22:27:16.338+0000] {logging_mixin.py:188} INFO - [2025-08-19T22:27:16.338+0000] {dagbag.py:538} INFO - Filling up the DagBag from /home/airflow/.local/lib/python3.8/site-packages/airflow/example_dags/example_latest_only_with_trigger.py
[2025-08-19T22:27:16.341+0000] {processor.py:840} INFO - DAG(s) 'latest_only_with_trigger' retrieved from /home/airflow/.local/lib/python3.8/site-packages/airflow/example_dags/example_latest_only_with_trigger.py
[2025-08-19T22:27:16.351+0000] {logging_mixin.py:188} INFO - [2025-08-19T22:27:16.351+0000] {dag.py:3036} INFO - Sync 1 DAGs
[2025-08-19T22:27:16.360+0000] {logging_mixin.py:188} INFO - [2025-08-19T22:27:16.360+0000] {dag.py:3823} INFO - Setting next_dagrun for latest_only_with_trigger to 2025-08-19 16:00:00+00:00, run_after=2025-08-19 20:00:00+00:00
[2025-08-19T22:27:16.368+0000] {processor.py:183} INFO - Processing /home/airflow/.local/lib/python3.8/site-packages/airflow/example_dags/example_latest_only_with_trigger.py took 0.032 seconds
[2025-08-19T22:27:46.933+0000] {processor.py:161} INFO - Started process (PID=911) to work on /home/airflow/.local/lib/python3.8/site-packages/airflow/example_dags/example_latest_only_with_trigger.py
[2025-08-19T22:27:46.934+0000] {processor.py:830} INFO - Processing file /home/airflow/.local/lib/python3.8/site-packages/airflow/example_dags/example_latest_only_with_trigger.py for tasks to queue
[2025-08-19T22:27:46.934+0000] {logging_mixin.py:188} INFO - [2025-08-19T22:27:46.934+0000] {dagbag.py:538} INFO - Filling up the DagBag from /home/airflow/.local/lib/python3.8/site-packages/airflow/example_dags/example_latest_only_with_trigger.py
[2025-08-19T22:27:46.939+0000] {processor.py:840} INFO - DAG(s) 'latest_only_with_trigger' retrieved from /home/airflow/.local/lib/python3.8/site-packages/airflow/example_dags/example_latest_only_with_trigger.py
[2025-08-19T22:27:46.950+0000] {logging_mixin.py:188} INFO - [2025-08-19T22:27:46.950+0000] {dag.py:3036} INFO - Sync 1 DAGs
[2025-08-19T22:27:46.961+0000] {logging_mixin.py:188} INFO - [2025-08-19T22:27:46.960+0000] {dag.py:3823} INFO - Setting next_dagrun for latest_only_with_trigger to 2025-08-19 16:00:00+00:00, run_after=2025-08-19 20:00:00+00:00
[2025-08-19T22:27:46.973+0000] {processor.py:183} INFO - Processing /home/airflow/.local/lib/python3.8/site-packages/airflow/example_dags/example_latest_only_with_trigger.py took 0.042 seconds
[2025-08-19T22:28:17.547+0000] {processor.py:161} INFO - Started process (PID=967) to work on /home/airflow/.local/lib/python3.8/site-packages/airflow/example_dags/example_latest_only_with_trigger.py
[2025-08-19T22:28:17.548+0000] {processor.py:830} INFO - Processing file /home/airflow/.local/lib/python3.8/site-packages/airflow/example_dags/example_latest_only_with_trigger.py for tasks to queue
[2025-08-19T22:28:17.548+0000] {logging_mixin.py:188} INFO - [2025-08-19T22:28:17.548+0000] {dagbag.py:538} INFO - Filling up the DagBag from /home/airflow/.local/lib/python3.8/site-packages/airflow/example_dags/example_latest_only_with_trigger.py
[2025-08-19T22:28:17.551+0000] {processor.py:840} INFO - DAG(s) 'latest_only_with_trigger' retrieved from /home/airflow/.local/lib/python3.8/site-packages/airflow/example_dags/example_latest_only_with_trigger.py
[2025-08-19T22:28:17.560+0000] {logging_mixin.py:188} INFO - [2025-08-19T22:28:17.560+0000] {dag.py:3036} INFO - Sync 1 DAGs
[2025-08-19T22:28:17.570+0000] {logging_mixin.py:188} INFO - [2025-08-19T22:28:17.570+0000] {dag.py:3823} INFO - Setting next_dagrun for latest_only_with_trigger to 2025-08-19 16:00:00+00:00, run_after=2025-08-19 20:00:00+00:00
[2025-08-19T22:28:17.584+0000] {processor.py:183} INFO - Processing /home/airflow/.local/lib/python3.8/site-packages/airflow/example_dags/example_latest_only_with_trigger.py took 0.039 seconds
[2025-08-19T22:28:47.994+0000] {processor.py:161} INFO - Started process (PID=1023) to work on /home/airflow/.local/lib/python3.8/site-packages/airflow/example_dags/example_latest_only_with_trigger.py
[2025-08-19T22:28:47.994+0000] {processor.py:830} INFO - Processing file /home/airflow/.local/lib/python3.8/site-packages/airflow/example_dags/example_latest_only_with_trigger.py for tasks to queue
[2025-08-19T22:28:47.995+0000] {logging_mixin.py:188} INFO - [2025-08-19T22:28:47.995+0000] {dagbag.py:538} INFO - Filling up the DagBag from /home/airflow/.local/lib/python3.8/site-packages/airflow/example_dags/example_latest_only_with_trigger.py
[2025-08-19T22:28:47.997+0000] {processor.py:840} INFO - DAG(s) 'latest_only_with_trigger' retrieved from /home/airflow/.local/lib/python3.8/site-packages/airflow/example_dags/example_latest_only_with_trigger.py
[2025-08-19T22:28:48.007+0000] {logging_mixin.py:188} INFO - [2025-08-19T22:28:48.007+0000] {dag.py:3036} INFO - Sync 1 DAGs
[2025-08-19T22:28:48.016+0000] {logging_mixin.py:188} INFO - [2025-08-19T22:28:48.016+0000] {dag.py:3823} INFO - Setting next_dagrun for latest_only_with_trigger to 2025-08-19 16:00:00+00:00, run_after=2025-08-19 20:00:00+00:00
[2025-08-19T22:28:48.022+0000] {processor.py:183} INFO - Processing /home/airflow/.local/lib/python3.8/site-packages/airflow/example_dags/example_latest_only_with_trigger.py took 0.030 seconds
[2025-08-19T22:29:18.487+0000] {processor.py:161} INFO - Started process (PID=1079) to work on /home/airflow/.local/lib/python3.8/site-packages/airflow/example_dags/example_latest_only_with_trigger.py
[2025-08-19T22:29:18.488+0000] {processor.py:830} INFO - Processing file /home/airflow/.local/lib/python3.8/site-packages/airflow/example_dags/example_latest_only_with_trigger.py for tasks to queue
[2025-08-19T22:29:18.489+0000] {logging_mixin.py:188} INFO - [2025-08-19T22:29:18.488+0000] {dagbag.py:538} INFO - Filling up the DagBag from /home/airflow/.local/lib/python3.8/site-packages/airflow/example_dags/example_latest_only_with_trigger.py
[2025-08-19T22:29:18.491+0000] {processor.py:840} INFO - DAG(s) 'latest_only_with_trigger' retrieved from /home/airflow/.local/lib/python3.8/site-packages/airflow/example_dags/example_latest_only_with_trigger.py
[2025-08-19T22:29:18.500+0000] {logging_mixin.py:188} INFO - [2025-08-19T22:29:18.500+0000] {dag.py:3036} INFO - Sync 1 DAGs
[2025-08-19T22:29:18.508+0000] {logging_mixin.py:188} INFO - [2025-08-19T22:29:18.508+0000] {dag.py:3823} INFO - Setting next_dagrun for latest_only_with_trigger to 2025-08-19 16:00:00+00:00, run_after=2025-08-19 20:00:00+00:00
[2025-08-19T22:29:18.515+0000] {processor.py:183} INFO - Processing /home/airflow/.local/lib/python3.8/site-packages/airflow/example_dags/example_latest_only_with_trigger.py took 0.029 seconds
[2025-08-19T22:29:49.162+0000] {processor.py:161} INFO - Started process (PID=1135) to work on /home/airflow/.local/lib/python3.8/site-packages/airflow/example_dags/example_latest_only_with_trigger.py
[2025-08-19T22:29:49.163+0000] {processor.py:830} INFO - Processing file /home/airflow/.local/lib/python3.8/site-packages/airflow/example_dags/example_latest_only_with_trigger.py for tasks to queue
[2025-08-19T22:29:49.164+0000] {logging_mixin.py:188} INFO - [2025-08-19T22:29:49.164+0000] {dagbag.py:538} INFO - Filling up the DagBag from /home/airflow/.local/lib/python3.8/site-packages/airflow/example_dags/example_latest_only_with_trigger.py
[2025-08-19T22:29:49.166+0000] {processor.py:840} INFO - DAG(s) 'latest_only_with_trigger' retrieved from /home/airflow/.local/lib/python3.8/site-packages/airflow/example_dags/example_latest_only_with_trigger.py
[2025-08-19T22:29:49.174+0000] {logging_mixin.py:188} INFO - [2025-08-19T22:29:49.174+0000] {dag.py:3036} INFO - Sync 1 DAGs
[2025-08-19T22:29:49.183+0000] {logging_mixin.py:188} INFO - [2025-08-19T22:29:49.183+0000] {dag.py:3823} INFO - Setting next_dagrun for latest_only_with_trigger to 2025-08-19 16:00:00+00:00, run_after=2025-08-19 20:00:00+00:00
[2025-08-19T22:29:49.191+0000] {processor.py:183} INFO - Processing /home/airflow/.local/lib/python3.8/site-packages/airflow/example_dags/example_latest_only_with_trigger.py took 0.031 seconds
[2025-08-19T22:30:19.626+0000] {processor.py:161} INFO - Started process (PID=1191) to work on /home/airflow/.local/lib/python3.8/site-packages/airflow/example_dags/example_latest_only_with_trigger.py
[2025-08-19T22:30:19.626+0000] {processor.py:830} INFO - Processing file /home/airflow/.local/lib/python3.8/site-packages/airflow/example_dags/example_latest_only_with_trigger.py for tasks to queue
[2025-08-19T22:30:19.627+0000] {logging_mixin.py:188} INFO - [2025-08-19T22:30:19.627+0000] {dagbag.py:538} INFO - Filling up the DagBag from /home/airflow/.local/lib/python3.8/site-packages/airflow/example_dags/example_latest_only_with_trigger.py
[2025-08-19T22:30:19.630+0000] {processor.py:840} INFO - DAG(s) 'latest_only_with_trigger' retrieved from /home/airflow/.local/lib/python3.8/site-packages/airflow/example_dags/example_latest_only_with_trigger.py
[2025-08-19T22:30:19.638+0000] {logging_mixin.py:188} INFO - [2025-08-19T22:30:19.638+0000] {dag.py:3036} INFO - Sync 1 DAGs
[2025-08-19T22:30:19.646+0000] {logging_mixin.py:188} INFO - [2025-08-19T22:30:19.646+0000] {dag.py:3823} INFO - Setting next_dagrun for latest_only_with_trigger to 2025-08-19 16:00:00+00:00, run_after=2025-08-19 20:00:00+00:00
[2025-08-19T22:30:19.653+0000] {processor.py:183} INFO - Processing /home/airflow/.local/lib/python3.8/site-packages/airflow/example_dags/example_latest_only_with_trigger.py took 0.029 seconds
