[2025-08-19T21:50:07.243+0000] {processor.py:161} INFO - Started process (PID=58) to work on /home/airflow/.local/lib/python3.8/site-packages/airflow/example_dags/example_task_group_decorator.py
[2025-08-19T21:50:07.243+0000] {processor.py:830} INFO - Processing file /home/airflow/.local/lib/python3.8/site-packages/airflow/example_dags/example_task_group_decorator.py for tasks to queue
[2025-08-19T21:50:07.246+0000] {logging_mixin.py:188} INFO - [2025-08-19T21:50:07.246+0000] {dagbag.py:538} INFO - Filling up the DagBag from /home/airflow/.local/lib/python3.8/site-packages/airflow/example_dags/example_task_group_decorator.py
[2025-08-19T21:50:07.264+0000] {processor.py:840} INFO - DAG(s) 'example_task_group_decorator' retrieved from /home/airflow/.local/lib/python3.8/site-packages/airflow/example_dags/example_task_group_decorator.py
[2025-08-19T21:50:07.274+0000] {logging_mixin.py:188} INFO - [2025-08-19T21:50:07.274+0000] {dag.py:3036} INFO - Sync 1 DAGs
[2025-08-19T21:50:07.286+0000] {logging_mixin.py:188} INFO - [2025-08-19T21:50:07.285+0000] {dag.py:3823} INFO - Setting next_dagrun for example_task_group_decorator to 2025-08-18 00:00:00+00:00, run_after=2025-08-19 00:00:00+00:00
[2025-08-19T21:50:07.299+0000] {processor.py:183} INFO - Processing /home/airflow/.local/lib/python3.8/site-packages/airflow/example_dags/example_task_group_decorator.py took 0.057 seconds
[2025-08-19T21:50:37.850+0000] {processor.py:161} INFO - Started process (PID=114) to work on /home/airflow/.local/lib/python3.8/site-packages/airflow/example_dags/example_task_group_decorator.py
[2025-08-19T21:50:37.851+0000] {processor.py:830} INFO - Processing file /home/airflow/.local/lib/python3.8/site-packages/airflow/example_dags/example_task_group_decorator.py for tasks to queue
[2025-08-19T21:50:37.853+0000] {logging_mixin.py:188} INFO - [2025-08-19T21:50:37.853+0000] {dagbag.py:538} INFO - Filling up the DagBag from /home/airflow/.local/lib/python3.8/site-packages/airflow/example_dags/example_task_group_decorator.py
[2025-08-19T21:50:37.858+0000] {processor.py:840} INFO - DAG(s) 'example_task_group_decorator' retrieved from /home/airflow/.local/lib/python3.8/site-packages/airflow/example_dags/example_task_group_decorator.py
[2025-08-19T21:50:37.894+0000] {logging_mixin.py:188} INFO - [2025-08-19T21:50:37.894+0000] {dag.py:3036} INFO - Sync 1 DAGs
[2025-08-19T21:50:37.901+0000] {logging_mixin.py:188} INFO - [2025-08-19T21:50:37.901+0000] {dag.py:3823} INFO - Setting next_dagrun for example_task_group_decorator to 2025-08-18 00:00:00+00:00, run_after=2025-08-19 00:00:00+00:00
[2025-08-19T21:50:37.908+0000] {processor.py:183} INFO - Processing /home/airflow/.local/lib/python3.8/site-packages/airflow/example_dags/example_task_group_decorator.py took 0.060 seconds
[2025-08-19T21:51:08.871+0000] {processor.py:161} INFO - Started process (PID=169) to work on /home/airflow/.local/lib/python3.8/site-packages/airflow/example_dags/example_task_group_decorator.py
[2025-08-19T21:51:08.872+0000] {processor.py:830} INFO - Processing file /home/airflow/.local/lib/python3.8/site-packages/airflow/example_dags/example_task_group_decorator.py for tasks to queue
[2025-08-19T21:51:08.873+0000] {logging_mixin.py:188} INFO - [2025-08-19T21:51:08.873+0000] {dagbag.py:538} INFO - Filling up the DagBag from /home/airflow/.local/lib/python3.8/site-packages/airflow/example_dags/example_task_group_decorator.py
[2025-08-19T21:51:08.880+0000] {processor.py:840} INFO - DAG(s) 'example_task_group_decorator' retrieved from /home/airflow/.local/lib/python3.8/site-packages/airflow/example_dags/example_task_group_decorator.py
[2025-08-19T21:51:08.889+0000] {logging_mixin.py:188} INFO - [2025-08-19T21:51:08.889+0000] {dag.py:3036} INFO - Sync 1 DAGs
[2025-08-19T21:51:08.897+0000] {logging_mixin.py:188} INFO - [2025-08-19T21:51:08.897+0000] {dag.py:3823} INFO - Setting next_dagrun for example_task_group_decorator to 2025-08-18 00:00:00+00:00, run_after=2025-08-19 00:00:00+00:00
[2025-08-19T21:51:08.904+0000] {processor.py:183} INFO - Processing /home/airflow/.local/lib/python3.8/site-packages/airflow/example_dags/example_task_group_decorator.py took 0.034 seconds
[2025-08-19T21:51:39.355+0000] {processor.py:161} INFO - Started process (PID=225) to work on /home/airflow/.local/lib/python3.8/site-packages/airflow/example_dags/example_task_group_decorator.py
[2025-08-19T21:51:39.356+0000] {processor.py:830} INFO - Processing file /home/airflow/.local/lib/python3.8/site-packages/airflow/example_dags/example_task_group_decorator.py for tasks to queue
[2025-08-19T21:51:39.358+0000] {logging_mixin.py:188} INFO - [2025-08-19T21:51:39.358+0000] {dagbag.py:538} INFO - Filling up the DagBag from /home/airflow/.local/lib/python3.8/site-packages/airflow/example_dags/example_task_group_decorator.py
[2025-08-19T21:51:39.363+0000] {processor.py:840} INFO - DAG(s) 'example_task_group_decorator' retrieved from /home/airflow/.local/lib/python3.8/site-packages/airflow/example_dags/example_task_group_decorator.py
[2025-08-19T21:51:39.374+0000] {logging_mixin.py:188} INFO - [2025-08-19T21:51:39.374+0000] {dag.py:3036} INFO - Sync 1 DAGs
[2025-08-19T21:51:39.383+0000] {logging_mixin.py:188} INFO - [2025-08-19T21:51:39.383+0000] {dag.py:3823} INFO - Setting next_dagrun for example_task_group_decorator to 2025-08-18 00:00:00+00:00, run_after=2025-08-19 00:00:00+00:00
[2025-08-19T21:51:39.391+0000] {processor.py:183} INFO - Processing /home/airflow/.local/lib/python3.8/site-packages/airflow/example_dags/example_task_group_decorator.py took 0.037 seconds
[2025-08-19T21:52:09.993+0000] {processor.py:161} INFO - Started process (PID=281) to work on /home/airflow/.local/lib/python3.8/site-packages/airflow/example_dags/example_task_group_decorator.py
[2025-08-19T21:52:09.996+0000] {processor.py:830} INFO - Processing file /home/airflow/.local/lib/python3.8/site-packages/airflow/example_dags/example_task_group_decorator.py for tasks to queue
[2025-08-19T21:52:09.999+0000] {logging_mixin.py:188} INFO - [2025-08-19T21:52:09.999+0000] {dagbag.py:538} INFO - Filling up the DagBag from /home/airflow/.local/lib/python3.8/site-packages/airflow/example_dags/example_task_group_decorator.py
[2025-08-19T21:52:10.017+0000] {processor.py:840} INFO - DAG(s) 'example_task_group_decorator' retrieved from /home/airflow/.local/lib/python3.8/site-packages/airflow/example_dags/example_task_group_decorator.py
[2025-08-19T21:52:10.045+0000] {logging_mixin.py:188} INFO - [2025-08-19T21:52:10.045+0000] {dag.py:3036} INFO - Sync 1 DAGs
[2025-08-19T21:52:10.069+0000] {logging_mixin.py:188} INFO - [2025-08-19T21:52:10.069+0000] {dag.py:3823} INFO - Setting next_dagrun for example_task_group_decorator to 2025-08-18 00:00:00+00:00, run_after=2025-08-19 00:00:00+00:00
[2025-08-19T21:52:10.078+0000] {processor.py:183} INFO - Processing /home/airflow/.local/lib/python3.8/site-packages/airflow/example_dags/example_task_group_decorator.py took 0.093 seconds
[2025-08-19T21:52:40.752+0000] {processor.py:161} INFO - Started process (PID=343) to work on /home/airflow/.local/lib/python3.8/site-packages/airflow/example_dags/example_task_group_decorator.py
[2025-08-19T21:52:40.754+0000] {processor.py:830} INFO - Processing file /home/airflow/.local/lib/python3.8/site-packages/airflow/example_dags/example_task_group_decorator.py for tasks to queue
[2025-08-19T21:52:40.755+0000] {logging_mixin.py:188} INFO - [2025-08-19T21:52:40.755+0000] {dagbag.py:538} INFO - Filling up the DagBag from /home/airflow/.local/lib/python3.8/site-packages/airflow/example_dags/example_task_group_decorator.py
[2025-08-19T21:52:40.761+0000] {processor.py:840} INFO - DAG(s) 'example_task_group_decorator' retrieved from /home/airflow/.local/lib/python3.8/site-packages/airflow/example_dags/example_task_group_decorator.py
[2025-08-19T21:52:40.778+0000] {logging_mixin.py:188} INFO - [2025-08-19T21:52:40.778+0000] {dag.py:3036} INFO - Sync 1 DAGs
[2025-08-19T21:52:40.786+0000] {logging_mixin.py:188} INFO - [2025-08-19T21:52:40.786+0000] {dag.py:3823} INFO - Setting next_dagrun for example_task_group_decorator to 2025-08-18 00:00:00+00:00, run_after=2025-08-19 00:00:00+00:00
[2025-08-19T21:52:40.793+0000] {processor.py:183} INFO - Processing /home/airflow/.local/lib/python3.8/site-packages/airflow/example_dags/example_task_group_decorator.py took 0.043 seconds
[2025-08-19T21:53:11.425+0000] {processor.py:161} INFO - Started process (PID=399) to work on /home/airflow/.local/lib/python3.8/site-packages/airflow/example_dags/example_task_group_decorator.py
[2025-08-19T21:53:11.429+0000] {processor.py:830} INFO - Processing file /home/airflow/.local/lib/python3.8/site-packages/airflow/example_dags/example_task_group_decorator.py for tasks to queue
[2025-08-19T21:53:11.431+0000] {logging_mixin.py:188} INFO - [2025-08-19T21:53:11.431+0000] {dagbag.py:538} INFO - Filling up the DagBag from /home/airflow/.local/lib/python3.8/site-packages/airflow/example_dags/example_task_group_decorator.py
[2025-08-19T21:53:11.441+0000] {processor.py:840} INFO - DAG(s) 'example_task_group_decorator' retrieved from /home/airflow/.local/lib/python3.8/site-packages/airflow/example_dags/example_task_group_decorator.py
[2025-08-19T21:53:11.453+0000] {logging_mixin.py:188} INFO - [2025-08-19T21:53:11.453+0000] {dag.py:3036} INFO - Sync 1 DAGs
[2025-08-19T21:53:11.462+0000] {logging_mixin.py:188} INFO - [2025-08-19T21:53:11.462+0000] {dag.py:3823} INFO - Setting next_dagrun for example_task_group_decorator to 2025-08-18 00:00:00+00:00, run_after=2025-08-19 00:00:00+00:00
[2025-08-19T21:53:11.470+0000] {processor.py:183} INFO - Processing /home/airflow/.local/lib/python3.8/site-packages/airflow/example_dags/example_task_group_decorator.py took 0.048 seconds
[2025-08-19T21:53:42.133+0000] {processor.py:161} INFO - Started process (PID=455) to work on /home/airflow/.local/lib/python3.8/site-packages/airflow/example_dags/example_task_group_decorator.py
[2025-08-19T21:53:42.134+0000] {processor.py:830} INFO - Processing file /home/airflow/.local/lib/python3.8/site-packages/airflow/example_dags/example_task_group_decorator.py for tasks to queue
[2025-08-19T21:53:42.136+0000] {logging_mixin.py:188} INFO - [2025-08-19T21:53:42.135+0000] {dagbag.py:538} INFO - Filling up the DagBag from /home/airflow/.local/lib/python3.8/site-packages/airflow/example_dags/example_task_group_decorator.py
[2025-08-19T21:53:42.144+0000] {processor.py:840} INFO - DAG(s) 'example_task_group_decorator' retrieved from /home/airflow/.local/lib/python3.8/site-packages/airflow/example_dags/example_task_group_decorator.py
[2025-08-19T21:53:42.158+0000] {logging_mixin.py:188} INFO - [2025-08-19T21:53:42.158+0000] {dag.py:3036} INFO - Sync 1 DAGs
[2025-08-19T21:53:42.167+0000] {logging_mixin.py:188} INFO - [2025-08-19T21:53:42.167+0000] {dag.py:3823} INFO - Setting next_dagrun for example_task_group_decorator to 2025-08-18 00:00:00+00:00, run_after=2025-08-19 00:00:00+00:00
[2025-08-19T21:53:42.175+0000] {processor.py:183} INFO - Processing /home/airflow/.local/lib/python3.8/site-packages/airflow/example_dags/example_task_group_decorator.py took 0.044 seconds
[2025-08-19T21:54:12.729+0000] {processor.py:161} INFO - Started process (PID=511) to work on /home/airflow/.local/lib/python3.8/site-packages/airflow/example_dags/example_task_group_decorator.py
[2025-08-19T21:54:12.730+0000] {processor.py:830} INFO - Processing file /home/airflow/.local/lib/python3.8/site-packages/airflow/example_dags/example_task_group_decorator.py for tasks to queue
[2025-08-19T21:54:12.732+0000] {logging_mixin.py:188} INFO - [2025-08-19T21:54:12.732+0000] {dagbag.py:538} INFO - Filling up the DagBag from /home/airflow/.local/lib/python3.8/site-packages/airflow/example_dags/example_task_group_decorator.py
[2025-08-19T21:54:12.739+0000] {processor.py:840} INFO - DAG(s) 'example_task_group_decorator' retrieved from /home/airflow/.local/lib/python3.8/site-packages/airflow/example_dags/example_task_group_decorator.py
[2025-08-19T21:54:12.753+0000] {logging_mixin.py:188} INFO - [2025-08-19T21:54:12.753+0000] {dag.py:3036} INFO - Sync 1 DAGs
[2025-08-19T21:54:12.763+0000] {logging_mixin.py:188} INFO - [2025-08-19T21:54:12.763+0000] {dag.py:3823} INFO - Setting next_dagrun for example_task_group_decorator to 2025-08-18 00:00:00+00:00, run_after=2025-08-19 00:00:00+00:00
[2025-08-19T21:54:12.770+0000] {processor.py:183} INFO - Processing /home/airflow/.local/lib/python3.8/site-packages/airflow/example_dags/example_task_group_decorator.py took 0.044 seconds
[2025-08-19T21:54:43.247+0000] {processor.py:161} INFO - Started process (PID=567) to work on /home/airflow/.local/lib/python3.8/site-packages/airflow/example_dags/example_task_group_decorator.py
[2025-08-19T21:54:43.247+0000] {processor.py:830} INFO - Processing file /home/airflow/.local/lib/python3.8/site-packages/airflow/example_dags/example_task_group_decorator.py for tasks to queue
[2025-08-19T21:54:43.249+0000] {logging_mixin.py:188} INFO - [2025-08-19T21:54:43.248+0000] {dagbag.py:538} INFO - Filling up the DagBag from /home/airflow/.local/lib/python3.8/site-packages/airflow/example_dags/example_task_group_decorator.py
[2025-08-19T21:54:43.256+0000] {processor.py:840} INFO - DAG(s) 'example_task_group_decorator' retrieved from /home/airflow/.local/lib/python3.8/site-packages/airflow/example_dags/example_task_group_decorator.py
[2025-08-19T21:54:43.267+0000] {logging_mixin.py:188} INFO - [2025-08-19T21:54:43.267+0000] {dag.py:3036} INFO - Sync 1 DAGs
[2025-08-19T21:54:43.276+0000] {logging_mixin.py:188} INFO - [2025-08-19T21:54:43.276+0000] {dag.py:3823} INFO - Setting next_dagrun for example_task_group_decorator to 2025-08-18 00:00:00+00:00, run_after=2025-08-19 00:00:00+00:00
[2025-08-19T21:54:43.285+0000] {processor.py:183} INFO - Processing /home/airflow/.local/lib/python3.8/site-packages/airflow/example_dags/example_task_group_decorator.py took 0.041 seconds
[2025-08-19T21:55:13.879+0000] {processor.py:161} INFO - Started process (PID=623) to work on /home/airflow/.local/lib/python3.8/site-packages/airflow/example_dags/example_task_group_decorator.py
[2025-08-19T21:55:13.879+0000] {processor.py:830} INFO - Processing file /home/airflow/.local/lib/python3.8/site-packages/airflow/example_dags/example_task_group_decorator.py for tasks to queue
[2025-08-19T21:55:13.880+0000] {logging_mixin.py:188} INFO - [2025-08-19T21:55:13.880+0000] {dagbag.py:538} INFO - Filling up the DagBag from /home/airflow/.local/lib/python3.8/site-packages/airflow/example_dags/example_task_group_decorator.py
[2025-08-19T21:55:13.887+0000] {processor.py:840} INFO - DAG(s) 'example_task_group_decorator' retrieved from /home/airflow/.local/lib/python3.8/site-packages/airflow/example_dags/example_task_group_decorator.py
[2025-08-19T21:55:13.900+0000] {logging_mixin.py:188} INFO - [2025-08-19T21:55:13.900+0000] {dag.py:3036} INFO - Sync 1 DAGs
[2025-08-19T21:55:13.909+0000] {logging_mixin.py:188} INFO - [2025-08-19T21:55:13.909+0000] {dag.py:3823} INFO - Setting next_dagrun for example_task_group_decorator to 2025-08-18 00:00:00+00:00, run_after=2025-08-19 00:00:00+00:00
[2025-08-19T21:55:13.922+0000] {processor.py:183} INFO - Processing /home/airflow/.local/lib/python3.8/site-packages/airflow/example_dags/example_task_group_decorator.py took 0.046 seconds
[2025-08-19T21:55:44.450+0000] {processor.py:161} INFO - Started process (PID=679) to work on /home/airflow/.local/lib/python3.8/site-packages/airflow/example_dags/example_task_group_decorator.py
[2025-08-19T21:55:44.451+0000] {processor.py:830} INFO - Processing file /home/airflow/.local/lib/python3.8/site-packages/airflow/example_dags/example_task_group_decorator.py for tasks to queue
[2025-08-19T21:55:44.452+0000] {logging_mixin.py:188} INFO - [2025-08-19T21:55:44.452+0000] {dagbag.py:538} INFO - Filling up the DagBag from /home/airflow/.local/lib/python3.8/site-packages/airflow/example_dags/example_task_group_decorator.py
[2025-08-19T21:55:44.459+0000] {processor.py:840} INFO - DAG(s) 'example_task_group_decorator' retrieved from /home/airflow/.local/lib/python3.8/site-packages/airflow/example_dags/example_task_group_decorator.py
[2025-08-19T21:55:44.472+0000] {logging_mixin.py:188} INFO - [2025-08-19T21:55:44.472+0000] {dag.py:3036} INFO - Sync 1 DAGs
[2025-08-19T21:55:44.482+0000] {logging_mixin.py:188} INFO - [2025-08-19T21:55:44.482+0000] {dag.py:3823} INFO - Setting next_dagrun for example_task_group_decorator to 2025-08-18 00:00:00+00:00, run_after=2025-08-19 00:00:00+00:00
[2025-08-19T21:55:44.489+0000] {processor.py:183} INFO - Processing /home/airflow/.local/lib/python3.8/site-packages/airflow/example_dags/example_task_group_decorator.py took 0.041 seconds
[2025-08-19T21:56:15.123+0000] {processor.py:161} INFO - Started process (PID=735) to work on /home/airflow/.local/lib/python3.8/site-packages/airflow/example_dags/example_task_group_decorator.py
[2025-08-19T21:56:15.123+0000] {processor.py:830} INFO - Processing file /home/airflow/.local/lib/python3.8/site-packages/airflow/example_dags/example_task_group_decorator.py for tasks to queue
[2025-08-19T21:56:15.124+0000] {logging_mixin.py:188} INFO - [2025-08-19T21:56:15.124+0000] {dagbag.py:538} INFO - Filling up the DagBag from /home/airflow/.local/lib/python3.8/site-packages/airflow/example_dags/example_task_group_decorator.py
[2025-08-19T21:56:15.131+0000] {processor.py:840} INFO - DAG(s) 'example_task_group_decorator' retrieved from /home/airflow/.local/lib/python3.8/site-packages/airflow/example_dags/example_task_group_decorator.py
[2025-08-19T21:56:15.141+0000] {logging_mixin.py:188} INFO - [2025-08-19T21:56:15.140+0000] {dag.py:3036} INFO - Sync 1 DAGs
[2025-08-19T21:56:15.148+0000] {logging_mixin.py:188} INFO - [2025-08-19T21:56:15.148+0000] {dag.py:3823} INFO - Setting next_dagrun for example_task_group_decorator to 2025-08-18 00:00:00+00:00, run_after=2025-08-19 00:00:00+00:00
[2025-08-19T21:56:15.154+0000] {processor.py:183} INFO - Processing /home/airflow/.local/lib/python3.8/site-packages/airflow/example_dags/example_task_group_decorator.py took 0.033 seconds
[2025-08-19T21:56:45.717+0000] {processor.py:161} INFO - Started process (PID=791) to work on /home/airflow/.local/lib/python3.8/site-packages/airflow/example_dags/example_task_group_decorator.py
[2025-08-19T21:56:45.719+0000] {processor.py:830} INFO - Processing file /home/airflow/.local/lib/python3.8/site-packages/airflow/example_dags/example_task_group_decorator.py for tasks to queue
[2025-08-19T21:56:45.720+0000] {logging_mixin.py:188} INFO - [2025-08-19T21:56:45.719+0000] {dagbag.py:538} INFO - Filling up the DagBag from /home/airflow/.local/lib/python3.8/site-packages/airflow/example_dags/example_task_group_decorator.py
[2025-08-19T21:56:45.726+0000] {processor.py:840} INFO - DAG(s) 'example_task_group_decorator' retrieved from /home/airflow/.local/lib/python3.8/site-packages/airflow/example_dags/example_task_group_decorator.py
[2025-08-19T21:56:45.740+0000] {logging_mixin.py:188} INFO - [2025-08-19T21:56:45.740+0000] {dag.py:3036} INFO - Sync 1 DAGs
[2025-08-19T21:56:45.750+0000] {logging_mixin.py:188} INFO - [2025-08-19T21:56:45.750+0000] {dag.py:3823} INFO - Setting next_dagrun for example_task_group_decorator to 2025-08-18 00:00:00+00:00, run_after=2025-08-19 00:00:00+00:00
[2025-08-19T21:56:45.757+0000] {processor.py:183} INFO - Processing /home/airflow/.local/lib/python3.8/site-packages/airflow/example_dags/example_task_group_decorator.py took 0.042 seconds
[2025-08-19T21:57:16.379+0000] {processor.py:161} INFO - Started process (PID=847) to work on /home/airflow/.local/lib/python3.8/site-packages/airflow/example_dags/example_task_group_decorator.py
[2025-08-19T21:57:16.380+0000] {processor.py:830} INFO - Processing file /home/airflow/.local/lib/python3.8/site-packages/airflow/example_dags/example_task_group_decorator.py for tasks to queue
[2025-08-19T21:57:16.383+0000] {logging_mixin.py:188} INFO - [2025-08-19T21:57:16.383+0000] {dagbag.py:538} INFO - Filling up the DagBag from /home/airflow/.local/lib/python3.8/site-packages/airflow/example_dags/example_task_group_decorator.py
[2025-08-19T21:57:16.391+0000] {processor.py:840} INFO - DAG(s) 'example_task_group_decorator' retrieved from /home/airflow/.local/lib/python3.8/site-packages/airflow/example_dags/example_task_group_decorator.py
[2025-08-19T21:57:16.406+0000] {logging_mixin.py:188} INFO - [2025-08-19T21:57:16.406+0000] {dag.py:3036} INFO - Sync 1 DAGs
[2025-08-19T21:57:16.417+0000] {logging_mixin.py:188} INFO - [2025-08-19T21:57:16.417+0000] {dag.py:3823} INFO - Setting next_dagrun for example_task_group_decorator to 2025-08-18 00:00:00+00:00, run_after=2025-08-19 00:00:00+00:00
[2025-08-19T21:57:16.426+0000] {processor.py:183} INFO - Processing /home/airflow/.local/lib/python3.8/site-packages/airflow/example_dags/example_task_group_decorator.py took 0.049 seconds
[2025-08-19T21:57:46.977+0000] {processor.py:161} INFO - Started process (PID=903) to work on /home/airflow/.local/lib/python3.8/site-packages/airflow/example_dags/example_task_group_decorator.py
[2025-08-19T21:57:46.978+0000] {processor.py:830} INFO - Processing file /home/airflow/.local/lib/python3.8/site-packages/airflow/example_dags/example_task_group_decorator.py for tasks to queue
[2025-08-19T21:57:46.979+0000] {logging_mixin.py:188} INFO - [2025-08-19T21:57:46.979+0000] {dagbag.py:538} INFO - Filling up the DagBag from /home/airflow/.local/lib/python3.8/site-packages/airflow/example_dags/example_task_group_decorator.py
[2025-08-19T21:57:46.986+0000] {processor.py:840} INFO - DAG(s) 'example_task_group_decorator' retrieved from /home/airflow/.local/lib/python3.8/site-packages/airflow/example_dags/example_task_group_decorator.py
[2025-08-19T21:57:46.998+0000] {logging_mixin.py:188} INFO - [2025-08-19T21:57:46.998+0000] {dag.py:3036} INFO - Sync 1 DAGs
[2025-08-19T21:57:47.008+0000] {logging_mixin.py:188} INFO - [2025-08-19T21:57:47.008+0000] {dag.py:3823} INFO - Setting next_dagrun for example_task_group_decorator to 2025-08-18 00:00:00+00:00, run_after=2025-08-19 00:00:00+00:00
[2025-08-19T21:57:47.016+0000] {processor.py:183} INFO - Processing /home/airflow/.local/lib/python3.8/site-packages/airflow/example_dags/example_task_group_decorator.py took 0.042 seconds
[2025-08-19T21:58:17.544+0000] {processor.py:161} INFO - Started process (PID=959) to work on /home/airflow/.local/lib/python3.8/site-packages/airflow/example_dags/example_task_group_decorator.py
[2025-08-19T21:58:17.544+0000] {processor.py:830} INFO - Processing file /home/airflow/.local/lib/python3.8/site-packages/airflow/example_dags/example_task_group_decorator.py for tasks to queue
[2025-08-19T21:58:17.546+0000] {logging_mixin.py:188} INFO - [2025-08-19T21:58:17.545+0000] {dagbag.py:538} INFO - Filling up the DagBag from /home/airflow/.local/lib/python3.8/site-packages/airflow/example_dags/example_task_group_decorator.py
[2025-08-19T21:58:17.552+0000] {processor.py:840} INFO - DAG(s) 'example_task_group_decorator' retrieved from /home/airflow/.local/lib/python3.8/site-packages/airflow/example_dags/example_task_group_decorator.py
[2025-08-19T21:58:17.564+0000] {logging_mixin.py:188} INFO - [2025-08-19T21:58:17.564+0000] {dag.py:3036} INFO - Sync 1 DAGs
[2025-08-19T21:58:17.573+0000] {logging_mixin.py:188} INFO - [2025-08-19T21:58:17.573+0000] {dag.py:3823} INFO - Setting next_dagrun for example_task_group_decorator to 2025-08-18 00:00:00+00:00, run_after=2025-08-19 00:00:00+00:00
[2025-08-19T21:58:17.581+0000] {processor.py:183} INFO - Processing /home/airflow/.local/lib/python3.8/site-packages/airflow/example_dags/example_task_group_decorator.py took 0.039 seconds
[2025-08-19T21:58:48.113+0000] {processor.py:161} INFO - Started process (PID=1015) to work on /home/airflow/.local/lib/python3.8/site-packages/airflow/example_dags/example_task_group_decorator.py
[2025-08-19T21:58:48.114+0000] {processor.py:830} INFO - Processing file /home/airflow/.local/lib/python3.8/site-packages/airflow/example_dags/example_task_group_decorator.py for tasks to queue
[2025-08-19T21:58:48.115+0000] {logging_mixin.py:188} INFO - [2025-08-19T21:58:48.115+0000] {dagbag.py:538} INFO - Filling up the DagBag from /home/airflow/.local/lib/python3.8/site-packages/airflow/example_dags/example_task_group_decorator.py
[2025-08-19T21:58:48.121+0000] {processor.py:840} INFO - DAG(s) 'example_task_group_decorator' retrieved from /home/airflow/.local/lib/python3.8/site-packages/airflow/example_dags/example_task_group_decorator.py
[2025-08-19T21:58:48.131+0000] {logging_mixin.py:188} INFO - [2025-08-19T21:58:48.130+0000] {dag.py:3036} INFO - Sync 1 DAGs
[2025-08-19T21:58:48.138+0000] {logging_mixin.py:188} INFO - [2025-08-19T21:58:48.138+0000] {dag.py:3823} INFO - Setting next_dagrun for example_task_group_decorator to 2025-08-18 00:00:00+00:00, run_after=2025-08-19 00:00:00+00:00
[2025-08-19T21:58:48.144+0000] {processor.py:183} INFO - Processing /home/airflow/.local/lib/python3.8/site-packages/airflow/example_dags/example_task_group_decorator.py took 0.033 seconds
[2025-08-19T21:59:18.615+0000] {processor.py:161} INFO - Started process (PID=1071) to work on /home/airflow/.local/lib/python3.8/site-packages/airflow/example_dags/example_task_group_decorator.py
[2025-08-19T21:59:18.616+0000] {processor.py:830} INFO - Processing file /home/airflow/.local/lib/python3.8/site-packages/airflow/example_dags/example_task_group_decorator.py for tasks to queue
[2025-08-19T21:59:18.618+0000] {logging_mixin.py:188} INFO - [2025-08-19T21:59:18.618+0000] {dagbag.py:538} INFO - Filling up the DagBag from /home/airflow/.local/lib/python3.8/site-packages/airflow/example_dags/example_task_group_decorator.py
[2025-08-19T21:59:18.626+0000] {processor.py:840} INFO - DAG(s) 'example_task_group_decorator' retrieved from /home/airflow/.local/lib/python3.8/site-packages/airflow/example_dags/example_task_group_decorator.py
[2025-08-19T21:59:18.639+0000] {logging_mixin.py:188} INFO - [2025-08-19T21:59:18.639+0000] {dag.py:3036} INFO - Sync 1 DAGs
[2025-08-19T21:59:18.648+0000] {logging_mixin.py:188} INFO - [2025-08-19T21:59:18.648+0000] {dag.py:3823} INFO - Setting next_dagrun for example_task_group_decorator to 2025-08-18 00:00:00+00:00, run_after=2025-08-19 00:00:00+00:00
[2025-08-19T21:59:18.657+0000] {processor.py:183} INFO - Processing /home/airflow/.local/lib/python3.8/site-packages/airflow/example_dags/example_task_group_decorator.py took 0.044 seconds
[2025-08-19T21:59:49.164+0000] {processor.py:161} INFO - Started process (PID=1127) to work on /home/airflow/.local/lib/python3.8/site-packages/airflow/example_dags/example_task_group_decorator.py
[2025-08-19T21:59:49.165+0000] {processor.py:830} INFO - Processing file /home/airflow/.local/lib/python3.8/site-packages/airflow/example_dags/example_task_group_decorator.py for tasks to queue
[2025-08-19T21:59:49.166+0000] {logging_mixin.py:188} INFO - [2025-08-19T21:59:49.166+0000] {dagbag.py:538} INFO - Filling up the DagBag from /home/airflow/.local/lib/python3.8/site-packages/airflow/example_dags/example_task_group_decorator.py
[2025-08-19T21:59:49.173+0000] {processor.py:840} INFO - DAG(s) 'example_task_group_decorator' retrieved from /home/airflow/.local/lib/python3.8/site-packages/airflow/example_dags/example_task_group_decorator.py
[2025-08-19T21:59:49.187+0000] {logging_mixin.py:188} INFO - [2025-08-19T21:59:49.187+0000] {dag.py:3036} INFO - Sync 1 DAGs
[2025-08-19T21:59:49.199+0000] {logging_mixin.py:188} INFO - [2025-08-19T21:59:49.199+0000] {dag.py:3823} INFO - Setting next_dagrun for example_task_group_decorator to 2025-08-18 00:00:00+00:00, run_after=2025-08-19 00:00:00+00:00
[2025-08-19T21:59:49.210+0000] {processor.py:183} INFO - Processing /home/airflow/.local/lib/python3.8/site-packages/airflow/example_dags/example_task_group_decorator.py took 0.047 seconds
[2025-08-19T22:00:19.695+0000] {processor.py:161} INFO - Started process (PID=1183) to work on /home/airflow/.local/lib/python3.8/site-packages/airflow/example_dags/example_task_group_decorator.py
[2025-08-19T22:00:19.696+0000] {processor.py:830} INFO - Processing file /home/airflow/.local/lib/python3.8/site-packages/airflow/example_dags/example_task_group_decorator.py for tasks to queue
[2025-08-19T22:00:19.697+0000] {logging_mixin.py:188} INFO - [2025-08-19T22:00:19.696+0000] {dagbag.py:538} INFO - Filling up the DagBag from /home/airflow/.local/lib/python3.8/site-packages/airflow/example_dags/example_task_group_decorator.py
[2025-08-19T22:00:19.703+0000] {processor.py:840} INFO - DAG(s) 'example_task_group_decorator' retrieved from /home/airflow/.local/lib/python3.8/site-packages/airflow/example_dags/example_task_group_decorator.py
[2025-08-19T22:00:19.716+0000] {logging_mixin.py:188} INFO - [2025-08-19T22:00:19.716+0000] {dag.py:3036} INFO - Sync 1 DAGs
[2025-08-19T22:00:19.726+0000] {logging_mixin.py:188} INFO - [2025-08-19T22:00:19.726+0000] {dag.py:3823} INFO - Setting next_dagrun for example_task_group_decorator to 2025-08-18 00:00:00+00:00, run_after=2025-08-19 00:00:00+00:00
[2025-08-19T22:00:19.734+0000] {processor.py:183} INFO - Processing /home/airflow/.local/lib/python3.8/site-packages/airflow/example_dags/example_task_group_decorator.py took 0.042 seconds
[2025-08-19T22:00:50.242+0000] {processor.py:161} INFO - Started process (PID=1239) to work on /home/airflow/.local/lib/python3.8/site-packages/airflow/example_dags/example_task_group_decorator.py
[2025-08-19T22:00:50.243+0000] {processor.py:830} INFO - Processing file /home/airflow/.local/lib/python3.8/site-packages/airflow/example_dags/example_task_group_decorator.py for tasks to queue
[2025-08-19T22:00:50.245+0000] {logging_mixin.py:188} INFO - [2025-08-19T22:00:50.245+0000] {dagbag.py:538} INFO - Filling up the DagBag from /home/airflow/.local/lib/python3.8/site-packages/airflow/example_dags/example_task_group_decorator.py
[2025-08-19T22:00:50.253+0000] {processor.py:840} INFO - DAG(s) 'example_task_group_decorator' retrieved from /home/airflow/.local/lib/python3.8/site-packages/airflow/example_dags/example_task_group_decorator.py
[2025-08-19T22:00:50.267+0000] {logging_mixin.py:188} INFO - [2025-08-19T22:00:50.266+0000] {dag.py:3036} INFO - Sync 1 DAGs
[2025-08-19T22:00:50.276+0000] {logging_mixin.py:188} INFO - [2025-08-19T22:00:50.276+0000] {dag.py:3823} INFO - Setting next_dagrun for example_task_group_decorator to 2025-08-18 00:00:00+00:00, run_after=2025-08-19 00:00:00+00:00
[2025-08-19T22:00:50.284+0000] {processor.py:183} INFO - Processing /home/airflow/.local/lib/python3.8/site-packages/airflow/example_dags/example_task_group_decorator.py took 0.045 seconds
[2025-08-19T22:01:21.015+0000] {processor.py:161} INFO - Started process (PID=1295) to work on /home/airflow/.local/lib/python3.8/site-packages/airflow/example_dags/example_task_group_decorator.py
[2025-08-19T22:01:21.016+0000] {processor.py:830} INFO - Processing file /home/airflow/.local/lib/python3.8/site-packages/airflow/example_dags/example_task_group_decorator.py for tasks to queue
[2025-08-19T22:01:21.017+0000] {logging_mixin.py:188} INFO - [2025-08-19T22:01:21.017+0000] {dagbag.py:538} INFO - Filling up the DagBag from /home/airflow/.local/lib/python3.8/site-packages/airflow/example_dags/example_task_group_decorator.py
[2025-08-19T22:01:21.023+0000] {processor.py:840} INFO - DAG(s) 'example_task_group_decorator' retrieved from /home/airflow/.local/lib/python3.8/site-packages/airflow/example_dags/example_task_group_decorator.py
[2025-08-19T22:01:21.033+0000] {logging_mixin.py:188} INFO - [2025-08-19T22:01:21.033+0000] {dag.py:3036} INFO - Sync 1 DAGs
[2025-08-19T22:01:21.052+0000] {logging_mixin.py:188} INFO - [2025-08-19T22:01:21.051+0000] {dag.py:3823} INFO - Setting next_dagrun for example_task_group_decorator to 2025-08-18 00:00:00+00:00, run_after=2025-08-19 00:00:00+00:00
[2025-08-19T22:01:21.080+0000] {processor.py:183} INFO - Processing /home/airflow/.local/lib/python3.8/site-packages/airflow/example_dags/example_task_group_decorator.py took 0.067 seconds
[2025-08-19T22:01:51.125+0000] {processor.py:161} INFO - Started process (PID=1351) to work on /home/airflow/.local/lib/python3.8/site-packages/airflow/example_dags/example_task_group_decorator.py
[2025-08-19T22:01:51.126+0000] {processor.py:830} INFO - Processing file /home/airflow/.local/lib/python3.8/site-packages/airflow/example_dags/example_task_group_decorator.py for tasks to queue
[2025-08-19T22:01:51.127+0000] {logging_mixin.py:188} INFO - [2025-08-19T22:01:51.127+0000] {dagbag.py:538} INFO - Filling up the DagBag from /home/airflow/.local/lib/python3.8/site-packages/airflow/example_dags/example_task_group_decorator.py
[2025-08-19T22:01:51.135+0000] {processor.py:840} INFO - DAG(s) 'example_task_group_decorator' retrieved from /home/airflow/.local/lib/python3.8/site-packages/airflow/example_dags/example_task_group_decorator.py
[2025-08-19T22:01:51.149+0000] {logging_mixin.py:188} INFO - [2025-08-19T22:01:51.149+0000] {dag.py:3036} INFO - Sync 1 DAGs
[2025-08-19T22:01:51.158+0000] {logging_mixin.py:188} INFO - [2025-08-19T22:01:51.158+0000] {dag.py:3823} INFO - Setting next_dagrun for example_task_group_decorator to 2025-08-18 00:00:00+00:00, run_after=2025-08-19 00:00:00+00:00
[2025-08-19T22:01:51.165+0000] {processor.py:183} INFO - Processing /home/airflow/.local/lib/python3.8/site-packages/airflow/example_dags/example_task_group_decorator.py took 0.043 seconds
[2025-08-19T22:02:22.094+0000] {processor.py:161} INFO - Started process (PID=1407) to work on /home/airflow/.local/lib/python3.8/site-packages/airflow/example_dags/example_task_group_decorator.py
[2025-08-19T22:02:22.097+0000] {processor.py:830} INFO - Processing file /home/airflow/.local/lib/python3.8/site-packages/airflow/example_dags/example_task_group_decorator.py for tasks to queue
[2025-08-19T22:02:22.098+0000] {logging_mixin.py:188} INFO - [2025-08-19T22:02:22.097+0000] {dagbag.py:538} INFO - Filling up the DagBag from /home/airflow/.local/lib/python3.8/site-packages/airflow/example_dags/example_task_group_decorator.py
[2025-08-19T22:02:22.104+0000] {processor.py:840} INFO - DAG(s) 'example_task_group_decorator' retrieved from /home/airflow/.local/lib/python3.8/site-packages/airflow/example_dags/example_task_group_decorator.py
[2025-08-19T22:02:22.117+0000] {logging_mixin.py:188} INFO - [2025-08-19T22:02:22.117+0000] {dag.py:3036} INFO - Sync 1 DAGs
[2025-08-19T22:02:22.125+0000] {logging_mixin.py:188} INFO - [2025-08-19T22:02:22.125+0000] {dag.py:3823} INFO - Setting next_dagrun for example_task_group_decorator to 2025-08-18 00:00:00+00:00, run_after=2025-08-19 00:00:00+00:00
[2025-08-19T22:02:22.134+0000] {processor.py:183} INFO - Processing /home/airflow/.local/lib/python3.8/site-packages/airflow/example_dags/example_task_group_decorator.py took 0.042 seconds
[2025-08-19T22:02:52.974+0000] {processor.py:161} INFO - Started process (PID=1463) to work on /home/airflow/.local/lib/python3.8/site-packages/airflow/example_dags/example_task_group_decorator.py
[2025-08-19T22:02:52.977+0000] {processor.py:830} INFO - Processing file /home/airflow/.local/lib/python3.8/site-packages/airflow/example_dags/example_task_group_decorator.py for tasks to queue
[2025-08-19T22:02:52.978+0000] {logging_mixin.py:188} INFO - [2025-08-19T22:02:52.978+0000] {dagbag.py:538} INFO - Filling up the DagBag from /home/airflow/.local/lib/python3.8/site-packages/airflow/example_dags/example_task_group_decorator.py
[2025-08-19T22:02:52.989+0000] {processor.py:840} INFO - DAG(s) 'example_task_group_decorator' retrieved from /home/airflow/.local/lib/python3.8/site-packages/airflow/example_dags/example_task_group_decorator.py
[2025-08-19T22:02:53.002+0000] {logging_mixin.py:188} INFO - [2025-08-19T22:02:53.002+0000] {dag.py:3036} INFO - Sync 1 DAGs
[2025-08-19T22:02:53.012+0000] {logging_mixin.py:188} INFO - [2025-08-19T22:02:53.011+0000] {dag.py:3823} INFO - Setting next_dagrun for example_task_group_decorator to 2025-08-18 00:00:00+00:00, run_after=2025-08-19 00:00:00+00:00
[2025-08-19T22:02:53.019+0000] {processor.py:183} INFO - Processing /home/airflow/.local/lib/python3.8/site-packages/airflow/example_dags/example_task_group_decorator.py took 0.047 seconds
[2025-08-19T22:03:23.935+0000] {processor.py:161} INFO - Started process (PID=1519) to work on /home/airflow/.local/lib/python3.8/site-packages/airflow/example_dags/example_task_group_decorator.py
[2025-08-19T22:03:23.938+0000] {processor.py:830} INFO - Processing file /home/airflow/.local/lib/python3.8/site-packages/airflow/example_dags/example_task_group_decorator.py for tasks to queue
[2025-08-19T22:03:23.939+0000] {logging_mixin.py:188} INFO - [2025-08-19T22:03:23.939+0000] {dagbag.py:538} INFO - Filling up the DagBag from /home/airflow/.local/lib/python3.8/site-packages/airflow/example_dags/example_task_group_decorator.py
[2025-08-19T22:03:23.950+0000] {processor.py:840} INFO - DAG(s) 'example_task_group_decorator' retrieved from /home/airflow/.local/lib/python3.8/site-packages/airflow/example_dags/example_task_group_decorator.py
[2025-08-19T22:03:23.967+0000] {logging_mixin.py:188} INFO - [2025-08-19T22:03:23.966+0000] {dag.py:3036} INFO - Sync 1 DAGs
[2025-08-19T22:03:23.976+0000] {logging_mixin.py:188} INFO - [2025-08-19T22:03:23.976+0000] {dag.py:3823} INFO - Setting next_dagrun for example_task_group_decorator to 2025-08-18 00:00:00+00:00, run_after=2025-08-19 00:00:00+00:00
[2025-08-19T22:03:23.994+0000] {processor.py:183} INFO - Processing /home/airflow/.local/lib/python3.8/site-packages/airflow/example_dags/example_task_group_decorator.py took 0.061 seconds
[2025-08-19T22:03:54.743+0000] {processor.py:161} INFO - Started process (PID=1575) to work on /home/airflow/.local/lib/python3.8/site-packages/airflow/example_dags/example_task_group_decorator.py
[2025-08-19T22:03:54.744+0000] {processor.py:830} INFO - Processing file /home/airflow/.local/lib/python3.8/site-packages/airflow/example_dags/example_task_group_decorator.py for tasks to queue
[2025-08-19T22:03:54.746+0000] {logging_mixin.py:188} INFO - [2025-08-19T22:03:54.746+0000] {dagbag.py:538} INFO - Filling up the DagBag from /home/airflow/.local/lib/python3.8/site-packages/airflow/example_dags/example_task_group_decorator.py
[2025-08-19T22:03:54.753+0000] {processor.py:840} INFO - DAG(s) 'example_task_group_decorator' retrieved from /home/airflow/.local/lib/python3.8/site-packages/airflow/example_dags/example_task_group_decorator.py
[2025-08-19T22:03:54.769+0000] {logging_mixin.py:188} INFO - [2025-08-19T22:03:54.769+0000] {dag.py:3036} INFO - Sync 1 DAGs
[2025-08-19T22:03:54.779+0000] {logging_mixin.py:188} INFO - [2025-08-19T22:03:54.779+0000] {dag.py:3823} INFO - Setting next_dagrun for example_task_group_decorator to 2025-08-18 00:00:00+00:00, run_after=2025-08-19 00:00:00+00:00
[2025-08-19T22:03:54.786+0000] {processor.py:183} INFO - Processing /home/airflow/.local/lib/python3.8/site-packages/airflow/example_dags/example_task_group_decorator.py took 0.046 seconds
[2025-08-19T22:04:25.339+0000] {processor.py:161} INFO - Started process (PID=1631) to work on /home/airflow/.local/lib/python3.8/site-packages/airflow/example_dags/example_task_group_decorator.py
[2025-08-19T22:04:25.340+0000] {processor.py:830} INFO - Processing file /home/airflow/.local/lib/python3.8/site-packages/airflow/example_dags/example_task_group_decorator.py for tasks to queue
[2025-08-19T22:04:25.341+0000] {logging_mixin.py:188} INFO - [2025-08-19T22:04:25.341+0000] {dagbag.py:538} INFO - Filling up the DagBag from /home/airflow/.local/lib/python3.8/site-packages/airflow/example_dags/example_task_group_decorator.py
[2025-08-19T22:04:25.347+0000] {processor.py:840} INFO - DAG(s) 'example_task_group_decorator' retrieved from /home/airflow/.local/lib/python3.8/site-packages/airflow/example_dags/example_task_group_decorator.py
[2025-08-19T22:04:25.355+0000] {logging_mixin.py:188} INFO - [2025-08-19T22:04:25.355+0000] {dag.py:3036} INFO - Sync 1 DAGs
[2025-08-19T22:04:25.363+0000] {logging_mixin.py:188} INFO - [2025-08-19T22:04:25.363+0000] {dag.py:3823} INFO - Setting next_dagrun for example_task_group_decorator to 2025-08-18 00:00:00+00:00, run_after=2025-08-19 00:00:00+00:00
[2025-08-19T22:04:25.369+0000] {processor.py:183} INFO - Processing /home/airflow/.local/lib/python3.8/site-packages/airflow/example_dags/example_task_group_decorator.py took 0.032 seconds
[2025-08-19T22:04:55.729+0000] {processor.py:161} INFO - Started process (PID=1687) to work on /home/airflow/.local/lib/python3.8/site-packages/airflow/example_dags/example_task_group_decorator.py
[2025-08-19T22:04:55.730+0000] {processor.py:830} INFO - Processing file /home/airflow/.local/lib/python3.8/site-packages/airflow/example_dags/example_task_group_decorator.py for tasks to queue
[2025-08-19T22:04:55.731+0000] {logging_mixin.py:188} INFO - [2025-08-19T22:04:55.731+0000] {dagbag.py:538} INFO - Filling up the DagBag from /home/airflow/.local/lib/python3.8/site-packages/airflow/example_dags/example_task_group_decorator.py
[2025-08-19T22:04:55.739+0000] {processor.py:840} INFO - DAG(s) 'example_task_group_decorator' retrieved from /home/airflow/.local/lib/python3.8/site-packages/airflow/example_dags/example_task_group_decorator.py
[2025-08-19T22:04:55.749+0000] {logging_mixin.py:188} INFO - [2025-08-19T22:04:55.749+0000] {dag.py:3036} INFO - Sync 1 DAGs
[2025-08-19T22:04:55.758+0000] {logging_mixin.py:188} INFO - [2025-08-19T22:04:55.758+0000] {dag.py:3823} INFO - Setting next_dagrun for example_task_group_decorator to 2025-08-18 00:00:00+00:00, run_after=2025-08-19 00:00:00+00:00
[2025-08-19T22:04:55.764+0000] {processor.py:183} INFO - Processing /home/airflow/.local/lib/python3.8/site-packages/airflow/example_dags/example_task_group_decorator.py took 0.037 seconds
[2025-08-19T22:05:26.241+0000] {processor.py:161} INFO - Started process (PID=1743) to work on /home/airflow/.local/lib/python3.8/site-packages/airflow/example_dags/example_task_group_decorator.py
[2025-08-19T22:05:26.242+0000] {processor.py:830} INFO - Processing file /home/airflow/.local/lib/python3.8/site-packages/airflow/example_dags/example_task_group_decorator.py for tasks to queue
[2025-08-19T22:05:26.243+0000] {logging_mixin.py:188} INFO - [2025-08-19T22:05:26.243+0000] {dagbag.py:538} INFO - Filling up the DagBag from /home/airflow/.local/lib/python3.8/site-packages/airflow/example_dags/example_task_group_decorator.py
[2025-08-19T22:05:26.248+0000] {processor.py:840} INFO - DAG(s) 'example_task_group_decorator' retrieved from /home/airflow/.local/lib/python3.8/site-packages/airflow/example_dags/example_task_group_decorator.py
[2025-08-19T22:05:26.260+0000] {logging_mixin.py:188} INFO - [2025-08-19T22:05:26.260+0000] {dag.py:3036} INFO - Sync 1 DAGs
[2025-08-19T22:05:26.269+0000] {logging_mixin.py:188} INFO - [2025-08-19T22:05:26.269+0000] {dag.py:3823} INFO - Setting next_dagrun for example_task_group_decorator to 2025-08-18 00:00:00+00:00, run_after=2025-08-19 00:00:00+00:00
[2025-08-19T22:05:26.275+0000] {processor.py:183} INFO - Processing /home/airflow/.local/lib/python3.8/site-packages/airflow/example_dags/example_task_group_decorator.py took 0.036 seconds
[2025-08-19T22:05:56.334+0000] {processor.py:161} INFO - Started process (PID=1799) to work on /home/airflow/.local/lib/python3.8/site-packages/airflow/example_dags/example_task_group_decorator.py
[2025-08-19T22:05:56.335+0000] {processor.py:830} INFO - Processing file /home/airflow/.local/lib/python3.8/site-packages/airflow/example_dags/example_task_group_decorator.py for tasks to queue
[2025-08-19T22:05:56.336+0000] {logging_mixin.py:188} INFO - [2025-08-19T22:05:56.336+0000] {dagbag.py:538} INFO - Filling up the DagBag from /home/airflow/.local/lib/python3.8/site-packages/airflow/example_dags/example_task_group_decorator.py
[2025-08-19T22:05:56.342+0000] {processor.py:840} INFO - DAG(s) 'example_task_group_decorator' retrieved from /home/airflow/.local/lib/python3.8/site-packages/airflow/example_dags/example_task_group_decorator.py
[2025-08-19T22:05:56.350+0000] {logging_mixin.py:188} INFO - [2025-08-19T22:05:56.350+0000] {dag.py:3036} INFO - Sync 1 DAGs
[2025-08-19T22:05:56.359+0000] {logging_mixin.py:188} INFO - [2025-08-19T22:05:56.359+0000] {dag.py:3823} INFO - Setting next_dagrun for example_task_group_decorator to 2025-08-18 00:00:00+00:00, run_after=2025-08-19 00:00:00+00:00
[2025-08-19T22:05:56.367+0000] {processor.py:183} INFO - Processing /home/airflow/.local/lib/python3.8/site-packages/airflow/example_dags/example_task_group_decorator.py took 0.034 seconds
[2025-08-19T22:06:26.761+0000] {processor.py:161} INFO - Started process (PID=1855) to work on /home/airflow/.local/lib/python3.8/site-packages/airflow/example_dags/example_task_group_decorator.py
[2025-08-19T22:06:26.762+0000] {processor.py:830} INFO - Processing file /home/airflow/.local/lib/python3.8/site-packages/airflow/example_dags/example_task_group_decorator.py for tasks to queue
[2025-08-19T22:06:26.763+0000] {logging_mixin.py:188} INFO - [2025-08-19T22:06:26.763+0000] {dagbag.py:538} INFO - Filling up the DagBag from /home/airflow/.local/lib/python3.8/site-packages/airflow/example_dags/example_task_group_decorator.py
[2025-08-19T22:06:26.770+0000] {processor.py:840} INFO - DAG(s) 'example_task_group_decorator' retrieved from /home/airflow/.local/lib/python3.8/site-packages/airflow/example_dags/example_task_group_decorator.py
[2025-08-19T22:06:26.782+0000] {logging_mixin.py:188} INFO - [2025-08-19T22:06:26.782+0000] {dag.py:3036} INFO - Sync 1 DAGs
[2025-08-19T22:06:26.790+0000] {logging_mixin.py:188} INFO - [2025-08-19T22:06:26.790+0000] {dag.py:3823} INFO - Setting next_dagrun for example_task_group_decorator to 2025-08-18 00:00:00+00:00, run_after=2025-08-19 00:00:00+00:00
[2025-08-19T22:06:26.796+0000] {processor.py:183} INFO - Processing /home/airflow/.local/lib/python3.8/site-packages/airflow/example_dags/example_task_group_decorator.py took 0.036 seconds
[2025-08-19T22:06:57.331+0000] {processor.py:161} INFO - Started process (PID=1911) to work on /home/airflow/.local/lib/python3.8/site-packages/airflow/example_dags/example_task_group_decorator.py
[2025-08-19T22:06:57.332+0000] {processor.py:830} INFO - Processing file /home/airflow/.local/lib/python3.8/site-packages/airflow/example_dags/example_task_group_decorator.py for tasks to queue
[2025-08-19T22:06:57.332+0000] {logging_mixin.py:188} INFO - [2025-08-19T22:06:57.332+0000] {dagbag.py:538} INFO - Filling up the DagBag from /home/airflow/.local/lib/python3.8/site-packages/airflow/example_dags/example_task_group_decorator.py
[2025-08-19T22:06:57.338+0000] {processor.py:840} INFO - DAG(s) 'example_task_group_decorator' retrieved from /home/airflow/.local/lib/python3.8/site-packages/airflow/example_dags/example_task_group_decorator.py
[2025-08-19T22:06:57.348+0000] {logging_mixin.py:188} INFO - [2025-08-19T22:06:57.348+0000] {dag.py:3036} INFO - Sync 1 DAGs
[2025-08-19T22:06:57.357+0000] {logging_mixin.py:188} INFO - [2025-08-19T22:06:57.357+0000] {dag.py:3823} INFO - Setting next_dagrun for example_task_group_decorator to 2025-08-18 00:00:00+00:00, run_after=2025-08-19 00:00:00+00:00
[2025-08-19T22:06:57.363+0000] {processor.py:183} INFO - Processing /home/airflow/.local/lib/python3.8/site-packages/airflow/example_dags/example_task_group_decorator.py took 0.033 seconds
[2025-08-19T22:07:27.470+0000] {processor.py:161} INFO - Started process (PID=1967) to work on /home/airflow/.local/lib/python3.8/site-packages/airflow/example_dags/example_task_group_decorator.py
[2025-08-19T22:07:27.471+0000] {processor.py:830} INFO - Processing file /home/airflow/.local/lib/python3.8/site-packages/airflow/example_dags/example_task_group_decorator.py for tasks to queue
[2025-08-19T22:07:27.473+0000] {logging_mixin.py:188} INFO - [2025-08-19T22:07:27.472+0000] {dagbag.py:538} INFO - Filling up the DagBag from /home/airflow/.local/lib/python3.8/site-packages/airflow/example_dags/example_task_group_decorator.py
[2025-08-19T22:07:27.479+0000] {processor.py:840} INFO - DAG(s) 'example_task_group_decorator' retrieved from /home/airflow/.local/lib/python3.8/site-packages/airflow/example_dags/example_task_group_decorator.py
[2025-08-19T22:07:27.499+0000] {logging_mixin.py:188} INFO - [2025-08-19T22:07:27.499+0000] {dag.py:3036} INFO - Sync 1 DAGs
[2025-08-19T22:07:27.508+0000] {logging_mixin.py:188} INFO - [2025-08-19T22:07:27.508+0000] {dag.py:3823} INFO - Setting next_dagrun for example_task_group_decorator to 2025-08-18 00:00:00+00:00, run_after=2025-08-19 00:00:00+00:00
[2025-08-19T22:07:27.522+0000] {processor.py:183} INFO - Processing /home/airflow/.local/lib/python3.8/site-packages/airflow/example_dags/example_task_group_decorator.py took 0.053 seconds
[2025-08-19T22:07:58.114+0000] {processor.py:161} INFO - Started process (PID=2023) to work on /home/airflow/.local/lib/python3.8/site-packages/airflow/example_dags/example_task_group_decorator.py
[2025-08-19T22:07:58.115+0000] {processor.py:830} INFO - Processing file /home/airflow/.local/lib/python3.8/site-packages/airflow/example_dags/example_task_group_decorator.py for tasks to queue
[2025-08-19T22:07:58.116+0000] {logging_mixin.py:188} INFO - [2025-08-19T22:07:58.116+0000] {dagbag.py:538} INFO - Filling up the DagBag from /home/airflow/.local/lib/python3.8/site-packages/airflow/example_dags/example_task_group_decorator.py
[2025-08-19T22:07:58.122+0000] {processor.py:840} INFO - DAG(s) 'example_task_group_decorator' retrieved from /home/airflow/.local/lib/python3.8/site-packages/airflow/example_dags/example_task_group_decorator.py
[2025-08-19T22:07:58.141+0000] {logging_mixin.py:188} INFO - [2025-08-19T22:07:58.140+0000] {dag.py:3036} INFO - Sync 1 DAGs
[2025-08-19T22:07:58.151+0000] {logging_mixin.py:188} INFO - [2025-08-19T22:07:58.151+0000] {dag.py:3823} INFO - Setting next_dagrun for example_task_group_decorator to 2025-08-18 00:00:00+00:00, run_after=2025-08-19 00:00:00+00:00
[2025-08-19T22:07:58.161+0000] {processor.py:183} INFO - Processing /home/airflow/.local/lib/python3.8/site-packages/airflow/example_dags/example_task_group_decorator.py took 0.049 seconds
[2025-08-19T22:08:28.940+0000] {processor.py:161} INFO - Started process (PID=2079) to work on /home/airflow/.local/lib/python3.8/site-packages/airflow/example_dags/example_task_group_decorator.py
[2025-08-19T22:08:28.941+0000] {processor.py:830} INFO - Processing file /home/airflow/.local/lib/python3.8/site-packages/airflow/example_dags/example_task_group_decorator.py for tasks to queue
[2025-08-19T22:08:28.943+0000] {logging_mixin.py:188} INFO - [2025-08-19T22:08:28.943+0000] {dagbag.py:538} INFO - Filling up the DagBag from /home/airflow/.local/lib/python3.8/site-packages/airflow/example_dags/example_task_group_decorator.py
[2025-08-19T22:08:28.948+0000] {processor.py:840} INFO - DAG(s) 'example_task_group_decorator' retrieved from /home/airflow/.local/lib/python3.8/site-packages/airflow/example_dags/example_task_group_decorator.py
[2025-08-19T22:08:28.968+0000] {logging_mixin.py:188} INFO - [2025-08-19T22:08:28.968+0000] {dag.py:3036} INFO - Sync 1 DAGs
[2025-08-19T22:08:28.976+0000] {logging_mixin.py:188} INFO - [2025-08-19T22:08:28.976+0000] {dag.py:3823} INFO - Setting next_dagrun for example_task_group_decorator to 2025-08-18 00:00:00+00:00, run_after=2025-08-19 00:00:00+00:00
[2025-08-19T22:08:28.986+0000] {processor.py:183} INFO - Processing /home/airflow/.local/lib/python3.8/site-packages/airflow/example_dags/example_task_group_decorator.py took 0.047 seconds
[2025-08-19T22:08:59.541+0000] {processor.py:161} INFO - Started process (PID=2135) to work on /home/airflow/.local/lib/python3.8/site-packages/airflow/example_dags/example_task_group_decorator.py
[2025-08-19T22:08:59.542+0000] {processor.py:830} INFO - Processing file /home/airflow/.local/lib/python3.8/site-packages/airflow/example_dags/example_task_group_decorator.py for tasks to queue
[2025-08-19T22:08:59.542+0000] {logging_mixin.py:188} INFO - [2025-08-19T22:08:59.542+0000] {dagbag.py:538} INFO - Filling up the DagBag from /home/airflow/.local/lib/python3.8/site-packages/airflow/example_dags/example_task_group_decorator.py
[2025-08-19T22:08:59.548+0000] {processor.py:840} INFO - DAG(s) 'example_task_group_decorator' retrieved from /home/airflow/.local/lib/python3.8/site-packages/airflow/example_dags/example_task_group_decorator.py
[2025-08-19T22:08:59.556+0000] {logging_mixin.py:188} INFO - [2025-08-19T22:08:59.556+0000] {dag.py:3036} INFO - Sync 1 DAGs
[2025-08-19T22:08:59.566+0000] {logging_mixin.py:188} INFO - [2025-08-19T22:08:59.566+0000] {dag.py:3823} INFO - Setting next_dagrun for example_task_group_decorator to 2025-08-18 00:00:00+00:00, run_after=2025-08-19 00:00:00+00:00
[2025-08-19T22:08:59.575+0000] {processor.py:183} INFO - Processing /home/airflow/.local/lib/python3.8/site-packages/airflow/example_dags/example_task_group_decorator.py took 0.036 seconds
[2025-08-19T22:09:30.183+0000] {processor.py:161} INFO - Started process (PID=2191) to work on /home/airflow/.local/lib/python3.8/site-packages/airflow/example_dags/example_task_group_decorator.py
[2025-08-19T22:09:30.184+0000] {processor.py:830} INFO - Processing file /home/airflow/.local/lib/python3.8/site-packages/airflow/example_dags/example_task_group_decorator.py for tasks to queue
[2025-08-19T22:09:30.185+0000] {logging_mixin.py:188} INFO - [2025-08-19T22:09:30.184+0000] {dagbag.py:538} INFO - Filling up the DagBag from /home/airflow/.local/lib/python3.8/site-packages/airflow/example_dags/example_task_group_decorator.py
[2025-08-19T22:09:30.195+0000] {processor.py:840} INFO - DAG(s) 'example_task_group_decorator' retrieved from /home/airflow/.local/lib/python3.8/site-packages/airflow/example_dags/example_task_group_decorator.py
[2025-08-19T22:09:30.206+0000] {logging_mixin.py:188} INFO - [2025-08-19T22:09:30.206+0000] {dag.py:3036} INFO - Sync 1 DAGs
[2025-08-19T22:09:30.220+0000] {logging_mixin.py:188} INFO - [2025-08-19T22:09:30.219+0000] {dag.py:3823} INFO - Setting next_dagrun for example_task_group_decorator to 2025-08-18 00:00:00+00:00, run_after=2025-08-19 00:00:00+00:00
[2025-08-19T22:09:30.229+0000] {processor.py:183} INFO - Processing /home/airflow/.local/lib/python3.8/site-packages/airflow/example_dags/example_task_group_decorator.py took 0.048 seconds
[2025-08-19T22:10:00.799+0000] {processor.py:161} INFO - Started process (PID=2247) to work on /home/airflow/.local/lib/python3.8/site-packages/airflow/example_dags/example_task_group_decorator.py
[2025-08-19T22:10:00.799+0000] {processor.py:830} INFO - Processing file /home/airflow/.local/lib/python3.8/site-packages/airflow/example_dags/example_task_group_decorator.py for tasks to queue
[2025-08-19T22:10:00.800+0000] {logging_mixin.py:188} INFO - [2025-08-19T22:10:00.800+0000] {dagbag.py:538} INFO - Filling up the DagBag from /home/airflow/.local/lib/python3.8/site-packages/airflow/example_dags/example_task_group_decorator.py
[2025-08-19T22:10:00.806+0000] {processor.py:840} INFO - DAG(s) 'example_task_group_decorator' retrieved from /home/airflow/.local/lib/python3.8/site-packages/airflow/example_dags/example_task_group_decorator.py
[2025-08-19T22:10:00.816+0000] {logging_mixin.py:188} INFO - [2025-08-19T22:10:00.816+0000] {dag.py:3036} INFO - Sync 1 DAGs
[2025-08-19T22:10:00.824+0000] {logging_mixin.py:188} INFO - [2025-08-19T22:10:00.824+0000] {dag.py:3823} INFO - Setting next_dagrun for example_task_group_decorator to 2025-08-18 00:00:00+00:00, run_after=2025-08-19 00:00:00+00:00
[2025-08-19T22:10:00.830+0000] {processor.py:183} INFO - Processing /home/airflow/.local/lib/python3.8/site-packages/airflow/example_dags/example_task_group_decorator.py took 0.033 seconds
[2025-08-19T22:10:31.432+0000] {processor.py:161} INFO - Started process (PID=2303) to work on /home/airflow/.local/lib/python3.8/site-packages/airflow/example_dags/example_task_group_decorator.py
[2025-08-19T22:10:31.434+0000] {processor.py:830} INFO - Processing file /home/airflow/.local/lib/python3.8/site-packages/airflow/example_dags/example_task_group_decorator.py for tasks to queue
[2025-08-19T22:10:31.435+0000] {logging_mixin.py:188} INFO - [2025-08-19T22:10:31.435+0000] {dagbag.py:538} INFO - Filling up the DagBag from /home/airflow/.local/lib/python3.8/site-packages/airflow/example_dags/example_task_group_decorator.py
[2025-08-19T22:10:31.441+0000] {processor.py:840} INFO - DAG(s) 'example_task_group_decorator' retrieved from /home/airflow/.local/lib/python3.8/site-packages/airflow/example_dags/example_task_group_decorator.py
[2025-08-19T22:10:31.453+0000] {logging_mixin.py:188} INFO - [2025-08-19T22:10:31.453+0000] {dag.py:3036} INFO - Sync 1 DAGs
[2025-08-19T22:10:31.462+0000] {logging_mixin.py:188} INFO - [2025-08-19T22:10:31.462+0000] {dag.py:3823} INFO - Setting next_dagrun for example_task_group_decorator to 2025-08-18 00:00:00+00:00, run_after=2025-08-19 00:00:00+00:00
[2025-08-19T22:10:31.470+0000] {processor.py:183} INFO - Processing /home/airflow/.local/lib/python3.8/site-packages/airflow/example_dags/example_task_group_decorator.py took 0.039 seconds
[2025-08-19T22:11:02.153+0000] {processor.py:161} INFO - Started process (PID=2359) to work on /home/airflow/.local/lib/python3.8/site-packages/airflow/example_dags/example_task_group_decorator.py
[2025-08-19T22:11:02.153+0000] {processor.py:830} INFO - Processing file /home/airflow/.local/lib/python3.8/site-packages/airflow/example_dags/example_task_group_decorator.py for tasks to queue
[2025-08-19T22:11:02.154+0000] {logging_mixin.py:188} INFO - [2025-08-19T22:11:02.154+0000] {dagbag.py:538} INFO - Filling up the DagBag from /home/airflow/.local/lib/python3.8/site-packages/airflow/example_dags/example_task_group_decorator.py
[2025-08-19T22:11:02.160+0000] {processor.py:840} INFO - DAG(s) 'example_task_group_decorator' retrieved from /home/airflow/.local/lib/python3.8/site-packages/airflow/example_dags/example_task_group_decorator.py
[2025-08-19T22:11:02.171+0000] {logging_mixin.py:188} INFO - [2025-08-19T22:11:02.171+0000] {dag.py:3036} INFO - Sync 1 DAGs
[2025-08-19T22:11:02.180+0000] {logging_mixin.py:188} INFO - [2025-08-19T22:11:02.180+0000] {dag.py:3823} INFO - Setting next_dagrun for example_task_group_decorator to 2025-08-18 00:00:00+00:00, run_after=2025-08-19 00:00:00+00:00
[2025-08-19T22:11:02.187+0000] {processor.py:183} INFO - Processing /home/airflow/.local/lib/python3.8/site-packages/airflow/example_dags/example_task_group_decorator.py took 0.036 seconds
[2025-08-19T22:11:32.643+0000] {processor.py:161} INFO - Started process (PID=2415) to work on /home/airflow/.local/lib/python3.8/site-packages/airflow/example_dags/example_task_group_decorator.py
[2025-08-19T22:11:32.644+0000] {processor.py:830} INFO - Processing file /home/airflow/.local/lib/python3.8/site-packages/airflow/example_dags/example_task_group_decorator.py for tasks to queue
[2025-08-19T22:11:32.646+0000] {logging_mixin.py:188} INFO - [2025-08-19T22:11:32.646+0000] {dagbag.py:538} INFO - Filling up the DagBag from /home/airflow/.local/lib/python3.8/site-packages/airflow/example_dags/example_task_group_decorator.py
[2025-08-19T22:11:32.652+0000] {processor.py:840} INFO - DAG(s) 'example_task_group_decorator' retrieved from /home/airflow/.local/lib/python3.8/site-packages/airflow/example_dags/example_task_group_decorator.py
[2025-08-19T22:11:32.665+0000] {logging_mixin.py:188} INFO - [2025-08-19T22:11:32.665+0000] {dag.py:3036} INFO - Sync 1 DAGs
[2025-08-19T22:11:32.674+0000] {logging_mixin.py:188} INFO - [2025-08-19T22:11:32.674+0000] {dag.py:3823} INFO - Setting next_dagrun for example_task_group_decorator to 2025-08-18 00:00:00+00:00, run_after=2025-08-19 00:00:00+00:00
[2025-08-19T22:11:32.681+0000] {processor.py:183} INFO - Processing /home/airflow/.local/lib/python3.8/site-packages/airflow/example_dags/example_task_group_decorator.py took 0.039 seconds
[2025-08-19T22:12:03.110+0000] {processor.py:161} INFO - Started process (PID=2471) to work on /home/airflow/.local/lib/python3.8/site-packages/airflow/example_dags/example_task_group_decorator.py
[2025-08-19T22:12:03.111+0000] {processor.py:830} INFO - Processing file /home/airflow/.local/lib/python3.8/site-packages/airflow/example_dags/example_task_group_decorator.py for tasks to queue
[2025-08-19T22:12:03.112+0000] {logging_mixin.py:188} INFO - [2025-08-19T22:12:03.111+0000] {dagbag.py:538} INFO - Filling up the DagBag from /home/airflow/.local/lib/python3.8/site-packages/airflow/example_dags/example_task_group_decorator.py
[2025-08-19T22:12:03.117+0000] {processor.py:840} INFO - DAG(s) 'example_task_group_decorator' retrieved from /home/airflow/.local/lib/python3.8/site-packages/airflow/example_dags/example_task_group_decorator.py
[2025-08-19T22:12:03.128+0000] {logging_mixin.py:188} INFO - [2025-08-19T22:12:03.128+0000] {dag.py:3036} INFO - Sync 1 DAGs
[2025-08-19T22:12:03.136+0000] {logging_mixin.py:188} INFO - [2025-08-19T22:12:03.136+0000] {dag.py:3823} INFO - Setting next_dagrun for example_task_group_decorator to 2025-08-18 00:00:00+00:00, run_after=2025-08-19 00:00:00+00:00
[2025-08-19T22:12:03.142+0000] {processor.py:183} INFO - Processing /home/airflow/.local/lib/python3.8/site-packages/airflow/example_dags/example_task_group_decorator.py took 0.033 seconds
[2025-08-19T22:12:33.709+0000] {processor.py:161} INFO - Started process (PID=2527) to work on /home/airflow/.local/lib/python3.8/site-packages/airflow/example_dags/example_task_group_decorator.py
[2025-08-19T22:12:33.712+0000] {processor.py:830} INFO - Processing file /home/airflow/.local/lib/python3.8/site-packages/airflow/example_dags/example_task_group_decorator.py for tasks to queue
[2025-08-19T22:12:33.713+0000] {logging_mixin.py:188} INFO - [2025-08-19T22:12:33.713+0000] {dagbag.py:538} INFO - Filling up the DagBag from /home/airflow/.local/lib/python3.8/site-packages/airflow/example_dags/example_task_group_decorator.py
[2025-08-19T22:12:33.720+0000] {processor.py:840} INFO - DAG(s) 'example_task_group_decorator' retrieved from /home/airflow/.local/lib/python3.8/site-packages/airflow/example_dags/example_task_group_decorator.py
[2025-08-19T22:12:33.733+0000] {logging_mixin.py:188} INFO - [2025-08-19T22:12:33.732+0000] {dag.py:3036} INFO - Sync 1 DAGs
[2025-08-19T22:12:33.742+0000] {logging_mixin.py:188} INFO - [2025-08-19T22:12:33.742+0000] {dag.py:3823} INFO - Setting next_dagrun for example_task_group_decorator to 2025-08-18 00:00:00+00:00, run_after=2025-08-19 00:00:00+00:00
[2025-08-19T22:12:33.748+0000] {processor.py:183} INFO - Processing /home/airflow/.local/lib/python3.8/site-packages/airflow/example_dags/example_task_group_decorator.py took 0.041 seconds
[2025-08-19T22:13:04.239+0000] {processor.py:161} INFO - Started process (PID=2583) to work on /home/airflow/.local/lib/python3.8/site-packages/airflow/example_dags/example_task_group_decorator.py
[2025-08-19T22:13:04.240+0000] {processor.py:830} INFO - Processing file /home/airflow/.local/lib/python3.8/site-packages/airflow/example_dags/example_task_group_decorator.py for tasks to queue
[2025-08-19T22:13:04.241+0000] {logging_mixin.py:188} INFO - [2025-08-19T22:13:04.241+0000] {dagbag.py:538} INFO - Filling up the DagBag from /home/airflow/.local/lib/python3.8/site-packages/airflow/example_dags/example_task_group_decorator.py
[2025-08-19T22:13:04.247+0000] {processor.py:840} INFO - DAG(s) 'example_task_group_decorator' retrieved from /home/airflow/.local/lib/python3.8/site-packages/airflow/example_dags/example_task_group_decorator.py
[2025-08-19T22:13:04.256+0000] {logging_mixin.py:188} INFO - [2025-08-19T22:13:04.256+0000] {dag.py:3036} INFO - Sync 1 DAGs
[2025-08-19T22:13:04.264+0000] {logging_mixin.py:188} INFO - [2025-08-19T22:13:04.264+0000] {dag.py:3823} INFO - Setting next_dagrun for example_task_group_decorator to 2025-08-18 00:00:00+00:00, run_after=2025-08-19 00:00:00+00:00
[2025-08-19T22:13:04.273+0000] {processor.py:183} INFO - Processing /home/airflow/.local/lib/python3.8/site-packages/airflow/example_dags/example_task_group_decorator.py took 0.035 seconds
[2025-08-19T22:13:34.783+0000] {processor.py:161} INFO - Started process (PID=2639) to work on /home/airflow/.local/lib/python3.8/site-packages/airflow/example_dags/example_task_group_decorator.py
[2025-08-19T22:13:34.784+0000] {processor.py:830} INFO - Processing file /home/airflow/.local/lib/python3.8/site-packages/airflow/example_dags/example_task_group_decorator.py for tasks to queue
[2025-08-19T22:13:34.785+0000] {logging_mixin.py:188} INFO - [2025-08-19T22:13:34.784+0000] {dagbag.py:538} INFO - Filling up the DagBag from /home/airflow/.local/lib/python3.8/site-packages/airflow/example_dags/example_task_group_decorator.py
[2025-08-19T22:13:34.790+0000] {processor.py:840} INFO - DAG(s) 'example_task_group_decorator' retrieved from /home/airflow/.local/lib/python3.8/site-packages/airflow/example_dags/example_task_group_decorator.py
[2025-08-19T22:13:34.799+0000] {logging_mixin.py:188} INFO - [2025-08-19T22:13:34.799+0000] {dag.py:3036} INFO - Sync 1 DAGs
[2025-08-19T22:13:34.808+0000] {logging_mixin.py:188} INFO - [2025-08-19T22:13:34.807+0000] {dag.py:3823} INFO - Setting next_dagrun for example_task_group_decorator to 2025-08-18 00:00:00+00:00, run_after=2025-08-19 00:00:00+00:00
[2025-08-19T22:13:34.821+0000] {processor.py:183} INFO - Processing /home/airflow/.local/lib/python3.8/site-packages/airflow/example_dags/example_task_group_decorator.py took 0.039 seconds
[2025-08-19T22:20:09.979+0000] {processor.py:161} INFO - Started process (PID=59) to work on /home/airflow/.local/lib/python3.8/site-packages/airflow/example_dags/example_task_group_decorator.py
[2025-08-19T22:20:09.981+0000] {processor.py:830} INFO - Processing file /home/airflow/.local/lib/python3.8/site-packages/airflow/example_dags/example_task_group_decorator.py for tasks to queue
[2025-08-19T22:20:09.983+0000] {logging_mixin.py:188} INFO - [2025-08-19T22:20:09.983+0000] {dagbag.py:538} INFO - Filling up the DagBag from /home/airflow/.local/lib/python3.8/site-packages/airflow/example_dags/example_task_group_decorator.py
[2025-08-19T22:20:09.996+0000] {processor.py:840} INFO - DAG(s) 'example_task_group_decorator' retrieved from /home/airflow/.local/lib/python3.8/site-packages/airflow/example_dags/example_task_group_decorator.py
[2025-08-19T22:20:10.006+0000] {logging_mixin.py:188} INFO - [2025-08-19T22:20:10.006+0000] {dag.py:3036} INFO - Sync 1 DAGs
[2025-08-19T22:20:10.031+0000] {logging_mixin.py:188} INFO - [2025-08-19T22:20:10.031+0000] {dag.py:3823} INFO - Setting next_dagrun for example_task_group_decorator to 2025-08-18 00:00:00+00:00, run_after=2025-08-19 00:00:00+00:00
[2025-08-19T22:20:10.053+0000] {processor.py:183} INFO - Processing /home/airflow/.local/lib/python3.8/site-packages/airflow/example_dags/example_task_group_decorator.py took 0.078 seconds
[2025-08-19T22:20:40.135+0000] {processor.py:161} INFO - Started process (PID=115) to work on /home/airflow/.local/lib/python3.8/site-packages/airflow/example_dags/example_task_group_decorator.py
[2025-08-19T22:20:40.136+0000] {processor.py:830} INFO - Processing file /home/airflow/.local/lib/python3.8/site-packages/airflow/example_dags/example_task_group_decorator.py for tasks to queue
[2025-08-19T22:20:40.137+0000] {logging_mixin.py:188} INFO - [2025-08-19T22:20:40.137+0000] {dagbag.py:538} INFO - Filling up the DagBag from /home/airflow/.local/lib/python3.8/site-packages/airflow/example_dags/example_task_group_decorator.py
[2025-08-19T22:20:40.142+0000] {processor.py:840} INFO - DAG(s) 'example_task_group_decorator' retrieved from /home/airflow/.local/lib/python3.8/site-packages/airflow/example_dags/example_task_group_decorator.py
[2025-08-19T22:20:40.179+0000] {logging_mixin.py:188} INFO - [2025-08-19T22:20:40.179+0000] {dag.py:3036} INFO - Sync 1 DAGs
[2025-08-19T22:20:40.186+0000] {logging_mixin.py:188} INFO - [2025-08-19T22:20:40.186+0000] {dag.py:3823} INFO - Setting next_dagrun for example_task_group_decorator to 2025-08-18 00:00:00+00:00, run_after=2025-08-19 00:00:00+00:00
[2025-08-19T22:20:40.197+0000] {processor.py:183} INFO - Processing /home/airflow/.local/lib/python3.8/site-packages/airflow/example_dags/example_task_group_decorator.py took 0.063 seconds
[2025-08-19T22:21:10.232+0000] {processor.py:161} INFO - Started process (PID=171) to work on /home/airflow/.local/lib/python3.8/site-packages/airflow/example_dags/example_task_group_decorator.py
[2025-08-19T22:21:10.233+0000] {processor.py:830} INFO - Processing file /home/airflow/.local/lib/python3.8/site-packages/airflow/example_dags/example_task_group_decorator.py for tasks to queue
[2025-08-19T22:21:10.233+0000] {logging_mixin.py:188} INFO - [2025-08-19T22:21:10.233+0000] {dagbag.py:538} INFO - Filling up the DagBag from /home/airflow/.local/lib/python3.8/site-packages/airflow/example_dags/example_task_group_decorator.py
[2025-08-19T22:21:10.239+0000] {processor.py:840} INFO - DAG(s) 'example_task_group_decorator' retrieved from /home/airflow/.local/lib/python3.8/site-packages/airflow/example_dags/example_task_group_decorator.py
[2025-08-19T22:21:10.249+0000] {logging_mixin.py:188} INFO - [2025-08-19T22:21:10.249+0000] {dag.py:3036} INFO - Sync 1 DAGs
[2025-08-19T22:21:10.258+0000] {logging_mixin.py:188} INFO - [2025-08-19T22:21:10.258+0000] {dag.py:3823} INFO - Setting next_dagrun for example_task_group_decorator to 2025-08-18 00:00:00+00:00, run_after=2025-08-19 00:00:00+00:00
[2025-08-19T22:21:10.264+0000] {processor.py:183} INFO - Processing /home/airflow/.local/lib/python3.8/site-packages/airflow/example_dags/example_task_group_decorator.py took 0.034 seconds
[2025-08-19T22:21:40.948+0000] {processor.py:161} INFO - Started process (PID=227) to work on /home/airflow/.local/lib/python3.8/site-packages/airflow/example_dags/example_task_group_decorator.py
[2025-08-19T22:21:40.950+0000] {processor.py:830} INFO - Processing file /home/airflow/.local/lib/python3.8/site-packages/airflow/example_dags/example_task_group_decorator.py for tasks to queue
[2025-08-19T22:21:40.952+0000] {logging_mixin.py:188} INFO - [2025-08-19T22:21:40.952+0000] {dagbag.py:538} INFO - Filling up the DagBag from /home/airflow/.local/lib/python3.8/site-packages/airflow/example_dags/example_task_group_decorator.py
[2025-08-19T22:21:40.958+0000] {processor.py:840} INFO - DAG(s) 'example_task_group_decorator' retrieved from /home/airflow/.local/lib/python3.8/site-packages/airflow/example_dags/example_task_group_decorator.py
[2025-08-19T22:21:40.976+0000] {logging_mixin.py:188} INFO - [2025-08-19T22:21:40.976+0000] {dag.py:3036} INFO - Sync 1 DAGs
[2025-08-19T22:21:40.989+0000] {logging_mixin.py:188} INFO - [2025-08-19T22:21:40.988+0000] {dag.py:3823} INFO - Setting next_dagrun for example_task_group_decorator to 2025-08-18 00:00:00+00:00, run_after=2025-08-19 00:00:00+00:00
[2025-08-19T22:21:40.998+0000] {processor.py:183} INFO - Processing /home/airflow/.local/lib/python3.8/site-packages/airflow/example_dags/example_task_group_decorator.py took 0.052 seconds
[2025-08-19T22:22:11.538+0000] {processor.py:161} INFO - Started process (PID=283) to work on /home/airflow/.local/lib/python3.8/site-packages/airflow/example_dags/example_task_group_decorator.py
[2025-08-19T22:22:11.539+0000] {processor.py:830} INFO - Processing file /home/airflow/.local/lib/python3.8/site-packages/airflow/example_dags/example_task_group_decorator.py for tasks to queue
[2025-08-19T22:22:11.540+0000] {logging_mixin.py:188} INFO - [2025-08-19T22:22:11.540+0000] {dagbag.py:538} INFO - Filling up the DagBag from /home/airflow/.local/lib/python3.8/site-packages/airflow/example_dags/example_task_group_decorator.py
[2025-08-19T22:22:11.546+0000] {processor.py:840} INFO - DAG(s) 'example_task_group_decorator' retrieved from /home/airflow/.local/lib/python3.8/site-packages/airflow/example_dags/example_task_group_decorator.py
[2025-08-19T22:22:11.556+0000] {logging_mixin.py:188} INFO - [2025-08-19T22:22:11.556+0000] {dag.py:3036} INFO - Sync 1 DAGs
[2025-08-19T22:22:11.564+0000] {logging_mixin.py:188} INFO - [2025-08-19T22:22:11.564+0000] {dag.py:3823} INFO - Setting next_dagrun for example_task_group_decorator to 2025-08-18 00:00:00+00:00, run_after=2025-08-19 00:00:00+00:00
[2025-08-19T22:22:11.579+0000] {processor.py:183} INFO - Processing /home/airflow/.local/lib/python3.8/site-packages/airflow/example_dags/example_task_group_decorator.py took 0.042 seconds
[2025-08-19T22:22:42.031+0000] {processor.py:161} INFO - Started process (PID=339) to work on /home/airflow/.local/lib/python3.8/site-packages/airflow/example_dags/example_task_group_decorator.py
[2025-08-19T22:22:42.032+0000] {processor.py:830} INFO - Processing file /home/airflow/.local/lib/python3.8/site-packages/airflow/example_dags/example_task_group_decorator.py for tasks to queue
[2025-08-19T22:22:42.033+0000] {logging_mixin.py:188} INFO - [2025-08-19T22:22:42.033+0000] {dagbag.py:538} INFO - Filling up the DagBag from /home/airflow/.local/lib/python3.8/site-packages/airflow/example_dags/example_task_group_decorator.py
[2025-08-19T22:22:42.039+0000] {processor.py:840} INFO - DAG(s) 'example_task_group_decorator' retrieved from /home/airflow/.local/lib/python3.8/site-packages/airflow/example_dags/example_task_group_decorator.py
[2025-08-19T22:22:42.048+0000] {logging_mixin.py:188} INFO - [2025-08-19T22:22:42.048+0000] {dag.py:3036} INFO - Sync 1 DAGs
[2025-08-19T22:22:42.056+0000] {logging_mixin.py:188} INFO - [2025-08-19T22:22:42.056+0000] {dag.py:3823} INFO - Setting next_dagrun for example_task_group_decorator to 2025-08-18 00:00:00+00:00, run_after=2025-08-19 00:00:00+00:00
[2025-08-19T22:22:42.069+0000] {processor.py:183} INFO - Processing /home/airflow/.local/lib/python3.8/site-packages/airflow/example_dags/example_task_group_decorator.py took 0.040 seconds
[2025-08-19T22:23:12.776+0000] {processor.py:161} INFO - Started process (PID=405) to work on /home/airflow/.local/lib/python3.8/site-packages/airflow/example_dags/example_task_group_decorator.py
[2025-08-19T22:23:12.776+0000] {processor.py:830} INFO - Processing file /home/airflow/.local/lib/python3.8/site-packages/airflow/example_dags/example_task_group_decorator.py for tasks to queue
[2025-08-19T22:23:12.778+0000] {logging_mixin.py:188} INFO - [2025-08-19T22:23:12.778+0000] {dagbag.py:538} INFO - Filling up the DagBag from /home/airflow/.local/lib/python3.8/site-packages/airflow/example_dags/example_task_group_decorator.py
[2025-08-19T22:23:12.784+0000] {processor.py:840} INFO - DAG(s) 'example_task_group_decorator' retrieved from /home/airflow/.local/lib/python3.8/site-packages/airflow/example_dags/example_task_group_decorator.py
[2025-08-19T22:23:12.794+0000] {logging_mixin.py:188} INFO - [2025-08-19T22:23:12.794+0000] {dag.py:3036} INFO - Sync 1 DAGs
[2025-08-19T22:23:12.802+0000] {logging_mixin.py:188} INFO - [2025-08-19T22:23:12.802+0000] {dag.py:3823} INFO - Setting next_dagrun for example_task_group_decorator to 2025-08-18 00:00:00+00:00, run_after=2025-08-19 00:00:00+00:00
[2025-08-19T22:23:12.812+0000] {processor.py:183} INFO - Processing /home/airflow/.local/lib/python3.8/site-packages/airflow/example_dags/example_task_group_decorator.py took 0.038 seconds
[2025-08-19T22:23:43.368+0000] {processor.py:161} INFO - Started process (PID=461) to work on /home/airflow/.local/lib/python3.8/site-packages/airflow/example_dags/example_task_group_decorator.py
[2025-08-19T22:23:43.368+0000] {processor.py:830} INFO - Processing file /home/airflow/.local/lib/python3.8/site-packages/airflow/example_dags/example_task_group_decorator.py for tasks to queue
[2025-08-19T22:23:43.369+0000] {logging_mixin.py:188} INFO - [2025-08-19T22:23:43.369+0000] {dagbag.py:538} INFO - Filling up the DagBag from /home/airflow/.local/lib/python3.8/site-packages/airflow/example_dags/example_task_group_decorator.py
[2025-08-19T22:23:43.374+0000] {processor.py:840} INFO - DAG(s) 'example_task_group_decorator' retrieved from /home/airflow/.local/lib/python3.8/site-packages/airflow/example_dags/example_task_group_decorator.py
[2025-08-19T22:23:43.383+0000] {logging_mixin.py:188} INFO - [2025-08-19T22:23:43.383+0000] {dag.py:3036} INFO - Sync 1 DAGs
[2025-08-19T22:23:43.390+0000] {logging_mixin.py:188} INFO - [2025-08-19T22:23:43.390+0000] {dag.py:3823} INFO - Setting next_dagrun for example_task_group_decorator to 2025-08-18 00:00:00+00:00, run_after=2025-08-19 00:00:00+00:00
[2025-08-19T22:23:43.395+0000] {processor.py:183} INFO - Processing /home/airflow/.local/lib/python3.8/site-packages/airflow/example_dags/example_task_group_decorator.py took 0.029 seconds
[2025-08-19T22:24:13.780+0000] {processor.py:161} INFO - Started process (PID=517) to work on /home/airflow/.local/lib/python3.8/site-packages/airflow/example_dags/example_task_group_decorator.py
[2025-08-19T22:24:13.780+0000] {processor.py:830} INFO - Processing file /home/airflow/.local/lib/python3.8/site-packages/airflow/example_dags/example_task_group_decorator.py for tasks to queue
[2025-08-19T22:24:13.781+0000] {logging_mixin.py:188} INFO - [2025-08-19T22:24:13.781+0000] {dagbag.py:538} INFO - Filling up the DagBag from /home/airflow/.local/lib/python3.8/site-packages/airflow/example_dags/example_task_group_decorator.py
[2025-08-19T22:24:13.789+0000] {processor.py:840} INFO - DAG(s) 'example_task_group_decorator' retrieved from /home/airflow/.local/lib/python3.8/site-packages/airflow/example_dags/example_task_group_decorator.py
[2025-08-19T22:24:13.801+0000] {logging_mixin.py:188} INFO - [2025-08-19T22:24:13.801+0000] {dag.py:3036} INFO - Sync 1 DAGs
[2025-08-19T22:24:13.809+0000] {logging_mixin.py:188} INFO - [2025-08-19T22:24:13.809+0000] {dag.py:3823} INFO - Setting next_dagrun for example_task_group_decorator to 2025-08-18 00:00:00+00:00, run_after=2025-08-19 00:00:00+00:00
[2025-08-19T22:24:13.816+0000] {processor.py:183} INFO - Processing /home/airflow/.local/lib/python3.8/site-packages/airflow/example_dags/example_task_group_decorator.py took 0.037 seconds
[2025-08-19T22:24:44.224+0000] {processor.py:161} INFO - Started process (PID=573) to work on /home/airflow/.local/lib/python3.8/site-packages/airflow/example_dags/example_task_group_decorator.py
[2025-08-19T22:24:44.226+0000] {processor.py:830} INFO - Processing file /home/airflow/.local/lib/python3.8/site-packages/airflow/example_dags/example_task_group_decorator.py for tasks to queue
[2025-08-19T22:24:44.227+0000] {logging_mixin.py:188} INFO - [2025-08-19T22:24:44.227+0000] {dagbag.py:538} INFO - Filling up the DagBag from /home/airflow/.local/lib/python3.8/site-packages/airflow/example_dags/example_task_group_decorator.py
[2025-08-19T22:24:44.233+0000] {processor.py:840} INFO - DAG(s) 'example_task_group_decorator' retrieved from /home/airflow/.local/lib/python3.8/site-packages/airflow/example_dags/example_task_group_decorator.py
[2025-08-19T22:24:44.243+0000] {logging_mixin.py:188} INFO - [2025-08-19T22:24:44.242+0000] {dag.py:3036} INFO - Sync 1 DAGs
[2025-08-19T22:24:44.250+0000] {logging_mixin.py:188} INFO - [2025-08-19T22:24:44.250+0000] {dag.py:3823} INFO - Setting next_dagrun for example_task_group_decorator to 2025-08-18 00:00:00+00:00, run_after=2025-08-19 00:00:00+00:00
[2025-08-19T22:24:44.256+0000] {processor.py:183} INFO - Processing /home/airflow/.local/lib/python3.8/site-packages/airflow/example_dags/example_task_group_decorator.py took 0.033 seconds
[2025-08-19T22:25:14.673+0000] {processor.py:161} INFO - Started process (PID=629) to work on /home/airflow/.local/lib/python3.8/site-packages/airflow/example_dags/example_task_group_decorator.py
[2025-08-19T22:25:14.674+0000] {processor.py:830} INFO - Processing file /home/airflow/.local/lib/python3.8/site-packages/airflow/example_dags/example_task_group_decorator.py for tasks to queue
[2025-08-19T22:25:14.674+0000] {logging_mixin.py:188} INFO - [2025-08-19T22:25:14.674+0000] {dagbag.py:538} INFO - Filling up the DagBag from /home/airflow/.local/lib/python3.8/site-packages/airflow/example_dags/example_task_group_decorator.py
[2025-08-19T22:25:14.680+0000] {processor.py:840} INFO - DAG(s) 'example_task_group_decorator' retrieved from /home/airflow/.local/lib/python3.8/site-packages/airflow/example_dags/example_task_group_decorator.py
[2025-08-19T22:25:14.689+0000] {logging_mixin.py:188} INFO - [2025-08-19T22:25:14.688+0000] {dag.py:3036} INFO - Sync 1 DAGs
[2025-08-19T22:25:14.696+0000] {logging_mixin.py:188} INFO - [2025-08-19T22:25:14.696+0000] {dag.py:3823} INFO - Setting next_dagrun for example_task_group_decorator to 2025-08-18 00:00:00+00:00, run_after=2025-08-19 00:00:00+00:00
[2025-08-19T22:25:14.703+0000] {processor.py:183} INFO - Processing /home/airflow/.local/lib/python3.8/site-packages/airflow/example_dags/example_task_group_decorator.py took 0.032 seconds
[2025-08-19T22:25:45.088+0000] {processor.py:161} INFO - Started process (PID=685) to work on /home/airflow/.local/lib/python3.8/site-packages/airflow/example_dags/example_task_group_decorator.py
[2025-08-19T22:25:45.089+0000] {processor.py:830} INFO - Processing file /home/airflow/.local/lib/python3.8/site-packages/airflow/example_dags/example_task_group_decorator.py for tasks to queue
[2025-08-19T22:25:45.089+0000] {logging_mixin.py:188} INFO - [2025-08-19T22:25:45.089+0000] {dagbag.py:538} INFO - Filling up the DagBag from /home/airflow/.local/lib/python3.8/site-packages/airflow/example_dags/example_task_group_decorator.py
[2025-08-19T22:25:45.096+0000] {processor.py:840} INFO - DAG(s) 'example_task_group_decorator' retrieved from /home/airflow/.local/lib/python3.8/site-packages/airflow/example_dags/example_task_group_decorator.py
[2025-08-19T22:25:45.107+0000] {logging_mixin.py:188} INFO - [2025-08-19T22:25:45.107+0000] {dag.py:3036} INFO - Sync 1 DAGs
[2025-08-19T22:25:45.118+0000] {logging_mixin.py:188} INFO - [2025-08-19T22:25:45.118+0000] {dag.py:3823} INFO - Setting next_dagrun for example_task_group_decorator to 2025-08-18 00:00:00+00:00, run_after=2025-08-19 00:00:00+00:00
[2025-08-19T22:25:45.124+0000] {processor.py:183} INFO - Processing /home/airflow/.local/lib/python3.8/site-packages/airflow/example_dags/example_task_group_decorator.py took 0.038 seconds
[2025-08-19T22:26:15.541+0000] {processor.py:161} INFO - Started process (PID=741) to work on /home/airflow/.local/lib/python3.8/site-packages/airflow/example_dags/example_task_group_decorator.py
[2025-08-19T22:26:15.542+0000] {processor.py:830} INFO - Processing file /home/airflow/.local/lib/python3.8/site-packages/airflow/example_dags/example_task_group_decorator.py for tasks to queue
[2025-08-19T22:26:15.543+0000] {logging_mixin.py:188} INFO - [2025-08-19T22:26:15.543+0000] {dagbag.py:538} INFO - Filling up the DagBag from /home/airflow/.local/lib/python3.8/site-packages/airflow/example_dags/example_task_group_decorator.py
[2025-08-19T22:26:15.548+0000] {processor.py:840} INFO - DAG(s) 'example_task_group_decorator' retrieved from /home/airflow/.local/lib/python3.8/site-packages/airflow/example_dags/example_task_group_decorator.py
[2025-08-19T22:26:15.557+0000] {logging_mixin.py:188} INFO - [2025-08-19T22:26:15.557+0000] {dag.py:3036} INFO - Sync 1 DAGs
[2025-08-19T22:26:15.565+0000] {logging_mixin.py:188} INFO - [2025-08-19T22:26:15.565+0000] {dag.py:3823} INFO - Setting next_dagrun for example_task_group_decorator to 2025-08-18 00:00:00+00:00, run_after=2025-08-19 00:00:00+00:00
[2025-08-19T22:26:15.573+0000] {processor.py:183} INFO - Processing /home/airflow/.local/lib/python3.8/site-packages/airflow/example_dags/example_task_group_decorator.py took 0.033 seconds
[2025-08-19T22:26:45.925+0000] {processor.py:161} INFO - Started process (PID=797) to work on /home/airflow/.local/lib/python3.8/site-packages/airflow/example_dags/example_task_group_decorator.py
[2025-08-19T22:26:45.927+0000] {processor.py:830} INFO - Processing file /home/airflow/.local/lib/python3.8/site-packages/airflow/example_dags/example_task_group_decorator.py for tasks to queue
[2025-08-19T22:26:45.929+0000] {logging_mixin.py:188} INFO - [2025-08-19T22:26:45.929+0000] {dagbag.py:538} INFO - Filling up the DagBag from /home/airflow/.local/lib/python3.8/site-packages/airflow/example_dags/example_task_group_decorator.py
[2025-08-19T22:26:45.935+0000] {processor.py:840} INFO - DAG(s) 'example_task_group_decorator' retrieved from /home/airflow/.local/lib/python3.8/site-packages/airflow/example_dags/example_task_group_decorator.py
[2025-08-19T22:26:45.948+0000] {logging_mixin.py:188} INFO - [2025-08-19T22:26:45.947+0000] {dag.py:3036} INFO - Sync 1 DAGs
[2025-08-19T22:26:45.956+0000] {logging_mixin.py:188} INFO - [2025-08-19T22:26:45.956+0000] {dag.py:3823} INFO - Setting next_dagrun for example_task_group_decorator to 2025-08-18 00:00:00+00:00, run_after=2025-08-19 00:00:00+00:00
[2025-08-19T22:26:45.964+0000] {processor.py:183} INFO - Processing /home/airflow/.local/lib/python3.8/site-packages/airflow/example_dags/example_task_group_decorator.py took 0.041 seconds
[2025-08-19T22:27:16.343+0000] {processor.py:161} INFO - Started process (PID=852) to work on /home/airflow/.local/lib/python3.8/site-packages/airflow/example_dags/example_task_group_decorator.py
[2025-08-19T22:27:16.344+0000] {processor.py:830} INFO - Processing file /home/airflow/.local/lib/python3.8/site-packages/airflow/example_dags/example_task_group_decorator.py for tasks to queue
[2025-08-19T22:27:16.346+0000] {logging_mixin.py:188} INFO - [2025-08-19T22:27:16.346+0000] {dagbag.py:538} INFO - Filling up the DagBag from /home/airflow/.local/lib/python3.8/site-packages/airflow/example_dags/example_task_group_decorator.py
[2025-08-19T22:27:16.351+0000] {processor.py:840} INFO - DAG(s) 'example_task_group_decorator' retrieved from /home/airflow/.local/lib/python3.8/site-packages/airflow/example_dags/example_task_group_decorator.py
[2025-08-19T22:27:16.364+0000] {logging_mixin.py:188} INFO - [2025-08-19T22:27:16.364+0000] {dag.py:3036} INFO - Sync 1 DAGs
[2025-08-19T22:27:16.373+0000] {logging_mixin.py:188} INFO - [2025-08-19T22:27:16.373+0000] {dag.py:3823} INFO - Setting next_dagrun for example_task_group_decorator to 2025-08-18 00:00:00+00:00, run_after=2025-08-19 00:00:00+00:00
[2025-08-19T22:27:16.379+0000] {processor.py:183} INFO - Processing /home/airflow/.local/lib/python3.8/site-packages/airflow/example_dags/example_task_group_decorator.py took 0.037 seconds
[2025-08-19T22:27:46.946+0000] {processor.py:161} INFO - Started process (PID=912) to work on /home/airflow/.local/lib/python3.8/site-packages/airflow/example_dags/example_task_group_decorator.py
[2025-08-19T22:27:46.950+0000] {processor.py:830} INFO - Processing file /home/airflow/.local/lib/python3.8/site-packages/airflow/example_dags/example_task_group_decorator.py for tasks to queue
[2025-08-19T22:27:46.952+0000] {logging_mixin.py:188} INFO - [2025-08-19T22:27:46.951+0000] {dagbag.py:538} INFO - Filling up the DagBag from /home/airflow/.local/lib/python3.8/site-packages/airflow/example_dags/example_task_group_decorator.py
[2025-08-19T22:27:46.958+0000] {processor.py:840} INFO - DAG(s) 'example_task_group_decorator' retrieved from /home/airflow/.local/lib/python3.8/site-packages/airflow/example_dags/example_task_group_decorator.py
[2025-08-19T22:27:46.973+0000] {logging_mixin.py:188} INFO - [2025-08-19T22:27:46.973+0000] {dag.py:3036} INFO - Sync 1 DAGs
[2025-08-19T22:27:46.984+0000] {logging_mixin.py:188} INFO - [2025-08-19T22:27:46.984+0000] {dag.py:3823} INFO - Setting next_dagrun for example_task_group_decorator to 2025-08-18 00:00:00+00:00, run_after=2025-08-19 00:00:00+00:00
[2025-08-19T22:27:46.993+0000] {processor.py:183} INFO - Processing /home/airflow/.local/lib/python3.8/site-packages/airflow/example_dags/example_task_group_decorator.py took 0.049 seconds
[2025-08-19T22:28:17.596+0000] {processor.py:161} INFO - Started process (PID=969) to work on /home/airflow/.local/lib/python3.8/site-packages/airflow/example_dags/example_task_group_decorator.py
[2025-08-19T22:28:17.598+0000] {processor.py:830} INFO - Processing file /home/airflow/.local/lib/python3.8/site-packages/airflow/example_dags/example_task_group_decorator.py for tasks to queue
[2025-08-19T22:28:17.599+0000] {logging_mixin.py:188} INFO - [2025-08-19T22:28:17.599+0000] {dagbag.py:538} INFO - Filling up the DagBag from /home/airflow/.local/lib/python3.8/site-packages/airflow/example_dags/example_task_group_decorator.py
[2025-08-19T22:28:17.605+0000] {processor.py:840} INFO - DAG(s) 'example_task_group_decorator' retrieved from /home/airflow/.local/lib/python3.8/site-packages/airflow/example_dags/example_task_group_decorator.py
[2025-08-19T22:28:17.624+0000] {logging_mixin.py:188} INFO - [2025-08-19T22:28:17.624+0000] {dag.py:3036} INFO - Sync 1 DAGs
[2025-08-19T22:28:17.635+0000] {logging_mixin.py:188} INFO - [2025-08-19T22:28:17.635+0000] {dag.py:3823} INFO - Setting next_dagrun for example_task_group_decorator to 2025-08-18 00:00:00+00:00, run_after=2025-08-19 00:00:00+00:00
[2025-08-19T22:28:17.646+0000] {processor.py:183} INFO - Processing /home/airflow/.local/lib/python3.8/site-packages/airflow/example_dags/example_task_group_decorator.py took 0.052 seconds
[2025-08-19T22:28:48.034+0000] {processor.py:161} INFO - Started process (PID=1025) to work on /home/airflow/.local/lib/python3.8/site-packages/airflow/example_dags/example_task_group_decorator.py
[2025-08-19T22:28:48.035+0000] {processor.py:830} INFO - Processing file /home/airflow/.local/lib/python3.8/site-packages/airflow/example_dags/example_task_group_decorator.py for tasks to queue
[2025-08-19T22:28:48.036+0000] {logging_mixin.py:188} INFO - [2025-08-19T22:28:48.036+0000] {dagbag.py:538} INFO - Filling up the DagBag from /home/airflow/.local/lib/python3.8/site-packages/airflow/example_dags/example_task_group_decorator.py
[2025-08-19T22:28:48.044+0000] {processor.py:840} INFO - DAG(s) 'example_task_group_decorator' retrieved from /home/airflow/.local/lib/python3.8/site-packages/airflow/example_dags/example_task_group_decorator.py
[2025-08-19T22:28:48.057+0000] {logging_mixin.py:188} INFO - [2025-08-19T22:28:48.057+0000] {dag.py:3036} INFO - Sync 1 DAGs
[2025-08-19T22:28:48.067+0000] {logging_mixin.py:188} INFO - [2025-08-19T22:28:48.067+0000] {dag.py:3823} INFO - Setting next_dagrun for example_task_group_decorator to 2025-08-18 00:00:00+00:00, run_after=2025-08-19 00:00:00+00:00
[2025-08-19T22:28:48.080+0000] {processor.py:183} INFO - Processing /home/airflow/.local/lib/python3.8/site-packages/airflow/example_dags/example_task_group_decorator.py took 0.047 seconds
[2025-08-19T22:29:18.526+0000] {processor.py:161} INFO - Started process (PID=1081) to work on /home/airflow/.local/lib/python3.8/site-packages/airflow/example_dags/example_task_group_decorator.py
[2025-08-19T22:29:18.527+0000] {processor.py:830} INFO - Processing file /home/airflow/.local/lib/python3.8/site-packages/airflow/example_dags/example_task_group_decorator.py for tasks to queue
[2025-08-19T22:29:18.528+0000] {logging_mixin.py:188} INFO - [2025-08-19T22:29:18.528+0000] {dagbag.py:538} INFO - Filling up the DagBag from /home/airflow/.local/lib/python3.8/site-packages/airflow/example_dags/example_task_group_decorator.py
[2025-08-19T22:29:18.534+0000] {processor.py:840} INFO - DAG(s) 'example_task_group_decorator' retrieved from /home/airflow/.local/lib/python3.8/site-packages/airflow/example_dags/example_task_group_decorator.py
[2025-08-19T22:29:18.543+0000] {logging_mixin.py:188} INFO - [2025-08-19T22:29:18.543+0000] {dag.py:3036} INFO - Sync 1 DAGs
[2025-08-19T22:29:18.550+0000] {logging_mixin.py:188} INFO - [2025-08-19T22:29:18.550+0000] {dag.py:3823} INFO - Setting next_dagrun for example_task_group_decorator to 2025-08-18 00:00:00+00:00, run_after=2025-08-19 00:00:00+00:00
[2025-08-19T22:29:18.558+0000] {processor.py:183} INFO - Processing /home/airflow/.local/lib/python3.8/site-packages/airflow/example_dags/example_task_group_decorator.py took 0.034 seconds
[2025-08-19T22:29:49.200+0000] {processor.py:161} INFO - Started process (PID=1137) to work on /home/airflow/.local/lib/python3.8/site-packages/airflow/example_dags/example_task_group_decorator.py
[2025-08-19T22:29:49.202+0000] {processor.py:830} INFO - Processing file /home/airflow/.local/lib/python3.8/site-packages/airflow/example_dags/example_task_group_decorator.py for tasks to queue
[2025-08-19T22:29:49.203+0000] {logging_mixin.py:188} INFO - [2025-08-19T22:29:49.203+0000] {dagbag.py:538} INFO - Filling up the DagBag from /home/airflow/.local/lib/python3.8/site-packages/airflow/example_dags/example_task_group_decorator.py
[2025-08-19T22:29:49.209+0000] {processor.py:840} INFO - DAG(s) 'example_task_group_decorator' retrieved from /home/airflow/.local/lib/python3.8/site-packages/airflow/example_dags/example_task_group_decorator.py
[2025-08-19T22:29:49.221+0000] {logging_mixin.py:188} INFO - [2025-08-19T22:29:49.221+0000] {dag.py:3036} INFO - Sync 1 DAGs
[2025-08-19T22:29:49.229+0000] {logging_mixin.py:188} INFO - [2025-08-19T22:29:49.229+0000] {dag.py:3823} INFO - Setting next_dagrun for example_task_group_decorator to 2025-08-18 00:00:00+00:00, run_after=2025-08-19 00:00:00+00:00
[2025-08-19T22:29:49.236+0000] {processor.py:183} INFO - Processing /home/airflow/.local/lib/python3.8/site-packages/airflow/example_dags/example_task_group_decorator.py took 0.037 seconds
[2025-08-19T22:30:19.662+0000] {processor.py:161} INFO - Started process (PID=1193) to work on /home/airflow/.local/lib/python3.8/site-packages/airflow/example_dags/example_task_group_decorator.py
[2025-08-19T22:30:19.663+0000] {processor.py:830} INFO - Processing file /home/airflow/.local/lib/python3.8/site-packages/airflow/example_dags/example_task_group_decorator.py for tasks to queue
[2025-08-19T22:30:19.664+0000] {logging_mixin.py:188} INFO - [2025-08-19T22:30:19.664+0000] {dagbag.py:538} INFO - Filling up the DagBag from /home/airflow/.local/lib/python3.8/site-packages/airflow/example_dags/example_task_group_decorator.py
[2025-08-19T22:30:19.670+0000] {processor.py:840} INFO - DAG(s) 'example_task_group_decorator' retrieved from /home/airflow/.local/lib/python3.8/site-packages/airflow/example_dags/example_task_group_decorator.py
[2025-08-19T22:30:19.680+0000] {logging_mixin.py:188} INFO - [2025-08-19T22:30:19.680+0000] {dag.py:3036} INFO - Sync 1 DAGs
[2025-08-19T22:30:19.688+0000] {logging_mixin.py:188} INFO - [2025-08-19T22:30:19.688+0000] {dag.py:3823} INFO - Setting next_dagrun for example_task_group_decorator to 2025-08-18 00:00:00+00:00, run_after=2025-08-19 00:00:00+00:00
[2025-08-19T22:30:19.695+0000] {processor.py:183} INFO - Processing /home/airflow/.local/lib/python3.8/site-packages/airflow/example_dags/example_task_group_decorator.py took 0.035 seconds
