[2025-08-19T21:50:06.955+0000] {processor.py:161} INFO - Started process (PID=50) to work on /home/airflow/.local/lib/python3.8/site-packages/airflow/example_dags/example_setup_teardown.py
[2025-08-19T21:50:06.956+0000] {processor.py:830} INFO - Processing file /home/airflow/.local/lib/python3.8/site-packages/airflow/example_dags/example_setup_teardown.py for tasks to queue
[2025-08-19T21:50:06.957+0000] {logging_mixin.py:188} INFO - [2025-08-19T21:50:06.956+0000] {dagbag.py:538} INFO - Filling up the DagBag from /home/airflow/.local/lib/python3.8/site-packages/airflow/example_dags/example_setup_teardown.py
[2025-08-19T21:50:06.963+0000] {processor.py:840} INFO - DAG(s) 'example_setup_teardown' retrieved from /home/airflow/.local/lib/python3.8/site-packages/airflow/example_dags/example_setup_teardown.py
[2025-08-19T21:50:06.980+0000] {logging_mixin.py:188} INFO - [2025-08-19T21:50:06.980+0000] {dag.py:3036} INFO - Sync 1 DAGs
[2025-08-19T21:50:07.003+0000] {logging_mixin.py:188} INFO - [2025-08-19T21:50:07.003+0000] {dag.py:3823} INFO - Setting next_dagrun for example_setup_teardown to 2025-08-18 00:00:00+00:00, run_after=2025-08-19 00:00:00+00:00
[2025-08-19T21:50:07.021+0000] {processor.py:183} INFO - Processing /home/airflow/.local/lib/python3.8/site-packages/airflow/example_dags/example_setup_teardown.py took 0.068 seconds
[2025-08-19T21:50:37.516+0000] {processor.py:161} INFO - Started process (PID=106) to work on /home/airflow/.local/lib/python3.8/site-packages/airflow/example_dags/example_setup_teardown.py
[2025-08-19T21:50:37.517+0000] {processor.py:830} INFO - Processing file /home/airflow/.local/lib/python3.8/site-packages/airflow/example_dags/example_setup_teardown.py for tasks to queue
[2025-08-19T21:50:37.518+0000] {logging_mixin.py:188} INFO - [2025-08-19T21:50:37.518+0000] {dagbag.py:538} INFO - Filling up the DagBag from /home/airflow/.local/lib/python3.8/site-packages/airflow/example_dags/example_setup_teardown.py
[2025-08-19T21:50:37.521+0000] {processor.py:840} INFO - DAG(s) 'example_setup_teardown' retrieved from /home/airflow/.local/lib/python3.8/site-packages/airflow/example_dags/example_setup_teardown.py
[2025-08-19T21:50:37.558+0000] {logging_mixin.py:188} INFO - [2025-08-19T21:50:37.558+0000] {dag.py:3036} INFO - Sync 1 DAGs
[2025-08-19T21:50:37.565+0000] {logging_mixin.py:188} INFO - [2025-08-19T21:50:37.565+0000] {dag.py:3823} INFO - Setting next_dagrun for example_setup_teardown to 2025-08-18 00:00:00+00:00, run_after=2025-08-19 00:00:00+00:00
[2025-08-19T21:50:37.574+0000] {processor.py:183} INFO - Processing /home/airflow/.local/lib/python3.8/site-packages/airflow/example_dags/example_setup_teardown.py took 0.060 seconds
[2025-08-19T21:51:07.654+0000] {processor.py:161} INFO - Started process (PID=161) to work on /home/airflow/.local/lib/python3.8/site-packages/airflow/example_dags/example_setup_teardown.py
[2025-08-19T21:51:07.656+0000] {processor.py:830} INFO - Processing file /home/airflow/.local/lib/python3.8/site-packages/airflow/example_dags/example_setup_teardown.py for tasks to queue
[2025-08-19T21:51:07.658+0000] {logging_mixin.py:188} INFO - [2025-08-19T21:51:07.657+0000] {dagbag.py:538} INFO - Filling up the DagBag from /home/airflow/.local/lib/python3.8/site-packages/airflow/example_dags/example_setup_teardown.py
[2025-08-19T21:51:07.662+0000] {processor.py:840} INFO - DAG(s) 'example_setup_teardown' retrieved from /home/airflow/.local/lib/python3.8/site-packages/airflow/example_dags/example_setup_teardown.py
[2025-08-19T21:51:07.680+0000] {logging_mixin.py:188} INFO - [2025-08-19T21:51:07.679+0000] {dag.py:3036} INFO - Sync 1 DAGs
[2025-08-19T21:51:07.690+0000] {logging_mixin.py:188} INFO - [2025-08-19T21:51:07.690+0000] {dag.py:3823} INFO - Setting next_dagrun for example_setup_teardown to 2025-08-18 00:00:00+00:00, run_after=2025-08-19 00:00:00+00:00
[2025-08-19T21:51:07.704+0000] {processor.py:183} INFO - Processing /home/airflow/.local/lib/python3.8/site-packages/airflow/example_dags/example_setup_teardown.py took 0.052 seconds
[2025-08-19T21:51:38.138+0000] {processor.py:161} INFO - Started process (PID=217) to work on /home/airflow/.local/lib/python3.8/site-packages/airflow/example_dags/example_setup_teardown.py
[2025-08-19T21:51:38.139+0000] {processor.py:830} INFO - Processing file /home/airflow/.local/lib/python3.8/site-packages/airflow/example_dags/example_setup_teardown.py for tasks to queue
[2025-08-19T21:51:38.140+0000] {logging_mixin.py:188} INFO - [2025-08-19T21:51:38.140+0000] {dagbag.py:538} INFO - Filling up the DagBag from /home/airflow/.local/lib/python3.8/site-packages/airflow/example_dags/example_setup_teardown.py
[2025-08-19T21:51:38.147+0000] {processor.py:840} INFO - DAG(s) 'example_setup_teardown' retrieved from /home/airflow/.local/lib/python3.8/site-packages/airflow/example_dags/example_setup_teardown.py
[2025-08-19T21:51:38.160+0000] {logging_mixin.py:188} INFO - [2025-08-19T21:51:38.159+0000] {dag.py:3036} INFO - Sync 1 DAGs
[2025-08-19T21:51:38.170+0000] {logging_mixin.py:188} INFO - [2025-08-19T21:51:38.170+0000] {dag.py:3823} INFO - Setting next_dagrun for example_setup_teardown to 2025-08-18 00:00:00+00:00, run_after=2025-08-19 00:00:00+00:00
[2025-08-19T21:51:38.179+0000] {processor.py:183} INFO - Processing /home/airflow/.local/lib/python3.8/site-packages/airflow/example_dags/example_setup_teardown.py took 0.043 seconds
[2025-08-19T21:52:08.664+0000] {processor.py:161} INFO - Started process (PID=273) to work on /home/airflow/.local/lib/python3.8/site-packages/airflow/example_dags/example_setup_teardown.py
[2025-08-19T21:52:08.664+0000] {processor.py:830} INFO - Processing file /home/airflow/.local/lib/python3.8/site-packages/airflow/example_dags/example_setup_teardown.py for tasks to queue
[2025-08-19T21:52:08.665+0000] {logging_mixin.py:188} INFO - [2025-08-19T21:52:08.665+0000] {dagbag.py:538} INFO - Filling up the DagBag from /home/airflow/.local/lib/python3.8/site-packages/airflow/example_dags/example_setup_teardown.py
[2025-08-19T21:52:08.668+0000] {processor.py:840} INFO - DAG(s) 'example_setup_teardown' retrieved from /home/airflow/.local/lib/python3.8/site-packages/airflow/example_dags/example_setup_teardown.py
[2025-08-19T21:52:08.677+0000] {logging_mixin.py:188} INFO - [2025-08-19T21:52:08.677+0000] {dag.py:3036} INFO - Sync 1 DAGs
[2025-08-19T21:52:08.686+0000] {logging_mixin.py:188} INFO - [2025-08-19T21:52:08.686+0000] {dag.py:3823} INFO - Setting next_dagrun for example_setup_teardown to 2025-08-18 00:00:00+00:00, run_after=2025-08-19 00:00:00+00:00
[2025-08-19T21:52:08.694+0000] {processor.py:183} INFO - Processing /home/airflow/.local/lib/python3.8/site-packages/airflow/example_dags/example_setup_teardown.py took 0.032 seconds
[2025-08-19T21:52:39.558+0000] {processor.py:161} INFO - Started process (PID=329) to work on /home/airflow/.local/lib/python3.8/site-packages/airflow/example_dags/example_setup_teardown.py
[2025-08-19T21:52:39.559+0000] {processor.py:830} INFO - Processing file /home/airflow/.local/lib/python3.8/site-packages/airflow/example_dags/example_setup_teardown.py for tasks to queue
[2025-08-19T21:52:39.560+0000] {logging_mixin.py:188} INFO - [2025-08-19T21:52:39.560+0000] {dagbag.py:538} INFO - Filling up the DagBag from /home/airflow/.local/lib/python3.8/site-packages/airflow/example_dags/example_setup_teardown.py
[2025-08-19T21:52:39.562+0000] {processor.py:840} INFO - DAG(s) 'example_setup_teardown' retrieved from /home/airflow/.local/lib/python3.8/site-packages/airflow/example_dags/example_setup_teardown.py
[2025-08-19T21:52:39.573+0000] {logging_mixin.py:188} INFO - [2025-08-19T21:52:39.573+0000] {dag.py:3036} INFO - Sync 1 DAGs
[2025-08-19T21:52:39.582+0000] {logging_mixin.py:188} INFO - [2025-08-19T21:52:39.582+0000] {dag.py:3823} INFO - Setting next_dagrun for example_setup_teardown to 2025-08-18 00:00:00+00:00, run_after=2025-08-19 00:00:00+00:00
[2025-08-19T21:52:39.590+0000] {processor.py:183} INFO - Processing /home/airflow/.local/lib/python3.8/site-packages/airflow/example_dags/example_setup_teardown.py took 0.034 seconds
[2025-08-19T21:53:10.186+0000] {processor.py:161} INFO - Started process (PID=391) to work on /home/airflow/.local/lib/python3.8/site-packages/airflow/example_dags/example_setup_teardown.py
[2025-08-19T21:53:10.187+0000] {processor.py:830} INFO - Processing file /home/airflow/.local/lib/python3.8/site-packages/airflow/example_dags/example_setup_teardown.py for tasks to queue
[2025-08-19T21:53:10.187+0000] {logging_mixin.py:188} INFO - [2025-08-19T21:53:10.187+0000] {dagbag.py:538} INFO - Filling up the DagBag from /home/airflow/.local/lib/python3.8/site-packages/airflow/example_dags/example_setup_teardown.py
[2025-08-19T21:53:10.190+0000] {processor.py:840} INFO - DAG(s) 'example_setup_teardown' retrieved from /home/airflow/.local/lib/python3.8/site-packages/airflow/example_dags/example_setup_teardown.py
[2025-08-19T21:53:10.198+0000] {logging_mixin.py:188} INFO - [2025-08-19T21:53:10.198+0000] {dag.py:3036} INFO - Sync 1 DAGs
[2025-08-19T21:53:10.206+0000] {logging_mixin.py:188} INFO - [2025-08-19T21:53:10.206+0000] {dag.py:3823} INFO - Setting next_dagrun for example_setup_teardown to 2025-08-18 00:00:00+00:00, run_after=2025-08-19 00:00:00+00:00
[2025-08-19T21:53:10.211+0000] {processor.py:183} INFO - Processing /home/airflow/.local/lib/python3.8/site-packages/airflow/example_dags/example_setup_teardown.py took 0.027 seconds
[2025-08-19T21:53:40.935+0000] {processor.py:161} INFO - Started process (PID=447) to work on /home/airflow/.local/lib/python3.8/site-packages/airflow/example_dags/example_setup_teardown.py
[2025-08-19T21:53:40.936+0000] {processor.py:830} INFO - Processing file /home/airflow/.local/lib/python3.8/site-packages/airflow/example_dags/example_setup_teardown.py for tasks to queue
[2025-08-19T21:53:40.936+0000] {logging_mixin.py:188} INFO - [2025-08-19T21:53:40.936+0000] {dagbag.py:538} INFO - Filling up the DagBag from /home/airflow/.local/lib/python3.8/site-packages/airflow/example_dags/example_setup_teardown.py
[2025-08-19T21:53:40.940+0000] {processor.py:840} INFO - DAG(s) 'example_setup_teardown' retrieved from /home/airflow/.local/lib/python3.8/site-packages/airflow/example_dags/example_setup_teardown.py
[2025-08-19T21:53:40.949+0000] {logging_mixin.py:188} INFO - [2025-08-19T21:53:40.949+0000] {dag.py:3036} INFO - Sync 1 DAGs
[2025-08-19T21:53:40.958+0000] {logging_mixin.py:188} INFO - [2025-08-19T21:53:40.958+0000] {dag.py:3823} INFO - Setting next_dagrun for example_setup_teardown to 2025-08-18 00:00:00+00:00, run_after=2025-08-19 00:00:00+00:00
[2025-08-19T21:53:40.967+0000] {processor.py:183} INFO - Processing /home/airflow/.local/lib/python3.8/site-packages/airflow/example_dags/example_setup_teardown.py took 0.034 seconds
[2025-08-19T21:54:11.522+0000] {processor.py:161} INFO - Started process (PID=503) to work on /home/airflow/.local/lib/python3.8/site-packages/airflow/example_dags/example_setup_teardown.py
[2025-08-19T21:54:11.523+0000] {processor.py:830} INFO - Processing file /home/airflow/.local/lib/python3.8/site-packages/airflow/example_dags/example_setup_teardown.py for tasks to queue
[2025-08-19T21:54:11.524+0000] {logging_mixin.py:188} INFO - [2025-08-19T21:54:11.524+0000] {dagbag.py:538} INFO - Filling up the DagBag from /home/airflow/.local/lib/python3.8/site-packages/airflow/example_dags/example_setup_teardown.py
[2025-08-19T21:54:11.528+0000] {processor.py:840} INFO - DAG(s) 'example_setup_teardown' retrieved from /home/airflow/.local/lib/python3.8/site-packages/airflow/example_dags/example_setup_teardown.py
[2025-08-19T21:54:11.536+0000] {logging_mixin.py:188} INFO - [2025-08-19T21:54:11.535+0000] {dag.py:3036} INFO - Sync 1 DAGs
[2025-08-19T21:54:11.544+0000] {logging_mixin.py:188} INFO - [2025-08-19T21:54:11.544+0000] {dag.py:3823} INFO - Setting next_dagrun for example_setup_teardown to 2025-08-18 00:00:00+00:00, run_after=2025-08-19 00:00:00+00:00
[2025-08-19T21:54:11.553+0000] {processor.py:183} INFO - Processing /home/airflow/.local/lib/python3.8/site-packages/airflow/example_dags/example_setup_teardown.py took 0.033 seconds
[2025-08-19T21:54:42.028+0000] {processor.py:161} INFO - Started process (PID=559) to work on /home/airflow/.local/lib/python3.8/site-packages/airflow/example_dags/example_setup_teardown.py
[2025-08-19T21:54:42.029+0000] {processor.py:830} INFO - Processing file /home/airflow/.local/lib/python3.8/site-packages/airflow/example_dags/example_setup_teardown.py for tasks to queue
[2025-08-19T21:54:42.030+0000] {logging_mixin.py:188} INFO - [2025-08-19T21:54:42.030+0000] {dagbag.py:538} INFO - Filling up the DagBag from /home/airflow/.local/lib/python3.8/site-packages/airflow/example_dags/example_setup_teardown.py
[2025-08-19T21:54:42.033+0000] {processor.py:840} INFO - DAG(s) 'example_setup_teardown' retrieved from /home/airflow/.local/lib/python3.8/site-packages/airflow/example_dags/example_setup_teardown.py
[2025-08-19T21:54:42.042+0000] {logging_mixin.py:188} INFO - [2025-08-19T21:54:42.042+0000] {dag.py:3036} INFO - Sync 1 DAGs
[2025-08-19T21:54:42.052+0000] {logging_mixin.py:188} INFO - [2025-08-19T21:54:42.051+0000] {dag.py:3823} INFO - Setting next_dagrun for example_setup_teardown to 2025-08-18 00:00:00+00:00, run_after=2025-08-19 00:00:00+00:00
[2025-08-19T21:54:42.063+0000] {processor.py:183} INFO - Processing /home/airflow/.local/lib/python3.8/site-packages/airflow/example_dags/example_setup_teardown.py took 0.036 seconds
[2025-08-19T21:55:12.646+0000] {processor.py:161} INFO - Started process (PID=615) to work on /home/airflow/.local/lib/python3.8/site-packages/airflow/example_dags/example_setup_teardown.py
[2025-08-19T21:55:12.646+0000] {processor.py:830} INFO - Processing file /home/airflow/.local/lib/python3.8/site-packages/airflow/example_dags/example_setup_teardown.py for tasks to queue
[2025-08-19T21:55:12.647+0000] {logging_mixin.py:188} INFO - [2025-08-19T21:55:12.647+0000] {dagbag.py:538} INFO - Filling up the DagBag from /home/airflow/.local/lib/python3.8/site-packages/airflow/example_dags/example_setup_teardown.py
[2025-08-19T21:55:12.651+0000] {processor.py:840} INFO - DAG(s) 'example_setup_teardown' retrieved from /home/airflow/.local/lib/python3.8/site-packages/airflow/example_dags/example_setup_teardown.py
[2025-08-19T21:55:12.660+0000] {logging_mixin.py:188} INFO - [2025-08-19T21:55:12.660+0000] {dag.py:3036} INFO - Sync 1 DAGs
[2025-08-19T21:55:12.668+0000] {logging_mixin.py:188} INFO - [2025-08-19T21:55:12.668+0000] {dag.py:3823} INFO - Setting next_dagrun for example_setup_teardown to 2025-08-18 00:00:00+00:00, run_after=2025-08-19 00:00:00+00:00
[2025-08-19T21:55:12.677+0000] {processor.py:183} INFO - Processing /home/airflow/.local/lib/python3.8/site-packages/airflow/example_dags/example_setup_teardown.py took 0.033 seconds
[2025-08-19T21:55:43.253+0000] {processor.py:161} INFO - Started process (PID=671) to work on /home/airflow/.local/lib/python3.8/site-packages/airflow/example_dags/example_setup_teardown.py
[2025-08-19T21:55:43.253+0000] {processor.py:830} INFO - Processing file /home/airflow/.local/lib/python3.8/site-packages/airflow/example_dags/example_setup_teardown.py for tasks to queue
[2025-08-19T21:55:43.255+0000] {logging_mixin.py:188} INFO - [2025-08-19T21:55:43.255+0000] {dagbag.py:538} INFO - Filling up the DagBag from /home/airflow/.local/lib/python3.8/site-packages/airflow/example_dags/example_setup_teardown.py
[2025-08-19T21:55:43.261+0000] {processor.py:840} INFO - DAG(s) 'example_setup_teardown' retrieved from /home/airflow/.local/lib/python3.8/site-packages/airflow/example_dags/example_setup_teardown.py
[2025-08-19T21:55:43.269+0000] {logging_mixin.py:188} INFO - [2025-08-19T21:55:43.269+0000] {dag.py:3036} INFO - Sync 1 DAGs
[2025-08-19T21:55:43.283+0000] {logging_mixin.py:188} INFO - [2025-08-19T21:55:43.283+0000] {dag.py:3823} INFO - Setting next_dagrun for example_setup_teardown to 2025-08-18 00:00:00+00:00, run_after=2025-08-19 00:00:00+00:00
[2025-08-19T21:55:43.292+0000] {processor.py:183} INFO - Processing /home/airflow/.local/lib/python3.8/site-packages/airflow/example_dags/example_setup_teardown.py took 0.041 seconds
[2025-08-19T21:56:13.871+0000] {processor.py:161} INFO - Started process (PID=727) to work on /home/airflow/.local/lib/python3.8/site-packages/airflow/example_dags/example_setup_teardown.py
[2025-08-19T21:56:13.871+0000] {processor.py:830} INFO - Processing file /home/airflow/.local/lib/python3.8/site-packages/airflow/example_dags/example_setup_teardown.py for tasks to queue
[2025-08-19T21:56:13.872+0000] {logging_mixin.py:188} INFO - [2025-08-19T21:56:13.872+0000] {dagbag.py:538} INFO - Filling up the DagBag from /home/airflow/.local/lib/python3.8/site-packages/airflow/example_dags/example_setup_teardown.py
[2025-08-19T21:56:13.875+0000] {processor.py:840} INFO - DAG(s) 'example_setup_teardown' retrieved from /home/airflow/.local/lib/python3.8/site-packages/airflow/example_dags/example_setup_teardown.py
[2025-08-19T21:56:13.884+0000] {logging_mixin.py:188} INFO - [2025-08-19T21:56:13.884+0000] {dag.py:3036} INFO - Sync 1 DAGs
[2025-08-19T21:56:13.895+0000] {logging_mixin.py:188} INFO - [2025-08-19T21:56:13.894+0000] {dag.py:3823} INFO - Setting next_dagrun for example_setup_teardown to 2025-08-18 00:00:00+00:00, run_after=2025-08-19 00:00:00+00:00
[2025-08-19T21:56:13.903+0000] {processor.py:183} INFO - Processing /home/airflow/.local/lib/python3.8/site-packages/airflow/example_dags/example_setup_teardown.py took 0.035 seconds
[2025-08-19T21:56:44.484+0000] {processor.py:161} INFO - Started process (PID=783) to work on /home/airflow/.local/lib/python3.8/site-packages/airflow/example_dags/example_setup_teardown.py
[2025-08-19T21:56:44.485+0000] {processor.py:830} INFO - Processing file /home/airflow/.local/lib/python3.8/site-packages/airflow/example_dags/example_setup_teardown.py for tasks to queue
[2025-08-19T21:56:44.486+0000] {logging_mixin.py:188} INFO - [2025-08-19T21:56:44.486+0000] {dagbag.py:538} INFO - Filling up the DagBag from /home/airflow/.local/lib/python3.8/site-packages/airflow/example_dags/example_setup_teardown.py
[2025-08-19T21:56:44.489+0000] {processor.py:840} INFO - DAG(s) 'example_setup_teardown' retrieved from /home/airflow/.local/lib/python3.8/site-packages/airflow/example_dags/example_setup_teardown.py
[2025-08-19T21:56:44.501+0000] {logging_mixin.py:188} INFO - [2025-08-19T21:56:44.500+0000] {dag.py:3036} INFO - Sync 1 DAGs
[2025-08-19T21:56:44.509+0000] {logging_mixin.py:188} INFO - [2025-08-19T21:56:44.509+0000] {dag.py:3823} INFO - Setting next_dagrun for example_setup_teardown to 2025-08-18 00:00:00+00:00, run_after=2025-08-19 00:00:00+00:00
[2025-08-19T21:56:44.519+0000] {processor.py:183} INFO - Processing /home/airflow/.local/lib/python3.8/site-packages/airflow/example_dags/example_setup_teardown.py took 0.037 seconds
[2025-08-19T21:57:15.159+0000] {processor.py:161} INFO - Started process (PID=839) to work on /home/airflow/.local/lib/python3.8/site-packages/airflow/example_dags/example_setup_teardown.py
[2025-08-19T21:57:15.163+0000] {processor.py:830} INFO - Processing file /home/airflow/.local/lib/python3.8/site-packages/airflow/example_dags/example_setup_teardown.py for tasks to queue
[2025-08-19T21:57:15.166+0000] {logging_mixin.py:188} INFO - [2025-08-19T21:57:15.166+0000] {dagbag.py:538} INFO - Filling up the DagBag from /home/airflow/.local/lib/python3.8/site-packages/airflow/example_dags/example_setup_teardown.py
[2025-08-19T21:57:15.171+0000] {processor.py:840} INFO - DAG(s) 'example_setup_teardown' retrieved from /home/airflow/.local/lib/python3.8/site-packages/airflow/example_dags/example_setup_teardown.py
[2025-08-19T21:57:15.180+0000] {logging_mixin.py:188} INFO - [2025-08-19T21:57:15.180+0000] {dag.py:3036} INFO - Sync 1 DAGs
[2025-08-19T21:57:15.188+0000] {logging_mixin.py:188} INFO - [2025-08-19T21:57:15.188+0000] {dag.py:3823} INFO - Setting next_dagrun for example_setup_teardown to 2025-08-18 00:00:00+00:00, run_after=2025-08-19 00:00:00+00:00
[2025-08-19T21:57:15.199+0000] {processor.py:183} INFO - Processing /home/airflow/.local/lib/python3.8/site-packages/airflow/example_dags/example_setup_teardown.py took 0.042 seconds
[2025-08-19T21:57:45.761+0000] {processor.py:161} INFO - Started process (PID=895) to work on /home/airflow/.local/lib/python3.8/site-packages/airflow/example_dags/example_setup_teardown.py
[2025-08-19T21:57:45.762+0000] {processor.py:830} INFO - Processing file /home/airflow/.local/lib/python3.8/site-packages/airflow/example_dags/example_setup_teardown.py for tasks to queue
[2025-08-19T21:57:45.763+0000] {logging_mixin.py:188} INFO - [2025-08-19T21:57:45.762+0000] {dagbag.py:538} INFO - Filling up the DagBag from /home/airflow/.local/lib/python3.8/site-packages/airflow/example_dags/example_setup_teardown.py
[2025-08-19T21:57:45.765+0000] {processor.py:840} INFO - DAG(s) 'example_setup_teardown' retrieved from /home/airflow/.local/lib/python3.8/site-packages/airflow/example_dags/example_setup_teardown.py
[2025-08-19T21:57:45.776+0000] {logging_mixin.py:188} INFO - [2025-08-19T21:57:45.775+0000] {dag.py:3036} INFO - Sync 1 DAGs
[2025-08-19T21:57:45.785+0000] {logging_mixin.py:188} INFO - [2025-08-19T21:57:45.785+0000] {dag.py:3823} INFO - Setting next_dagrun for example_setup_teardown to 2025-08-18 00:00:00+00:00, run_after=2025-08-19 00:00:00+00:00
[2025-08-19T21:57:45.796+0000] {processor.py:183} INFO - Processing /home/airflow/.local/lib/python3.8/site-packages/airflow/example_dags/example_setup_teardown.py took 0.037 seconds
[2025-08-19T21:58:16.328+0000] {processor.py:161} INFO - Started process (PID=951) to work on /home/airflow/.local/lib/python3.8/site-packages/airflow/example_dags/example_setup_teardown.py
[2025-08-19T21:58:16.329+0000] {processor.py:830} INFO - Processing file /home/airflow/.local/lib/python3.8/site-packages/airflow/example_dags/example_setup_teardown.py for tasks to queue
[2025-08-19T21:58:16.330+0000] {logging_mixin.py:188} INFO - [2025-08-19T21:58:16.330+0000] {dagbag.py:538} INFO - Filling up the DagBag from /home/airflow/.local/lib/python3.8/site-packages/airflow/example_dags/example_setup_teardown.py
[2025-08-19T21:58:16.333+0000] {processor.py:840} INFO - DAG(s) 'example_setup_teardown' retrieved from /home/airflow/.local/lib/python3.8/site-packages/airflow/example_dags/example_setup_teardown.py
[2025-08-19T21:58:16.341+0000] {logging_mixin.py:188} INFO - [2025-08-19T21:58:16.341+0000] {dag.py:3036} INFO - Sync 1 DAGs
[2025-08-19T21:58:16.351+0000] {logging_mixin.py:188} INFO - [2025-08-19T21:58:16.351+0000] {dag.py:3823} INFO - Setting next_dagrun for example_setup_teardown to 2025-08-18 00:00:00+00:00, run_after=2025-08-19 00:00:00+00:00
[2025-08-19T21:58:16.359+0000] {processor.py:183} INFO - Processing /home/airflow/.local/lib/python3.8/site-packages/airflow/example_dags/example_setup_teardown.py took 0.033 seconds
[2025-08-19T21:58:46.862+0000] {processor.py:161} INFO - Started process (PID=1007) to work on /home/airflow/.local/lib/python3.8/site-packages/airflow/example_dags/example_setup_teardown.py
[2025-08-19T21:58:46.862+0000] {processor.py:830} INFO - Processing file /home/airflow/.local/lib/python3.8/site-packages/airflow/example_dags/example_setup_teardown.py for tasks to queue
[2025-08-19T21:58:46.863+0000] {logging_mixin.py:188} INFO - [2025-08-19T21:58:46.863+0000] {dagbag.py:538} INFO - Filling up the DagBag from /home/airflow/.local/lib/python3.8/site-packages/airflow/example_dags/example_setup_teardown.py
[2025-08-19T21:58:46.866+0000] {processor.py:840} INFO - DAG(s) 'example_setup_teardown' retrieved from /home/airflow/.local/lib/python3.8/site-packages/airflow/example_dags/example_setup_teardown.py
[2025-08-19T21:58:46.874+0000] {logging_mixin.py:188} INFO - [2025-08-19T21:58:46.874+0000] {dag.py:3036} INFO - Sync 1 DAGs
[2025-08-19T21:58:46.881+0000] {logging_mixin.py:188} INFO - [2025-08-19T21:58:46.881+0000] {dag.py:3823} INFO - Setting next_dagrun for example_setup_teardown to 2025-08-18 00:00:00+00:00, run_after=2025-08-19 00:00:00+00:00
[2025-08-19T21:58:46.887+0000] {processor.py:183} INFO - Processing /home/airflow/.local/lib/python3.8/site-packages/airflow/example_dags/example_setup_teardown.py took 0.027 seconds
[2025-08-19T21:59:17.404+0000] {processor.py:161} INFO - Started process (PID=1063) to work on /home/airflow/.local/lib/python3.8/site-packages/airflow/example_dags/example_setup_teardown.py
[2025-08-19T21:59:17.404+0000] {processor.py:830} INFO - Processing file /home/airflow/.local/lib/python3.8/site-packages/airflow/example_dags/example_setup_teardown.py for tasks to queue
[2025-08-19T21:59:17.406+0000] {logging_mixin.py:188} INFO - [2025-08-19T21:59:17.406+0000] {dagbag.py:538} INFO - Filling up the DagBag from /home/airflow/.local/lib/python3.8/site-packages/airflow/example_dags/example_setup_teardown.py
[2025-08-19T21:59:17.410+0000] {processor.py:840} INFO - DAG(s) 'example_setup_teardown' retrieved from /home/airflow/.local/lib/python3.8/site-packages/airflow/example_dags/example_setup_teardown.py
[2025-08-19T21:59:17.418+0000] {logging_mixin.py:188} INFO - [2025-08-19T21:59:17.418+0000] {dag.py:3036} INFO - Sync 1 DAGs
[2025-08-19T21:59:17.429+0000] {logging_mixin.py:188} INFO - [2025-08-19T21:59:17.429+0000] {dag.py:3823} INFO - Setting next_dagrun for example_setup_teardown to 2025-08-18 00:00:00+00:00, run_after=2025-08-19 00:00:00+00:00
[2025-08-19T21:59:17.437+0000] {processor.py:183} INFO - Processing /home/airflow/.local/lib/python3.8/site-packages/airflow/example_dags/example_setup_teardown.py took 0.035 seconds
[2025-08-19T21:59:47.953+0000] {processor.py:161} INFO - Started process (PID=1119) to work on /home/airflow/.local/lib/python3.8/site-packages/airflow/example_dags/example_setup_teardown.py
[2025-08-19T21:59:47.954+0000] {processor.py:830} INFO - Processing file /home/airflow/.local/lib/python3.8/site-packages/airflow/example_dags/example_setup_teardown.py for tasks to queue
[2025-08-19T21:59:47.955+0000] {logging_mixin.py:188} INFO - [2025-08-19T21:59:47.954+0000] {dagbag.py:538} INFO - Filling up the DagBag from /home/airflow/.local/lib/python3.8/site-packages/airflow/example_dags/example_setup_teardown.py
[2025-08-19T21:59:47.958+0000] {processor.py:840} INFO - DAG(s) 'example_setup_teardown' retrieved from /home/airflow/.local/lib/python3.8/site-packages/airflow/example_dags/example_setup_teardown.py
[2025-08-19T21:59:47.969+0000] {logging_mixin.py:188} INFO - [2025-08-19T21:59:47.969+0000] {dag.py:3036} INFO - Sync 1 DAGs
[2025-08-19T21:59:47.979+0000] {logging_mixin.py:188} INFO - [2025-08-19T21:59:47.979+0000] {dag.py:3823} INFO - Setting next_dagrun for example_setup_teardown to 2025-08-18 00:00:00+00:00, run_after=2025-08-19 00:00:00+00:00
[2025-08-19T21:59:47.987+0000] {processor.py:183} INFO - Processing /home/airflow/.local/lib/python3.8/site-packages/airflow/example_dags/example_setup_teardown.py took 0.035 seconds
[2025-08-19T22:00:18.491+0000] {processor.py:161} INFO - Started process (PID=1175) to work on /home/airflow/.local/lib/python3.8/site-packages/airflow/example_dags/example_setup_teardown.py
[2025-08-19T22:00:18.491+0000] {processor.py:830} INFO - Processing file /home/airflow/.local/lib/python3.8/site-packages/airflow/example_dags/example_setup_teardown.py for tasks to queue
[2025-08-19T22:00:18.492+0000] {logging_mixin.py:188} INFO - [2025-08-19T22:00:18.492+0000] {dagbag.py:538} INFO - Filling up the DagBag from /home/airflow/.local/lib/python3.8/site-packages/airflow/example_dags/example_setup_teardown.py
[2025-08-19T22:00:18.496+0000] {processor.py:840} INFO - DAG(s) 'example_setup_teardown' retrieved from /home/airflow/.local/lib/python3.8/site-packages/airflow/example_dags/example_setup_teardown.py
[2025-08-19T22:00:18.505+0000] {logging_mixin.py:188} INFO - [2025-08-19T22:00:18.505+0000] {dag.py:3036} INFO - Sync 1 DAGs
[2025-08-19T22:00:18.514+0000] {logging_mixin.py:188} INFO - [2025-08-19T22:00:18.514+0000] {dag.py:3823} INFO - Setting next_dagrun for example_setup_teardown to 2025-08-18 00:00:00+00:00, run_after=2025-08-19 00:00:00+00:00
[2025-08-19T22:00:18.523+0000] {processor.py:183} INFO - Processing /home/airflow/.local/lib/python3.8/site-packages/airflow/example_dags/example_setup_teardown.py took 0.034 seconds
[2025-08-19T22:00:49.005+0000] {processor.py:161} INFO - Started process (PID=1231) to work on /home/airflow/.local/lib/python3.8/site-packages/airflow/example_dags/example_setup_teardown.py
[2025-08-19T22:00:49.006+0000] {processor.py:830} INFO - Processing file /home/airflow/.local/lib/python3.8/site-packages/airflow/example_dags/example_setup_teardown.py for tasks to queue
[2025-08-19T22:00:49.008+0000] {logging_mixin.py:188} INFO - [2025-08-19T22:00:49.008+0000] {dagbag.py:538} INFO - Filling up the DagBag from /home/airflow/.local/lib/python3.8/site-packages/airflow/example_dags/example_setup_teardown.py
[2025-08-19T22:00:49.011+0000] {processor.py:840} INFO - DAG(s) 'example_setup_teardown' retrieved from /home/airflow/.local/lib/python3.8/site-packages/airflow/example_dags/example_setup_teardown.py
[2025-08-19T22:00:49.020+0000] {logging_mixin.py:188} INFO - [2025-08-19T22:00:49.019+0000] {dag.py:3036} INFO - Sync 1 DAGs
[2025-08-19T22:00:49.028+0000] {logging_mixin.py:188} INFO - [2025-08-19T22:00:49.028+0000] {dag.py:3823} INFO - Setting next_dagrun for example_setup_teardown to 2025-08-18 00:00:00+00:00, run_after=2025-08-19 00:00:00+00:00
[2025-08-19T22:00:49.039+0000] {processor.py:183} INFO - Processing /home/airflow/.local/lib/python3.8/site-packages/airflow/example_dags/example_setup_teardown.py took 0.035 seconds
[2025-08-19T22:01:19.715+0000] {processor.py:161} INFO - Started process (PID=1287) to work on /home/airflow/.local/lib/python3.8/site-packages/airflow/example_dags/example_setup_teardown.py
[2025-08-19T22:01:19.716+0000] {processor.py:830} INFO - Processing file /home/airflow/.local/lib/python3.8/site-packages/airflow/example_dags/example_setup_teardown.py for tasks to queue
[2025-08-19T22:01:19.717+0000] {logging_mixin.py:188} INFO - [2025-08-19T22:01:19.717+0000] {dagbag.py:538} INFO - Filling up the DagBag from /home/airflow/.local/lib/python3.8/site-packages/airflow/example_dags/example_setup_teardown.py
[2025-08-19T22:01:19.721+0000] {processor.py:840} INFO - DAG(s) 'example_setup_teardown' retrieved from /home/airflow/.local/lib/python3.8/site-packages/airflow/example_dags/example_setup_teardown.py
[2025-08-19T22:01:19.730+0000] {logging_mixin.py:188} INFO - [2025-08-19T22:01:19.730+0000] {dag.py:3036} INFO - Sync 1 DAGs
[2025-08-19T22:01:19.740+0000] {logging_mixin.py:188} INFO - [2025-08-19T22:01:19.740+0000] {dag.py:3823} INFO - Setting next_dagrun for example_setup_teardown to 2025-08-18 00:00:00+00:00, run_after=2025-08-19 00:00:00+00:00
[2025-08-19T22:01:19.748+0000] {processor.py:183} INFO - Processing /home/airflow/.local/lib/python3.8/site-packages/airflow/example_dags/example_setup_teardown.py took 0.035 seconds
[2025-08-19T22:01:49.893+0000] {processor.py:161} INFO - Started process (PID=1343) to work on /home/airflow/.local/lib/python3.8/site-packages/airflow/example_dags/example_setup_teardown.py
[2025-08-19T22:01:49.894+0000] {processor.py:830} INFO - Processing file /home/airflow/.local/lib/python3.8/site-packages/airflow/example_dags/example_setup_teardown.py for tasks to queue
[2025-08-19T22:01:49.895+0000] {logging_mixin.py:188} INFO - [2025-08-19T22:01:49.894+0000] {dagbag.py:538} INFO - Filling up the DagBag from /home/airflow/.local/lib/python3.8/site-packages/airflow/example_dags/example_setup_teardown.py
[2025-08-19T22:01:49.898+0000] {processor.py:840} INFO - DAG(s) 'example_setup_teardown' retrieved from /home/airflow/.local/lib/python3.8/site-packages/airflow/example_dags/example_setup_teardown.py
[2025-08-19T22:01:49.907+0000] {logging_mixin.py:188} INFO - [2025-08-19T22:01:49.907+0000] {dag.py:3036} INFO - Sync 1 DAGs
[2025-08-19T22:01:49.918+0000] {logging_mixin.py:188} INFO - [2025-08-19T22:01:49.918+0000] {dag.py:3823} INFO - Setting next_dagrun for example_setup_teardown to 2025-08-18 00:00:00+00:00, run_after=2025-08-19 00:00:00+00:00
[2025-08-19T22:01:49.928+0000] {processor.py:183} INFO - Processing /home/airflow/.local/lib/python3.8/site-packages/airflow/example_dags/example_setup_teardown.py took 0.037 seconds
[2025-08-19T22:02:20.814+0000] {processor.py:161} INFO - Started process (PID=1399) to work on /home/airflow/.local/lib/python3.8/site-packages/airflow/example_dags/example_setup_teardown.py
[2025-08-19T22:02:20.817+0000] {processor.py:830} INFO - Processing file /home/airflow/.local/lib/python3.8/site-packages/airflow/example_dags/example_setup_teardown.py for tasks to queue
[2025-08-19T22:02:20.818+0000] {logging_mixin.py:188} INFO - [2025-08-19T22:02:20.818+0000] {dagbag.py:538} INFO - Filling up the DagBag from /home/airflow/.local/lib/python3.8/site-packages/airflow/example_dags/example_setup_teardown.py
[2025-08-19T22:02:20.821+0000] {processor.py:840} INFO - DAG(s) 'example_setup_teardown' retrieved from /home/airflow/.local/lib/python3.8/site-packages/airflow/example_dags/example_setup_teardown.py
[2025-08-19T22:02:20.830+0000] {logging_mixin.py:188} INFO - [2025-08-19T22:02:20.830+0000] {dag.py:3036} INFO - Sync 1 DAGs
[2025-08-19T22:02:20.839+0000] {logging_mixin.py:188} INFO - [2025-08-19T22:02:20.839+0000] {dag.py:3823} INFO - Setting next_dagrun for example_setup_teardown to 2025-08-18 00:00:00+00:00, run_after=2025-08-19 00:00:00+00:00
[2025-08-19T22:02:20.847+0000] {processor.py:183} INFO - Processing /home/airflow/.local/lib/python3.8/site-packages/airflow/example_dags/example_setup_teardown.py took 0.035 seconds
[2025-08-19T22:02:51.751+0000] {processor.py:161} INFO - Started process (PID=1455) to work on /home/airflow/.local/lib/python3.8/site-packages/airflow/example_dags/example_setup_teardown.py
[2025-08-19T22:02:51.752+0000] {processor.py:830} INFO - Processing file /home/airflow/.local/lib/python3.8/site-packages/airflow/example_dags/example_setup_teardown.py for tasks to queue
[2025-08-19T22:02:51.754+0000] {logging_mixin.py:188} INFO - [2025-08-19T22:02:51.754+0000] {dagbag.py:538} INFO - Filling up the DagBag from /home/airflow/.local/lib/python3.8/site-packages/airflow/example_dags/example_setup_teardown.py
[2025-08-19T22:02:51.757+0000] {processor.py:840} INFO - DAG(s) 'example_setup_teardown' retrieved from /home/airflow/.local/lib/python3.8/site-packages/airflow/example_dags/example_setup_teardown.py
[2025-08-19T22:02:51.765+0000] {logging_mixin.py:188} INFO - [2025-08-19T22:02:51.765+0000] {dag.py:3036} INFO - Sync 1 DAGs
[2025-08-19T22:02:51.775+0000] {logging_mixin.py:188} INFO - [2025-08-19T22:02:51.775+0000] {dag.py:3823} INFO - Setting next_dagrun for example_setup_teardown to 2025-08-18 00:00:00+00:00, run_after=2025-08-19 00:00:00+00:00
[2025-08-19T22:02:51.783+0000] {processor.py:183} INFO - Processing /home/airflow/.local/lib/python3.8/site-packages/airflow/example_dags/example_setup_teardown.py took 0.034 seconds
[2025-08-19T22:03:22.711+0000] {processor.py:161} INFO - Started process (PID=1511) to work on /home/airflow/.local/lib/python3.8/site-packages/airflow/example_dags/example_setup_teardown.py
[2025-08-19T22:03:22.712+0000] {processor.py:830} INFO - Processing file /home/airflow/.local/lib/python3.8/site-packages/airflow/example_dags/example_setup_teardown.py for tasks to queue
[2025-08-19T22:03:22.713+0000] {logging_mixin.py:188} INFO - [2025-08-19T22:03:22.712+0000] {dagbag.py:538} INFO - Filling up the DagBag from /home/airflow/.local/lib/python3.8/site-packages/airflow/example_dags/example_setup_teardown.py
[2025-08-19T22:03:22.716+0000] {processor.py:840} INFO - DAG(s) 'example_setup_teardown' retrieved from /home/airflow/.local/lib/python3.8/site-packages/airflow/example_dags/example_setup_teardown.py
[2025-08-19T22:03:22.726+0000] {logging_mixin.py:188} INFO - [2025-08-19T22:03:22.726+0000] {dag.py:3036} INFO - Sync 1 DAGs
[2025-08-19T22:03:22.736+0000] {logging_mixin.py:188} INFO - [2025-08-19T22:03:22.736+0000] {dag.py:3823} INFO - Setting next_dagrun for example_setup_teardown to 2025-08-18 00:00:00+00:00, run_after=2025-08-19 00:00:00+00:00
[2025-08-19T22:03:22.750+0000] {processor.py:183} INFO - Processing /home/airflow/.local/lib/python3.8/site-packages/airflow/example_dags/example_setup_teardown.py took 0.041 seconds
[2025-08-19T22:03:53.482+0000] {processor.py:161} INFO - Started process (PID=1567) to work on /home/airflow/.local/lib/python3.8/site-packages/airflow/example_dags/example_setup_teardown.py
[2025-08-19T22:03:53.483+0000] {processor.py:830} INFO - Processing file /home/airflow/.local/lib/python3.8/site-packages/airflow/example_dags/example_setup_teardown.py for tasks to queue
[2025-08-19T22:03:53.484+0000] {logging_mixin.py:188} INFO - [2025-08-19T22:03:53.484+0000] {dagbag.py:538} INFO - Filling up the DagBag from /home/airflow/.local/lib/python3.8/site-packages/airflow/example_dags/example_setup_teardown.py
[2025-08-19T22:03:53.486+0000] {processor.py:840} INFO - DAG(s) 'example_setup_teardown' retrieved from /home/airflow/.local/lib/python3.8/site-packages/airflow/example_dags/example_setup_teardown.py
[2025-08-19T22:03:53.496+0000] {logging_mixin.py:188} INFO - [2025-08-19T22:03:53.496+0000] {dag.py:3036} INFO - Sync 1 DAGs
[2025-08-19T22:03:53.505+0000] {logging_mixin.py:188} INFO - [2025-08-19T22:03:53.505+0000] {dag.py:3823} INFO - Setting next_dagrun for example_setup_teardown to 2025-08-18 00:00:00+00:00, run_after=2025-08-19 00:00:00+00:00
[2025-08-19T22:03:53.515+0000] {processor.py:183} INFO - Processing /home/airflow/.local/lib/python3.8/site-packages/airflow/example_dags/example_setup_teardown.py took 0.035 seconds
[2025-08-19T22:04:24.144+0000] {processor.py:161} INFO - Started process (PID=1623) to work on /home/airflow/.local/lib/python3.8/site-packages/airflow/example_dags/example_setup_teardown.py
[2025-08-19T22:04:24.145+0000] {processor.py:830} INFO - Processing file /home/airflow/.local/lib/python3.8/site-packages/airflow/example_dags/example_setup_teardown.py for tasks to queue
[2025-08-19T22:04:24.146+0000] {logging_mixin.py:188} INFO - [2025-08-19T22:04:24.146+0000] {dagbag.py:538} INFO - Filling up the DagBag from /home/airflow/.local/lib/python3.8/site-packages/airflow/example_dags/example_setup_teardown.py
[2025-08-19T22:04:24.149+0000] {processor.py:840} INFO - DAG(s) 'example_setup_teardown' retrieved from /home/airflow/.local/lib/python3.8/site-packages/airflow/example_dags/example_setup_teardown.py
[2025-08-19T22:04:24.158+0000] {logging_mixin.py:188} INFO - [2025-08-19T22:04:24.158+0000] {dag.py:3036} INFO - Sync 1 DAGs
[2025-08-19T22:04:24.166+0000] {logging_mixin.py:188} INFO - [2025-08-19T22:04:24.166+0000] {dag.py:3823} INFO - Setting next_dagrun for example_setup_teardown to 2025-08-18 00:00:00+00:00, run_after=2025-08-19 00:00:00+00:00
[2025-08-19T22:04:24.180+0000] {processor.py:183} INFO - Processing /home/airflow/.local/lib/python3.8/site-packages/airflow/example_dags/example_setup_teardown.py took 0.038 seconds
[2025-08-19T22:04:54.557+0000] {processor.py:161} INFO - Started process (PID=1679) to work on /home/airflow/.local/lib/python3.8/site-packages/airflow/example_dags/example_setup_teardown.py
[2025-08-19T22:04:54.558+0000] {processor.py:830} INFO - Processing file /home/airflow/.local/lib/python3.8/site-packages/airflow/example_dags/example_setup_teardown.py for tasks to queue
[2025-08-19T22:04:54.558+0000] {logging_mixin.py:188} INFO - [2025-08-19T22:04:54.558+0000] {dagbag.py:538} INFO - Filling up the DagBag from /home/airflow/.local/lib/python3.8/site-packages/airflow/example_dags/example_setup_teardown.py
[2025-08-19T22:04:54.561+0000] {processor.py:840} INFO - DAG(s) 'example_setup_teardown' retrieved from /home/airflow/.local/lib/python3.8/site-packages/airflow/example_dags/example_setup_teardown.py
[2025-08-19T22:04:54.569+0000] {logging_mixin.py:188} INFO - [2025-08-19T22:04:54.569+0000] {dag.py:3036} INFO - Sync 1 DAGs
[2025-08-19T22:04:54.577+0000] {logging_mixin.py:188} INFO - [2025-08-19T22:04:54.577+0000] {dag.py:3823} INFO - Setting next_dagrun for example_setup_teardown to 2025-08-18 00:00:00+00:00, run_after=2025-08-19 00:00:00+00:00
[2025-08-19T22:04:54.588+0000] {processor.py:183} INFO - Processing /home/airflow/.local/lib/python3.8/site-packages/airflow/example_dags/example_setup_teardown.py took 0.032 seconds
[2025-08-19T22:05:25.071+0000] {processor.py:161} INFO - Started process (PID=1735) to work on /home/airflow/.local/lib/python3.8/site-packages/airflow/example_dags/example_setup_teardown.py
[2025-08-19T22:05:25.072+0000] {processor.py:830} INFO - Processing file /home/airflow/.local/lib/python3.8/site-packages/airflow/example_dags/example_setup_teardown.py for tasks to queue
[2025-08-19T22:05:25.072+0000] {logging_mixin.py:188} INFO - [2025-08-19T22:05:25.072+0000] {dagbag.py:538} INFO - Filling up the DagBag from /home/airflow/.local/lib/python3.8/site-packages/airflow/example_dags/example_setup_teardown.py
[2025-08-19T22:05:25.076+0000] {processor.py:840} INFO - DAG(s) 'example_setup_teardown' retrieved from /home/airflow/.local/lib/python3.8/site-packages/airflow/example_dags/example_setup_teardown.py
[2025-08-19T22:05:25.085+0000] {logging_mixin.py:188} INFO - [2025-08-19T22:05:25.085+0000] {dag.py:3036} INFO - Sync 1 DAGs
[2025-08-19T22:05:25.094+0000] {logging_mixin.py:188} INFO - [2025-08-19T22:05:25.094+0000] {dag.py:3823} INFO - Setting next_dagrun for example_setup_teardown to 2025-08-18 00:00:00+00:00, run_after=2025-08-19 00:00:00+00:00
[2025-08-19T22:05:25.104+0000] {processor.py:183} INFO - Processing /home/airflow/.local/lib/python3.8/site-packages/airflow/example_dags/example_setup_teardown.py took 0.034 seconds
[2025-08-19T22:05:55.158+0000] {processor.py:161} INFO - Started process (PID=1791) to work on /home/airflow/.local/lib/python3.8/site-packages/airflow/example_dags/example_setup_teardown.py
[2025-08-19T22:05:55.159+0000] {processor.py:830} INFO - Processing file /home/airflow/.local/lib/python3.8/site-packages/airflow/example_dags/example_setup_teardown.py for tasks to queue
[2025-08-19T22:05:55.159+0000] {logging_mixin.py:188} INFO - [2025-08-19T22:05:55.159+0000] {dagbag.py:538} INFO - Filling up the DagBag from /home/airflow/.local/lib/python3.8/site-packages/airflow/example_dags/example_setup_teardown.py
[2025-08-19T22:05:55.162+0000] {processor.py:840} INFO - DAG(s) 'example_setup_teardown' retrieved from /home/airflow/.local/lib/python3.8/site-packages/airflow/example_dags/example_setup_teardown.py
[2025-08-19T22:05:55.171+0000] {logging_mixin.py:188} INFO - [2025-08-19T22:05:55.171+0000] {dag.py:3036} INFO - Sync 1 DAGs
[2025-08-19T22:05:55.179+0000] {logging_mixin.py:188} INFO - [2025-08-19T22:05:55.179+0000] {dag.py:3823} INFO - Setting next_dagrun for example_setup_teardown to 2025-08-18 00:00:00+00:00, run_after=2025-08-19 00:00:00+00:00
[2025-08-19T22:05:55.189+0000] {processor.py:183} INFO - Processing /home/airflow/.local/lib/python3.8/site-packages/airflow/example_dags/example_setup_teardown.py took 0.032 seconds
[2025-08-19T22:06:25.602+0000] {processor.py:161} INFO - Started process (PID=1847) to work on /home/airflow/.local/lib/python3.8/site-packages/airflow/example_dags/example_setup_teardown.py
[2025-08-19T22:06:25.602+0000] {processor.py:830} INFO - Processing file /home/airflow/.local/lib/python3.8/site-packages/airflow/example_dags/example_setup_teardown.py for tasks to queue
[2025-08-19T22:06:25.603+0000] {logging_mixin.py:188} INFO - [2025-08-19T22:06:25.603+0000] {dagbag.py:538} INFO - Filling up the DagBag from /home/airflow/.local/lib/python3.8/site-packages/airflow/example_dags/example_setup_teardown.py
[2025-08-19T22:06:25.606+0000] {processor.py:840} INFO - DAG(s) 'example_setup_teardown' retrieved from /home/airflow/.local/lib/python3.8/site-packages/airflow/example_dags/example_setup_teardown.py
[2025-08-19T22:06:25.613+0000] {logging_mixin.py:188} INFO - [2025-08-19T22:06:25.613+0000] {dag.py:3036} INFO - Sync 1 DAGs
[2025-08-19T22:06:25.620+0000] {logging_mixin.py:188} INFO - [2025-08-19T22:06:25.620+0000] {dag.py:3823} INFO - Setting next_dagrun for example_setup_teardown to 2025-08-18 00:00:00+00:00, run_after=2025-08-19 00:00:00+00:00
[2025-08-19T22:06:25.625+0000] {processor.py:183} INFO - Processing /home/airflow/.local/lib/python3.8/site-packages/airflow/example_dags/example_setup_teardown.py took 0.025 seconds
[2025-08-19T22:06:56.119+0000] {processor.py:161} INFO - Started process (PID=1903) to work on /home/airflow/.local/lib/python3.8/site-packages/airflow/example_dags/example_setup_teardown.py
[2025-08-19T22:06:56.120+0000] {processor.py:830} INFO - Processing file /home/airflow/.local/lib/python3.8/site-packages/airflow/example_dags/example_setup_teardown.py for tasks to queue
[2025-08-19T22:06:56.121+0000] {logging_mixin.py:188} INFO - [2025-08-19T22:06:56.121+0000] {dagbag.py:538} INFO - Filling up the DagBag from /home/airflow/.local/lib/python3.8/site-packages/airflow/example_dags/example_setup_teardown.py
[2025-08-19T22:06:56.124+0000] {processor.py:840} INFO - DAG(s) 'example_setup_teardown' retrieved from /home/airflow/.local/lib/python3.8/site-packages/airflow/example_dags/example_setup_teardown.py
[2025-08-19T22:06:56.133+0000] {logging_mixin.py:188} INFO - [2025-08-19T22:06:56.132+0000] {dag.py:3036} INFO - Sync 1 DAGs
[2025-08-19T22:06:56.142+0000] {logging_mixin.py:188} INFO - [2025-08-19T22:06:56.142+0000] {dag.py:3823} INFO - Setting next_dagrun for example_setup_teardown to 2025-08-18 00:00:00+00:00, run_after=2025-08-19 00:00:00+00:00
[2025-08-19T22:06:56.153+0000] {processor.py:183} INFO - Processing /home/airflow/.local/lib/python3.8/site-packages/airflow/example_dags/example_setup_teardown.py took 0.036 seconds
[2025-08-19T22:07:26.238+0000] {processor.py:161} INFO - Started process (PID=1959) to work on /home/airflow/.local/lib/python3.8/site-packages/airflow/example_dags/example_setup_teardown.py
[2025-08-19T22:07:26.240+0000] {processor.py:830} INFO - Processing file /home/airflow/.local/lib/python3.8/site-packages/airflow/example_dags/example_setup_teardown.py for tasks to queue
[2025-08-19T22:07:26.241+0000] {logging_mixin.py:188} INFO - [2025-08-19T22:07:26.241+0000] {dagbag.py:538} INFO - Filling up the DagBag from /home/airflow/.local/lib/python3.8/site-packages/airflow/example_dags/example_setup_teardown.py
[2025-08-19T22:07:26.246+0000] {processor.py:840} INFO - DAG(s) 'example_setup_teardown' retrieved from /home/airflow/.local/lib/python3.8/site-packages/airflow/example_dags/example_setup_teardown.py
[2025-08-19T22:07:26.257+0000] {logging_mixin.py:188} INFO - [2025-08-19T22:07:26.257+0000] {dag.py:3036} INFO - Sync 1 DAGs
[2025-08-19T22:07:26.268+0000] {logging_mixin.py:188} INFO - [2025-08-19T22:07:26.268+0000] {dag.py:3823} INFO - Setting next_dagrun for example_setup_teardown to 2025-08-18 00:00:00+00:00, run_after=2025-08-19 00:00:00+00:00
[2025-08-19T22:07:26.274+0000] {processor.py:183} INFO - Processing /home/airflow/.local/lib/python3.8/site-packages/airflow/example_dags/example_setup_teardown.py took 0.038 seconds
[2025-08-19T22:07:56.879+0000] {processor.py:161} INFO - Started process (PID=2015) to work on /home/airflow/.local/lib/python3.8/site-packages/airflow/example_dags/example_setup_teardown.py
[2025-08-19T22:07:56.880+0000] {processor.py:830} INFO - Processing file /home/airflow/.local/lib/python3.8/site-packages/airflow/example_dags/example_setup_teardown.py for tasks to queue
[2025-08-19T22:07:56.881+0000] {logging_mixin.py:188} INFO - [2025-08-19T22:07:56.881+0000] {dagbag.py:538} INFO - Filling up the DagBag from /home/airflow/.local/lib/python3.8/site-packages/airflow/example_dags/example_setup_teardown.py
[2025-08-19T22:07:56.886+0000] {processor.py:840} INFO - DAG(s) 'example_setup_teardown' retrieved from /home/airflow/.local/lib/python3.8/site-packages/airflow/example_dags/example_setup_teardown.py
[2025-08-19T22:07:56.896+0000] {logging_mixin.py:188} INFO - [2025-08-19T22:07:56.895+0000] {dag.py:3036} INFO - Sync 1 DAGs
[2025-08-19T22:07:56.907+0000] {logging_mixin.py:188} INFO - [2025-08-19T22:07:56.906+0000] {dag.py:3823} INFO - Setting next_dagrun for example_setup_teardown to 2025-08-18 00:00:00+00:00, run_after=2025-08-19 00:00:00+00:00
[2025-08-19T22:07:56.914+0000] {processor.py:183} INFO - Processing /home/airflow/.local/lib/python3.8/site-packages/airflow/example_dags/example_setup_teardown.py took 0.036 seconds
[2025-08-19T22:08:27.714+0000] {processor.py:161} INFO - Started process (PID=2071) to work on /home/airflow/.local/lib/python3.8/site-packages/airflow/example_dags/example_setup_teardown.py
[2025-08-19T22:08:27.716+0000] {processor.py:830} INFO - Processing file /home/airflow/.local/lib/python3.8/site-packages/airflow/example_dags/example_setup_teardown.py for tasks to queue
[2025-08-19T22:08:27.717+0000] {logging_mixin.py:188} INFO - [2025-08-19T22:08:27.717+0000] {dagbag.py:538} INFO - Filling up the DagBag from /home/airflow/.local/lib/python3.8/site-packages/airflow/example_dags/example_setup_teardown.py
[2025-08-19T22:08:27.721+0000] {processor.py:840} INFO - DAG(s) 'example_setup_teardown' retrieved from /home/airflow/.local/lib/python3.8/site-packages/airflow/example_dags/example_setup_teardown.py
[2025-08-19T22:08:27.733+0000] {logging_mixin.py:188} INFO - [2025-08-19T22:08:27.732+0000] {dag.py:3036} INFO - Sync 1 DAGs
[2025-08-19T22:08:27.743+0000] {logging_mixin.py:188} INFO - [2025-08-19T22:08:27.743+0000] {dag.py:3823} INFO - Setting next_dagrun for example_setup_teardown to 2025-08-18 00:00:00+00:00, run_after=2025-08-19 00:00:00+00:00
[2025-08-19T22:08:27.750+0000] {processor.py:183} INFO - Processing /home/airflow/.local/lib/python3.8/site-packages/airflow/example_dags/example_setup_teardown.py took 0.037 seconds
[2025-08-19T22:08:58.348+0000] {processor.py:161} INFO - Started process (PID=2127) to work on /home/airflow/.local/lib/python3.8/site-packages/airflow/example_dags/example_setup_teardown.py
[2025-08-19T22:08:58.348+0000] {processor.py:830} INFO - Processing file /home/airflow/.local/lib/python3.8/site-packages/airflow/example_dags/example_setup_teardown.py for tasks to queue
[2025-08-19T22:08:58.349+0000] {logging_mixin.py:188} INFO - [2025-08-19T22:08:58.349+0000] {dagbag.py:538} INFO - Filling up the DagBag from /home/airflow/.local/lib/python3.8/site-packages/airflow/example_dags/example_setup_teardown.py
[2025-08-19T22:08:58.352+0000] {processor.py:840} INFO - DAG(s) 'example_setup_teardown' retrieved from /home/airflow/.local/lib/python3.8/site-packages/airflow/example_dags/example_setup_teardown.py
[2025-08-19T22:08:58.362+0000] {logging_mixin.py:188} INFO - [2025-08-19T22:08:58.361+0000] {dag.py:3036} INFO - Sync 1 DAGs
[2025-08-19T22:08:58.372+0000] {logging_mixin.py:188} INFO - [2025-08-19T22:08:58.372+0000] {dag.py:3823} INFO - Setting next_dagrun for example_setup_teardown to 2025-08-18 00:00:00+00:00, run_after=2025-08-19 00:00:00+00:00
[2025-08-19T22:08:58.384+0000] {processor.py:183} INFO - Processing /home/airflow/.local/lib/python3.8/site-packages/airflow/example_dags/example_setup_teardown.py took 0.038 seconds
[2025-08-19T22:09:28.968+0000] {processor.py:161} INFO - Started process (PID=2183) to work on /home/airflow/.local/lib/python3.8/site-packages/airflow/example_dags/example_setup_teardown.py
[2025-08-19T22:09:28.968+0000] {processor.py:830} INFO - Processing file /home/airflow/.local/lib/python3.8/site-packages/airflow/example_dags/example_setup_teardown.py for tasks to queue
[2025-08-19T22:09:28.969+0000] {logging_mixin.py:188} INFO - [2025-08-19T22:09:28.969+0000] {dagbag.py:538} INFO - Filling up the DagBag from /home/airflow/.local/lib/python3.8/site-packages/airflow/example_dags/example_setup_teardown.py
[2025-08-19T22:09:28.972+0000] {processor.py:840} INFO - DAG(s) 'example_setup_teardown' retrieved from /home/airflow/.local/lib/python3.8/site-packages/airflow/example_dags/example_setup_teardown.py
[2025-08-19T22:09:28.985+0000] {logging_mixin.py:188} INFO - [2025-08-19T22:09:28.984+0000] {dag.py:3036} INFO - Sync 1 DAGs
[2025-08-19T22:09:28.994+0000] {logging_mixin.py:188} INFO - [2025-08-19T22:09:28.993+0000] {dag.py:3823} INFO - Setting next_dagrun for example_setup_teardown to 2025-08-18 00:00:00+00:00, run_after=2025-08-19 00:00:00+00:00
[2025-08-19T22:09:29.008+0000] {processor.py:183} INFO - Processing /home/airflow/.local/lib/python3.8/site-packages/airflow/example_dags/example_setup_teardown.py took 0.042 seconds
[2025-08-19T22:09:59.613+0000] {processor.py:161} INFO - Started process (PID=2239) to work on /home/airflow/.local/lib/python3.8/site-packages/airflow/example_dags/example_setup_teardown.py
[2025-08-19T22:09:59.614+0000] {processor.py:830} INFO - Processing file /home/airflow/.local/lib/python3.8/site-packages/airflow/example_dags/example_setup_teardown.py for tasks to queue
[2025-08-19T22:09:59.615+0000] {logging_mixin.py:188} INFO - [2025-08-19T22:09:59.615+0000] {dagbag.py:538} INFO - Filling up the DagBag from /home/airflow/.local/lib/python3.8/site-packages/airflow/example_dags/example_setup_teardown.py
[2025-08-19T22:09:59.618+0000] {processor.py:840} INFO - DAG(s) 'example_setup_teardown' retrieved from /home/airflow/.local/lib/python3.8/site-packages/airflow/example_dags/example_setup_teardown.py
[2025-08-19T22:09:59.627+0000] {logging_mixin.py:188} INFO - [2025-08-19T22:09:59.627+0000] {dag.py:3036} INFO - Sync 1 DAGs
[2025-08-19T22:09:59.636+0000] {logging_mixin.py:188} INFO - [2025-08-19T22:09:59.636+0000] {dag.py:3823} INFO - Setting next_dagrun for example_setup_teardown to 2025-08-18 00:00:00+00:00, run_after=2025-08-19 00:00:00+00:00
[2025-08-19T22:09:59.649+0000] {processor.py:183} INFO - Processing /home/airflow/.local/lib/python3.8/site-packages/airflow/example_dags/example_setup_teardown.py took 0.037 seconds
[2025-08-19T22:10:30.198+0000] {processor.py:161} INFO - Started process (PID=2295) to work on /home/airflow/.local/lib/python3.8/site-packages/airflow/example_dags/example_setup_teardown.py
[2025-08-19T22:10:30.198+0000] {processor.py:830} INFO - Processing file /home/airflow/.local/lib/python3.8/site-packages/airflow/example_dags/example_setup_teardown.py for tasks to queue
[2025-08-19T22:10:30.199+0000] {logging_mixin.py:188} INFO - [2025-08-19T22:10:30.199+0000] {dagbag.py:538} INFO - Filling up the DagBag from /home/airflow/.local/lib/python3.8/site-packages/airflow/example_dags/example_setup_teardown.py
[2025-08-19T22:10:30.201+0000] {processor.py:840} INFO - DAG(s) 'example_setup_teardown' retrieved from /home/airflow/.local/lib/python3.8/site-packages/airflow/example_dags/example_setup_teardown.py
[2025-08-19T22:10:30.208+0000] {logging_mixin.py:188} INFO - [2025-08-19T22:10:30.208+0000] {dag.py:3036} INFO - Sync 1 DAGs
[2025-08-19T22:10:30.216+0000] {logging_mixin.py:188} INFO - [2025-08-19T22:10:30.216+0000] {dag.py:3823} INFO - Setting next_dagrun for example_setup_teardown to 2025-08-18 00:00:00+00:00, run_after=2025-08-19 00:00:00+00:00
[2025-08-19T22:10:30.221+0000] {processor.py:183} INFO - Processing /home/airflow/.local/lib/python3.8/site-packages/airflow/example_dags/example_setup_teardown.py took 0.025 seconds
[2025-08-19T22:11:00.967+0000] {processor.py:161} INFO - Started process (PID=2351) to work on /home/airflow/.local/lib/python3.8/site-packages/airflow/example_dags/example_setup_teardown.py
[2025-08-19T22:11:00.968+0000] {processor.py:830} INFO - Processing file /home/airflow/.local/lib/python3.8/site-packages/airflow/example_dags/example_setup_teardown.py for tasks to queue
[2025-08-19T22:11:00.969+0000] {logging_mixin.py:188} INFO - [2025-08-19T22:11:00.968+0000] {dagbag.py:538} INFO - Filling up the DagBag from /home/airflow/.local/lib/python3.8/site-packages/airflow/example_dags/example_setup_teardown.py
[2025-08-19T22:11:00.971+0000] {processor.py:840} INFO - DAG(s) 'example_setup_teardown' retrieved from /home/airflow/.local/lib/python3.8/site-packages/airflow/example_dags/example_setup_teardown.py
[2025-08-19T22:11:00.980+0000] {logging_mixin.py:188} INFO - [2025-08-19T22:11:00.980+0000] {dag.py:3036} INFO - Sync 1 DAGs
[2025-08-19T22:11:00.987+0000] {logging_mixin.py:188} INFO - [2025-08-19T22:11:00.987+0000] {dag.py:3823} INFO - Setting next_dagrun for example_setup_teardown to 2025-08-18 00:00:00+00:00, run_after=2025-08-19 00:00:00+00:00
[2025-08-19T22:11:00.994+0000] {processor.py:183} INFO - Processing /home/airflow/.local/lib/python3.8/site-packages/airflow/example_dags/example_setup_teardown.py took 0.028 seconds
[2025-08-19T22:11:31.462+0000] {processor.py:161} INFO - Started process (PID=2407) to work on /home/airflow/.local/lib/python3.8/site-packages/airflow/example_dags/example_setup_teardown.py
[2025-08-19T22:11:31.462+0000] {processor.py:830} INFO - Processing file /home/airflow/.local/lib/python3.8/site-packages/airflow/example_dags/example_setup_teardown.py for tasks to queue
[2025-08-19T22:11:31.463+0000] {logging_mixin.py:188} INFO - [2025-08-19T22:11:31.463+0000] {dagbag.py:538} INFO - Filling up the DagBag from /home/airflow/.local/lib/python3.8/site-packages/airflow/example_dags/example_setup_teardown.py
[2025-08-19T22:11:31.465+0000] {processor.py:840} INFO - DAG(s) 'example_setup_teardown' retrieved from /home/airflow/.local/lib/python3.8/site-packages/airflow/example_dags/example_setup_teardown.py
[2025-08-19T22:11:31.473+0000] {logging_mixin.py:188} INFO - [2025-08-19T22:11:31.472+0000] {dag.py:3036} INFO - Sync 1 DAGs
[2025-08-19T22:11:31.480+0000] {logging_mixin.py:188} INFO - [2025-08-19T22:11:31.480+0000] {dag.py:3823} INFO - Setting next_dagrun for example_setup_teardown to 2025-08-18 00:00:00+00:00, run_after=2025-08-19 00:00:00+00:00
[2025-08-19T22:11:31.485+0000] {processor.py:183} INFO - Processing /home/airflow/.local/lib/python3.8/site-packages/airflow/example_dags/example_setup_teardown.py took 0.025 seconds
[2025-08-19T22:12:01.909+0000] {processor.py:161} INFO - Started process (PID=2463) to work on /home/airflow/.local/lib/python3.8/site-packages/airflow/example_dags/example_setup_teardown.py
[2025-08-19T22:12:01.910+0000] {processor.py:830} INFO - Processing file /home/airflow/.local/lib/python3.8/site-packages/airflow/example_dags/example_setup_teardown.py for tasks to queue
[2025-08-19T22:12:01.911+0000] {logging_mixin.py:188} INFO - [2025-08-19T22:12:01.911+0000] {dagbag.py:538} INFO - Filling up the DagBag from /home/airflow/.local/lib/python3.8/site-packages/airflow/example_dags/example_setup_teardown.py
[2025-08-19T22:12:01.914+0000] {processor.py:840} INFO - DAG(s) 'example_setup_teardown' retrieved from /home/airflow/.local/lib/python3.8/site-packages/airflow/example_dags/example_setup_teardown.py
[2025-08-19T22:12:01.923+0000] {logging_mixin.py:188} INFO - [2025-08-19T22:12:01.923+0000] {dag.py:3036} INFO - Sync 1 DAGs
[2025-08-19T22:12:01.931+0000] {logging_mixin.py:188} INFO - [2025-08-19T22:12:01.931+0000] {dag.py:3823} INFO - Setting next_dagrun for example_setup_teardown to 2025-08-18 00:00:00+00:00, run_after=2025-08-19 00:00:00+00:00
[2025-08-19T22:12:01.939+0000] {processor.py:183} INFO - Processing /home/airflow/.local/lib/python3.8/site-packages/airflow/example_dags/example_setup_teardown.py took 0.031 seconds
[2025-08-19T22:12:32.514+0000] {processor.py:161} INFO - Started process (PID=2519) to work on /home/airflow/.local/lib/python3.8/site-packages/airflow/example_dags/example_setup_teardown.py
[2025-08-19T22:12:32.515+0000] {processor.py:830} INFO - Processing file /home/airflow/.local/lib/python3.8/site-packages/airflow/example_dags/example_setup_teardown.py for tasks to queue
[2025-08-19T22:12:32.516+0000] {logging_mixin.py:188} INFO - [2025-08-19T22:12:32.515+0000] {dagbag.py:538} INFO - Filling up the DagBag from /home/airflow/.local/lib/python3.8/site-packages/airflow/example_dags/example_setup_teardown.py
[2025-08-19T22:12:32.519+0000] {processor.py:840} INFO - DAG(s) 'example_setup_teardown' retrieved from /home/airflow/.local/lib/python3.8/site-packages/airflow/example_dags/example_setup_teardown.py
[2025-08-19T22:12:32.529+0000] {logging_mixin.py:188} INFO - [2025-08-19T22:12:32.529+0000] {dag.py:3036} INFO - Sync 1 DAGs
[2025-08-19T22:12:32.537+0000] {logging_mixin.py:188} INFO - [2025-08-19T22:12:32.537+0000] {dag.py:3823} INFO - Setting next_dagrun for example_setup_teardown to 2025-08-18 00:00:00+00:00, run_after=2025-08-19 00:00:00+00:00
[2025-08-19T22:12:32.548+0000] {processor.py:183} INFO - Processing /home/airflow/.local/lib/python3.8/site-packages/airflow/example_dags/example_setup_teardown.py took 0.036 seconds
[2025-08-19T22:13:03.026+0000] {processor.py:161} INFO - Started process (PID=2575) to work on /home/airflow/.local/lib/python3.8/site-packages/airflow/example_dags/example_setup_teardown.py
[2025-08-19T22:13:03.026+0000] {processor.py:830} INFO - Processing file /home/airflow/.local/lib/python3.8/site-packages/airflow/example_dags/example_setup_teardown.py for tasks to queue
[2025-08-19T22:13:03.027+0000] {logging_mixin.py:188} INFO - [2025-08-19T22:13:03.027+0000] {dagbag.py:538} INFO - Filling up the DagBag from /home/airflow/.local/lib/python3.8/site-packages/airflow/example_dags/example_setup_teardown.py
[2025-08-19T22:13:03.030+0000] {processor.py:840} INFO - DAG(s) 'example_setup_teardown' retrieved from /home/airflow/.local/lib/python3.8/site-packages/airflow/example_dags/example_setup_teardown.py
[2025-08-19T22:13:03.041+0000] {logging_mixin.py:188} INFO - [2025-08-19T22:13:03.041+0000] {dag.py:3036} INFO - Sync 1 DAGs
[2025-08-19T22:13:03.050+0000] {logging_mixin.py:188} INFO - [2025-08-19T22:13:03.050+0000] {dag.py:3823} INFO - Setting next_dagrun for example_setup_teardown to 2025-08-18 00:00:00+00:00, run_after=2025-08-19 00:00:00+00:00
[2025-08-19T22:13:03.060+0000] {processor.py:183} INFO - Processing /home/airflow/.local/lib/python3.8/site-packages/airflow/example_dags/example_setup_teardown.py took 0.036 seconds
[2025-08-19T22:13:33.613+0000] {processor.py:161} INFO - Started process (PID=2631) to work on /home/airflow/.local/lib/python3.8/site-packages/airflow/example_dags/example_setup_teardown.py
[2025-08-19T22:13:33.614+0000] {processor.py:830} INFO - Processing file /home/airflow/.local/lib/python3.8/site-packages/airflow/example_dags/example_setup_teardown.py for tasks to queue
[2025-08-19T22:13:33.614+0000] {logging_mixin.py:188} INFO - [2025-08-19T22:13:33.614+0000] {dagbag.py:538} INFO - Filling up the DagBag from /home/airflow/.local/lib/python3.8/site-packages/airflow/example_dags/example_setup_teardown.py
[2025-08-19T22:13:33.617+0000] {processor.py:840} INFO - DAG(s) 'example_setup_teardown' retrieved from /home/airflow/.local/lib/python3.8/site-packages/airflow/example_dags/example_setup_teardown.py
[2025-08-19T22:13:33.626+0000] {logging_mixin.py:188} INFO - [2025-08-19T22:13:33.626+0000] {dag.py:3036} INFO - Sync 1 DAGs
[2025-08-19T22:13:33.635+0000] {logging_mixin.py:188} INFO - [2025-08-19T22:13:33.635+0000] {dag.py:3823} INFO - Setting next_dagrun for example_setup_teardown to 2025-08-18 00:00:00+00:00, run_after=2025-08-19 00:00:00+00:00
[2025-08-19T22:13:33.641+0000] {processor.py:183} INFO - Processing /home/airflow/.local/lib/python3.8/site-packages/airflow/example_dags/example_setup_teardown.py took 0.030 seconds
[2025-08-19T22:20:09.694+0000] {processor.py:161} INFO - Started process (PID=51) to work on /home/airflow/.local/lib/python3.8/site-packages/airflow/example_dags/example_setup_teardown.py
[2025-08-19T22:20:09.695+0000] {processor.py:830} INFO - Processing file /home/airflow/.local/lib/python3.8/site-packages/airflow/example_dags/example_setup_teardown.py for tasks to queue
[2025-08-19T22:20:09.696+0000] {logging_mixin.py:188} INFO - [2025-08-19T22:20:09.696+0000] {dagbag.py:538} INFO - Filling up the DagBag from /home/airflow/.local/lib/python3.8/site-packages/airflow/example_dags/example_setup_teardown.py
[2025-08-19T22:20:09.703+0000] {processor.py:840} INFO - DAG(s) 'example_setup_teardown' retrieved from /home/airflow/.local/lib/python3.8/site-packages/airflow/example_dags/example_setup_teardown.py
[2025-08-19T22:20:09.714+0000] {logging_mixin.py:188} INFO - [2025-08-19T22:20:09.713+0000] {dag.py:3036} INFO - Sync 1 DAGs
[2025-08-19T22:20:09.727+0000] {logging_mixin.py:188} INFO - [2025-08-19T22:20:09.726+0000] {dag.py:3823} INFO - Setting next_dagrun for example_setup_teardown to 2025-08-18 00:00:00+00:00, run_after=2025-08-19 00:00:00+00:00
[2025-08-19T22:20:09.741+0000] {processor.py:183} INFO - Processing /home/airflow/.local/lib/python3.8/site-packages/airflow/example_dags/example_setup_teardown.py took 0.049 seconds
[2025-08-19T22:20:39.863+0000] {processor.py:161} INFO - Started process (PID=107) to work on /home/airflow/.local/lib/python3.8/site-packages/airflow/example_dags/example_setup_teardown.py
[2025-08-19T22:20:39.864+0000] {processor.py:830} INFO - Processing file /home/airflow/.local/lib/python3.8/site-packages/airflow/example_dags/example_setup_teardown.py for tasks to queue
[2025-08-19T22:20:39.865+0000] {logging_mixin.py:188} INFO - [2025-08-19T22:20:39.864+0000] {dagbag.py:538} INFO - Filling up the DagBag from /home/airflow/.local/lib/python3.8/site-packages/airflow/example_dags/example_setup_teardown.py
[2025-08-19T22:20:39.867+0000] {processor.py:840} INFO - DAG(s) 'example_setup_teardown' retrieved from /home/airflow/.local/lib/python3.8/site-packages/airflow/example_dags/example_setup_teardown.py
[2025-08-19T22:20:39.906+0000] {logging_mixin.py:188} INFO - [2025-08-19T22:20:39.906+0000] {dag.py:3036} INFO - Sync 1 DAGs
[2025-08-19T22:20:39.913+0000] {logging_mixin.py:188} INFO - [2025-08-19T22:20:39.913+0000] {dag.py:3823} INFO - Setting next_dagrun for example_setup_teardown to 2025-08-18 00:00:00+00:00, run_after=2025-08-19 00:00:00+00:00
[2025-08-19T22:20:39.919+0000] {processor.py:183} INFO - Processing /home/airflow/.local/lib/python3.8/site-packages/airflow/example_dags/example_setup_teardown.py took 0.057 seconds
[2025-08-19T22:21:09.952+0000] {processor.py:161} INFO - Started process (PID=163) to work on /home/airflow/.local/lib/python3.8/site-packages/airflow/example_dags/example_setup_teardown.py
[2025-08-19T22:21:09.953+0000] {processor.py:830} INFO - Processing file /home/airflow/.local/lib/python3.8/site-packages/airflow/example_dags/example_setup_teardown.py for tasks to queue
[2025-08-19T22:21:09.954+0000] {logging_mixin.py:188} INFO - [2025-08-19T22:21:09.953+0000] {dagbag.py:538} INFO - Filling up the DagBag from /home/airflow/.local/lib/python3.8/site-packages/airflow/example_dags/example_setup_teardown.py
[2025-08-19T22:21:09.956+0000] {processor.py:840} INFO - DAG(s) 'example_setup_teardown' retrieved from /home/airflow/.local/lib/python3.8/site-packages/airflow/example_dags/example_setup_teardown.py
[2025-08-19T22:21:09.966+0000] {logging_mixin.py:188} INFO - [2025-08-19T22:21:09.965+0000] {dag.py:3036} INFO - Sync 1 DAGs
[2025-08-19T22:21:09.974+0000] {logging_mixin.py:188} INFO - [2025-08-19T22:21:09.974+0000] {dag.py:3823} INFO - Setting next_dagrun for example_setup_teardown to 2025-08-18 00:00:00+00:00, run_after=2025-08-19 00:00:00+00:00
[2025-08-19T22:21:09.980+0000] {processor.py:183} INFO - Processing /home/airflow/.local/lib/python3.8/site-packages/airflow/example_dags/example_setup_teardown.py took 0.030 seconds
[2025-08-19T22:21:40.743+0000] {processor.py:161} INFO - Started process (PID=219) to work on /home/airflow/.local/lib/python3.8/site-packages/airflow/example_dags/example_setup_teardown.py
[2025-08-19T22:21:40.744+0000] {processor.py:830} INFO - Processing file /home/airflow/.local/lib/python3.8/site-packages/airflow/example_dags/example_setup_teardown.py for tasks to queue
[2025-08-19T22:21:40.746+0000] {logging_mixin.py:188} INFO - [2025-08-19T22:21:40.745+0000] {dagbag.py:538} INFO - Filling up the DagBag from /home/airflow/.local/lib/python3.8/site-packages/airflow/example_dags/example_setup_teardown.py
[2025-08-19T22:21:40.749+0000] {processor.py:840} INFO - DAG(s) 'example_setup_teardown' retrieved from /home/airflow/.local/lib/python3.8/site-packages/airflow/example_dags/example_setup_teardown.py
[2025-08-19T22:21:40.759+0000] {logging_mixin.py:188} INFO - [2025-08-19T22:21:40.759+0000] {dag.py:3036} INFO - Sync 1 DAGs
[2025-08-19T22:21:40.771+0000] {logging_mixin.py:188} INFO - [2025-08-19T22:21:40.771+0000] {dag.py:3823} INFO - Setting next_dagrun for example_setup_teardown to 2025-08-18 00:00:00+00:00, run_after=2025-08-19 00:00:00+00:00
[2025-08-19T22:21:40.784+0000] {processor.py:183} INFO - Processing /home/airflow/.local/lib/python3.8/site-packages/airflow/example_dags/example_setup_teardown.py took 0.044 seconds
[2025-08-19T22:22:11.342+0000] {processor.py:161} INFO - Started process (PID=275) to work on /home/airflow/.local/lib/python3.8/site-packages/airflow/example_dags/example_setup_teardown.py
[2025-08-19T22:22:11.343+0000] {processor.py:830} INFO - Processing file /home/airflow/.local/lib/python3.8/site-packages/airflow/example_dags/example_setup_teardown.py for tasks to queue
[2025-08-19T22:22:11.343+0000] {logging_mixin.py:188} INFO - [2025-08-19T22:22:11.343+0000] {dagbag.py:538} INFO - Filling up the DagBag from /home/airflow/.local/lib/python3.8/site-packages/airflow/example_dags/example_setup_teardown.py
[2025-08-19T22:22:11.346+0000] {processor.py:840} INFO - DAG(s) 'example_setup_teardown' retrieved from /home/airflow/.local/lib/python3.8/site-packages/airflow/example_dags/example_setup_teardown.py
[2025-08-19T22:22:11.354+0000] {logging_mixin.py:188} INFO - [2025-08-19T22:22:11.354+0000] {dag.py:3036} INFO - Sync 1 DAGs
[2025-08-19T22:22:11.363+0000] {logging_mixin.py:188} INFO - [2025-08-19T22:22:11.363+0000] {dag.py:3823} INFO - Setting next_dagrun for example_setup_teardown to 2025-08-18 00:00:00+00:00, run_after=2025-08-19 00:00:00+00:00
[2025-08-19T22:22:11.378+0000] {processor.py:183} INFO - Processing /home/airflow/.local/lib/python3.8/site-packages/airflow/example_dags/example_setup_teardown.py took 0.038 seconds
[2025-08-19T22:22:41.859+0000] {processor.py:161} INFO - Started process (PID=331) to work on /home/airflow/.local/lib/python3.8/site-packages/airflow/example_dags/example_setup_teardown.py
[2025-08-19T22:22:41.859+0000] {processor.py:830} INFO - Processing file /home/airflow/.local/lib/python3.8/site-packages/airflow/example_dags/example_setup_teardown.py for tasks to queue
[2025-08-19T22:22:41.860+0000] {logging_mixin.py:188} INFO - [2025-08-19T22:22:41.860+0000] {dagbag.py:538} INFO - Filling up the DagBag from /home/airflow/.local/lib/python3.8/site-packages/airflow/example_dags/example_setup_teardown.py
[2025-08-19T22:22:41.863+0000] {processor.py:840} INFO - DAG(s) 'example_setup_teardown' retrieved from /home/airflow/.local/lib/python3.8/site-packages/airflow/example_dags/example_setup_teardown.py
[2025-08-19T22:22:41.872+0000] {logging_mixin.py:188} INFO - [2025-08-19T22:22:41.872+0000] {dag.py:3036} INFO - Sync 1 DAGs
[2025-08-19T22:22:41.883+0000] {logging_mixin.py:188} INFO - [2025-08-19T22:22:41.883+0000] {dag.py:3823} INFO - Setting next_dagrun for example_setup_teardown to 2025-08-18 00:00:00+00:00, run_after=2025-08-19 00:00:00+00:00
[2025-08-19T22:22:41.893+0000] {processor.py:183} INFO - Processing /home/airflow/.local/lib/python3.8/site-packages/airflow/example_dags/example_setup_teardown.py took 0.036 seconds
[2025-08-19T22:23:12.595+0000] {processor.py:161} INFO - Started process (PID=391) to work on /home/airflow/.local/lib/python3.8/site-packages/airflow/example_dags/example_setup_teardown.py
[2025-08-19T22:23:12.595+0000] {processor.py:830} INFO - Processing file /home/airflow/.local/lib/python3.8/site-packages/airflow/example_dags/example_setup_teardown.py for tasks to queue
[2025-08-19T22:23:12.596+0000] {logging_mixin.py:188} INFO - [2025-08-19T22:23:12.596+0000] {dagbag.py:538} INFO - Filling up the DagBag from /home/airflow/.local/lib/python3.8/site-packages/airflow/example_dags/example_setup_teardown.py
[2025-08-19T22:23:12.599+0000] {processor.py:840} INFO - DAG(s) 'example_setup_teardown' retrieved from /home/airflow/.local/lib/python3.8/site-packages/airflow/example_dags/example_setup_teardown.py
[2025-08-19T22:23:12.611+0000] {logging_mixin.py:188} INFO - [2025-08-19T22:23:12.611+0000] {dag.py:3036} INFO - Sync 1 DAGs
[2025-08-19T22:23:12.622+0000] {logging_mixin.py:188} INFO - [2025-08-19T22:23:12.622+0000] {dag.py:3823} INFO - Setting next_dagrun for example_setup_teardown to 2025-08-18 00:00:00+00:00, run_after=2025-08-19 00:00:00+00:00
[2025-08-19T22:23:12.632+0000] {processor.py:183} INFO - Processing /home/airflow/.local/lib/python3.8/site-packages/airflow/example_dags/example_setup_teardown.py took 0.039 seconds
[2025-08-19T22:23:43.164+0000] {processor.py:161} INFO - Started process (PID=453) to work on /home/airflow/.local/lib/python3.8/site-packages/airflow/example_dags/example_setup_teardown.py
[2025-08-19T22:23:43.165+0000] {processor.py:830} INFO - Processing file /home/airflow/.local/lib/python3.8/site-packages/airflow/example_dags/example_setup_teardown.py for tasks to queue
[2025-08-19T22:23:43.167+0000] {logging_mixin.py:188} INFO - [2025-08-19T22:23:43.167+0000] {dagbag.py:538} INFO - Filling up the DagBag from /home/airflow/.local/lib/python3.8/site-packages/airflow/example_dags/example_setup_teardown.py
[2025-08-19T22:23:43.171+0000] {processor.py:840} INFO - DAG(s) 'example_setup_teardown' retrieved from /home/airflow/.local/lib/python3.8/site-packages/airflow/example_dags/example_setup_teardown.py
[2025-08-19T22:23:43.181+0000] {logging_mixin.py:188} INFO - [2025-08-19T22:23:43.181+0000] {dag.py:3036} INFO - Sync 1 DAGs
[2025-08-19T22:23:43.191+0000] {logging_mixin.py:188} INFO - [2025-08-19T22:23:43.190+0000] {dag.py:3823} INFO - Setting next_dagrun for example_setup_teardown to 2025-08-18 00:00:00+00:00, run_after=2025-08-19 00:00:00+00:00
[2025-08-19T22:23:43.199+0000] {processor.py:183} INFO - Processing /home/airflow/.local/lib/python3.8/site-packages/airflow/example_dags/example_setup_teardown.py took 0.038 seconds
[2025-08-19T22:24:13.591+0000] {processor.py:161} INFO - Started process (PID=509) to work on /home/airflow/.local/lib/python3.8/site-packages/airflow/example_dags/example_setup_teardown.py
[2025-08-19T22:24:13.591+0000] {processor.py:830} INFO - Processing file /home/airflow/.local/lib/python3.8/site-packages/airflow/example_dags/example_setup_teardown.py for tasks to queue
[2025-08-19T22:24:13.593+0000] {logging_mixin.py:188} INFO - [2025-08-19T22:24:13.592+0000] {dagbag.py:538} INFO - Filling up the DagBag from /home/airflow/.local/lib/python3.8/site-packages/airflow/example_dags/example_setup_teardown.py
[2025-08-19T22:24:13.595+0000] {processor.py:840} INFO - DAG(s) 'example_setup_teardown' retrieved from /home/airflow/.local/lib/python3.8/site-packages/airflow/example_dags/example_setup_teardown.py
[2025-08-19T22:24:13.605+0000] {logging_mixin.py:188} INFO - [2025-08-19T22:24:13.604+0000] {dag.py:3036} INFO - Sync 1 DAGs
[2025-08-19T22:24:13.613+0000] {logging_mixin.py:188} INFO - [2025-08-19T22:24:13.613+0000] {dag.py:3823} INFO - Setting next_dagrun for example_setup_teardown to 2025-08-18 00:00:00+00:00, run_after=2025-08-19 00:00:00+00:00
[2025-08-19T22:24:13.620+0000] {processor.py:183} INFO - Processing /home/airflow/.local/lib/python3.8/site-packages/airflow/example_dags/example_setup_teardown.py took 0.031 seconds
[2025-08-19T22:24:44.057+0000] {processor.py:161} INFO - Started process (PID=565) to work on /home/airflow/.local/lib/python3.8/site-packages/airflow/example_dags/example_setup_teardown.py
[2025-08-19T22:24:44.061+0000] {processor.py:830} INFO - Processing file /home/airflow/.local/lib/python3.8/site-packages/airflow/example_dags/example_setup_teardown.py for tasks to queue
[2025-08-19T22:24:44.063+0000] {logging_mixin.py:188} INFO - [2025-08-19T22:24:44.063+0000] {dagbag.py:538} INFO - Filling up the DagBag from /home/airflow/.local/lib/python3.8/site-packages/airflow/example_dags/example_setup_teardown.py
[2025-08-19T22:24:44.065+0000] {processor.py:840} INFO - DAG(s) 'example_setup_teardown' retrieved from /home/airflow/.local/lib/python3.8/site-packages/airflow/example_dags/example_setup_teardown.py
[2025-08-19T22:24:44.074+0000] {logging_mixin.py:188} INFO - [2025-08-19T22:24:44.074+0000] {dag.py:3036} INFO - Sync 1 DAGs
[2025-08-19T22:24:44.082+0000] {logging_mixin.py:188} INFO - [2025-08-19T22:24:44.082+0000] {dag.py:3823} INFO - Setting next_dagrun for example_setup_teardown to 2025-08-18 00:00:00+00:00, run_after=2025-08-19 00:00:00+00:00
[2025-08-19T22:24:44.090+0000] {processor.py:183} INFO - Processing /home/airflow/.local/lib/python3.8/site-packages/airflow/example_dags/example_setup_teardown.py took 0.039 seconds
[2025-08-19T22:25:14.510+0000] {processor.py:161} INFO - Started process (PID=621) to work on /home/airflow/.local/lib/python3.8/site-packages/airflow/example_dags/example_setup_teardown.py
[2025-08-19T22:25:14.510+0000] {processor.py:830} INFO - Processing file /home/airflow/.local/lib/python3.8/site-packages/airflow/example_dags/example_setup_teardown.py for tasks to queue
[2025-08-19T22:25:14.511+0000] {logging_mixin.py:188} INFO - [2025-08-19T22:25:14.511+0000] {dagbag.py:538} INFO - Filling up the DagBag from /home/airflow/.local/lib/python3.8/site-packages/airflow/example_dags/example_setup_teardown.py
[2025-08-19T22:25:14.514+0000] {processor.py:840} INFO - DAG(s) 'example_setup_teardown' retrieved from /home/airflow/.local/lib/python3.8/site-packages/airflow/example_dags/example_setup_teardown.py
[2025-08-19T22:25:14.523+0000] {logging_mixin.py:188} INFO - [2025-08-19T22:25:14.523+0000] {dag.py:3036} INFO - Sync 1 DAGs
[2025-08-19T22:25:14.532+0000] {logging_mixin.py:188} INFO - [2025-08-19T22:25:14.532+0000] {dag.py:3823} INFO - Setting next_dagrun for example_setup_teardown to 2025-08-18 00:00:00+00:00, run_after=2025-08-19 00:00:00+00:00
[2025-08-19T22:25:14.543+0000] {processor.py:183} INFO - Processing /home/airflow/.local/lib/python3.8/site-packages/airflow/example_dags/example_setup_teardown.py took 0.036 seconds
[2025-08-19T22:25:44.915+0000] {processor.py:161} INFO - Started process (PID=677) to work on /home/airflow/.local/lib/python3.8/site-packages/airflow/example_dags/example_setup_teardown.py
[2025-08-19T22:25:44.915+0000] {processor.py:830} INFO - Processing file /home/airflow/.local/lib/python3.8/site-packages/airflow/example_dags/example_setup_teardown.py for tasks to queue
[2025-08-19T22:25:44.916+0000] {logging_mixin.py:188} INFO - [2025-08-19T22:25:44.916+0000] {dagbag.py:538} INFO - Filling up the DagBag from /home/airflow/.local/lib/python3.8/site-packages/airflow/example_dags/example_setup_teardown.py
[2025-08-19T22:25:44.919+0000] {processor.py:840} INFO - DAG(s) 'example_setup_teardown' retrieved from /home/airflow/.local/lib/python3.8/site-packages/airflow/example_dags/example_setup_teardown.py
[2025-08-19T22:25:44.929+0000] {logging_mixin.py:188} INFO - [2025-08-19T22:25:44.929+0000] {dag.py:3036} INFO - Sync 1 DAGs
[2025-08-19T22:25:44.937+0000] {logging_mixin.py:188} INFO - [2025-08-19T22:25:44.936+0000] {dag.py:3823} INFO - Setting next_dagrun for example_setup_teardown to 2025-08-18 00:00:00+00:00, run_after=2025-08-19 00:00:00+00:00
[2025-08-19T22:25:44.942+0000] {processor.py:183} INFO - Processing /home/airflow/.local/lib/python3.8/site-packages/airflow/example_dags/example_setup_teardown.py took 0.029 seconds
[2025-08-19T22:26:15.377+0000] {processor.py:161} INFO - Started process (PID=733) to work on /home/airflow/.local/lib/python3.8/site-packages/airflow/example_dags/example_setup_teardown.py
[2025-08-19T22:26:15.377+0000] {processor.py:830} INFO - Processing file /home/airflow/.local/lib/python3.8/site-packages/airflow/example_dags/example_setup_teardown.py for tasks to queue
[2025-08-19T22:26:15.379+0000] {logging_mixin.py:188} INFO - [2025-08-19T22:26:15.378+0000] {dagbag.py:538} INFO - Filling up the DagBag from /home/airflow/.local/lib/python3.8/site-packages/airflow/example_dags/example_setup_teardown.py
[2025-08-19T22:26:15.382+0000] {processor.py:840} INFO - DAG(s) 'example_setup_teardown' retrieved from /home/airflow/.local/lib/python3.8/site-packages/airflow/example_dags/example_setup_teardown.py
[2025-08-19T22:26:15.394+0000] {logging_mixin.py:188} INFO - [2025-08-19T22:26:15.394+0000] {dag.py:3036} INFO - Sync 1 DAGs
[2025-08-19T22:26:15.403+0000] {logging_mixin.py:188} INFO - [2025-08-19T22:26:15.403+0000] {dag.py:3823} INFO - Setting next_dagrun for example_setup_teardown to 2025-08-18 00:00:00+00:00, run_after=2025-08-19 00:00:00+00:00
[2025-08-19T22:26:15.414+0000] {processor.py:183} INFO - Processing /home/airflow/.local/lib/python3.8/site-packages/airflow/example_dags/example_setup_teardown.py took 0.041 seconds
[2025-08-19T22:26:45.749+0000] {processor.py:161} INFO - Started process (PID=789) to work on /home/airflow/.local/lib/python3.8/site-packages/airflow/example_dags/example_setup_teardown.py
[2025-08-19T22:26:45.749+0000] {processor.py:830} INFO - Processing file /home/airflow/.local/lib/python3.8/site-packages/airflow/example_dags/example_setup_teardown.py for tasks to queue
[2025-08-19T22:26:45.750+0000] {logging_mixin.py:188} INFO - [2025-08-19T22:26:45.750+0000] {dagbag.py:538} INFO - Filling up the DagBag from /home/airflow/.local/lib/python3.8/site-packages/airflow/example_dags/example_setup_teardown.py
[2025-08-19T22:26:45.752+0000] {processor.py:840} INFO - DAG(s) 'example_setup_teardown' retrieved from /home/airflow/.local/lib/python3.8/site-packages/airflow/example_dags/example_setup_teardown.py
[2025-08-19T22:26:45.759+0000] {logging_mixin.py:188} INFO - [2025-08-19T22:26:45.759+0000] {dag.py:3036} INFO - Sync 1 DAGs
[2025-08-19T22:26:45.766+0000] {logging_mixin.py:188} INFO - [2025-08-19T22:26:45.766+0000] {dag.py:3823} INFO - Setting next_dagrun for example_setup_teardown to 2025-08-18 00:00:00+00:00, run_after=2025-08-19 00:00:00+00:00
[2025-08-19T22:26:45.771+0000] {processor.py:183} INFO - Processing /home/airflow/.local/lib/python3.8/site-packages/airflow/example_dags/example_setup_teardown.py took 0.024 seconds
[2025-08-19T22:27:16.219+0000] {processor.py:161} INFO - Started process (PID=845) to work on /home/airflow/.local/lib/python3.8/site-packages/airflow/example_dags/example_setup_teardown.py
[2025-08-19T22:27:16.219+0000] {processor.py:830} INFO - Processing file /home/airflow/.local/lib/python3.8/site-packages/airflow/example_dags/example_setup_teardown.py for tasks to queue
[2025-08-19T22:27:16.220+0000] {logging_mixin.py:188} INFO - [2025-08-19T22:27:16.220+0000] {dagbag.py:538} INFO - Filling up the DagBag from /home/airflow/.local/lib/python3.8/site-packages/airflow/example_dags/example_setup_teardown.py
[2025-08-19T22:27:16.223+0000] {processor.py:840} INFO - DAG(s) 'example_setup_teardown' retrieved from /home/airflow/.local/lib/python3.8/site-packages/airflow/example_dags/example_setup_teardown.py
[2025-08-19T22:27:16.232+0000] {logging_mixin.py:188} INFO - [2025-08-19T22:27:16.232+0000] {dag.py:3036} INFO - Sync 1 DAGs
[2025-08-19T22:27:16.241+0000] {logging_mixin.py:188} INFO - [2025-08-19T22:27:16.241+0000] {dag.py:3823} INFO - Setting next_dagrun for example_setup_teardown to 2025-08-18 00:00:00+00:00, run_after=2025-08-19 00:00:00+00:00
[2025-08-19T22:27:16.248+0000] {processor.py:183} INFO - Processing /home/airflow/.local/lib/python3.8/site-packages/airflow/example_dags/example_setup_teardown.py took 0.031 seconds
[2025-08-19T22:27:46.717+0000] {processor.py:161} INFO - Started process (PID=905) to work on /home/airflow/.local/lib/python3.8/site-packages/airflow/example_dags/example_setup_teardown.py
[2025-08-19T22:27:46.718+0000] {processor.py:830} INFO - Processing file /home/airflow/.local/lib/python3.8/site-packages/airflow/example_dags/example_setup_teardown.py for tasks to queue
[2025-08-19T22:27:46.718+0000] {logging_mixin.py:188} INFO - [2025-08-19T22:27:46.718+0000] {dagbag.py:538} INFO - Filling up the DagBag from /home/airflow/.local/lib/python3.8/site-packages/airflow/example_dags/example_setup_teardown.py
[2025-08-19T22:27:46.724+0000] {processor.py:840} INFO - DAG(s) 'example_setup_teardown' retrieved from /home/airflow/.local/lib/python3.8/site-packages/airflow/example_dags/example_setup_teardown.py
[2025-08-19T22:27:46.746+0000] {logging_mixin.py:188} INFO - [2025-08-19T22:27:46.746+0000] {dag.py:3036} INFO - Sync 1 DAGs
[2025-08-19T22:27:46.766+0000] {logging_mixin.py:188} INFO - [2025-08-19T22:27:46.766+0000] {dag.py:3823} INFO - Setting next_dagrun for example_setup_teardown to 2025-08-18 00:00:00+00:00, run_after=2025-08-19 00:00:00+00:00
[2025-08-19T22:27:46.791+0000] {processor.py:183} INFO - Processing /home/airflow/.local/lib/python3.8/site-packages/airflow/example_dags/example_setup_teardown.py took 0.076 seconds
[2025-08-19T22:28:17.397+0000] {processor.py:161} INFO - Started process (PID=961) to work on /home/airflow/.local/lib/python3.8/site-packages/airflow/example_dags/example_setup_teardown.py
[2025-08-19T22:28:17.398+0000] {processor.py:830} INFO - Processing file /home/airflow/.local/lib/python3.8/site-packages/airflow/example_dags/example_setup_teardown.py for tasks to queue
[2025-08-19T22:28:17.399+0000] {logging_mixin.py:188} INFO - [2025-08-19T22:28:17.398+0000] {dagbag.py:538} INFO - Filling up the DagBag from /home/airflow/.local/lib/python3.8/site-packages/airflow/example_dags/example_setup_teardown.py
[2025-08-19T22:28:17.401+0000] {processor.py:840} INFO - DAG(s) 'example_setup_teardown' retrieved from /home/airflow/.local/lib/python3.8/site-packages/airflow/example_dags/example_setup_teardown.py
[2025-08-19T22:28:17.408+0000] {logging_mixin.py:188} INFO - [2025-08-19T22:28:17.408+0000] {dag.py:3036} INFO - Sync 1 DAGs
[2025-08-19T22:28:17.415+0000] {logging_mixin.py:188} INFO - [2025-08-19T22:28:17.415+0000] {dag.py:3823} INFO - Setting next_dagrun for example_setup_teardown to 2025-08-18 00:00:00+00:00, run_after=2025-08-19 00:00:00+00:00
[2025-08-19T22:28:17.421+0000] {processor.py:183} INFO - Processing /home/airflow/.local/lib/python3.8/site-packages/airflow/example_dags/example_setup_teardown.py took 0.025 seconds
[2025-08-19T22:28:47.873+0000] {processor.py:161} INFO - Started process (PID=1017) to work on /home/airflow/.local/lib/python3.8/site-packages/airflow/example_dags/example_setup_teardown.py
[2025-08-19T22:28:47.874+0000] {processor.py:830} INFO - Processing file /home/airflow/.local/lib/python3.8/site-packages/airflow/example_dags/example_setup_teardown.py for tasks to queue
[2025-08-19T22:28:47.874+0000] {logging_mixin.py:188} INFO - [2025-08-19T22:28:47.874+0000] {dagbag.py:538} INFO - Filling up the DagBag from /home/airflow/.local/lib/python3.8/site-packages/airflow/example_dags/example_setup_teardown.py
[2025-08-19T22:28:47.877+0000] {processor.py:840} INFO - DAG(s) 'example_setup_teardown' retrieved from /home/airflow/.local/lib/python3.8/site-packages/airflow/example_dags/example_setup_teardown.py
[2025-08-19T22:28:47.888+0000] {logging_mixin.py:188} INFO - [2025-08-19T22:28:47.888+0000] {dag.py:3036} INFO - Sync 1 DAGs
[2025-08-19T22:28:47.896+0000] {logging_mixin.py:188} INFO - [2025-08-19T22:28:47.896+0000] {dag.py:3823} INFO - Setting next_dagrun for example_setup_teardown to 2025-08-18 00:00:00+00:00, run_after=2025-08-19 00:00:00+00:00
[2025-08-19T22:28:47.907+0000] {processor.py:183} INFO - Processing /home/airflow/.local/lib/python3.8/site-packages/airflow/example_dags/example_setup_teardown.py took 0.035 seconds
[2025-08-19T22:29:18.341+0000] {processor.py:161} INFO - Started process (PID=1073) to work on /home/airflow/.local/lib/python3.8/site-packages/airflow/example_dags/example_setup_teardown.py
[2025-08-19T22:29:18.341+0000] {processor.py:830} INFO - Processing file /home/airflow/.local/lib/python3.8/site-packages/airflow/example_dags/example_setup_teardown.py for tasks to queue
[2025-08-19T22:29:18.342+0000] {logging_mixin.py:188} INFO - [2025-08-19T22:29:18.342+0000] {dagbag.py:538} INFO - Filling up the DagBag from /home/airflow/.local/lib/python3.8/site-packages/airflow/example_dags/example_setup_teardown.py
[2025-08-19T22:29:18.344+0000] {processor.py:840} INFO - DAG(s) 'example_setup_teardown' retrieved from /home/airflow/.local/lib/python3.8/site-packages/airflow/example_dags/example_setup_teardown.py
[2025-08-19T22:29:18.352+0000] {logging_mixin.py:188} INFO - [2025-08-19T22:29:18.352+0000] {dag.py:3036} INFO - Sync 1 DAGs
[2025-08-19T22:29:18.359+0000] {logging_mixin.py:188} INFO - [2025-08-19T22:29:18.359+0000] {dag.py:3823} INFO - Setting next_dagrun for example_setup_teardown to 2025-08-18 00:00:00+00:00, run_after=2025-08-19 00:00:00+00:00
[2025-08-19T22:29:18.364+0000] {processor.py:183} INFO - Processing /home/airflow/.local/lib/python3.8/site-packages/airflow/example_dags/example_setup_teardown.py took 0.024 seconds
[2025-08-19T22:29:49.040+0000] {processor.py:161} INFO - Started process (PID=1129) to work on /home/airflow/.local/lib/python3.8/site-packages/airflow/example_dags/example_setup_teardown.py
[2025-08-19T22:29:49.041+0000] {processor.py:830} INFO - Processing file /home/airflow/.local/lib/python3.8/site-packages/airflow/example_dags/example_setup_teardown.py for tasks to queue
[2025-08-19T22:29:49.042+0000] {logging_mixin.py:188} INFO - [2025-08-19T22:29:49.041+0000] {dagbag.py:538} INFO - Filling up the DagBag from /home/airflow/.local/lib/python3.8/site-packages/airflow/example_dags/example_setup_teardown.py
[2025-08-19T22:29:49.044+0000] {processor.py:840} INFO - DAG(s) 'example_setup_teardown' retrieved from /home/airflow/.local/lib/python3.8/site-packages/airflow/example_dags/example_setup_teardown.py
[2025-08-19T22:29:49.054+0000] {logging_mixin.py:188} INFO - [2025-08-19T22:29:49.054+0000] {dag.py:3036} INFO - Sync 1 DAGs
[2025-08-19T22:29:49.064+0000] {logging_mixin.py:188} INFO - [2025-08-19T22:29:49.064+0000] {dag.py:3823} INFO - Setting next_dagrun for example_setup_teardown to 2025-08-18 00:00:00+00:00, run_after=2025-08-19 00:00:00+00:00
[2025-08-19T22:29:49.071+0000] {processor.py:183} INFO - Processing /home/airflow/.local/lib/python3.8/site-packages/airflow/example_dags/example_setup_teardown.py took 0.032 seconds
[2025-08-19T22:30:19.504+0000] {processor.py:161} INFO - Started process (PID=1185) to work on /home/airflow/.local/lib/python3.8/site-packages/airflow/example_dags/example_setup_teardown.py
[2025-08-19T22:30:19.505+0000] {processor.py:830} INFO - Processing file /home/airflow/.local/lib/python3.8/site-packages/airflow/example_dags/example_setup_teardown.py for tasks to queue
[2025-08-19T22:30:19.506+0000] {logging_mixin.py:188} INFO - [2025-08-19T22:30:19.506+0000] {dagbag.py:538} INFO - Filling up the DagBag from /home/airflow/.local/lib/python3.8/site-packages/airflow/example_dags/example_setup_teardown.py
[2025-08-19T22:30:19.509+0000] {processor.py:840} INFO - DAG(s) 'example_setup_teardown' retrieved from /home/airflow/.local/lib/python3.8/site-packages/airflow/example_dags/example_setup_teardown.py
[2025-08-19T22:30:19.519+0000] {logging_mixin.py:188} INFO - [2025-08-19T22:30:19.519+0000] {dag.py:3036} INFO - Sync 1 DAGs
[2025-08-19T22:30:19.526+0000] {logging_mixin.py:188} INFO - [2025-08-19T22:30:19.526+0000] {dag.py:3823} INFO - Setting next_dagrun for example_setup_teardown to 2025-08-18 00:00:00+00:00, run_after=2025-08-19 00:00:00+00:00
[2025-08-19T22:30:19.536+0000] {processor.py:183} INFO - Processing /home/airflow/.local/lib/python3.8/site-packages/airflow/example_dags/example_setup_teardown.py took 0.033 seconds
