[2025-08-19T21:50:06.841+0000] {processor.py:161} INFO - Started process (PID=47) to work on /home/airflow/.local/lib/python3.8/site-packages/airflow/example_dags/example_nested_branch_dag.py
[2025-08-19T21:50:06.841+0000] {processor.py:830} INFO - Processing file /home/airflow/.local/lib/python3.8/site-packages/airflow/example_dags/example_nested_branch_dag.py for tasks to queue
[2025-08-19T21:50:06.852+0000] {logging_mixin.py:188} INFO - [2025-08-19T21:50:06.852+0000] {dagbag.py:538} INFO - Filling up the DagBag from /home/airflow/.local/lib/python3.8/site-packages/airflow/example_dags/example_nested_branch_dag.py
[2025-08-19T21:50:06.861+0000] {processor.py:840} INFO - DAG(s) 'example_nested_branch_dag' retrieved from /home/airflow/.local/lib/python3.8/site-packages/airflow/example_dags/example_nested_branch_dag.py
[2025-08-19T21:50:06.871+0000] {logging_mixin.py:188} INFO - [2025-08-19T21:50:06.871+0000] {dag.py:3036} INFO - Sync 1 DAGs
[2025-08-19T21:50:06.889+0000] {logging_mixin.py:188} INFO - [2025-08-19T21:50:06.889+0000] {dag.py:3823} INFO - Setting next_dagrun for example_nested_branch_dag to 2025-08-18 00:00:00+00:00, run_after=2025-08-19 00:00:00+00:00
[2025-08-19T21:50:06.899+0000] {processor.py:183} INFO - Processing /home/airflow/.local/lib/python3.8/site-packages/airflow/example_dags/example_nested_branch_dag.py took 0.060 seconds
[2025-08-19T21:50:37.384+0000] {processor.py:161} INFO - Started process (PID=103) to work on /home/airflow/.local/lib/python3.8/site-packages/airflow/example_dags/example_nested_branch_dag.py
[2025-08-19T21:50:37.385+0000] {processor.py:830} INFO - Processing file /home/airflow/.local/lib/python3.8/site-packages/airflow/example_dags/example_nested_branch_dag.py for tasks to queue
[2025-08-19T21:50:37.386+0000] {logging_mixin.py:188} INFO - [2025-08-19T21:50:37.386+0000] {dagbag.py:538} INFO - Filling up the DagBag from /home/airflow/.local/lib/python3.8/site-packages/airflow/example_dags/example_nested_branch_dag.py
[2025-08-19T21:50:37.391+0000] {processor.py:840} INFO - DAG(s) 'example_nested_branch_dag' retrieved from /home/airflow/.local/lib/python3.8/site-packages/airflow/example_dags/example_nested_branch_dag.py
[2025-08-19T21:50:37.426+0000] {logging_mixin.py:188} INFO - [2025-08-19T21:50:37.426+0000] {dag.py:3036} INFO - Sync 1 DAGs
[2025-08-19T21:50:37.434+0000] {logging_mixin.py:188} INFO - [2025-08-19T21:50:37.433+0000] {dag.py:3823} INFO - Setting next_dagrun for example_nested_branch_dag to 2025-08-18 00:00:00+00:00, run_after=2025-08-19 00:00:00+00:00
[2025-08-19T21:50:37.444+0000] {processor.py:183} INFO - Processing /home/airflow/.local/lib/python3.8/site-packages/airflow/example_dags/example_nested_branch_dag.py took 0.062 seconds
[2025-08-19T21:51:07.572+0000] {processor.py:161} INFO - Started process (PID=158) to work on /home/airflow/.local/lib/python3.8/site-packages/airflow/example_dags/example_nested_branch_dag.py
[2025-08-19T21:51:07.574+0000] {processor.py:830} INFO - Processing file /home/airflow/.local/lib/python3.8/site-packages/airflow/example_dags/example_nested_branch_dag.py for tasks to queue
[2025-08-19T21:51:07.576+0000] {logging_mixin.py:188} INFO - [2025-08-19T21:51:07.576+0000] {dagbag.py:538} INFO - Filling up the DagBag from /home/airflow/.local/lib/python3.8/site-packages/airflow/example_dags/example_nested_branch_dag.py
[2025-08-19T21:51:07.587+0000] {processor.py:840} INFO - DAG(s) 'example_nested_branch_dag' retrieved from /home/airflow/.local/lib/python3.8/site-packages/airflow/example_dags/example_nested_branch_dag.py
[2025-08-19T21:51:07.599+0000] {logging_mixin.py:188} INFO - [2025-08-19T21:51:07.598+0000] {dag.py:3036} INFO - Sync 1 DAGs
[2025-08-19T21:51:07.608+0000] {logging_mixin.py:188} INFO - [2025-08-19T21:51:07.608+0000] {dag.py:3823} INFO - Setting next_dagrun for example_nested_branch_dag to 2025-08-18 00:00:00+00:00, run_after=2025-08-19 00:00:00+00:00
[2025-08-19T21:51:07.620+0000] {processor.py:183} INFO - Processing /home/airflow/.local/lib/python3.8/site-packages/airflow/example_dags/example_nested_branch_dag.py took 0.054 seconds
[2025-08-19T21:51:38.041+0000] {processor.py:161} INFO - Started process (PID=214) to work on /home/airflow/.local/lib/python3.8/site-packages/airflow/example_dags/example_nested_branch_dag.py
[2025-08-19T21:51:38.042+0000] {processor.py:830} INFO - Processing file /home/airflow/.local/lib/python3.8/site-packages/airflow/example_dags/example_nested_branch_dag.py for tasks to queue
[2025-08-19T21:51:38.043+0000] {logging_mixin.py:188} INFO - [2025-08-19T21:51:38.043+0000] {dagbag.py:538} INFO - Filling up the DagBag from /home/airflow/.local/lib/python3.8/site-packages/airflow/example_dags/example_nested_branch_dag.py
[2025-08-19T21:51:38.049+0000] {processor.py:840} INFO - DAG(s) 'example_nested_branch_dag' retrieved from /home/airflow/.local/lib/python3.8/site-packages/airflow/example_dags/example_nested_branch_dag.py
[2025-08-19T21:51:38.063+0000] {logging_mixin.py:188} INFO - [2025-08-19T21:51:38.063+0000] {dag.py:3036} INFO - Sync 1 DAGs
[2025-08-19T21:51:38.071+0000] {logging_mixin.py:188} INFO - [2025-08-19T21:51:38.071+0000] {dag.py:3823} INFO - Setting next_dagrun for example_nested_branch_dag to 2025-08-18 00:00:00+00:00, run_after=2025-08-19 00:00:00+00:00
[2025-08-19T21:51:38.079+0000] {processor.py:183} INFO - Processing /home/airflow/.local/lib/python3.8/site-packages/airflow/example_dags/example_nested_branch_dag.py took 0.040 seconds
[2025-08-19T21:52:08.587+0000] {processor.py:161} INFO - Started process (PID=270) to work on /home/airflow/.local/lib/python3.8/site-packages/airflow/example_dags/example_nested_branch_dag.py
[2025-08-19T21:52:08.588+0000] {processor.py:830} INFO - Processing file /home/airflow/.local/lib/python3.8/site-packages/airflow/example_dags/example_nested_branch_dag.py for tasks to queue
[2025-08-19T21:52:08.589+0000] {logging_mixin.py:188} INFO - [2025-08-19T21:52:08.588+0000] {dagbag.py:538} INFO - Filling up the DagBag from /home/airflow/.local/lib/python3.8/site-packages/airflow/example_dags/example_nested_branch_dag.py
[2025-08-19T21:52:08.593+0000] {processor.py:840} INFO - DAG(s) 'example_nested_branch_dag' retrieved from /home/airflow/.local/lib/python3.8/site-packages/airflow/example_dags/example_nested_branch_dag.py
[2025-08-19T21:52:08.606+0000] {logging_mixin.py:188} INFO - [2025-08-19T21:52:08.606+0000] {dag.py:3036} INFO - Sync 1 DAGs
[2025-08-19T21:52:08.617+0000] {logging_mixin.py:188} INFO - [2025-08-19T21:52:08.617+0000] {dag.py:3823} INFO - Setting next_dagrun for example_nested_branch_dag to 2025-08-18 00:00:00+00:00, run_after=2025-08-19 00:00:00+00:00
[2025-08-19T21:52:08.626+0000] {processor.py:183} INFO - Processing /home/airflow/.local/lib/python3.8/site-packages/airflow/example_dags/example_nested_branch_dag.py took 0.042 seconds
[2025-08-19T21:52:39.469+0000] {processor.py:161} INFO - Started process (PID=326) to work on /home/airflow/.local/lib/python3.8/site-packages/airflow/example_dags/example_nested_branch_dag.py
[2025-08-19T21:52:39.473+0000] {processor.py:830} INFO - Processing file /home/airflow/.local/lib/python3.8/site-packages/airflow/example_dags/example_nested_branch_dag.py for tasks to queue
[2025-08-19T21:52:39.474+0000] {logging_mixin.py:188} INFO - [2025-08-19T21:52:39.473+0000] {dagbag.py:538} INFO - Filling up the DagBag from /home/airflow/.local/lib/python3.8/site-packages/airflow/example_dags/example_nested_branch_dag.py
[2025-08-19T21:52:39.479+0000] {processor.py:840} INFO - DAG(s) 'example_nested_branch_dag' retrieved from /home/airflow/.local/lib/python3.8/site-packages/airflow/example_dags/example_nested_branch_dag.py
[2025-08-19T21:52:39.491+0000] {logging_mixin.py:188} INFO - [2025-08-19T21:52:39.491+0000] {dag.py:3036} INFO - Sync 1 DAGs
[2025-08-19T21:52:39.502+0000] {logging_mixin.py:188} INFO - [2025-08-19T21:52:39.502+0000] {dag.py:3823} INFO - Setting next_dagrun for example_nested_branch_dag to 2025-08-18 00:00:00+00:00, run_after=2025-08-19 00:00:00+00:00
[2025-08-19T21:52:39.513+0000] {processor.py:183} INFO - Processing /home/airflow/.local/lib/python3.8/site-packages/airflow/example_dags/example_nested_branch_dag.py took 0.045 seconds
[2025-08-19T21:53:10.089+0000] {processor.py:161} INFO - Started process (PID=382) to work on /home/airflow/.local/lib/python3.8/site-packages/airflow/example_dags/example_nested_branch_dag.py
[2025-08-19T21:53:10.093+0000] {processor.py:830} INFO - Processing file /home/airflow/.local/lib/python3.8/site-packages/airflow/example_dags/example_nested_branch_dag.py for tasks to queue
[2025-08-19T21:53:10.096+0000] {logging_mixin.py:188} INFO - [2025-08-19T21:53:10.095+0000] {dagbag.py:538} INFO - Filling up the DagBag from /home/airflow/.local/lib/python3.8/site-packages/airflow/example_dags/example_nested_branch_dag.py
[2025-08-19T21:53:10.102+0000] {processor.py:840} INFO - DAG(s) 'example_nested_branch_dag' retrieved from /home/airflow/.local/lib/python3.8/site-packages/airflow/example_dags/example_nested_branch_dag.py
[2025-08-19T21:53:10.114+0000] {logging_mixin.py:188} INFO - [2025-08-19T21:53:10.114+0000] {dag.py:3036} INFO - Sync 1 DAGs
[2025-08-19T21:53:10.123+0000] {logging_mixin.py:188} INFO - [2025-08-19T21:53:10.123+0000] {dag.py:3823} INFO - Setting next_dagrun for example_nested_branch_dag to 2025-08-18 00:00:00+00:00, run_after=2025-08-19 00:00:00+00:00
[2025-08-19T21:53:10.130+0000] {processor.py:183} INFO - Processing /home/airflow/.local/lib/python3.8/site-packages/airflow/example_dags/example_nested_branch_dag.py took 0.043 seconds
[2025-08-19T21:53:40.854+0000] {processor.py:161} INFO - Started process (PID=444) to work on /home/airflow/.local/lib/python3.8/site-packages/airflow/example_dags/example_nested_branch_dag.py
[2025-08-19T21:53:40.855+0000] {processor.py:830} INFO - Processing file /home/airflow/.local/lib/python3.8/site-packages/airflow/example_dags/example_nested_branch_dag.py for tasks to queue
[2025-08-19T21:53:40.856+0000] {logging_mixin.py:188} INFO - [2025-08-19T21:53:40.856+0000] {dagbag.py:538} INFO - Filling up the DagBag from /home/airflow/.local/lib/python3.8/site-packages/airflow/example_dags/example_nested_branch_dag.py
[2025-08-19T21:53:40.861+0000] {processor.py:840} INFO - DAG(s) 'example_nested_branch_dag' retrieved from /home/airflow/.local/lib/python3.8/site-packages/airflow/example_dags/example_nested_branch_dag.py
[2025-08-19T21:53:40.871+0000] {logging_mixin.py:188} INFO - [2025-08-19T21:53:40.871+0000] {dag.py:3036} INFO - Sync 1 DAGs
[2025-08-19T21:53:40.882+0000] {logging_mixin.py:188} INFO - [2025-08-19T21:53:40.882+0000] {dag.py:3823} INFO - Setting next_dagrun for example_nested_branch_dag to 2025-08-18 00:00:00+00:00, run_after=2025-08-19 00:00:00+00:00
[2025-08-19T21:53:40.888+0000] {processor.py:183} INFO - Processing /home/airflow/.local/lib/python3.8/site-packages/airflow/example_dags/example_nested_branch_dag.py took 0.036 seconds
[2025-08-19T21:54:11.432+0000] {processor.py:161} INFO - Started process (PID=500) to work on /home/airflow/.local/lib/python3.8/site-packages/airflow/example_dags/example_nested_branch_dag.py
[2025-08-19T21:54:11.434+0000] {processor.py:830} INFO - Processing file /home/airflow/.local/lib/python3.8/site-packages/airflow/example_dags/example_nested_branch_dag.py for tasks to queue
[2025-08-19T21:54:11.435+0000] {logging_mixin.py:188} INFO - [2025-08-19T21:54:11.435+0000] {dagbag.py:538} INFO - Filling up the DagBag from /home/airflow/.local/lib/python3.8/site-packages/airflow/example_dags/example_nested_branch_dag.py
[2025-08-19T21:54:11.439+0000] {processor.py:840} INFO - DAG(s) 'example_nested_branch_dag' retrieved from /home/airflow/.local/lib/python3.8/site-packages/airflow/example_dags/example_nested_branch_dag.py
[2025-08-19T21:54:11.453+0000] {logging_mixin.py:188} INFO - [2025-08-19T21:54:11.453+0000] {dag.py:3036} INFO - Sync 1 DAGs
[2025-08-19T21:54:11.464+0000] {logging_mixin.py:188} INFO - [2025-08-19T21:54:11.464+0000] {dag.py:3823} INFO - Setting next_dagrun for example_nested_branch_dag to 2025-08-18 00:00:00+00:00, run_after=2025-08-19 00:00:00+00:00
[2025-08-19T21:54:11.471+0000] {processor.py:183} INFO - Processing /home/airflow/.local/lib/python3.8/site-packages/airflow/example_dags/example_nested_branch_dag.py took 0.041 seconds
[2025-08-19T21:54:41.944+0000] {processor.py:161} INFO - Started process (PID=556) to work on /home/airflow/.local/lib/python3.8/site-packages/airflow/example_dags/example_nested_branch_dag.py
[2025-08-19T21:54:41.946+0000] {processor.py:830} INFO - Processing file /home/airflow/.local/lib/python3.8/site-packages/airflow/example_dags/example_nested_branch_dag.py for tasks to queue
[2025-08-19T21:54:41.947+0000] {logging_mixin.py:188} INFO - [2025-08-19T21:54:41.947+0000] {dagbag.py:538} INFO - Filling up the DagBag from /home/airflow/.local/lib/python3.8/site-packages/airflow/example_dags/example_nested_branch_dag.py
[2025-08-19T21:54:41.953+0000] {processor.py:840} INFO - DAG(s) 'example_nested_branch_dag' retrieved from /home/airflow/.local/lib/python3.8/site-packages/airflow/example_dags/example_nested_branch_dag.py
[2025-08-19T21:54:41.966+0000] {logging_mixin.py:188} INFO - [2025-08-19T21:54:41.966+0000] {dag.py:3036} INFO - Sync 1 DAGs
[2025-08-19T21:54:41.976+0000] {logging_mixin.py:188} INFO - [2025-08-19T21:54:41.976+0000] {dag.py:3823} INFO - Setting next_dagrun for example_nested_branch_dag to 2025-08-18 00:00:00+00:00, run_after=2025-08-19 00:00:00+00:00
[2025-08-19T21:54:41.987+0000] {processor.py:183} INFO - Processing /home/airflow/.local/lib/python3.8/site-packages/airflow/example_dags/example_nested_branch_dag.py took 0.045 seconds
[2025-08-19T21:55:12.555+0000] {processor.py:161} INFO - Started process (PID=612) to work on /home/airflow/.local/lib/python3.8/site-packages/airflow/example_dags/example_nested_branch_dag.py
[2025-08-19T21:55:12.557+0000] {processor.py:830} INFO - Processing file /home/airflow/.local/lib/python3.8/site-packages/airflow/example_dags/example_nested_branch_dag.py for tasks to queue
[2025-08-19T21:55:12.558+0000] {logging_mixin.py:188} INFO - [2025-08-19T21:55:12.558+0000] {dagbag.py:538} INFO - Filling up the DagBag from /home/airflow/.local/lib/python3.8/site-packages/airflow/example_dags/example_nested_branch_dag.py
[2025-08-19T21:55:12.568+0000] {processor.py:840} INFO - DAG(s) 'example_nested_branch_dag' retrieved from /home/airflow/.local/lib/python3.8/site-packages/airflow/example_dags/example_nested_branch_dag.py
[2025-08-19T21:55:12.586+0000] {logging_mixin.py:188} INFO - [2025-08-19T21:55:12.586+0000] {dag.py:3036} INFO - Sync 1 DAGs
[2025-08-19T21:55:12.596+0000] {logging_mixin.py:188} INFO - [2025-08-19T21:55:12.596+0000] {dag.py:3823} INFO - Setting next_dagrun for example_nested_branch_dag to 2025-08-18 00:00:00+00:00, run_after=2025-08-19 00:00:00+00:00
[2025-08-19T21:55:12.607+0000] {processor.py:183} INFO - Processing /home/airflow/.local/lib/python3.8/site-packages/airflow/example_dags/example_nested_branch_dag.py took 0.056 seconds
[2025-08-19T21:55:43.167+0000] {processor.py:161} INFO - Started process (PID=668) to work on /home/airflow/.local/lib/python3.8/site-packages/airflow/example_dags/example_nested_branch_dag.py
[2025-08-19T21:55:43.168+0000] {processor.py:830} INFO - Processing file /home/airflow/.local/lib/python3.8/site-packages/airflow/example_dags/example_nested_branch_dag.py for tasks to queue
[2025-08-19T21:55:43.169+0000] {logging_mixin.py:188} INFO - [2025-08-19T21:55:43.169+0000] {dagbag.py:538} INFO - Filling up the DagBag from /home/airflow/.local/lib/python3.8/site-packages/airflow/example_dags/example_nested_branch_dag.py
[2025-08-19T21:55:43.176+0000] {processor.py:840} INFO - DAG(s) 'example_nested_branch_dag' retrieved from /home/airflow/.local/lib/python3.8/site-packages/airflow/example_dags/example_nested_branch_dag.py
[2025-08-19T21:55:43.186+0000] {logging_mixin.py:188} INFO - [2025-08-19T21:55:43.186+0000] {dag.py:3036} INFO - Sync 1 DAGs
[2025-08-19T21:55:43.196+0000] {logging_mixin.py:188} INFO - [2025-08-19T21:55:43.196+0000] {dag.py:3823} INFO - Setting next_dagrun for example_nested_branch_dag to 2025-08-18 00:00:00+00:00, run_after=2025-08-19 00:00:00+00:00
[2025-08-19T21:55:43.204+0000] {processor.py:183} INFO - Processing /home/airflow/.local/lib/python3.8/site-packages/airflow/example_dags/example_nested_branch_dag.py took 0.040 seconds
[2025-08-19T21:56:13.798+0000] {processor.py:161} INFO - Started process (PID=724) to work on /home/airflow/.local/lib/python3.8/site-packages/airflow/example_dags/example_nested_branch_dag.py
[2025-08-19T21:56:13.800+0000] {processor.py:830} INFO - Processing file /home/airflow/.local/lib/python3.8/site-packages/airflow/example_dags/example_nested_branch_dag.py for tasks to queue
[2025-08-19T21:56:13.801+0000] {logging_mixin.py:188} INFO - [2025-08-19T21:56:13.800+0000] {dagbag.py:538} INFO - Filling up the DagBag from /home/airflow/.local/lib/python3.8/site-packages/airflow/example_dags/example_nested_branch_dag.py
[2025-08-19T21:56:13.805+0000] {processor.py:840} INFO - DAG(s) 'example_nested_branch_dag' retrieved from /home/airflow/.local/lib/python3.8/site-packages/airflow/example_dags/example_nested_branch_dag.py
[2025-08-19T21:56:13.815+0000] {logging_mixin.py:188} INFO - [2025-08-19T21:56:13.815+0000] {dag.py:3036} INFO - Sync 1 DAGs
[2025-08-19T21:56:13.828+0000] {logging_mixin.py:188} INFO - [2025-08-19T21:56:13.828+0000] {dag.py:3823} INFO - Setting next_dagrun for example_nested_branch_dag to 2025-08-18 00:00:00+00:00, run_after=2025-08-19 00:00:00+00:00
[2025-08-19T21:56:13.836+0000] {processor.py:183} INFO - Processing /home/airflow/.local/lib/python3.8/site-packages/airflow/example_dags/example_nested_branch_dag.py took 0.040 seconds
[2025-08-19T21:56:44.408+0000] {processor.py:161} INFO - Started process (PID=780) to work on /home/airflow/.local/lib/python3.8/site-packages/airflow/example_dags/example_nested_branch_dag.py
[2025-08-19T21:56:44.409+0000] {processor.py:830} INFO - Processing file /home/airflow/.local/lib/python3.8/site-packages/airflow/example_dags/example_nested_branch_dag.py for tasks to queue
[2025-08-19T21:56:44.412+0000] {logging_mixin.py:188} INFO - [2025-08-19T21:56:44.411+0000] {dagbag.py:538} INFO - Filling up the DagBag from /home/airflow/.local/lib/python3.8/site-packages/airflow/example_dags/example_nested_branch_dag.py
[2025-08-19T21:56:44.417+0000] {processor.py:840} INFO - DAG(s) 'example_nested_branch_dag' retrieved from /home/airflow/.local/lib/python3.8/site-packages/airflow/example_dags/example_nested_branch_dag.py
[2025-08-19T21:56:44.428+0000] {logging_mixin.py:188} INFO - [2025-08-19T21:56:44.428+0000] {dag.py:3036} INFO - Sync 1 DAGs
[2025-08-19T21:56:44.439+0000] {logging_mixin.py:188} INFO - [2025-08-19T21:56:44.439+0000] {dag.py:3823} INFO - Setting next_dagrun for example_nested_branch_dag to 2025-08-18 00:00:00+00:00, run_after=2025-08-19 00:00:00+00:00
[2025-08-19T21:56:44.448+0000] {processor.py:183} INFO - Processing /home/airflow/.local/lib/python3.8/site-packages/airflow/example_dags/example_nested_branch_dag.py took 0.042 seconds
[2025-08-19T21:57:15.093+0000] {processor.py:161} INFO - Started process (PID=836) to work on /home/airflow/.local/lib/python3.8/site-packages/airflow/example_dags/example_nested_branch_dag.py
[2025-08-19T21:57:15.094+0000] {processor.py:830} INFO - Processing file /home/airflow/.local/lib/python3.8/site-packages/airflow/example_dags/example_nested_branch_dag.py for tasks to queue
[2025-08-19T21:57:15.095+0000] {logging_mixin.py:188} INFO - [2025-08-19T21:57:15.094+0000] {dagbag.py:538} INFO - Filling up the DagBag from /home/airflow/.local/lib/python3.8/site-packages/airflow/example_dags/example_nested_branch_dag.py
[2025-08-19T21:57:15.099+0000] {processor.py:840} INFO - DAG(s) 'example_nested_branch_dag' retrieved from /home/airflow/.local/lib/python3.8/site-packages/airflow/example_dags/example_nested_branch_dag.py
[2025-08-19T21:57:15.112+0000] {logging_mixin.py:188} INFO - [2025-08-19T21:57:15.112+0000] {dag.py:3036} INFO - Sync 1 DAGs
[2025-08-19T21:57:15.121+0000] {logging_mixin.py:188} INFO - [2025-08-19T21:57:15.121+0000] {dag.py:3823} INFO - Setting next_dagrun for example_nested_branch_dag to 2025-08-18 00:00:00+00:00, run_after=2025-08-19 00:00:00+00:00
[2025-08-19T21:57:15.128+0000] {processor.py:183} INFO - Processing /home/airflow/.local/lib/python3.8/site-packages/airflow/example_dags/example_nested_branch_dag.py took 0.041 seconds
[2025-08-19T21:57:45.688+0000] {processor.py:161} INFO - Started process (PID=892) to work on /home/airflow/.local/lib/python3.8/site-packages/airflow/example_dags/example_nested_branch_dag.py
[2025-08-19T21:57:45.689+0000] {processor.py:830} INFO - Processing file /home/airflow/.local/lib/python3.8/site-packages/airflow/example_dags/example_nested_branch_dag.py for tasks to queue
[2025-08-19T21:57:45.691+0000] {logging_mixin.py:188} INFO - [2025-08-19T21:57:45.691+0000] {dagbag.py:538} INFO - Filling up the DagBag from /home/airflow/.local/lib/python3.8/site-packages/airflow/example_dags/example_nested_branch_dag.py
[2025-08-19T21:57:45.696+0000] {processor.py:840} INFO - DAG(s) 'example_nested_branch_dag' retrieved from /home/airflow/.local/lib/python3.8/site-packages/airflow/example_dags/example_nested_branch_dag.py
[2025-08-19T21:57:45.707+0000] {logging_mixin.py:188} INFO - [2025-08-19T21:57:45.707+0000] {dag.py:3036} INFO - Sync 1 DAGs
[2025-08-19T21:57:45.717+0000] {logging_mixin.py:188} INFO - [2025-08-19T21:57:45.716+0000] {dag.py:3823} INFO - Setting next_dagrun for example_nested_branch_dag to 2025-08-18 00:00:00+00:00, run_after=2025-08-19 00:00:00+00:00
[2025-08-19T21:57:45.725+0000] {processor.py:183} INFO - Processing /home/airflow/.local/lib/python3.8/site-packages/airflow/example_dags/example_nested_branch_dag.py took 0.039 seconds
[2025-08-19T21:58:16.249+0000] {processor.py:161} INFO - Started process (PID=948) to work on /home/airflow/.local/lib/python3.8/site-packages/airflow/example_dags/example_nested_branch_dag.py
[2025-08-19T21:58:16.250+0000] {processor.py:830} INFO - Processing file /home/airflow/.local/lib/python3.8/site-packages/airflow/example_dags/example_nested_branch_dag.py for tasks to queue
[2025-08-19T21:58:16.250+0000] {logging_mixin.py:188} INFO - [2025-08-19T21:58:16.250+0000] {dagbag.py:538} INFO - Filling up the DagBag from /home/airflow/.local/lib/python3.8/site-packages/airflow/example_dags/example_nested_branch_dag.py
[2025-08-19T21:58:16.255+0000] {processor.py:840} INFO - DAG(s) 'example_nested_branch_dag' retrieved from /home/airflow/.local/lib/python3.8/site-packages/airflow/example_dags/example_nested_branch_dag.py
[2025-08-19T21:58:16.266+0000] {logging_mixin.py:188} INFO - [2025-08-19T21:58:16.266+0000] {dag.py:3036} INFO - Sync 1 DAGs
[2025-08-19T21:58:16.275+0000] {logging_mixin.py:188} INFO - [2025-08-19T21:58:16.275+0000] {dag.py:3823} INFO - Setting next_dagrun for example_nested_branch_dag to 2025-08-18 00:00:00+00:00, run_after=2025-08-19 00:00:00+00:00
[2025-08-19T21:58:16.287+0000] {processor.py:183} INFO - Processing /home/airflow/.local/lib/python3.8/site-packages/airflow/example_dags/example_nested_branch_dag.py took 0.040 seconds
[2025-08-19T21:58:46.778+0000] {processor.py:161} INFO - Started process (PID=1004) to work on /home/airflow/.local/lib/python3.8/site-packages/airflow/example_dags/example_nested_branch_dag.py
[2025-08-19T21:58:46.779+0000] {processor.py:830} INFO - Processing file /home/airflow/.local/lib/python3.8/site-packages/airflow/example_dags/example_nested_branch_dag.py for tasks to queue
[2025-08-19T21:58:46.781+0000] {logging_mixin.py:188} INFO - [2025-08-19T21:58:46.781+0000] {dagbag.py:538} INFO - Filling up the DagBag from /home/airflow/.local/lib/python3.8/site-packages/airflow/example_dags/example_nested_branch_dag.py
[2025-08-19T21:58:46.786+0000] {processor.py:840} INFO - DAG(s) 'example_nested_branch_dag' retrieved from /home/airflow/.local/lib/python3.8/site-packages/airflow/example_dags/example_nested_branch_dag.py
[2025-08-19T21:58:46.796+0000] {logging_mixin.py:188} INFO - [2025-08-19T21:58:46.796+0000] {dag.py:3036} INFO - Sync 1 DAGs
[2025-08-19T21:58:46.806+0000] {logging_mixin.py:188} INFO - [2025-08-19T21:58:46.806+0000] {dag.py:3823} INFO - Setting next_dagrun for example_nested_branch_dag to 2025-08-18 00:00:00+00:00, run_after=2025-08-19 00:00:00+00:00
[2025-08-19T21:58:46.813+0000] {processor.py:183} INFO - Processing /home/airflow/.local/lib/python3.8/site-packages/airflow/example_dags/example_nested_branch_dag.py took 0.037 seconds
[2025-08-19T21:59:17.315+0000] {processor.py:161} INFO - Started process (PID=1060) to work on /home/airflow/.local/lib/python3.8/site-packages/airflow/example_dags/example_nested_branch_dag.py
[2025-08-19T21:59:17.316+0000] {processor.py:830} INFO - Processing file /home/airflow/.local/lib/python3.8/site-packages/airflow/example_dags/example_nested_branch_dag.py for tasks to queue
[2025-08-19T21:59:17.317+0000] {logging_mixin.py:188} INFO - [2025-08-19T21:59:17.316+0000] {dagbag.py:538} INFO - Filling up the DagBag from /home/airflow/.local/lib/python3.8/site-packages/airflow/example_dags/example_nested_branch_dag.py
[2025-08-19T21:59:17.326+0000] {processor.py:840} INFO - DAG(s) 'example_nested_branch_dag' retrieved from /home/airflow/.local/lib/python3.8/site-packages/airflow/example_dags/example_nested_branch_dag.py
[2025-08-19T21:59:17.339+0000] {logging_mixin.py:188} INFO - [2025-08-19T21:59:17.339+0000] {dag.py:3036} INFO - Sync 1 DAGs
[2025-08-19T21:59:17.349+0000] {logging_mixin.py:188} INFO - [2025-08-19T21:59:17.349+0000] {dag.py:3823} INFO - Setting next_dagrun for example_nested_branch_dag to 2025-08-18 00:00:00+00:00, run_after=2025-08-19 00:00:00+00:00
[2025-08-19T21:59:17.357+0000] {processor.py:183} INFO - Processing /home/airflow/.local/lib/python3.8/site-packages/airflow/example_dags/example_nested_branch_dag.py took 0.045 seconds
[2025-08-19T21:59:47.869+0000] {processor.py:161} INFO - Started process (PID=1116) to work on /home/airflow/.local/lib/python3.8/site-packages/airflow/example_dags/example_nested_branch_dag.py
[2025-08-19T21:59:47.872+0000] {processor.py:830} INFO - Processing file /home/airflow/.local/lib/python3.8/site-packages/airflow/example_dags/example_nested_branch_dag.py for tasks to queue
[2025-08-19T21:59:47.873+0000] {logging_mixin.py:188} INFO - [2025-08-19T21:59:47.873+0000] {dagbag.py:538} INFO - Filling up the DagBag from /home/airflow/.local/lib/python3.8/site-packages/airflow/example_dags/example_nested_branch_dag.py
[2025-08-19T21:59:47.878+0000] {processor.py:840} INFO - DAG(s) 'example_nested_branch_dag' retrieved from /home/airflow/.local/lib/python3.8/site-packages/airflow/example_dags/example_nested_branch_dag.py
[2025-08-19T21:59:47.889+0000] {logging_mixin.py:188} INFO - [2025-08-19T21:59:47.889+0000] {dag.py:3036} INFO - Sync 1 DAGs
[2025-08-19T21:59:47.899+0000] {logging_mixin.py:188} INFO - [2025-08-19T21:59:47.899+0000] {dag.py:3823} INFO - Setting next_dagrun for example_nested_branch_dag to 2025-08-18 00:00:00+00:00, run_after=2025-08-19 00:00:00+00:00
[2025-08-19T21:59:47.906+0000] {processor.py:183} INFO - Processing /home/airflow/.local/lib/python3.8/site-packages/airflow/example_dags/example_nested_branch_dag.py took 0.039 seconds
[2025-08-19T22:00:18.395+0000] {processor.py:161} INFO - Started process (PID=1172) to work on /home/airflow/.local/lib/python3.8/site-packages/airflow/example_dags/example_nested_branch_dag.py
[2025-08-19T22:00:18.398+0000] {processor.py:830} INFO - Processing file /home/airflow/.local/lib/python3.8/site-packages/airflow/example_dags/example_nested_branch_dag.py for tasks to queue
[2025-08-19T22:00:18.400+0000] {logging_mixin.py:188} INFO - [2025-08-19T22:00:18.399+0000] {dagbag.py:538} INFO - Filling up the DagBag from /home/airflow/.local/lib/python3.8/site-packages/airflow/example_dags/example_nested_branch_dag.py
[2025-08-19T22:00:18.406+0000] {processor.py:840} INFO - DAG(s) 'example_nested_branch_dag' retrieved from /home/airflow/.local/lib/python3.8/site-packages/airflow/example_dags/example_nested_branch_dag.py
[2025-08-19T22:00:18.418+0000] {logging_mixin.py:188} INFO - [2025-08-19T22:00:18.418+0000] {dag.py:3036} INFO - Sync 1 DAGs
[2025-08-19T22:00:18.429+0000] {logging_mixin.py:188} INFO - [2025-08-19T22:00:18.428+0000] {dag.py:3823} INFO - Setting next_dagrun for example_nested_branch_dag to 2025-08-18 00:00:00+00:00, run_after=2025-08-19 00:00:00+00:00
[2025-08-19T22:00:18.437+0000] {processor.py:183} INFO - Processing /home/airflow/.local/lib/python3.8/site-packages/airflow/example_dags/example_nested_branch_dag.py took 0.045 seconds
[2025-08-19T22:00:48.926+0000] {processor.py:161} INFO - Started process (PID=1228) to work on /home/airflow/.local/lib/python3.8/site-packages/airflow/example_dags/example_nested_branch_dag.py
[2025-08-19T22:00:48.926+0000] {processor.py:830} INFO - Processing file /home/airflow/.local/lib/python3.8/site-packages/airflow/example_dags/example_nested_branch_dag.py for tasks to queue
[2025-08-19T22:00:48.927+0000] {logging_mixin.py:188} INFO - [2025-08-19T22:00:48.927+0000] {dagbag.py:538} INFO - Filling up the DagBag from /home/airflow/.local/lib/python3.8/site-packages/airflow/example_dags/example_nested_branch_dag.py
[2025-08-19T22:00:48.933+0000] {processor.py:840} INFO - DAG(s) 'example_nested_branch_dag' retrieved from /home/airflow/.local/lib/python3.8/site-packages/airflow/example_dags/example_nested_branch_dag.py
[2025-08-19T22:00:48.946+0000] {logging_mixin.py:188} INFO - [2025-08-19T22:00:48.945+0000] {dag.py:3036} INFO - Sync 1 DAGs
[2025-08-19T22:00:48.957+0000] {logging_mixin.py:188} INFO - [2025-08-19T22:00:48.957+0000] {dag.py:3823} INFO - Setting next_dagrun for example_nested_branch_dag to 2025-08-18 00:00:00+00:00, run_after=2025-08-19 00:00:00+00:00
[2025-08-19T22:00:48.969+0000] {processor.py:183} INFO - Processing /home/airflow/.local/lib/python3.8/site-packages/airflow/example_dags/example_nested_branch_dag.py took 0.045 seconds
[2025-08-19T22:01:19.648+0000] {processor.py:161} INFO - Started process (PID=1284) to work on /home/airflow/.local/lib/python3.8/site-packages/airflow/example_dags/example_nested_branch_dag.py
[2025-08-19T22:01:19.649+0000] {processor.py:830} INFO - Processing file /home/airflow/.local/lib/python3.8/site-packages/airflow/example_dags/example_nested_branch_dag.py for tasks to queue
[2025-08-19T22:01:19.650+0000] {logging_mixin.py:188} INFO - [2025-08-19T22:01:19.649+0000] {dagbag.py:538} INFO - Filling up the DagBag from /home/airflow/.local/lib/python3.8/site-packages/airflow/example_dags/example_nested_branch_dag.py
[2025-08-19T22:01:19.655+0000] {processor.py:840} INFO - DAG(s) 'example_nested_branch_dag' retrieved from /home/airflow/.local/lib/python3.8/site-packages/airflow/example_dags/example_nested_branch_dag.py
[2025-08-19T22:01:19.672+0000] {logging_mixin.py:188} INFO - [2025-08-19T22:01:19.672+0000] {dag.py:3036} INFO - Sync 1 DAGs
[2025-08-19T22:01:19.681+0000] {logging_mixin.py:188} INFO - [2025-08-19T22:01:19.680+0000] {dag.py:3823} INFO - Setting next_dagrun for example_nested_branch_dag to 2025-08-18 00:00:00+00:00, run_after=2025-08-19 00:00:00+00:00
[2025-08-19T22:01:19.694+0000] {processor.py:183} INFO - Processing /home/airflow/.local/lib/python3.8/site-packages/airflow/example_dags/example_nested_branch_dag.py took 0.048 seconds
[2025-08-19T22:01:49.817+0000] {processor.py:161} INFO - Started process (PID=1340) to work on /home/airflow/.local/lib/python3.8/site-packages/airflow/example_dags/example_nested_branch_dag.py
[2025-08-19T22:01:49.818+0000] {processor.py:830} INFO - Processing file /home/airflow/.local/lib/python3.8/site-packages/airflow/example_dags/example_nested_branch_dag.py for tasks to queue
[2025-08-19T22:01:49.819+0000] {logging_mixin.py:188} INFO - [2025-08-19T22:01:49.819+0000] {dagbag.py:538} INFO - Filling up the DagBag from /home/airflow/.local/lib/python3.8/site-packages/airflow/example_dags/example_nested_branch_dag.py
[2025-08-19T22:01:49.824+0000] {processor.py:840} INFO - DAG(s) 'example_nested_branch_dag' retrieved from /home/airflow/.local/lib/python3.8/site-packages/airflow/example_dags/example_nested_branch_dag.py
[2025-08-19T22:01:49.834+0000] {logging_mixin.py:188} INFO - [2025-08-19T22:01:49.834+0000] {dag.py:3036} INFO - Sync 1 DAGs
[2025-08-19T22:01:49.846+0000] {logging_mixin.py:188} INFO - [2025-08-19T22:01:49.845+0000] {dag.py:3823} INFO - Setting next_dagrun for example_nested_branch_dag to 2025-08-18 00:00:00+00:00, run_after=2025-08-19 00:00:00+00:00
[2025-08-19T22:01:49.855+0000] {processor.py:183} INFO - Processing /home/airflow/.local/lib/python3.8/site-packages/airflow/example_dags/example_nested_branch_dag.py took 0.039 seconds
[2025-08-19T22:02:20.746+0000] {processor.py:161} INFO - Started process (PID=1396) to work on /home/airflow/.local/lib/python3.8/site-packages/airflow/example_dags/example_nested_branch_dag.py
[2025-08-19T22:02:20.748+0000] {processor.py:830} INFO - Processing file /home/airflow/.local/lib/python3.8/site-packages/airflow/example_dags/example_nested_branch_dag.py for tasks to queue
[2025-08-19T22:02:20.749+0000] {logging_mixin.py:188} INFO - [2025-08-19T22:02:20.749+0000] {dagbag.py:538} INFO - Filling up the DagBag from /home/airflow/.local/lib/python3.8/site-packages/airflow/example_dags/example_nested_branch_dag.py
[2025-08-19T22:02:20.754+0000] {processor.py:840} INFO - DAG(s) 'example_nested_branch_dag' retrieved from /home/airflow/.local/lib/python3.8/site-packages/airflow/example_dags/example_nested_branch_dag.py
[2025-08-19T22:02:20.763+0000] {logging_mixin.py:188} INFO - [2025-08-19T22:02:20.763+0000] {dag.py:3036} INFO - Sync 1 DAGs
[2025-08-19T22:02:20.773+0000] {logging_mixin.py:188} INFO - [2025-08-19T22:02:20.773+0000] {dag.py:3823} INFO - Setting next_dagrun for example_nested_branch_dag to 2025-08-18 00:00:00+00:00, run_after=2025-08-19 00:00:00+00:00
[2025-08-19T22:02:20.788+0000] {processor.py:183} INFO - Processing /home/airflow/.local/lib/python3.8/site-packages/airflow/example_dags/example_nested_branch_dag.py took 0.044 seconds
[2025-08-19T22:02:51.680+0000] {processor.py:161} INFO - Started process (PID=1452) to work on /home/airflow/.local/lib/python3.8/site-packages/airflow/example_dags/example_nested_branch_dag.py
[2025-08-19T22:02:51.681+0000] {processor.py:830} INFO - Processing file /home/airflow/.local/lib/python3.8/site-packages/airflow/example_dags/example_nested_branch_dag.py for tasks to queue
[2025-08-19T22:02:51.683+0000] {logging_mixin.py:188} INFO - [2025-08-19T22:02:51.683+0000] {dagbag.py:538} INFO - Filling up the DagBag from /home/airflow/.local/lib/python3.8/site-packages/airflow/example_dags/example_nested_branch_dag.py
[2025-08-19T22:02:51.689+0000] {processor.py:840} INFO - DAG(s) 'example_nested_branch_dag' retrieved from /home/airflow/.local/lib/python3.8/site-packages/airflow/example_dags/example_nested_branch_dag.py
[2025-08-19T22:02:51.698+0000] {logging_mixin.py:188} INFO - [2025-08-19T22:02:51.698+0000] {dag.py:3036} INFO - Sync 1 DAGs
[2025-08-19T22:02:51.708+0000] {logging_mixin.py:188} INFO - [2025-08-19T22:02:51.708+0000] {dag.py:3823} INFO - Setting next_dagrun for example_nested_branch_dag to 2025-08-18 00:00:00+00:00, run_after=2025-08-19 00:00:00+00:00
[2025-08-19T22:02:51.723+0000] {processor.py:183} INFO - Processing /home/airflow/.local/lib/python3.8/site-packages/airflow/example_dags/example_nested_branch_dag.py took 0.045 seconds
[2025-08-19T22:03:22.637+0000] {processor.py:161} INFO - Started process (PID=1508) to work on /home/airflow/.local/lib/python3.8/site-packages/airflow/example_dags/example_nested_branch_dag.py
[2025-08-19T22:03:22.638+0000] {processor.py:830} INFO - Processing file /home/airflow/.local/lib/python3.8/site-packages/airflow/example_dags/example_nested_branch_dag.py for tasks to queue
[2025-08-19T22:03:22.639+0000] {logging_mixin.py:188} INFO - [2025-08-19T22:03:22.639+0000] {dagbag.py:538} INFO - Filling up the DagBag from /home/airflow/.local/lib/python3.8/site-packages/airflow/example_dags/example_nested_branch_dag.py
[2025-08-19T22:03:22.644+0000] {processor.py:840} INFO - DAG(s) 'example_nested_branch_dag' retrieved from /home/airflow/.local/lib/python3.8/site-packages/airflow/example_dags/example_nested_branch_dag.py
[2025-08-19T22:03:22.653+0000] {logging_mixin.py:188} INFO - [2025-08-19T22:03:22.653+0000] {dag.py:3036} INFO - Sync 1 DAGs
[2025-08-19T22:03:22.664+0000] {logging_mixin.py:188} INFO - [2025-08-19T22:03:22.664+0000] {dag.py:3823} INFO - Setting next_dagrun for example_nested_branch_dag to 2025-08-18 00:00:00+00:00, run_after=2025-08-19 00:00:00+00:00
[2025-08-19T22:03:22.673+0000] {processor.py:183} INFO - Processing /home/airflow/.local/lib/python3.8/site-packages/airflow/example_dags/example_nested_branch_dag.py took 0.038 seconds
[2025-08-19T22:03:53.410+0000] {processor.py:161} INFO - Started process (PID=1564) to work on /home/airflow/.local/lib/python3.8/site-packages/airflow/example_dags/example_nested_branch_dag.py
[2025-08-19T22:03:53.411+0000] {processor.py:830} INFO - Processing file /home/airflow/.local/lib/python3.8/site-packages/airflow/example_dags/example_nested_branch_dag.py for tasks to queue
[2025-08-19T22:03:53.412+0000] {logging_mixin.py:188} INFO - [2025-08-19T22:03:53.412+0000] {dagbag.py:538} INFO - Filling up the DagBag from /home/airflow/.local/lib/python3.8/site-packages/airflow/example_dags/example_nested_branch_dag.py
[2025-08-19T22:03:53.418+0000] {processor.py:840} INFO - DAG(s) 'example_nested_branch_dag' retrieved from /home/airflow/.local/lib/python3.8/site-packages/airflow/example_dags/example_nested_branch_dag.py
[2025-08-19T22:03:53.428+0000] {logging_mixin.py:188} INFO - [2025-08-19T22:03:53.428+0000] {dag.py:3036} INFO - Sync 1 DAGs
[2025-08-19T22:03:53.437+0000] {logging_mixin.py:188} INFO - [2025-08-19T22:03:53.437+0000] {dag.py:3823} INFO - Setting next_dagrun for example_nested_branch_dag to 2025-08-18 00:00:00+00:00, run_after=2025-08-19 00:00:00+00:00
[2025-08-19T22:03:53.453+0000] {processor.py:183} INFO - Processing /home/airflow/.local/lib/python3.8/site-packages/airflow/example_dags/example_nested_branch_dag.py took 0.044 seconds
[2025-08-19T22:04:24.072+0000] {processor.py:161} INFO - Started process (PID=1620) to work on /home/airflow/.local/lib/python3.8/site-packages/airflow/example_dags/example_nested_branch_dag.py
[2025-08-19T22:04:24.074+0000] {processor.py:830} INFO - Processing file /home/airflow/.local/lib/python3.8/site-packages/airflow/example_dags/example_nested_branch_dag.py for tasks to queue
[2025-08-19T22:04:24.074+0000] {logging_mixin.py:188} INFO - [2025-08-19T22:04:24.074+0000] {dagbag.py:538} INFO - Filling up the DagBag from /home/airflow/.local/lib/python3.8/site-packages/airflow/example_dags/example_nested_branch_dag.py
[2025-08-19T22:04:24.078+0000] {processor.py:840} INFO - DAG(s) 'example_nested_branch_dag' retrieved from /home/airflow/.local/lib/python3.8/site-packages/airflow/example_dags/example_nested_branch_dag.py
[2025-08-19T22:04:24.089+0000] {logging_mixin.py:188} INFO - [2025-08-19T22:04:24.089+0000] {dag.py:3036} INFO - Sync 1 DAGs
[2025-08-19T22:04:24.098+0000] {logging_mixin.py:188} INFO - [2025-08-19T22:04:24.098+0000] {dag.py:3823} INFO - Setting next_dagrun for example_nested_branch_dag to 2025-08-18 00:00:00+00:00, run_after=2025-08-19 00:00:00+00:00
[2025-08-19T22:04:24.104+0000] {processor.py:183} INFO - Processing /home/airflow/.local/lib/python3.8/site-packages/airflow/example_dags/example_nested_branch_dag.py took 0.034 seconds
[2025-08-19T22:04:54.484+0000] {processor.py:161} INFO - Started process (PID=1676) to work on /home/airflow/.local/lib/python3.8/site-packages/airflow/example_dags/example_nested_branch_dag.py
[2025-08-19T22:04:54.485+0000] {processor.py:830} INFO - Processing file /home/airflow/.local/lib/python3.8/site-packages/airflow/example_dags/example_nested_branch_dag.py for tasks to queue
[2025-08-19T22:04:54.485+0000] {logging_mixin.py:188} INFO - [2025-08-19T22:04:54.485+0000] {dagbag.py:538} INFO - Filling up the DagBag from /home/airflow/.local/lib/python3.8/site-packages/airflow/example_dags/example_nested_branch_dag.py
[2025-08-19T22:04:54.490+0000] {processor.py:840} INFO - DAG(s) 'example_nested_branch_dag' retrieved from /home/airflow/.local/lib/python3.8/site-packages/airflow/example_dags/example_nested_branch_dag.py
[2025-08-19T22:04:54.499+0000] {logging_mixin.py:188} INFO - [2025-08-19T22:04:54.499+0000] {dag.py:3036} INFO - Sync 1 DAGs
[2025-08-19T22:04:54.508+0000] {logging_mixin.py:188} INFO - [2025-08-19T22:04:54.508+0000] {dag.py:3823} INFO - Setting next_dagrun for example_nested_branch_dag to 2025-08-18 00:00:00+00:00, run_after=2025-08-19 00:00:00+00:00
[2025-08-19T22:04:54.519+0000] {processor.py:183} INFO - Processing /home/airflow/.local/lib/python3.8/site-packages/airflow/example_dags/example_nested_branch_dag.py took 0.037 seconds
[2025-08-19T22:05:24.990+0000] {processor.py:161} INFO - Started process (PID=1732) to work on /home/airflow/.local/lib/python3.8/site-packages/airflow/example_dags/example_nested_branch_dag.py
[2025-08-19T22:05:24.991+0000] {processor.py:830} INFO - Processing file /home/airflow/.local/lib/python3.8/site-packages/airflow/example_dags/example_nested_branch_dag.py for tasks to queue
[2025-08-19T22:05:24.992+0000] {logging_mixin.py:188} INFO - [2025-08-19T22:05:24.992+0000] {dagbag.py:538} INFO - Filling up the DagBag from /home/airflow/.local/lib/python3.8/site-packages/airflow/example_dags/example_nested_branch_dag.py
[2025-08-19T22:05:24.998+0000] {processor.py:840} INFO - DAG(s) 'example_nested_branch_dag' retrieved from /home/airflow/.local/lib/python3.8/site-packages/airflow/example_dags/example_nested_branch_dag.py
[2025-08-19T22:05:25.009+0000] {logging_mixin.py:188} INFO - [2025-08-19T22:05:25.009+0000] {dag.py:3036} INFO - Sync 1 DAGs
[2025-08-19T22:05:25.017+0000] {logging_mixin.py:188} INFO - [2025-08-19T22:05:25.017+0000] {dag.py:3823} INFO - Setting next_dagrun for example_nested_branch_dag to 2025-08-18 00:00:00+00:00, run_after=2025-08-19 00:00:00+00:00
[2025-08-19T22:05:25.023+0000] {processor.py:183} INFO - Processing /home/airflow/.local/lib/python3.8/site-packages/airflow/example_dags/example_nested_branch_dag.py took 0.035 seconds
[2025-08-19T22:05:55.082+0000] {processor.py:161} INFO - Started process (PID=1788) to work on /home/airflow/.local/lib/python3.8/site-packages/airflow/example_dags/example_nested_branch_dag.py
[2025-08-19T22:05:55.083+0000] {processor.py:830} INFO - Processing file /home/airflow/.local/lib/python3.8/site-packages/airflow/example_dags/example_nested_branch_dag.py for tasks to queue
[2025-08-19T22:05:55.084+0000] {logging_mixin.py:188} INFO - [2025-08-19T22:05:55.084+0000] {dagbag.py:538} INFO - Filling up the DagBag from /home/airflow/.local/lib/python3.8/site-packages/airflow/example_dags/example_nested_branch_dag.py
[2025-08-19T22:05:55.088+0000] {processor.py:840} INFO - DAG(s) 'example_nested_branch_dag' retrieved from /home/airflow/.local/lib/python3.8/site-packages/airflow/example_dags/example_nested_branch_dag.py
[2025-08-19T22:05:55.097+0000] {logging_mixin.py:188} INFO - [2025-08-19T22:05:55.097+0000] {dag.py:3036} INFO - Sync 1 DAGs
[2025-08-19T22:05:55.105+0000] {logging_mixin.py:188} INFO - [2025-08-19T22:05:55.105+0000] {dag.py:3823} INFO - Setting next_dagrun for example_nested_branch_dag to 2025-08-18 00:00:00+00:00, run_after=2025-08-19 00:00:00+00:00
[2025-08-19T22:05:55.112+0000] {processor.py:183} INFO - Processing /home/airflow/.local/lib/python3.8/site-packages/airflow/example_dags/example_nested_branch_dag.py took 0.031 seconds
[2025-08-19T22:06:25.523+0000] {processor.py:161} INFO - Started process (PID=1844) to work on /home/airflow/.local/lib/python3.8/site-packages/airflow/example_dags/example_nested_branch_dag.py
[2025-08-19T22:06:25.525+0000] {processor.py:830} INFO - Processing file /home/airflow/.local/lib/python3.8/site-packages/airflow/example_dags/example_nested_branch_dag.py for tasks to queue
[2025-08-19T22:06:25.526+0000] {logging_mixin.py:188} INFO - [2025-08-19T22:06:25.526+0000] {dagbag.py:538} INFO - Filling up the DagBag from /home/airflow/.local/lib/python3.8/site-packages/airflow/example_dags/example_nested_branch_dag.py
[2025-08-19T22:06:25.530+0000] {processor.py:840} INFO - DAG(s) 'example_nested_branch_dag' retrieved from /home/airflow/.local/lib/python3.8/site-packages/airflow/example_dags/example_nested_branch_dag.py
[2025-08-19T22:06:25.540+0000] {logging_mixin.py:188} INFO - [2025-08-19T22:06:25.540+0000] {dag.py:3036} INFO - Sync 1 DAGs
[2025-08-19T22:06:25.548+0000] {logging_mixin.py:188} INFO - [2025-08-19T22:06:25.548+0000] {dag.py:3823} INFO - Setting next_dagrun for example_nested_branch_dag to 2025-08-18 00:00:00+00:00, run_after=2025-08-19 00:00:00+00:00
[2025-08-19T22:06:25.556+0000] {processor.py:183} INFO - Processing /home/airflow/.local/lib/python3.8/site-packages/airflow/example_dags/example_nested_branch_dag.py took 0.034 seconds
[2025-08-19T22:06:56.031+0000] {processor.py:161} INFO - Started process (PID=1900) to work on /home/airflow/.local/lib/python3.8/site-packages/airflow/example_dags/example_nested_branch_dag.py
[2025-08-19T22:06:56.033+0000] {processor.py:830} INFO - Processing file /home/airflow/.local/lib/python3.8/site-packages/airflow/example_dags/example_nested_branch_dag.py for tasks to queue
[2025-08-19T22:06:56.034+0000] {logging_mixin.py:188} INFO - [2025-08-19T22:06:56.034+0000] {dagbag.py:538} INFO - Filling up the DagBag from /home/airflow/.local/lib/python3.8/site-packages/airflow/example_dags/example_nested_branch_dag.py
[2025-08-19T22:06:56.040+0000] {processor.py:840} INFO - DAG(s) 'example_nested_branch_dag' retrieved from /home/airflow/.local/lib/python3.8/site-packages/airflow/example_dags/example_nested_branch_dag.py
[2025-08-19T22:06:56.052+0000] {logging_mixin.py:188} INFO - [2025-08-19T22:06:56.051+0000] {dag.py:3036} INFO - Sync 1 DAGs
[2025-08-19T22:06:56.064+0000] {logging_mixin.py:188} INFO - [2025-08-19T22:06:56.064+0000] {dag.py:3823} INFO - Setting next_dagrun for example_nested_branch_dag to 2025-08-18 00:00:00+00:00, run_after=2025-08-19 00:00:00+00:00
[2025-08-19T22:06:56.075+0000] {processor.py:183} INFO - Processing /home/airflow/.local/lib/python3.8/site-packages/airflow/example_dags/example_nested_branch_dag.py took 0.046 seconds
[2025-08-19T22:07:26.167+0000] {processor.py:161} INFO - Started process (PID=1956) to work on /home/airflow/.local/lib/python3.8/site-packages/airflow/example_dags/example_nested_branch_dag.py
[2025-08-19T22:07:26.168+0000] {processor.py:830} INFO - Processing file /home/airflow/.local/lib/python3.8/site-packages/airflow/example_dags/example_nested_branch_dag.py for tasks to queue
[2025-08-19T22:07:26.170+0000] {logging_mixin.py:188} INFO - [2025-08-19T22:07:26.170+0000] {dagbag.py:538} INFO - Filling up the DagBag from /home/airflow/.local/lib/python3.8/site-packages/airflow/example_dags/example_nested_branch_dag.py
[2025-08-19T22:07:26.176+0000] {processor.py:840} INFO - DAG(s) 'example_nested_branch_dag' retrieved from /home/airflow/.local/lib/python3.8/site-packages/airflow/example_dags/example_nested_branch_dag.py
[2025-08-19T22:07:26.191+0000] {logging_mixin.py:188} INFO - [2025-08-19T22:07:26.191+0000] {dag.py:3036} INFO - Sync 1 DAGs
[2025-08-19T22:07:26.207+0000] {logging_mixin.py:188} INFO - [2025-08-19T22:07:26.207+0000] {dag.py:3823} INFO - Setting next_dagrun for example_nested_branch_dag to 2025-08-18 00:00:00+00:00, run_after=2025-08-19 00:00:00+00:00
[2025-08-19T22:07:26.222+0000] {processor.py:183} INFO - Processing /home/airflow/.local/lib/python3.8/site-packages/airflow/example_dags/example_nested_branch_dag.py took 0.058 seconds
[2025-08-19T22:07:56.805+0000] {processor.py:161} INFO - Started process (PID=2012) to work on /home/airflow/.local/lib/python3.8/site-packages/airflow/example_dags/example_nested_branch_dag.py
[2025-08-19T22:07:56.806+0000] {processor.py:830} INFO - Processing file /home/airflow/.local/lib/python3.8/site-packages/airflow/example_dags/example_nested_branch_dag.py for tasks to queue
[2025-08-19T22:07:56.807+0000] {logging_mixin.py:188} INFO - [2025-08-19T22:07:56.807+0000] {dagbag.py:538} INFO - Filling up the DagBag from /home/airflow/.local/lib/python3.8/site-packages/airflow/example_dags/example_nested_branch_dag.py
[2025-08-19T22:07:56.813+0000] {processor.py:840} INFO - DAG(s) 'example_nested_branch_dag' retrieved from /home/airflow/.local/lib/python3.8/site-packages/airflow/example_dags/example_nested_branch_dag.py
[2025-08-19T22:07:56.821+0000] {logging_mixin.py:188} INFO - [2025-08-19T22:07:56.821+0000] {dag.py:3036} INFO - Sync 1 DAGs
[2025-08-19T22:07:56.835+0000] {logging_mixin.py:188} INFO - [2025-08-19T22:07:56.835+0000] {dag.py:3823} INFO - Setting next_dagrun for example_nested_branch_dag to 2025-08-18 00:00:00+00:00, run_after=2025-08-19 00:00:00+00:00
[2025-08-19T22:07:56.850+0000] {processor.py:183} INFO - Processing /home/airflow/.local/lib/python3.8/site-packages/airflow/example_dags/example_nested_branch_dag.py took 0.047 seconds
[2025-08-19T22:08:27.640+0000] {processor.py:161} INFO - Started process (PID=2068) to work on /home/airflow/.local/lib/python3.8/site-packages/airflow/example_dags/example_nested_branch_dag.py
[2025-08-19T22:08:27.641+0000] {processor.py:830} INFO - Processing file /home/airflow/.local/lib/python3.8/site-packages/airflow/example_dags/example_nested_branch_dag.py for tasks to queue
[2025-08-19T22:08:27.642+0000] {logging_mixin.py:188} INFO - [2025-08-19T22:08:27.642+0000] {dagbag.py:538} INFO - Filling up the DagBag from /home/airflow/.local/lib/python3.8/site-packages/airflow/example_dags/example_nested_branch_dag.py
[2025-08-19T22:08:27.651+0000] {processor.py:840} INFO - DAG(s) 'example_nested_branch_dag' retrieved from /home/airflow/.local/lib/python3.8/site-packages/airflow/example_dags/example_nested_branch_dag.py
[2025-08-19T22:08:27.659+0000] {logging_mixin.py:188} INFO - [2025-08-19T22:08:27.659+0000] {dag.py:3036} INFO - Sync 1 DAGs
[2025-08-19T22:08:27.673+0000] {logging_mixin.py:188} INFO - [2025-08-19T22:08:27.673+0000] {dag.py:3823} INFO - Setting next_dagrun for example_nested_branch_dag to 2025-08-18 00:00:00+00:00, run_after=2025-08-19 00:00:00+00:00
[2025-08-19T22:08:27.688+0000] {processor.py:183} INFO - Processing /home/airflow/.local/lib/python3.8/site-packages/airflow/example_dags/example_nested_branch_dag.py took 0.050 seconds
[2025-08-19T22:08:58.279+0000] {processor.py:161} INFO - Started process (PID=2124) to work on /home/airflow/.local/lib/python3.8/site-packages/airflow/example_dags/example_nested_branch_dag.py
[2025-08-19T22:08:58.279+0000] {processor.py:830} INFO - Processing file /home/airflow/.local/lib/python3.8/site-packages/airflow/example_dags/example_nested_branch_dag.py for tasks to queue
[2025-08-19T22:08:58.281+0000] {logging_mixin.py:188} INFO - [2025-08-19T22:08:58.281+0000] {dagbag.py:538} INFO - Filling up the DagBag from /home/airflow/.local/lib/python3.8/site-packages/airflow/example_dags/example_nested_branch_dag.py
[2025-08-19T22:08:58.285+0000] {processor.py:840} INFO - DAG(s) 'example_nested_branch_dag' retrieved from /home/airflow/.local/lib/python3.8/site-packages/airflow/example_dags/example_nested_branch_dag.py
[2025-08-19T22:08:58.293+0000] {logging_mixin.py:188} INFO - [2025-08-19T22:08:58.292+0000] {dag.py:3036} INFO - Sync 1 DAGs
[2025-08-19T22:08:58.301+0000] {logging_mixin.py:188} INFO - [2025-08-19T22:08:58.301+0000] {dag.py:3823} INFO - Setting next_dagrun for example_nested_branch_dag to 2025-08-18 00:00:00+00:00, run_after=2025-08-19 00:00:00+00:00
[2025-08-19T22:08:58.315+0000] {processor.py:183} INFO - Processing /home/airflow/.local/lib/python3.8/site-packages/airflow/example_dags/example_nested_branch_dag.py took 0.037 seconds
[2025-08-19T22:09:28.887+0000] {processor.py:161} INFO - Started process (PID=2180) to work on /home/airflow/.local/lib/python3.8/site-packages/airflow/example_dags/example_nested_branch_dag.py
[2025-08-19T22:09:28.889+0000] {processor.py:830} INFO - Processing file /home/airflow/.local/lib/python3.8/site-packages/airflow/example_dags/example_nested_branch_dag.py for tasks to queue
[2025-08-19T22:09:28.890+0000] {logging_mixin.py:188} INFO - [2025-08-19T22:09:28.890+0000] {dagbag.py:538} INFO - Filling up the DagBag from /home/airflow/.local/lib/python3.8/site-packages/airflow/example_dags/example_nested_branch_dag.py
[2025-08-19T22:09:28.896+0000] {processor.py:840} INFO - DAG(s) 'example_nested_branch_dag' retrieved from /home/airflow/.local/lib/python3.8/site-packages/airflow/example_dags/example_nested_branch_dag.py
[2025-08-19T22:09:28.906+0000] {logging_mixin.py:188} INFO - [2025-08-19T22:09:28.906+0000] {dag.py:3036} INFO - Sync 1 DAGs
[2025-08-19T22:09:28.919+0000] {logging_mixin.py:188} INFO - [2025-08-19T22:09:28.919+0000] {dag.py:3823} INFO - Setting next_dagrun for example_nested_branch_dag to 2025-08-18 00:00:00+00:00, run_after=2025-08-19 00:00:00+00:00
[2025-08-19T22:09:28.928+0000] {processor.py:183} INFO - Processing /home/airflow/.local/lib/python3.8/site-packages/airflow/example_dags/example_nested_branch_dag.py took 0.044 seconds
[2025-08-19T22:09:59.529+0000] {processor.py:161} INFO - Started process (PID=2236) to work on /home/airflow/.local/lib/python3.8/site-packages/airflow/example_dags/example_nested_branch_dag.py
[2025-08-19T22:09:59.531+0000] {processor.py:830} INFO - Processing file /home/airflow/.local/lib/python3.8/site-packages/airflow/example_dags/example_nested_branch_dag.py for tasks to queue
[2025-08-19T22:09:59.532+0000] {logging_mixin.py:188} INFO - [2025-08-19T22:09:59.532+0000] {dagbag.py:538} INFO - Filling up the DagBag from /home/airflow/.local/lib/python3.8/site-packages/airflow/example_dags/example_nested_branch_dag.py
[2025-08-19T22:09:59.539+0000] {processor.py:840} INFO - DAG(s) 'example_nested_branch_dag' retrieved from /home/airflow/.local/lib/python3.8/site-packages/airflow/example_dags/example_nested_branch_dag.py
[2025-08-19T22:09:59.551+0000] {logging_mixin.py:188} INFO - [2025-08-19T22:09:59.551+0000] {dag.py:3036} INFO - Sync 1 DAGs
[2025-08-19T22:09:59.560+0000] {logging_mixin.py:188} INFO - [2025-08-19T22:09:59.560+0000] {dag.py:3823} INFO - Setting next_dagrun for example_nested_branch_dag to 2025-08-18 00:00:00+00:00, run_after=2025-08-19 00:00:00+00:00
[2025-08-19T22:09:59.567+0000] {processor.py:183} INFO - Processing /home/airflow/.local/lib/python3.8/site-packages/airflow/example_dags/example_nested_branch_dag.py took 0.039 seconds
[2025-08-19T22:10:30.110+0000] {processor.py:161} INFO - Started process (PID=2292) to work on /home/airflow/.local/lib/python3.8/site-packages/airflow/example_dags/example_nested_branch_dag.py
[2025-08-19T22:10:30.111+0000] {processor.py:830} INFO - Processing file /home/airflow/.local/lib/python3.8/site-packages/airflow/example_dags/example_nested_branch_dag.py for tasks to queue
[2025-08-19T22:10:30.112+0000] {logging_mixin.py:188} INFO - [2025-08-19T22:10:30.112+0000] {dagbag.py:538} INFO - Filling up the DagBag from /home/airflow/.local/lib/python3.8/site-packages/airflow/example_dags/example_nested_branch_dag.py
[2025-08-19T22:10:30.117+0000] {processor.py:840} INFO - DAG(s) 'example_nested_branch_dag' retrieved from /home/airflow/.local/lib/python3.8/site-packages/airflow/example_dags/example_nested_branch_dag.py
[2025-08-19T22:10:30.128+0000] {logging_mixin.py:188} INFO - [2025-08-19T22:10:30.128+0000] {dag.py:3036} INFO - Sync 1 DAGs
[2025-08-19T22:10:30.138+0000] {logging_mixin.py:188} INFO - [2025-08-19T22:10:30.138+0000] {dag.py:3823} INFO - Setting next_dagrun for example_nested_branch_dag to 2025-08-18 00:00:00+00:00, run_after=2025-08-19 00:00:00+00:00
[2025-08-19T22:10:30.145+0000] {processor.py:183} INFO - Processing /home/airflow/.local/lib/python3.8/site-packages/airflow/example_dags/example_nested_branch_dag.py took 0.036 seconds
[2025-08-19T22:11:00.854+0000] {processor.py:161} INFO - Started process (PID=2348) to work on /home/airflow/.local/lib/python3.8/site-packages/airflow/example_dags/example_nested_branch_dag.py
[2025-08-19T22:11:00.854+0000] {processor.py:830} INFO - Processing file /home/airflow/.local/lib/python3.8/site-packages/airflow/example_dags/example_nested_branch_dag.py for tasks to queue
[2025-08-19T22:11:00.856+0000] {logging_mixin.py:188} INFO - [2025-08-19T22:11:00.855+0000] {dagbag.py:538} INFO - Filling up the DagBag from /home/airflow/.local/lib/python3.8/site-packages/airflow/example_dags/example_nested_branch_dag.py
[2025-08-19T22:11:00.860+0000] {processor.py:840} INFO - DAG(s) 'example_nested_branch_dag' retrieved from /home/airflow/.local/lib/python3.8/site-packages/airflow/example_dags/example_nested_branch_dag.py
[2025-08-19T22:11:00.873+0000] {logging_mixin.py:188} INFO - [2025-08-19T22:11:00.873+0000] {dag.py:3036} INFO - Sync 1 DAGs
[2025-08-19T22:11:00.884+0000] {logging_mixin.py:188} INFO - [2025-08-19T22:11:00.883+0000] {dag.py:3823} INFO - Setting next_dagrun for example_nested_branch_dag to 2025-08-18 00:00:00+00:00, run_after=2025-08-19 00:00:00+00:00
[2025-08-19T22:11:00.891+0000] {processor.py:183} INFO - Processing /home/airflow/.local/lib/python3.8/site-packages/airflow/example_dags/example_nested_branch_dag.py took 0.039 seconds
[2025-08-19T22:11:31.381+0000] {processor.py:161} INFO - Started process (PID=2404) to work on /home/airflow/.local/lib/python3.8/site-packages/airflow/example_dags/example_nested_branch_dag.py
[2025-08-19T22:11:31.382+0000] {processor.py:830} INFO - Processing file /home/airflow/.local/lib/python3.8/site-packages/airflow/example_dags/example_nested_branch_dag.py for tasks to queue
[2025-08-19T22:11:31.383+0000] {logging_mixin.py:188} INFO - [2025-08-19T22:11:31.382+0000] {dagbag.py:538} INFO - Filling up the DagBag from /home/airflow/.local/lib/python3.8/site-packages/airflow/example_dags/example_nested_branch_dag.py
[2025-08-19T22:11:31.386+0000] {processor.py:840} INFO - DAG(s) 'example_nested_branch_dag' retrieved from /home/airflow/.local/lib/python3.8/site-packages/airflow/example_dags/example_nested_branch_dag.py
[2025-08-19T22:11:31.400+0000] {logging_mixin.py:188} INFO - [2025-08-19T22:11:31.400+0000] {dag.py:3036} INFO - Sync 1 DAGs
[2025-08-19T22:11:31.408+0000] {logging_mixin.py:188} INFO - [2025-08-19T22:11:31.408+0000] {dag.py:3823} INFO - Setting next_dagrun for example_nested_branch_dag to 2025-08-18 00:00:00+00:00, run_after=2025-08-19 00:00:00+00:00
[2025-08-19T22:11:31.414+0000] {processor.py:183} INFO - Processing /home/airflow/.local/lib/python3.8/site-packages/airflow/example_dags/example_nested_branch_dag.py took 0.035 seconds
[2025-08-19T22:12:01.841+0000] {processor.py:161} INFO - Started process (PID=2460) to work on /home/airflow/.local/lib/python3.8/site-packages/airflow/example_dags/example_nested_branch_dag.py
[2025-08-19T22:12:01.842+0000] {processor.py:830} INFO - Processing file /home/airflow/.local/lib/python3.8/site-packages/airflow/example_dags/example_nested_branch_dag.py for tasks to queue
[2025-08-19T22:12:01.843+0000] {logging_mixin.py:188} INFO - [2025-08-19T22:12:01.843+0000] {dagbag.py:538} INFO - Filling up the DagBag from /home/airflow/.local/lib/python3.8/site-packages/airflow/example_dags/example_nested_branch_dag.py
[2025-08-19T22:12:01.847+0000] {processor.py:840} INFO - DAG(s) 'example_nested_branch_dag' retrieved from /home/airflow/.local/lib/python3.8/site-packages/airflow/example_dags/example_nested_branch_dag.py
[2025-08-19T22:12:01.855+0000] {logging_mixin.py:188} INFO - [2025-08-19T22:12:01.855+0000] {dag.py:3036} INFO - Sync 1 DAGs
[2025-08-19T22:12:01.863+0000] {logging_mixin.py:188} INFO - [2025-08-19T22:12:01.862+0000] {dag.py:3823} INFO - Setting next_dagrun for example_nested_branch_dag to 2025-08-18 00:00:00+00:00, run_after=2025-08-19 00:00:00+00:00
[2025-08-19T22:12:01.873+0000] {processor.py:183} INFO - Processing /home/airflow/.local/lib/python3.8/site-packages/airflow/example_dags/example_nested_branch_dag.py took 0.034 seconds
[2025-08-19T22:12:32.433+0000] {processor.py:161} INFO - Started process (PID=2516) to work on /home/airflow/.local/lib/python3.8/site-packages/airflow/example_dags/example_nested_branch_dag.py
[2025-08-19T22:12:32.434+0000] {processor.py:830} INFO - Processing file /home/airflow/.local/lib/python3.8/site-packages/airflow/example_dags/example_nested_branch_dag.py for tasks to queue
[2025-08-19T22:12:32.434+0000] {logging_mixin.py:188} INFO - [2025-08-19T22:12:32.434+0000] {dagbag.py:538} INFO - Filling up the DagBag from /home/airflow/.local/lib/python3.8/site-packages/airflow/example_dags/example_nested_branch_dag.py
[2025-08-19T22:12:32.439+0000] {processor.py:840} INFO - DAG(s) 'example_nested_branch_dag' retrieved from /home/airflow/.local/lib/python3.8/site-packages/airflow/example_dags/example_nested_branch_dag.py
[2025-08-19T22:12:32.451+0000] {logging_mixin.py:188} INFO - [2025-08-19T22:12:32.450+0000] {dag.py:3036} INFO - Sync 1 DAGs
[2025-08-19T22:12:32.459+0000] {logging_mixin.py:188} INFO - [2025-08-19T22:12:32.459+0000] {dag.py:3823} INFO - Setting next_dagrun for example_nested_branch_dag to 2025-08-18 00:00:00+00:00, run_after=2025-08-19 00:00:00+00:00
[2025-08-19T22:12:32.466+0000] {processor.py:183} INFO - Processing /home/airflow/.local/lib/python3.8/site-packages/airflow/example_dags/example_nested_branch_dag.py took 0.035 seconds
[2025-08-19T22:13:02.950+0000] {processor.py:161} INFO - Started process (PID=2572) to work on /home/airflow/.local/lib/python3.8/site-packages/airflow/example_dags/example_nested_branch_dag.py
[2025-08-19T22:13:02.951+0000] {processor.py:830} INFO - Processing file /home/airflow/.local/lib/python3.8/site-packages/airflow/example_dags/example_nested_branch_dag.py for tasks to queue
[2025-08-19T22:13:02.952+0000] {logging_mixin.py:188} INFO - [2025-08-19T22:13:02.952+0000] {dagbag.py:538} INFO - Filling up the DagBag from /home/airflow/.local/lib/python3.8/site-packages/airflow/example_dags/example_nested_branch_dag.py
[2025-08-19T22:13:02.957+0000] {processor.py:840} INFO - DAG(s) 'example_nested_branch_dag' retrieved from /home/airflow/.local/lib/python3.8/site-packages/airflow/example_dags/example_nested_branch_dag.py
[2025-08-19T22:13:02.968+0000] {logging_mixin.py:188} INFO - [2025-08-19T22:13:02.968+0000] {dag.py:3036} INFO - Sync 1 DAGs
[2025-08-19T22:13:02.978+0000] {logging_mixin.py:188} INFO - [2025-08-19T22:13:02.977+0000] {dag.py:3823} INFO - Setting next_dagrun for example_nested_branch_dag to 2025-08-18 00:00:00+00:00, run_after=2025-08-19 00:00:00+00:00
[2025-08-19T22:13:02.987+0000] {processor.py:183} INFO - Processing /home/airflow/.local/lib/python3.8/site-packages/airflow/example_dags/example_nested_branch_dag.py took 0.039 seconds
[2025-08-19T22:13:33.543+0000] {processor.py:161} INFO - Started process (PID=2628) to work on /home/airflow/.local/lib/python3.8/site-packages/airflow/example_dags/example_nested_branch_dag.py
[2025-08-19T22:13:33.544+0000] {processor.py:830} INFO - Processing file /home/airflow/.local/lib/python3.8/site-packages/airflow/example_dags/example_nested_branch_dag.py for tasks to queue
[2025-08-19T22:13:33.545+0000] {logging_mixin.py:188} INFO - [2025-08-19T22:13:33.545+0000] {dagbag.py:538} INFO - Filling up the DagBag from /home/airflow/.local/lib/python3.8/site-packages/airflow/example_dags/example_nested_branch_dag.py
[2025-08-19T22:13:33.549+0000] {processor.py:840} INFO - DAG(s) 'example_nested_branch_dag' retrieved from /home/airflow/.local/lib/python3.8/site-packages/airflow/example_dags/example_nested_branch_dag.py
[2025-08-19T22:13:33.558+0000] {logging_mixin.py:188} INFO - [2025-08-19T22:13:33.558+0000] {dag.py:3036} INFO - Sync 1 DAGs
[2025-08-19T22:13:33.566+0000] {logging_mixin.py:188} INFO - [2025-08-19T22:13:33.566+0000] {dag.py:3823} INFO - Setting next_dagrun for example_nested_branch_dag to 2025-08-18 00:00:00+00:00, run_after=2025-08-19 00:00:00+00:00
[2025-08-19T22:13:33.576+0000] {processor.py:183} INFO - Processing /home/airflow/.local/lib/python3.8/site-packages/airflow/example_dags/example_nested_branch_dag.py took 0.035 seconds
[2025-08-19T22:20:09.574+0000] {processor.py:161} INFO - Started process (PID=48) to work on /home/airflow/.local/lib/python3.8/site-packages/airflow/example_dags/example_nested_branch_dag.py
[2025-08-19T22:20:09.575+0000] {processor.py:830} INFO - Processing file /home/airflow/.local/lib/python3.8/site-packages/airflow/example_dags/example_nested_branch_dag.py for tasks to queue
[2025-08-19T22:20:09.576+0000] {logging_mixin.py:188} INFO - [2025-08-19T22:20:09.576+0000] {dagbag.py:538} INFO - Filling up the DagBag from /home/airflow/.local/lib/python3.8/site-packages/airflow/example_dags/example_nested_branch_dag.py
[2025-08-19T22:20:09.584+0000] {processor.py:840} INFO - DAG(s) 'example_nested_branch_dag' retrieved from /home/airflow/.local/lib/python3.8/site-packages/airflow/example_dags/example_nested_branch_dag.py
[2025-08-19T22:20:09.594+0000] {logging_mixin.py:188} INFO - [2025-08-19T22:20:09.594+0000] {dag.py:3036} INFO - Sync 1 DAGs
[2025-08-19T22:20:09.606+0000] {logging_mixin.py:188} INFO - [2025-08-19T22:20:09.605+0000] {dag.py:3823} INFO - Setting next_dagrun for example_nested_branch_dag to 2025-08-18 00:00:00+00:00, run_after=2025-08-19 00:00:00+00:00
[2025-08-19T22:20:09.620+0000] {processor.py:183} INFO - Processing /home/airflow/.local/lib/python3.8/site-packages/airflow/example_dags/example_nested_branch_dag.py took 0.049 seconds
[2025-08-19T22:20:39.748+0000] {processor.py:161} INFO - Started process (PID=104) to work on /home/airflow/.local/lib/python3.8/site-packages/airflow/example_dags/example_nested_branch_dag.py
[2025-08-19T22:20:39.750+0000] {processor.py:830} INFO - Processing file /home/airflow/.local/lib/python3.8/site-packages/airflow/example_dags/example_nested_branch_dag.py for tasks to queue
[2025-08-19T22:20:39.751+0000] {logging_mixin.py:188} INFO - [2025-08-19T22:20:39.751+0000] {dagbag.py:538} INFO - Filling up the DagBag from /home/airflow/.local/lib/python3.8/site-packages/airflow/example_dags/example_nested_branch_dag.py
[2025-08-19T22:20:39.756+0000] {processor.py:840} INFO - DAG(s) 'example_nested_branch_dag' retrieved from /home/airflow/.local/lib/python3.8/site-packages/airflow/example_dags/example_nested_branch_dag.py
[2025-08-19T22:20:39.794+0000] {logging_mixin.py:188} INFO - [2025-08-19T22:20:39.794+0000] {dag.py:3036} INFO - Sync 1 DAGs
[2025-08-19T22:20:39.804+0000] {logging_mixin.py:188} INFO - [2025-08-19T22:20:39.804+0000] {dag.py:3823} INFO - Setting next_dagrun for example_nested_branch_dag to 2025-08-18 00:00:00+00:00, run_after=2025-08-19 00:00:00+00:00
[2025-08-19T22:20:39.812+0000] {processor.py:183} INFO - Processing /home/airflow/.local/lib/python3.8/site-packages/airflow/example_dags/example_nested_branch_dag.py took 0.065 seconds
[2025-08-19T22:21:09.835+0000] {processor.py:161} INFO - Started process (PID=160) to work on /home/airflow/.local/lib/python3.8/site-packages/airflow/example_dags/example_nested_branch_dag.py
[2025-08-19T22:21:09.835+0000] {processor.py:830} INFO - Processing file /home/airflow/.local/lib/python3.8/site-packages/airflow/example_dags/example_nested_branch_dag.py for tasks to queue
[2025-08-19T22:21:09.836+0000] {logging_mixin.py:188} INFO - [2025-08-19T22:21:09.836+0000] {dagbag.py:538} INFO - Filling up the DagBag from /home/airflow/.local/lib/python3.8/site-packages/airflow/example_dags/example_nested_branch_dag.py
[2025-08-19T22:21:09.840+0000] {processor.py:840} INFO - DAG(s) 'example_nested_branch_dag' retrieved from /home/airflow/.local/lib/python3.8/site-packages/airflow/example_dags/example_nested_branch_dag.py
[2025-08-19T22:21:09.848+0000] {logging_mixin.py:188} INFO - [2025-08-19T22:21:09.848+0000] {dag.py:3036} INFO - Sync 1 DAGs
[2025-08-19T22:21:09.856+0000] {logging_mixin.py:188} INFO - [2025-08-19T22:21:09.856+0000] {dag.py:3823} INFO - Setting next_dagrun for example_nested_branch_dag to 2025-08-18 00:00:00+00:00, run_after=2025-08-19 00:00:00+00:00
[2025-08-19T22:21:09.862+0000] {processor.py:183} INFO - Processing /home/airflow/.local/lib/python3.8/site-packages/airflow/example_dags/example_nested_branch_dag.py took 0.028 seconds
[2025-08-19T22:21:40.665+0000] {processor.py:161} INFO - Started process (PID=216) to work on /home/airflow/.local/lib/python3.8/site-packages/airflow/example_dags/example_nested_branch_dag.py
[2025-08-19T22:21:40.666+0000] {processor.py:830} INFO - Processing file /home/airflow/.local/lib/python3.8/site-packages/airflow/example_dags/example_nested_branch_dag.py for tasks to queue
[2025-08-19T22:21:40.667+0000] {logging_mixin.py:188} INFO - [2025-08-19T22:21:40.667+0000] {dagbag.py:538} INFO - Filling up the DagBag from /home/airflow/.local/lib/python3.8/site-packages/airflow/example_dags/example_nested_branch_dag.py
[2025-08-19T22:21:40.671+0000] {processor.py:840} INFO - DAG(s) 'example_nested_branch_dag' retrieved from /home/airflow/.local/lib/python3.8/site-packages/airflow/example_dags/example_nested_branch_dag.py
[2025-08-19T22:21:40.689+0000] {logging_mixin.py:188} INFO - [2025-08-19T22:21:40.689+0000] {dag.py:3036} INFO - Sync 1 DAGs
[2025-08-19T22:21:40.701+0000] {logging_mixin.py:188} INFO - [2025-08-19T22:21:40.701+0000] {dag.py:3823} INFO - Setting next_dagrun for example_nested_branch_dag to 2025-08-18 00:00:00+00:00, run_after=2025-08-19 00:00:00+00:00
[2025-08-19T22:21:40.713+0000] {processor.py:183} INFO - Processing /home/airflow/.local/lib/python3.8/site-packages/airflow/example_dags/example_nested_branch_dag.py took 0.051 seconds
[2025-08-19T22:22:11.257+0000] {processor.py:161} INFO - Started process (PID=272) to work on /home/airflow/.local/lib/python3.8/site-packages/airflow/example_dags/example_nested_branch_dag.py
[2025-08-19T22:22:11.258+0000] {processor.py:830} INFO - Processing file /home/airflow/.local/lib/python3.8/site-packages/airflow/example_dags/example_nested_branch_dag.py for tasks to queue
[2025-08-19T22:22:11.259+0000] {logging_mixin.py:188} INFO - [2025-08-19T22:22:11.259+0000] {dagbag.py:538} INFO - Filling up the DagBag from /home/airflow/.local/lib/python3.8/site-packages/airflow/example_dags/example_nested_branch_dag.py
[2025-08-19T22:22:11.263+0000] {processor.py:840} INFO - DAG(s) 'example_nested_branch_dag' retrieved from /home/airflow/.local/lib/python3.8/site-packages/airflow/example_dags/example_nested_branch_dag.py
[2025-08-19T22:22:11.277+0000] {logging_mixin.py:188} INFO - [2025-08-19T22:22:11.276+0000] {dag.py:3036} INFO - Sync 1 DAGs
[2025-08-19T22:22:11.286+0000] {logging_mixin.py:188} INFO - [2025-08-19T22:22:11.286+0000] {dag.py:3823} INFO - Setting next_dagrun for example_nested_branch_dag to 2025-08-18 00:00:00+00:00, run_after=2025-08-19 00:00:00+00:00
[2025-08-19T22:22:11.292+0000] {processor.py:183} INFO - Processing /home/airflow/.local/lib/python3.8/site-packages/airflow/example_dags/example_nested_branch_dag.py took 0.037 seconds
[2025-08-19T22:22:41.784+0000] {processor.py:161} INFO - Started process (PID=328) to work on /home/airflow/.local/lib/python3.8/site-packages/airflow/example_dags/example_nested_branch_dag.py
[2025-08-19T22:22:41.784+0000] {processor.py:830} INFO - Processing file /home/airflow/.local/lib/python3.8/site-packages/airflow/example_dags/example_nested_branch_dag.py for tasks to queue
[2025-08-19T22:22:41.785+0000] {logging_mixin.py:188} INFO - [2025-08-19T22:22:41.785+0000] {dagbag.py:538} INFO - Filling up the DagBag from /home/airflow/.local/lib/python3.8/site-packages/airflow/example_dags/example_nested_branch_dag.py
[2025-08-19T22:22:41.788+0000] {processor.py:840} INFO - DAG(s) 'example_nested_branch_dag' retrieved from /home/airflow/.local/lib/python3.8/site-packages/airflow/example_dags/example_nested_branch_dag.py
[2025-08-19T22:22:41.796+0000] {logging_mixin.py:188} INFO - [2025-08-19T22:22:41.796+0000] {dag.py:3036} INFO - Sync 1 DAGs
[2025-08-19T22:22:41.803+0000] {logging_mixin.py:188} INFO - [2025-08-19T22:22:41.803+0000] {dag.py:3823} INFO - Setting next_dagrun for example_nested_branch_dag to 2025-08-18 00:00:00+00:00, run_after=2025-08-19 00:00:00+00:00
[2025-08-19T22:22:41.809+0000] {processor.py:183} INFO - Processing /home/airflow/.local/lib/python3.8/site-packages/airflow/example_dags/example_nested_branch_dag.py took 0.026 seconds
[2025-08-19T22:23:12.512+0000] {processor.py:161} INFO - Started process (PID=388) to work on /home/airflow/.local/lib/python3.8/site-packages/airflow/example_dags/example_nested_branch_dag.py
[2025-08-19T22:23:12.512+0000] {processor.py:830} INFO - Processing file /home/airflow/.local/lib/python3.8/site-packages/airflow/example_dags/example_nested_branch_dag.py for tasks to queue
[2025-08-19T22:23:12.513+0000] {logging_mixin.py:188} INFO - [2025-08-19T22:23:12.513+0000] {dagbag.py:538} INFO - Filling up the DagBag from /home/airflow/.local/lib/python3.8/site-packages/airflow/example_dags/example_nested_branch_dag.py
[2025-08-19T22:23:12.518+0000] {processor.py:840} INFO - DAG(s) 'example_nested_branch_dag' retrieved from /home/airflow/.local/lib/python3.8/site-packages/airflow/example_dags/example_nested_branch_dag.py
[2025-08-19T22:23:12.529+0000] {logging_mixin.py:188} INFO - [2025-08-19T22:23:12.529+0000] {dag.py:3036} INFO - Sync 1 DAGs
[2025-08-19T22:23:12.540+0000] {logging_mixin.py:188} INFO - [2025-08-19T22:23:12.540+0000] {dag.py:3823} INFO - Setting next_dagrun for example_nested_branch_dag to 2025-08-18 00:00:00+00:00, run_after=2025-08-19 00:00:00+00:00
[2025-08-19T22:23:12.548+0000] {processor.py:183} INFO - Processing /home/airflow/.local/lib/python3.8/site-packages/airflow/example_dags/example_nested_branch_dag.py took 0.038 seconds
[2025-08-19T22:23:43.104+0000] {processor.py:161} INFO - Started process (PID=450) to work on /home/airflow/.local/lib/python3.8/site-packages/airflow/example_dags/example_nested_branch_dag.py
[2025-08-19T22:23:43.104+0000] {processor.py:830} INFO - Processing file /home/airflow/.local/lib/python3.8/site-packages/airflow/example_dags/example_nested_branch_dag.py for tasks to queue
[2025-08-19T22:23:43.105+0000] {logging_mixin.py:188} INFO - [2025-08-19T22:23:43.105+0000] {dagbag.py:538} INFO - Filling up the DagBag from /home/airflow/.local/lib/python3.8/site-packages/airflow/example_dags/example_nested_branch_dag.py
[2025-08-19T22:23:43.109+0000] {processor.py:840} INFO - DAG(s) 'example_nested_branch_dag' retrieved from /home/airflow/.local/lib/python3.8/site-packages/airflow/example_dags/example_nested_branch_dag.py
[2025-08-19T22:23:43.120+0000] {logging_mixin.py:188} INFO - [2025-08-19T22:23:43.120+0000] {dag.py:3036} INFO - Sync 1 DAGs
[2025-08-19T22:23:43.130+0000] {logging_mixin.py:188} INFO - [2025-08-19T22:23:43.130+0000] {dag.py:3823} INFO - Setting next_dagrun for example_nested_branch_dag to 2025-08-18 00:00:00+00:00, run_after=2025-08-19 00:00:00+00:00
[2025-08-19T22:23:43.139+0000] {processor.py:183} INFO - Processing /home/airflow/.local/lib/python3.8/site-packages/airflow/example_dags/example_nested_branch_dag.py took 0.037 seconds
[2025-08-19T22:24:13.540+0000] {processor.py:161} INFO - Started process (PID=506) to work on /home/airflow/.local/lib/python3.8/site-packages/airflow/example_dags/example_nested_branch_dag.py
[2025-08-19T22:24:13.540+0000] {processor.py:830} INFO - Processing file /home/airflow/.local/lib/python3.8/site-packages/airflow/example_dags/example_nested_branch_dag.py for tasks to queue
[2025-08-19T22:24:13.541+0000] {logging_mixin.py:188} INFO - [2025-08-19T22:24:13.541+0000] {dagbag.py:538} INFO - Filling up the DagBag from /home/airflow/.local/lib/python3.8/site-packages/airflow/example_dags/example_nested_branch_dag.py
[2025-08-19T22:24:13.545+0000] {processor.py:840} INFO - DAG(s) 'example_nested_branch_dag' retrieved from /home/airflow/.local/lib/python3.8/site-packages/airflow/example_dags/example_nested_branch_dag.py
[2025-08-19T22:24:13.557+0000] {logging_mixin.py:188} INFO - [2025-08-19T22:24:13.557+0000] {dag.py:3036} INFO - Sync 1 DAGs
[2025-08-19T22:24:13.564+0000] {logging_mixin.py:188} INFO - [2025-08-19T22:24:13.564+0000] {dag.py:3823} INFO - Setting next_dagrun for example_nested_branch_dag to 2025-08-18 00:00:00+00:00, run_after=2025-08-19 00:00:00+00:00
[2025-08-19T22:24:13.573+0000] {processor.py:183} INFO - Processing /home/airflow/.local/lib/python3.8/site-packages/airflow/example_dags/example_nested_branch_dag.py took 0.035 seconds
[2025-08-19T22:24:43.974+0000] {processor.py:161} INFO - Started process (PID=562) to work on /home/airflow/.local/lib/python3.8/site-packages/airflow/example_dags/example_nested_branch_dag.py
[2025-08-19T22:24:43.975+0000] {processor.py:830} INFO - Processing file /home/airflow/.local/lib/python3.8/site-packages/airflow/example_dags/example_nested_branch_dag.py for tasks to queue
[2025-08-19T22:24:43.975+0000] {logging_mixin.py:188} INFO - [2025-08-19T22:24:43.975+0000] {dagbag.py:538} INFO - Filling up the DagBag from /home/airflow/.local/lib/python3.8/site-packages/airflow/example_dags/example_nested_branch_dag.py
[2025-08-19T22:24:43.979+0000] {processor.py:840} INFO - DAG(s) 'example_nested_branch_dag' retrieved from /home/airflow/.local/lib/python3.8/site-packages/airflow/example_dags/example_nested_branch_dag.py
[2025-08-19T22:24:43.986+0000] {logging_mixin.py:188} INFO - [2025-08-19T22:24:43.986+0000] {dag.py:3036} INFO - Sync 1 DAGs
[2025-08-19T22:24:43.993+0000] {logging_mixin.py:188} INFO - [2025-08-19T22:24:43.993+0000] {dag.py:3823} INFO - Setting next_dagrun for example_nested_branch_dag to 2025-08-18 00:00:00+00:00, run_after=2025-08-19 00:00:00+00:00
[2025-08-19T22:24:43.999+0000] {processor.py:183} INFO - Processing /home/airflow/.local/lib/python3.8/site-packages/airflow/example_dags/example_nested_branch_dag.py took 0.026 seconds
[2025-08-19T22:25:14.436+0000] {processor.py:161} INFO - Started process (PID=618) to work on /home/airflow/.local/lib/python3.8/site-packages/airflow/example_dags/example_nested_branch_dag.py
[2025-08-19T22:25:14.437+0000] {processor.py:830} INFO - Processing file /home/airflow/.local/lib/python3.8/site-packages/airflow/example_dags/example_nested_branch_dag.py for tasks to queue
[2025-08-19T22:25:14.438+0000] {logging_mixin.py:188} INFO - [2025-08-19T22:25:14.437+0000] {dagbag.py:538} INFO - Filling up the DagBag from /home/airflow/.local/lib/python3.8/site-packages/airflow/example_dags/example_nested_branch_dag.py
[2025-08-19T22:25:14.441+0000] {processor.py:840} INFO - DAG(s) 'example_nested_branch_dag' retrieved from /home/airflow/.local/lib/python3.8/site-packages/airflow/example_dags/example_nested_branch_dag.py
[2025-08-19T22:25:14.449+0000] {logging_mixin.py:188} INFO - [2025-08-19T22:25:14.449+0000] {dag.py:3036} INFO - Sync 1 DAGs
[2025-08-19T22:25:14.456+0000] {logging_mixin.py:188} INFO - [2025-08-19T22:25:14.456+0000] {dag.py:3823} INFO - Setting next_dagrun for example_nested_branch_dag to 2025-08-18 00:00:00+00:00, run_after=2025-08-19 00:00:00+00:00
[2025-08-19T22:25:14.462+0000] {processor.py:183} INFO - Processing /home/airflow/.local/lib/python3.8/site-packages/airflow/example_dags/example_nested_branch_dag.py took 0.026 seconds
[2025-08-19T22:25:44.856+0000] {processor.py:161} INFO - Started process (PID=674) to work on /home/airflow/.local/lib/python3.8/site-packages/airflow/example_dags/example_nested_branch_dag.py
[2025-08-19T22:25:44.857+0000] {processor.py:830} INFO - Processing file /home/airflow/.local/lib/python3.8/site-packages/airflow/example_dags/example_nested_branch_dag.py for tasks to queue
[2025-08-19T22:25:44.858+0000] {logging_mixin.py:188} INFO - [2025-08-19T22:25:44.858+0000] {dagbag.py:538} INFO - Filling up the DagBag from /home/airflow/.local/lib/python3.8/site-packages/airflow/example_dags/example_nested_branch_dag.py
[2025-08-19T22:25:44.862+0000] {processor.py:840} INFO - DAG(s) 'example_nested_branch_dag' retrieved from /home/airflow/.local/lib/python3.8/site-packages/airflow/example_dags/example_nested_branch_dag.py
[2025-08-19T22:25:44.877+0000] {logging_mixin.py:188} INFO - [2025-08-19T22:25:44.877+0000] {dag.py:3036} INFO - Sync 1 DAGs
[2025-08-19T22:25:44.889+0000] {logging_mixin.py:188} INFO - [2025-08-19T22:25:44.888+0000] {dag.py:3823} INFO - Setting next_dagrun for example_nested_branch_dag to 2025-08-18 00:00:00+00:00, run_after=2025-08-19 00:00:00+00:00
[2025-08-19T22:25:44.897+0000] {processor.py:183} INFO - Processing /home/airflow/.local/lib/python3.8/site-packages/airflow/example_dags/example_nested_branch_dag.py took 0.042 seconds
[2025-08-19T22:26:15.294+0000] {processor.py:161} INFO - Started process (PID=730) to work on /home/airflow/.local/lib/python3.8/site-packages/airflow/example_dags/example_nested_branch_dag.py
[2025-08-19T22:26:15.295+0000] {processor.py:830} INFO - Processing file /home/airflow/.local/lib/python3.8/site-packages/airflow/example_dags/example_nested_branch_dag.py for tasks to queue
[2025-08-19T22:26:15.296+0000] {logging_mixin.py:188} INFO - [2025-08-19T22:26:15.296+0000] {dagbag.py:538} INFO - Filling up the DagBag from /home/airflow/.local/lib/python3.8/site-packages/airflow/example_dags/example_nested_branch_dag.py
[2025-08-19T22:26:15.301+0000] {processor.py:840} INFO - DAG(s) 'example_nested_branch_dag' retrieved from /home/airflow/.local/lib/python3.8/site-packages/airflow/example_dags/example_nested_branch_dag.py
[2025-08-19T22:26:15.312+0000] {logging_mixin.py:188} INFO - [2025-08-19T22:26:15.312+0000] {dag.py:3036} INFO - Sync 1 DAGs
[2025-08-19T22:26:15.321+0000] {logging_mixin.py:188} INFO - [2025-08-19T22:26:15.321+0000] {dag.py:3823} INFO - Setting next_dagrun for example_nested_branch_dag to 2025-08-18 00:00:00+00:00, run_after=2025-08-19 00:00:00+00:00
[2025-08-19T22:26:15.327+0000] {processor.py:183} INFO - Processing /home/airflow/.local/lib/python3.8/site-packages/airflow/example_dags/example_nested_branch_dag.py took 0.035 seconds
[2025-08-19T22:26:45.673+0000] {processor.py:161} INFO - Started process (PID=786) to work on /home/airflow/.local/lib/python3.8/site-packages/airflow/example_dags/example_nested_branch_dag.py
[2025-08-19T22:26:45.674+0000] {processor.py:830} INFO - Processing file /home/airflow/.local/lib/python3.8/site-packages/airflow/example_dags/example_nested_branch_dag.py for tasks to queue
[2025-08-19T22:26:45.675+0000] {logging_mixin.py:188} INFO - [2025-08-19T22:26:45.675+0000] {dagbag.py:538} INFO - Filling up the DagBag from /home/airflow/.local/lib/python3.8/site-packages/airflow/example_dags/example_nested_branch_dag.py
[2025-08-19T22:26:45.678+0000] {processor.py:840} INFO - DAG(s) 'example_nested_branch_dag' retrieved from /home/airflow/.local/lib/python3.8/site-packages/airflow/example_dags/example_nested_branch_dag.py
[2025-08-19T22:26:45.686+0000] {logging_mixin.py:188} INFO - [2025-08-19T22:26:45.686+0000] {dag.py:3036} INFO - Sync 1 DAGs
[2025-08-19T22:26:45.693+0000] {logging_mixin.py:188} INFO - [2025-08-19T22:26:45.693+0000] {dag.py:3823} INFO - Setting next_dagrun for example_nested_branch_dag to 2025-08-18 00:00:00+00:00, run_after=2025-08-19 00:00:00+00:00
[2025-08-19T22:26:45.698+0000] {processor.py:183} INFO - Processing /home/airflow/.local/lib/python3.8/site-packages/airflow/example_dags/example_nested_branch_dag.py took 0.027 seconds
[2025-08-19T22:27:16.142+0000] {processor.py:161} INFO - Started process (PID=842) to work on /home/airflow/.local/lib/python3.8/site-packages/airflow/example_dags/example_nested_branch_dag.py
[2025-08-19T22:27:16.143+0000] {processor.py:830} INFO - Processing file /home/airflow/.local/lib/python3.8/site-packages/airflow/example_dags/example_nested_branch_dag.py for tasks to queue
[2025-08-19T22:27:16.143+0000] {logging_mixin.py:188} INFO - [2025-08-19T22:27:16.143+0000] {dagbag.py:538} INFO - Filling up the DagBag from /home/airflow/.local/lib/python3.8/site-packages/airflow/example_dags/example_nested_branch_dag.py
[2025-08-19T22:27:16.147+0000] {processor.py:840} INFO - DAG(s) 'example_nested_branch_dag' retrieved from /home/airflow/.local/lib/python3.8/site-packages/airflow/example_dags/example_nested_branch_dag.py
[2025-08-19T22:27:16.155+0000] {logging_mixin.py:188} INFO - [2025-08-19T22:27:16.154+0000] {dag.py:3036} INFO - Sync 1 DAGs
[2025-08-19T22:27:16.162+0000] {logging_mixin.py:188} INFO - [2025-08-19T22:27:16.161+0000] {dag.py:3823} INFO - Setting next_dagrun for example_nested_branch_dag to 2025-08-18 00:00:00+00:00, run_after=2025-08-19 00:00:00+00:00
[2025-08-19T22:27:16.168+0000] {processor.py:183} INFO - Processing /home/airflow/.local/lib/python3.8/site-packages/airflow/example_dags/example_nested_branch_dag.py took 0.027 seconds
[2025-08-19T22:27:46.605+0000] {processor.py:161} INFO - Started process (PID=902) to work on /home/airflow/.local/lib/python3.8/site-packages/airflow/example_dags/example_nested_branch_dag.py
[2025-08-19T22:27:46.608+0000] {processor.py:830} INFO - Processing file /home/airflow/.local/lib/python3.8/site-packages/airflow/example_dags/example_nested_branch_dag.py for tasks to queue
[2025-08-19T22:27:46.609+0000] {logging_mixin.py:188} INFO - [2025-08-19T22:27:46.609+0000] {dagbag.py:538} INFO - Filling up the DagBag from /home/airflow/.local/lib/python3.8/site-packages/airflow/example_dags/example_nested_branch_dag.py
[2025-08-19T22:27:46.618+0000] {processor.py:840} INFO - DAG(s) 'example_nested_branch_dag' retrieved from /home/airflow/.local/lib/python3.8/site-packages/airflow/example_dags/example_nested_branch_dag.py
[2025-08-19T22:27:46.633+0000] {logging_mixin.py:188} INFO - [2025-08-19T22:27:46.633+0000] {dag.py:3036} INFO - Sync 1 DAGs
[2025-08-19T22:27:46.651+0000] {logging_mixin.py:188} INFO - [2025-08-19T22:27:46.651+0000] {dag.py:3823} INFO - Setting next_dagrun for example_nested_branch_dag to 2025-08-18 00:00:00+00:00, run_after=2025-08-19 00:00:00+00:00
[2025-08-19T22:27:46.665+0000] {processor.py:183} INFO - Processing /home/airflow/.local/lib/python3.8/site-packages/airflow/example_dags/example_nested_branch_dag.py took 0.062 seconds
[2025-08-19T22:28:17.323+0000] {processor.py:161} INFO - Started process (PID=958) to work on /home/airflow/.local/lib/python3.8/site-packages/airflow/example_dags/example_nested_branch_dag.py
[2025-08-19T22:28:17.323+0000] {processor.py:830} INFO - Processing file /home/airflow/.local/lib/python3.8/site-packages/airflow/example_dags/example_nested_branch_dag.py for tasks to queue
[2025-08-19T22:28:17.324+0000] {logging_mixin.py:188} INFO - [2025-08-19T22:28:17.324+0000] {dagbag.py:538} INFO - Filling up the DagBag from /home/airflow/.local/lib/python3.8/site-packages/airflow/example_dags/example_nested_branch_dag.py
[2025-08-19T22:28:17.328+0000] {processor.py:840} INFO - DAG(s) 'example_nested_branch_dag' retrieved from /home/airflow/.local/lib/python3.8/site-packages/airflow/example_dags/example_nested_branch_dag.py
[2025-08-19T22:28:17.336+0000] {logging_mixin.py:188} INFO - [2025-08-19T22:28:17.336+0000] {dag.py:3036} INFO - Sync 1 DAGs
[2025-08-19T22:28:17.343+0000] {logging_mixin.py:188} INFO - [2025-08-19T22:28:17.343+0000] {dag.py:3823} INFO - Setting next_dagrun for example_nested_branch_dag to 2025-08-18 00:00:00+00:00, run_after=2025-08-19 00:00:00+00:00
[2025-08-19T22:28:17.348+0000] {processor.py:183} INFO - Processing /home/airflow/.local/lib/python3.8/site-packages/airflow/example_dags/example_nested_branch_dag.py took 0.027 seconds
[2025-08-19T22:28:47.798+0000] {processor.py:161} INFO - Started process (PID=1014) to work on /home/airflow/.local/lib/python3.8/site-packages/airflow/example_dags/example_nested_branch_dag.py
[2025-08-19T22:28:47.799+0000] {processor.py:830} INFO - Processing file /home/airflow/.local/lib/python3.8/site-packages/airflow/example_dags/example_nested_branch_dag.py for tasks to queue
[2025-08-19T22:28:47.799+0000] {logging_mixin.py:188} INFO - [2025-08-19T22:28:47.799+0000] {dagbag.py:538} INFO - Filling up the DagBag from /home/airflow/.local/lib/python3.8/site-packages/airflow/example_dags/example_nested_branch_dag.py
[2025-08-19T22:28:47.803+0000] {processor.py:840} INFO - DAG(s) 'example_nested_branch_dag' retrieved from /home/airflow/.local/lib/python3.8/site-packages/airflow/example_dags/example_nested_branch_dag.py
[2025-08-19T22:28:47.811+0000] {logging_mixin.py:188} INFO - [2025-08-19T22:28:47.810+0000] {dag.py:3036} INFO - Sync 1 DAGs
[2025-08-19T22:28:47.818+0000] {logging_mixin.py:188} INFO - [2025-08-19T22:28:47.818+0000] {dag.py:3823} INFO - Setting next_dagrun for example_nested_branch_dag to 2025-08-18 00:00:00+00:00, run_after=2025-08-19 00:00:00+00:00
[2025-08-19T22:28:47.823+0000] {processor.py:183} INFO - Processing /home/airflow/.local/lib/python3.8/site-packages/airflow/example_dags/example_nested_branch_dag.py took 0.027 seconds
[2025-08-19T22:29:18.262+0000] {processor.py:161} INFO - Started process (PID=1070) to work on /home/airflow/.local/lib/python3.8/site-packages/airflow/example_dags/example_nested_branch_dag.py
[2025-08-19T22:29:18.262+0000] {processor.py:830} INFO - Processing file /home/airflow/.local/lib/python3.8/site-packages/airflow/example_dags/example_nested_branch_dag.py for tasks to queue
[2025-08-19T22:29:18.263+0000] {logging_mixin.py:188} INFO - [2025-08-19T22:29:18.263+0000] {dagbag.py:538} INFO - Filling up the DagBag from /home/airflow/.local/lib/python3.8/site-packages/airflow/example_dags/example_nested_branch_dag.py
[2025-08-19T22:29:18.267+0000] {processor.py:840} INFO - DAG(s) 'example_nested_branch_dag' retrieved from /home/airflow/.local/lib/python3.8/site-packages/airflow/example_dags/example_nested_branch_dag.py
[2025-08-19T22:29:18.275+0000] {logging_mixin.py:188} INFO - [2025-08-19T22:29:18.274+0000] {dag.py:3036} INFO - Sync 1 DAGs
[2025-08-19T22:29:18.282+0000] {logging_mixin.py:188} INFO - [2025-08-19T22:29:18.282+0000] {dag.py:3823} INFO - Setting next_dagrun for example_nested_branch_dag to 2025-08-18 00:00:00+00:00, run_after=2025-08-19 00:00:00+00:00
[2025-08-19T22:29:18.287+0000] {processor.py:183} INFO - Processing /home/airflow/.local/lib/python3.8/site-packages/airflow/example_dags/example_nested_branch_dag.py took 0.027 seconds
[2025-08-19T22:29:48.956+0000] {processor.py:161} INFO - Started process (PID=1126) to work on /home/airflow/.local/lib/python3.8/site-packages/airflow/example_dags/example_nested_branch_dag.py
[2025-08-19T22:29:48.956+0000] {processor.py:830} INFO - Processing file /home/airflow/.local/lib/python3.8/site-packages/airflow/example_dags/example_nested_branch_dag.py for tasks to queue
[2025-08-19T22:29:48.957+0000] {logging_mixin.py:188} INFO - [2025-08-19T22:29:48.957+0000] {dagbag.py:538} INFO - Filling up the DagBag from /home/airflow/.local/lib/python3.8/site-packages/airflow/example_dags/example_nested_branch_dag.py
[2025-08-19T22:29:48.960+0000] {processor.py:840} INFO - DAG(s) 'example_nested_branch_dag' retrieved from /home/airflow/.local/lib/python3.8/site-packages/airflow/example_dags/example_nested_branch_dag.py
[2025-08-19T22:29:48.969+0000] {logging_mixin.py:188} INFO - [2025-08-19T22:29:48.969+0000] {dag.py:3036} INFO - Sync 1 DAGs
[2025-08-19T22:29:48.976+0000] {logging_mixin.py:188} INFO - [2025-08-19T22:29:48.976+0000] {dag.py:3823} INFO - Setting next_dagrun for example_nested_branch_dag to 2025-08-18 00:00:00+00:00, run_after=2025-08-19 00:00:00+00:00
[2025-08-19T22:29:48.981+0000] {processor.py:183} INFO - Processing /home/airflow/.local/lib/python3.8/site-packages/airflow/example_dags/example_nested_branch_dag.py took 0.027 seconds
[2025-08-19T22:30:19.426+0000] {processor.py:161} INFO - Started process (PID=1182) to work on /home/airflow/.local/lib/python3.8/site-packages/airflow/example_dags/example_nested_branch_dag.py
[2025-08-19T22:30:19.426+0000] {processor.py:830} INFO - Processing file /home/airflow/.local/lib/python3.8/site-packages/airflow/example_dags/example_nested_branch_dag.py for tasks to queue
[2025-08-19T22:30:19.427+0000] {logging_mixin.py:188} INFO - [2025-08-19T22:30:19.427+0000] {dagbag.py:538} INFO - Filling up the DagBag from /home/airflow/.local/lib/python3.8/site-packages/airflow/example_dags/example_nested_branch_dag.py
[2025-08-19T22:30:19.431+0000] {processor.py:840} INFO - DAG(s) 'example_nested_branch_dag' retrieved from /home/airflow/.local/lib/python3.8/site-packages/airflow/example_dags/example_nested_branch_dag.py
[2025-08-19T22:30:19.438+0000] {logging_mixin.py:188} INFO - [2025-08-19T22:30:19.438+0000] {dag.py:3036} INFO - Sync 1 DAGs
[2025-08-19T22:30:19.445+0000] {logging_mixin.py:188} INFO - [2025-08-19T22:30:19.445+0000] {dag.py:3823} INFO - Setting next_dagrun for example_nested_branch_dag to 2025-08-18 00:00:00+00:00, run_after=2025-08-19 00:00:00+00:00
[2025-08-19T22:30:19.451+0000] {processor.py:183} INFO - Processing /home/airflow/.local/lib/python3.8/site-packages/airflow/example_dags/example_nested_branch_dag.py took 0.026 seconds
