[2025-08-19T21:50:07.395+0000] {processor.py:161} INFO - Started process (PID=62) to work on /home/airflow/.local/lib/python3.8/site-packages/airflow/example_dags/example_dag_decorator.py
[2025-08-19T21:50:07.396+0000] {processor.py:830} INFO - Processing file /home/airflow/.local/lib/python3.8/site-packages/airflow/example_dags/example_dag_decorator.py for tasks to queue
[2025-08-19T21:50:07.397+0000] {logging_mixin.py:188} INFO - [2025-08-19T21:50:07.397+0000] {dagbag.py:538} INFO - Filling up the DagBag from /home/airflow/.local/lib/python3.8/site-packages/airflow/example_dags/example_dag_decorator.py
[2025-08-19T21:50:07.522+0000] {processor.py:840} INFO - DAG(s) 'example_dag_decorator' retrieved from /home/airflow/.local/lib/python3.8/site-packages/airflow/example_dags/example_dag_decorator.py
[2025-08-19T21:50:07.538+0000] {logging_mixin.py:188} INFO - [2025-08-19T21:50:07.538+0000] {dag.py:3036} INFO - Sync 1 DAGs
[2025-08-19T21:50:07.560+0000] {logging_mixin.py:188} INFO - [2025-08-19T21:50:07.559+0000] {dag.py:3823} INFO - Setting next_dagrun for example_dag_decorator to None, run_after=None
[2025-08-19T21:50:07.578+0000] {processor.py:183} INFO - Processing /home/airflow/.local/lib/python3.8/site-packages/airflow/example_dags/example_dag_decorator.py took 0.186 seconds
[2025-08-19T21:50:37.979+0000] {processor.py:161} INFO - Started process (PID=118) to work on /home/airflow/.local/lib/python3.8/site-packages/airflow/example_dags/example_dag_decorator.py
[2025-08-19T21:50:37.980+0000] {processor.py:830} INFO - Processing file /home/airflow/.local/lib/python3.8/site-packages/airflow/example_dags/example_dag_decorator.py for tasks to queue
[2025-08-19T21:50:37.984+0000] {logging_mixin.py:188} INFO - [2025-08-19T21:50:37.984+0000] {dagbag.py:538} INFO - Filling up the DagBag from /home/airflow/.local/lib/python3.8/site-packages/airflow/example_dags/example_dag_decorator.py
[2025-08-19T21:50:38.018+0000] {processor.py:840} INFO - DAG(s) 'example_dag_decorator' retrieved from /home/airflow/.local/lib/python3.8/site-packages/airflow/example_dags/example_dag_decorator.py
[2025-08-19T21:50:38.070+0000] {logging_mixin.py:188} INFO - [2025-08-19T21:50:38.070+0000] {dag.py:3036} INFO - Sync 1 DAGs
[2025-08-19T21:50:38.078+0000] {logging_mixin.py:188} INFO - [2025-08-19T21:50:38.078+0000] {dag.py:3823} INFO - Setting next_dagrun for example_dag_decorator to None, run_after=None
[2025-08-19T21:50:38.087+0000] {processor.py:183} INFO - Processing /home/airflow/.local/lib/python3.8/site-packages/airflow/example_dags/example_dag_decorator.py took 0.111 seconds
[2025-08-19T21:51:08.953+0000] {processor.py:161} INFO - Started process (PID=173) to work on /home/airflow/.local/lib/python3.8/site-packages/airflow/example_dags/example_dag_decorator.py
[2025-08-19T21:51:08.953+0000] {processor.py:830} INFO - Processing file /home/airflow/.local/lib/python3.8/site-packages/airflow/example_dags/example_dag_decorator.py for tasks to queue
[2025-08-19T21:51:08.954+0000] {logging_mixin.py:188} INFO - [2025-08-19T21:51:08.954+0000] {dagbag.py:538} INFO - Filling up the DagBag from /home/airflow/.local/lib/python3.8/site-packages/airflow/example_dags/example_dag_decorator.py
[2025-08-19T21:51:08.990+0000] {processor.py:840} INFO - DAG(s) 'example_dag_decorator' retrieved from /home/airflow/.local/lib/python3.8/site-packages/airflow/example_dags/example_dag_decorator.py
[2025-08-19T21:51:09.030+0000] {logging_mixin.py:188} INFO - [2025-08-19T21:51:09.030+0000] {dag.py:3036} INFO - Sync 1 DAGs
[2025-08-19T21:51:09.035+0000] {logging_mixin.py:188} INFO - [2025-08-19T21:51:09.035+0000] {dag.py:3823} INFO - Setting next_dagrun for example_dag_decorator to None, run_after=None
[2025-08-19T21:51:09.044+0000] {processor.py:183} INFO - Processing /home/airflow/.local/lib/python3.8/site-packages/airflow/example_dags/example_dag_decorator.py took 0.093 seconds
[2025-08-19T21:51:39.444+0000] {processor.py:161} INFO - Started process (PID=229) to work on /home/airflow/.local/lib/python3.8/site-packages/airflow/example_dags/example_dag_decorator.py
[2025-08-19T21:51:39.447+0000] {processor.py:830} INFO - Processing file /home/airflow/.local/lib/python3.8/site-packages/airflow/example_dags/example_dag_decorator.py for tasks to queue
[2025-08-19T21:51:39.448+0000] {logging_mixin.py:188} INFO - [2025-08-19T21:51:39.448+0000] {dagbag.py:538} INFO - Filling up the DagBag from /home/airflow/.local/lib/python3.8/site-packages/airflow/example_dags/example_dag_decorator.py
[2025-08-19T21:51:39.486+0000] {processor.py:840} INFO - DAG(s) 'example_dag_decorator' retrieved from /home/airflow/.local/lib/python3.8/site-packages/airflow/example_dags/example_dag_decorator.py
[2025-08-19T21:51:39.530+0000] {logging_mixin.py:188} INFO - [2025-08-19T21:51:39.530+0000] {dag.py:3036} INFO - Sync 1 DAGs
[2025-08-19T21:51:39.535+0000] {logging_mixin.py:188} INFO - [2025-08-19T21:51:39.534+0000] {dag.py:3823} INFO - Setting next_dagrun for example_dag_decorator to None, run_after=None
[2025-08-19T21:51:39.545+0000] {processor.py:183} INFO - Processing /home/airflow/.local/lib/python3.8/site-packages/airflow/example_dags/example_dag_decorator.py took 0.102 seconds
[2025-08-19T21:52:10.197+0000] {processor.py:161} INFO - Started process (PID=291) to work on /home/airflow/.local/lib/python3.8/site-packages/airflow/example_dags/example_dag_decorator.py
[2025-08-19T21:52:10.198+0000] {processor.py:830} INFO - Processing file /home/airflow/.local/lib/python3.8/site-packages/airflow/example_dags/example_dag_decorator.py for tasks to queue
[2025-08-19T21:52:10.200+0000] {logging_mixin.py:188} INFO - [2025-08-19T21:52:10.200+0000] {dagbag.py:538} INFO - Filling up the DagBag from /home/airflow/.local/lib/python3.8/site-packages/airflow/example_dags/example_dag_decorator.py
[2025-08-19T21:52:10.266+0000] {processor.py:840} INFO - DAG(s) 'example_dag_decorator' retrieved from /home/airflow/.local/lib/python3.8/site-packages/airflow/example_dags/example_dag_decorator.py
[2025-08-19T21:52:10.317+0000] {logging_mixin.py:188} INFO - [2025-08-19T21:52:10.317+0000] {dag.py:3036} INFO - Sync 1 DAGs
[2025-08-19T21:52:10.321+0000] {logging_mixin.py:188} INFO - [2025-08-19T21:52:10.321+0000] {dag.py:3823} INFO - Setting next_dagrun for example_dag_decorator to None, run_after=None
[2025-08-19T21:52:10.329+0000] {processor.py:183} INFO - Processing /home/airflow/.local/lib/python3.8/site-packages/airflow/example_dags/example_dag_decorator.py took 0.135 seconds
[2025-08-19T21:52:40.877+0000] {processor.py:161} INFO - Started process (PID=347) to work on /home/airflow/.local/lib/python3.8/site-packages/airflow/example_dags/example_dag_decorator.py
[2025-08-19T21:52:40.883+0000] {processor.py:830} INFO - Processing file /home/airflow/.local/lib/python3.8/site-packages/airflow/example_dags/example_dag_decorator.py for tasks to queue
[2025-08-19T21:52:40.888+0000] {logging_mixin.py:188} INFO - [2025-08-19T21:52:40.888+0000] {dagbag.py:538} INFO - Filling up the DagBag from /home/airflow/.local/lib/python3.8/site-packages/airflow/example_dags/example_dag_decorator.py
[2025-08-19T21:52:40.936+0000] {processor.py:840} INFO - DAG(s) 'example_dag_decorator' retrieved from /home/airflow/.local/lib/python3.8/site-packages/airflow/example_dags/example_dag_decorator.py
[2025-08-19T21:52:40.980+0000] {logging_mixin.py:188} INFO - [2025-08-19T21:52:40.980+0000] {dag.py:3036} INFO - Sync 1 DAGs
[2025-08-19T21:52:40.985+0000] {logging_mixin.py:188} INFO - [2025-08-19T21:52:40.985+0000] {dag.py:3823} INFO - Setting next_dagrun for example_dag_decorator to None, run_after=None
[2025-08-19T21:52:40.994+0000] {processor.py:183} INFO - Processing /home/airflow/.local/lib/python3.8/site-packages/airflow/example_dags/example_dag_decorator.py took 0.135 seconds
[2025-08-19T21:53:11.535+0000] {processor.py:161} INFO - Started process (PID=403) to work on /home/airflow/.local/lib/python3.8/site-packages/airflow/example_dags/example_dag_decorator.py
[2025-08-19T21:53:11.536+0000] {processor.py:830} INFO - Processing file /home/airflow/.local/lib/python3.8/site-packages/airflow/example_dags/example_dag_decorator.py for tasks to queue
[2025-08-19T21:53:11.538+0000] {logging_mixin.py:188} INFO - [2025-08-19T21:53:11.538+0000] {dagbag.py:538} INFO - Filling up the DagBag from /home/airflow/.local/lib/python3.8/site-packages/airflow/example_dags/example_dag_decorator.py
[2025-08-19T21:53:11.581+0000] {processor.py:840} INFO - DAG(s) 'example_dag_decorator' retrieved from /home/airflow/.local/lib/python3.8/site-packages/airflow/example_dags/example_dag_decorator.py
[2025-08-19T21:53:11.628+0000] {logging_mixin.py:188} INFO - [2025-08-19T21:53:11.627+0000] {dag.py:3036} INFO - Sync 1 DAGs
[2025-08-19T21:53:11.632+0000] {logging_mixin.py:188} INFO - [2025-08-19T21:53:11.632+0000] {dag.py:3823} INFO - Setting next_dagrun for example_dag_decorator to None, run_after=None
[2025-08-19T21:53:11.642+0000] {processor.py:183} INFO - Processing /home/airflow/.local/lib/python3.8/site-packages/airflow/example_dags/example_dag_decorator.py took 0.109 seconds
[2025-08-19T21:53:42.240+0000] {processor.py:161} INFO - Started process (PID=459) to work on /home/airflow/.local/lib/python3.8/site-packages/airflow/example_dags/example_dag_decorator.py
[2025-08-19T21:53:42.241+0000] {processor.py:830} INFO - Processing file /home/airflow/.local/lib/python3.8/site-packages/airflow/example_dags/example_dag_decorator.py for tasks to queue
[2025-08-19T21:53:42.242+0000] {logging_mixin.py:188} INFO - [2025-08-19T21:53:42.241+0000] {dagbag.py:538} INFO - Filling up the DagBag from /home/airflow/.local/lib/python3.8/site-packages/airflow/example_dags/example_dag_decorator.py
[2025-08-19T21:53:42.283+0000] {processor.py:840} INFO - DAG(s) 'example_dag_decorator' retrieved from /home/airflow/.local/lib/python3.8/site-packages/airflow/example_dags/example_dag_decorator.py
[2025-08-19T21:53:42.296+0000] {logging_mixin.py:188} INFO - [2025-08-19T21:53:42.296+0000] {dag.py:3036} INFO - Sync 1 DAGs
[2025-08-19T21:53:42.302+0000] {logging_mixin.py:188} INFO - [2025-08-19T21:53:42.302+0000] {dag.py:3823} INFO - Setting next_dagrun for example_dag_decorator to None, run_after=None
[2025-08-19T21:53:42.309+0000] {processor.py:183} INFO - Processing /home/airflow/.local/lib/python3.8/site-packages/airflow/example_dags/example_dag_decorator.py took 0.071 seconds
[2025-08-19T21:54:12.832+0000] {processor.py:161} INFO - Started process (PID=515) to work on /home/airflow/.local/lib/python3.8/site-packages/airflow/example_dags/example_dag_decorator.py
[2025-08-19T21:54:12.834+0000] {processor.py:830} INFO - Processing file /home/airflow/.local/lib/python3.8/site-packages/airflow/example_dags/example_dag_decorator.py for tasks to queue
[2025-08-19T21:54:12.835+0000] {logging_mixin.py:188} INFO - [2025-08-19T21:54:12.835+0000] {dagbag.py:538} INFO - Filling up the DagBag from /home/airflow/.local/lib/python3.8/site-packages/airflow/example_dags/example_dag_decorator.py
[2025-08-19T21:54:12.886+0000] {processor.py:840} INFO - DAG(s) 'example_dag_decorator' retrieved from /home/airflow/.local/lib/python3.8/site-packages/airflow/example_dags/example_dag_decorator.py
[2025-08-19T21:54:12.929+0000] {logging_mixin.py:188} INFO - [2025-08-19T21:54:12.929+0000] {dag.py:3036} INFO - Sync 1 DAGs
[2025-08-19T21:54:12.933+0000] {logging_mixin.py:188} INFO - [2025-08-19T21:54:12.933+0000] {dag.py:3823} INFO - Setting next_dagrun for example_dag_decorator to None, run_after=None
[2025-08-19T21:54:12.940+0000] {processor.py:183} INFO - Processing /home/airflow/.local/lib/python3.8/site-packages/airflow/example_dags/example_dag_decorator.py took 0.110 seconds
[2025-08-19T21:54:43.392+0000] {processor.py:161} INFO - Started process (PID=571) to work on /home/airflow/.local/lib/python3.8/site-packages/airflow/example_dags/example_dag_decorator.py
[2025-08-19T21:54:43.394+0000] {processor.py:830} INFO - Processing file /home/airflow/.local/lib/python3.8/site-packages/airflow/example_dags/example_dag_decorator.py for tasks to queue
[2025-08-19T21:54:43.396+0000] {logging_mixin.py:188} INFO - [2025-08-19T21:54:43.395+0000] {dagbag.py:538} INFO - Filling up the DagBag from /home/airflow/.local/lib/python3.8/site-packages/airflow/example_dags/example_dag_decorator.py
[2025-08-19T21:54:43.452+0000] {processor.py:840} INFO - DAG(s) 'example_dag_decorator' retrieved from /home/airflow/.local/lib/python3.8/site-packages/airflow/example_dags/example_dag_decorator.py
[2025-08-19T21:54:43.500+0000] {logging_mixin.py:188} INFO - [2025-08-19T21:54:43.500+0000] {dag.py:3036} INFO - Sync 1 DAGs
[2025-08-19T21:54:43.505+0000] {logging_mixin.py:188} INFO - [2025-08-19T21:54:43.505+0000] {dag.py:3823} INFO - Setting next_dagrun for example_dag_decorator to None, run_after=None
[2025-08-19T21:54:43.513+0000] {processor.py:183} INFO - Processing /home/airflow/.local/lib/python3.8/site-packages/airflow/example_dags/example_dag_decorator.py took 0.127 seconds
[2025-08-19T21:55:13.980+0000] {processor.py:161} INFO - Started process (PID=627) to work on /home/airflow/.local/lib/python3.8/site-packages/airflow/example_dags/example_dag_decorator.py
[2025-08-19T21:55:13.980+0000] {processor.py:830} INFO - Processing file /home/airflow/.local/lib/python3.8/site-packages/airflow/example_dags/example_dag_decorator.py for tasks to queue
[2025-08-19T21:55:13.981+0000] {logging_mixin.py:188} INFO - [2025-08-19T21:55:13.981+0000] {dagbag.py:538} INFO - Filling up the DagBag from /home/airflow/.local/lib/python3.8/site-packages/airflow/example_dags/example_dag_decorator.py
[2025-08-19T21:55:14.020+0000] {processor.py:840} INFO - DAG(s) 'example_dag_decorator' retrieved from /home/airflow/.local/lib/python3.8/site-packages/airflow/example_dags/example_dag_decorator.py
[2025-08-19T21:55:14.064+0000] {logging_mixin.py:188} INFO - [2025-08-19T21:55:14.064+0000] {dag.py:3036} INFO - Sync 1 DAGs
[2025-08-19T21:55:14.068+0000] {logging_mixin.py:188} INFO - [2025-08-19T21:55:14.068+0000] {dag.py:3823} INFO - Setting next_dagrun for example_dag_decorator to None, run_after=None
[2025-08-19T21:55:14.078+0000] {processor.py:183} INFO - Processing /home/airflow/.local/lib/python3.8/site-packages/airflow/example_dags/example_dag_decorator.py took 0.100 seconds
[2025-08-19T21:55:44.560+0000] {processor.py:161} INFO - Started process (PID=683) to work on /home/airflow/.local/lib/python3.8/site-packages/airflow/example_dags/example_dag_decorator.py
[2025-08-19T21:55:44.562+0000] {processor.py:830} INFO - Processing file /home/airflow/.local/lib/python3.8/site-packages/airflow/example_dags/example_dag_decorator.py for tasks to queue
[2025-08-19T21:55:44.562+0000] {logging_mixin.py:188} INFO - [2025-08-19T21:55:44.562+0000] {dagbag.py:538} INFO - Filling up the DagBag from /home/airflow/.local/lib/python3.8/site-packages/airflow/example_dags/example_dag_decorator.py
[2025-08-19T21:55:44.605+0000] {processor.py:840} INFO - DAG(s) 'example_dag_decorator' retrieved from /home/airflow/.local/lib/python3.8/site-packages/airflow/example_dags/example_dag_decorator.py
[2025-08-19T21:55:44.649+0000] {logging_mixin.py:188} INFO - [2025-08-19T21:55:44.649+0000] {dag.py:3036} INFO - Sync 1 DAGs
[2025-08-19T21:55:44.653+0000] {logging_mixin.py:188} INFO - [2025-08-19T21:55:44.653+0000] {dag.py:3823} INFO - Setting next_dagrun for example_dag_decorator to None, run_after=None
[2025-08-19T21:55:44.662+0000] {processor.py:183} INFO - Processing /home/airflow/.local/lib/python3.8/site-packages/airflow/example_dags/example_dag_decorator.py took 0.104 seconds
[2025-08-19T21:56:15.249+0000] {processor.py:161} INFO - Started process (PID=739) to work on /home/airflow/.local/lib/python3.8/site-packages/airflow/example_dags/example_dag_decorator.py
[2025-08-19T21:56:15.250+0000] {processor.py:830} INFO - Processing file /home/airflow/.local/lib/python3.8/site-packages/airflow/example_dags/example_dag_decorator.py for tasks to queue
[2025-08-19T21:56:15.250+0000] {logging_mixin.py:188} INFO - [2025-08-19T21:56:15.250+0000] {dagbag.py:538} INFO - Filling up the DagBag from /home/airflow/.local/lib/python3.8/site-packages/airflow/example_dags/example_dag_decorator.py
[2025-08-19T21:56:15.290+0000] {processor.py:840} INFO - DAG(s) 'example_dag_decorator' retrieved from /home/airflow/.local/lib/python3.8/site-packages/airflow/example_dags/example_dag_decorator.py
[2025-08-19T21:56:15.338+0000] {logging_mixin.py:188} INFO - [2025-08-19T21:56:15.338+0000] {dag.py:3036} INFO - Sync 1 DAGs
[2025-08-19T21:56:15.342+0000] {logging_mixin.py:188} INFO - [2025-08-19T21:56:15.342+0000] {dag.py:3823} INFO - Setting next_dagrun for example_dag_decorator to None, run_after=None
[2025-08-19T21:56:15.353+0000] {processor.py:183} INFO - Processing /home/airflow/.local/lib/python3.8/site-packages/airflow/example_dags/example_dag_decorator.py took 0.106 seconds
[2025-08-19T21:56:45.822+0000] {processor.py:161} INFO - Started process (PID=795) to work on /home/airflow/.local/lib/python3.8/site-packages/airflow/example_dags/example_dag_decorator.py
[2025-08-19T21:56:45.822+0000] {processor.py:830} INFO - Processing file /home/airflow/.local/lib/python3.8/site-packages/airflow/example_dags/example_dag_decorator.py for tasks to queue
[2025-08-19T21:56:45.824+0000] {logging_mixin.py:188} INFO - [2025-08-19T21:56:45.823+0000] {dagbag.py:538} INFO - Filling up the DagBag from /home/airflow/.local/lib/python3.8/site-packages/airflow/example_dags/example_dag_decorator.py
[2025-08-19T21:56:45.862+0000] {processor.py:840} INFO - DAG(s) 'example_dag_decorator' retrieved from /home/airflow/.local/lib/python3.8/site-packages/airflow/example_dags/example_dag_decorator.py
[2025-08-19T21:56:45.906+0000] {logging_mixin.py:188} INFO - [2025-08-19T21:56:45.906+0000] {dag.py:3036} INFO - Sync 1 DAGs
[2025-08-19T21:56:45.911+0000] {logging_mixin.py:188} INFO - [2025-08-19T21:56:45.911+0000] {dag.py:3823} INFO - Setting next_dagrun for example_dag_decorator to None, run_after=None
[2025-08-19T21:56:45.924+0000] {processor.py:183} INFO - Processing /home/airflow/.local/lib/python3.8/site-packages/airflow/example_dags/example_dag_decorator.py took 0.103 seconds
[2025-08-19T21:57:16.481+0000] {processor.py:161} INFO - Started process (PID=851) to work on /home/airflow/.local/lib/python3.8/site-packages/airflow/example_dags/example_dag_decorator.py
[2025-08-19T21:57:16.482+0000] {processor.py:830} INFO - Processing file /home/airflow/.local/lib/python3.8/site-packages/airflow/example_dags/example_dag_decorator.py for tasks to queue
[2025-08-19T21:57:16.482+0000] {logging_mixin.py:188} INFO - [2025-08-19T21:57:16.482+0000] {dagbag.py:538} INFO - Filling up the DagBag from /home/airflow/.local/lib/python3.8/site-packages/airflow/example_dags/example_dag_decorator.py
[2025-08-19T21:57:16.527+0000] {processor.py:840} INFO - DAG(s) 'example_dag_decorator' retrieved from /home/airflow/.local/lib/python3.8/site-packages/airflow/example_dags/example_dag_decorator.py
[2025-08-19T21:57:16.594+0000] {logging_mixin.py:188} INFO - [2025-08-19T21:57:16.594+0000] {dag.py:3036} INFO - Sync 1 DAGs
[2025-08-19T21:57:16.598+0000] {logging_mixin.py:188} INFO - [2025-08-19T21:57:16.598+0000] {dag.py:3823} INFO - Setting next_dagrun for example_dag_decorator to None, run_after=None
[2025-08-19T21:57:16.608+0000] {processor.py:183} INFO - Processing /home/airflow/.local/lib/python3.8/site-packages/airflow/example_dags/example_dag_decorator.py took 0.128 seconds
[2025-08-19T21:57:47.082+0000] {processor.py:161} INFO - Started process (PID=907) to work on /home/airflow/.local/lib/python3.8/site-packages/airflow/example_dags/example_dag_decorator.py
[2025-08-19T21:57:47.083+0000] {processor.py:830} INFO - Processing file /home/airflow/.local/lib/python3.8/site-packages/airflow/example_dags/example_dag_decorator.py for tasks to queue
[2025-08-19T21:57:47.085+0000] {logging_mixin.py:188} INFO - [2025-08-19T21:57:47.085+0000] {dagbag.py:538} INFO - Filling up the DagBag from /home/airflow/.local/lib/python3.8/site-packages/airflow/example_dags/example_dag_decorator.py
[2025-08-19T21:57:47.131+0000] {processor.py:840} INFO - DAG(s) 'example_dag_decorator' retrieved from /home/airflow/.local/lib/python3.8/site-packages/airflow/example_dags/example_dag_decorator.py
[2025-08-19T21:57:47.177+0000] {logging_mixin.py:188} INFO - [2025-08-19T21:57:47.176+0000] {dag.py:3036} INFO - Sync 1 DAGs
[2025-08-19T21:57:47.183+0000] {logging_mixin.py:188} INFO - [2025-08-19T21:57:47.183+0000] {dag.py:3823} INFO - Setting next_dagrun for example_dag_decorator to None, run_after=None
[2025-08-19T21:57:47.192+0000] {processor.py:183} INFO - Processing /home/airflow/.local/lib/python3.8/site-packages/airflow/example_dags/example_dag_decorator.py took 0.111 seconds
[2025-08-19T21:58:17.636+0000] {processor.py:161} INFO - Started process (PID=963) to work on /home/airflow/.local/lib/python3.8/site-packages/airflow/example_dags/example_dag_decorator.py
[2025-08-19T21:58:17.637+0000] {processor.py:830} INFO - Processing file /home/airflow/.local/lib/python3.8/site-packages/airflow/example_dags/example_dag_decorator.py for tasks to queue
[2025-08-19T21:58:17.637+0000] {logging_mixin.py:188} INFO - [2025-08-19T21:58:17.637+0000] {dagbag.py:538} INFO - Filling up the DagBag from /home/airflow/.local/lib/python3.8/site-packages/airflow/example_dags/example_dag_decorator.py
[2025-08-19T21:58:17.675+0000] {processor.py:840} INFO - DAG(s) 'example_dag_decorator' retrieved from /home/airflow/.local/lib/python3.8/site-packages/airflow/example_dags/example_dag_decorator.py
[2025-08-19T21:58:17.724+0000] {logging_mixin.py:188} INFO - [2025-08-19T21:58:17.724+0000] {dag.py:3036} INFO - Sync 1 DAGs
[2025-08-19T21:58:17.728+0000] {logging_mixin.py:188} INFO - [2025-08-19T21:58:17.728+0000] {dag.py:3823} INFO - Setting next_dagrun for example_dag_decorator to None, run_after=None
[2025-08-19T21:58:17.737+0000] {processor.py:183} INFO - Processing /home/airflow/.local/lib/python3.8/site-packages/airflow/example_dags/example_dag_decorator.py took 0.103 seconds
[2025-08-19T21:58:48.238+0000] {processor.py:161} INFO - Started process (PID=1019) to work on /home/airflow/.local/lib/python3.8/site-packages/airflow/example_dags/example_dag_decorator.py
[2025-08-19T21:58:48.238+0000] {processor.py:830} INFO - Processing file /home/airflow/.local/lib/python3.8/site-packages/airflow/example_dags/example_dag_decorator.py for tasks to queue
[2025-08-19T21:58:48.239+0000] {logging_mixin.py:188} INFO - [2025-08-19T21:58:48.239+0000] {dagbag.py:538} INFO - Filling up the DagBag from /home/airflow/.local/lib/python3.8/site-packages/airflow/example_dags/example_dag_decorator.py
[2025-08-19T21:58:48.275+0000] {processor.py:840} INFO - DAG(s) 'example_dag_decorator' retrieved from /home/airflow/.local/lib/python3.8/site-packages/airflow/example_dags/example_dag_decorator.py
[2025-08-19T21:58:48.315+0000] {logging_mixin.py:188} INFO - [2025-08-19T21:58:48.315+0000] {dag.py:3036} INFO - Sync 1 DAGs
[2025-08-19T21:58:48.320+0000] {logging_mixin.py:188} INFO - [2025-08-19T21:58:48.320+0000] {dag.py:3823} INFO - Setting next_dagrun for example_dag_decorator to None, run_after=None
[2025-08-19T21:58:48.327+0000] {processor.py:183} INFO - Processing /home/airflow/.local/lib/python3.8/site-packages/airflow/example_dags/example_dag_decorator.py took 0.091 seconds
[2025-08-19T21:59:18.718+0000] {processor.py:161} INFO - Started process (PID=1075) to work on /home/airflow/.local/lib/python3.8/site-packages/airflow/example_dags/example_dag_decorator.py
[2025-08-19T21:59:18.719+0000] {processor.py:830} INFO - Processing file /home/airflow/.local/lib/python3.8/site-packages/airflow/example_dags/example_dag_decorator.py for tasks to queue
[2025-08-19T21:59:18.721+0000] {logging_mixin.py:188} INFO - [2025-08-19T21:59:18.721+0000] {dagbag.py:538} INFO - Filling up the DagBag from /home/airflow/.local/lib/python3.8/site-packages/airflow/example_dags/example_dag_decorator.py
[2025-08-19T21:59:18.754+0000] {processor.py:840} INFO - DAG(s) 'example_dag_decorator' retrieved from /home/airflow/.local/lib/python3.8/site-packages/airflow/example_dags/example_dag_decorator.py
[2025-08-19T21:59:18.792+0000] {logging_mixin.py:188} INFO - [2025-08-19T21:59:18.792+0000] {dag.py:3036} INFO - Sync 1 DAGs
[2025-08-19T21:59:18.798+0000] {logging_mixin.py:188} INFO - [2025-08-19T21:59:18.798+0000] {dag.py:3823} INFO - Setting next_dagrun for example_dag_decorator to None, run_after=None
[2025-08-19T21:59:18.806+0000] {processor.py:183} INFO - Processing /home/airflow/.local/lib/python3.8/site-packages/airflow/example_dags/example_dag_decorator.py took 0.089 seconds
[2025-08-19T21:59:49.254+0000] {processor.py:161} INFO - Started process (PID=1131) to work on /home/airflow/.local/lib/python3.8/site-packages/airflow/example_dags/example_dag_decorator.py
[2025-08-19T21:59:49.257+0000] {processor.py:830} INFO - Processing file /home/airflow/.local/lib/python3.8/site-packages/airflow/example_dags/example_dag_decorator.py for tasks to queue
[2025-08-19T21:59:49.258+0000] {logging_mixin.py:188} INFO - [2025-08-19T21:59:49.257+0000] {dagbag.py:538} INFO - Filling up the DagBag from /home/airflow/.local/lib/python3.8/site-packages/airflow/example_dags/example_dag_decorator.py
[2025-08-19T21:59:49.294+0000] {processor.py:840} INFO - DAG(s) 'example_dag_decorator' retrieved from /home/airflow/.local/lib/python3.8/site-packages/airflow/example_dags/example_dag_decorator.py
[2025-08-19T21:59:49.333+0000] {logging_mixin.py:188} INFO - [2025-08-19T21:59:49.332+0000] {dag.py:3036} INFO - Sync 1 DAGs
[2025-08-19T21:59:49.338+0000] {logging_mixin.py:188} INFO - [2025-08-19T21:59:49.338+0000] {dag.py:3823} INFO - Setting next_dagrun for example_dag_decorator to None, run_after=None
[2025-08-19T21:59:49.349+0000] {processor.py:183} INFO - Processing /home/airflow/.local/lib/python3.8/site-packages/airflow/example_dags/example_dag_decorator.py took 0.096 seconds
[2025-08-19T22:00:19.794+0000] {processor.py:161} INFO - Started process (PID=1187) to work on /home/airflow/.local/lib/python3.8/site-packages/airflow/example_dags/example_dag_decorator.py
[2025-08-19T22:00:19.795+0000] {processor.py:830} INFO - Processing file /home/airflow/.local/lib/python3.8/site-packages/airflow/example_dags/example_dag_decorator.py for tasks to queue
[2025-08-19T22:00:19.797+0000] {logging_mixin.py:188} INFO - [2025-08-19T22:00:19.797+0000] {dagbag.py:538} INFO - Filling up the DagBag from /home/airflow/.local/lib/python3.8/site-packages/airflow/example_dags/example_dag_decorator.py
[2025-08-19T22:00:19.830+0000] {processor.py:840} INFO - DAG(s) 'example_dag_decorator' retrieved from /home/airflow/.local/lib/python3.8/site-packages/airflow/example_dags/example_dag_decorator.py
[2025-08-19T22:00:19.866+0000] {logging_mixin.py:188} INFO - [2025-08-19T22:00:19.866+0000] {dag.py:3036} INFO - Sync 1 DAGs
[2025-08-19T22:00:19.871+0000] {logging_mixin.py:188} INFO - [2025-08-19T22:00:19.871+0000] {dag.py:3823} INFO - Setting next_dagrun for example_dag_decorator to None, run_after=None
[2025-08-19T22:00:19.882+0000] {processor.py:183} INFO - Processing /home/airflow/.local/lib/python3.8/site-packages/airflow/example_dags/example_dag_decorator.py took 0.090 seconds
[2025-08-19T22:00:50.337+0000] {processor.py:161} INFO - Started process (PID=1243) to work on /home/airflow/.local/lib/python3.8/site-packages/airflow/example_dags/example_dag_decorator.py
[2025-08-19T22:00:50.338+0000] {processor.py:830} INFO - Processing file /home/airflow/.local/lib/python3.8/site-packages/airflow/example_dags/example_dag_decorator.py for tasks to queue
[2025-08-19T22:00:50.339+0000] {logging_mixin.py:188} INFO - [2025-08-19T22:00:50.339+0000] {dagbag.py:538} INFO - Filling up the DagBag from /home/airflow/.local/lib/python3.8/site-packages/airflow/example_dags/example_dag_decorator.py
[2025-08-19T22:00:50.377+0000] {processor.py:840} INFO - DAG(s) 'example_dag_decorator' retrieved from /home/airflow/.local/lib/python3.8/site-packages/airflow/example_dags/example_dag_decorator.py
[2025-08-19T22:00:50.419+0000] {logging_mixin.py:188} INFO - [2025-08-19T22:00:50.419+0000] {dag.py:3036} INFO - Sync 1 DAGs
[2025-08-19T22:00:50.423+0000] {logging_mixin.py:188} INFO - [2025-08-19T22:00:50.423+0000] {dag.py:3823} INFO - Setting next_dagrun for example_dag_decorator to None, run_after=None
[2025-08-19T22:00:50.430+0000] {processor.py:183} INFO - Processing /home/airflow/.local/lib/python3.8/site-packages/airflow/example_dags/example_dag_decorator.py took 0.095 seconds
[2025-08-19T22:01:21.143+0000] {processor.py:161} INFO - Started process (PID=1299) to work on /home/airflow/.local/lib/python3.8/site-packages/airflow/example_dags/example_dag_decorator.py
[2025-08-19T22:01:21.144+0000] {processor.py:830} INFO - Processing file /home/airflow/.local/lib/python3.8/site-packages/airflow/example_dags/example_dag_decorator.py for tasks to queue
[2025-08-19T22:01:21.145+0000] {logging_mixin.py:188} INFO - [2025-08-19T22:01:21.145+0000] {dagbag.py:538} INFO - Filling up the DagBag from /home/airflow/.local/lib/python3.8/site-packages/airflow/example_dags/example_dag_decorator.py
[2025-08-19T22:01:21.189+0000] {processor.py:840} INFO - DAG(s) 'example_dag_decorator' retrieved from /home/airflow/.local/lib/python3.8/site-packages/airflow/example_dags/example_dag_decorator.py
[2025-08-19T22:01:21.199+0000] {logging_mixin.py:188} INFO - [2025-08-19T22:01:21.199+0000] {dag.py:3036} INFO - Sync 1 DAGs
[2025-08-19T22:01:21.205+0000] {logging_mixin.py:188} INFO - [2025-08-19T22:01:21.205+0000] {dag.py:3823} INFO - Setting next_dagrun for example_dag_decorator to None, run_after=None
[2025-08-19T22:01:21.214+0000] {processor.py:183} INFO - Processing /home/airflow/.local/lib/python3.8/site-packages/airflow/example_dags/example_dag_decorator.py took 0.072 seconds
[2025-08-19T22:01:51.266+0000] {processor.py:161} INFO - Started process (PID=1355) to work on /home/airflow/.local/lib/python3.8/site-packages/airflow/example_dags/example_dag_decorator.py
[2025-08-19T22:01:51.266+0000] {processor.py:830} INFO - Processing file /home/airflow/.local/lib/python3.8/site-packages/airflow/example_dags/example_dag_decorator.py for tasks to queue
[2025-08-19T22:01:51.267+0000] {logging_mixin.py:188} INFO - [2025-08-19T22:01:51.267+0000] {dagbag.py:538} INFO - Filling up the DagBag from /home/airflow/.local/lib/python3.8/site-packages/airflow/example_dags/example_dag_decorator.py
[2025-08-19T22:01:51.304+0000] {processor.py:840} INFO - DAG(s) 'example_dag_decorator' retrieved from /home/airflow/.local/lib/python3.8/site-packages/airflow/example_dags/example_dag_decorator.py
[2025-08-19T22:01:51.353+0000] {logging_mixin.py:188} INFO - [2025-08-19T22:01:51.353+0000] {dag.py:3036} INFO - Sync 1 DAGs
[2025-08-19T22:01:51.357+0000] {logging_mixin.py:188} INFO - [2025-08-19T22:01:51.357+0000] {dag.py:3823} INFO - Setting next_dagrun for example_dag_decorator to None, run_after=None
[2025-08-19T22:01:51.362+0000] {processor.py:183} INFO - Processing /home/airflow/.local/lib/python3.8/site-packages/airflow/example_dags/example_dag_decorator.py took 0.098 seconds
[2025-08-19T22:02:22.189+0000] {processor.py:161} INFO - Started process (PID=1411) to work on /home/airflow/.local/lib/python3.8/site-packages/airflow/example_dags/example_dag_decorator.py
[2025-08-19T22:02:22.190+0000] {processor.py:830} INFO - Processing file /home/airflow/.local/lib/python3.8/site-packages/airflow/example_dags/example_dag_decorator.py for tasks to queue
[2025-08-19T22:02:22.191+0000] {logging_mixin.py:188} INFO - [2025-08-19T22:02:22.191+0000] {dagbag.py:538} INFO - Filling up the DagBag from /home/airflow/.local/lib/python3.8/site-packages/airflow/example_dags/example_dag_decorator.py
[2025-08-19T22:02:22.231+0000] {processor.py:840} INFO - DAG(s) 'example_dag_decorator' retrieved from /home/airflow/.local/lib/python3.8/site-packages/airflow/example_dags/example_dag_decorator.py
[2025-08-19T22:02:22.274+0000] {logging_mixin.py:188} INFO - [2025-08-19T22:02:22.274+0000] {dag.py:3036} INFO - Sync 1 DAGs
[2025-08-19T22:02:22.278+0000] {logging_mixin.py:188} INFO - [2025-08-19T22:02:22.278+0000] {dag.py:3823} INFO - Setting next_dagrun for example_dag_decorator to None, run_after=None
[2025-08-19T22:02:22.286+0000] {processor.py:183} INFO - Processing /home/airflow/.local/lib/python3.8/site-packages/airflow/example_dags/example_dag_decorator.py took 0.098 seconds
[2025-08-19T22:02:53.075+0000] {processor.py:161} INFO - Started process (PID=1467) to work on /home/airflow/.local/lib/python3.8/site-packages/airflow/example_dags/example_dag_decorator.py
[2025-08-19T22:02:53.076+0000] {processor.py:830} INFO - Processing file /home/airflow/.local/lib/python3.8/site-packages/airflow/example_dags/example_dag_decorator.py for tasks to queue
[2025-08-19T22:02:53.077+0000] {logging_mixin.py:188} INFO - [2025-08-19T22:02:53.077+0000] {dagbag.py:538} INFO - Filling up the DagBag from /home/airflow/.local/lib/python3.8/site-packages/airflow/example_dags/example_dag_decorator.py
[2025-08-19T22:02:53.129+0000] {processor.py:840} INFO - DAG(s) 'example_dag_decorator' retrieved from /home/airflow/.local/lib/python3.8/site-packages/airflow/example_dags/example_dag_decorator.py
[2025-08-19T22:02:53.172+0000] {logging_mixin.py:188} INFO - [2025-08-19T22:02:53.171+0000] {dag.py:3036} INFO - Sync 1 DAGs
[2025-08-19T22:02:53.175+0000] {logging_mixin.py:188} INFO - [2025-08-19T22:02:53.175+0000] {dag.py:3823} INFO - Setting next_dagrun for example_dag_decorator to None, run_after=None
[2025-08-19T22:02:53.184+0000] {processor.py:183} INFO - Processing /home/airflow/.local/lib/python3.8/site-packages/airflow/example_dags/example_dag_decorator.py took 0.111 seconds
[2025-08-19T22:03:24.050+0000] {processor.py:161} INFO - Started process (PID=1523) to work on /home/airflow/.local/lib/python3.8/site-packages/airflow/example_dags/example_dag_decorator.py
[2025-08-19T22:03:24.053+0000] {processor.py:830} INFO - Processing file /home/airflow/.local/lib/python3.8/site-packages/airflow/example_dags/example_dag_decorator.py for tasks to queue
[2025-08-19T22:03:24.053+0000] {logging_mixin.py:188} INFO - [2025-08-19T22:03:24.053+0000] {dagbag.py:538} INFO - Filling up the DagBag from /home/airflow/.local/lib/python3.8/site-packages/airflow/example_dags/example_dag_decorator.py
[2025-08-19T22:03:24.093+0000] {processor.py:840} INFO - DAG(s) 'example_dag_decorator' retrieved from /home/airflow/.local/lib/python3.8/site-packages/airflow/example_dags/example_dag_decorator.py
[2025-08-19T22:03:24.135+0000] {logging_mixin.py:188} INFO - [2025-08-19T22:03:24.135+0000] {dag.py:3036} INFO - Sync 1 DAGs
[2025-08-19T22:03:24.139+0000] {logging_mixin.py:188} INFO - [2025-08-19T22:03:24.139+0000] {dag.py:3823} INFO - Setting next_dagrun for example_dag_decorator to None, run_after=None
[2025-08-19T22:03:24.149+0000] {processor.py:183} INFO - Processing /home/airflow/.local/lib/python3.8/site-packages/airflow/example_dags/example_dag_decorator.py took 0.100 seconds
[2025-08-19T22:03:54.846+0000] {processor.py:161} INFO - Started process (PID=1579) to work on /home/airflow/.local/lib/python3.8/site-packages/airflow/example_dags/example_dag_decorator.py
[2025-08-19T22:03:54.846+0000] {processor.py:830} INFO - Processing file /home/airflow/.local/lib/python3.8/site-packages/airflow/example_dags/example_dag_decorator.py for tasks to queue
[2025-08-19T22:03:54.847+0000] {logging_mixin.py:188} INFO - [2025-08-19T22:03:54.847+0000] {dagbag.py:538} INFO - Filling up the DagBag from /home/airflow/.local/lib/python3.8/site-packages/airflow/example_dags/example_dag_decorator.py
[2025-08-19T22:03:54.885+0000] {processor.py:840} INFO - DAG(s) 'example_dag_decorator' retrieved from /home/airflow/.local/lib/python3.8/site-packages/airflow/example_dags/example_dag_decorator.py
[2025-08-19T22:03:54.929+0000] {logging_mixin.py:188} INFO - [2025-08-19T22:03:54.929+0000] {dag.py:3036} INFO - Sync 1 DAGs
[2025-08-19T22:03:54.933+0000] {logging_mixin.py:188} INFO - [2025-08-19T22:03:54.933+0000] {dag.py:3823} INFO - Setting next_dagrun for example_dag_decorator to None, run_after=None
[2025-08-19T22:03:54.946+0000] {processor.py:183} INFO - Processing /home/airflow/.local/lib/python3.8/site-packages/airflow/example_dags/example_dag_decorator.py took 0.103 seconds
[2025-08-19T22:04:25.418+0000] {processor.py:161} INFO - Started process (PID=1635) to work on /home/airflow/.local/lib/python3.8/site-packages/airflow/example_dags/example_dag_decorator.py
[2025-08-19T22:04:25.418+0000] {processor.py:830} INFO - Processing file /home/airflow/.local/lib/python3.8/site-packages/airflow/example_dags/example_dag_decorator.py for tasks to queue
[2025-08-19T22:04:25.419+0000] {logging_mixin.py:188} INFO - [2025-08-19T22:04:25.419+0000] {dagbag.py:538} INFO - Filling up the DagBag from /home/airflow/.local/lib/python3.8/site-packages/airflow/example_dags/example_dag_decorator.py
[2025-08-19T22:04:25.462+0000] {processor.py:840} INFO - DAG(s) 'example_dag_decorator' retrieved from /home/airflow/.local/lib/python3.8/site-packages/airflow/example_dags/example_dag_decorator.py
[2025-08-19T22:04:25.472+0000] {logging_mixin.py:188} INFO - [2025-08-19T22:04:25.472+0000] {dag.py:3036} INFO - Sync 1 DAGs
[2025-08-19T22:04:25.478+0000] {logging_mixin.py:188} INFO - [2025-08-19T22:04:25.478+0000] {dag.py:3823} INFO - Setting next_dagrun for example_dag_decorator to None, run_after=None
[2025-08-19T22:04:25.488+0000] {processor.py:183} INFO - Processing /home/airflow/.local/lib/python3.8/site-packages/airflow/example_dags/example_dag_decorator.py took 0.071 seconds
[2025-08-19T22:04:55.843+0000] {processor.py:161} INFO - Started process (PID=1691) to work on /home/airflow/.local/lib/python3.8/site-packages/airflow/example_dags/example_dag_decorator.py
[2025-08-19T22:04:55.844+0000] {processor.py:830} INFO - Processing file /home/airflow/.local/lib/python3.8/site-packages/airflow/example_dags/example_dag_decorator.py for tasks to queue
[2025-08-19T22:04:55.845+0000] {logging_mixin.py:188} INFO - [2025-08-19T22:04:55.844+0000] {dagbag.py:538} INFO - Filling up the DagBag from /home/airflow/.local/lib/python3.8/site-packages/airflow/example_dags/example_dag_decorator.py
[2025-08-19T22:04:55.888+0000] {processor.py:840} INFO - DAG(s) 'example_dag_decorator' retrieved from /home/airflow/.local/lib/python3.8/site-packages/airflow/example_dags/example_dag_decorator.py
[2025-08-19T22:04:55.932+0000] {logging_mixin.py:188} INFO - [2025-08-19T22:04:55.932+0000] {dag.py:3036} INFO - Sync 1 DAGs
[2025-08-19T22:04:55.936+0000] {logging_mixin.py:188} INFO - [2025-08-19T22:04:55.936+0000] {dag.py:3823} INFO - Setting next_dagrun for example_dag_decorator to None, run_after=None
[2025-08-19T22:04:55.946+0000] {processor.py:183} INFO - Processing /home/airflow/.local/lib/python3.8/site-packages/airflow/example_dags/example_dag_decorator.py took 0.104 seconds
[2025-08-19T22:05:26.363+0000] {processor.py:161} INFO - Started process (PID=1747) to work on /home/airflow/.local/lib/python3.8/site-packages/airflow/example_dags/example_dag_decorator.py
[2025-08-19T22:05:26.364+0000] {processor.py:830} INFO - Processing file /home/airflow/.local/lib/python3.8/site-packages/airflow/example_dags/example_dag_decorator.py for tasks to queue
[2025-08-19T22:05:26.365+0000] {logging_mixin.py:188} INFO - [2025-08-19T22:05:26.365+0000] {dagbag.py:538} INFO - Filling up the DagBag from /home/airflow/.local/lib/python3.8/site-packages/airflow/example_dags/example_dag_decorator.py
[2025-08-19T22:05:26.407+0000] {processor.py:840} INFO - DAG(s) 'example_dag_decorator' retrieved from /home/airflow/.local/lib/python3.8/site-packages/airflow/example_dags/example_dag_decorator.py
[2025-08-19T22:05:26.452+0000] {logging_mixin.py:188} INFO - [2025-08-19T22:05:26.452+0000] {dag.py:3036} INFO - Sync 1 DAGs
[2025-08-19T22:05:26.456+0000] {logging_mixin.py:188} INFO - [2025-08-19T22:05:26.456+0000] {dag.py:3823} INFO - Setting next_dagrun for example_dag_decorator to None, run_after=None
[2025-08-19T22:05:26.468+0000] {processor.py:183} INFO - Processing /home/airflow/.local/lib/python3.8/site-packages/airflow/example_dags/example_dag_decorator.py took 0.106 seconds
[2025-08-19T22:05:56.487+0000] {processor.py:161} INFO - Started process (PID=1805) to work on /home/airflow/.local/lib/python3.8/site-packages/airflow/example_dags/example_dag_decorator.py
[2025-08-19T22:05:56.487+0000] {processor.py:830} INFO - Processing file /home/airflow/.local/lib/python3.8/site-packages/airflow/example_dags/example_dag_decorator.py for tasks to queue
[2025-08-19T22:05:56.488+0000] {logging_mixin.py:188} INFO - [2025-08-19T22:05:56.488+0000] {dagbag.py:538} INFO - Filling up the DagBag from /home/airflow/.local/lib/python3.8/site-packages/airflow/example_dags/example_dag_decorator.py
[2025-08-19T22:05:56.526+0000] {processor.py:840} INFO - DAG(s) 'example_dag_decorator' retrieved from /home/airflow/.local/lib/python3.8/site-packages/airflow/example_dags/example_dag_decorator.py
[2025-08-19T22:05:56.560+0000] {logging_mixin.py:188} INFO - [2025-08-19T22:05:56.560+0000] {dag.py:3036} INFO - Sync 1 DAGs
[2025-08-19T22:05:56.563+0000] {logging_mixin.py:188} INFO - [2025-08-19T22:05:56.563+0000] {dag.py:3823} INFO - Setting next_dagrun for example_dag_decorator to None, run_after=None
[2025-08-19T22:05:56.569+0000] {processor.py:183} INFO - Processing /home/airflow/.local/lib/python3.8/site-packages/airflow/example_dags/example_dag_decorator.py took 0.084 seconds
[2025-08-19T22:06:26.841+0000] {processor.py:161} INFO - Started process (PID=1859) to work on /home/airflow/.local/lib/python3.8/site-packages/airflow/example_dags/example_dag_decorator.py
[2025-08-19T22:06:26.841+0000] {processor.py:830} INFO - Processing file /home/airflow/.local/lib/python3.8/site-packages/airflow/example_dags/example_dag_decorator.py for tasks to queue
[2025-08-19T22:06:26.843+0000] {logging_mixin.py:188} INFO - [2025-08-19T22:06:26.843+0000] {dagbag.py:538} INFO - Filling up the DagBag from /home/airflow/.local/lib/python3.8/site-packages/airflow/example_dags/example_dag_decorator.py
[2025-08-19T22:06:26.879+0000] {processor.py:840} INFO - DAG(s) 'example_dag_decorator' retrieved from /home/airflow/.local/lib/python3.8/site-packages/airflow/example_dags/example_dag_decorator.py
[2025-08-19T22:06:27.015+0000] {logging_mixin.py:188} INFO - [2025-08-19T22:06:27.015+0000] {dag.py:3036} INFO - Sync 1 DAGs
[2025-08-19T22:06:27.020+0000] {logging_mixin.py:188} INFO - [2025-08-19T22:06:27.020+0000] {dag.py:3823} INFO - Setting next_dagrun for example_dag_decorator to None, run_after=None
[2025-08-19T22:06:27.028+0000] {processor.py:183} INFO - Processing /home/airflow/.local/lib/python3.8/site-packages/airflow/example_dags/example_dag_decorator.py took 0.189 seconds
[2025-08-19T22:06:57.429+0000] {processor.py:161} INFO - Started process (PID=1915) to work on /home/airflow/.local/lib/python3.8/site-packages/airflow/example_dags/example_dag_decorator.py
[2025-08-19T22:06:57.431+0000] {processor.py:830} INFO - Processing file /home/airflow/.local/lib/python3.8/site-packages/airflow/example_dags/example_dag_decorator.py for tasks to queue
[2025-08-19T22:06:57.432+0000] {logging_mixin.py:188} INFO - [2025-08-19T22:06:57.432+0000] {dagbag.py:538} INFO - Filling up the DagBag from /home/airflow/.local/lib/python3.8/site-packages/airflow/example_dags/example_dag_decorator.py
[2025-08-19T22:06:57.477+0000] {processor.py:840} INFO - DAG(s) 'example_dag_decorator' retrieved from /home/airflow/.local/lib/python3.8/site-packages/airflow/example_dags/example_dag_decorator.py
[2025-08-19T22:06:57.527+0000] {logging_mixin.py:188} INFO - [2025-08-19T22:06:57.527+0000] {dag.py:3036} INFO - Sync 1 DAGs
[2025-08-19T22:06:57.645+0000] {logging_mixin.py:188} INFO - [2025-08-19T22:06:57.645+0000] {dag.py:3823} INFO - Setting next_dagrun for example_dag_decorator to None, run_after=None
[2025-08-19T22:06:57.656+0000] {processor.py:183} INFO - Processing /home/airflow/.local/lib/python3.8/site-packages/airflow/example_dags/example_dag_decorator.py took 0.228 seconds
[2025-08-19T22:07:27.684+0000] {processor.py:161} INFO - Started process (PID=1975) to work on /home/airflow/.local/lib/python3.8/site-packages/airflow/example_dags/example_dag_decorator.py
[2025-08-19T22:07:27.686+0000] {processor.py:830} INFO - Processing file /home/airflow/.local/lib/python3.8/site-packages/airflow/example_dags/example_dag_decorator.py for tasks to queue
[2025-08-19T22:07:27.689+0000] {logging_mixin.py:188} INFO - [2025-08-19T22:07:27.689+0000] {dagbag.py:538} INFO - Filling up the DagBag from /home/airflow/.local/lib/python3.8/site-packages/airflow/example_dags/example_dag_decorator.py
[2025-08-19T22:07:27.752+0000] {processor.py:840} INFO - DAG(s) 'example_dag_decorator' retrieved from /home/airflow/.local/lib/python3.8/site-packages/airflow/example_dags/example_dag_decorator.py
[2025-08-19T22:07:27.804+0000] {logging_mixin.py:188} INFO - [2025-08-19T22:07:27.804+0000] {dag.py:3036} INFO - Sync 1 DAGs
[2025-08-19T22:07:27.896+0000] {logging_mixin.py:188} INFO - [2025-08-19T22:07:27.896+0000] {dag.py:3823} INFO - Setting next_dagrun for example_dag_decorator to None, run_after=None
[2025-08-19T22:07:27.902+0000] {processor.py:183} INFO - Processing /home/airflow/.local/lib/python3.8/site-packages/airflow/example_dags/example_dag_decorator.py took 0.220 seconds
[2025-08-19T22:07:58.212+0000] {processor.py:161} INFO - Started process (PID=2027) to work on /home/airflow/.local/lib/python3.8/site-packages/airflow/example_dags/example_dag_decorator.py
[2025-08-19T22:07:58.214+0000] {processor.py:830} INFO - Processing file /home/airflow/.local/lib/python3.8/site-packages/airflow/example_dags/example_dag_decorator.py for tasks to queue
[2025-08-19T22:07:58.214+0000] {logging_mixin.py:188} INFO - [2025-08-19T22:07:58.214+0000] {dagbag.py:538} INFO - Filling up the DagBag from /home/airflow/.local/lib/python3.8/site-packages/airflow/example_dags/example_dag_decorator.py
[2025-08-19T22:07:58.252+0000] {processor.py:840} INFO - DAG(s) 'example_dag_decorator' retrieved from /home/airflow/.local/lib/python3.8/site-packages/airflow/example_dags/example_dag_decorator.py
[2025-08-19T22:07:58.298+0000] {logging_mixin.py:188} INFO - [2025-08-19T22:07:58.298+0000] {dag.py:3036} INFO - Sync 1 DAGs
[2025-08-19T22:07:58.302+0000] {logging_mixin.py:188} INFO - [2025-08-19T22:07:58.301+0000] {dag.py:3823} INFO - Setting next_dagrun for example_dag_decorator to None, run_after=None
[2025-08-19T22:07:58.312+0000] {processor.py:183} INFO - Processing /home/airflow/.local/lib/python3.8/site-packages/airflow/example_dags/example_dag_decorator.py took 0.101 seconds
[2025-08-19T22:08:29.043+0000] {processor.py:161} INFO - Started process (PID=2083) to work on /home/airflow/.local/lib/python3.8/site-packages/airflow/example_dags/example_dag_decorator.py
[2025-08-19T22:08:29.046+0000] {processor.py:830} INFO - Processing file /home/airflow/.local/lib/python3.8/site-packages/airflow/example_dags/example_dag_decorator.py for tasks to queue
[2025-08-19T22:08:29.046+0000] {logging_mixin.py:188} INFO - [2025-08-19T22:08:29.046+0000] {dagbag.py:538} INFO - Filling up the DagBag from /home/airflow/.local/lib/python3.8/site-packages/airflow/example_dags/example_dag_decorator.py
[2025-08-19T22:08:29.084+0000] {processor.py:840} INFO - DAG(s) 'example_dag_decorator' retrieved from /home/airflow/.local/lib/python3.8/site-packages/airflow/example_dags/example_dag_decorator.py
[2025-08-19T22:08:29.150+0000] {logging_mixin.py:188} INFO - [2025-08-19T22:08:29.150+0000] {dag.py:3036} INFO - Sync 1 DAGs
[2025-08-19T22:08:29.156+0000] {logging_mixin.py:188} INFO - [2025-08-19T22:08:29.156+0000] {dag.py:3823} INFO - Setting next_dagrun for example_dag_decorator to None, run_after=None
[2025-08-19T22:08:29.168+0000] {processor.py:183} INFO - Processing /home/airflow/.local/lib/python3.8/site-packages/airflow/example_dags/example_dag_decorator.py took 0.126 seconds
[2025-08-19T22:08:59.651+0000] {processor.py:161} INFO - Started process (PID=2139) to work on /home/airflow/.local/lib/python3.8/site-packages/airflow/example_dags/example_dag_decorator.py
[2025-08-19T22:08:59.652+0000] {processor.py:830} INFO - Processing file /home/airflow/.local/lib/python3.8/site-packages/airflow/example_dags/example_dag_decorator.py for tasks to queue
[2025-08-19T22:08:59.653+0000] {logging_mixin.py:188} INFO - [2025-08-19T22:08:59.652+0000] {dagbag.py:538} INFO - Filling up the DagBag from /home/airflow/.local/lib/python3.8/site-packages/airflow/example_dags/example_dag_decorator.py
[2025-08-19T22:08:59.691+0000] {processor.py:840} INFO - DAG(s) 'example_dag_decorator' retrieved from /home/airflow/.local/lib/python3.8/site-packages/airflow/example_dags/example_dag_decorator.py
[2025-08-19T22:08:59.704+0000] {logging_mixin.py:188} INFO - [2025-08-19T22:08:59.704+0000] {dag.py:3036} INFO - Sync 1 DAGs
[2025-08-19T22:08:59.709+0000] {logging_mixin.py:188} INFO - [2025-08-19T22:08:59.709+0000] {dag.py:3823} INFO - Setting next_dagrun for example_dag_decorator to None, run_after=None
[2025-08-19T22:08:59.716+0000] {processor.py:183} INFO - Processing /home/airflow/.local/lib/python3.8/site-packages/airflow/example_dags/example_dag_decorator.py took 0.067 seconds
[2025-08-19T22:09:30.301+0000] {processor.py:161} INFO - Started process (PID=2195) to work on /home/airflow/.local/lib/python3.8/site-packages/airflow/example_dags/example_dag_decorator.py
[2025-08-19T22:09:30.302+0000] {processor.py:830} INFO - Processing file /home/airflow/.local/lib/python3.8/site-packages/airflow/example_dags/example_dag_decorator.py for tasks to queue
[2025-08-19T22:09:30.303+0000] {logging_mixin.py:188} INFO - [2025-08-19T22:09:30.303+0000] {dagbag.py:538} INFO - Filling up the DagBag from /home/airflow/.local/lib/python3.8/site-packages/airflow/example_dags/example_dag_decorator.py
[2025-08-19T22:09:30.350+0000] {processor.py:840} INFO - DAG(s) 'example_dag_decorator' retrieved from /home/airflow/.local/lib/python3.8/site-packages/airflow/example_dags/example_dag_decorator.py
[2025-08-19T22:09:30.519+0000] {logging_mixin.py:188} INFO - [2025-08-19T22:09:30.519+0000] {dag.py:3036} INFO - Sync 1 DAGs
[2025-08-19T22:09:30.523+0000] {logging_mixin.py:188} INFO - [2025-08-19T22:09:30.523+0000] {dag.py:3823} INFO - Setting next_dagrun for example_dag_decorator to None, run_after=None
[2025-08-19T22:09:30.531+0000] {processor.py:183} INFO - Processing /home/airflow/.local/lib/python3.8/site-packages/airflow/example_dags/example_dag_decorator.py took 0.232 seconds
[2025-08-19T22:10:00.916+0000] {processor.py:161} INFO - Started process (PID=2251) to work on /home/airflow/.local/lib/python3.8/site-packages/airflow/example_dags/example_dag_decorator.py
[2025-08-19T22:10:00.918+0000] {processor.py:830} INFO - Processing file /home/airflow/.local/lib/python3.8/site-packages/airflow/example_dags/example_dag_decorator.py for tasks to queue
[2025-08-19T22:10:00.920+0000] {logging_mixin.py:188} INFO - [2025-08-19T22:10:00.920+0000] {dagbag.py:538} INFO - Filling up the DagBag from /home/airflow/.local/lib/python3.8/site-packages/airflow/example_dags/example_dag_decorator.py
[2025-08-19T22:10:00.957+0000] {processor.py:840} INFO - DAG(s) 'example_dag_decorator' retrieved from /home/airflow/.local/lib/python3.8/site-packages/airflow/example_dags/example_dag_decorator.py
[2025-08-19T22:10:01.001+0000] {logging_mixin.py:188} INFO - [2025-08-19T22:10:01.001+0000] {dag.py:3036} INFO - Sync 1 DAGs
[2025-08-19T22:10:01.093+0000] {logging_mixin.py:188} INFO - [2025-08-19T22:10:01.093+0000] {dag.py:3823} INFO - Setting next_dagrun for example_dag_decorator to None, run_after=None
[2025-08-19T22:10:01.108+0000] {processor.py:183} INFO - Processing /home/airflow/.local/lib/python3.8/site-packages/airflow/example_dags/example_dag_decorator.py took 0.193 seconds
[2025-08-19T22:10:31.532+0000] {processor.py:161} INFO - Started process (PID=2307) to work on /home/airflow/.local/lib/python3.8/site-packages/airflow/example_dags/example_dag_decorator.py
[2025-08-19T22:10:31.534+0000] {processor.py:830} INFO - Processing file /home/airflow/.local/lib/python3.8/site-packages/airflow/example_dags/example_dag_decorator.py for tasks to queue
[2025-08-19T22:10:31.538+0000] {logging_mixin.py:188} INFO - [2025-08-19T22:10:31.538+0000] {dagbag.py:538} INFO - Filling up the DagBag from /home/airflow/.local/lib/python3.8/site-packages/airflow/example_dags/example_dag_decorator.py
[2025-08-19T22:10:31.586+0000] {processor.py:840} INFO - DAG(s) 'example_dag_decorator' retrieved from /home/airflow/.local/lib/python3.8/site-packages/airflow/example_dags/example_dag_decorator.py
[2025-08-19T22:10:31.640+0000] {logging_mixin.py:188} INFO - [2025-08-19T22:10:31.640+0000] {dag.py:3036} INFO - Sync 1 DAGs
[2025-08-19T22:10:31.764+0000] {logging_mixin.py:188} INFO - [2025-08-19T22:10:31.764+0000] {dag.py:3823} INFO - Setting next_dagrun for example_dag_decorator to None, run_after=None
[2025-08-19T22:10:31.777+0000] {processor.py:183} INFO - Processing /home/airflow/.local/lib/python3.8/site-packages/airflow/example_dags/example_dag_decorator.py took 0.247 seconds
[2025-08-19T22:11:02.238+0000] {processor.py:161} INFO - Started process (PID=2363) to work on /home/airflow/.local/lib/python3.8/site-packages/airflow/example_dags/example_dag_decorator.py
[2025-08-19T22:11:02.239+0000] {processor.py:830} INFO - Processing file /home/airflow/.local/lib/python3.8/site-packages/airflow/example_dags/example_dag_decorator.py for tasks to queue
[2025-08-19T22:11:02.240+0000] {logging_mixin.py:188} INFO - [2025-08-19T22:11:02.240+0000] {dagbag.py:538} INFO - Filling up the DagBag from /home/airflow/.local/lib/python3.8/site-packages/airflow/example_dags/example_dag_decorator.py
[2025-08-19T22:11:02.281+0000] {processor.py:840} INFO - DAG(s) 'example_dag_decorator' retrieved from /home/airflow/.local/lib/python3.8/site-packages/airflow/example_dags/example_dag_decorator.py
[2025-08-19T22:11:02.290+0000] {logging_mixin.py:188} INFO - [2025-08-19T22:11:02.290+0000] {dag.py:3036} INFO - Sync 1 DAGs
[2025-08-19T22:11:02.295+0000] {logging_mixin.py:188} INFO - [2025-08-19T22:11:02.295+0000] {dag.py:3823} INFO - Setting next_dagrun for example_dag_decorator to None, run_after=None
[2025-08-19T22:11:02.307+0000] {processor.py:183} INFO - Processing /home/airflow/.local/lib/python3.8/site-packages/airflow/example_dags/example_dag_decorator.py took 0.070 seconds
[2025-08-19T22:11:32.733+0000] {processor.py:161} INFO - Started process (PID=2419) to work on /home/airflow/.local/lib/python3.8/site-packages/airflow/example_dags/example_dag_decorator.py
[2025-08-19T22:11:32.737+0000] {processor.py:830} INFO - Processing file /home/airflow/.local/lib/python3.8/site-packages/airflow/example_dags/example_dag_decorator.py for tasks to queue
[2025-08-19T22:11:32.738+0000] {logging_mixin.py:188} INFO - [2025-08-19T22:11:32.738+0000] {dagbag.py:538} INFO - Filling up the DagBag from /home/airflow/.local/lib/python3.8/site-packages/airflow/example_dags/example_dag_decorator.py
[2025-08-19T22:11:32.777+0000] {processor.py:840} INFO - DAG(s) 'example_dag_decorator' retrieved from /home/airflow/.local/lib/python3.8/site-packages/airflow/example_dags/example_dag_decorator.py
[2025-08-19T22:11:32.788+0000] {logging_mixin.py:188} INFO - [2025-08-19T22:11:32.788+0000] {dag.py:3036} INFO - Sync 1 DAGs
[2025-08-19T22:11:32.793+0000] {logging_mixin.py:188} INFO - [2025-08-19T22:11:32.793+0000] {dag.py:3823} INFO - Setting next_dagrun for example_dag_decorator to None, run_after=None
[2025-08-19T22:11:32.803+0000] {processor.py:183} INFO - Processing /home/airflow/.local/lib/python3.8/site-packages/airflow/example_dags/example_dag_decorator.py took 0.071 seconds
[2025-08-19T22:12:03.191+0000] {processor.py:161} INFO - Started process (PID=2475) to work on /home/airflow/.local/lib/python3.8/site-packages/airflow/example_dags/example_dag_decorator.py
[2025-08-19T22:12:03.191+0000] {processor.py:830} INFO - Processing file /home/airflow/.local/lib/python3.8/site-packages/airflow/example_dags/example_dag_decorator.py for tasks to queue
[2025-08-19T22:12:03.192+0000] {logging_mixin.py:188} INFO - [2025-08-19T22:12:03.192+0000] {dagbag.py:538} INFO - Filling up the DagBag from /home/airflow/.local/lib/python3.8/site-packages/airflow/example_dags/example_dag_decorator.py
[2025-08-19T22:12:03.225+0000] {processor.py:840} INFO - DAG(s) 'example_dag_decorator' retrieved from /home/airflow/.local/lib/python3.8/site-packages/airflow/example_dags/example_dag_decorator.py
[2025-08-19T22:12:03.357+0000] {logging_mixin.py:188} INFO - [2025-08-19T22:12:03.357+0000] {dag.py:3036} INFO - Sync 1 DAGs
[2025-08-19T22:12:03.361+0000] {logging_mixin.py:188} INFO - [2025-08-19T22:12:03.361+0000] {dag.py:3823} INFO - Setting next_dagrun for example_dag_decorator to None, run_after=None
[2025-08-19T22:12:03.372+0000] {processor.py:183} INFO - Processing /home/airflow/.local/lib/python3.8/site-packages/airflow/example_dags/example_dag_decorator.py took 0.183 seconds
[2025-08-19T22:12:33.798+0000] {processor.py:161} INFO - Started process (PID=2531) to work on /home/airflow/.local/lib/python3.8/site-packages/airflow/example_dags/example_dag_decorator.py
[2025-08-19T22:12:33.799+0000] {processor.py:830} INFO - Processing file /home/airflow/.local/lib/python3.8/site-packages/airflow/example_dags/example_dag_decorator.py for tasks to queue
[2025-08-19T22:12:33.803+0000] {logging_mixin.py:188} INFO - [2025-08-19T22:12:33.803+0000] {dagbag.py:538} INFO - Filling up the DagBag from /home/airflow/.local/lib/python3.8/site-packages/airflow/example_dags/example_dag_decorator.py
[2025-08-19T22:12:33.842+0000] {processor.py:840} INFO - DAG(s) 'example_dag_decorator' retrieved from /home/airflow/.local/lib/python3.8/site-packages/airflow/example_dags/example_dag_decorator.py
[2025-08-19T22:12:33.852+0000] {logging_mixin.py:188} INFO - [2025-08-19T22:12:33.852+0000] {dag.py:3036} INFO - Sync 1 DAGs
[2025-08-19T22:12:33.857+0000] {logging_mixin.py:188} INFO - [2025-08-19T22:12:33.857+0000] {dag.py:3823} INFO - Setting next_dagrun for example_dag_decorator to None, run_after=None
[2025-08-19T22:12:33.864+0000] {processor.py:183} INFO - Processing /home/airflow/.local/lib/python3.8/site-packages/airflow/example_dags/example_dag_decorator.py took 0.067 seconds
[2025-08-19T22:13:04.359+0000] {processor.py:161} INFO - Started process (PID=2587) to work on /home/airflow/.local/lib/python3.8/site-packages/airflow/example_dags/example_dag_decorator.py
[2025-08-19T22:13:04.359+0000] {processor.py:830} INFO - Processing file /home/airflow/.local/lib/python3.8/site-packages/airflow/example_dags/example_dag_decorator.py for tasks to queue
[2025-08-19T22:13:04.360+0000] {logging_mixin.py:188} INFO - [2025-08-19T22:13:04.360+0000] {dagbag.py:538} INFO - Filling up the DagBag from /home/airflow/.local/lib/python3.8/site-packages/airflow/example_dags/example_dag_decorator.py
[2025-08-19T22:13:04.423+0000] {processor.py:840} INFO - DAG(s) 'example_dag_decorator' retrieved from /home/airflow/.local/lib/python3.8/site-packages/airflow/example_dags/example_dag_decorator.py
[2025-08-19T22:13:04.575+0000] {logging_mixin.py:188} INFO - [2025-08-19T22:13:04.575+0000] {dag.py:3036} INFO - Sync 1 DAGs
[2025-08-19T22:13:04.579+0000] {logging_mixin.py:188} INFO - [2025-08-19T22:13:04.579+0000] {dag.py:3823} INFO - Setting next_dagrun for example_dag_decorator to None, run_after=None
[2025-08-19T22:13:04.586+0000] {processor.py:183} INFO - Processing /home/airflow/.local/lib/python3.8/site-packages/airflow/example_dags/example_dag_decorator.py took 0.229 seconds
[2025-08-19T22:13:34.913+0000] {processor.py:161} INFO - Started process (PID=2643) to work on /home/airflow/.local/lib/python3.8/site-packages/airflow/example_dags/example_dag_decorator.py
[2025-08-19T22:13:34.914+0000] {processor.py:830} INFO - Processing file /home/airflow/.local/lib/python3.8/site-packages/airflow/example_dags/example_dag_decorator.py for tasks to queue
[2025-08-19T22:13:34.914+0000] {logging_mixin.py:188} INFO - [2025-08-19T22:13:34.914+0000] {dagbag.py:538} INFO - Filling up the DagBag from /home/airflow/.local/lib/python3.8/site-packages/airflow/example_dags/example_dag_decorator.py
[2025-08-19T22:13:34.959+0000] {processor.py:840} INFO - DAG(s) 'example_dag_decorator' retrieved from /home/airflow/.local/lib/python3.8/site-packages/airflow/example_dags/example_dag_decorator.py
[2025-08-19T22:13:34.970+0000] {logging_mixin.py:188} INFO - [2025-08-19T22:13:34.970+0000] {dag.py:3036} INFO - Sync 1 DAGs
[2025-08-19T22:13:35.125+0000] {logging_mixin.py:188} INFO - [2025-08-19T22:13:35.125+0000] {dag.py:3823} INFO - Setting next_dagrun for example_dag_decorator to None, run_after=None
[2025-08-19T22:13:35.132+0000] {processor.py:183} INFO - Processing /home/airflow/.local/lib/python3.8/site-packages/airflow/example_dags/example_dag_decorator.py took 0.221 seconds
[2025-08-19T22:20:10.155+0000] {processor.py:161} INFO - Started process (PID=63) to work on /home/airflow/.local/lib/python3.8/site-packages/airflow/example_dags/example_dag_decorator.py
[2025-08-19T22:20:10.157+0000] {processor.py:830} INFO - Processing file /home/airflow/.local/lib/python3.8/site-packages/airflow/example_dags/example_dag_decorator.py for tasks to queue
[2025-08-19T22:20:10.161+0000] {logging_mixin.py:188} INFO - [2025-08-19T22:20:10.161+0000] {dagbag.py:538} INFO - Filling up the DagBag from /home/airflow/.local/lib/python3.8/site-packages/airflow/example_dags/example_dag_decorator.py
[2025-08-19T22:20:10.299+0000] {processor.py:840} INFO - DAG(s) 'example_dag_decorator' retrieved from /home/airflow/.local/lib/python3.8/site-packages/airflow/example_dags/example_dag_decorator.py
[2025-08-19T22:20:10.313+0000] {logging_mixin.py:188} INFO - [2025-08-19T22:20:10.313+0000] {dag.py:3036} INFO - Sync 1 DAGs
[2025-08-19T22:20:10.325+0000] {logging_mixin.py:188} INFO - [2025-08-19T22:20:10.325+0000] {dag.py:3823} INFO - Setting next_dagrun for example_dag_decorator to None, run_after=None
[2025-08-19T22:20:10.349+0000] {processor.py:183} INFO - Processing /home/airflow/.local/lib/python3.8/site-packages/airflow/example_dags/example_dag_decorator.py took 0.197 seconds
[2025-08-19T22:20:41.343+0000] {processor.py:161} INFO - Started process (PID=120) to work on /home/airflow/.local/lib/python3.8/site-packages/airflow/example_dags/example_dag_decorator.py
[2025-08-19T22:20:41.345+0000] {processor.py:830} INFO - Processing file /home/airflow/.local/lib/python3.8/site-packages/airflow/example_dags/example_dag_decorator.py for tasks to queue
[2025-08-19T22:20:41.348+0000] {logging_mixin.py:188} INFO - [2025-08-19T22:20:41.348+0000] {dagbag.py:538} INFO - Filling up the DagBag from /home/airflow/.local/lib/python3.8/site-packages/airflow/example_dags/example_dag_decorator.py
[2025-08-19T22:20:41.393+0000] {processor.py:840} INFO - DAG(s) 'example_dag_decorator' retrieved from /home/airflow/.local/lib/python3.8/site-packages/airflow/example_dags/example_dag_decorator.py
[2025-08-19T22:20:41.432+0000] {logging_mixin.py:188} INFO - [2025-08-19T22:20:41.432+0000] {dag.py:3036} INFO - Sync 1 DAGs
[2025-08-19T22:20:41.439+0000] {logging_mixin.py:188} INFO - [2025-08-19T22:20:41.438+0000] {dag.py:3823} INFO - Setting next_dagrun for example_dag_decorator to None, run_after=None
[2025-08-19T22:20:41.449+0000] {processor.py:183} INFO - Processing /home/airflow/.local/lib/python3.8/site-packages/airflow/example_dags/example_dag_decorator.py took 0.109 seconds
[2025-08-19T22:21:11.474+0000] {processor.py:161} INFO - Started process (PID=176) to work on /home/airflow/.local/lib/python3.8/site-packages/airflow/example_dags/example_dag_decorator.py
[2025-08-19T22:21:11.475+0000] {processor.py:830} INFO - Processing file /home/airflow/.local/lib/python3.8/site-packages/airflow/example_dags/example_dag_decorator.py for tasks to queue
[2025-08-19T22:21:11.476+0000] {logging_mixin.py:188} INFO - [2025-08-19T22:21:11.476+0000] {dagbag.py:538} INFO - Filling up the DagBag from /home/airflow/.local/lib/python3.8/site-packages/airflow/example_dags/example_dag_decorator.py
[2025-08-19T22:21:11.558+0000] {processor.py:840} INFO - DAG(s) 'example_dag_decorator' retrieved from /home/airflow/.local/lib/python3.8/site-packages/airflow/example_dags/example_dag_decorator.py
[2025-08-19T22:21:11.608+0000] {logging_mixin.py:188} INFO - [2025-08-19T22:21:11.608+0000] {dag.py:3036} INFO - Sync 1 DAGs
[2025-08-19T22:21:11.613+0000] {logging_mixin.py:188} INFO - [2025-08-19T22:21:11.613+0000] {dag.py:3823} INFO - Setting next_dagrun for example_dag_decorator to None, run_after=None
[2025-08-19T22:21:11.623+0000] {processor.py:183} INFO - Processing /home/airflow/.local/lib/python3.8/site-packages/airflow/example_dags/example_dag_decorator.py took 0.155 seconds
[2025-08-19T22:21:42.134+0000] {processor.py:161} INFO - Started process (PID=232) to work on /home/airflow/.local/lib/python3.8/site-packages/airflow/example_dags/example_dag_decorator.py
[2025-08-19T22:21:42.136+0000] {processor.py:830} INFO - Processing file /home/airflow/.local/lib/python3.8/site-packages/airflow/example_dags/example_dag_decorator.py for tasks to queue
[2025-08-19T22:21:42.138+0000] {logging_mixin.py:188} INFO - [2025-08-19T22:21:42.137+0000] {dagbag.py:538} INFO - Filling up the DagBag from /home/airflow/.local/lib/python3.8/site-packages/airflow/example_dags/example_dag_decorator.py
[2025-08-19T22:21:42.196+0000] {processor.py:840} INFO - DAG(s) 'example_dag_decorator' retrieved from /home/airflow/.local/lib/python3.8/site-packages/airflow/example_dags/example_dag_decorator.py
[2025-08-19T22:21:42.243+0000] {logging_mixin.py:188} INFO - [2025-08-19T22:21:42.243+0000] {dag.py:3036} INFO - Sync 1 DAGs
[2025-08-19T22:21:42.247+0000] {logging_mixin.py:188} INFO - [2025-08-19T22:21:42.247+0000] {dag.py:3823} INFO - Setting next_dagrun for example_dag_decorator to None, run_after=None
[2025-08-19T22:21:42.256+0000] {processor.py:183} INFO - Processing /home/airflow/.local/lib/python3.8/site-packages/airflow/example_dags/example_dag_decorator.py took 0.126 seconds
[2025-08-19T22:22:12.669+0000] {processor.py:161} INFO - Started process (PID=294) to work on /home/airflow/.local/lib/python3.8/site-packages/airflow/example_dags/example_dag_decorator.py
[2025-08-19T22:22:12.671+0000] {processor.py:830} INFO - Processing file /home/airflow/.local/lib/python3.8/site-packages/airflow/example_dags/example_dag_decorator.py for tasks to queue
[2025-08-19T22:22:12.672+0000] {logging_mixin.py:188} INFO - [2025-08-19T22:22:12.671+0000] {dagbag.py:538} INFO - Filling up the DagBag from /home/airflow/.local/lib/python3.8/site-packages/airflow/example_dags/example_dag_decorator.py
[2025-08-19T22:22:12.709+0000] {processor.py:840} INFO - DAG(s) 'example_dag_decorator' retrieved from /home/airflow/.local/lib/python3.8/site-packages/airflow/example_dags/example_dag_decorator.py
[2025-08-19T22:22:12.761+0000] {logging_mixin.py:188} INFO - [2025-08-19T22:22:12.760+0000] {dag.py:3036} INFO - Sync 1 DAGs
[2025-08-19T22:22:12.765+0000] {logging_mixin.py:188} INFO - [2025-08-19T22:22:12.765+0000] {dag.py:3823} INFO - Setting next_dagrun for example_dag_decorator to None, run_after=None
[2025-08-19T22:22:12.776+0000] {processor.py:183} INFO - Processing /home/airflow/.local/lib/python3.8/site-packages/airflow/example_dags/example_dag_decorator.py took 0.108 seconds
[2025-08-19T22:22:43.145+0000] {processor.py:161} INFO - Started process (PID=350) to work on /home/airflow/.local/lib/python3.8/site-packages/airflow/example_dags/example_dag_decorator.py
[2025-08-19T22:22:43.145+0000] {processor.py:830} INFO - Processing file /home/airflow/.local/lib/python3.8/site-packages/airflow/example_dags/example_dag_decorator.py for tasks to queue
[2025-08-19T22:22:43.146+0000] {logging_mixin.py:188} INFO - [2025-08-19T22:22:43.146+0000] {dagbag.py:538} INFO - Filling up the DagBag from /home/airflow/.local/lib/python3.8/site-packages/airflow/example_dags/example_dag_decorator.py
[2025-08-19T22:22:43.197+0000] {processor.py:840} INFO - DAG(s) 'example_dag_decorator' retrieved from /home/airflow/.local/lib/python3.8/site-packages/airflow/example_dags/example_dag_decorator.py
[2025-08-19T22:22:43.259+0000] {logging_mixin.py:188} INFO - [2025-08-19T22:22:43.259+0000] {dag.py:3036} INFO - Sync 1 DAGs
[2025-08-19T22:22:43.265+0000] {logging_mixin.py:188} INFO - [2025-08-19T22:22:43.264+0000] {dag.py:3823} INFO - Setting next_dagrun for example_dag_decorator to None, run_after=None
[2025-08-19T22:22:43.277+0000] {processor.py:183} INFO - Processing /home/airflow/.local/lib/python3.8/site-packages/airflow/example_dags/example_dag_decorator.py took 0.134 seconds
[2025-08-19T22:23:13.909+0000] {processor.py:161} INFO - Started process (PID=410) to work on /home/airflow/.local/lib/python3.8/site-packages/airflow/example_dags/example_dag_decorator.py
[2025-08-19T22:23:13.911+0000] {processor.py:830} INFO - Processing file /home/airflow/.local/lib/python3.8/site-packages/airflow/example_dags/example_dag_decorator.py for tasks to queue
[2025-08-19T22:23:13.913+0000] {logging_mixin.py:188} INFO - [2025-08-19T22:23:13.913+0000] {dagbag.py:538} INFO - Filling up the DagBag from /home/airflow/.local/lib/python3.8/site-packages/airflow/example_dags/example_dag_decorator.py
[2025-08-19T22:23:13.981+0000] {processor.py:840} INFO - DAG(s) 'example_dag_decorator' retrieved from /home/airflow/.local/lib/python3.8/site-packages/airflow/example_dags/example_dag_decorator.py
[2025-08-19T22:23:14.063+0000] {logging_mixin.py:188} INFO - [2025-08-19T22:23:14.062+0000] {dag.py:3036} INFO - Sync 1 DAGs
[2025-08-19T22:23:14.070+0000] {logging_mixin.py:188} INFO - [2025-08-19T22:23:14.070+0000] {dag.py:3823} INFO - Setting next_dagrun for example_dag_decorator to None, run_after=None
[2025-08-19T22:23:14.078+0000] {processor.py:183} INFO - Processing /home/airflow/.local/lib/python3.8/site-packages/airflow/example_dags/example_dag_decorator.py took 0.173 seconds
[2025-08-19T22:23:44.514+0000] {processor.py:161} INFO - Started process (PID=466) to work on /home/airflow/.local/lib/python3.8/site-packages/airflow/example_dags/example_dag_decorator.py
[2025-08-19T22:23:44.516+0000] {processor.py:830} INFO - Processing file /home/airflow/.local/lib/python3.8/site-packages/airflow/example_dags/example_dag_decorator.py for tasks to queue
[2025-08-19T22:23:44.518+0000] {logging_mixin.py:188} INFO - [2025-08-19T22:23:44.518+0000] {dagbag.py:538} INFO - Filling up the DagBag from /home/airflow/.local/lib/python3.8/site-packages/airflow/example_dags/example_dag_decorator.py
[2025-08-19T22:23:44.570+0000] {processor.py:840} INFO - DAG(s) 'example_dag_decorator' retrieved from /home/airflow/.local/lib/python3.8/site-packages/airflow/example_dags/example_dag_decorator.py
[2025-08-19T22:23:44.585+0000] {logging_mixin.py:188} INFO - [2025-08-19T22:23:44.585+0000] {dag.py:3036} INFO - Sync 1 DAGs
[2025-08-19T22:23:44.592+0000] {logging_mixin.py:188} INFO - [2025-08-19T22:23:44.592+0000] {dag.py:3823} INFO - Setting next_dagrun for example_dag_decorator to None, run_after=None
[2025-08-19T22:23:44.605+0000] {processor.py:183} INFO - Processing /home/airflow/.local/lib/python3.8/site-packages/airflow/example_dags/example_dag_decorator.py took 0.094 seconds
[2025-08-19T22:24:14.916+0000] {processor.py:161} INFO - Started process (PID=522) to work on /home/airflow/.local/lib/python3.8/site-packages/airflow/example_dags/example_dag_decorator.py
[2025-08-19T22:24:14.917+0000] {processor.py:830} INFO - Processing file /home/airflow/.local/lib/python3.8/site-packages/airflow/example_dags/example_dag_decorator.py for tasks to queue
[2025-08-19T22:24:14.918+0000] {logging_mixin.py:188} INFO - [2025-08-19T22:24:14.918+0000] {dagbag.py:538} INFO - Filling up the DagBag from /home/airflow/.local/lib/python3.8/site-packages/airflow/example_dags/example_dag_decorator.py
[2025-08-19T22:24:14.957+0000] {processor.py:840} INFO - DAG(s) 'example_dag_decorator' retrieved from /home/airflow/.local/lib/python3.8/site-packages/airflow/example_dags/example_dag_decorator.py
[2025-08-19T22:24:15.006+0000] {logging_mixin.py:188} INFO - [2025-08-19T22:24:15.005+0000] {dag.py:3036} INFO - Sync 1 DAGs
[2025-08-19T22:24:15.009+0000] {logging_mixin.py:188} INFO - [2025-08-19T22:24:15.009+0000] {dag.py:3823} INFO - Setting next_dagrun for example_dag_decorator to None, run_after=None
[2025-08-19T22:24:15.018+0000] {processor.py:183} INFO - Processing /home/airflow/.local/lib/python3.8/site-packages/airflow/example_dags/example_dag_decorator.py took 0.104 seconds
[2025-08-19T22:24:45.371+0000] {processor.py:161} INFO - Started process (PID=578) to work on /home/airflow/.local/lib/python3.8/site-packages/airflow/example_dags/example_dag_decorator.py
[2025-08-19T22:24:45.373+0000] {processor.py:830} INFO - Processing file /home/airflow/.local/lib/python3.8/site-packages/airflow/example_dags/example_dag_decorator.py for tasks to queue
[2025-08-19T22:24:45.375+0000] {logging_mixin.py:188} INFO - [2025-08-19T22:24:45.375+0000] {dagbag.py:538} INFO - Filling up the DagBag from /home/airflow/.local/lib/python3.8/site-packages/airflow/example_dags/example_dag_decorator.py
[2025-08-19T22:24:45.427+0000] {processor.py:840} INFO - DAG(s) 'example_dag_decorator' retrieved from /home/airflow/.local/lib/python3.8/site-packages/airflow/example_dags/example_dag_decorator.py
[2025-08-19T22:24:45.474+0000] {logging_mixin.py:188} INFO - [2025-08-19T22:24:45.474+0000] {dag.py:3036} INFO - Sync 1 DAGs
[2025-08-19T22:24:45.478+0000] {logging_mixin.py:188} INFO - [2025-08-19T22:24:45.478+0000] {dag.py:3823} INFO - Setting next_dagrun for example_dag_decorator to None, run_after=None
[2025-08-19T22:24:45.488+0000] {processor.py:183} INFO - Processing /home/airflow/.local/lib/python3.8/site-packages/airflow/example_dags/example_dag_decorator.py took 0.122 seconds
[2025-08-19T22:25:15.819+0000] {processor.py:161} INFO - Started process (PID=634) to work on /home/airflow/.local/lib/python3.8/site-packages/airflow/example_dags/example_dag_decorator.py
[2025-08-19T22:25:15.821+0000] {processor.py:830} INFO - Processing file /home/airflow/.local/lib/python3.8/site-packages/airflow/example_dags/example_dag_decorator.py for tasks to queue
[2025-08-19T22:25:15.824+0000] {logging_mixin.py:188} INFO - [2025-08-19T22:25:15.823+0000] {dagbag.py:538} INFO - Filling up the DagBag from /home/airflow/.local/lib/python3.8/site-packages/airflow/example_dags/example_dag_decorator.py
[2025-08-19T22:25:15.880+0000] {processor.py:840} INFO - DAG(s) 'example_dag_decorator' retrieved from /home/airflow/.local/lib/python3.8/site-packages/airflow/example_dags/example_dag_decorator.py
[2025-08-19T22:25:15.922+0000] {logging_mixin.py:188} INFO - [2025-08-19T22:25:15.922+0000] {dag.py:3036} INFO - Sync 1 DAGs
[2025-08-19T22:25:15.926+0000] {logging_mixin.py:188} INFO - [2025-08-19T22:25:15.926+0000] {dag.py:3823} INFO - Setting next_dagrun for example_dag_decorator to None, run_after=None
[2025-08-19T22:25:15.934+0000] {processor.py:183} INFO - Processing /home/airflow/.local/lib/python3.8/site-packages/airflow/example_dags/example_dag_decorator.py took 0.121 seconds
[2025-08-19T22:25:46.228+0000] {processor.py:161} INFO - Started process (PID=690) to work on /home/airflow/.local/lib/python3.8/site-packages/airflow/example_dags/example_dag_decorator.py
[2025-08-19T22:25:46.229+0000] {processor.py:830} INFO - Processing file /home/airflow/.local/lib/python3.8/site-packages/airflow/example_dags/example_dag_decorator.py for tasks to queue
[2025-08-19T22:25:46.230+0000] {logging_mixin.py:188} INFO - [2025-08-19T22:25:46.230+0000] {dagbag.py:538} INFO - Filling up the DagBag from /home/airflow/.local/lib/python3.8/site-packages/airflow/example_dags/example_dag_decorator.py
[2025-08-19T22:25:46.276+0000] {processor.py:840} INFO - DAG(s) 'example_dag_decorator' retrieved from /home/airflow/.local/lib/python3.8/site-packages/airflow/example_dags/example_dag_decorator.py
[2025-08-19T22:25:46.321+0000] {logging_mixin.py:188} INFO - [2025-08-19T22:25:46.321+0000] {dag.py:3036} INFO - Sync 1 DAGs
[2025-08-19T22:25:46.327+0000] {logging_mixin.py:188} INFO - [2025-08-19T22:25:46.327+0000] {dag.py:3823} INFO - Setting next_dagrun for example_dag_decorator to None, run_after=None
[2025-08-19T22:25:46.336+0000] {processor.py:183} INFO - Processing /home/airflow/.local/lib/python3.8/site-packages/airflow/example_dags/example_dag_decorator.py took 0.111 seconds
[2025-08-19T22:26:16.671+0000] {processor.py:161} INFO - Started process (PID=746) to work on /home/airflow/.local/lib/python3.8/site-packages/airflow/example_dags/example_dag_decorator.py
[2025-08-19T22:26:16.673+0000] {processor.py:830} INFO - Processing file /home/airflow/.local/lib/python3.8/site-packages/airflow/example_dags/example_dag_decorator.py for tasks to queue
[2025-08-19T22:26:16.675+0000] {logging_mixin.py:188} INFO - [2025-08-19T22:26:16.675+0000] {dagbag.py:538} INFO - Filling up the DagBag from /home/airflow/.local/lib/python3.8/site-packages/airflow/example_dags/example_dag_decorator.py
[2025-08-19T22:26:16.729+0000] {processor.py:840} INFO - DAG(s) 'example_dag_decorator' retrieved from /home/airflow/.local/lib/python3.8/site-packages/airflow/example_dags/example_dag_decorator.py
[2025-08-19T22:26:16.793+0000] {logging_mixin.py:188} INFO - [2025-08-19T22:26:16.793+0000] {dag.py:3036} INFO - Sync 1 DAGs
[2025-08-19T22:26:16.796+0000] {logging_mixin.py:188} INFO - [2025-08-19T22:26:16.796+0000] {dag.py:3823} INFO - Setting next_dagrun for example_dag_decorator to None, run_after=None
[2025-08-19T22:26:16.805+0000] {processor.py:183} INFO - Processing /home/airflow/.local/lib/python3.8/site-packages/airflow/example_dags/example_dag_decorator.py took 0.138 seconds
[2025-08-19T22:26:47.080+0000] {processor.py:161} INFO - Started process (PID=802) to work on /home/airflow/.local/lib/python3.8/site-packages/airflow/example_dags/example_dag_decorator.py
[2025-08-19T22:26:47.082+0000] {processor.py:830} INFO - Processing file /home/airflow/.local/lib/python3.8/site-packages/airflow/example_dags/example_dag_decorator.py for tasks to queue
[2025-08-19T22:26:47.084+0000] {logging_mixin.py:188} INFO - [2025-08-19T22:26:47.084+0000] {dagbag.py:538} INFO - Filling up the DagBag from /home/airflow/.local/lib/python3.8/site-packages/airflow/example_dags/example_dag_decorator.py
[2025-08-19T22:26:47.134+0000] {processor.py:840} INFO - DAG(s) 'example_dag_decorator' retrieved from /home/airflow/.local/lib/python3.8/site-packages/airflow/example_dags/example_dag_decorator.py
[2025-08-19T22:26:47.182+0000] {logging_mixin.py:188} INFO - [2025-08-19T22:26:47.182+0000] {dag.py:3036} INFO - Sync 1 DAGs
[2025-08-19T22:26:47.187+0000] {logging_mixin.py:188} INFO - [2025-08-19T22:26:47.187+0000] {dag.py:3823} INFO - Setting next_dagrun for example_dag_decorator to None, run_after=None
[2025-08-19T22:26:47.195+0000] {processor.py:183} INFO - Processing /home/airflow/.local/lib/python3.8/site-packages/airflow/example_dags/example_dag_decorator.py took 0.121 seconds
[2025-08-19T22:27:17.492+0000] {processor.py:161} INFO - Started process (PID=858) to work on /home/airflow/.local/lib/python3.8/site-packages/airflow/example_dags/example_dag_decorator.py
[2025-08-19T22:27:17.494+0000] {processor.py:830} INFO - Processing file /home/airflow/.local/lib/python3.8/site-packages/airflow/example_dags/example_dag_decorator.py for tasks to queue
[2025-08-19T22:27:17.494+0000] {logging_mixin.py:188} INFO - [2025-08-19T22:27:17.494+0000] {dagbag.py:538} INFO - Filling up the DagBag from /home/airflow/.local/lib/python3.8/site-packages/airflow/example_dags/example_dag_decorator.py
[2025-08-19T22:27:17.536+0000] {processor.py:840} INFO - DAG(s) 'example_dag_decorator' retrieved from /home/airflow/.local/lib/python3.8/site-packages/airflow/example_dags/example_dag_decorator.py
[2025-08-19T22:27:17.588+0000] {logging_mixin.py:188} INFO - [2025-08-19T22:27:17.588+0000] {dag.py:3036} INFO - Sync 1 DAGs
[2025-08-19T22:27:17.593+0000] {logging_mixin.py:188} INFO - [2025-08-19T22:27:17.593+0000] {dag.py:3823} INFO - Setting next_dagrun for example_dag_decorator to None, run_after=None
[2025-08-19T22:27:17.606+0000] {processor.py:183} INFO - Processing /home/airflow/.local/lib/python3.8/site-packages/airflow/example_dags/example_dag_decorator.py took 0.117 seconds
[2025-08-19T22:27:48.109+0000] {processor.py:161} INFO - Started process (PID=918) to work on /home/airflow/.local/lib/python3.8/site-packages/airflow/example_dags/example_dag_decorator.py
[2025-08-19T22:27:48.110+0000] {processor.py:830} INFO - Processing file /home/airflow/.local/lib/python3.8/site-packages/airflow/example_dags/example_dag_decorator.py for tasks to queue
[2025-08-19T22:27:48.111+0000] {logging_mixin.py:188} INFO - [2025-08-19T22:27:48.111+0000] {dagbag.py:538} INFO - Filling up the DagBag from /home/airflow/.local/lib/python3.8/site-packages/airflow/example_dags/example_dag_decorator.py
[2025-08-19T22:27:48.153+0000] {processor.py:840} INFO - DAG(s) 'example_dag_decorator' retrieved from /home/airflow/.local/lib/python3.8/site-packages/airflow/example_dags/example_dag_decorator.py
[2025-08-19T22:27:48.195+0000] {logging_mixin.py:188} INFO - [2025-08-19T22:27:48.195+0000] {dag.py:3036} INFO - Sync 1 DAGs
[2025-08-19T22:27:48.199+0000] {logging_mixin.py:188} INFO - [2025-08-19T22:27:48.199+0000] {dag.py:3823} INFO - Setting next_dagrun for example_dag_decorator to None, run_after=None
[2025-08-19T22:27:48.207+0000] {processor.py:183} INFO - Processing /home/airflow/.local/lib/python3.8/site-packages/airflow/example_dags/example_dag_decorator.py took 0.099 seconds
[2025-08-19T22:28:18.759+0000] {processor.py:161} INFO - Started process (PID=974) to work on /home/airflow/.local/lib/python3.8/site-packages/airflow/example_dags/example_dag_decorator.py
[2025-08-19T22:28:18.760+0000] {processor.py:830} INFO - Processing file /home/airflow/.local/lib/python3.8/site-packages/airflow/example_dags/example_dag_decorator.py for tasks to queue
[2025-08-19T22:28:18.761+0000] {logging_mixin.py:188} INFO - [2025-08-19T22:28:18.761+0000] {dagbag.py:538} INFO - Filling up the DagBag from /home/airflow/.local/lib/python3.8/site-packages/airflow/example_dags/example_dag_decorator.py
[2025-08-19T22:28:18.813+0000] {processor.py:840} INFO - DAG(s) 'example_dag_decorator' retrieved from /home/airflow/.local/lib/python3.8/site-packages/airflow/example_dags/example_dag_decorator.py
[2025-08-19T22:28:18.854+0000] {logging_mixin.py:188} INFO - [2025-08-19T22:28:18.854+0000] {dag.py:3036} INFO - Sync 1 DAGs
[2025-08-19T22:28:18.858+0000] {logging_mixin.py:188} INFO - [2025-08-19T22:28:18.858+0000] {dag.py:3823} INFO - Setting next_dagrun for example_dag_decorator to None, run_after=None
[2025-08-19T22:28:18.868+0000] {processor.py:183} INFO - Processing /home/airflow/.local/lib/python3.8/site-packages/airflow/example_dags/example_dag_decorator.py took 0.111 seconds
[2025-08-19T22:28:49.198+0000] {processor.py:161} INFO - Started process (PID=1030) to work on /home/airflow/.local/lib/python3.8/site-packages/airflow/example_dags/example_dag_decorator.py
[2025-08-19T22:28:49.200+0000] {processor.py:830} INFO - Processing file /home/airflow/.local/lib/python3.8/site-packages/airflow/example_dags/example_dag_decorator.py for tasks to queue
[2025-08-19T22:28:49.202+0000] {logging_mixin.py:188} INFO - [2025-08-19T22:28:49.202+0000] {dagbag.py:538} INFO - Filling up the DagBag from /home/airflow/.local/lib/python3.8/site-packages/airflow/example_dags/example_dag_decorator.py
[2025-08-19T22:28:49.256+0000] {processor.py:840} INFO - DAG(s) 'example_dag_decorator' retrieved from /home/airflow/.local/lib/python3.8/site-packages/airflow/example_dags/example_dag_decorator.py
[2025-08-19T22:28:49.299+0000] {logging_mixin.py:188} INFO - [2025-08-19T22:28:49.299+0000] {dag.py:3036} INFO - Sync 1 DAGs
[2025-08-19T22:28:49.303+0000] {logging_mixin.py:188} INFO - [2025-08-19T22:28:49.303+0000] {dag.py:3823} INFO - Setting next_dagrun for example_dag_decorator to None, run_after=None
[2025-08-19T22:28:49.310+0000] {processor.py:183} INFO - Processing /home/airflow/.local/lib/python3.8/site-packages/airflow/example_dags/example_dag_decorator.py took 0.117 seconds
[2025-08-19T22:29:19.646+0000] {processor.py:161} INFO - Started process (PID=1086) to work on /home/airflow/.local/lib/python3.8/site-packages/airflow/example_dags/example_dag_decorator.py
[2025-08-19T22:29:19.647+0000] {processor.py:830} INFO - Processing file /home/airflow/.local/lib/python3.8/site-packages/airflow/example_dags/example_dag_decorator.py for tasks to queue
[2025-08-19T22:29:19.649+0000] {logging_mixin.py:188} INFO - [2025-08-19T22:29:19.649+0000] {dagbag.py:538} INFO - Filling up the DagBag from /home/airflow/.local/lib/python3.8/site-packages/airflow/example_dags/example_dag_decorator.py
[2025-08-19T22:29:19.716+0000] {processor.py:840} INFO - DAG(s) 'example_dag_decorator' retrieved from /home/airflow/.local/lib/python3.8/site-packages/airflow/example_dags/example_dag_decorator.py
[2025-08-19T22:29:19.797+0000] {logging_mixin.py:188} INFO - [2025-08-19T22:29:19.797+0000] {dag.py:3036} INFO - Sync 1 DAGs
[2025-08-19T22:29:19.802+0000] {logging_mixin.py:188} INFO - [2025-08-19T22:29:19.802+0000] {dag.py:3823} INFO - Setting next_dagrun for example_dag_decorator to None, run_after=None
[2025-08-19T22:29:19.812+0000] {processor.py:183} INFO - Processing /home/airflow/.local/lib/python3.8/site-packages/airflow/example_dags/example_dag_decorator.py took 0.171 seconds
[2025-08-19T22:29:50.347+0000] {processor.py:161} INFO - Started process (PID=1142) to work on /home/airflow/.local/lib/python3.8/site-packages/airflow/example_dags/example_dag_decorator.py
[2025-08-19T22:29:50.349+0000] {processor.py:830} INFO - Processing file /home/airflow/.local/lib/python3.8/site-packages/airflow/example_dags/example_dag_decorator.py for tasks to queue
[2025-08-19T22:29:50.351+0000] {logging_mixin.py:188} INFO - [2025-08-19T22:29:50.351+0000] {dagbag.py:538} INFO - Filling up the DagBag from /home/airflow/.local/lib/python3.8/site-packages/airflow/example_dags/example_dag_decorator.py
[2025-08-19T22:29:50.407+0000] {processor.py:840} INFO - DAG(s) 'example_dag_decorator' retrieved from /home/airflow/.local/lib/python3.8/site-packages/airflow/example_dags/example_dag_decorator.py
[2025-08-19T22:29:50.450+0000] {logging_mixin.py:188} INFO - [2025-08-19T22:29:50.450+0000] {dag.py:3036} INFO - Sync 1 DAGs
[2025-08-19T22:29:50.454+0000] {logging_mixin.py:188} INFO - [2025-08-19T22:29:50.454+0000] {dag.py:3823} INFO - Setting next_dagrun for example_dag_decorator to None, run_after=None
[2025-08-19T22:29:50.464+0000] {processor.py:183} INFO - Processing /home/airflow/.local/lib/python3.8/site-packages/airflow/example_dags/example_dag_decorator.py took 0.123 seconds
[2025-08-19T22:30:20.798+0000] {processor.py:161} INFO - Started process (PID=1198) to work on /home/airflow/.local/lib/python3.8/site-packages/airflow/example_dags/example_dag_decorator.py
[2025-08-19T22:30:20.800+0000] {processor.py:830} INFO - Processing file /home/airflow/.local/lib/python3.8/site-packages/airflow/example_dags/example_dag_decorator.py for tasks to queue
[2025-08-19T22:30:20.801+0000] {logging_mixin.py:188} INFO - [2025-08-19T22:30:20.801+0000] {dagbag.py:538} INFO - Filling up the DagBag from /home/airflow/.local/lib/python3.8/site-packages/airflow/example_dags/example_dag_decorator.py
[2025-08-19T22:30:20.860+0000] {processor.py:840} INFO - DAG(s) 'example_dag_decorator' retrieved from /home/airflow/.local/lib/python3.8/site-packages/airflow/example_dags/example_dag_decorator.py
[2025-08-19T22:30:20.909+0000] {logging_mixin.py:188} INFO - [2025-08-19T22:30:20.909+0000] {dag.py:3036} INFO - Sync 1 DAGs
[2025-08-19T22:30:20.915+0000] {logging_mixin.py:188} INFO - [2025-08-19T22:30:20.915+0000] {dag.py:3823} INFO - Setting next_dagrun for example_dag_decorator to None, run_after=None
[2025-08-19T22:30:20.928+0000] {processor.py:183} INFO - Processing /home/airflow/.local/lib/python3.8/site-packages/airflow/example_dags/example_dag_decorator.py took 0.134 seconds
