[2025-08-19T21:50:08.678+0000] {processor.py:161} INFO - Started process (PID=84) to work on /home/airflow/.local/lib/python3.8/site-packages/airflow/example_dags/example_time_delta_sensor_async.py
[2025-08-19T21:50:08.688+0000] {processor.py:830} INFO - Processing file /home/airflow/.local/lib/python3.8/site-packages/airflow/example_dags/example_time_delta_sensor_async.py for tasks to queue
[2025-08-19T21:50:08.695+0000] {logging_mixin.py:188} INFO - [2025-08-19T21:50:08.695+0000] {dagbag.py:538} INFO - Filling up the DagBag from /home/airflow/.local/lib/python3.8/site-packages/airflow/example_dags/example_time_delta_sensor_async.py
[2025-08-19T21:50:08.698+0000] {processor.py:840} INFO - DAG(s) 'example_time_delta_sensor_async' retrieved from /home/airflow/.local/lib/python3.8/site-packages/airflow/example_dags/example_time_delta_sensor_async.py
[2025-08-19T21:50:08.737+0000] {logging_mixin.py:188} INFO - [2025-08-19T21:50:08.737+0000] {dag.py:3036} INFO - Sync 1 DAGs
[2025-08-19T21:50:08.758+0000] {logging_mixin.py:188} INFO - [2025-08-19T21:50:08.758+0000] {dag.py:3823} INFO - Setting next_dagrun for example_time_delta_sensor_async to None, run_after=None
[2025-08-19T21:50:08.772+0000] {processor.py:183} INFO - Processing /home/airflow/.local/lib/python3.8/site-packages/airflow/example_dags/example_time_delta_sensor_async.py took 0.108 seconds
[2025-08-19T21:50:38.962+0000] {processor.py:161} INFO - Started process (PID=140) to work on /home/airflow/.local/lib/python3.8/site-packages/airflow/example_dags/example_time_delta_sensor_async.py
[2025-08-19T21:50:38.963+0000] {processor.py:830} INFO - Processing file /home/airflow/.local/lib/python3.8/site-packages/airflow/example_dags/example_time_delta_sensor_async.py for tasks to queue
[2025-08-19T21:50:38.964+0000] {logging_mixin.py:188} INFO - [2025-08-19T21:50:38.963+0000] {dagbag.py:538} INFO - Filling up the DagBag from /home/airflow/.local/lib/python3.8/site-packages/airflow/example_dags/example_time_delta_sensor_async.py
[2025-08-19T21:50:38.965+0000] {processor.py:840} INFO - DAG(s) 'example_time_delta_sensor_async' retrieved from /home/airflow/.local/lib/python3.8/site-packages/airflow/example_dags/example_time_delta_sensor_async.py
[2025-08-19T21:50:39.003+0000] {logging_mixin.py:188} INFO - [2025-08-19T21:50:39.003+0000] {dag.py:3036} INFO - Sync 1 DAGs
[2025-08-19T21:50:39.009+0000] {logging_mixin.py:188} INFO - [2025-08-19T21:50:39.008+0000] {dag.py:3823} INFO - Setting next_dagrun for example_time_delta_sensor_async to None, run_after=None
[2025-08-19T21:50:39.020+0000] {processor.py:183} INFO - Processing /home/airflow/.local/lib/python3.8/site-packages/airflow/example_dags/example_time_delta_sensor_async.py took 0.059 seconds
[2025-08-19T21:51:09.495+0000] {processor.py:161} INFO - Started process (PID=195) to work on /home/airflow/.local/lib/python3.8/site-packages/airflow/example_dags/example_time_delta_sensor_async.py
[2025-08-19T21:51:09.497+0000] {processor.py:830} INFO - Processing file /home/airflow/.local/lib/python3.8/site-packages/airflow/example_dags/example_time_delta_sensor_async.py for tasks to queue
[2025-08-19T21:51:09.498+0000] {logging_mixin.py:188} INFO - [2025-08-19T21:51:09.498+0000] {dagbag.py:538} INFO - Filling up the DagBag from /home/airflow/.local/lib/python3.8/site-packages/airflow/example_dags/example_time_delta_sensor_async.py
[2025-08-19T21:51:09.500+0000] {processor.py:840} INFO - DAG(s) 'example_time_delta_sensor_async' retrieved from /home/airflow/.local/lib/python3.8/site-packages/airflow/example_dags/example_time_delta_sensor_async.py
[2025-08-19T21:51:09.507+0000] {logging_mixin.py:188} INFO - [2025-08-19T21:51:09.507+0000] {dag.py:3036} INFO - Sync 1 DAGs
[2025-08-19T21:51:09.512+0000] {logging_mixin.py:188} INFO - [2025-08-19T21:51:09.512+0000] {dag.py:3823} INFO - Setting next_dagrun for example_time_delta_sensor_async to None, run_after=None
[2025-08-19T21:51:09.519+0000] {processor.py:183} INFO - Processing /home/airflow/.local/lib/python3.8/site-packages/airflow/example_dags/example_time_delta_sensor_async.py took 0.025 seconds
[2025-08-19T21:51:40.009+0000] {processor.py:161} INFO - Started process (PID=257) to work on /home/airflow/.local/lib/python3.8/site-packages/airflow/example_dags/example_time_delta_sensor_async.py
[2025-08-19T21:51:40.009+0000] {processor.py:830} INFO - Processing file /home/airflow/.local/lib/python3.8/site-packages/airflow/example_dags/example_time_delta_sensor_async.py for tasks to queue
[2025-08-19T21:51:40.010+0000] {logging_mixin.py:188} INFO - [2025-08-19T21:51:40.010+0000] {dagbag.py:538} INFO - Filling up the DagBag from /home/airflow/.local/lib/python3.8/site-packages/airflow/example_dags/example_time_delta_sensor_async.py
[2025-08-19T21:51:40.013+0000] {processor.py:840} INFO - DAG(s) 'example_time_delta_sensor_async' retrieved from /home/airflow/.local/lib/python3.8/site-packages/airflow/example_dags/example_time_delta_sensor_async.py
[2025-08-19T21:51:40.020+0000] {logging_mixin.py:188} INFO - [2025-08-19T21:51:40.020+0000] {dag.py:3036} INFO - Sync 1 DAGs
[2025-08-19T21:51:40.024+0000] {logging_mixin.py:188} INFO - [2025-08-19T21:51:40.024+0000] {dag.py:3823} INFO - Setting next_dagrun for example_time_delta_sensor_async to None, run_after=None
[2025-08-19T21:51:40.032+0000] {processor.py:183} INFO - Processing /home/airflow/.local/lib/python3.8/site-packages/airflow/example_dags/example_time_delta_sensor_async.py took 0.024 seconds
[2025-08-19T21:52:10.795+0000] {processor.py:161} INFO - Started process (PID=313) to work on /home/airflow/.local/lib/python3.8/site-packages/airflow/example_dags/example_time_delta_sensor_async.py
[2025-08-19T21:52:10.795+0000] {processor.py:830} INFO - Processing file /home/airflow/.local/lib/python3.8/site-packages/airflow/example_dags/example_time_delta_sensor_async.py for tasks to queue
[2025-08-19T21:52:10.796+0000] {logging_mixin.py:188} INFO - [2025-08-19T21:52:10.796+0000] {dagbag.py:538} INFO - Filling up the DagBag from /home/airflow/.local/lib/python3.8/site-packages/airflow/example_dags/example_time_delta_sensor_async.py
[2025-08-19T21:52:10.800+0000] {processor.py:840} INFO - DAG(s) 'example_time_delta_sensor_async' retrieved from /home/airflow/.local/lib/python3.8/site-packages/airflow/example_dags/example_time_delta_sensor_async.py
[2025-08-19T21:52:10.812+0000] {logging_mixin.py:188} INFO - [2025-08-19T21:52:10.812+0000] {dag.py:3036} INFO - Sync 1 DAGs
[2025-08-19T21:52:10.818+0000] {logging_mixin.py:188} INFO - [2025-08-19T21:52:10.818+0000] {dag.py:3823} INFO - Setting next_dagrun for example_time_delta_sensor_async to None, run_after=None
[2025-08-19T21:52:10.826+0000] {processor.py:183} INFO - Processing /home/airflow/.local/lib/python3.8/site-packages/airflow/example_dags/example_time_delta_sensor_async.py took 0.033 seconds
[2025-08-19T21:52:41.519+0000] {processor.py:161} INFO - Started process (PID=369) to work on /home/airflow/.local/lib/python3.8/site-packages/airflow/example_dags/example_time_delta_sensor_async.py
[2025-08-19T21:52:41.521+0000] {processor.py:830} INFO - Processing file /home/airflow/.local/lib/python3.8/site-packages/airflow/example_dags/example_time_delta_sensor_async.py for tasks to queue
[2025-08-19T21:52:41.522+0000] {logging_mixin.py:188} INFO - [2025-08-19T21:52:41.522+0000] {dagbag.py:538} INFO - Filling up the DagBag from /home/airflow/.local/lib/python3.8/site-packages/airflow/example_dags/example_time_delta_sensor_async.py
[2025-08-19T21:52:41.524+0000] {processor.py:840} INFO - DAG(s) 'example_time_delta_sensor_async' retrieved from /home/airflow/.local/lib/python3.8/site-packages/airflow/example_dags/example_time_delta_sensor_async.py
[2025-08-19T21:52:41.533+0000] {logging_mixin.py:188} INFO - [2025-08-19T21:52:41.533+0000] {dag.py:3036} INFO - Sync 1 DAGs
[2025-08-19T21:52:41.540+0000] {logging_mixin.py:188} INFO - [2025-08-19T21:52:41.540+0000] {dag.py:3823} INFO - Setting next_dagrun for example_time_delta_sensor_async to None, run_after=None
[2025-08-19T21:52:41.546+0000] {processor.py:183} INFO - Processing /home/airflow/.local/lib/python3.8/site-packages/airflow/example_dags/example_time_delta_sensor_async.py took 0.028 seconds
[2025-08-19T21:53:12.158+0000] {processor.py:161} INFO - Started process (PID=425) to work on /home/airflow/.local/lib/python3.8/site-packages/airflow/example_dags/example_time_delta_sensor_async.py
[2025-08-19T21:53:12.158+0000] {processor.py:830} INFO - Processing file /home/airflow/.local/lib/python3.8/site-packages/airflow/example_dags/example_time_delta_sensor_async.py for tasks to queue
[2025-08-19T21:53:12.159+0000] {logging_mixin.py:188} INFO - [2025-08-19T21:53:12.159+0000] {dagbag.py:538} INFO - Filling up the DagBag from /home/airflow/.local/lib/python3.8/site-packages/airflow/example_dags/example_time_delta_sensor_async.py
[2025-08-19T21:53:12.162+0000] {processor.py:840} INFO - DAG(s) 'example_time_delta_sensor_async' retrieved from /home/airflow/.local/lib/python3.8/site-packages/airflow/example_dags/example_time_delta_sensor_async.py
[2025-08-19T21:53:12.172+0000] {logging_mixin.py:188} INFO - [2025-08-19T21:53:12.172+0000] {dag.py:3036} INFO - Sync 1 DAGs
[2025-08-19T21:53:12.177+0000] {logging_mixin.py:188} INFO - [2025-08-19T21:53:12.177+0000] {dag.py:3823} INFO - Setting next_dagrun for example_time_delta_sensor_async to None, run_after=None
[2025-08-19T21:53:12.185+0000] {processor.py:183} INFO - Processing /home/airflow/.local/lib/python3.8/site-packages/airflow/example_dags/example_time_delta_sensor_async.py took 0.029 seconds
[2025-08-19T21:53:42.811+0000] {processor.py:161} INFO - Started process (PID=481) to work on /home/airflow/.local/lib/python3.8/site-packages/airflow/example_dags/example_time_delta_sensor_async.py
[2025-08-19T21:53:42.812+0000] {processor.py:830} INFO - Processing file /home/airflow/.local/lib/python3.8/site-packages/airflow/example_dags/example_time_delta_sensor_async.py for tasks to queue
[2025-08-19T21:53:42.813+0000] {logging_mixin.py:188} INFO - [2025-08-19T21:53:42.813+0000] {dagbag.py:538} INFO - Filling up the DagBag from /home/airflow/.local/lib/python3.8/site-packages/airflow/example_dags/example_time_delta_sensor_async.py
[2025-08-19T21:53:42.815+0000] {processor.py:840} INFO - DAG(s) 'example_time_delta_sensor_async' retrieved from /home/airflow/.local/lib/python3.8/site-packages/airflow/example_dags/example_time_delta_sensor_async.py
[2025-08-19T21:53:42.825+0000] {logging_mixin.py:188} INFO - [2025-08-19T21:53:42.825+0000] {dag.py:3036} INFO - Sync 1 DAGs
[2025-08-19T21:53:42.832+0000] {logging_mixin.py:188} INFO - [2025-08-19T21:53:42.832+0000] {dag.py:3823} INFO - Setting next_dagrun for example_time_delta_sensor_async to None, run_after=None
[2025-08-19T21:53:42.840+0000] {processor.py:183} INFO - Processing /home/airflow/.local/lib/python3.8/site-packages/airflow/example_dags/example_time_delta_sensor_async.py took 0.031 seconds
[2025-08-19T21:54:13.390+0000] {processor.py:161} INFO - Started process (PID=537) to work on /home/airflow/.local/lib/python3.8/site-packages/airflow/example_dags/example_time_delta_sensor_async.py
[2025-08-19T21:54:13.390+0000] {processor.py:830} INFO - Processing file /home/airflow/.local/lib/python3.8/site-packages/airflow/example_dags/example_time_delta_sensor_async.py for tasks to queue
[2025-08-19T21:54:13.391+0000] {logging_mixin.py:188} INFO - [2025-08-19T21:54:13.391+0000] {dagbag.py:538} INFO - Filling up the DagBag from /home/airflow/.local/lib/python3.8/site-packages/airflow/example_dags/example_time_delta_sensor_async.py
[2025-08-19T21:54:13.394+0000] {processor.py:840} INFO - DAG(s) 'example_time_delta_sensor_async' retrieved from /home/airflow/.local/lib/python3.8/site-packages/airflow/example_dags/example_time_delta_sensor_async.py
[2025-08-19T21:54:13.403+0000] {logging_mixin.py:188} INFO - [2025-08-19T21:54:13.403+0000] {dag.py:3036} INFO - Sync 1 DAGs
[2025-08-19T21:54:13.407+0000] {logging_mixin.py:188} INFO - [2025-08-19T21:54:13.407+0000] {dag.py:3823} INFO - Setting next_dagrun for example_time_delta_sensor_async to None, run_after=None
[2025-08-19T21:54:13.415+0000] {processor.py:183} INFO - Processing /home/airflow/.local/lib/python3.8/site-packages/airflow/example_dags/example_time_delta_sensor_async.py took 0.027 seconds
[2025-08-19T21:54:44.022+0000] {processor.py:161} INFO - Started process (PID=593) to work on /home/airflow/.local/lib/python3.8/site-packages/airflow/example_dags/example_time_delta_sensor_async.py
[2025-08-19T21:54:44.023+0000] {processor.py:830} INFO - Processing file /home/airflow/.local/lib/python3.8/site-packages/airflow/example_dags/example_time_delta_sensor_async.py for tasks to queue
[2025-08-19T21:54:44.023+0000] {logging_mixin.py:188} INFO - [2025-08-19T21:54:44.023+0000] {dagbag.py:538} INFO - Filling up the DagBag from /home/airflow/.local/lib/python3.8/site-packages/airflow/example_dags/example_time_delta_sensor_async.py
[2025-08-19T21:54:44.025+0000] {processor.py:840} INFO - DAG(s) 'example_time_delta_sensor_async' retrieved from /home/airflow/.local/lib/python3.8/site-packages/airflow/example_dags/example_time_delta_sensor_async.py
[2025-08-19T21:54:44.036+0000] {logging_mixin.py:188} INFO - [2025-08-19T21:54:44.035+0000] {dag.py:3036} INFO - Sync 1 DAGs
[2025-08-19T21:54:44.042+0000] {logging_mixin.py:188} INFO - [2025-08-19T21:54:44.042+0000] {dag.py:3823} INFO - Setting next_dagrun for example_time_delta_sensor_async to None, run_after=None
[2025-08-19T21:54:44.049+0000] {processor.py:183} INFO - Processing /home/airflow/.local/lib/python3.8/site-packages/airflow/example_dags/example_time_delta_sensor_async.py took 0.029 seconds
[2025-08-19T21:55:14.530+0000] {processor.py:161} INFO - Started process (PID=649) to work on /home/airflow/.local/lib/python3.8/site-packages/airflow/example_dags/example_time_delta_sensor_async.py
[2025-08-19T21:55:14.531+0000] {processor.py:830} INFO - Processing file /home/airflow/.local/lib/python3.8/site-packages/airflow/example_dags/example_time_delta_sensor_async.py for tasks to queue
[2025-08-19T21:55:14.531+0000] {logging_mixin.py:188} INFO - [2025-08-19T21:55:14.531+0000] {dagbag.py:538} INFO - Filling up the DagBag from /home/airflow/.local/lib/python3.8/site-packages/airflow/example_dags/example_time_delta_sensor_async.py
[2025-08-19T21:55:14.533+0000] {processor.py:840} INFO - DAG(s) 'example_time_delta_sensor_async' retrieved from /home/airflow/.local/lib/python3.8/site-packages/airflow/example_dags/example_time_delta_sensor_async.py
[2025-08-19T21:55:14.545+0000] {logging_mixin.py:188} INFO - [2025-08-19T21:55:14.545+0000] {dag.py:3036} INFO - Sync 1 DAGs
[2025-08-19T21:55:14.550+0000] {logging_mixin.py:188} INFO - [2025-08-19T21:55:14.550+0000] {dag.py:3823} INFO - Setting next_dagrun for example_time_delta_sensor_async to None, run_after=None
[2025-08-19T21:55:14.558+0000] {processor.py:183} INFO - Processing /home/airflow/.local/lib/python3.8/site-packages/airflow/example_dags/example_time_delta_sensor_async.py took 0.030 seconds
[2025-08-19T21:55:45.188+0000] {processor.py:161} INFO - Started process (PID=705) to work on /home/airflow/.local/lib/python3.8/site-packages/airflow/example_dags/example_time_delta_sensor_async.py
[2025-08-19T21:55:45.189+0000] {processor.py:830} INFO - Processing file /home/airflow/.local/lib/python3.8/site-packages/airflow/example_dags/example_time_delta_sensor_async.py for tasks to queue
[2025-08-19T21:55:45.190+0000] {logging_mixin.py:188} INFO - [2025-08-19T21:55:45.190+0000] {dagbag.py:538} INFO - Filling up the DagBag from /home/airflow/.local/lib/python3.8/site-packages/airflow/example_dags/example_time_delta_sensor_async.py
[2025-08-19T21:55:45.193+0000] {processor.py:840} INFO - DAG(s) 'example_time_delta_sensor_async' retrieved from /home/airflow/.local/lib/python3.8/site-packages/airflow/example_dags/example_time_delta_sensor_async.py
[2025-08-19T21:55:45.202+0000] {logging_mixin.py:188} INFO - [2025-08-19T21:55:45.202+0000] {dag.py:3036} INFO - Sync 1 DAGs
[2025-08-19T21:55:45.207+0000] {logging_mixin.py:188} INFO - [2025-08-19T21:55:45.207+0000] {dag.py:3823} INFO - Setting next_dagrun for example_time_delta_sensor_async to None, run_after=None
[2025-08-19T21:55:45.214+0000] {processor.py:183} INFO - Processing /home/airflow/.local/lib/python3.8/site-packages/airflow/example_dags/example_time_delta_sensor_async.py took 0.028 seconds
[2025-08-19T21:56:15.787+0000] {processor.py:161} INFO - Started process (PID=761) to work on /home/airflow/.local/lib/python3.8/site-packages/airflow/example_dags/example_time_delta_sensor_async.py
[2025-08-19T21:56:15.788+0000] {processor.py:830} INFO - Processing file /home/airflow/.local/lib/python3.8/site-packages/airflow/example_dags/example_time_delta_sensor_async.py for tasks to queue
[2025-08-19T21:56:15.789+0000] {logging_mixin.py:188} INFO - [2025-08-19T21:56:15.789+0000] {dagbag.py:538} INFO - Filling up the DagBag from /home/airflow/.local/lib/python3.8/site-packages/airflow/example_dags/example_time_delta_sensor_async.py
[2025-08-19T21:56:15.791+0000] {processor.py:840} INFO - DAG(s) 'example_time_delta_sensor_async' retrieved from /home/airflow/.local/lib/python3.8/site-packages/airflow/example_dags/example_time_delta_sensor_async.py
[2025-08-19T21:56:15.801+0000] {logging_mixin.py:188} INFO - [2025-08-19T21:56:15.801+0000] {dag.py:3036} INFO - Sync 1 DAGs
[2025-08-19T21:56:15.806+0000] {logging_mixin.py:188} INFO - [2025-08-19T21:56:15.806+0000] {dag.py:3823} INFO - Setting next_dagrun for example_time_delta_sensor_async to None, run_after=None
[2025-08-19T21:56:15.818+0000] {processor.py:183} INFO - Processing /home/airflow/.local/lib/python3.8/site-packages/airflow/example_dags/example_time_delta_sensor_async.py took 0.033 seconds
[2025-08-19T21:56:46.427+0000] {processor.py:161} INFO - Started process (PID=817) to work on /home/airflow/.local/lib/python3.8/site-packages/airflow/example_dags/example_time_delta_sensor_async.py
[2025-08-19T21:56:46.427+0000] {processor.py:830} INFO - Processing file /home/airflow/.local/lib/python3.8/site-packages/airflow/example_dags/example_time_delta_sensor_async.py for tasks to queue
[2025-08-19T21:56:46.428+0000] {logging_mixin.py:188} INFO - [2025-08-19T21:56:46.428+0000] {dagbag.py:538} INFO - Filling up the DagBag from /home/airflow/.local/lib/python3.8/site-packages/airflow/example_dags/example_time_delta_sensor_async.py
[2025-08-19T21:56:46.430+0000] {processor.py:840} INFO - DAG(s) 'example_time_delta_sensor_async' retrieved from /home/airflow/.local/lib/python3.8/site-packages/airflow/example_dags/example_time_delta_sensor_async.py
[2025-08-19T21:56:46.439+0000] {logging_mixin.py:188} INFO - [2025-08-19T21:56:46.439+0000] {dag.py:3036} INFO - Sync 1 DAGs
[2025-08-19T21:56:46.445+0000] {logging_mixin.py:188} INFO - [2025-08-19T21:56:46.445+0000] {dag.py:3823} INFO - Setting next_dagrun for example_time_delta_sensor_async to None, run_after=None
[2025-08-19T21:56:46.452+0000] {processor.py:183} INFO - Processing /home/airflow/.local/lib/python3.8/site-packages/airflow/example_dags/example_time_delta_sensor_async.py took 0.027 seconds
[2025-08-19T21:57:17.062+0000] {processor.py:161} INFO - Started process (PID=873) to work on /home/airflow/.local/lib/python3.8/site-packages/airflow/example_dags/example_time_delta_sensor_async.py
[2025-08-19T21:57:17.063+0000] {processor.py:830} INFO - Processing file /home/airflow/.local/lib/python3.8/site-packages/airflow/example_dags/example_time_delta_sensor_async.py for tasks to queue
[2025-08-19T21:57:17.064+0000] {logging_mixin.py:188} INFO - [2025-08-19T21:57:17.064+0000] {dagbag.py:538} INFO - Filling up the DagBag from /home/airflow/.local/lib/python3.8/site-packages/airflow/example_dags/example_time_delta_sensor_async.py
[2025-08-19T21:57:17.066+0000] {processor.py:840} INFO - DAG(s) 'example_time_delta_sensor_async' retrieved from /home/airflow/.local/lib/python3.8/site-packages/airflow/example_dags/example_time_delta_sensor_async.py
[2025-08-19T21:57:17.077+0000] {logging_mixin.py:188} INFO - [2025-08-19T21:57:17.077+0000] {dag.py:3036} INFO - Sync 1 DAGs
[2025-08-19T21:57:17.081+0000] {logging_mixin.py:188} INFO - [2025-08-19T21:57:17.081+0000] {dag.py:3823} INFO - Setting next_dagrun for example_time_delta_sensor_async to None, run_after=None
[2025-08-19T21:57:17.088+0000] {processor.py:183} INFO - Processing /home/airflow/.local/lib/python3.8/site-packages/airflow/example_dags/example_time_delta_sensor_async.py took 0.027 seconds
[2025-08-19T21:57:47.627+0000] {processor.py:161} INFO - Started process (PID=929) to work on /home/airflow/.local/lib/python3.8/site-packages/airflow/example_dags/example_time_delta_sensor_async.py
[2025-08-19T21:57:47.628+0000] {processor.py:830} INFO - Processing file /home/airflow/.local/lib/python3.8/site-packages/airflow/example_dags/example_time_delta_sensor_async.py for tasks to queue
[2025-08-19T21:57:47.630+0000] {logging_mixin.py:188} INFO - [2025-08-19T21:57:47.630+0000] {dagbag.py:538} INFO - Filling up the DagBag from /home/airflow/.local/lib/python3.8/site-packages/airflow/example_dags/example_time_delta_sensor_async.py
[2025-08-19T21:57:47.632+0000] {processor.py:840} INFO - DAG(s) 'example_time_delta_sensor_async' retrieved from /home/airflow/.local/lib/python3.8/site-packages/airflow/example_dags/example_time_delta_sensor_async.py
[2025-08-19T21:57:47.645+0000] {logging_mixin.py:188} INFO - [2025-08-19T21:57:47.644+0000] {dag.py:3036} INFO - Sync 1 DAGs
[2025-08-19T21:57:47.649+0000] {logging_mixin.py:188} INFO - [2025-08-19T21:57:47.649+0000] {dag.py:3823} INFO - Setting next_dagrun for example_time_delta_sensor_async to None, run_after=None
[2025-08-19T21:57:47.661+0000] {processor.py:183} INFO - Processing /home/airflow/.local/lib/python3.8/site-packages/airflow/example_dags/example_time_delta_sensor_async.py took 0.036 seconds
[2025-08-19T21:58:18.185+0000] {processor.py:161} INFO - Started process (PID=985) to work on /home/airflow/.local/lib/python3.8/site-packages/airflow/example_dags/example_time_delta_sensor_async.py
[2025-08-19T21:58:18.186+0000] {processor.py:830} INFO - Processing file /home/airflow/.local/lib/python3.8/site-packages/airflow/example_dags/example_time_delta_sensor_async.py for tasks to queue
[2025-08-19T21:58:18.186+0000] {logging_mixin.py:188} INFO - [2025-08-19T21:58:18.186+0000] {dagbag.py:538} INFO - Filling up the DagBag from /home/airflow/.local/lib/python3.8/site-packages/airflow/example_dags/example_time_delta_sensor_async.py
[2025-08-19T21:58:18.189+0000] {processor.py:840} INFO - DAG(s) 'example_time_delta_sensor_async' retrieved from /home/airflow/.local/lib/python3.8/site-packages/airflow/example_dags/example_time_delta_sensor_async.py
[2025-08-19T21:58:18.199+0000] {logging_mixin.py:188} INFO - [2025-08-19T21:58:18.199+0000] {dag.py:3036} INFO - Sync 1 DAGs
[2025-08-19T21:58:18.204+0000] {logging_mixin.py:188} INFO - [2025-08-19T21:58:18.204+0000] {dag.py:3823} INFO - Setting next_dagrun for example_time_delta_sensor_async to None, run_after=None
[2025-08-19T21:58:18.210+0000] {processor.py:183} INFO - Processing /home/airflow/.local/lib/python3.8/site-packages/airflow/example_dags/example_time_delta_sensor_async.py took 0.027 seconds
[2025-08-19T21:58:48.798+0000] {processor.py:161} INFO - Started process (PID=1041) to work on /home/airflow/.local/lib/python3.8/site-packages/airflow/example_dags/example_time_delta_sensor_async.py
[2025-08-19T21:58:48.799+0000] {processor.py:830} INFO - Processing file /home/airflow/.local/lib/python3.8/site-packages/airflow/example_dags/example_time_delta_sensor_async.py for tasks to queue
[2025-08-19T21:58:48.799+0000] {logging_mixin.py:188} INFO - [2025-08-19T21:58:48.799+0000] {dagbag.py:538} INFO - Filling up the DagBag from /home/airflow/.local/lib/python3.8/site-packages/airflow/example_dags/example_time_delta_sensor_async.py
[2025-08-19T21:58:48.801+0000] {processor.py:840} INFO - DAG(s) 'example_time_delta_sensor_async' retrieved from /home/airflow/.local/lib/python3.8/site-packages/airflow/example_dags/example_time_delta_sensor_async.py
[2025-08-19T21:58:48.808+0000] {logging_mixin.py:188} INFO - [2025-08-19T21:58:48.808+0000] {dag.py:3036} INFO - Sync 1 DAGs
[2025-08-19T21:58:48.812+0000] {logging_mixin.py:188} INFO - [2025-08-19T21:58:48.812+0000] {dag.py:3823} INFO - Setting next_dagrun for example_time_delta_sensor_async to None, run_after=None
[2025-08-19T21:58:48.819+0000] {processor.py:183} INFO - Processing /home/airflow/.local/lib/python3.8/site-packages/airflow/example_dags/example_time_delta_sensor_async.py took 0.022 seconds
[2025-08-19T21:59:19.297+0000] {processor.py:161} INFO - Started process (PID=1097) to work on /home/airflow/.local/lib/python3.8/site-packages/airflow/example_dags/example_time_delta_sensor_async.py
[2025-08-19T21:59:19.297+0000] {processor.py:830} INFO - Processing file /home/airflow/.local/lib/python3.8/site-packages/airflow/example_dags/example_time_delta_sensor_async.py for tasks to queue
[2025-08-19T21:59:19.298+0000] {logging_mixin.py:188} INFO - [2025-08-19T21:59:19.298+0000] {dagbag.py:538} INFO - Filling up the DagBag from /home/airflow/.local/lib/python3.8/site-packages/airflow/example_dags/example_time_delta_sensor_async.py
[2025-08-19T21:59:19.300+0000] {processor.py:840} INFO - DAG(s) 'example_time_delta_sensor_async' retrieved from /home/airflow/.local/lib/python3.8/site-packages/airflow/example_dags/example_time_delta_sensor_async.py
[2025-08-19T21:59:19.310+0000] {logging_mixin.py:188} INFO - [2025-08-19T21:59:19.310+0000] {dag.py:3036} INFO - Sync 1 DAGs
[2025-08-19T21:59:19.316+0000] {logging_mixin.py:188} INFO - [2025-08-19T21:59:19.315+0000] {dag.py:3823} INFO - Setting next_dagrun for example_time_delta_sensor_async to None, run_after=None
[2025-08-19T21:59:19.325+0000] {processor.py:183} INFO - Processing /home/airflow/.local/lib/python3.8/site-packages/airflow/example_dags/example_time_delta_sensor_async.py took 0.030 seconds
[2025-08-19T21:59:49.822+0000] {processor.py:161} INFO - Started process (PID=1153) to work on /home/airflow/.local/lib/python3.8/site-packages/airflow/example_dags/example_time_delta_sensor_async.py
[2025-08-19T21:59:49.824+0000] {processor.py:830} INFO - Processing file /home/airflow/.local/lib/python3.8/site-packages/airflow/example_dags/example_time_delta_sensor_async.py for tasks to queue
[2025-08-19T21:59:49.825+0000] {logging_mixin.py:188} INFO - [2025-08-19T21:59:49.825+0000] {dagbag.py:538} INFO - Filling up the DagBag from /home/airflow/.local/lib/python3.8/site-packages/airflow/example_dags/example_time_delta_sensor_async.py
[2025-08-19T21:59:49.828+0000] {processor.py:840} INFO - DAG(s) 'example_time_delta_sensor_async' retrieved from /home/airflow/.local/lib/python3.8/site-packages/airflow/example_dags/example_time_delta_sensor_async.py
[2025-08-19T21:59:49.839+0000] {logging_mixin.py:188} INFO - [2025-08-19T21:59:49.839+0000] {dag.py:3036} INFO - Sync 1 DAGs
[2025-08-19T21:59:49.846+0000] {logging_mixin.py:188} INFO - [2025-08-19T21:59:49.846+0000] {dag.py:3823} INFO - Setting next_dagrun for example_time_delta_sensor_async to None, run_after=None
[2025-08-19T21:59:49.854+0000] {processor.py:183} INFO - Processing /home/airflow/.local/lib/python3.8/site-packages/airflow/example_dags/example_time_delta_sensor_async.py took 0.034 seconds
[2025-08-19T22:00:20.371+0000] {processor.py:161} INFO - Started process (PID=1209) to work on /home/airflow/.local/lib/python3.8/site-packages/airflow/example_dags/example_time_delta_sensor_async.py
[2025-08-19T22:00:20.371+0000] {processor.py:830} INFO - Processing file /home/airflow/.local/lib/python3.8/site-packages/airflow/example_dags/example_time_delta_sensor_async.py for tasks to queue
[2025-08-19T22:00:20.372+0000] {logging_mixin.py:188} INFO - [2025-08-19T22:00:20.372+0000] {dagbag.py:538} INFO - Filling up the DagBag from /home/airflow/.local/lib/python3.8/site-packages/airflow/example_dags/example_time_delta_sensor_async.py
[2025-08-19T22:00:20.374+0000] {processor.py:840} INFO - DAG(s) 'example_time_delta_sensor_async' retrieved from /home/airflow/.local/lib/python3.8/site-packages/airflow/example_dags/example_time_delta_sensor_async.py
[2025-08-19T22:00:20.383+0000] {logging_mixin.py:188} INFO - [2025-08-19T22:00:20.383+0000] {dag.py:3036} INFO - Sync 1 DAGs
[2025-08-19T22:00:20.387+0000] {logging_mixin.py:188} INFO - [2025-08-19T22:00:20.387+0000] {dag.py:3823} INFO - Setting next_dagrun for example_time_delta_sensor_async to None, run_after=None
[2025-08-19T22:00:20.396+0000] {processor.py:183} INFO - Processing /home/airflow/.local/lib/python3.8/site-packages/airflow/example_dags/example_time_delta_sensor_async.py took 0.027 seconds
[2025-08-19T22:00:50.917+0000] {processor.py:161} INFO - Started process (PID=1265) to work on /home/airflow/.local/lib/python3.8/site-packages/airflow/example_dags/example_time_delta_sensor_async.py
[2025-08-19T22:00:50.920+0000] {processor.py:830} INFO - Processing file /home/airflow/.local/lib/python3.8/site-packages/airflow/example_dags/example_time_delta_sensor_async.py for tasks to queue
[2025-08-19T22:00:50.921+0000] {logging_mixin.py:188} INFO - [2025-08-19T22:00:50.921+0000] {dagbag.py:538} INFO - Filling up the DagBag from /home/airflow/.local/lib/python3.8/site-packages/airflow/example_dags/example_time_delta_sensor_async.py
[2025-08-19T22:00:50.924+0000] {processor.py:840} INFO - DAG(s) 'example_time_delta_sensor_async' retrieved from /home/airflow/.local/lib/python3.8/site-packages/airflow/example_dags/example_time_delta_sensor_async.py
[2025-08-19T22:00:50.938+0000] {logging_mixin.py:188} INFO - [2025-08-19T22:00:50.938+0000] {dag.py:3036} INFO - Sync 1 DAGs
[2025-08-19T22:00:50.943+0000] {logging_mixin.py:188} INFO - [2025-08-19T22:00:50.943+0000] {dag.py:3823} INFO - Setting next_dagrun for example_time_delta_sensor_async to None, run_after=None
[2025-08-19T22:00:50.951+0000] {processor.py:183} INFO - Processing /home/airflow/.local/lib/python3.8/site-packages/airflow/example_dags/example_time_delta_sensor_async.py took 0.035 seconds
[2025-08-19T22:01:21.997+0000] {processor.py:161} INFO - Started process (PID=1321) to work on /home/airflow/.local/lib/python3.8/site-packages/airflow/example_dags/example_time_delta_sensor_async.py
[2025-08-19T22:01:21.998+0000] {processor.py:830} INFO - Processing file /home/airflow/.local/lib/python3.8/site-packages/airflow/example_dags/example_time_delta_sensor_async.py for tasks to queue
[2025-08-19T22:01:21.999+0000] {logging_mixin.py:188} INFO - [2025-08-19T22:01:21.999+0000] {dagbag.py:538} INFO - Filling up the DagBag from /home/airflow/.local/lib/python3.8/site-packages/airflow/example_dags/example_time_delta_sensor_async.py
[2025-08-19T22:01:22.005+0000] {processor.py:840} INFO - DAG(s) 'example_time_delta_sensor_async' retrieved from /home/airflow/.local/lib/python3.8/site-packages/airflow/example_dags/example_time_delta_sensor_async.py
[2025-08-19T22:01:22.028+0000] {logging_mixin.py:188} INFO - [2025-08-19T22:01:22.028+0000] {dag.py:3036} INFO - Sync 1 DAGs
[2025-08-19T22:01:22.039+0000] {logging_mixin.py:188} INFO - [2025-08-19T22:01:22.039+0000] {dag.py:3823} INFO - Setting next_dagrun for example_time_delta_sensor_async to None, run_after=None
[2025-08-19T22:01:22.053+0000] {processor.py:183} INFO - Processing /home/airflow/.local/lib/python3.8/site-packages/airflow/example_dags/example_time_delta_sensor_async.py took 0.058 seconds
[2025-08-19T22:01:52.944+0000] {processor.py:161} INFO - Started process (PID=1377) to work on /home/airflow/.local/lib/python3.8/site-packages/airflow/example_dags/example_time_delta_sensor_async.py
[2025-08-19T22:01:52.945+0000] {processor.py:830} INFO - Processing file /home/airflow/.local/lib/python3.8/site-packages/airflow/example_dags/example_time_delta_sensor_async.py for tasks to queue
[2025-08-19T22:01:52.946+0000] {logging_mixin.py:188} INFO - [2025-08-19T22:01:52.946+0000] {dagbag.py:538} INFO - Filling up the DagBag from /home/airflow/.local/lib/python3.8/site-packages/airflow/example_dags/example_time_delta_sensor_async.py
[2025-08-19T22:01:52.948+0000] {processor.py:840} INFO - DAG(s) 'example_time_delta_sensor_async' retrieved from /home/airflow/.local/lib/python3.8/site-packages/airflow/example_dags/example_time_delta_sensor_async.py
[2025-08-19T22:01:52.958+0000] {logging_mixin.py:188} INFO - [2025-08-19T22:01:52.958+0000] {dag.py:3036} INFO - Sync 1 DAGs
[2025-08-19T22:01:52.963+0000] {logging_mixin.py:188} INFO - [2025-08-19T22:01:52.963+0000] {dag.py:3823} INFO - Setting next_dagrun for example_time_delta_sensor_async to None, run_after=None
[2025-08-19T22:01:52.975+0000] {processor.py:183} INFO - Processing /home/airflow/.local/lib/python3.8/site-packages/airflow/example_dags/example_time_delta_sensor_async.py took 0.034 seconds
[2025-08-19T22:02:23.848+0000] {processor.py:161} INFO - Started process (PID=1433) to work on /home/airflow/.local/lib/python3.8/site-packages/airflow/example_dags/example_time_delta_sensor_async.py
[2025-08-19T22:02:23.849+0000] {processor.py:830} INFO - Processing file /home/airflow/.local/lib/python3.8/site-packages/airflow/example_dags/example_time_delta_sensor_async.py for tasks to queue
[2025-08-19T22:02:23.851+0000] {logging_mixin.py:188} INFO - [2025-08-19T22:02:23.851+0000] {dagbag.py:538} INFO - Filling up the DagBag from /home/airflow/.local/lib/python3.8/site-packages/airflow/example_dags/example_time_delta_sensor_async.py
[2025-08-19T22:02:23.854+0000] {processor.py:840} INFO - DAG(s) 'example_time_delta_sensor_async' retrieved from /home/airflow/.local/lib/python3.8/site-packages/airflow/example_dags/example_time_delta_sensor_async.py
[2025-08-19T22:02:23.864+0000] {logging_mixin.py:188} INFO - [2025-08-19T22:02:23.864+0000] {dag.py:3036} INFO - Sync 1 DAGs
[2025-08-19T22:02:23.870+0000] {logging_mixin.py:188} INFO - [2025-08-19T22:02:23.869+0000] {dag.py:3823} INFO - Setting next_dagrun for example_time_delta_sensor_async to None, run_after=None
[2025-08-19T22:02:23.889+0000] {processor.py:183} INFO - Processing /home/airflow/.local/lib/python3.8/site-packages/airflow/example_dags/example_time_delta_sensor_async.py took 0.043 seconds
[2025-08-19T22:02:54.724+0000] {processor.py:161} INFO - Started process (PID=1489) to work on /home/airflow/.local/lib/python3.8/site-packages/airflow/example_dags/example_time_delta_sensor_async.py
[2025-08-19T22:02:54.724+0000] {processor.py:830} INFO - Processing file /home/airflow/.local/lib/python3.8/site-packages/airflow/example_dags/example_time_delta_sensor_async.py for tasks to queue
[2025-08-19T22:02:54.725+0000] {logging_mixin.py:188} INFO - [2025-08-19T22:02:54.725+0000] {dagbag.py:538} INFO - Filling up the DagBag from /home/airflow/.local/lib/python3.8/site-packages/airflow/example_dags/example_time_delta_sensor_async.py
[2025-08-19T22:02:54.727+0000] {processor.py:840} INFO - DAG(s) 'example_time_delta_sensor_async' retrieved from /home/airflow/.local/lib/python3.8/site-packages/airflow/example_dags/example_time_delta_sensor_async.py
[2025-08-19T22:02:54.739+0000] {logging_mixin.py:188} INFO - [2025-08-19T22:02:54.739+0000] {dag.py:3036} INFO - Sync 1 DAGs
[2025-08-19T22:02:54.745+0000] {logging_mixin.py:188} INFO - [2025-08-19T22:02:54.745+0000] {dag.py:3823} INFO - Setting next_dagrun for example_time_delta_sensor_async to None, run_after=None
[2025-08-19T22:02:54.756+0000] {processor.py:183} INFO - Processing /home/airflow/.local/lib/python3.8/site-packages/airflow/example_dags/example_time_delta_sensor_async.py took 0.034 seconds
[2025-08-19T22:03:24.803+0000] {processor.py:161} INFO - Started process (PID=1545) to work on /home/airflow/.local/lib/python3.8/site-packages/airflow/example_dags/example_time_delta_sensor_async.py
[2025-08-19T22:03:24.803+0000] {processor.py:830} INFO - Processing file /home/airflow/.local/lib/python3.8/site-packages/airflow/example_dags/example_time_delta_sensor_async.py for tasks to queue
[2025-08-19T22:03:24.804+0000] {logging_mixin.py:188} INFO - [2025-08-19T22:03:24.804+0000] {dagbag.py:538} INFO - Filling up the DagBag from /home/airflow/.local/lib/python3.8/site-packages/airflow/example_dags/example_time_delta_sensor_async.py
[2025-08-19T22:03:24.806+0000] {processor.py:840} INFO - DAG(s) 'example_time_delta_sensor_async' retrieved from /home/airflow/.local/lib/python3.8/site-packages/airflow/example_dags/example_time_delta_sensor_async.py
[2025-08-19T22:03:24.814+0000] {logging_mixin.py:188} INFO - [2025-08-19T22:03:24.814+0000] {dag.py:3036} INFO - Sync 1 DAGs
[2025-08-19T22:03:24.818+0000] {logging_mixin.py:188} INFO - [2025-08-19T22:03:24.818+0000] {dag.py:3823} INFO - Setting next_dagrun for example_time_delta_sensor_async to None, run_after=None
[2025-08-19T22:03:24.824+0000] {processor.py:183} INFO - Processing /home/airflow/.local/lib/python3.8/site-packages/airflow/example_dags/example_time_delta_sensor_async.py took 0.023 seconds
[2025-08-19T22:03:55.505+0000] {processor.py:161} INFO - Started process (PID=1601) to work on /home/airflow/.local/lib/python3.8/site-packages/airflow/example_dags/example_time_delta_sensor_async.py
[2025-08-19T22:03:55.506+0000] {processor.py:830} INFO - Processing file /home/airflow/.local/lib/python3.8/site-packages/airflow/example_dags/example_time_delta_sensor_async.py for tasks to queue
[2025-08-19T22:03:55.507+0000] {logging_mixin.py:188} INFO - [2025-08-19T22:03:55.507+0000] {dagbag.py:538} INFO - Filling up the DagBag from /home/airflow/.local/lib/python3.8/site-packages/airflow/example_dags/example_time_delta_sensor_async.py
[2025-08-19T22:03:55.509+0000] {processor.py:840} INFO - DAG(s) 'example_time_delta_sensor_async' retrieved from /home/airflow/.local/lib/python3.8/site-packages/airflow/example_dags/example_time_delta_sensor_async.py
[2025-08-19T22:03:55.521+0000] {logging_mixin.py:188} INFO - [2025-08-19T22:03:55.520+0000] {dag.py:3036} INFO - Sync 1 DAGs
[2025-08-19T22:03:55.526+0000] {logging_mixin.py:188} INFO - [2025-08-19T22:03:55.526+0000] {dag.py:3823} INFO - Setting next_dagrun for example_time_delta_sensor_async to None, run_after=None
[2025-08-19T22:03:55.541+0000] {processor.py:183} INFO - Processing /home/airflow/.local/lib/python3.8/site-packages/airflow/example_dags/example_time_delta_sensor_async.py took 0.037 seconds
[2025-08-19T22:04:25.930+0000] {processor.py:161} INFO - Started process (PID=1657) to work on /home/airflow/.local/lib/python3.8/site-packages/airflow/example_dags/example_time_delta_sensor_async.py
[2025-08-19T22:04:25.931+0000] {processor.py:830} INFO - Processing file /home/airflow/.local/lib/python3.8/site-packages/airflow/example_dags/example_time_delta_sensor_async.py for tasks to queue
[2025-08-19T22:04:25.932+0000] {logging_mixin.py:188} INFO - [2025-08-19T22:04:25.932+0000] {dagbag.py:538} INFO - Filling up the DagBag from /home/airflow/.local/lib/python3.8/site-packages/airflow/example_dags/example_time_delta_sensor_async.py
[2025-08-19T22:04:25.934+0000] {processor.py:840} INFO - DAG(s) 'example_time_delta_sensor_async' retrieved from /home/airflow/.local/lib/python3.8/site-packages/airflow/example_dags/example_time_delta_sensor_async.py
[2025-08-19T22:04:25.943+0000] {logging_mixin.py:188} INFO - [2025-08-19T22:04:25.943+0000] {dag.py:3036} INFO - Sync 1 DAGs
[2025-08-19T22:04:25.948+0000] {logging_mixin.py:188} INFO - [2025-08-19T22:04:25.948+0000] {dag.py:3823} INFO - Setting next_dagrun for example_time_delta_sensor_async to None, run_after=None
[2025-08-19T22:04:25.954+0000] {processor.py:183} INFO - Processing /home/airflow/.local/lib/python3.8/site-packages/airflow/example_dags/example_time_delta_sensor_async.py took 0.025 seconds
[2025-08-19T22:04:56.379+0000] {processor.py:161} INFO - Started process (PID=1713) to work on /home/airflow/.local/lib/python3.8/site-packages/airflow/example_dags/example_time_delta_sensor_async.py
[2025-08-19T22:04:56.381+0000] {processor.py:830} INFO - Processing file /home/airflow/.local/lib/python3.8/site-packages/airflow/example_dags/example_time_delta_sensor_async.py for tasks to queue
[2025-08-19T22:04:56.382+0000] {logging_mixin.py:188} INFO - [2025-08-19T22:04:56.382+0000] {dagbag.py:538} INFO - Filling up the DagBag from /home/airflow/.local/lib/python3.8/site-packages/airflow/example_dags/example_time_delta_sensor_async.py
[2025-08-19T22:04:56.384+0000] {processor.py:840} INFO - DAG(s) 'example_time_delta_sensor_async' retrieved from /home/airflow/.local/lib/python3.8/site-packages/airflow/example_dags/example_time_delta_sensor_async.py
[2025-08-19T22:04:56.399+0000] {logging_mixin.py:188} INFO - [2025-08-19T22:04:56.399+0000] {dag.py:3036} INFO - Sync 1 DAGs
[2025-08-19T22:04:56.405+0000] {logging_mixin.py:188} INFO - [2025-08-19T22:04:56.404+0000] {dag.py:3823} INFO - Setting next_dagrun for example_time_delta_sensor_async to None, run_after=None
[2025-08-19T22:04:56.413+0000] {processor.py:183} INFO - Processing /home/airflow/.local/lib/python3.8/site-packages/airflow/example_dags/example_time_delta_sensor_async.py took 0.035 seconds
[2025-08-19T22:05:27.411+0000] {processor.py:161} INFO - Started process (PID=1769) to work on /home/airflow/.local/lib/python3.8/site-packages/airflow/example_dags/example_time_delta_sensor_async.py
[2025-08-19T22:05:27.412+0000] {processor.py:830} INFO - Processing file /home/airflow/.local/lib/python3.8/site-packages/airflow/example_dags/example_time_delta_sensor_async.py for tasks to queue
[2025-08-19T22:05:27.413+0000] {logging_mixin.py:188} INFO - [2025-08-19T22:05:27.412+0000] {dagbag.py:538} INFO - Filling up the DagBag from /home/airflow/.local/lib/python3.8/site-packages/airflow/example_dags/example_time_delta_sensor_async.py
[2025-08-19T22:05:27.414+0000] {processor.py:840} INFO - DAG(s) 'example_time_delta_sensor_async' retrieved from /home/airflow/.local/lib/python3.8/site-packages/airflow/example_dags/example_time_delta_sensor_async.py
[2025-08-19T22:05:27.422+0000] {logging_mixin.py:188} INFO - [2025-08-19T22:05:27.422+0000] {dag.py:3036} INFO - Sync 1 DAGs
[2025-08-19T22:05:27.426+0000] {logging_mixin.py:188} INFO - [2025-08-19T22:05:27.426+0000] {dag.py:3823} INFO - Setting next_dagrun for example_time_delta_sensor_async to None, run_after=None
[2025-08-19T22:05:27.432+0000] {processor.py:183} INFO - Processing /home/airflow/.local/lib/python3.8/site-packages/airflow/example_dags/example_time_delta_sensor_async.py took 0.022 seconds
[2025-08-19T22:05:58.014+0000] {processor.py:161} INFO - Started process (PID=1825) to work on /home/airflow/.local/lib/python3.8/site-packages/airflow/example_dags/example_time_delta_sensor_async.py
[2025-08-19T22:05:58.016+0000] {processor.py:830} INFO - Processing file /home/airflow/.local/lib/python3.8/site-packages/airflow/example_dags/example_time_delta_sensor_async.py for tasks to queue
[2025-08-19T22:05:58.017+0000] {logging_mixin.py:188} INFO - [2025-08-19T22:05:58.017+0000] {dagbag.py:538} INFO - Filling up the DagBag from /home/airflow/.local/lib/python3.8/site-packages/airflow/example_dags/example_time_delta_sensor_async.py
[2025-08-19T22:05:58.018+0000] {processor.py:840} INFO - DAG(s) 'example_time_delta_sensor_async' retrieved from /home/airflow/.local/lib/python3.8/site-packages/airflow/example_dags/example_time_delta_sensor_async.py
[2025-08-19T22:05:58.026+0000] {logging_mixin.py:188} INFO - [2025-08-19T22:05:58.026+0000] {dag.py:3036} INFO - Sync 1 DAGs
[2025-08-19T22:05:58.033+0000] {logging_mixin.py:188} INFO - [2025-08-19T22:05:58.032+0000] {dag.py:3823} INFO - Setting next_dagrun for example_time_delta_sensor_async to None, run_after=None
[2025-08-19T22:05:58.041+0000] {processor.py:183} INFO - Processing /home/airflow/.local/lib/python3.8/site-packages/airflow/example_dags/example_time_delta_sensor_async.py took 0.028 seconds
[2025-08-19T22:06:28.419+0000] {processor.py:161} INFO - Started process (PID=1881) to work on /home/airflow/.local/lib/python3.8/site-packages/airflow/example_dags/example_time_delta_sensor_async.py
[2025-08-19T22:06:28.419+0000] {processor.py:830} INFO - Processing file /home/airflow/.local/lib/python3.8/site-packages/airflow/example_dags/example_time_delta_sensor_async.py for tasks to queue
[2025-08-19T22:06:28.420+0000] {logging_mixin.py:188} INFO - [2025-08-19T22:06:28.420+0000] {dagbag.py:538} INFO - Filling up the DagBag from /home/airflow/.local/lib/python3.8/site-packages/airflow/example_dags/example_time_delta_sensor_async.py
[2025-08-19T22:06:28.422+0000] {processor.py:840} INFO - DAG(s) 'example_time_delta_sensor_async' retrieved from /home/airflow/.local/lib/python3.8/site-packages/airflow/example_dags/example_time_delta_sensor_async.py
[2025-08-19T22:06:28.429+0000] {logging_mixin.py:188} INFO - [2025-08-19T22:06:28.429+0000] {dag.py:3036} INFO - Sync 1 DAGs
[2025-08-19T22:06:28.434+0000] {logging_mixin.py:188} INFO - [2025-08-19T22:06:28.433+0000] {dag.py:3823} INFO - Setting next_dagrun for example_time_delta_sensor_async to None, run_after=None
[2025-08-19T22:06:28.443+0000] {processor.py:183} INFO - Processing /home/airflow/.local/lib/python3.8/site-packages/airflow/example_dags/example_time_delta_sensor_async.py took 0.025 seconds
[2025-08-19T22:06:59.388+0000] {processor.py:161} INFO - Started process (PID=1937) to work on /home/airflow/.local/lib/python3.8/site-packages/airflow/example_dags/example_time_delta_sensor_async.py
[2025-08-19T22:06:59.389+0000] {processor.py:830} INFO - Processing file /home/airflow/.local/lib/python3.8/site-packages/airflow/example_dags/example_time_delta_sensor_async.py for tasks to queue
[2025-08-19T22:06:59.390+0000] {logging_mixin.py:188} INFO - [2025-08-19T22:06:59.390+0000] {dagbag.py:538} INFO - Filling up the DagBag from /home/airflow/.local/lib/python3.8/site-packages/airflow/example_dags/example_time_delta_sensor_async.py
[2025-08-19T22:06:59.393+0000] {processor.py:840} INFO - DAG(s) 'example_time_delta_sensor_async' retrieved from /home/airflow/.local/lib/python3.8/site-packages/airflow/example_dags/example_time_delta_sensor_async.py
[2025-08-19T22:06:59.410+0000] {logging_mixin.py:188} INFO - [2025-08-19T22:06:59.409+0000] {dag.py:3036} INFO - Sync 1 DAGs
[2025-08-19T22:06:59.417+0000] {logging_mixin.py:188} INFO - [2025-08-19T22:06:59.417+0000] {dag.py:3823} INFO - Setting next_dagrun for example_time_delta_sensor_async to None, run_after=None
[2025-08-19T22:06:59.427+0000] {processor.py:183} INFO - Processing /home/airflow/.local/lib/python3.8/site-packages/airflow/example_dags/example_time_delta_sensor_async.py took 0.042 seconds
[2025-08-19T22:07:30.229+0000] {processor.py:161} INFO - Started process (PID=1993) to work on /home/airflow/.local/lib/python3.8/site-packages/airflow/example_dags/example_time_delta_sensor_async.py
[2025-08-19T22:07:30.229+0000] {processor.py:830} INFO - Processing file /home/airflow/.local/lib/python3.8/site-packages/airflow/example_dags/example_time_delta_sensor_async.py for tasks to queue
[2025-08-19T22:07:30.230+0000] {logging_mixin.py:188} INFO - [2025-08-19T22:07:30.230+0000] {dagbag.py:538} INFO - Filling up the DagBag from /home/airflow/.local/lib/python3.8/site-packages/airflow/example_dags/example_time_delta_sensor_async.py
[2025-08-19T22:07:30.232+0000] {processor.py:840} INFO - DAG(s) 'example_time_delta_sensor_async' retrieved from /home/airflow/.local/lib/python3.8/site-packages/airflow/example_dags/example_time_delta_sensor_async.py
[2025-08-19T22:07:30.245+0000] {logging_mixin.py:188} INFO - [2025-08-19T22:07:30.245+0000] {dag.py:3036} INFO - Sync 1 DAGs
[2025-08-19T22:07:30.249+0000] {logging_mixin.py:188} INFO - [2025-08-19T22:07:30.249+0000] {dag.py:3823} INFO - Setting next_dagrun for example_time_delta_sensor_async to None, run_after=None
[2025-08-19T22:07:30.264+0000] {processor.py:183} INFO - Processing /home/airflow/.local/lib/python3.8/site-packages/airflow/example_dags/example_time_delta_sensor_async.py took 0.037 seconds
[2025-08-19T22:08:01.054+0000] {processor.py:161} INFO - Started process (PID=2049) to work on /home/airflow/.local/lib/python3.8/site-packages/airflow/example_dags/example_time_delta_sensor_async.py
[2025-08-19T22:08:01.055+0000] {processor.py:830} INFO - Processing file /home/airflow/.local/lib/python3.8/site-packages/airflow/example_dags/example_time_delta_sensor_async.py for tasks to queue
[2025-08-19T22:08:01.055+0000] {logging_mixin.py:188} INFO - [2025-08-19T22:08:01.055+0000] {dagbag.py:538} INFO - Filling up the DagBag from /home/airflow/.local/lib/python3.8/site-packages/airflow/example_dags/example_time_delta_sensor_async.py
[2025-08-19T22:08:01.057+0000] {processor.py:840} INFO - DAG(s) 'example_time_delta_sensor_async' retrieved from /home/airflow/.local/lib/python3.8/site-packages/airflow/example_dags/example_time_delta_sensor_async.py
[2025-08-19T22:08:01.065+0000] {logging_mixin.py:188} INFO - [2025-08-19T22:08:01.065+0000] {dag.py:3036} INFO - Sync 1 DAGs
[2025-08-19T22:08:01.070+0000] {logging_mixin.py:188} INFO - [2025-08-19T22:08:01.070+0000] {dag.py:3823} INFO - Setting next_dagrun for example_time_delta_sensor_async to None, run_after=None
[2025-08-19T22:08:01.077+0000] {processor.py:183} INFO - Processing /home/airflow/.local/lib/python3.8/site-packages/airflow/example_dags/example_time_delta_sensor_async.py took 0.024 seconds
[2025-08-19T22:08:31.765+0000] {processor.py:161} INFO - Started process (PID=2105) to work on /home/airflow/.local/lib/python3.8/site-packages/airflow/example_dags/example_time_delta_sensor_async.py
[2025-08-19T22:08:31.767+0000] {processor.py:830} INFO - Processing file /home/airflow/.local/lib/python3.8/site-packages/airflow/example_dags/example_time_delta_sensor_async.py for tasks to queue
[2025-08-19T22:08:31.768+0000] {logging_mixin.py:188} INFO - [2025-08-19T22:08:31.768+0000] {dagbag.py:538} INFO - Filling up the DagBag from /home/airflow/.local/lib/python3.8/site-packages/airflow/example_dags/example_time_delta_sensor_async.py
[2025-08-19T22:08:31.770+0000] {processor.py:840} INFO - DAG(s) 'example_time_delta_sensor_async' retrieved from /home/airflow/.local/lib/python3.8/site-packages/airflow/example_dags/example_time_delta_sensor_async.py
[2025-08-19T22:08:31.786+0000] {logging_mixin.py:188} INFO - [2025-08-19T22:08:31.786+0000] {dag.py:3036} INFO - Sync 1 DAGs
[2025-08-19T22:08:31.790+0000] {logging_mixin.py:188} INFO - [2025-08-19T22:08:31.790+0000] {dag.py:3823} INFO - Setting next_dagrun for example_time_delta_sensor_async to None, run_after=None
[2025-08-19T22:08:31.801+0000] {processor.py:183} INFO - Processing /home/airflow/.local/lib/python3.8/site-packages/airflow/example_dags/example_time_delta_sensor_async.py took 0.037 seconds
[2025-08-19T22:09:02.231+0000] {processor.py:161} INFO - Started process (PID=2161) to work on /home/airflow/.local/lib/python3.8/site-packages/airflow/example_dags/example_time_delta_sensor_async.py
[2025-08-19T22:09:02.232+0000] {processor.py:830} INFO - Processing file /home/airflow/.local/lib/python3.8/site-packages/airflow/example_dags/example_time_delta_sensor_async.py for tasks to queue
[2025-08-19T22:09:02.232+0000] {logging_mixin.py:188} INFO - [2025-08-19T22:09:02.232+0000] {dagbag.py:538} INFO - Filling up the DagBag from /home/airflow/.local/lib/python3.8/site-packages/airflow/example_dags/example_time_delta_sensor_async.py
[2025-08-19T22:09:02.234+0000] {processor.py:840} INFO - DAG(s) 'example_time_delta_sensor_async' retrieved from /home/airflow/.local/lib/python3.8/site-packages/airflow/example_dags/example_time_delta_sensor_async.py
[2025-08-19T22:09:02.241+0000] {logging_mixin.py:188} INFO - [2025-08-19T22:09:02.241+0000] {dag.py:3036} INFO - Sync 1 DAGs
[2025-08-19T22:09:02.245+0000] {logging_mixin.py:188} INFO - [2025-08-19T22:09:02.245+0000] {dag.py:3823} INFO - Setting next_dagrun for example_time_delta_sensor_async to None, run_after=None
[2025-08-19T22:09:02.251+0000] {processor.py:183} INFO - Processing /home/airflow/.local/lib/python3.8/site-packages/airflow/example_dags/example_time_delta_sensor_async.py took 0.021 seconds
[2025-08-19T22:09:33.043+0000] {processor.py:161} INFO - Started process (PID=2217) to work on /home/airflow/.local/lib/python3.8/site-packages/airflow/example_dags/example_time_delta_sensor_async.py
[2025-08-19T22:09:33.044+0000] {processor.py:830} INFO - Processing file /home/airflow/.local/lib/python3.8/site-packages/airflow/example_dags/example_time_delta_sensor_async.py for tasks to queue
[2025-08-19T22:09:33.045+0000] {logging_mixin.py:188} INFO - [2025-08-19T22:09:33.045+0000] {dagbag.py:538} INFO - Filling up the DagBag from /home/airflow/.local/lib/python3.8/site-packages/airflow/example_dags/example_time_delta_sensor_async.py
[2025-08-19T22:09:33.047+0000] {processor.py:840} INFO - DAG(s) 'example_time_delta_sensor_async' retrieved from /home/airflow/.local/lib/python3.8/site-packages/airflow/example_dags/example_time_delta_sensor_async.py
[2025-08-19T22:09:33.059+0000] {logging_mixin.py:188} INFO - [2025-08-19T22:09:33.059+0000] {dag.py:3036} INFO - Sync 1 DAGs
[2025-08-19T22:09:33.063+0000] {logging_mixin.py:188} INFO - [2025-08-19T22:09:33.063+0000] {dag.py:3823} INFO - Setting next_dagrun for example_time_delta_sensor_async to None, run_after=None
[2025-08-19T22:09:33.075+0000] {processor.py:183} INFO - Processing /home/airflow/.local/lib/python3.8/site-packages/airflow/example_dags/example_time_delta_sensor_async.py took 0.034 seconds
[2025-08-19T22:10:03.552+0000] {processor.py:161} INFO - Started process (PID=2273) to work on /home/airflow/.local/lib/python3.8/site-packages/airflow/example_dags/example_time_delta_sensor_async.py
[2025-08-19T22:10:03.554+0000] {processor.py:830} INFO - Processing file /home/airflow/.local/lib/python3.8/site-packages/airflow/example_dags/example_time_delta_sensor_async.py for tasks to queue
[2025-08-19T22:10:03.555+0000] {logging_mixin.py:188} INFO - [2025-08-19T22:10:03.555+0000] {dagbag.py:538} INFO - Filling up the DagBag from /home/airflow/.local/lib/python3.8/site-packages/airflow/example_dags/example_time_delta_sensor_async.py
[2025-08-19T22:10:03.559+0000] {processor.py:840} INFO - DAG(s) 'example_time_delta_sensor_async' retrieved from /home/airflow/.local/lib/python3.8/site-packages/airflow/example_dags/example_time_delta_sensor_async.py
[2025-08-19T22:10:03.566+0000] {logging_mixin.py:188} INFO - [2025-08-19T22:10:03.566+0000] {dag.py:3036} INFO - Sync 1 DAGs
[2025-08-19T22:10:03.571+0000] {logging_mixin.py:188} INFO - [2025-08-19T22:10:03.571+0000] {dag.py:3823} INFO - Setting next_dagrun for example_time_delta_sensor_async to None, run_after=None
[2025-08-19T22:10:03.580+0000] {processor.py:183} INFO - Processing /home/airflow/.local/lib/python3.8/site-packages/airflow/example_dags/example_time_delta_sensor_async.py took 0.029 seconds
[2025-08-19T22:10:34.300+0000] {processor.py:161} INFO - Started process (PID=2329) to work on /home/airflow/.local/lib/python3.8/site-packages/airflow/example_dags/example_time_delta_sensor_async.py
[2025-08-19T22:10:34.301+0000] {processor.py:830} INFO - Processing file /home/airflow/.local/lib/python3.8/site-packages/airflow/example_dags/example_time_delta_sensor_async.py for tasks to queue
[2025-08-19T22:10:34.302+0000] {logging_mixin.py:188} INFO - [2025-08-19T22:10:34.302+0000] {dagbag.py:538} INFO - Filling up the DagBag from /home/airflow/.local/lib/python3.8/site-packages/airflow/example_dags/example_time_delta_sensor_async.py
[2025-08-19T22:10:34.304+0000] {processor.py:840} INFO - DAG(s) 'example_time_delta_sensor_async' retrieved from /home/airflow/.local/lib/python3.8/site-packages/airflow/example_dags/example_time_delta_sensor_async.py
[2025-08-19T22:10:34.312+0000] {logging_mixin.py:188} INFO - [2025-08-19T22:10:34.312+0000] {dag.py:3036} INFO - Sync 1 DAGs
[2025-08-19T22:10:34.317+0000] {logging_mixin.py:188} INFO - [2025-08-19T22:10:34.317+0000] {dag.py:3823} INFO - Setting next_dagrun for example_time_delta_sensor_async to None, run_after=None
[2025-08-19T22:10:34.329+0000] {processor.py:183} INFO - Processing /home/airflow/.local/lib/python3.8/site-packages/airflow/example_dags/example_time_delta_sensor_async.py took 0.030 seconds
[2025-08-19T22:11:04.841+0000] {processor.py:161} INFO - Started process (PID=2385) to work on /home/airflow/.local/lib/python3.8/site-packages/airflow/example_dags/example_time_delta_sensor_async.py
[2025-08-19T22:11:04.841+0000] {processor.py:830} INFO - Processing file /home/airflow/.local/lib/python3.8/site-packages/airflow/example_dags/example_time_delta_sensor_async.py for tasks to queue
[2025-08-19T22:11:04.842+0000] {logging_mixin.py:188} INFO - [2025-08-19T22:11:04.842+0000] {dagbag.py:538} INFO - Filling up the DagBag from /home/airflow/.local/lib/python3.8/site-packages/airflow/example_dags/example_time_delta_sensor_async.py
[2025-08-19T22:11:04.845+0000] {processor.py:840} INFO - DAG(s) 'example_time_delta_sensor_async' retrieved from /home/airflow/.local/lib/python3.8/site-packages/airflow/example_dags/example_time_delta_sensor_async.py
[2025-08-19T22:11:04.858+0000] {logging_mixin.py:188} INFO - [2025-08-19T22:11:04.858+0000] {dag.py:3036} INFO - Sync 1 DAGs
[2025-08-19T22:11:04.865+0000] {logging_mixin.py:188} INFO - [2025-08-19T22:11:04.865+0000] {dag.py:3823} INFO - Setting next_dagrun for example_time_delta_sensor_async to None, run_after=None
[2025-08-19T22:11:04.875+0000] {processor.py:183} INFO - Processing /home/airflow/.local/lib/python3.8/site-packages/airflow/example_dags/example_time_delta_sensor_async.py took 0.036 seconds
[2025-08-19T22:11:35.263+0000] {processor.py:161} INFO - Started process (PID=2441) to work on /home/airflow/.local/lib/python3.8/site-packages/airflow/example_dags/example_time_delta_sensor_async.py
[2025-08-19T22:11:35.263+0000] {processor.py:830} INFO - Processing file /home/airflow/.local/lib/python3.8/site-packages/airflow/example_dags/example_time_delta_sensor_async.py for tasks to queue
[2025-08-19T22:11:35.264+0000] {logging_mixin.py:188} INFO - [2025-08-19T22:11:35.264+0000] {dagbag.py:538} INFO - Filling up the DagBag from /home/airflow/.local/lib/python3.8/site-packages/airflow/example_dags/example_time_delta_sensor_async.py
[2025-08-19T22:11:35.266+0000] {processor.py:840} INFO - DAG(s) 'example_time_delta_sensor_async' retrieved from /home/airflow/.local/lib/python3.8/site-packages/airflow/example_dags/example_time_delta_sensor_async.py
[2025-08-19T22:11:35.274+0000] {logging_mixin.py:188} INFO - [2025-08-19T22:11:35.274+0000] {dag.py:3036} INFO - Sync 1 DAGs
[2025-08-19T22:11:35.278+0000] {logging_mixin.py:188} INFO - [2025-08-19T22:11:35.278+0000] {dag.py:3823} INFO - Setting next_dagrun for example_time_delta_sensor_async to None, run_after=None
[2025-08-19T22:11:35.287+0000] {processor.py:183} INFO - Processing /home/airflow/.local/lib/python3.8/site-packages/airflow/example_dags/example_time_delta_sensor_async.py took 0.026 seconds
[2025-08-19T22:12:05.827+0000] {processor.py:161} INFO - Started process (PID=2497) to work on /home/airflow/.local/lib/python3.8/site-packages/airflow/example_dags/example_time_delta_sensor_async.py
[2025-08-19T22:12:05.828+0000] {processor.py:830} INFO - Processing file /home/airflow/.local/lib/python3.8/site-packages/airflow/example_dags/example_time_delta_sensor_async.py for tasks to queue
[2025-08-19T22:12:05.829+0000] {logging_mixin.py:188} INFO - [2025-08-19T22:12:05.829+0000] {dagbag.py:538} INFO - Filling up the DagBag from /home/airflow/.local/lib/python3.8/site-packages/airflow/example_dags/example_time_delta_sensor_async.py
[2025-08-19T22:12:05.830+0000] {processor.py:840} INFO - DAG(s) 'example_time_delta_sensor_async' retrieved from /home/airflow/.local/lib/python3.8/site-packages/airflow/example_dags/example_time_delta_sensor_async.py
[2025-08-19T22:12:05.841+0000] {logging_mixin.py:188} INFO - [2025-08-19T22:12:05.841+0000] {dag.py:3036} INFO - Sync 1 DAGs
[2025-08-19T22:12:05.847+0000] {logging_mixin.py:188} INFO - [2025-08-19T22:12:05.847+0000] {dag.py:3823} INFO - Setting next_dagrun for example_time_delta_sensor_async to None, run_after=None
[2025-08-19T22:12:05.860+0000] {processor.py:183} INFO - Processing /home/airflow/.local/lib/python3.8/site-packages/airflow/example_dags/example_time_delta_sensor_async.py took 0.034 seconds
[2025-08-19T22:12:36.375+0000] {processor.py:161} INFO - Started process (PID=2553) to work on /home/airflow/.local/lib/python3.8/site-packages/airflow/example_dags/example_time_delta_sensor_async.py
[2025-08-19T22:12:36.376+0000] {processor.py:830} INFO - Processing file /home/airflow/.local/lib/python3.8/site-packages/airflow/example_dags/example_time_delta_sensor_async.py for tasks to queue
[2025-08-19T22:12:36.377+0000] {logging_mixin.py:188} INFO - [2025-08-19T22:12:36.377+0000] {dagbag.py:538} INFO - Filling up the DagBag from /home/airflow/.local/lib/python3.8/site-packages/airflow/example_dags/example_time_delta_sensor_async.py
[2025-08-19T22:12:36.379+0000] {processor.py:840} INFO - DAG(s) 'example_time_delta_sensor_async' retrieved from /home/airflow/.local/lib/python3.8/site-packages/airflow/example_dags/example_time_delta_sensor_async.py
[2025-08-19T22:12:36.388+0000] {logging_mixin.py:188} INFO - [2025-08-19T22:12:36.388+0000] {dag.py:3036} INFO - Sync 1 DAGs
[2025-08-19T22:12:36.392+0000] {logging_mixin.py:188} INFO - [2025-08-19T22:12:36.392+0000] {dag.py:3823} INFO - Setting next_dagrun for example_time_delta_sensor_async to None, run_after=None
[2025-08-19T22:12:36.400+0000] {processor.py:183} INFO - Processing /home/airflow/.local/lib/python3.8/site-packages/airflow/example_dags/example_time_delta_sensor_async.py took 0.026 seconds
[2025-08-19T22:13:07.006+0000] {processor.py:161} INFO - Started process (PID=2609) to work on /home/airflow/.local/lib/python3.8/site-packages/airflow/example_dags/example_time_delta_sensor_async.py
[2025-08-19T22:13:07.008+0000] {processor.py:830} INFO - Processing file /home/airflow/.local/lib/python3.8/site-packages/airflow/example_dags/example_time_delta_sensor_async.py for tasks to queue
[2025-08-19T22:13:07.009+0000] {logging_mixin.py:188} INFO - [2025-08-19T22:13:07.008+0000] {dagbag.py:538} INFO - Filling up the DagBag from /home/airflow/.local/lib/python3.8/site-packages/airflow/example_dags/example_time_delta_sensor_async.py
[2025-08-19T22:13:07.013+0000] {processor.py:840} INFO - DAG(s) 'example_time_delta_sensor_async' retrieved from /home/airflow/.local/lib/python3.8/site-packages/airflow/example_dags/example_time_delta_sensor_async.py
[2025-08-19T22:13:07.021+0000] {logging_mixin.py:188} INFO - [2025-08-19T22:13:07.021+0000] {dag.py:3036} INFO - Sync 1 DAGs
[2025-08-19T22:13:07.026+0000] {logging_mixin.py:188} INFO - [2025-08-19T22:13:07.026+0000] {dag.py:3823} INFO - Setting next_dagrun for example_time_delta_sensor_async to None, run_after=None
[2025-08-19T22:13:07.034+0000] {processor.py:183} INFO - Processing /home/airflow/.local/lib/python3.8/site-packages/airflow/example_dags/example_time_delta_sensor_async.py took 0.030 seconds
[2025-08-19T22:20:11.514+0000] {processor.py:161} INFO - Started process (PID=85) to work on /home/airflow/.local/lib/python3.8/site-packages/airflow/example_dags/example_time_delta_sensor_async.py
[2025-08-19T22:20:11.516+0000] {processor.py:830} INFO - Processing file /home/airflow/.local/lib/python3.8/site-packages/airflow/example_dags/example_time_delta_sensor_async.py for tasks to queue
[2025-08-19T22:20:11.519+0000] {logging_mixin.py:188} INFO - [2025-08-19T22:20:11.519+0000] {dagbag.py:538} INFO - Filling up the DagBag from /home/airflow/.local/lib/python3.8/site-packages/airflow/example_dags/example_time_delta_sensor_async.py
[2025-08-19T22:20:11.523+0000] {processor.py:840} INFO - DAG(s) 'example_time_delta_sensor_async' retrieved from /home/airflow/.local/lib/python3.8/site-packages/airflow/example_dags/example_time_delta_sensor_async.py
[2025-08-19T22:20:11.537+0000] {logging_mixin.py:188} INFO - [2025-08-19T22:20:11.537+0000] {dag.py:3036} INFO - Sync 1 DAGs
[2025-08-19T22:20:11.551+0000] {logging_mixin.py:188} INFO - [2025-08-19T22:20:11.550+0000] {dag.py:3823} INFO - Setting next_dagrun for example_time_delta_sensor_async to None, run_after=None
[2025-08-19T22:20:11.574+0000] {processor.py:183} INFO - Processing /home/airflow/.local/lib/python3.8/site-packages/airflow/example_dags/example_time_delta_sensor_async.py took 0.063 seconds
[2025-08-19T22:20:42.212+0000] {processor.py:161} INFO - Started process (PID=141) to work on /home/airflow/.local/lib/python3.8/site-packages/airflow/example_dags/example_time_delta_sensor_async.py
[2025-08-19T22:20:42.213+0000] {processor.py:830} INFO - Processing file /home/airflow/.local/lib/python3.8/site-packages/airflow/example_dags/example_time_delta_sensor_async.py for tasks to queue
[2025-08-19T22:20:42.213+0000] {logging_mixin.py:188} INFO - [2025-08-19T22:20:42.213+0000] {dagbag.py:538} INFO - Filling up the DagBag from /home/airflow/.local/lib/python3.8/site-packages/airflow/example_dags/example_time_delta_sensor_async.py
[2025-08-19T22:20:42.215+0000] {processor.py:840} INFO - DAG(s) 'example_time_delta_sensor_async' retrieved from /home/airflow/.local/lib/python3.8/site-packages/airflow/example_dags/example_time_delta_sensor_async.py
[2025-08-19T22:20:42.257+0000] {logging_mixin.py:188} INFO - [2025-08-19T22:20:42.256+0000] {dag.py:3036} INFO - Sync 1 DAGs
[2025-08-19T22:20:42.261+0000] {logging_mixin.py:188} INFO - [2025-08-19T22:20:42.261+0000] {dag.py:3823} INFO - Setting next_dagrun for example_time_delta_sensor_async to None, run_after=None
[2025-08-19T22:20:42.271+0000] {processor.py:183} INFO - Processing /home/airflow/.local/lib/python3.8/site-packages/airflow/example_dags/example_time_delta_sensor_async.py took 0.060 seconds
[2025-08-19T22:21:13.099+0000] {processor.py:161} INFO - Started process (PID=203) to work on /home/airflow/.local/lib/python3.8/site-packages/airflow/example_dags/example_time_delta_sensor_async.py
[2025-08-19T22:21:13.100+0000] {processor.py:830} INFO - Processing file /home/airflow/.local/lib/python3.8/site-packages/airflow/example_dags/example_time_delta_sensor_async.py for tasks to queue
[2025-08-19T22:21:13.100+0000] {logging_mixin.py:188} INFO - [2025-08-19T22:21:13.100+0000] {dagbag.py:538} INFO - Filling up the DagBag from /home/airflow/.local/lib/python3.8/site-packages/airflow/example_dags/example_time_delta_sensor_async.py
[2025-08-19T22:21:13.102+0000] {processor.py:840} INFO - DAG(s) 'example_time_delta_sensor_async' retrieved from /home/airflow/.local/lib/python3.8/site-packages/airflow/example_dags/example_time_delta_sensor_async.py
[2025-08-19T22:21:13.110+0000] {logging_mixin.py:188} INFO - [2025-08-19T22:21:13.110+0000] {dag.py:3036} INFO - Sync 1 DAGs
[2025-08-19T22:21:13.115+0000] {logging_mixin.py:188} INFO - [2025-08-19T22:21:13.115+0000] {dag.py:3823} INFO - Setting next_dagrun for example_time_delta_sensor_async to None, run_after=None
[2025-08-19T22:21:13.120+0000] {processor.py:183} INFO - Processing /home/airflow/.local/lib/python3.8/site-packages/airflow/example_dags/example_time_delta_sensor_async.py took 0.022 seconds
[2025-08-19T22:21:43.736+0000] {processor.py:161} INFO - Started process (PID=259) to work on /home/airflow/.local/lib/python3.8/site-packages/airflow/example_dags/example_time_delta_sensor_async.py
[2025-08-19T22:21:43.736+0000] {processor.py:830} INFO - Processing file /home/airflow/.local/lib/python3.8/site-packages/airflow/example_dags/example_time_delta_sensor_async.py for tasks to queue
[2025-08-19T22:21:43.737+0000] {logging_mixin.py:188} INFO - [2025-08-19T22:21:43.737+0000] {dagbag.py:538} INFO - Filling up the DagBag from /home/airflow/.local/lib/python3.8/site-packages/airflow/example_dags/example_time_delta_sensor_async.py
[2025-08-19T22:21:43.739+0000] {processor.py:840} INFO - DAG(s) 'example_time_delta_sensor_async' retrieved from /home/airflow/.local/lib/python3.8/site-packages/airflow/example_dags/example_time_delta_sensor_async.py
[2025-08-19T22:21:43.751+0000] {logging_mixin.py:188} INFO - [2025-08-19T22:21:43.751+0000] {dag.py:3036} INFO - Sync 1 DAGs
[2025-08-19T22:21:43.757+0000] {logging_mixin.py:188} INFO - [2025-08-19T22:21:43.757+0000] {dag.py:3823} INFO - Setting next_dagrun for example_time_delta_sensor_async to None, run_after=None
[2025-08-19T22:21:43.764+0000] {processor.py:183} INFO - Processing /home/airflow/.local/lib/python3.8/site-packages/airflow/example_dags/example_time_delta_sensor_async.py took 0.030 seconds
[2025-08-19T22:22:14.184+0000] {processor.py:161} INFO - Started process (PID=315) to work on /home/airflow/.local/lib/python3.8/site-packages/airflow/example_dags/example_time_delta_sensor_async.py
[2025-08-19T22:22:14.185+0000] {processor.py:830} INFO - Processing file /home/airflow/.local/lib/python3.8/site-packages/airflow/example_dags/example_time_delta_sensor_async.py for tasks to queue
[2025-08-19T22:22:14.185+0000] {logging_mixin.py:188} INFO - [2025-08-19T22:22:14.185+0000] {dagbag.py:538} INFO - Filling up the DagBag from /home/airflow/.local/lib/python3.8/site-packages/airflow/example_dags/example_time_delta_sensor_async.py
[2025-08-19T22:22:14.187+0000] {processor.py:840} INFO - DAG(s) 'example_time_delta_sensor_async' retrieved from /home/airflow/.local/lib/python3.8/site-packages/airflow/example_dags/example_time_delta_sensor_async.py
[2025-08-19T22:22:14.201+0000] {logging_mixin.py:188} INFO - [2025-08-19T22:22:14.201+0000] {dag.py:3036} INFO - Sync 1 DAGs
[2025-08-19T22:22:14.209+0000] {logging_mixin.py:188} INFO - [2025-08-19T22:22:14.209+0000] {dag.py:3823} INFO - Setting next_dagrun for example_time_delta_sensor_async to None, run_after=None
[2025-08-19T22:22:14.228+0000] {processor.py:183} INFO - Processing /home/airflow/.local/lib/python3.8/site-packages/airflow/example_dags/example_time_delta_sensor_async.py took 0.046 seconds
[2025-08-19T22:22:45.037+0000] {processor.py:161} INFO - Started process (PID=375) to work on /home/airflow/.local/lib/python3.8/site-packages/airflow/example_dags/example_time_delta_sensor_async.py
[2025-08-19T22:22:45.037+0000] {processor.py:830} INFO - Processing file /home/airflow/.local/lib/python3.8/site-packages/airflow/example_dags/example_time_delta_sensor_async.py for tasks to queue
[2025-08-19T22:22:45.038+0000] {logging_mixin.py:188} INFO - [2025-08-19T22:22:45.038+0000] {dagbag.py:538} INFO - Filling up the DagBag from /home/airflow/.local/lib/python3.8/site-packages/airflow/example_dags/example_time_delta_sensor_async.py
[2025-08-19T22:22:45.040+0000] {processor.py:840} INFO - DAG(s) 'example_time_delta_sensor_async' retrieved from /home/airflow/.local/lib/python3.8/site-packages/airflow/example_dags/example_time_delta_sensor_async.py
[2025-08-19T22:22:45.049+0000] {logging_mixin.py:188} INFO - [2025-08-19T22:22:45.049+0000] {dag.py:3036} INFO - Sync 1 DAGs
[2025-08-19T22:22:45.054+0000] {logging_mixin.py:188} INFO - [2025-08-19T22:22:45.054+0000] {dag.py:3823} INFO - Setting next_dagrun for example_time_delta_sensor_async to None, run_after=None
[2025-08-19T22:22:45.062+0000] {processor.py:183} INFO - Processing /home/airflow/.local/lib/python3.8/site-packages/airflow/example_dags/example_time_delta_sensor_async.py took 0.028 seconds
[2025-08-19T22:23:15.569+0000] {processor.py:161} INFO - Started process (PID=431) to work on /home/airflow/.local/lib/python3.8/site-packages/airflow/example_dags/example_time_delta_sensor_async.py
[2025-08-19T22:23:15.569+0000] {processor.py:830} INFO - Processing file /home/airflow/.local/lib/python3.8/site-packages/airflow/example_dags/example_time_delta_sensor_async.py for tasks to queue
[2025-08-19T22:23:15.570+0000] {logging_mixin.py:188} INFO - [2025-08-19T22:23:15.570+0000] {dagbag.py:538} INFO - Filling up the DagBag from /home/airflow/.local/lib/python3.8/site-packages/airflow/example_dags/example_time_delta_sensor_async.py
[2025-08-19T22:23:15.572+0000] {processor.py:840} INFO - DAG(s) 'example_time_delta_sensor_async' retrieved from /home/airflow/.local/lib/python3.8/site-packages/airflow/example_dags/example_time_delta_sensor_async.py
[2025-08-19T22:23:15.580+0000] {logging_mixin.py:188} INFO - [2025-08-19T22:23:15.580+0000] {dag.py:3036} INFO - Sync 1 DAGs
[2025-08-19T22:23:15.585+0000] {logging_mixin.py:188} INFO - [2025-08-19T22:23:15.585+0000] {dag.py:3823} INFO - Setting next_dagrun for example_time_delta_sensor_async to None, run_after=None
[2025-08-19T22:23:15.595+0000] {processor.py:183} INFO - Processing /home/airflow/.local/lib/python3.8/site-packages/airflow/example_dags/example_time_delta_sensor_async.py took 0.027 seconds
[2025-08-19T22:23:46.026+0000] {processor.py:161} INFO - Started process (PID=487) to work on /home/airflow/.local/lib/python3.8/site-packages/airflow/example_dags/example_time_delta_sensor_async.py
[2025-08-19T22:23:46.027+0000] {processor.py:830} INFO - Processing file /home/airflow/.local/lib/python3.8/site-packages/airflow/example_dags/example_time_delta_sensor_async.py for tasks to queue
[2025-08-19T22:23:46.028+0000] {logging_mixin.py:188} INFO - [2025-08-19T22:23:46.028+0000] {dagbag.py:538} INFO - Filling up the DagBag from /home/airflow/.local/lib/python3.8/site-packages/airflow/example_dags/example_time_delta_sensor_async.py
[2025-08-19T22:23:46.030+0000] {processor.py:840} INFO - DAG(s) 'example_time_delta_sensor_async' retrieved from /home/airflow/.local/lib/python3.8/site-packages/airflow/example_dags/example_time_delta_sensor_async.py
[2025-08-19T22:23:46.041+0000] {logging_mixin.py:188} INFO - [2025-08-19T22:23:46.040+0000] {dag.py:3036} INFO - Sync 1 DAGs
[2025-08-19T22:23:46.046+0000] {logging_mixin.py:188} INFO - [2025-08-19T22:23:46.046+0000] {dag.py:3823} INFO - Setting next_dagrun for example_time_delta_sensor_async to None, run_after=None
[2025-08-19T22:23:46.055+0000] {processor.py:183} INFO - Processing /home/airflow/.local/lib/python3.8/site-packages/airflow/example_dags/example_time_delta_sensor_async.py took 0.031 seconds
[2025-08-19T22:24:16.446+0000] {processor.py:161} INFO - Started process (PID=543) to work on /home/airflow/.local/lib/python3.8/site-packages/airflow/example_dags/example_time_delta_sensor_async.py
[2025-08-19T22:24:16.448+0000] {processor.py:830} INFO - Processing file /home/airflow/.local/lib/python3.8/site-packages/airflow/example_dags/example_time_delta_sensor_async.py for tasks to queue
[2025-08-19T22:24:16.449+0000] {logging_mixin.py:188} INFO - [2025-08-19T22:24:16.449+0000] {dagbag.py:538} INFO - Filling up the DagBag from /home/airflow/.local/lib/python3.8/site-packages/airflow/example_dags/example_time_delta_sensor_async.py
[2025-08-19T22:24:16.451+0000] {processor.py:840} INFO - DAG(s) 'example_time_delta_sensor_async' retrieved from /home/airflow/.local/lib/python3.8/site-packages/airflow/example_dags/example_time_delta_sensor_async.py
[2025-08-19T22:24:16.461+0000] {logging_mixin.py:188} INFO - [2025-08-19T22:24:16.461+0000] {dag.py:3036} INFO - Sync 1 DAGs
[2025-08-19T22:24:16.466+0000] {logging_mixin.py:188} INFO - [2025-08-19T22:24:16.466+0000] {dag.py:3823} INFO - Setting next_dagrun for example_time_delta_sensor_async to None, run_after=None
[2025-08-19T22:24:16.475+0000] {processor.py:183} INFO - Processing /home/airflow/.local/lib/python3.8/site-packages/airflow/example_dags/example_time_delta_sensor_async.py took 0.030 seconds
[2025-08-19T22:24:46.905+0000] {processor.py:161} INFO - Started process (PID=599) to work on /home/airflow/.local/lib/python3.8/site-packages/airflow/example_dags/example_time_delta_sensor_async.py
[2025-08-19T22:24:46.905+0000] {processor.py:830} INFO - Processing file /home/airflow/.local/lib/python3.8/site-packages/airflow/example_dags/example_time_delta_sensor_async.py for tasks to queue
[2025-08-19T22:24:46.906+0000] {logging_mixin.py:188} INFO - [2025-08-19T22:24:46.906+0000] {dagbag.py:538} INFO - Filling up the DagBag from /home/airflow/.local/lib/python3.8/site-packages/airflow/example_dags/example_time_delta_sensor_async.py
[2025-08-19T22:24:46.908+0000] {processor.py:840} INFO - DAG(s) 'example_time_delta_sensor_async' retrieved from /home/airflow/.local/lib/python3.8/site-packages/airflow/example_dags/example_time_delta_sensor_async.py
[2025-08-19T22:24:46.917+0000] {logging_mixin.py:188} INFO - [2025-08-19T22:24:46.917+0000] {dag.py:3036} INFO - Sync 1 DAGs
[2025-08-19T22:24:46.921+0000] {logging_mixin.py:188} INFO - [2025-08-19T22:24:46.921+0000] {dag.py:3823} INFO - Setting next_dagrun for example_time_delta_sensor_async to None, run_after=None
[2025-08-19T22:24:46.930+0000] {processor.py:183} INFO - Processing /home/airflow/.local/lib/python3.8/site-packages/airflow/example_dags/example_time_delta_sensor_async.py took 0.026 seconds
[2025-08-19T22:25:17.367+0000] {processor.py:161} INFO - Started process (PID=655) to work on /home/airflow/.local/lib/python3.8/site-packages/airflow/example_dags/example_time_delta_sensor_async.py
[2025-08-19T22:25:17.368+0000] {processor.py:830} INFO - Processing file /home/airflow/.local/lib/python3.8/site-packages/airflow/example_dags/example_time_delta_sensor_async.py for tasks to queue
[2025-08-19T22:25:17.369+0000] {logging_mixin.py:188} INFO - [2025-08-19T22:25:17.368+0000] {dagbag.py:538} INFO - Filling up the DagBag from /home/airflow/.local/lib/python3.8/site-packages/airflow/example_dags/example_time_delta_sensor_async.py
[2025-08-19T22:25:17.371+0000] {processor.py:840} INFO - DAG(s) 'example_time_delta_sensor_async' retrieved from /home/airflow/.local/lib/python3.8/site-packages/airflow/example_dags/example_time_delta_sensor_async.py
[2025-08-19T22:25:17.381+0000] {logging_mixin.py:188} INFO - [2025-08-19T22:25:17.381+0000] {dag.py:3036} INFO - Sync 1 DAGs
[2025-08-19T22:25:17.385+0000] {logging_mixin.py:188} INFO - [2025-08-19T22:25:17.385+0000] {dag.py:3823} INFO - Setting next_dagrun for example_time_delta_sensor_async to None, run_after=None
[2025-08-19T22:25:17.393+0000] {processor.py:183} INFO - Processing /home/airflow/.local/lib/python3.8/site-packages/airflow/example_dags/example_time_delta_sensor_async.py took 0.027 seconds
[2025-08-19T22:25:47.767+0000] {processor.py:161} INFO - Started process (PID=711) to work on /home/airflow/.local/lib/python3.8/site-packages/airflow/example_dags/example_time_delta_sensor_async.py
[2025-08-19T22:25:47.768+0000] {processor.py:830} INFO - Processing file /home/airflow/.local/lib/python3.8/site-packages/airflow/example_dags/example_time_delta_sensor_async.py for tasks to queue
[2025-08-19T22:25:47.768+0000] {logging_mixin.py:188} INFO - [2025-08-19T22:25:47.768+0000] {dagbag.py:538} INFO - Filling up the DagBag from /home/airflow/.local/lib/python3.8/site-packages/airflow/example_dags/example_time_delta_sensor_async.py
[2025-08-19T22:25:47.770+0000] {processor.py:840} INFO - DAG(s) 'example_time_delta_sensor_async' retrieved from /home/airflow/.local/lib/python3.8/site-packages/airflow/example_dags/example_time_delta_sensor_async.py
[2025-08-19T22:25:47.777+0000] {logging_mixin.py:188} INFO - [2025-08-19T22:25:47.777+0000] {dag.py:3036} INFO - Sync 1 DAGs
[2025-08-19T22:25:47.781+0000] {logging_mixin.py:188} INFO - [2025-08-19T22:25:47.781+0000] {dag.py:3823} INFO - Setting next_dagrun for example_time_delta_sensor_async to None, run_after=None
[2025-08-19T22:25:47.786+0000] {processor.py:183} INFO - Processing /home/airflow/.local/lib/python3.8/site-packages/airflow/example_dags/example_time_delta_sensor_async.py took 0.020 seconds
[2025-08-19T22:26:18.218+0000] {processor.py:161} INFO - Started process (PID=767) to work on /home/airflow/.local/lib/python3.8/site-packages/airflow/example_dags/example_time_delta_sensor_async.py
[2025-08-19T22:26:18.218+0000] {processor.py:830} INFO - Processing file /home/airflow/.local/lib/python3.8/site-packages/airflow/example_dags/example_time_delta_sensor_async.py for tasks to queue
[2025-08-19T22:26:18.219+0000] {logging_mixin.py:188} INFO - [2025-08-19T22:26:18.219+0000] {dagbag.py:538} INFO - Filling up the DagBag from /home/airflow/.local/lib/python3.8/site-packages/airflow/example_dags/example_time_delta_sensor_async.py
[2025-08-19T22:26:18.221+0000] {processor.py:840} INFO - DAG(s) 'example_time_delta_sensor_async' retrieved from /home/airflow/.local/lib/python3.8/site-packages/airflow/example_dags/example_time_delta_sensor_async.py
[2025-08-19T22:26:18.229+0000] {logging_mixin.py:188} INFO - [2025-08-19T22:26:18.229+0000] {dag.py:3036} INFO - Sync 1 DAGs
[2025-08-19T22:26:18.234+0000] {logging_mixin.py:188} INFO - [2025-08-19T22:26:18.234+0000] {dag.py:3823} INFO - Setting next_dagrun for example_time_delta_sensor_async to None, run_after=None
[2025-08-19T22:26:18.242+0000] {processor.py:183} INFO - Processing /home/airflow/.local/lib/python3.8/site-packages/airflow/example_dags/example_time_delta_sensor_async.py took 0.026 seconds
[2025-08-19T22:26:48.635+0000] {processor.py:161} INFO - Started process (PID=823) to work on /home/airflow/.local/lib/python3.8/site-packages/airflow/example_dags/example_time_delta_sensor_async.py
[2025-08-19T22:26:48.635+0000] {processor.py:830} INFO - Processing file /home/airflow/.local/lib/python3.8/site-packages/airflow/example_dags/example_time_delta_sensor_async.py for tasks to queue
[2025-08-19T22:26:48.636+0000] {logging_mixin.py:188} INFO - [2025-08-19T22:26:48.636+0000] {dagbag.py:538} INFO - Filling up the DagBag from /home/airflow/.local/lib/python3.8/site-packages/airflow/example_dags/example_time_delta_sensor_async.py
[2025-08-19T22:26:48.638+0000] {processor.py:840} INFO - DAG(s) 'example_time_delta_sensor_async' retrieved from /home/airflow/.local/lib/python3.8/site-packages/airflow/example_dags/example_time_delta_sensor_async.py
[2025-08-19T22:26:48.646+0000] {logging_mixin.py:188} INFO - [2025-08-19T22:26:48.646+0000] {dag.py:3036} INFO - Sync 1 DAGs
[2025-08-19T22:26:48.650+0000] {logging_mixin.py:188} INFO - [2025-08-19T22:26:48.650+0000] {dag.py:3823} INFO - Setting next_dagrun for example_time_delta_sensor_async to None, run_after=None
[2025-08-19T22:26:48.656+0000] {processor.py:183} INFO - Processing /home/airflow/.local/lib/python3.8/site-packages/airflow/example_dags/example_time_delta_sensor_async.py took 0.022 seconds
[2025-08-19T22:27:19.036+0000] {processor.py:161} INFO - Started process (PID=879) to work on /home/airflow/.local/lib/python3.8/site-packages/airflow/example_dags/example_time_delta_sensor_async.py
[2025-08-19T22:27:19.037+0000] {processor.py:830} INFO - Processing file /home/airflow/.local/lib/python3.8/site-packages/airflow/example_dags/example_time_delta_sensor_async.py for tasks to queue
[2025-08-19T22:27:19.038+0000] {logging_mixin.py:188} INFO - [2025-08-19T22:27:19.037+0000] {dagbag.py:538} INFO - Filling up the DagBag from /home/airflow/.local/lib/python3.8/site-packages/airflow/example_dags/example_time_delta_sensor_async.py
[2025-08-19T22:27:19.039+0000] {processor.py:840} INFO - DAG(s) 'example_time_delta_sensor_async' retrieved from /home/airflow/.local/lib/python3.8/site-packages/airflow/example_dags/example_time_delta_sensor_async.py
[2025-08-19T22:27:19.047+0000] {logging_mixin.py:188} INFO - [2025-08-19T22:27:19.047+0000] {dag.py:3036} INFO - Sync 1 DAGs
[2025-08-19T22:27:19.051+0000] {logging_mixin.py:188} INFO - [2025-08-19T22:27:19.051+0000] {dag.py:3823} INFO - Setting next_dagrun for example_time_delta_sensor_async to None, run_after=None
[2025-08-19T22:27:19.057+0000] {processor.py:183} INFO - Processing /home/airflow/.local/lib/python3.8/site-packages/airflow/example_dags/example_time_delta_sensor_async.py took 0.023 seconds
[2025-08-19T22:27:49.746+0000] {processor.py:161} INFO - Started process (PID=939) to work on /home/airflow/.local/lib/python3.8/site-packages/airflow/example_dags/example_time_delta_sensor_async.py
[2025-08-19T22:27:49.747+0000] {processor.py:830} INFO - Processing file /home/airflow/.local/lib/python3.8/site-packages/airflow/example_dags/example_time_delta_sensor_async.py for tasks to queue
[2025-08-19T22:27:49.747+0000] {logging_mixin.py:188} INFO - [2025-08-19T22:27:49.747+0000] {dagbag.py:538} INFO - Filling up the DagBag from /home/airflow/.local/lib/python3.8/site-packages/airflow/example_dags/example_time_delta_sensor_async.py
[2025-08-19T22:27:49.749+0000] {processor.py:840} INFO - DAG(s) 'example_time_delta_sensor_async' retrieved from /home/airflow/.local/lib/python3.8/site-packages/airflow/example_dags/example_time_delta_sensor_async.py
[2025-08-19T22:27:49.760+0000] {logging_mixin.py:188} INFO - [2025-08-19T22:27:49.760+0000] {dag.py:3036} INFO - Sync 1 DAGs
[2025-08-19T22:27:49.766+0000] {logging_mixin.py:188} INFO - [2025-08-19T22:27:49.766+0000] {dag.py:3823} INFO - Setting next_dagrun for example_time_delta_sensor_async to None, run_after=None
[2025-08-19T22:27:49.775+0000] {processor.py:183} INFO - Processing /home/airflow/.local/lib/python3.8/site-packages/airflow/example_dags/example_time_delta_sensor_async.py took 0.030 seconds
[2025-08-19T22:28:20.311+0000] {processor.py:161} INFO - Started process (PID=995) to work on /home/airflow/.local/lib/python3.8/site-packages/airflow/example_dags/example_time_delta_sensor_async.py
[2025-08-19T22:28:20.312+0000] {processor.py:830} INFO - Processing file /home/airflow/.local/lib/python3.8/site-packages/airflow/example_dags/example_time_delta_sensor_async.py for tasks to queue
[2025-08-19T22:28:20.312+0000] {logging_mixin.py:188} INFO - [2025-08-19T22:28:20.312+0000] {dagbag.py:538} INFO - Filling up the DagBag from /home/airflow/.local/lib/python3.8/site-packages/airflow/example_dags/example_time_delta_sensor_async.py
[2025-08-19T22:28:20.314+0000] {processor.py:840} INFO - DAG(s) 'example_time_delta_sensor_async' retrieved from /home/airflow/.local/lib/python3.8/site-packages/airflow/example_dags/example_time_delta_sensor_async.py
[2025-08-19T22:28:20.322+0000] {logging_mixin.py:188} INFO - [2025-08-19T22:28:20.322+0000] {dag.py:3036} INFO - Sync 1 DAGs
[2025-08-19T22:28:20.326+0000] {logging_mixin.py:188} INFO - [2025-08-19T22:28:20.325+0000] {dag.py:3823} INFO - Setting next_dagrun for example_time_delta_sensor_async to None, run_after=None
[2025-08-19T22:28:20.331+0000] {processor.py:183} INFO - Processing /home/airflow/.local/lib/python3.8/site-packages/airflow/example_dags/example_time_delta_sensor_async.py took 0.021 seconds
[2025-08-19T22:28:50.745+0000] {processor.py:161} INFO - Started process (PID=1051) to work on /home/airflow/.local/lib/python3.8/site-packages/airflow/example_dags/example_time_delta_sensor_async.py
[2025-08-19T22:28:50.746+0000] {processor.py:830} INFO - Processing file /home/airflow/.local/lib/python3.8/site-packages/airflow/example_dags/example_time_delta_sensor_async.py for tasks to queue
[2025-08-19T22:28:50.746+0000] {logging_mixin.py:188} INFO - [2025-08-19T22:28:50.746+0000] {dagbag.py:538} INFO - Filling up the DagBag from /home/airflow/.local/lib/python3.8/site-packages/airflow/example_dags/example_time_delta_sensor_async.py
[2025-08-19T22:28:50.748+0000] {processor.py:840} INFO - DAG(s) 'example_time_delta_sensor_async' retrieved from /home/airflow/.local/lib/python3.8/site-packages/airflow/example_dags/example_time_delta_sensor_async.py
[2025-08-19T22:28:50.756+0000] {logging_mixin.py:188} INFO - [2025-08-19T22:28:50.756+0000] {dag.py:3036} INFO - Sync 1 DAGs
[2025-08-19T22:28:50.760+0000] {logging_mixin.py:188} INFO - [2025-08-19T22:28:50.760+0000] {dag.py:3823} INFO - Setting next_dagrun for example_time_delta_sensor_async to None, run_after=None
[2025-08-19T22:28:50.765+0000] {processor.py:183} INFO - Processing /home/airflow/.local/lib/python3.8/site-packages/airflow/example_dags/example_time_delta_sensor_async.py took 0.022 seconds
[2025-08-19T22:29:21.435+0000] {processor.py:161} INFO - Started process (PID=1107) to work on /home/airflow/.local/lib/python3.8/site-packages/airflow/example_dags/example_time_delta_sensor_async.py
[2025-08-19T22:29:21.436+0000] {processor.py:830} INFO - Processing file /home/airflow/.local/lib/python3.8/site-packages/airflow/example_dags/example_time_delta_sensor_async.py for tasks to queue
[2025-08-19T22:29:21.436+0000] {logging_mixin.py:188} INFO - [2025-08-19T22:29:21.436+0000] {dagbag.py:538} INFO - Filling up the DagBag from /home/airflow/.local/lib/python3.8/site-packages/airflow/example_dags/example_time_delta_sensor_async.py
[2025-08-19T22:29:21.438+0000] {processor.py:840} INFO - DAG(s) 'example_time_delta_sensor_async' retrieved from /home/airflow/.local/lib/python3.8/site-packages/airflow/example_dags/example_time_delta_sensor_async.py
[2025-08-19T22:29:21.446+0000] {logging_mixin.py:188} INFO - [2025-08-19T22:29:21.446+0000] {dag.py:3036} INFO - Sync 1 DAGs
[2025-08-19T22:29:21.450+0000] {logging_mixin.py:188} INFO - [2025-08-19T22:29:21.450+0000] {dag.py:3823} INFO - Setting next_dagrun for example_time_delta_sensor_async to None, run_after=None
[2025-08-19T22:29:21.457+0000] {processor.py:183} INFO - Processing /home/airflow/.local/lib/python3.8/site-packages/airflow/example_dags/example_time_delta_sensor_async.py took 0.023 seconds
[2025-08-19T22:29:51.922+0000] {processor.py:161} INFO - Started process (PID=1163) to work on /home/airflow/.local/lib/python3.8/site-packages/airflow/example_dags/example_time_delta_sensor_async.py
[2025-08-19T22:29:51.923+0000] {processor.py:830} INFO - Processing file /home/airflow/.local/lib/python3.8/site-packages/airflow/example_dags/example_time_delta_sensor_async.py for tasks to queue
[2025-08-19T22:29:51.924+0000] {logging_mixin.py:188} INFO - [2025-08-19T22:29:51.923+0000] {dagbag.py:538} INFO - Filling up the DagBag from /home/airflow/.local/lib/python3.8/site-packages/airflow/example_dags/example_time_delta_sensor_async.py
[2025-08-19T22:29:51.925+0000] {processor.py:840} INFO - DAG(s) 'example_time_delta_sensor_async' retrieved from /home/airflow/.local/lib/python3.8/site-packages/airflow/example_dags/example_time_delta_sensor_async.py
[2025-08-19T22:29:51.933+0000] {logging_mixin.py:188} INFO - [2025-08-19T22:29:51.933+0000] {dag.py:3036} INFO - Sync 1 DAGs
[2025-08-19T22:29:51.937+0000] {logging_mixin.py:188} INFO - [2025-08-19T22:29:51.936+0000] {dag.py:3823} INFO - Setting next_dagrun for example_time_delta_sensor_async to None, run_after=None
[2025-08-19T22:29:51.942+0000] {processor.py:183} INFO - Processing /home/airflow/.local/lib/python3.8/site-packages/airflow/example_dags/example_time_delta_sensor_async.py took 0.021 seconds
[2025-08-19T22:30:22.369+0000] {processor.py:161} INFO - Started process (PID=1219) to work on /home/airflow/.local/lib/python3.8/site-packages/airflow/example_dags/example_time_delta_sensor_async.py
[2025-08-19T22:30:22.370+0000] {processor.py:830} INFO - Processing file /home/airflow/.local/lib/python3.8/site-packages/airflow/example_dags/example_time_delta_sensor_async.py for tasks to queue
[2025-08-19T22:30:22.371+0000] {logging_mixin.py:188} INFO - [2025-08-19T22:30:22.371+0000] {dagbag.py:538} INFO - Filling up the DagBag from /home/airflow/.local/lib/python3.8/site-packages/airflow/example_dags/example_time_delta_sensor_async.py
[2025-08-19T22:30:22.374+0000] {processor.py:840} INFO - DAG(s) 'example_time_delta_sensor_async' retrieved from /home/airflow/.local/lib/python3.8/site-packages/airflow/example_dags/example_time_delta_sensor_async.py
[2025-08-19T22:30:22.391+0000] {logging_mixin.py:188} INFO - [2025-08-19T22:30:22.391+0000] {dag.py:3036} INFO - Sync 1 DAGs
[2025-08-19T22:30:22.399+0000] {logging_mixin.py:188} INFO - [2025-08-19T22:30:22.399+0000] {dag.py:3823} INFO - Setting next_dagrun for example_time_delta_sensor_async to None, run_after=None
[2025-08-19T22:30:22.408+0000] {processor.py:183} INFO - Processing /home/airflow/.local/lib/python3.8/site-packages/airflow/example_dags/example_time_delta_sensor_async.py took 0.040 seconds
