[2025-08-19T21:50:07.288+0000] {processor.py:161} INFO - Started process (PID=59) to work on /home/airflow/.local/lib/python3.8/site-packages/airflow/example_dags/example_short_circuit_operator.py
[2025-08-19T21:50:07.288+0000] {processor.py:830} INFO - Processing file /home/airflow/.local/lib/python3.8/site-packages/airflow/example_dags/example_short_circuit_operator.py for tasks to queue
[2025-08-19T21:50:07.290+0000] {logging_mixin.py:188} INFO - [2025-08-19T21:50:07.290+0000] {dagbag.py:538} INFO - Filling up the DagBag from /home/airflow/.local/lib/python3.8/site-packages/airflow/example_dags/example_short_circuit_operator.py
[2025-08-19T21:50:07.296+0000] {processor.py:840} INFO - DAG(s) 'example_short_circuit_operator' retrieved from /home/airflow/.local/lib/python3.8/site-packages/airflow/example_dags/example_short_circuit_operator.py
[2025-08-19T21:50:07.308+0000] {logging_mixin.py:188} INFO - [2025-08-19T21:50:07.308+0000] {dag.py:3036} INFO - Sync 1 DAGs
[2025-08-19T21:50:07.321+0000] {logging_mixin.py:188} INFO - [2025-08-19T21:50:07.320+0000] {dag.py:3823} INFO - Setting next_dagrun for example_short_circuit_operator to 2025-08-18 00:00:00+00:00, run_after=2025-08-19 00:00:00+00:00
[2025-08-19T21:50:07.335+0000] {processor.py:183} INFO - Processing /home/airflow/.local/lib/python3.8/site-packages/airflow/example_dags/example_short_circuit_operator.py took 0.049 seconds
[2025-08-19T21:50:37.893+0000] {processor.py:161} INFO - Started process (PID=115) to work on /home/airflow/.local/lib/python3.8/site-packages/airflow/example_dags/example_short_circuit_operator.py
[2025-08-19T21:50:37.893+0000] {processor.py:830} INFO - Processing file /home/airflow/.local/lib/python3.8/site-packages/airflow/example_dags/example_short_circuit_operator.py for tasks to queue
[2025-08-19T21:50:37.894+0000] {logging_mixin.py:188} INFO - [2025-08-19T21:50:37.894+0000] {dagbag.py:538} INFO - Filling up the DagBag from /home/airflow/.local/lib/python3.8/site-packages/airflow/example_dags/example_short_circuit_operator.py
[2025-08-19T21:50:37.898+0000] {processor.py:840} INFO - DAG(s) 'example_short_circuit_operator' retrieved from /home/airflow/.local/lib/python3.8/site-packages/airflow/example_dags/example_short_circuit_operator.py
[2025-08-19T21:50:37.935+0000] {logging_mixin.py:188} INFO - [2025-08-19T21:50:37.935+0000] {dag.py:3036} INFO - Sync 1 DAGs
[2025-08-19T21:50:37.941+0000] {logging_mixin.py:188} INFO - [2025-08-19T21:50:37.941+0000] {dag.py:3823} INFO - Setting next_dagrun for example_short_circuit_operator to 2025-08-18 00:00:00+00:00, run_after=2025-08-19 00:00:00+00:00
[2025-08-19T21:50:37.948+0000] {processor.py:183} INFO - Processing /home/airflow/.local/lib/python3.8/site-packages/airflow/example_dags/example_short_circuit_operator.py took 0.057 seconds
[2025-08-19T21:51:08.890+0000] {processor.py:161} INFO - Started process (PID=170) to work on /home/airflow/.local/lib/python3.8/site-packages/airflow/example_dags/example_short_circuit_operator.py
[2025-08-19T21:51:08.893+0000] {processor.py:830} INFO - Processing file /home/airflow/.local/lib/python3.8/site-packages/airflow/example_dags/example_short_circuit_operator.py for tasks to queue
[2025-08-19T21:51:08.894+0000] {logging_mixin.py:188} INFO - [2025-08-19T21:51:08.893+0000] {dagbag.py:538} INFO - Filling up the DagBag from /home/airflow/.local/lib/python3.8/site-packages/airflow/example_dags/example_short_circuit_operator.py
[2025-08-19T21:51:08.897+0000] {processor.py:840} INFO - DAG(s) 'example_short_circuit_operator' retrieved from /home/airflow/.local/lib/python3.8/site-packages/airflow/example_dags/example_short_circuit_operator.py
[2025-08-19T21:51:08.905+0000] {logging_mixin.py:188} INFO - [2025-08-19T21:51:08.905+0000] {dag.py:3036} INFO - Sync 1 DAGs
[2025-08-19T21:51:08.914+0000] {logging_mixin.py:188} INFO - [2025-08-19T21:51:08.914+0000] {dag.py:3823} INFO - Setting next_dagrun for example_short_circuit_operator to 2025-08-18 00:00:00+00:00, run_after=2025-08-19 00:00:00+00:00
[2025-08-19T21:51:08.924+0000] {processor.py:183} INFO - Processing /home/airflow/.local/lib/python3.8/site-packages/airflow/example_dags/example_short_circuit_operator.py took 0.035 seconds
[2025-08-19T21:51:39.381+0000] {processor.py:161} INFO - Started process (PID=226) to work on /home/airflow/.local/lib/python3.8/site-packages/airflow/example_dags/example_short_circuit_operator.py
[2025-08-19T21:51:39.382+0000] {processor.py:830} INFO - Processing file /home/airflow/.local/lib/python3.8/site-packages/airflow/example_dags/example_short_circuit_operator.py for tasks to queue
[2025-08-19T21:51:39.383+0000] {logging_mixin.py:188} INFO - [2025-08-19T21:51:39.383+0000] {dagbag.py:538} INFO - Filling up the DagBag from /home/airflow/.local/lib/python3.8/site-packages/airflow/example_dags/example_short_circuit_operator.py
[2025-08-19T21:51:39.387+0000] {processor.py:840} INFO - DAG(s) 'example_short_circuit_operator' retrieved from /home/airflow/.local/lib/python3.8/site-packages/airflow/example_dags/example_short_circuit_operator.py
[2025-08-19T21:51:39.397+0000] {logging_mixin.py:188} INFO - [2025-08-19T21:51:39.397+0000] {dag.py:3036} INFO - Sync 1 DAGs
[2025-08-19T21:51:39.405+0000] {logging_mixin.py:188} INFO - [2025-08-19T21:51:39.405+0000] {dag.py:3823} INFO - Setting next_dagrun for example_short_circuit_operator to 2025-08-18 00:00:00+00:00, run_after=2025-08-19 00:00:00+00:00
[2025-08-19T21:51:39.411+0000] {processor.py:183} INFO - Processing /home/airflow/.local/lib/python3.8/site-packages/airflow/example_dags/example_short_circuit_operator.py took 0.031 seconds
[2025-08-19T21:52:10.086+0000] {processor.py:161} INFO - Started process (PID=288) to work on /home/airflow/.local/lib/python3.8/site-packages/airflow/example_dags/example_short_circuit_operator.py
[2025-08-19T21:52:10.088+0000] {processor.py:830} INFO - Processing file /home/airflow/.local/lib/python3.8/site-packages/airflow/example_dags/example_short_circuit_operator.py for tasks to queue
[2025-08-19T21:52:10.090+0000] {logging_mixin.py:188} INFO - [2025-08-19T21:52:10.089+0000] {dagbag.py:538} INFO - Filling up the DagBag from /home/airflow/.local/lib/python3.8/site-packages/airflow/example_dags/example_short_circuit_operator.py
[2025-08-19T21:52:10.094+0000] {processor.py:840} INFO - DAG(s) 'example_short_circuit_operator' retrieved from /home/airflow/.local/lib/python3.8/site-packages/airflow/example_dags/example_short_circuit_operator.py
[2025-08-19T21:52:10.116+0000] {logging_mixin.py:188} INFO - [2025-08-19T21:52:10.116+0000] {dag.py:3036} INFO - Sync 1 DAGs
[2025-08-19T21:52:10.131+0000] {logging_mixin.py:188} INFO - [2025-08-19T21:52:10.131+0000] {dag.py:3823} INFO - Setting next_dagrun for example_short_circuit_operator to 2025-08-18 00:00:00+00:00, run_after=2025-08-19 00:00:00+00:00
[2025-08-19T21:52:10.157+0000] {processor.py:183} INFO - Processing /home/airflow/.local/lib/python3.8/site-packages/airflow/example_dags/example_short_circuit_operator.py took 0.083 seconds
[2025-08-19T21:52:40.787+0000] {processor.py:161} INFO - Started process (PID=344) to work on /home/airflow/.local/lib/python3.8/site-packages/airflow/example_dags/example_short_circuit_operator.py
[2025-08-19T21:52:40.788+0000] {processor.py:830} INFO - Processing file /home/airflow/.local/lib/python3.8/site-packages/airflow/example_dags/example_short_circuit_operator.py for tasks to queue
[2025-08-19T21:52:40.789+0000] {logging_mixin.py:188} INFO - [2025-08-19T21:52:40.789+0000] {dagbag.py:538} INFO - Filling up the DagBag from /home/airflow/.local/lib/python3.8/site-packages/airflow/example_dags/example_short_circuit_operator.py
[2025-08-19T21:52:40.792+0000] {processor.py:840} INFO - DAG(s) 'example_short_circuit_operator' retrieved from /home/airflow/.local/lib/python3.8/site-packages/airflow/example_dags/example_short_circuit_operator.py
[2025-08-19T21:52:40.803+0000] {logging_mixin.py:188} INFO - [2025-08-19T21:52:40.803+0000] {dag.py:3036} INFO - Sync 1 DAGs
[2025-08-19T21:52:40.815+0000] {logging_mixin.py:188} INFO - [2025-08-19T21:52:40.814+0000] {dag.py:3823} INFO - Setting next_dagrun for example_short_circuit_operator to 2025-08-18 00:00:00+00:00, run_after=2025-08-19 00:00:00+00:00
[2025-08-19T21:52:40.823+0000] {processor.py:183} INFO - Processing /home/airflow/.local/lib/python3.8/site-packages/airflow/example_dags/example_short_circuit_operator.py took 0.037 seconds
[2025-08-19T21:53:11.470+0000] {processor.py:161} INFO - Started process (PID=400) to work on /home/airflow/.local/lib/python3.8/site-packages/airflow/example_dags/example_short_circuit_operator.py
[2025-08-19T21:53:11.471+0000] {processor.py:830} INFO - Processing file /home/airflow/.local/lib/python3.8/site-packages/airflow/example_dags/example_short_circuit_operator.py for tasks to queue
[2025-08-19T21:53:11.474+0000] {logging_mixin.py:188} INFO - [2025-08-19T21:53:11.474+0000] {dagbag.py:538} INFO - Filling up the DagBag from /home/airflow/.local/lib/python3.8/site-packages/airflow/example_dags/example_short_circuit_operator.py
[2025-08-19T21:53:11.481+0000] {processor.py:840} INFO - DAG(s) 'example_short_circuit_operator' retrieved from /home/airflow/.local/lib/python3.8/site-packages/airflow/example_dags/example_short_circuit_operator.py
[2025-08-19T21:53:11.494+0000] {logging_mixin.py:188} INFO - [2025-08-19T21:53:11.494+0000] {dag.py:3036} INFO - Sync 1 DAGs
[2025-08-19T21:53:11.504+0000] {logging_mixin.py:188} INFO - [2025-08-19T21:53:11.504+0000] {dag.py:3823} INFO - Setting next_dagrun for example_short_circuit_operator to 2025-08-18 00:00:00+00:00, run_after=2025-08-19 00:00:00+00:00
[2025-08-19T21:53:11.514+0000] {processor.py:183} INFO - Processing /home/airflow/.local/lib/python3.8/site-packages/airflow/example_dags/example_short_circuit_operator.py took 0.047 seconds
[2025-08-19T21:53:42.172+0000] {processor.py:161} INFO - Started process (PID=456) to work on /home/airflow/.local/lib/python3.8/site-packages/airflow/example_dags/example_short_circuit_operator.py
[2025-08-19T21:53:42.174+0000] {processor.py:830} INFO - Processing file /home/airflow/.local/lib/python3.8/site-packages/airflow/example_dags/example_short_circuit_operator.py for tasks to queue
[2025-08-19T21:53:42.175+0000] {logging_mixin.py:188} INFO - [2025-08-19T21:53:42.175+0000] {dagbag.py:538} INFO - Filling up the DagBag from /home/airflow/.local/lib/python3.8/site-packages/airflow/example_dags/example_short_circuit_operator.py
[2025-08-19T21:53:42.179+0000] {processor.py:840} INFO - DAG(s) 'example_short_circuit_operator' retrieved from /home/airflow/.local/lib/python3.8/site-packages/airflow/example_dags/example_short_circuit_operator.py
[2025-08-19T21:53:42.189+0000] {logging_mixin.py:188} INFO - [2025-08-19T21:53:42.189+0000] {dag.py:3036} INFO - Sync 1 DAGs
[2025-08-19T21:53:42.199+0000] {logging_mixin.py:188} INFO - [2025-08-19T21:53:42.199+0000] {dag.py:3823} INFO - Setting next_dagrun for example_short_circuit_operator to 2025-08-18 00:00:00+00:00, run_after=2025-08-19 00:00:00+00:00
[2025-08-19T21:53:42.207+0000] {processor.py:183} INFO - Processing /home/airflow/.local/lib/python3.8/site-packages/airflow/example_dags/example_short_circuit_operator.py took 0.036 seconds
[2025-08-19T21:54:12.767+0000] {processor.py:161} INFO - Started process (PID=512) to work on /home/airflow/.local/lib/python3.8/site-packages/airflow/example_dags/example_short_circuit_operator.py
[2025-08-19T21:54:12.768+0000] {processor.py:830} INFO - Processing file /home/airflow/.local/lib/python3.8/site-packages/airflow/example_dags/example_short_circuit_operator.py for tasks to queue
[2025-08-19T21:54:12.769+0000] {logging_mixin.py:188} INFO - [2025-08-19T21:54:12.769+0000] {dagbag.py:538} INFO - Filling up the DagBag from /home/airflow/.local/lib/python3.8/site-packages/airflow/example_dags/example_short_circuit_operator.py
[2025-08-19T21:54:12.772+0000] {processor.py:840} INFO - DAG(s) 'example_short_circuit_operator' retrieved from /home/airflow/.local/lib/python3.8/site-packages/airflow/example_dags/example_short_circuit_operator.py
[2025-08-19T21:54:12.784+0000] {logging_mixin.py:188} INFO - [2025-08-19T21:54:12.784+0000] {dag.py:3036} INFO - Sync 1 DAGs
[2025-08-19T21:54:12.794+0000] {logging_mixin.py:188} INFO - [2025-08-19T21:54:12.793+0000] {dag.py:3823} INFO - Setting next_dagrun for example_short_circuit_operator to 2025-08-18 00:00:00+00:00, run_after=2025-08-19 00:00:00+00:00
[2025-08-19T21:54:12.800+0000] {processor.py:183} INFO - Processing /home/airflow/.local/lib/python3.8/site-packages/airflow/example_dags/example_short_circuit_operator.py took 0.038 seconds
[2025-08-19T21:54:43.293+0000] {processor.py:161} INFO - Started process (PID=568) to work on /home/airflow/.local/lib/python3.8/site-packages/airflow/example_dags/example_short_circuit_operator.py
[2025-08-19T21:54:43.294+0000] {processor.py:830} INFO - Processing file /home/airflow/.local/lib/python3.8/site-packages/airflow/example_dags/example_short_circuit_operator.py for tasks to queue
[2025-08-19T21:54:43.295+0000] {logging_mixin.py:188} INFO - [2025-08-19T21:54:43.294+0000] {dagbag.py:538} INFO - Filling up the DagBag from /home/airflow/.local/lib/python3.8/site-packages/airflow/example_dags/example_short_circuit_operator.py
[2025-08-19T21:54:43.298+0000] {processor.py:840} INFO - DAG(s) 'example_short_circuit_operator' retrieved from /home/airflow/.local/lib/python3.8/site-packages/airflow/example_dags/example_short_circuit_operator.py
[2025-08-19T21:54:43.307+0000] {logging_mixin.py:188} INFO - [2025-08-19T21:54:43.307+0000] {dag.py:3036} INFO - Sync 1 DAGs
[2025-08-19T21:54:43.315+0000] {logging_mixin.py:188} INFO - [2025-08-19T21:54:43.315+0000] {dag.py:3823} INFO - Setting next_dagrun for example_short_circuit_operator to 2025-08-18 00:00:00+00:00, run_after=2025-08-19 00:00:00+00:00
[2025-08-19T21:54:43.322+0000] {processor.py:183} INFO - Processing /home/airflow/.local/lib/python3.8/site-packages/airflow/example_dags/example_short_circuit_operator.py took 0.030 seconds
[2025-08-19T21:55:13.881+0000] {processor.py:161} INFO - Started process (PID=624) to work on /home/airflow/.local/lib/python3.8/site-packages/airflow/example_dags/example_short_circuit_operator.py
[2025-08-19T21:55:13.884+0000] {processor.py:830} INFO - Processing file /home/airflow/.local/lib/python3.8/site-packages/airflow/example_dags/example_short_circuit_operator.py for tasks to queue
[2025-08-19T21:55:13.886+0000] {logging_mixin.py:188} INFO - [2025-08-19T21:55:13.886+0000] {dagbag.py:538} INFO - Filling up the DagBag from /home/airflow/.local/lib/python3.8/site-packages/airflow/example_dags/example_short_circuit_operator.py
[2025-08-19T21:55:13.891+0000] {processor.py:840} INFO - DAG(s) 'example_short_circuit_operator' retrieved from /home/airflow/.local/lib/python3.8/site-packages/airflow/example_dags/example_short_circuit_operator.py
[2025-08-19T21:55:13.905+0000] {logging_mixin.py:188} INFO - [2025-08-19T21:55:13.905+0000] {dag.py:3036} INFO - Sync 1 DAGs
[2025-08-19T21:55:13.913+0000] {logging_mixin.py:188} INFO - [2025-08-19T21:55:13.913+0000] {dag.py:3823} INFO - Setting next_dagrun for example_short_circuit_operator to 2025-08-18 00:00:00+00:00, run_after=2025-08-19 00:00:00+00:00
[2025-08-19T21:55:13.923+0000] {processor.py:183} INFO - Processing /home/airflow/.local/lib/python3.8/site-packages/airflow/example_dags/example_short_circuit_operator.py took 0.043 seconds
[2025-08-19T21:55:44.483+0000] {processor.py:161} INFO - Started process (PID=680) to work on /home/airflow/.local/lib/python3.8/site-packages/airflow/example_dags/example_short_circuit_operator.py
[2025-08-19T21:55:44.484+0000] {processor.py:830} INFO - Processing file /home/airflow/.local/lib/python3.8/site-packages/airflow/example_dags/example_short_circuit_operator.py for tasks to queue
[2025-08-19T21:55:44.484+0000] {logging_mixin.py:188} INFO - [2025-08-19T21:55:44.484+0000] {dagbag.py:538} INFO - Filling up the DagBag from /home/airflow/.local/lib/python3.8/site-packages/airflow/example_dags/example_short_circuit_operator.py
[2025-08-19T21:55:44.489+0000] {processor.py:840} INFO - DAG(s) 'example_short_circuit_operator' retrieved from /home/airflow/.local/lib/python3.8/site-packages/airflow/example_dags/example_short_circuit_operator.py
[2025-08-19T21:55:44.502+0000] {logging_mixin.py:188} INFO - [2025-08-19T21:55:44.501+0000] {dag.py:3036} INFO - Sync 1 DAGs
[2025-08-19T21:55:44.510+0000] {logging_mixin.py:188} INFO - [2025-08-19T21:55:44.510+0000] {dag.py:3823} INFO - Setting next_dagrun for example_short_circuit_operator to 2025-08-18 00:00:00+00:00, run_after=2025-08-19 00:00:00+00:00
[2025-08-19T21:55:44.520+0000] {processor.py:183} INFO - Processing /home/airflow/.local/lib/python3.8/site-packages/airflow/example_dags/example_short_circuit_operator.py took 0.038 seconds
[2025-08-19T21:56:15.163+0000] {processor.py:161} INFO - Started process (PID=736) to work on /home/airflow/.local/lib/python3.8/site-packages/airflow/example_dags/example_short_circuit_operator.py
[2025-08-19T21:56:15.164+0000] {processor.py:830} INFO - Processing file /home/airflow/.local/lib/python3.8/site-packages/airflow/example_dags/example_short_circuit_operator.py for tasks to queue
[2025-08-19T21:56:15.165+0000] {logging_mixin.py:188} INFO - [2025-08-19T21:56:15.165+0000] {dagbag.py:538} INFO - Filling up the DagBag from /home/airflow/.local/lib/python3.8/site-packages/airflow/example_dags/example_short_circuit_operator.py
[2025-08-19T21:56:15.168+0000] {processor.py:840} INFO - DAG(s) 'example_short_circuit_operator' retrieved from /home/airflow/.local/lib/python3.8/site-packages/airflow/example_dags/example_short_circuit_operator.py
[2025-08-19T21:56:15.182+0000] {logging_mixin.py:188} INFO - [2025-08-19T21:56:15.182+0000] {dag.py:3036} INFO - Sync 1 DAGs
[2025-08-19T21:56:15.190+0000] {logging_mixin.py:188} INFO - [2025-08-19T21:56:15.190+0000] {dag.py:3823} INFO - Setting next_dagrun for example_short_circuit_operator to 2025-08-18 00:00:00+00:00, run_after=2025-08-19 00:00:00+00:00
[2025-08-19T21:56:15.200+0000] {processor.py:183} INFO - Processing /home/airflow/.local/lib/python3.8/site-packages/airflow/example_dags/example_short_circuit_operator.py took 0.039 seconds
[2025-08-19T21:56:45.754+0000] {processor.py:161} INFO - Started process (PID=792) to work on /home/airflow/.local/lib/python3.8/site-packages/airflow/example_dags/example_short_circuit_operator.py
[2025-08-19T21:56:45.755+0000] {processor.py:830} INFO - Processing file /home/airflow/.local/lib/python3.8/site-packages/airflow/example_dags/example_short_circuit_operator.py for tasks to queue
[2025-08-19T21:56:45.757+0000] {logging_mixin.py:188} INFO - [2025-08-19T21:56:45.757+0000] {dagbag.py:538} INFO - Filling up the DagBag from /home/airflow/.local/lib/python3.8/site-packages/airflow/example_dags/example_short_circuit_operator.py
[2025-08-19T21:56:45.762+0000] {processor.py:840} INFO - DAG(s) 'example_short_circuit_operator' retrieved from /home/airflow/.local/lib/python3.8/site-packages/airflow/example_dags/example_short_circuit_operator.py
[2025-08-19T21:56:45.778+0000] {logging_mixin.py:188} INFO - [2025-08-19T21:56:45.777+0000] {dag.py:3036} INFO - Sync 1 DAGs
[2025-08-19T21:56:45.786+0000] {logging_mixin.py:188} INFO - [2025-08-19T21:56:45.786+0000] {dag.py:3823} INFO - Setting next_dagrun for example_short_circuit_operator to 2025-08-18 00:00:00+00:00, run_after=2025-08-19 00:00:00+00:00
[2025-08-19T21:56:45.793+0000] {processor.py:183} INFO - Processing /home/airflow/.local/lib/python3.8/site-packages/airflow/example_dags/example_short_circuit_operator.py took 0.040 seconds
[2025-08-19T21:57:16.416+0000] {processor.py:161} INFO - Started process (PID=848) to work on /home/airflow/.local/lib/python3.8/site-packages/airflow/example_dags/example_short_circuit_operator.py
[2025-08-19T21:57:16.416+0000] {processor.py:830} INFO - Processing file /home/airflow/.local/lib/python3.8/site-packages/airflow/example_dags/example_short_circuit_operator.py for tasks to queue
[2025-08-19T21:57:16.417+0000] {logging_mixin.py:188} INFO - [2025-08-19T21:57:16.417+0000] {dagbag.py:538} INFO - Filling up the DagBag from /home/airflow/.local/lib/python3.8/site-packages/airflow/example_dags/example_short_circuit_operator.py
[2025-08-19T21:57:16.421+0000] {processor.py:840} INFO - DAG(s) 'example_short_circuit_operator' retrieved from /home/airflow/.local/lib/python3.8/site-packages/airflow/example_dags/example_short_circuit_operator.py
[2025-08-19T21:57:16.433+0000] {logging_mixin.py:188} INFO - [2025-08-19T21:57:16.433+0000] {dag.py:3036} INFO - Sync 1 DAGs
[2025-08-19T21:57:16.444+0000] {logging_mixin.py:188} INFO - [2025-08-19T21:57:16.444+0000] {dag.py:3823} INFO - Setting next_dagrun for example_short_circuit_operator to 2025-08-18 00:00:00+00:00, run_after=2025-08-19 00:00:00+00:00
[2025-08-19T21:57:16.451+0000] {processor.py:183} INFO - Processing /home/airflow/.local/lib/python3.8/site-packages/airflow/example_dags/example_short_circuit_operator.py took 0.037 seconds
[2025-08-19T21:57:47.014+0000] {processor.py:161} INFO - Started process (PID=904) to work on /home/airflow/.local/lib/python3.8/site-packages/airflow/example_dags/example_short_circuit_operator.py
[2025-08-19T21:57:47.015+0000] {processor.py:830} INFO - Processing file /home/airflow/.local/lib/python3.8/site-packages/airflow/example_dags/example_short_circuit_operator.py for tasks to queue
[2025-08-19T21:57:47.016+0000] {logging_mixin.py:188} INFO - [2025-08-19T21:57:47.016+0000] {dagbag.py:538} INFO - Filling up the DagBag from /home/airflow/.local/lib/python3.8/site-packages/airflow/example_dags/example_short_circuit_operator.py
[2025-08-19T21:57:47.020+0000] {processor.py:840} INFO - DAG(s) 'example_short_circuit_operator' retrieved from /home/airflow/.local/lib/python3.8/site-packages/airflow/example_dags/example_short_circuit_operator.py
[2025-08-19T21:57:47.030+0000] {logging_mixin.py:188} INFO - [2025-08-19T21:57:47.030+0000] {dag.py:3036} INFO - Sync 1 DAGs
[2025-08-19T21:57:47.040+0000] {logging_mixin.py:188} INFO - [2025-08-19T21:57:47.039+0000] {dag.py:3823} INFO - Setting next_dagrun for example_short_circuit_operator to 2025-08-18 00:00:00+00:00, run_after=2025-08-19 00:00:00+00:00
[2025-08-19T21:57:47.050+0000] {processor.py:183} INFO - Processing /home/airflow/.local/lib/python3.8/site-packages/airflow/example_dags/example_short_circuit_operator.py took 0.037 seconds
[2025-08-19T21:58:17.580+0000] {processor.py:161} INFO - Started process (PID=960) to work on /home/airflow/.local/lib/python3.8/site-packages/airflow/example_dags/example_short_circuit_operator.py
[2025-08-19T21:58:17.581+0000] {processor.py:830} INFO - Processing file /home/airflow/.local/lib/python3.8/site-packages/airflow/example_dags/example_short_circuit_operator.py for tasks to queue
[2025-08-19T21:58:17.582+0000] {logging_mixin.py:188} INFO - [2025-08-19T21:58:17.582+0000] {dagbag.py:538} INFO - Filling up the DagBag from /home/airflow/.local/lib/python3.8/site-packages/airflow/example_dags/example_short_circuit_operator.py
[2025-08-19T21:58:17.586+0000] {processor.py:840} INFO - DAG(s) 'example_short_circuit_operator' retrieved from /home/airflow/.local/lib/python3.8/site-packages/airflow/example_dags/example_short_circuit_operator.py
[2025-08-19T21:58:17.596+0000] {logging_mixin.py:188} INFO - [2025-08-19T21:58:17.596+0000] {dag.py:3036} INFO - Sync 1 DAGs
[2025-08-19T21:58:17.606+0000] {logging_mixin.py:188} INFO - [2025-08-19T21:58:17.606+0000] {dag.py:3823} INFO - Setting next_dagrun for example_short_circuit_operator to 2025-08-18 00:00:00+00:00, run_after=2025-08-19 00:00:00+00:00
[2025-08-19T21:58:17.616+0000] {processor.py:183} INFO - Processing /home/airflow/.local/lib/python3.8/site-packages/airflow/example_dags/example_short_circuit_operator.py took 0.038 seconds
[2025-08-19T21:58:48.154+0000] {processor.py:161} INFO - Started process (PID=1016) to work on /home/airflow/.local/lib/python3.8/site-packages/airflow/example_dags/example_short_circuit_operator.py
[2025-08-19T21:58:48.155+0000] {processor.py:830} INFO - Processing file /home/airflow/.local/lib/python3.8/site-packages/airflow/example_dags/example_short_circuit_operator.py for tasks to queue
[2025-08-19T21:58:48.155+0000] {logging_mixin.py:188} INFO - [2025-08-19T21:58:48.155+0000] {dagbag.py:538} INFO - Filling up the DagBag from /home/airflow/.local/lib/python3.8/site-packages/airflow/example_dags/example_short_circuit_operator.py
[2025-08-19T21:58:48.159+0000] {processor.py:840} INFO - DAG(s) 'example_short_circuit_operator' retrieved from /home/airflow/.local/lib/python3.8/site-packages/airflow/example_dags/example_short_circuit_operator.py
[2025-08-19T21:58:48.171+0000] {logging_mixin.py:188} INFO - [2025-08-19T21:58:48.171+0000] {dag.py:3036} INFO - Sync 1 DAGs
[2025-08-19T21:58:48.181+0000] {logging_mixin.py:188} INFO - [2025-08-19T21:58:48.180+0000] {dag.py:3823} INFO - Setting next_dagrun for example_short_circuit_operator to 2025-08-18 00:00:00+00:00, run_after=2025-08-19 00:00:00+00:00
[2025-08-19T21:58:48.189+0000] {processor.py:183} INFO - Processing /home/airflow/.local/lib/python3.8/site-packages/airflow/example_dags/example_short_circuit_operator.py took 0.036 seconds
[2025-08-19T21:59:18.650+0000] {processor.py:161} INFO - Started process (PID=1072) to work on /home/airflow/.local/lib/python3.8/site-packages/airflow/example_dags/example_short_circuit_operator.py
[2025-08-19T21:59:18.650+0000] {processor.py:830} INFO - Processing file /home/airflow/.local/lib/python3.8/site-packages/airflow/example_dags/example_short_circuit_operator.py for tasks to queue
[2025-08-19T21:59:18.651+0000] {logging_mixin.py:188} INFO - [2025-08-19T21:59:18.651+0000] {dagbag.py:538} INFO - Filling up the DagBag from /home/airflow/.local/lib/python3.8/site-packages/airflow/example_dags/example_short_circuit_operator.py
[2025-08-19T21:59:18.656+0000] {processor.py:840} INFO - DAG(s) 'example_short_circuit_operator' retrieved from /home/airflow/.local/lib/python3.8/site-packages/airflow/example_dags/example_short_circuit_operator.py
[2025-08-19T21:59:18.667+0000] {logging_mixin.py:188} INFO - [2025-08-19T21:59:18.667+0000] {dag.py:3036} INFO - Sync 1 DAGs
[2025-08-19T21:59:18.676+0000] {logging_mixin.py:188} INFO - [2025-08-19T21:59:18.676+0000] {dag.py:3823} INFO - Setting next_dagrun for example_short_circuit_operator to 2025-08-18 00:00:00+00:00, run_after=2025-08-19 00:00:00+00:00
[2025-08-19T21:59:18.683+0000] {processor.py:183} INFO - Processing /home/airflow/.local/lib/python3.8/site-packages/airflow/example_dags/example_short_circuit_operator.py took 0.035 seconds
[2025-08-19T21:59:49.172+0000] {processor.py:161} INFO - Started process (PID=1128) to work on /home/airflow/.local/lib/python3.8/site-packages/airflow/example_dags/example_short_circuit_operator.py
[2025-08-19T21:59:49.174+0000] {processor.py:830} INFO - Processing file /home/airflow/.local/lib/python3.8/site-packages/airflow/example_dags/example_short_circuit_operator.py for tasks to queue
[2025-08-19T21:59:49.176+0000] {logging_mixin.py:188} INFO - [2025-08-19T21:59:49.176+0000] {dagbag.py:538} INFO - Filling up the DagBag from /home/airflow/.local/lib/python3.8/site-packages/airflow/example_dags/example_short_circuit_operator.py
[2025-08-19T21:59:49.180+0000] {processor.py:840} INFO - DAG(s) 'example_short_circuit_operator' retrieved from /home/airflow/.local/lib/python3.8/site-packages/airflow/example_dags/example_short_circuit_operator.py
[2025-08-19T21:59:49.191+0000] {logging_mixin.py:188} INFO - [2025-08-19T21:59:49.191+0000] {dag.py:3036} INFO - Sync 1 DAGs
[2025-08-19T21:59:49.199+0000] {logging_mixin.py:188} INFO - [2025-08-19T21:59:49.199+0000] {dag.py:3823} INFO - Setting next_dagrun for example_short_circuit_operator to 2025-08-18 00:00:00+00:00, run_after=2025-08-19 00:00:00+00:00
[2025-08-19T21:59:49.209+0000] {processor.py:183} INFO - Processing /home/airflow/.local/lib/python3.8/site-packages/airflow/example_dags/example_short_circuit_operator.py took 0.039 seconds
[2025-08-19T22:00:19.729+0000] {processor.py:161} INFO - Started process (PID=1184) to work on /home/airflow/.local/lib/python3.8/site-packages/airflow/example_dags/example_short_circuit_operator.py
[2025-08-19T22:00:19.730+0000] {processor.py:830} INFO - Processing file /home/airflow/.local/lib/python3.8/site-packages/airflow/example_dags/example_short_circuit_operator.py for tasks to queue
[2025-08-19T22:00:19.731+0000] {logging_mixin.py:188} INFO - [2025-08-19T22:00:19.731+0000] {dagbag.py:538} INFO - Filling up the DagBag from /home/airflow/.local/lib/python3.8/site-packages/airflow/example_dags/example_short_circuit_operator.py
[2025-08-19T22:00:19.735+0000] {processor.py:840} INFO - DAG(s) 'example_short_circuit_operator' retrieved from /home/airflow/.local/lib/python3.8/site-packages/airflow/example_dags/example_short_circuit_operator.py
[2025-08-19T22:00:19.745+0000] {logging_mixin.py:188} INFO - [2025-08-19T22:00:19.745+0000] {dag.py:3036} INFO - Sync 1 DAGs
[2025-08-19T22:00:19.755+0000] {logging_mixin.py:188} INFO - [2025-08-19T22:00:19.754+0000] {dag.py:3823} INFO - Setting next_dagrun for example_short_circuit_operator to 2025-08-18 00:00:00+00:00, run_after=2025-08-19 00:00:00+00:00
[2025-08-19T22:00:19.762+0000] {processor.py:183} INFO - Processing /home/airflow/.local/lib/python3.8/site-packages/airflow/example_dags/example_short_circuit_operator.py took 0.035 seconds
[2025-08-19T22:00:50.258+0000] {processor.py:161} INFO - Started process (PID=1240) to work on /home/airflow/.local/lib/python3.8/site-packages/airflow/example_dags/example_short_circuit_operator.py
[2025-08-19T22:00:50.259+0000] {processor.py:830} INFO - Processing file /home/airflow/.local/lib/python3.8/site-packages/airflow/example_dags/example_short_circuit_operator.py for tasks to queue
[2025-08-19T22:00:50.261+0000] {logging_mixin.py:188} INFO - [2025-08-19T22:00:50.260+0000] {dagbag.py:538} INFO - Filling up the DagBag from /home/airflow/.local/lib/python3.8/site-packages/airflow/example_dags/example_short_circuit_operator.py
[2025-08-19T22:00:50.265+0000] {processor.py:840} INFO - DAG(s) 'example_short_circuit_operator' retrieved from /home/airflow/.local/lib/python3.8/site-packages/airflow/example_dags/example_short_circuit_operator.py
[2025-08-19T22:00:50.277+0000] {logging_mixin.py:188} INFO - [2025-08-19T22:00:50.277+0000] {dag.py:3036} INFO - Sync 1 DAGs
[2025-08-19T22:00:50.287+0000] {logging_mixin.py:188} INFO - [2025-08-19T22:00:50.287+0000] {dag.py:3823} INFO - Setting next_dagrun for example_short_circuit_operator to 2025-08-18 00:00:00+00:00, run_after=2025-08-19 00:00:00+00:00
[2025-08-19T22:00:50.295+0000] {processor.py:183} INFO - Processing /home/airflow/.local/lib/python3.8/site-packages/airflow/example_dags/example_short_circuit_operator.py took 0.038 seconds
[2025-08-19T22:01:21.075+0000] {processor.py:161} INFO - Started process (PID=1296) to work on /home/airflow/.local/lib/python3.8/site-packages/airflow/example_dags/example_short_circuit_operator.py
[2025-08-19T22:01:21.077+0000] {processor.py:830} INFO - Processing file /home/airflow/.local/lib/python3.8/site-packages/airflow/example_dags/example_short_circuit_operator.py for tasks to queue
[2025-08-19T22:01:21.079+0000] {logging_mixin.py:188} INFO - [2025-08-19T22:01:21.079+0000] {dagbag.py:538} INFO - Filling up the DagBag from /home/airflow/.local/lib/python3.8/site-packages/airflow/example_dags/example_short_circuit_operator.py
[2025-08-19T22:01:21.084+0000] {processor.py:840} INFO - DAG(s) 'example_short_circuit_operator' retrieved from /home/airflow/.local/lib/python3.8/site-packages/airflow/example_dags/example_short_circuit_operator.py
[2025-08-19T22:01:21.098+0000] {logging_mixin.py:188} INFO - [2025-08-19T22:01:21.098+0000] {dag.py:3036} INFO - Sync 1 DAGs
[2025-08-19T22:01:21.111+0000] {logging_mixin.py:188} INFO - [2025-08-19T22:01:21.111+0000] {dag.py:3823} INFO - Setting next_dagrun for example_short_circuit_operator to 2025-08-18 00:00:00+00:00, run_after=2025-08-19 00:00:00+00:00
[2025-08-19T22:01:21.122+0000] {processor.py:183} INFO - Processing /home/airflow/.local/lib/python3.8/site-packages/airflow/example_dags/example_short_circuit_operator.py took 0.056 seconds
[2025-08-19T22:01:51.170+0000] {processor.py:161} INFO - Started process (PID=1352) to work on /home/airflow/.local/lib/python3.8/site-packages/airflow/example_dags/example_short_circuit_operator.py
[2025-08-19T22:01:51.171+0000] {processor.py:830} INFO - Processing file /home/airflow/.local/lib/python3.8/site-packages/airflow/example_dags/example_short_circuit_operator.py for tasks to queue
[2025-08-19T22:01:51.172+0000] {logging_mixin.py:188} INFO - [2025-08-19T22:01:51.172+0000] {dagbag.py:538} INFO - Filling up the DagBag from /home/airflow/.local/lib/python3.8/site-packages/airflow/example_dags/example_short_circuit_operator.py
[2025-08-19T22:01:51.176+0000] {processor.py:840} INFO - DAG(s) 'example_short_circuit_operator' retrieved from /home/airflow/.local/lib/python3.8/site-packages/airflow/example_dags/example_short_circuit_operator.py
[2025-08-19T22:01:51.190+0000] {logging_mixin.py:188} INFO - [2025-08-19T22:01:51.190+0000] {dag.py:3036} INFO - Sync 1 DAGs
[2025-08-19T22:01:51.199+0000] {logging_mixin.py:188} INFO - [2025-08-19T22:01:51.199+0000] {dag.py:3823} INFO - Setting next_dagrun for example_short_circuit_operator to 2025-08-18 00:00:00+00:00, run_after=2025-08-19 00:00:00+00:00
[2025-08-19T22:01:51.210+0000] {processor.py:183} INFO - Processing /home/airflow/.local/lib/python3.8/site-packages/airflow/example_dags/example_short_circuit_operator.py took 0.041 seconds
[2025-08-19T22:02:22.131+0000] {processor.py:161} INFO - Started process (PID=1408) to work on /home/airflow/.local/lib/python3.8/site-packages/airflow/example_dags/example_short_circuit_operator.py
[2025-08-19T22:02:22.132+0000] {processor.py:830} INFO - Processing file /home/airflow/.local/lib/python3.8/site-packages/airflow/example_dags/example_short_circuit_operator.py for tasks to queue
[2025-08-19T22:02:22.132+0000] {logging_mixin.py:188} INFO - [2025-08-19T22:02:22.132+0000] {dagbag.py:538} INFO - Filling up the DagBag from /home/airflow/.local/lib/python3.8/site-packages/airflow/example_dags/example_short_circuit_operator.py
[2025-08-19T22:02:22.137+0000] {processor.py:840} INFO - DAG(s) 'example_short_circuit_operator' retrieved from /home/airflow/.local/lib/python3.8/site-packages/airflow/example_dags/example_short_circuit_operator.py
[2025-08-19T22:02:22.145+0000] {logging_mixin.py:188} INFO - [2025-08-19T22:02:22.145+0000] {dag.py:3036} INFO - Sync 1 DAGs
[2025-08-19T22:02:22.155+0000] {logging_mixin.py:188} INFO - [2025-08-19T22:02:22.155+0000] {dag.py:3823} INFO - Setting next_dagrun for example_short_circuit_operator to 2025-08-18 00:00:00+00:00, run_after=2025-08-19 00:00:00+00:00
[2025-08-19T22:02:22.162+0000] {processor.py:183} INFO - Processing /home/airflow/.local/lib/python3.8/site-packages/airflow/example_dags/example_short_circuit_operator.py took 0.033 seconds
[2025-08-19T22:02:53.021+0000] {processor.py:161} INFO - Started process (PID=1464) to work on /home/airflow/.local/lib/python3.8/site-packages/airflow/example_dags/example_short_circuit_operator.py
[2025-08-19T22:02:53.022+0000] {processor.py:830} INFO - Processing file /home/airflow/.local/lib/python3.8/site-packages/airflow/example_dags/example_short_circuit_operator.py for tasks to queue
[2025-08-19T22:02:53.023+0000] {logging_mixin.py:188} INFO - [2025-08-19T22:02:53.023+0000] {dagbag.py:538} INFO - Filling up the DagBag from /home/airflow/.local/lib/python3.8/site-packages/airflow/example_dags/example_short_circuit_operator.py
[2025-08-19T22:02:53.027+0000] {processor.py:840} INFO - DAG(s) 'example_short_circuit_operator' retrieved from /home/airflow/.local/lib/python3.8/site-packages/airflow/example_dags/example_short_circuit_operator.py
[2025-08-19T22:02:53.038+0000] {logging_mixin.py:188} INFO - [2025-08-19T22:02:53.038+0000] {dag.py:3036} INFO - Sync 1 DAGs
[2025-08-19T22:02:53.046+0000] {logging_mixin.py:188} INFO - [2025-08-19T22:02:53.046+0000] {dag.py:3823} INFO - Setting next_dagrun for example_short_circuit_operator to 2025-08-18 00:00:00+00:00, run_after=2025-08-19 00:00:00+00:00
[2025-08-19T22:02:53.054+0000] {processor.py:183} INFO - Processing /home/airflow/.local/lib/python3.8/site-packages/airflow/example_dags/example_short_circuit_operator.py took 0.035 seconds
[2025-08-19T22:03:23.968+0000] {processor.py:161} INFO - Started process (PID=1520) to work on /home/airflow/.local/lib/python3.8/site-packages/airflow/example_dags/example_short_circuit_operator.py
[2025-08-19T22:03:23.971+0000] {processor.py:830} INFO - Processing file /home/airflow/.local/lib/python3.8/site-packages/airflow/example_dags/example_short_circuit_operator.py for tasks to queue
[2025-08-19T22:03:23.973+0000] {logging_mixin.py:188} INFO - [2025-08-19T22:03:23.973+0000] {dagbag.py:538} INFO - Filling up the DagBag from /home/airflow/.local/lib/python3.8/site-packages/airflow/example_dags/example_short_circuit_operator.py
[2025-08-19T22:03:23.977+0000] {processor.py:840} INFO - DAG(s) 'example_short_circuit_operator' retrieved from /home/airflow/.local/lib/python3.8/site-packages/airflow/example_dags/example_short_circuit_operator.py
[2025-08-19T22:03:23.996+0000] {logging_mixin.py:188} INFO - [2025-08-19T22:03:23.996+0000] {dag.py:3036} INFO - Sync 1 DAGs
[2025-08-19T22:03:24.006+0000] {logging_mixin.py:188} INFO - [2025-08-19T22:03:24.006+0000] {dag.py:3823} INFO - Setting next_dagrun for example_short_circuit_operator to 2025-08-18 00:00:00+00:00, run_after=2025-08-19 00:00:00+00:00
[2025-08-19T22:03:24.016+0000] {processor.py:183} INFO - Processing /home/airflow/.local/lib/python3.8/site-packages/airflow/example_dags/example_short_circuit_operator.py took 0.050 seconds
[2025-08-19T22:03:54.782+0000] {processor.py:161} INFO - Started process (PID=1576) to work on /home/airflow/.local/lib/python3.8/site-packages/airflow/example_dags/example_short_circuit_operator.py
[2025-08-19T22:03:54.782+0000] {processor.py:830} INFO - Processing file /home/airflow/.local/lib/python3.8/site-packages/airflow/example_dags/example_short_circuit_operator.py for tasks to queue
[2025-08-19T22:03:54.784+0000] {logging_mixin.py:188} INFO - [2025-08-19T22:03:54.783+0000] {dagbag.py:538} INFO - Filling up the DagBag from /home/airflow/.local/lib/python3.8/site-packages/airflow/example_dags/example_short_circuit_operator.py
[2025-08-19T22:03:54.787+0000] {processor.py:840} INFO - DAG(s) 'example_short_circuit_operator' retrieved from /home/airflow/.local/lib/python3.8/site-packages/airflow/example_dags/example_short_circuit_operator.py
[2025-08-19T22:03:54.799+0000] {logging_mixin.py:188} INFO - [2025-08-19T22:03:54.799+0000] {dag.py:3036} INFO - Sync 1 DAGs
[2025-08-19T22:03:54.808+0000] {logging_mixin.py:188} INFO - [2025-08-19T22:03:54.808+0000] {dag.py:3823} INFO - Setting next_dagrun for example_short_circuit_operator to 2025-08-18 00:00:00+00:00, run_after=2025-08-19 00:00:00+00:00
[2025-08-19T22:03:54.821+0000] {processor.py:183} INFO - Processing /home/airflow/.local/lib/python3.8/site-packages/airflow/example_dags/example_short_circuit_operator.py took 0.041 seconds
[2025-08-19T22:04:25.371+0000] {processor.py:161} INFO - Started process (PID=1632) to work on /home/airflow/.local/lib/python3.8/site-packages/airflow/example_dags/example_short_circuit_operator.py
[2025-08-19T22:04:25.371+0000] {processor.py:830} INFO - Processing file /home/airflow/.local/lib/python3.8/site-packages/airflow/example_dags/example_short_circuit_operator.py for tasks to queue
[2025-08-19T22:04:25.372+0000] {logging_mixin.py:188} INFO - [2025-08-19T22:04:25.372+0000] {dagbag.py:538} INFO - Filling up the DagBag from /home/airflow/.local/lib/python3.8/site-packages/airflow/example_dags/example_short_circuit_operator.py
[2025-08-19T22:04:25.375+0000] {processor.py:840} INFO - DAG(s) 'example_short_circuit_operator' retrieved from /home/airflow/.local/lib/python3.8/site-packages/airflow/example_dags/example_short_circuit_operator.py
[2025-08-19T22:04:25.384+0000] {logging_mixin.py:188} INFO - [2025-08-19T22:04:25.384+0000] {dag.py:3036} INFO - Sync 1 DAGs
[2025-08-19T22:04:25.392+0000] {logging_mixin.py:188} INFO - [2025-08-19T22:04:25.392+0000] {dag.py:3823} INFO - Setting next_dagrun for example_short_circuit_operator to 2025-08-18 00:00:00+00:00, run_after=2025-08-19 00:00:00+00:00
[2025-08-19T22:04:25.399+0000] {processor.py:183} INFO - Processing /home/airflow/.local/lib/python3.8/site-packages/airflow/example_dags/example_short_circuit_operator.py took 0.030 seconds
[2025-08-19T22:04:55.765+0000] {processor.py:161} INFO - Started process (PID=1688) to work on /home/airflow/.local/lib/python3.8/site-packages/airflow/example_dags/example_short_circuit_operator.py
[2025-08-19T22:04:55.766+0000] {processor.py:830} INFO - Processing file /home/airflow/.local/lib/python3.8/site-packages/airflow/example_dags/example_short_circuit_operator.py for tasks to queue
[2025-08-19T22:04:55.767+0000] {logging_mixin.py:188} INFO - [2025-08-19T22:04:55.767+0000] {dagbag.py:538} INFO - Filling up the DagBag from /home/airflow/.local/lib/python3.8/site-packages/airflow/example_dags/example_short_circuit_operator.py
[2025-08-19T22:04:55.770+0000] {processor.py:840} INFO - DAG(s) 'example_short_circuit_operator' retrieved from /home/airflow/.local/lib/python3.8/site-packages/airflow/example_dags/example_short_circuit_operator.py
[2025-08-19T22:04:55.779+0000] {logging_mixin.py:188} INFO - [2025-08-19T22:04:55.779+0000] {dag.py:3036} INFO - Sync 1 DAGs
[2025-08-19T22:04:55.788+0000] {logging_mixin.py:188} INFO - [2025-08-19T22:04:55.788+0000] {dag.py:3823} INFO - Setting next_dagrun for example_short_circuit_operator to 2025-08-18 00:00:00+00:00, run_after=2025-08-19 00:00:00+00:00
[2025-08-19T22:04:55.797+0000] {processor.py:183} INFO - Processing /home/airflow/.local/lib/python3.8/site-packages/airflow/example_dags/example_short_circuit_operator.py took 0.033 seconds
[2025-08-19T22:05:26.277+0000] {processor.py:161} INFO - Started process (PID=1744) to work on /home/airflow/.local/lib/python3.8/site-packages/airflow/example_dags/example_short_circuit_operator.py
[2025-08-19T22:05:26.278+0000] {processor.py:830} INFO - Processing file /home/airflow/.local/lib/python3.8/site-packages/airflow/example_dags/example_short_circuit_operator.py for tasks to queue
[2025-08-19T22:05:26.279+0000] {logging_mixin.py:188} INFO - [2025-08-19T22:05:26.278+0000] {dagbag.py:538} INFO - Filling up the DagBag from /home/airflow/.local/lib/python3.8/site-packages/airflow/example_dags/example_short_circuit_operator.py
[2025-08-19T22:05:26.282+0000] {processor.py:840} INFO - DAG(s) 'example_short_circuit_operator' retrieved from /home/airflow/.local/lib/python3.8/site-packages/airflow/example_dags/example_short_circuit_operator.py
[2025-08-19T22:05:26.291+0000] {logging_mixin.py:188} INFO - [2025-08-19T22:05:26.291+0000] {dag.py:3036} INFO - Sync 1 DAGs
[2025-08-19T22:05:26.300+0000] {logging_mixin.py:188} INFO - [2025-08-19T22:05:26.300+0000] {dag.py:3823} INFO - Setting next_dagrun for example_short_circuit_operator to 2025-08-18 00:00:00+00:00, run_after=2025-08-19 00:00:00+00:00
[2025-08-19T22:05:26.309+0000] {processor.py:183} INFO - Processing /home/airflow/.local/lib/python3.8/site-packages/airflow/example_dags/example_short_circuit_operator.py took 0.033 seconds
[2025-08-19T22:05:56.364+0000] {processor.py:161} INFO - Started process (PID=1800) to work on /home/airflow/.local/lib/python3.8/site-packages/airflow/example_dags/example_short_circuit_operator.py
[2025-08-19T22:05:56.365+0000] {processor.py:830} INFO - Processing file /home/airflow/.local/lib/python3.8/site-packages/airflow/example_dags/example_short_circuit_operator.py for tasks to queue
[2025-08-19T22:05:56.366+0000] {logging_mixin.py:188} INFO - [2025-08-19T22:05:56.365+0000] {dagbag.py:538} INFO - Filling up the DagBag from /home/airflow/.local/lib/python3.8/site-packages/airflow/example_dags/example_short_circuit_operator.py
[2025-08-19T22:05:56.369+0000] {processor.py:840} INFO - DAG(s) 'example_short_circuit_operator' retrieved from /home/airflow/.local/lib/python3.8/site-packages/airflow/example_dags/example_short_circuit_operator.py
[2025-08-19T22:05:56.377+0000] {logging_mixin.py:188} INFO - [2025-08-19T22:05:56.377+0000] {dag.py:3036} INFO - Sync 1 DAGs
[2025-08-19T22:05:56.385+0000] {logging_mixin.py:188} INFO - [2025-08-19T22:05:56.385+0000] {dag.py:3823} INFO - Setting next_dagrun for example_short_circuit_operator to 2025-08-18 00:00:00+00:00, run_after=2025-08-19 00:00:00+00:00
[2025-08-19T22:05:56.391+0000] {processor.py:183} INFO - Processing /home/airflow/.local/lib/python3.8/site-packages/airflow/example_dags/example_short_circuit_operator.py took 0.029 seconds
[2025-08-19T22:06:26.797+0000] {processor.py:161} INFO - Started process (PID=1856) to work on /home/airflow/.local/lib/python3.8/site-packages/airflow/example_dags/example_short_circuit_operator.py
[2025-08-19T22:06:26.798+0000] {processor.py:830} INFO - Processing file /home/airflow/.local/lib/python3.8/site-packages/airflow/example_dags/example_short_circuit_operator.py for tasks to queue
[2025-08-19T22:06:26.799+0000] {logging_mixin.py:188} INFO - [2025-08-19T22:06:26.799+0000] {dagbag.py:538} INFO - Filling up the DagBag from /home/airflow/.local/lib/python3.8/site-packages/airflow/example_dags/example_short_circuit_operator.py
[2025-08-19T22:06:26.802+0000] {processor.py:840} INFO - DAG(s) 'example_short_circuit_operator' retrieved from /home/airflow/.local/lib/python3.8/site-packages/airflow/example_dags/example_short_circuit_operator.py
[2025-08-19T22:06:26.810+0000] {logging_mixin.py:188} INFO - [2025-08-19T22:06:26.810+0000] {dag.py:3036} INFO - Sync 1 DAGs
[2025-08-19T22:06:26.818+0000] {logging_mixin.py:188} INFO - [2025-08-19T22:06:26.818+0000] {dag.py:3823} INFO - Setting next_dagrun for example_short_circuit_operator to 2025-08-18 00:00:00+00:00, run_after=2025-08-19 00:00:00+00:00
[2025-08-19T22:06:26.825+0000] {processor.py:183} INFO - Processing /home/airflow/.local/lib/python3.8/site-packages/airflow/example_dags/example_short_circuit_operator.py took 0.029 seconds
[2025-08-19T22:06:57.362+0000] {processor.py:161} INFO - Started process (PID=1912) to work on /home/airflow/.local/lib/python3.8/site-packages/airflow/example_dags/example_short_circuit_operator.py
[2025-08-19T22:06:57.363+0000] {processor.py:830} INFO - Processing file /home/airflow/.local/lib/python3.8/site-packages/airflow/example_dags/example_short_circuit_operator.py for tasks to queue
[2025-08-19T22:06:57.365+0000] {logging_mixin.py:188} INFO - [2025-08-19T22:06:57.365+0000] {dagbag.py:538} INFO - Filling up the DagBag from /home/airflow/.local/lib/python3.8/site-packages/airflow/example_dags/example_short_circuit_operator.py
[2025-08-19T22:06:57.369+0000] {processor.py:840} INFO - DAG(s) 'example_short_circuit_operator' retrieved from /home/airflow/.local/lib/python3.8/site-packages/airflow/example_dags/example_short_circuit_operator.py
[2025-08-19T22:06:57.378+0000] {logging_mixin.py:188} INFO - [2025-08-19T22:06:57.378+0000] {dag.py:3036} INFO - Sync 1 DAGs
[2025-08-19T22:06:57.388+0000] {logging_mixin.py:188} INFO - [2025-08-19T22:06:57.388+0000] {dag.py:3823} INFO - Setting next_dagrun for example_short_circuit_operator to 2025-08-18 00:00:00+00:00, run_after=2025-08-19 00:00:00+00:00
[2025-08-19T22:06:57.397+0000] {processor.py:183} INFO - Processing /home/airflow/.local/lib/python3.8/site-packages/airflow/example_dags/example_short_circuit_operator.py took 0.036 seconds
[2025-08-19T22:07:27.499+0000] {processor.py:161} INFO - Started process (PID=1968) to work on /home/airflow/.local/lib/python3.8/site-packages/airflow/example_dags/example_short_circuit_operator.py
[2025-08-19T22:07:27.503+0000] {processor.py:830} INFO - Processing file /home/airflow/.local/lib/python3.8/site-packages/airflow/example_dags/example_short_circuit_operator.py for tasks to queue
[2025-08-19T22:07:27.505+0000] {logging_mixin.py:188} INFO - [2025-08-19T22:07:27.505+0000] {dagbag.py:538} INFO - Filling up the DagBag from /home/airflow/.local/lib/python3.8/site-packages/airflow/example_dags/example_short_circuit_operator.py
[2025-08-19T22:07:27.510+0000] {processor.py:840} INFO - DAG(s) 'example_short_circuit_operator' retrieved from /home/airflow/.local/lib/python3.8/site-packages/airflow/example_dags/example_short_circuit_operator.py
[2025-08-19T22:07:27.526+0000] {logging_mixin.py:188} INFO - [2025-08-19T22:07:27.526+0000] {dag.py:3036} INFO - Sync 1 DAGs
[2025-08-19T22:07:27.535+0000] {logging_mixin.py:188} INFO - [2025-08-19T22:07:27.535+0000] {dag.py:3823} INFO - Setting next_dagrun for example_short_circuit_operator to 2025-08-18 00:00:00+00:00, run_after=2025-08-19 00:00:00+00:00
[2025-08-19T22:07:27.548+0000] {processor.py:183} INFO - Processing /home/airflow/.local/lib/python3.8/site-packages/airflow/example_dags/example_short_circuit_operator.py took 0.050 seconds
[2025-08-19T22:07:58.155+0000] {processor.py:161} INFO - Started process (PID=2024) to work on /home/airflow/.local/lib/python3.8/site-packages/airflow/example_dags/example_short_circuit_operator.py
[2025-08-19T22:07:58.155+0000] {processor.py:830} INFO - Processing file /home/airflow/.local/lib/python3.8/site-packages/airflow/example_dags/example_short_circuit_operator.py for tasks to queue
[2025-08-19T22:07:58.157+0000] {logging_mixin.py:188} INFO - [2025-08-19T22:07:58.156+0000] {dagbag.py:538} INFO - Filling up the DagBag from /home/airflow/.local/lib/python3.8/site-packages/airflow/example_dags/example_short_circuit_operator.py
[2025-08-19T22:07:58.161+0000] {processor.py:840} INFO - DAG(s) 'example_short_circuit_operator' retrieved from /home/airflow/.local/lib/python3.8/site-packages/airflow/example_dags/example_short_circuit_operator.py
[2025-08-19T22:07:58.171+0000] {logging_mixin.py:188} INFO - [2025-08-19T22:07:58.171+0000] {dag.py:3036} INFO - Sync 1 DAGs
[2025-08-19T22:07:58.181+0000] {logging_mixin.py:188} INFO - [2025-08-19T22:07:58.180+0000] {dag.py:3823} INFO - Setting next_dagrun for example_short_circuit_operator to 2025-08-18 00:00:00+00:00, run_after=2025-08-19 00:00:00+00:00
[2025-08-19T22:07:58.194+0000] {processor.py:183} INFO - Processing /home/airflow/.local/lib/python3.8/site-packages/airflow/example_dags/example_short_circuit_operator.py took 0.041 seconds
[2025-08-19T22:08:28.978+0000] {processor.py:161} INFO - Started process (PID=2080) to work on /home/airflow/.local/lib/python3.8/site-packages/airflow/example_dags/example_short_circuit_operator.py
[2025-08-19T22:08:28.979+0000] {processor.py:830} INFO - Processing file /home/airflow/.local/lib/python3.8/site-packages/airflow/example_dags/example_short_circuit_operator.py for tasks to queue
[2025-08-19T22:08:28.981+0000] {logging_mixin.py:188} INFO - [2025-08-19T22:08:28.981+0000] {dagbag.py:538} INFO - Filling up the DagBag from /home/airflow/.local/lib/python3.8/site-packages/airflow/example_dags/example_short_circuit_operator.py
[2025-08-19T22:08:28.984+0000] {processor.py:840} INFO - DAG(s) 'example_short_circuit_operator' retrieved from /home/airflow/.local/lib/python3.8/site-packages/airflow/example_dags/example_short_circuit_operator.py
[2025-08-19T22:08:28.996+0000] {logging_mixin.py:188} INFO - [2025-08-19T22:08:28.996+0000] {dag.py:3036} INFO - Sync 1 DAGs
[2025-08-19T22:08:29.006+0000] {logging_mixin.py:188} INFO - [2025-08-19T22:08:29.006+0000] {dag.py:3823} INFO - Setting next_dagrun for example_short_circuit_operator to 2025-08-18 00:00:00+00:00, run_after=2025-08-19 00:00:00+00:00
[2025-08-19T22:08:29.015+0000] {processor.py:183} INFO - Processing /home/airflow/.local/lib/python3.8/site-packages/airflow/example_dags/example_short_circuit_operator.py took 0.039 seconds
[2025-08-19T22:08:59.581+0000] {processor.py:161} INFO - Started process (PID=2136) to work on /home/airflow/.local/lib/python3.8/site-packages/airflow/example_dags/example_short_circuit_operator.py
[2025-08-19T22:08:59.581+0000] {processor.py:830} INFO - Processing file /home/airflow/.local/lib/python3.8/site-packages/airflow/example_dags/example_short_circuit_operator.py for tasks to queue
[2025-08-19T22:08:59.582+0000] {logging_mixin.py:188} INFO - [2025-08-19T22:08:59.582+0000] {dagbag.py:538} INFO - Filling up the DagBag from /home/airflow/.local/lib/python3.8/site-packages/airflow/example_dags/example_short_circuit_operator.py
[2025-08-19T22:08:59.585+0000] {processor.py:840} INFO - DAG(s) 'example_short_circuit_operator' retrieved from /home/airflow/.local/lib/python3.8/site-packages/airflow/example_dags/example_short_circuit_operator.py
[2025-08-19T22:08:59.593+0000] {logging_mixin.py:188} INFO - [2025-08-19T22:08:59.593+0000] {dag.py:3036} INFO - Sync 1 DAGs
[2025-08-19T22:08:59.599+0000] {logging_mixin.py:188} INFO - [2025-08-19T22:08:59.599+0000] {dag.py:3823} INFO - Setting next_dagrun for example_short_circuit_operator to 2025-08-18 00:00:00+00:00, run_after=2025-08-19 00:00:00+00:00
[2025-08-19T22:08:59.605+0000] {processor.py:183} INFO - Processing /home/airflow/.local/lib/python3.8/site-packages/airflow/example_dags/example_short_circuit_operator.py took 0.025 seconds
[2025-08-19T22:09:30.234+0000] {processor.py:161} INFO - Started process (PID=2192) to work on /home/airflow/.local/lib/python3.8/site-packages/airflow/example_dags/example_short_circuit_operator.py
[2025-08-19T22:09:30.235+0000] {processor.py:830} INFO - Processing file /home/airflow/.local/lib/python3.8/site-packages/airflow/example_dags/example_short_circuit_operator.py for tasks to queue
[2025-08-19T22:09:30.236+0000] {logging_mixin.py:188} INFO - [2025-08-19T22:09:30.236+0000] {dagbag.py:538} INFO - Filling up the DagBag from /home/airflow/.local/lib/python3.8/site-packages/airflow/example_dags/example_short_circuit_operator.py
[2025-08-19T22:09:30.239+0000] {processor.py:840} INFO - DAG(s) 'example_short_circuit_operator' retrieved from /home/airflow/.local/lib/python3.8/site-packages/airflow/example_dags/example_short_circuit_operator.py
[2025-08-19T22:09:30.250+0000] {logging_mixin.py:188} INFO - [2025-08-19T22:09:30.250+0000] {dag.py:3036} INFO - Sync 1 DAGs
[2025-08-19T22:09:30.262+0000] {logging_mixin.py:188} INFO - [2025-08-19T22:09:30.262+0000] {dag.py:3823} INFO - Setting next_dagrun for example_short_circuit_operator to 2025-08-18 00:00:00+00:00, run_after=2025-08-19 00:00:00+00:00
[2025-08-19T22:09:30.277+0000] {processor.py:183} INFO - Processing /home/airflow/.local/lib/python3.8/site-packages/airflow/example_dags/example_short_circuit_operator.py took 0.045 seconds
[2025-08-19T22:10:00.830+0000] {processor.py:161} INFO - Started process (PID=2248) to work on /home/airflow/.local/lib/python3.8/site-packages/airflow/example_dags/example_short_circuit_operator.py
[2025-08-19T22:10:00.832+0000] {processor.py:830} INFO - Processing file /home/airflow/.local/lib/python3.8/site-packages/airflow/example_dags/example_short_circuit_operator.py for tasks to queue
[2025-08-19T22:10:00.833+0000] {logging_mixin.py:188} INFO - [2025-08-19T22:10:00.833+0000] {dagbag.py:538} INFO - Filling up the DagBag from /home/airflow/.local/lib/python3.8/site-packages/airflow/example_dags/example_short_circuit_operator.py
[2025-08-19T22:10:00.836+0000] {processor.py:840} INFO - DAG(s) 'example_short_circuit_operator' retrieved from /home/airflow/.local/lib/python3.8/site-packages/airflow/example_dags/example_short_circuit_operator.py
[2025-08-19T22:10:00.847+0000] {logging_mixin.py:188} INFO - [2025-08-19T22:10:00.847+0000] {dag.py:3036} INFO - Sync 1 DAGs
[2025-08-19T22:10:00.858+0000] {logging_mixin.py:188} INFO - [2025-08-19T22:10:00.858+0000] {dag.py:3823} INFO - Setting next_dagrun for example_short_circuit_operator to 2025-08-18 00:00:00+00:00, run_after=2025-08-19 00:00:00+00:00
[2025-08-19T22:10:00.868+0000] {processor.py:183} INFO - Processing /home/airflow/.local/lib/python3.8/site-packages/airflow/example_dags/example_short_circuit_operator.py took 0.039 seconds
[2025-08-19T22:10:31.466+0000] {processor.py:161} INFO - Started process (PID=2304) to work on /home/airflow/.local/lib/python3.8/site-packages/airflow/example_dags/example_short_circuit_operator.py
[2025-08-19T22:10:31.467+0000] {processor.py:830} INFO - Processing file /home/airflow/.local/lib/python3.8/site-packages/airflow/example_dags/example_short_circuit_operator.py for tasks to queue
[2025-08-19T22:10:31.468+0000] {logging_mixin.py:188} INFO - [2025-08-19T22:10:31.468+0000] {dagbag.py:538} INFO - Filling up the DagBag from /home/airflow/.local/lib/python3.8/site-packages/airflow/example_dags/example_short_circuit_operator.py
[2025-08-19T22:10:31.472+0000] {processor.py:840} INFO - DAG(s) 'example_short_circuit_operator' retrieved from /home/airflow/.local/lib/python3.8/site-packages/airflow/example_dags/example_short_circuit_operator.py
[2025-08-19T22:10:31.481+0000] {logging_mixin.py:188} INFO - [2025-08-19T22:10:31.481+0000] {dag.py:3036} INFO - Sync 1 DAGs
[2025-08-19T22:10:31.489+0000] {logging_mixin.py:188} INFO - [2025-08-19T22:10:31.489+0000] {dag.py:3823} INFO - Setting next_dagrun for example_short_circuit_operator to 2025-08-18 00:00:00+00:00, run_after=2025-08-19 00:00:00+00:00
[2025-08-19T22:10:31.503+0000] {processor.py:183} INFO - Processing /home/airflow/.local/lib/python3.8/site-packages/airflow/example_dags/example_short_circuit_operator.py took 0.039 seconds
[2025-08-19T22:11:02.189+0000] {processor.py:161} INFO - Started process (PID=2360) to work on /home/airflow/.local/lib/python3.8/site-packages/airflow/example_dags/example_short_circuit_operator.py
[2025-08-19T22:11:02.189+0000] {processor.py:830} INFO - Processing file /home/airflow/.local/lib/python3.8/site-packages/airflow/example_dags/example_short_circuit_operator.py for tasks to queue
[2025-08-19T22:11:02.190+0000] {logging_mixin.py:188} INFO - [2025-08-19T22:11:02.190+0000] {dagbag.py:538} INFO - Filling up the DagBag from /home/airflow/.local/lib/python3.8/site-packages/airflow/example_dags/example_short_circuit_operator.py
[2025-08-19T22:11:02.193+0000] {processor.py:840} INFO - DAG(s) 'example_short_circuit_operator' retrieved from /home/airflow/.local/lib/python3.8/site-packages/airflow/example_dags/example_short_circuit_operator.py
[2025-08-19T22:11:02.203+0000] {logging_mixin.py:188} INFO - [2025-08-19T22:11:02.202+0000] {dag.py:3036} INFO - Sync 1 DAGs
[2025-08-19T22:11:02.210+0000] {logging_mixin.py:188} INFO - [2025-08-19T22:11:02.210+0000] {dag.py:3823} INFO - Setting next_dagrun for example_short_circuit_operator to 2025-08-18 00:00:00+00:00, run_after=2025-08-19 00:00:00+00:00
[2025-08-19T22:11:02.221+0000] {processor.py:183} INFO - Processing /home/airflow/.local/lib/python3.8/site-packages/airflow/example_dags/example_short_circuit_operator.py took 0.034 seconds
[2025-08-19T22:11:32.676+0000] {processor.py:161} INFO - Started process (PID=2416) to work on /home/airflow/.local/lib/python3.8/site-packages/airflow/example_dags/example_short_circuit_operator.py
[2025-08-19T22:11:32.677+0000] {processor.py:830} INFO - Processing file /home/airflow/.local/lib/python3.8/site-packages/airflow/example_dags/example_short_circuit_operator.py for tasks to queue
[2025-08-19T22:11:32.678+0000] {logging_mixin.py:188} INFO - [2025-08-19T22:11:32.678+0000] {dagbag.py:538} INFO - Filling up the DagBag from /home/airflow/.local/lib/python3.8/site-packages/airflow/example_dags/example_short_circuit_operator.py
[2025-08-19T22:11:32.681+0000] {processor.py:840} INFO - DAG(s) 'example_short_circuit_operator' retrieved from /home/airflow/.local/lib/python3.8/site-packages/airflow/example_dags/example_short_circuit_operator.py
[2025-08-19T22:11:32.690+0000] {logging_mixin.py:188} INFO - [2025-08-19T22:11:32.690+0000] {dag.py:3036} INFO - Sync 1 DAGs
[2025-08-19T22:11:32.699+0000] {logging_mixin.py:188} INFO - [2025-08-19T22:11:32.699+0000] {dag.py:3823} INFO - Setting next_dagrun for example_short_circuit_operator to 2025-08-18 00:00:00+00:00, run_after=2025-08-19 00:00:00+00:00
[2025-08-19T22:11:32.711+0000] {processor.py:183} INFO - Processing /home/airflow/.local/lib/python3.8/site-packages/airflow/example_dags/example_short_circuit_operator.py took 0.037 seconds
[2025-08-19T22:12:03.142+0000] {processor.py:161} INFO - Started process (PID=2472) to work on /home/airflow/.local/lib/python3.8/site-packages/airflow/example_dags/example_short_circuit_operator.py
[2025-08-19T22:12:03.144+0000] {processor.py:830} INFO - Processing file /home/airflow/.local/lib/python3.8/site-packages/airflow/example_dags/example_short_circuit_operator.py for tasks to queue
[2025-08-19T22:12:03.145+0000] {logging_mixin.py:188} INFO - [2025-08-19T22:12:03.145+0000] {dagbag.py:538} INFO - Filling up the DagBag from /home/airflow/.local/lib/python3.8/site-packages/airflow/example_dags/example_short_circuit_operator.py
[2025-08-19T22:12:03.148+0000] {processor.py:840} INFO - DAG(s) 'example_short_circuit_operator' retrieved from /home/airflow/.local/lib/python3.8/site-packages/airflow/example_dags/example_short_circuit_operator.py
[2025-08-19T22:12:03.157+0000] {logging_mixin.py:188} INFO - [2025-08-19T22:12:03.157+0000] {dag.py:3036} INFO - Sync 1 DAGs
[2025-08-19T22:12:03.165+0000] {logging_mixin.py:188} INFO - [2025-08-19T22:12:03.165+0000] {dag.py:3823} INFO - Setting next_dagrun for example_short_circuit_operator to 2025-08-18 00:00:00+00:00, run_after=2025-08-19 00:00:00+00:00
[2025-08-19T22:12:03.174+0000] {processor.py:183} INFO - Processing /home/airflow/.local/lib/python3.8/site-packages/airflow/example_dags/example_short_circuit_operator.py took 0.033 seconds
[2025-08-19T22:12:33.742+0000] {processor.py:161} INFO - Started process (PID=2528) to work on /home/airflow/.local/lib/python3.8/site-packages/airflow/example_dags/example_short_circuit_operator.py
[2025-08-19T22:12:33.743+0000] {processor.py:830} INFO - Processing file /home/airflow/.local/lib/python3.8/site-packages/airflow/example_dags/example_short_circuit_operator.py for tasks to queue
[2025-08-19T22:12:33.744+0000] {logging_mixin.py:188} INFO - [2025-08-19T22:12:33.744+0000] {dagbag.py:538} INFO - Filling up the DagBag from /home/airflow/.local/lib/python3.8/site-packages/airflow/example_dags/example_short_circuit_operator.py
[2025-08-19T22:12:33.747+0000] {processor.py:840} INFO - DAG(s) 'example_short_circuit_operator' retrieved from /home/airflow/.local/lib/python3.8/site-packages/airflow/example_dags/example_short_circuit_operator.py
[2025-08-19T22:12:33.757+0000] {logging_mixin.py:188} INFO - [2025-08-19T22:12:33.757+0000] {dag.py:3036} INFO - Sync 1 DAGs
[2025-08-19T22:12:33.766+0000] {logging_mixin.py:188} INFO - [2025-08-19T22:12:33.766+0000] {dag.py:3823} INFO - Setting next_dagrun for example_short_circuit_operator to 2025-08-18 00:00:00+00:00, run_after=2025-08-19 00:00:00+00:00
[2025-08-19T22:12:33.773+0000] {processor.py:183} INFO - Processing /home/airflow/.local/lib/python3.8/site-packages/airflow/example_dags/example_short_circuit_operator.py took 0.033 seconds
[2025-08-19T22:13:04.278+0000] {processor.py:161} INFO - Started process (PID=2584) to work on /home/airflow/.local/lib/python3.8/site-packages/airflow/example_dags/example_short_circuit_operator.py
[2025-08-19T22:13:04.279+0000] {processor.py:830} INFO - Processing file /home/airflow/.local/lib/python3.8/site-packages/airflow/example_dags/example_short_circuit_operator.py for tasks to queue
[2025-08-19T22:13:04.280+0000] {logging_mixin.py:188} INFO - [2025-08-19T22:13:04.279+0000] {dagbag.py:538} INFO - Filling up the DagBag from /home/airflow/.local/lib/python3.8/site-packages/airflow/example_dags/example_short_circuit_operator.py
[2025-08-19T22:13:04.282+0000] {processor.py:840} INFO - DAG(s) 'example_short_circuit_operator' retrieved from /home/airflow/.local/lib/python3.8/site-packages/airflow/example_dags/example_short_circuit_operator.py
[2025-08-19T22:13:04.291+0000] {logging_mixin.py:188} INFO - [2025-08-19T22:13:04.291+0000] {dag.py:3036} INFO - Sync 1 DAGs
[2025-08-19T22:13:04.298+0000] {logging_mixin.py:188} INFO - [2025-08-19T22:13:04.298+0000] {dag.py:3823} INFO - Setting next_dagrun for example_short_circuit_operator to 2025-08-18 00:00:00+00:00, run_after=2025-08-19 00:00:00+00:00
[2025-08-19T22:13:04.304+0000] {processor.py:183} INFO - Processing /home/airflow/.local/lib/python3.8/site-packages/airflow/example_dags/example_short_circuit_operator.py took 0.027 seconds
[2025-08-19T22:13:34.831+0000] {processor.py:161} INFO - Started process (PID=2640) to work on /home/airflow/.local/lib/python3.8/site-packages/airflow/example_dags/example_short_circuit_operator.py
[2025-08-19T22:13:34.832+0000] {processor.py:830} INFO - Processing file /home/airflow/.local/lib/python3.8/site-packages/airflow/example_dags/example_short_circuit_operator.py for tasks to queue
[2025-08-19T22:13:34.833+0000] {logging_mixin.py:188} INFO - [2025-08-19T22:13:34.833+0000] {dagbag.py:538} INFO - Filling up the DagBag from /home/airflow/.local/lib/python3.8/site-packages/airflow/example_dags/example_short_circuit_operator.py
[2025-08-19T22:13:34.836+0000] {processor.py:840} INFO - DAG(s) 'example_short_circuit_operator' retrieved from /home/airflow/.local/lib/python3.8/site-packages/airflow/example_dags/example_short_circuit_operator.py
[2025-08-19T22:13:34.844+0000] {logging_mixin.py:188} INFO - [2025-08-19T22:13:34.844+0000] {dag.py:3036} INFO - Sync 1 DAGs
[2025-08-19T22:13:34.851+0000] {logging_mixin.py:188} INFO - [2025-08-19T22:13:34.851+0000] {dag.py:3823} INFO - Setting next_dagrun for example_short_circuit_operator to 2025-08-18 00:00:00+00:00, run_after=2025-08-19 00:00:00+00:00
[2025-08-19T22:13:34.856+0000] {processor.py:183} INFO - Processing /home/airflow/.local/lib/python3.8/site-packages/airflow/example_dags/example_short_circuit_operator.py took 0.026 seconds
[2025-08-19T22:20:10.022+0000] {processor.py:161} INFO - Started process (PID=60) to work on /home/airflow/.local/lib/python3.8/site-packages/airflow/example_dags/example_short_circuit_operator.py
[2025-08-19T22:20:10.024+0000] {processor.py:830} INFO - Processing file /home/airflow/.local/lib/python3.8/site-packages/airflow/example_dags/example_short_circuit_operator.py for tasks to queue
[2025-08-19T22:20:10.028+0000] {logging_mixin.py:188} INFO - [2025-08-19T22:20:10.028+0000] {dagbag.py:538} INFO - Filling up the DagBag from /home/airflow/.local/lib/python3.8/site-packages/airflow/example_dags/example_short_circuit_operator.py
[2025-08-19T22:20:10.036+0000] {processor.py:840} INFO - DAG(s) 'example_short_circuit_operator' retrieved from /home/airflow/.local/lib/python3.8/site-packages/airflow/example_dags/example_short_circuit_operator.py
[2025-08-19T22:20:10.048+0000] {logging_mixin.py:188} INFO - [2025-08-19T22:20:10.047+0000] {dag.py:3036} INFO - Sync 1 DAGs
[2025-08-19T22:20:10.071+0000] {logging_mixin.py:188} INFO - [2025-08-19T22:20:10.071+0000] {dag.py:3823} INFO - Setting next_dagrun for example_short_circuit_operator to 2025-08-18 00:00:00+00:00, run_after=2025-08-19 00:00:00+00:00
[2025-08-19T22:20:10.088+0000] {processor.py:183} INFO - Processing /home/airflow/.local/lib/python3.8/site-packages/airflow/example_dags/example_short_circuit_operator.py took 0.073 seconds
[2025-08-19T22:20:40.180+0000] {processor.py:161} INFO - Started process (PID=116) to work on /home/airflow/.local/lib/python3.8/site-packages/airflow/example_dags/example_short_circuit_operator.py
[2025-08-19T22:20:40.182+0000] {processor.py:830} INFO - Processing file /home/airflow/.local/lib/python3.8/site-packages/airflow/example_dags/example_short_circuit_operator.py for tasks to queue
[2025-08-19T22:20:40.183+0000] {logging_mixin.py:188} INFO - [2025-08-19T22:20:40.183+0000] {dagbag.py:538} INFO - Filling up the DagBag from /home/airflow/.local/lib/python3.8/site-packages/airflow/example_dags/example_short_circuit_operator.py
[2025-08-19T22:20:40.187+0000] {processor.py:840} INFO - DAG(s) 'example_short_circuit_operator' retrieved from /home/airflow/.local/lib/python3.8/site-packages/airflow/example_dags/example_short_circuit_operator.py
[2025-08-19T22:20:40.225+0000] {logging_mixin.py:188} INFO - [2025-08-19T22:20:40.224+0000] {dag.py:3036} INFO - Sync 1 DAGs
[2025-08-19T22:20:40.232+0000] {logging_mixin.py:188} INFO - [2025-08-19T22:20:40.232+0000] {dag.py:3823} INFO - Setting next_dagrun for example_short_circuit_operator to 2025-08-18 00:00:00+00:00, run_after=2025-08-19 00:00:00+00:00
[2025-08-19T22:20:40.238+0000] {processor.py:183} INFO - Processing /home/airflow/.local/lib/python3.8/site-packages/airflow/example_dags/example_short_circuit_operator.py took 0.059 seconds
[2025-08-19T22:21:10.273+0000] {processor.py:161} INFO - Started process (PID=172) to work on /home/airflow/.local/lib/python3.8/site-packages/airflow/example_dags/example_short_circuit_operator.py
[2025-08-19T22:21:10.274+0000] {processor.py:830} INFO - Processing file /home/airflow/.local/lib/python3.8/site-packages/airflow/example_dags/example_short_circuit_operator.py for tasks to queue
[2025-08-19T22:21:10.275+0000] {logging_mixin.py:188} INFO - [2025-08-19T22:21:10.275+0000] {dagbag.py:538} INFO - Filling up the DagBag from /home/airflow/.local/lib/python3.8/site-packages/airflow/example_dags/example_short_circuit_operator.py
[2025-08-19T22:21:10.279+0000] {processor.py:840} INFO - DAG(s) 'example_short_circuit_operator' retrieved from /home/airflow/.local/lib/python3.8/site-packages/airflow/example_dags/example_short_circuit_operator.py
[2025-08-19T22:21:10.293+0000] {logging_mixin.py:188} INFO - [2025-08-19T22:21:10.293+0000] {dag.py:3036} INFO - Sync 1 DAGs
[2025-08-19T22:21:10.305+0000] {logging_mixin.py:188} INFO - [2025-08-19T22:21:10.305+0000] {dag.py:3823} INFO - Setting next_dagrun for example_short_circuit_operator to 2025-08-18 00:00:00+00:00, run_after=2025-08-19 00:00:00+00:00
[2025-08-19T22:21:10.316+0000] {processor.py:183} INFO - Processing /home/airflow/.local/lib/python3.8/site-packages/airflow/example_dags/example_short_circuit_operator.py took 0.045 seconds
[2025-08-19T22:21:40.996+0000] {processor.py:161} INFO - Started process (PID=228) to work on /home/airflow/.local/lib/python3.8/site-packages/airflow/example_dags/example_short_circuit_operator.py
[2025-08-19T22:21:40.997+0000] {processor.py:830} INFO - Processing file /home/airflow/.local/lib/python3.8/site-packages/airflow/example_dags/example_short_circuit_operator.py for tasks to queue
[2025-08-19T22:21:40.998+0000] {logging_mixin.py:188} INFO - [2025-08-19T22:21:40.998+0000] {dagbag.py:538} INFO - Filling up the DagBag from /home/airflow/.local/lib/python3.8/site-packages/airflow/example_dags/example_short_circuit_operator.py
[2025-08-19T22:21:41.006+0000] {processor.py:840} INFO - DAG(s) 'example_short_circuit_operator' retrieved from /home/airflow/.local/lib/python3.8/site-packages/airflow/example_dags/example_short_circuit_operator.py
[2025-08-19T22:21:41.026+0000] {logging_mixin.py:188} INFO - [2025-08-19T22:21:41.026+0000] {dag.py:3036} INFO - Sync 1 DAGs
[2025-08-19T22:21:41.057+0000] {logging_mixin.py:188} INFO - [2025-08-19T22:21:41.057+0000] {dag.py:3823} INFO - Setting next_dagrun for example_short_circuit_operator to 2025-08-18 00:00:00+00:00, run_after=2025-08-19 00:00:00+00:00
[2025-08-19T22:21:41.089+0000] {processor.py:183} INFO - Processing /home/airflow/.local/lib/python3.8/site-packages/airflow/example_dags/example_short_circuit_operator.py took 0.096 seconds
[2025-08-19T22:22:11.557+0000] {processor.py:161} INFO - Started process (PID=284) to work on /home/airflow/.local/lib/python3.8/site-packages/airflow/example_dags/example_short_circuit_operator.py
[2025-08-19T22:22:11.560+0000] {processor.py:830} INFO - Processing file /home/airflow/.local/lib/python3.8/site-packages/airflow/example_dags/example_short_circuit_operator.py for tasks to queue
[2025-08-19T22:22:11.561+0000] {logging_mixin.py:188} INFO - [2025-08-19T22:22:11.561+0000] {dagbag.py:538} INFO - Filling up the DagBag from /home/airflow/.local/lib/python3.8/site-packages/airflow/example_dags/example_short_circuit_operator.py
[2025-08-19T22:22:11.565+0000] {processor.py:840} INFO - DAG(s) 'example_short_circuit_operator' retrieved from /home/airflow/.local/lib/python3.8/site-packages/airflow/example_dags/example_short_circuit_operator.py
[2025-08-19T22:22:11.579+0000] {logging_mixin.py:188} INFO - [2025-08-19T22:22:11.578+0000] {dag.py:3036} INFO - Sync 1 DAGs
[2025-08-19T22:22:11.590+0000] {logging_mixin.py:188} INFO - [2025-08-19T22:22:11.589+0000] {dag.py:3823} INFO - Setting next_dagrun for example_short_circuit_operator to 2025-08-18 00:00:00+00:00, run_after=2025-08-19 00:00:00+00:00
[2025-08-19T22:22:11.597+0000] {processor.py:183} INFO - Processing /home/airflow/.local/lib/python3.8/site-packages/airflow/example_dags/example_short_circuit_operator.py took 0.042 seconds
[2025-08-19T22:22:42.046+0000] {processor.py:161} INFO - Started process (PID=340) to work on /home/airflow/.local/lib/python3.8/site-packages/airflow/example_dags/example_short_circuit_operator.py
[2025-08-19T22:22:42.047+0000] {processor.py:830} INFO - Processing file /home/airflow/.local/lib/python3.8/site-packages/airflow/example_dags/example_short_circuit_operator.py for tasks to queue
[2025-08-19T22:22:42.048+0000] {logging_mixin.py:188} INFO - [2025-08-19T22:22:42.048+0000] {dagbag.py:538} INFO - Filling up the DagBag from /home/airflow/.local/lib/python3.8/site-packages/airflow/example_dags/example_short_circuit_operator.py
[2025-08-19T22:22:42.054+0000] {processor.py:840} INFO - DAG(s) 'example_short_circuit_operator' retrieved from /home/airflow/.local/lib/python3.8/site-packages/airflow/example_dags/example_short_circuit_operator.py
[2025-08-19T22:22:42.066+0000] {logging_mixin.py:188} INFO - [2025-08-19T22:22:42.066+0000] {dag.py:3036} INFO - Sync 1 DAGs
[2025-08-19T22:22:42.075+0000] {logging_mixin.py:188} INFO - [2025-08-19T22:22:42.075+0000] {dag.py:3823} INFO - Setting next_dagrun for example_short_circuit_operator to 2025-08-18 00:00:00+00:00, run_after=2025-08-19 00:00:00+00:00
[2025-08-19T22:22:42.081+0000] {processor.py:183} INFO - Processing /home/airflow/.local/lib/python3.8/site-packages/airflow/example_dags/example_short_circuit_operator.py took 0.036 seconds
[2025-08-19T22:23:12.792+0000] {processor.py:161} INFO - Started process (PID=406) to work on /home/airflow/.local/lib/python3.8/site-packages/airflow/example_dags/example_short_circuit_operator.py
[2025-08-19T22:23:12.793+0000] {processor.py:830} INFO - Processing file /home/airflow/.local/lib/python3.8/site-packages/airflow/example_dags/example_short_circuit_operator.py for tasks to queue
[2025-08-19T22:23:12.797+0000] {logging_mixin.py:188} INFO - [2025-08-19T22:23:12.797+0000] {dagbag.py:538} INFO - Filling up the DagBag from /home/airflow/.local/lib/python3.8/site-packages/airflow/example_dags/example_short_circuit_operator.py
[2025-08-19T22:23:12.801+0000] {processor.py:840} INFO - DAG(s) 'example_short_circuit_operator' retrieved from /home/airflow/.local/lib/python3.8/site-packages/airflow/example_dags/example_short_circuit_operator.py
[2025-08-19T22:23:12.812+0000] {logging_mixin.py:188} INFO - [2025-08-19T22:23:12.812+0000] {dag.py:3036} INFO - Sync 1 DAGs
[2025-08-19T22:23:12.820+0000] {logging_mixin.py:188} INFO - [2025-08-19T22:23:12.820+0000] {dag.py:3823} INFO - Setting next_dagrun for example_short_circuit_operator to 2025-08-18 00:00:00+00:00, run_after=2025-08-19 00:00:00+00:00
[2025-08-19T22:23:12.826+0000] {processor.py:183} INFO - Processing /home/airflow/.local/lib/python3.8/site-packages/airflow/example_dags/example_short_circuit_operator.py took 0.035 seconds
[2025-08-19T22:23:43.403+0000] {processor.py:161} INFO - Started process (PID=462) to work on /home/airflow/.local/lib/python3.8/site-packages/airflow/example_dags/example_short_circuit_operator.py
[2025-08-19T22:23:43.404+0000] {processor.py:830} INFO - Processing file /home/airflow/.local/lib/python3.8/site-packages/airflow/example_dags/example_short_circuit_operator.py for tasks to queue
[2025-08-19T22:23:43.405+0000] {logging_mixin.py:188} INFO - [2025-08-19T22:23:43.405+0000] {dagbag.py:538} INFO - Filling up the DagBag from /home/airflow/.local/lib/python3.8/site-packages/airflow/example_dags/example_short_circuit_operator.py
[2025-08-19T22:23:43.409+0000] {processor.py:840} INFO - DAG(s) 'example_short_circuit_operator' retrieved from /home/airflow/.local/lib/python3.8/site-packages/airflow/example_dags/example_short_circuit_operator.py
[2025-08-19T22:23:43.419+0000] {logging_mixin.py:188} INFO - [2025-08-19T22:23:43.419+0000] {dag.py:3036} INFO - Sync 1 DAGs
[2025-08-19T22:23:43.426+0000] {logging_mixin.py:188} INFO - [2025-08-19T22:23:43.426+0000] {dag.py:3823} INFO - Setting next_dagrun for example_short_circuit_operator to 2025-08-18 00:00:00+00:00, run_after=2025-08-19 00:00:00+00:00
[2025-08-19T22:23:43.434+0000] {processor.py:183} INFO - Processing /home/airflow/.local/lib/python3.8/site-packages/airflow/example_dags/example_short_circuit_operator.py took 0.033 seconds
[2025-08-19T22:24:13.816+0000] {processor.py:161} INFO - Started process (PID=518) to work on /home/airflow/.local/lib/python3.8/site-packages/airflow/example_dags/example_short_circuit_operator.py
[2025-08-19T22:24:13.818+0000] {processor.py:830} INFO - Processing file /home/airflow/.local/lib/python3.8/site-packages/airflow/example_dags/example_short_circuit_operator.py for tasks to queue
[2025-08-19T22:24:13.819+0000] {logging_mixin.py:188} INFO - [2025-08-19T22:24:13.819+0000] {dagbag.py:538} INFO - Filling up the DagBag from /home/airflow/.local/lib/python3.8/site-packages/airflow/example_dags/example_short_circuit_operator.py
[2025-08-19T22:24:13.822+0000] {processor.py:840} INFO - DAG(s) 'example_short_circuit_operator' retrieved from /home/airflow/.local/lib/python3.8/site-packages/airflow/example_dags/example_short_circuit_operator.py
[2025-08-19T22:24:13.834+0000] {logging_mixin.py:188} INFO - [2025-08-19T22:24:13.834+0000] {dag.py:3036} INFO - Sync 1 DAGs
[2025-08-19T22:24:13.844+0000] {logging_mixin.py:188} INFO - [2025-08-19T22:24:13.844+0000] {dag.py:3823} INFO - Setting next_dagrun for example_short_circuit_operator to 2025-08-18 00:00:00+00:00, run_after=2025-08-19 00:00:00+00:00
[2025-08-19T22:24:13.853+0000] {processor.py:183} INFO - Processing /home/airflow/.local/lib/python3.8/site-packages/airflow/example_dags/example_short_circuit_operator.py took 0.039 seconds
[2025-08-19T22:24:44.252+0000] {processor.py:161} INFO - Started process (PID=574) to work on /home/airflow/.local/lib/python3.8/site-packages/airflow/example_dags/example_short_circuit_operator.py
[2025-08-19T22:24:44.253+0000] {processor.py:830} INFO - Processing file /home/airflow/.local/lib/python3.8/site-packages/airflow/example_dags/example_short_circuit_operator.py for tasks to queue
[2025-08-19T22:24:44.254+0000] {logging_mixin.py:188} INFO - [2025-08-19T22:24:44.254+0000] {dagbag.py:538} INFO - Filling up the DagBag from /home/airflow/.local/lib/python3.8/site-packages/airflow/example_dags/example_short_circuit_operator.py
[2025-08-19T22:24:44.257+0000] {processor.py:840} INFO - DAG(s) 'example_short_circuit_operator' retrieved from /home/airflow/.local/lib/python3.8/site-packages/airflow/example_dags/example_short_circuit_operator.py
[2025-08-19T22:24:44.266+0000] {logging_mixin.py:188} INFO - [2025-08-19T22:24:44.266+0000] {dag.py:3036} INFO - Sync 1 DAGs
[2025-08-19T22:24:44.274+0000] {logging_mixin.py:188} INFO - [2025-08-19T22:24:44.274+0000] {dag.py:3823} INFO - Setting next_dagrun for example_short_circuit_operator to 2025-08-18 00:00:00+00:00, run_after=2025-08-19 00:00:00+00:00
[2025-08-19T22:24:44.283+0000] {processor.py:183} INFO - Processing /home/airflow/.local/lib/python3.8/site-packages/airflow/example_dags/example_short_circuit_operator.py took 0.032 seconds
[2025-08-19T22:25:14.709+0000] {processor.py:161} INFO - Started process (PID=630) to work on /home/airflow/.local/lib/python3.8/site-packages/airflow/example_dags/example_short_circuit_operator.py
[2025-08-19T22:25:14.709+0000] {processor.py:830} INFO - Processing file /home/airflow/.local/lib/python3.8/site-packages/airflow/example_dags/example_short_circuit_operator.py for tasks to queue
[2025-08-19T22:25:14.710+0000] {logging_mixin.py:188} INFO - [2025-08-19T22:25:14.710+0000] {dagbag.py:538} INFO - Filling up the DagBag from /home/airflow/.local/lib/python3.8/site-packages/airflow/example_dags/example_short_circuit_operator.py
[2025-08-19T22:25:14.713+0000] {processor.py:840} INFO - DAG(s) 'example_short_circuit_operator' retrieved from /home/airflow/.local/lib/python3.8/site-packages/airflow/example_dags/example_short_circuit_operator.py
[2025-08-19T22:25:14.721+0000] {logging_mixin.py:188} INFO - [2025-08-19T22:25:14.721+0000] {dag.py:3036} INFO - Sync 1 DAGs
[2025-08-19T22:25:14.728+0000] {logging_mixin.py:188} INFO - [2025-08-19T22:25:14.728+0000] {dag.py:3823} INFO - Setting next_dagrun for example_short_circuit_operator to 2025-08-18 00:00:00+00:00, run_after=2025-08-19 00:00:00+00:00
[2025-08-19T22:25:14.733+0000] {processor.py:183} INFO - Processing /home/airflow/.local/lib/python3.8/site-packages/airflow/example_dags/example_short_circuit_operator.py took 0.026 seconds
[2025-08-19T22:25:45.129+0000] {processor.py:161} INFO - Started process (PID=686) to work on /home/airflow/.local/lib/python3.8/site-packages/airflow/example_dags/example_short_circuit_operator.py
[2025-08-19T22:25:45.129+0000] {processor.py:830} INFO - Processing file /home/airflow/.local/lib/python3.8/site-packages/airflow/example_dags/example_short_circuit_operator.py for tasks to queue
[2025-08-19T22:25:45.130+0000] {logging_mixin.py:188} INFO - [2025-08-19T22:25:45.130+0000] {dagbag.py:538} INFO - Filling up the DagBag from /home/airflow/.local/lib/python3.8/site-packages/airflow/example_dags/example_short_circuit_operator.py
[2025-08-19T22:25:45.133+0000] {processor.py:840} INFO - DAG(s) 'example_short_circuit_operator' retrieved from /home/airflow/.local/lib/python3.8/site-packages/airflow/example_dags/example_short_circuit_operator.py
[2025-08-19T22:25:45.144+0000] {logging_mixin.py:188} INFO - [2025-08-19T22:25:45.144+0000] {dag.py:3036} INFO - Sync 1 DAGs
[2025-08-19T22:25:45.152+0000] {logging_mixin.py:188} INFO - [2025-08-19T22:25:45.152+0000] {dag.py:3823} INFO - Setting next_dagrun for example_short_circuit_operator to 2025-08-18 00:00:00+00:00, run_after=2025-08-19 00:00:00+00:00
[2025-08-19T22:25:45.159+0000] {processor.py:183} INFO - Processing /home/airflow/.local/lib/python3.8/site-packages/airflow/example_dags/example_short_circuit_operator.py took 0.032 seconds
[2025-08-19T22:26:15.556+0000] {processor.py:161} INFO - Started process (PID=742) to work on /home/airflow/.local/lib/python3.8/site-packages/airflow/example_dags/example_short_circuit_operator.py
[2025-08-19T22:26:15.557+0000] {processor.py:830} INFO - Processing file /home/airflow/.local/lib/python3.8/site-packages/airflow/example_dags/example_short_circuit_operator.py for tasks to queue
[2025-08-19T22:26:15.561+0000] {logging_mixin.py:188} INFO - [2025-08-19T22:26:15.560+0000] {dagbag.py:538} INFO - Filling up the DagBag from /home/airflow/.local/lib/python3.8/site-packages/airflow/example_dags/example_short_circuit_operator.py
[2025-08-19T22:26:15.564+0000] {processor.py:840} INFO - DAG(s) 'example_short_circuit_operator' retrieved from /home/airflow/.local/lib/python3.8/site-packages/airflow/example_dags/example_short_circuit_operator.py
[2025-08-19T22:26:15.574+0000] {logging_mixin.py:188} INFO - [2025-08-19T22:26:15.574+0000] {dag.py:3036} INFO - Sync 1 DAGs
[2025-08-19T22:26:15.581+0000] {logging_mixin.py:188} INFO - [2025-08-19T22:26:15.581+0000] {dag.py:3823} INFO - Setting next_dagrun for example_short_circuit_operator to 2025-08-18 00:00:00+00:00, run_after=2025-08-19 00:00:00+00:00
[2025-08-19T22:26:15.588+0000] {processor.py:183} INFO - Processing /home/airflow/.local/lib/python3.8/site-packages/airflow/example_dags/example_short_circuit_operator.py took 0.033 seconds
[2025-08-19T22:26:45.973+0000] {processor.py:161} INFO - Started process (PID=798) to work on /home/airflow/.local/lib/python3.8/site-packages/airflow/example_dags/example_short_circuit_operator.py
[2025-08-19T22:26:45.974+0000] {processor.py:830} INFO - Processing file /home/airflow/.local/lib/python3.8/site-packages/airflow/example_dags/example_short_circuit_operator.py for tasks to queue
[2025-08-19T22:26:45.974+0000] {logging_mixin.py:188} INFO - [2025-08-19T22:26:45.974+0000] {dagbag.py:538} INFO - Filling up the DagBag from /home/airflow/.local/lib/python3.8/site-packages/airflow/example_dags/example_short_circuit_operator.py
[2025-08-19T22:26:45.977+0000] {processor.py:840} INFO - DAG(s) 'example_short_circuit_operator' retrieved from /home/airflow/.local/lib/python3.8/site-packages/airflow/example_dags/example_short_circuit_operator.py
[2025-08-19T22:26:45.985+0000] {logging_mixin.py:188} INFO - [2025-08-19T22:26:45.985+0000] {dag.py:3036} INFO - Sync 1 DAGs
[2025-08-19T22:26:45.992+0000] {logging_mixin.py:188} INFO - [2025-08-19T22:26:45.992+0000] {dag.py:3823} INFO - Setting next_dagrun for example_short_circuit_operator to 2025-08-18 00:00:00+00:00, run_after=2025-08-19 00:00:00+00:00
[2025-08-19T22:26:45.997+0000] {processor.py:183} INFO - Processing /home/airflow/.local/lib/python3.8/site-packages/airflow/example_dags/example_short_circuit_operator.py took 0.025 seconds
[2025-08-19T22:27:16.389+0000] {processor.py:161} INFO - Started process (PID=854) to work on /home/airflow/.local/lib/python3.8/site-packages/airflow/example_dags/example_short_circuit_operator.py
[2025-08-19T22:27:16.392+0000] {processor.py:830} INFO - Processing file /home/airflow/.local/lib/python3.8/site-packages/airflow/example_dags/example_short_circuit_operator.py for tasks to queue
[2025-08-19T22:27:16.393+0000] {logging_mixin.py:188} INFO - [2025-08-19T22:27:16.393+0000] {dagbag.py:538} INFO - Filling up the DagBag from /home/airflow/.local/lib/python3.8/site-packages/airflow/example_dags/example_short_circuit_operator.py
[2025-08-19T22:27:16.398+0000] {processor.py:840} INFO - DAG(s) 'example_short_circuit_operator' retrieved from /home/airflow/.local/lib/python3.8/site-packages/airflow/example_dags/example_short_circuit_operator.py
[2025-08-19T22:27:16.408+0000] {logging_mixin.py:188} INFO - [2025-08-19T22:27:16.408+0000] {dag.py:3036} INFO - Sync 1 DAGs
[2025-08-19T22:27:16.416+0000] {logging_mixin.py:188} INFO - [2025-08-19T22:27:16.416+0000] {dag.py:3823} INFO - Setting next_dagrun for example_short_circuit_operator to 2025-08-18 00:00:00+00:00, run_after=2025-08-19 00:00:00+00:00
[2025-08-19T22:27:16.422+0000] {processor.py:183} INFO - Processing /home/airflow/.local/lib/python3.8/site-packages/airflow/example_dags/example_short_circuit_operator.py took 0.035 seconds
[2025-08-19T22:27:47.007+0000] {processor.py:161} INFO - Started process (PID=914) to work on /home/airflow/.local/lib/python3.8/site-packages/airflow/example_dags/example_short_circuit_operator.py
[2025-08-19T22:27:47.008+0000] {processor.py:830} INFO - Processing file /home/airflow/.local/lib/python3.8/site-packages/airflow/example_dags/example_short_circuit_operator.py for tasks to queue
[2025-08-19T22:27:47.009+0000] {logging_mixin.py:188} INFO - [2025-08-19T22:27:47.009+0000] {dagbag.py:538} INFO - Filling up the DagBag from /home/airflow/.local/lib/python3.8/site-packages/airflow/example_dags/example_short_circuit_operator.py
[2025-08-19T22:27:47.013+0000] {processor.py:840} INFO - DAG(s) 'example_short_circuit_operator' retrieved from /home/airflow/.local/lib/python3.8/site-packages/airflow/example_dags/example_short_circuit_operator.py
[2025-08-19T22:27:47.024+0000] {logging_mixin.py:188} INFO - [2025-08-19T22:27:47.024+0000] {dag.py:3036} INFO - Sync 1 DAGs
[2025-08-19T22:27:47.035+0000] {logging_mixin.py:188} INFO - [2025-08-19T22:27:47.035+0000] {dag.py:3823} INFO - Setting next_dagrun for example_short_circuit_operator to 2025-08-18 00:00:00+00:00, run_after=2025-08-19 00:00:00+00:00
[2025-08-19T22:27:47.044+0000] {processor.py:183} INFO - Processing /home/airflow/.local/lib/python3.8/site-packages/airflow/example_dags/example_short_circuit_operator.py took 0.039 seconds
[2025-08-19T22:28:17.623+0000] {processor.py:161} INFO - Started process (PID=970) to work on /home/airflow/.local/lib/python3.8/site-packages/airflow/example_dags/example_short_circuit_operator.py
[2025-08-19T22:28:17.624+0000] {processor.py:830} INFO - Processing file /home/airflow/.local/lib/python3.8/site-packages/airflow/example_dags/example_short_circuit_operator.py for tasks to queue
[2025-08-19T22:28:17.628+0000] {logging_mixin.py:188} INFO - [2025-08-19T22:28:17.628+0000] {dagbag.py:538} INFO - Filling up the DagBag from /home/airflow/.local/lib/python3.8/site-packages/airflow/example_dags/example_short_circuit_operator.py
[2025-08-19T22:28:17.632+0000] {processor.py:840} INFO - DAG(s) 'example_short_circuit_operator' retrieved from /home/airflow/.local/lib/python3.8/site-packages/airflow/example_dags/example_short_circuit_operator.py
[2025-08-19T22:28:17.645+0000] {logging_mixin.py:188} INFO - [2025-08-19T22:28:17.645+0000] {dag.py:3036} INFO - Sync 1 DAGs
[2025-08-19T22:28:17.658+0000] {logging_mixin.py:188} INFO - [2025-08-19T22:28:17.658+0000] {dag.py:3823} INFO - Setting next_dagrun for example_short_circuit_operator to 2025-08-18 00:00:00+00:00, run_after=2025-08-19 00:00:00+00:00
[2025-08-19T22:28:17.669+0000] {processor.py:183} INFO - Processing /home/airflow/.local/lib/python3.8/site-packages/airflow/example_dags/example_short_circuit_operator.py took 0.048 seconds
[2025-08-19T22:28:48.057+0000] {processor.py:161} INFO - Started process (PID=1026) to work on /home/airflow/.local/lib/python3.8/site-packages/airflow/example_dags/example_short_circuit_operator.py
[2025-08-19T22:28:48.061+0000] {processor.py:830} INFO - Processing file /home/airflow/.local/lib/python3.8/site-packages/airflow/example_dags/example_short_circuit_operator.py for tasks to queue
[2025-08-19T22:28:48.062+0000] {logging_mixin.py:188} INFO - [2025-08-19T22:28:48.062+0000] {dagbag.py:538} INFO - Filling up the DagBag from /home/airflow/.local/lib/python3.8/site-packages/airflow/example_dags/example_short_circuit_operator.py
[2025-08-19T22:28:48.068+0000] {processor.py:840} INFO - DAG(s) 'example_short_circuit_operator' retrieved from /home/airflow/.local/lib/python3.8/site-packages/airflow/example_dags/example_short_circuit_operator.py
[2025-08-19T22:28:48.082+0000] {logging_mixin.py:188} INFO - [2025-08-19T22:28:48.082+0000] {dag.py:3036} INFO - Sync 1 DAGs
[2025-08-19T22:28:48.092+0000] {logging_mixin.py:188} INFO - [2025-08-19T22:28:48.092+0000] {dag.py:3823} INFO - Setting next_dagrun for example_short_circuit_operator to 2025-08-18 00:00:00+00:00, run_after=2025-08-19 00:00:00+00:00
[2025-08-19T22:28:48.104+0000] {processor.py:183} INFO - Processing /home/airflow/.local/lib/python3.8/site-packages/airflow/example_dags/example_short_circuit_operator.py took 0.050 seconds
[2025-08-19T22:29:18.535+0000] {processor.py:161} INFO - Started process (PID=1082) to work on /home/airflow/.local/lib/python3.8/site-packages/airflow/example_dags/example_short_circuit_operator.py
[2025-08-19T22:29:18.535+0000] {processor.py:830} INFO - Processing file /home/airflow/.local/lib/python3.8/site-packages/airflow/example_dags/example_short_circuit_operator.py for tasks to queue
[2025-08-19T22:29:18.536+0000] {logging_mixin.py:188} INFO - [2025-08-19T22:29:18.536+0000] {dagbag.py:538} INFO - Filling up the DagBag from /home/airflow/.local/lib/python3.8/site-packages/airflow/example_dags/example_short_circuit_operator.py
[2025-08-19T22:29:18.539+0000] {processor.py:840} INFO - DAG(s) 'example_short_circuit_operator' retrieved from /home/airflow/.local/lib/python3.8/site-packages/airflow/example_dags/example_short_circuit_operator.py
[2025-08-19T22:29:18.548+0000] {logging_mixin.py:188} INFO - [2025-08-19T22:29:18.548+0000] {dag.py:3036} INFO - Sync 1 DAGs
[2025-08-19T22:29:18.555+0000] {logging_mixin.py:188} INFO - [2025-08-19T22:29:18.555+0000] {dag.py:3823} INFO - Setting next_dagrun for example_short_circuit_operator to 2025-08-18 00:00:00+00:00, run_after=2025-08-19 00:00:00+00:00
[2025-08-19T22:29:18.563+0000] {processor.py:183} INFO - Processing /home/airflow/.local/lib/python3.8/site-packages/airflow/example_dags/example_short_circuit_operator.py took 0.030 seconds
[2025-08-19T22:29:49.226+0000] {processor.py:161} INFO - Started process (PID=1138) to work on /home/airflow/.local/lib/python3.8/site-packages/airflow/example_dags/example_short_circuit_operator.py
[2025-08-19T22:29:49.227+0000] {processor.py:830} INFO - Processing file /home/airflow/.local/lib/python3.8/site-packages/airflow/example_dags/example_short_circuit_operator.py for tasks to queue
[2025-08-19T22:29:49.228+0000] {logging_mixin.py:188} INFO - [2025-08-19T22:29:49.228+0000] {dagbag.py:538} INFO - Filling up the DagBag from /home/airflow/.local/lib/python3.8/site-packages/airflow/example_dags/example_short_circuit_operator.py
[2025-08-19T22:29:49.232+0000] {processor.py:840} INFO - DAG(s) 'example_short_circuit_operator' retrieved from /home/airflow/.local/lib/python3.8/site-packages/airflow/example_dags/example_short_circuit_operator.py
[2025-08-19T22:29:49.243+0000] {logging_mixin.py:188} INFO - [2025-08-19T22:29:49.243+0000] {dag.py:3036} INFO - Sync 1 DAGs
[2025-08-19T22:29:49.252+0000] {logging_mixin.py:188} INFO - [2025-08-19T22:29:49.252+0000] {dag.py:3823} INFO - Setting next_dagrun for example_short_circuit_operator to 2025-08-18 00:00:00+00:00, run_after=2025-08-19 00:00:00+00:00
[2025-08-19T22:29:49.259+0000] {processor.py:183} INFO - Processing /home/airflow/.local/lib/python3.8/site-packages/airflow/example_dags/example_short_circuit_operator.py took 0.034 seconds
[2025-08-19T22:30:19.681+0000] {processor.py:161} INFO - Started process (PID=1194) to work on /home/airflow/.local/lib/python3.8/site-packages/airflow/example_dags/example_short_circuit_operator.py
[2025-08-19T22:30:19.684+0000] {processor.py:830} INFO - Processing file /home/airflow/.local/lib/python3.8/site-packages/airflow/example_dags/example_short_circuit_operator.py for tasks to queue
[2025-08-19T22:30:19.684+0000] {logging_mixin.py:188} INFO - [2025-08-19T22:30:19.684+0000] {dagbag.py:538} INFO - Filling up the DagBag from /home/airflow/.local/lib/python3.8/site-packages/airflow/example_dags/example_short_circuit_operator.py
[2025-08-19T22:30:19.687+0000] {processor.py:840} INFO - DAG(s) 'example_short_circuit_operator' retrieved from /home/airflow/.local/lib/python3.8/site-packages/airflow/example_dags/example_short_circuit_operator.py
[2025-08-19T22:30:19.696+0000] {logging_mixin.py:188} INFO - [2025-08-19T22:30:19.696+0000] {dag.py:3036} INFO - Sync 1 DAGs
[2025-08-19T22:30:19.705+0000] {logging_mixin.py:188} INFO - [2025-08-19T22:30:19.705+0000] {dag.py:3823} INFO - Setting next_dagrun for example_short_circuit_operator to 2025-08-18 00:00:00+00:00, run_after=2025-08-19 00:00:00+00:00
[2025-08-19T22:30:19.715+0000] {processor.py:183} INFO - Processing /home/airflow/.local/lib/python3.8/site-packages/airflow/example_dags/example_short_circuit_operator.py took 0.035 seconds
