[2025-08-19T21:50:08.644+0000] {processor.py:161} INFO - Started process (PID=83) to work on /home/airflow/.local/lib/python3.8/site-packages/airflow/example_dags/example_dynamic_task_mapping.py
[2025-08-19T21:50:08.644+0000] {processor.py:830} INFO - Processing file /home/airflow/.local/lib/python3.8/site-packages/airflow/example_dags/example_dynamic_task_mapping.py for tasks to queue
[2025-08-19T21:50:08.645+0000] {logging_mixin.py:188} INFO - [2025-08-19T21:50:08.645+0000] {dagbag.py:538} INFO - Filling up the DagBag from /home/airflow/.local/lib/python3.8/site-packages/airflow/example_dags/example_dynamic_task_mapping.py
[2025-08-19T21:50:08.689+0000] {processor.py:840} INFO - DAG(s) 'example_dynamic_task_mapping' retrieved from /home/airflow/.local/lib/python3.8/site-packages/airflow/example_dags/example_dynamic_task_mapping.py
[2025-08-19T21:50:08.738+0000] {logging_mixin.py:188} INFO - [2025-08-19T21:50:08.738+0000] {dag.py:3036} INFO - Sync 1 DAGs
[2025-08-19T21:50:08.762+0000] {logging_mixin.py:188} INFO - [2025-08-19T21:50:08.762+0000] {dag.py:3823} INFO - Setting next_dagrun for example_dynamic_task_mapping to 2022-03-04 00:00:00+00:00, run_after=2022-03-05 00:00:00+00:00
[2025-08-19T21:50:08.777+0000] {processor.py:183} INFO - Processing /home/airflow/.local/lib/python3.8/site-packages/airflow/example_dags/example_dynamic_task_mapping.py took 0.143 seconds
[2025-08-19T21:50:38.925+0000] {processor.py:161} INFO - Started process (PID=139) to work on /home/airflow/.local/lib/python3.8/site-packages/airflow/example_dags/example_dynamic_task_mapping.py
[2025-08-19T21:50:38.926+0000] {processor.py:830} INFO - Processing file /home/airflow/.local/lib/python3.8/site-packages/airflow/example_dags/example_dynamic_task_mapping.py for tasks to queue
[2025-08-19T21:50:38.926+0000] {logging_mixin.py:188} INFO - [2025-08-19T21:50:38.926+0000] {dagbag.py:538} INFO - Filling up the DagBag from /home/airflow/.local/lib/python3.8/site-packages/airflow/example_dags/example_dynamic_task_mapping.py
[2025-08-19T21:50:38.929+0000] {processor.py:840} INFO - DAG(s) 'example_dynamic_task_mapping' retrieved from /home/airflow/.local/lib/python3.8/site-packages/airflow/example_dags/example_dynamic_task_mapping.py
[2025-08-19T21:50:38.967+0000] {logging_mixin.py:188} INFO - [2025-08-19T21:50:38.967+0000] {dag.py:3036} INFO - Sync 1 DAGs
[2025-08-19T21:50:38.974+0000] {logging_mixin.py:188} INFO - [2025-08-19T21:50:38.974+0000] {dag.py:3823} INFO - Setting next_dagrun for example_dynamic_task_mapping to 2022-03-04 00:00:00+00:00, run_after=2022-03-05 00:00:00+00:00
[2025-08-19T21:50:38.980+0000] {processor.py:183} INFO - Processing /home/airflow/.local/lib/python3.8/site-packages/airflow/example_dags/example_dynamic_task_mapping.py took 0.057 seconds
[2025-08-19T21:51:09.468+0000] {processor.py:161} INFO - Started process (PID=194) to work on /home/airflow/.local/lib/python3.8/site-packages/airflow/example_dags/example_dynamic_task_mapping.py
[2025-08-19T21:51:09.469+0000] {processor.py:830} INFO - Processing file /home/airflow/.local/lib/python3.8/site-packages/airflow/example_dags/example_dynamic_task_mapping.py for tasks to queue
[2025-08-19T21:51:09.470+0000] {logging_mixin.py:188} INFO - [2025-08-19T21:51:09.469+0000] {dagbag.py:538} INFO - Filling up the DagBag from /home/airflow/.local/lib/python3.8/site-packages/airflow/example_dags/example_dynamic_task_mapping.py
[2025-08-19T21:51:09.472+0000] {processor.py:840} INFO - DAG(s) 'example_dynamic_task_mapping' retrieved from /home/airflow/.local/lib/python3.8/site-packages/airflow/example_dags/example_dynamic_task_mapping.py
[2025-08-19T21:51:09.481+0000] {logging_mixin.py:188} INFO - [2025-08-19T21:51:09.481+0000] {dag.py:3036} INFO - Sync 1 DAGs
[2025-08-19T21:51:09.489+0000] {logging_mixin.py:188} INFO - [2025-08-19T21:51:09.489+0000] {dag.py:3823} INFO - Setting next_dagrun for example_dynamic_task_mapping to 2022-03-04 00:00:00+00:00, run_after=2022-03-05 00:00:00+00:00
[2025-08-19T21:51:09.495+0000] {processor.py:183} INFO - Processing /home/airflow/.local/lib/python3.8/site-packages/airflow/example_dags/example_dynamic_task_mapping.py took 0.028 seconds
[2025-08-19T21:51:39.982+0000] {processor.py:161} INFO - Started process (PID=256) to work on /home/airflow/.local/lib/python3.8/site-packages/airflow/example_dags/example_dynamic_task_mapping.py
[2025-08-19T21:51:39.983+0000] {processor.py:830} INFO - Processing file /home/airflow/.local/lib/python3.8/site-packages/airflow/example_dags/example_dynamic_task_mapping.py for tasks to queue
[2025-08-19T21:51:39.984+0000] {logging_mixin.py:188} INFO - [2025-08-19T21:51:39.984+0000] {dagbag.py:538} INFO - Filling up the DagBag from /home/airflow/.local/lib/python3.8/site-packages/airflow/example_dags/example_dynamic_task_mapping.py
[2025-08-19T21:51:39.987+0000] {processor.py:840} INFO - DAG(s) 'example_dynamic_task_mapping' retrieved from /home/airflow/.local/lib/python3.8/site-packages/airflow/example_dags/example_dynamic_task_mapping.py
[2025-08-19T21:51:39.997+0000] {logging_mixin.py:188} INFO - [2025-08-19T21:51:39.997+0000] {dag.py:3036} INFO - Sync 1 DAGs
[2025-08-19T21:51:40.004+0000] {logging_mixin.py:188} INFO - [2025-08-19T21:51:40.004+0000] {dag.py:3823} INFO - Setting next_dagrun for example_dynamic_task_mapping to 2022-03-04 00:00:00+00:00, run_after=2022-03-05 00:00:00+00:00
[2025-08-19T21:51:40.010+0000] {processor.py:183} INFO - Processing /home/airflow/.local/lib/python3.8/site-packages/airflow/example_dags/example_dynamic_task_mapping.py took 0.029 seconds
[2025-08-19T21:52:10.765+0000] {processor.py:161} INFO - Started process (PID=312) to work on /home/airflow/.local/lib/python3.8/site-packages/airflow/example_dags/example_dynamic_task_mapping.py
[2025-08-19T21:52:10.765+0000] {processor.py:830} INFO - Processing file /home/airflow/.local/lib/python3.8/site-packages/airflow/example_dags/example_dynamic_task_mapping.py for tasks to queue
[2025-08-19T21:52:10.766+0000] {logging_mixin.py:188} INFO - [2025-08-19T21:52:10.766+0000] {dagbag.py:538} INFO - Filling up the DagBag from /home/airflow/.local/lib/python3.8/site-packages/airflow/example_dags/example_dynamic_task_mapping.py
[2025-08-19T21:52:10.768+0000] {processor.py:840} INFO - DAG(s) 'example_dynamic_task_mapping' retrieved from /home/airflow/.local/lib/python3.8/site-packages/airflow/example_dags/example_dynamic_task_mapping.py
[2025-08-19T21:52:10.775+0000] {logging_mixin.py:188} INFO - [2025-08-19T21:52:10.775+0000] {dag.py:3036} INFO - Sync 1 DAGs
[2025-08-19T21:52:10.782+0000] {logging_mixin.py:188} INFO - [2025-08-19T21:52:10.782+0000] {dag.py:3823} INFO - Setting next_dagrun for example_dynamic_task_mapping to 2022-03-04 00:00:00+00:00, run_after=2022-03-05 00:00:00+00:00
[2025-08-19T21:52:10.787+0000] {processor.py:183} INFO - Processing /home/airflow/.local/lib/python3.8/site-packages/airflow/example_dags/example_dynamic_task_mapping.py took 0.024 seconds
[2025-08-19T21:52:41.505+0000] {processor.py:161} INFO - Started process (PID=368) to work on /home/airflow/.local/lib/python3.8/site-packages/airflow/example_dags/example_dynamic_task_mapping.py
[2025-08-19T21:52:41.505+0000] {processor.py:830} INFO - Processing file /home/airflow/.local/lib/python3.8/site-packages/airflow/example_dags/example_dynamic_task_mapping.py for tasks to queue
[2025-08-19T21:52:41.506+0000] {logging_mixin.py:188} INFO - [2025-08-19T21:52:41.506+0000] {dagbag.py:538} INFO - Filling up the DagBag from /home/airflow/.local/lib/python3.8/site-packages/airflow/example_dags/example_dynamic_task_mapping.py
[2025-08-19T21:52:41.510+0000] {processor.py:840} INFO - DAG(s) 'example_dynamic_task_mapping' retrieved from /home/airflow/.local/lib/python3.8/site-packages/airflow/example_dags/example_dynamic_task_mapping.py
[2025-08-19T21:52:41.518+0000] {logging_mixin.py:188} INFO - [2025-08-19T21:52:41.518+0000] {dag.py:3036} INFO - Sync 1 DAGs
[2025-08-19T21:52:41.526+0000] {logging_mixin.py:188} INFO - [2025-08-19T21:52:41.526+0000] {dag.py:3823} INFO - Setting next_dagrun for example_dynamic_task_mapping to 2022-03-04 00:00:00+00:00, run_after=2022-03-05 00:00:00+00:00
[2025-08-19T21:52:41.532+0000] {processor.py:183} INFO - Processing /home/airflow/.local/lib/python3.8/site-packages/airflow/example_dags/example_dynamic_task_mapping.py took 0.029 seconds
[2025-08-19T21:53:12.136+0000] {processor.py:161} INFO - Started process (PID=424) to work on /home/airflow/.local/lib/python3.8/site-packages/airflow/example_dags/example_dynamic_task_mapping.py
[2025-08-19T21:53:12.138+0000] {processor.py:830} INFO - Processing file /home/airflow/.local/lib/python3.8/site-packages/airflow/example_dags/example_dynamic_task_mapping.py for tasks to queue
[2025-08-19T21:53:12.139+0000] {logging_mixin.py:188} INFO - [2025-08-19T21:53:12.139+0000] {dagbag.py:538} INFO - Filling up the DagBag from /home/airflow/.local/lib/python3.8/site-packages/airflow/example_dags/example_dynamic_task_mapping.py
[2025-08-19T21:53:12.143+0000] {processor.py:840} INFO - DAG(s) 'example_dynamic_task_mapping' retrieved from /home/airflow/.local/lib/python3.8/site-packages/airflow/example_dags/example_dynamic_task_mapping.py
[2025-08-19T21:53:12.152+0000] {logging_mixin.py:188} INFO - [2025-08-19T21:53:12.152+0000] {dag.py:3036} INFO - Sync 1 DAGs
[2025-08-19T21:53:12.161+0000] {logging_mixin.py:188} INFO - [2025-08-19T21:53:12.161+0000] {dag.py:3823} INFO - Setting next_dagrun for example_dynamic_task_mapping to 2022-03-04 00:00:00+00:00, run_after=2022-03-05 00:00:00+00:00
[2025-08-19T21:53:12.169+0000] {processor.py:183} INFO - Processing /home/airflow/.local/lib/python3.8/site-packages/airflow/example_dags/example_dynamic_task_mapping.py took 0.036 seconds
[2025-08-19T21:53:42.782+0000] {processor.py:161} INFO - Started process (PID=480) to work on /home/airflow/.local/lib/python3.8/site-packages/airflow/example_dags/example_dynamic_task_mapping.py
[2025-08-19T21:53:42.783+0000] {processor.py:830} INFO - Processing file /home/airflow/.local/lib/python3.8/site-packages/airflow/example_dags/example_dynamic_task_mapping.py for tasks to queue
[2025-08-19T21:53:42.783+0000] {logging_mixin.py:188} INFO - [2025-08-19T21:53:42.783+0000] {dagbag.py:538} INFO - Filling up the DagBag from /home/airflow/.local/lib/python3.8/site-packages/airflow/example_dags/example_dynamic_task_mapping.py
[2025-08-19T21:53:42.786+0000] {processor.py:840} INFO - DAG(s) 'example_dynamic_task_mapping' retrieved from /home/airflow/.local/lib/python3.8/site-packages/airflow/example_dags/example_dynamic_task_mapping.py
[2025-08-19T21:53:42.798+0000] {logging_mixin.py:188} INFO - [2025-08-19T21:53:42.798+0000] {dag.py:3036} INFO - Sync 1 DAGs
[2025-08-19T21:53:42.808+0000] {logging_mixin.py:188} INFO - [2025-08-19T21:53:42.808+0000] {dag.py:3823} INFO - Setting next_dagrun for example_dynamic_task_mapping to 2022-03-04 00:00:00+00:00, run_after=2022-03-05 00:00:00+00:00
[2025-08-19T21:53:42.816+0000] {processor.py:183} INFO - Processing /home/airflow/.local/lib/python3.8/site-packages/airflow/example_dags/example_dynamic_task_mapping.py took 0.040 seconds
[2025-08-19T21:54:13.358+0000] {processor.py:161} INFO - Started process (PID=536) to work on /home/airflow/.local/lib/python3.8/site-packages/airflow/example_dags/example_dynamic_task_mapping.py
[2025-08-19T21:54:13.361+0000] {processor.py:830} INFO - Processing file /home/airflow/.local/lib/python3.8/site-packages/airflow/example_dags/example_dynamic_task_mapping.py for tasks to queue
[2025-08-19T21:54:13.362+0000] {logging_mixin.py:188} INFO - [2025-08-19T21:54:13.362+0000] {dagbag.py:538} INFO - Filling up the DagBag from /home/airflow/.local/lib/python3.8/site-packages/airflow/example_dags/example_dynamic_task_mapping.py
[2025-08-19T21:54:13.365+0000] {processor.py:840} INFO - DAG(s) 'example_dynamic_task_mapping' retrieved from /home/airflow/.local/lib/python3.8/site-packages/airflow/example_dags/example_dynamic_task_mapping.py
[2025-08-19T21:54:13.376+0000] {logging_mixin.py:188} INFO - [2025-08-19T21:54:13.376+0000] {dag.py:3036} INFO - Sync 1 DAGs
[2025-08-19T21:54:13.388+0000] {logging_mixin.py:188} INFO - [2025-08-19T21:54:13.387+0000] {dag.py:3823} INFO - Setting next_dagrun for example_dynamic_task_mapping to 2022-03-04 00:00:00+00:00, run_after=2022-03-05 00:00:00+00:00
[2025-08-19T21:54:13.397+0000] {processor.py:183} INFO - Processing /home/airflow/.local/lib/python3.8/site-packages/airflow/example_dags/example_dynamic_task_mapping.py took 0.040 seconds
[2025-08-19T21:54:43.989+0000] {processor.py:161} INFO - Started process (PID=592) to work on /home/airflow/.local/lib/python3.8/site-packages/airflow/example_dags/example_dynamic_task_mapping.py
[2025-08-19T21:54:43.990+0000] {processor.py:830} INFO - Processing file /home/airflow/.local/lib/python3.8/site-packages/airflow/example_dags/example_dynamic_task_mapping.py for tasks to queue
[2025-08-19T21:54:43.991+0000] {logging_mixin.py:188} INFO - [2025-08-19T21:54:43.990+0000] {dagbag.py:538} INFO - Filling up the DagBag from /home/airflow/.local/lib/python3.8/site-packages/airflow/example_dags/example_dynamic_task_mapping.py
[2025-08-19T21:54:43.993+0000] {processor.py:840} INFO - DAG(s) 'example_dynamic_task_mapping' retrieved from /home/airflow/.local/lib/python3.8/site-packages/airflow/example_dags/example_dynamic_task_mapping.py
[2025-08-19T21:54:44.000+0000] {logging_mixin.py:188} INFO - [2025-08-19T21:54:44.000+0000] {dag.py:3036} INFO - Sync 1 DAGs
[2025-08-19T21:54:44.007+0000] {logging_mixin.py:188} INFO - [2025-08-19T21:54:44.007+0000] {dag.py:3823} INFO - Setting next_dagrun for example_dynamic_task_mapping to 2022-03-04 00:00:00+00:00, run_after=2022-03-05 00:00:00+00:00
[2025-08-19T21:54:44.013+0000] {processor.py:183} INFO - Processing /home/airflow/.local/lib/python3.8/site-packages/airflow/example_dags/example_dynamic_task_mapping.py took 0.025 seconds
[2025-08-19T21:55:14.499+0000] {processor.py:161} INFO - Started process (PID=648) to work on /home/airflow/.local/lib/python3.8/site-packages/airflow/example_dags/example_dynamic_task_mapping.py
[2025-08-19T21:55:14.499+0000] {processor.py:830} INFO - Processing file /home/airflow/.local/lib/python3.8/site-packages/airflow/example_dags/example_dynamic_task_mapping.py for tasks to queue
[2025-08-19T21:55:14.500+0000] {logging_mixin.py:188} INFO - [2025-08-19T21:55:14.500+0000] {dagbag.py:538} INFO - Filling up the DagBag from /home/airflow/.local/lib/python3.8/site-packages/airflow/example_dags/example_dynamic_task_mapping.py
[2025-08-19T21:55:14.502+0000] {processor.py:840} INFO - DAG(s) 'example_dynamic_task_mapping' retrieved from /home/airflow/.local/lib/python3.8/site-packages/airflow/example_dags/example_dynamic_task_mapping.py
[2025-08-19T21:55:14.509+0000] {logging_mixin.py:188} INFO - [2025-08-19T21:55:14.509+0000] {dag.py:3036} INFO - Sync 1 DAGs
[2025-08-19T21:55:14.516+0000] {logging_mixin.py:188} INFO - [2025-08-19T21:55:14.516+0000] {dag.py:3823} INFO - Setting next_dagrun for example_dynamic_task_mapping to 2022-03-04 00:00:00+00:00, run_after=2022-03-05 00:00:00+00:00
[2025-08-19T21:55:14.522+0000] {processor.py:183} INFO - Processing /home/airflow/.local/lib/python3.8/site-packages/airflow/example_dags/example_dynamic_task_mapping.py took 0.024 seconds
[2025-08-19T21:55:45.171+0000] {processor.py:161} INFO - Started process (PID=704) to work on /home/airflow/.local/lib/python3.8/site-packages/airflow/example_dags/example_dynamic_task_mapping.py
[2025-08-19T21:55:45.172+0000] {processor.py:830} INFO - Processing file /home/airflow/.local/lib/python3.8/site-packages/airflow/example_dags/example_dynamic_task_mapping.py for tasks to queue
[2025-08-19T21:55:45.173+0000] {logging_mixin.py:188} INFO - [2025-08-19T21:55:45.173+0000] {dagbag.py:538} INFO - Filling up the DagBag from /home/airflow/.local/lib/python3.8/site-packages/airflow/example_dags/example_dynamic_task_mapping.py
[2025-08-19T21:55:45.177+0000] {processor.py:840} INFO - DAG(s) 'example_dynamic_task_mapping' retrieved from /home/airflow/.local/lib/python3.8/site-packages/airflow/example_dags/example_dynamic_task_mapping.py
[2025-08-19T21:55:45.186+0000] {logging_mixin.py:188} INFO - [2025-08-19T21:55:45.186+0000] {dag.py:3036} INFO - Sync 1 DAGs
[2025-08-19T21:55:45.197+0000] {logging_mixin.py:188} INFO - [2025-08-19T21:55:45.196+0000] {dag.py:3823} INFO - Setting next_dagrun for example_dynamic_task_mapping to 2022-03-04 00:00:00+00:00, run_after=2022-03-05 00:00:00+00:00
[2025-08-19T21:55:45.203+0000] {processor.py:183} INFO - Processing /home/airflow/.local/lib/python3.8/site-packages/airflow/example_dags/example_dynamic_task_mapping.py took 0.034 seconds
[2025-08-19T21:56:15.765+0000] {processor.py:161} INFO - Started process (PID=760) to work on /home/airflow/.local/lib/python3.8/site-packages/airflow/example_dags/example_dynamic_task_mapping.py
[2025-08-19T21:56:15.765+0000] {processor.py:830} INFO - Processing file /home/airflow/.local/lib/python3.8/site-packages/airflow/example_dags/example_dynamic_task_mapping.py for tasks to queue
[2025-08-19T21:56:15.767+0000] {logging_mixin.py:188} INFO - [2025-08-19T21:56:15.766+0000] {dagbag.py:538} INFO - Filling up the DagBag from /home/airflow/.local/lib/python3.8/site-packages/airflow/example_dags/example_dynamic_task_mapping.py
[2025-08-19T21:56:15.769+0000] {processor.py:840} INFO - DAG(s) 'example_dynamic_task_mapping' retrieved from /home/airflow/.local/lib/python3.8/site-packages/airflow/example_dags/example_dynamic_task_mapping.py
[2025-08-19T21:56:15.778+0000] {logging_mixin.py:188} INFO - [2025-08-19T21:56:15.778+0000] {dag.py:3036} INFO - Sync 1 DAGs
[2025-08-19T21:56:15.786+0000] {logging_mixin.py:188} INFO - [2025-08-19T21:56:15.786+0000] {dag.py:3823} INFO - Setting next_dagrun for example_dynamic_task_mapping to 2022-03-04 00:00:00+00:00, run_after=2022-03-05 00:00:00+00:00
[2025-08-19T21:56:15.793+0000] {processor.py:183} INFO - Processing /home/airflow/.local/lib/python3.8/site-packages/airflow/example_dags/example_dynamic_task_mapping.py took 0.030 seconds
[2025-08-19T21:56:46.389+0000] {processor.py:161} INFO - Started process (PID=816) to work on /home/airflow/.local/lib/python3.8/site-packages/airflow/example_dags/example_dynamic_task_mapping.py
[2025-08-19T21:56:46.389+0000] {processor.py:830} INFO - Processing file /home/airflow/.local/lib/python3.8/site-packages/airflow/example_dags/example_dynamic_task_mapping.py for tasks to queue
[2025-08-19T21:56:46.393+0000] {logging_mixin.py:188} INFO - [2025-08-19T21:56:46.393+0000] {dagbag.py:538} INFO - Filling up the DagBag from /home/airflow/.local/lib/python3.8/site-packages/airflow/example_dags/example_dynamic_task_mapping.py
[2025-08-19T21:56:46.397+0000] {processor.py:840} INFO - DAG(s) 'example_dynamic_task_mapping' retrieved from /home/airflow/.local/lib/python3.8/site-packages/airflow/example_dags/example_dynamic_task_mapping.py
[2025-08-19T21:56:46.407+0000] {logging_mixin.py:188} INFO - [2025-08-19T21:56:46.407+0000] {dag.py:3036} INFO - Sync 1 DAGs
[2025-08-19T21:56:46.415+0000] {logging_mixin.py:188} INFO - [2025-08-19T21:56:46.415+0000] {dag.py:3823} INFO - Setting next_dagrun for example_dynamic_task_mapping to 2022-03-04 00:00:00+00:00, run_after=2022-03-05 00:00:00+00:00
[2025-08-19T21:56:46.422+0000] {processor.py:183} INFO - Processing /home/airflow/.local/lib/python3.8/site-packages/airflow/example_dags/example_dynamic_task_mapping.py took 0.035 seconds
[2025-08-19T21:57:17.047+0000] {processor.py:161} INFO - Started process (PID=872) to work on /home/airflow/.local/lib/python3.8/site-packages/airflow/example_dags/example_dynamic_task_mapping.py
[2025-08-19T21:57:17.048+0000] {processor.py:830} INFO - Processing file /home/airflow/.local/lib/python3.8/site-packages/airflow/example_dags/example_dynamic_task_mapping.py for tasks to queue
[2025-08-19T21:57:17.048+0000] {logging_mixin.py:188} INFO - [2025-08-19T21:57:17.048+0000] {dagbag.py:538} INFO - Filling up the DagBag from /home/airflow/.local/lib/python3.8/site-packages/airflow/example_dags/example_dynamic_task_mapping.py
[2025-08-19T21:57:17.051+0000] {processor.py:840} INFO - DAG(s) 'example_dynamic_task_mapping' retrieved from /home/airflow/.local/lib/python3.8/site-packages/airflow/example_dags/example_dynamic_task_mapping.py
[2025-08-19T21:57:17.060+0000] {logging_mixin.py:188} INFO - [2025-08-19T21:57:17.060+0000] {dag.py:3036} INFO - Sync 1 DAGs
[2025-08-19T21:57:17.069+0000] {logging_mixin.py:188} INFO - [2025-08-19T21:57:17.069+0000] {dag.py:3823} INFO - Setting next_dagrun for example_dynamic_task_mapping to 2022-03-04 00:00:00+00:00, run_after=2022-03-05 00:00:00+00:00
[2025-08-19T21:57:17.078+0000] {processor.py:183} INFO - Processing /home/airflow/.local/lib/python3.8/site-packages/airflow/example_dags/example_dynamic_task_mapping.py took 0.033 seconds
[2025-08-19T21:57:47.599+0000] {processor.py:161} INFO - Started process (PID=928) to work on /home/airflow/.local/lib/python3.8/site-packages/airflow/example_dags/example_dynamic_task_mapping.py
[2025-08-19T21:57:47.602+0000] {processor.py:830} INFO - Processing file /home/airflow/.local/lib/python3.8/site-packages/airflow/example_dags/example_dynamic_task_mapping.py for tasks to queue
[2025-08-19T21:57:47.603+0000] {logging_mixin.py:188} INFO - [2025-08-19T21:57:47.603+0000] {dagbag.py:538} INFO - Filling up the DagBag from /home/airflow/.local/lib/python3.8/site-packages/airflow/example_dags/example_dynamic_task_mapping.py
[2025-08-19T21:57:47.606+0000] {processor.py:840} INFO - DAG(s) 'example_dynamic_task_mapping' retrieved from /home/airflow/.local/lib/python3.8/site-packages/airflow/example_dags/example_dynamic_task_mapping.py
[2025-08-19T21:57:47.618+0000] {logging_mixin.py:188} INFO - [2025-08-19T21:57:47.618+0000] {dag.py:3036} INFO - Sync 1 DAGs
[2025-08-19T21:57:47.627+0000] {logging_mixin.py:188} INFO - [2025-08-19T21:57:47.626+0000] {dag.py:3823} INFO - Setting next_dagrun for example_dynamic_task_mapping to 2022-03-04 00:00:00+00:00, run_after=2022-03-05 00:00:00+00:00
[2025-08-19T21:57:47.635+0000] {processor.py:183} INFO - Processing /home/airflow/.local/lib/python3.8/site-packages/airflow/example_dags/example_dynamic_task_mapping.py took 0.038 seconds
[2025-08-19T21:58:18.160+0000] {processor.py:161} INFO - Started process (PID=984) to work on /home/airflow/.local/lib/python3.8/site-packages/airflow/example_dags/example_dynamic_task_mapping.py
[2025-08-19T21:58:18.161+0000] {processor.py:830} INFO - Processing file /home/airflow/.local/lib/python3.8/site-packages/airflow/example_dags/example_dynamic_task_mapping.py for tasks to queue
[2025-08-19T21:58:18.162+0000] {logging_mixin.py:188} INFO - [2025-08-19T21:58:18.162+0000] {dagbag.py:538} INFO - Filling up the DagBag from /home/airflow/.local/lib/python3.8/site-packages/airflow/example_dags/example_dynamic_task_mapping.py
[2025-08-19T21:58:18.165+0000] {processor.py:840} INFO - DAG(s) 'example_dynamic_task_mapping' retrieved from /home/airflow/.local/lib/python3.8/site-packages/airflow/example_dags/example_dynamic_task_mapping.py
[2025-08-19T21:58:18.175+0000] {logging_mixin.py:188} INFO - [2025-08-19T21:58:18.175+0000] {dag.py:3036} INFO - Sync 1 DAGs
[2025-08-19T21:58:18.186+0000] {logging_mixin.py:188} INFO - [2025-08-19T21:58:18.186+0000] {dag.py:3823} INFO - Setting next_dagrun for example_dynamic_task_mapping to 2022-03-04 00:00:00+00:00, run_after=2022-03-05 00:00:00+00:00
[2025-08-19T21:58:18.194+0000] {processor.py:183} INFO - Processing /home/airflow/.local/lib/python3.8/site-packages/airflow/example_dags/example_dynamic_task_mapping.py took 0.036 seconds
[2025-08-19T21:58:48.758+0000] {processor.py:161} INFO - Started process (PID=1040) to work on /home/airflow/.local/lib/python3.8/site-packages/airflow/example_dags/example_dynamic_task_mapping.py
[2025-08-19T21:58:48.761+0000] {processor.py:830} INFO - Processing file /home/airflow/.local/lib/python3.8/site-packages/airflow/example_dags/example_dynamic_task_mapping.py for tasks to queue
[2025-08-19T21:58:48.762+0000] {logging_mixin.py:188} INFO - [2025-08-19T21:58:48.762+0000] {dagbag.py:538} INFO - Filling up the DagBag from /home/airflow/.local/lib/python3.8/site-packages/airflow/example_dags/example_dynamic_task_mapping.py
[2025-08-19T21:58:48.765+0000] {processor.py:840} INFO - DAG(s) 'example_dynamic_task_mapping' retrieved from /home/airflow/.local/lib/python3.8/site-packages/airflow/example_dags/example_dynamic_task_mapping.py
[2025-08-19T21:58:48.775+0000] {logging_mixin.py:188} INFO - [2025-08-19T21:58:48.775+0000] {dag.py:3036} INFO - Sync 1 DAGs
[2025-08-19T21:58:48.785+0000] {logging_mixin.py:188} INFO - [2025-08-19T21:58:48.785+0000] {dag.py:3823} INFO - Setting next_dagrun for example_dynamic_task_mapping to 2022-03-04 00:00:00+00:00, run_after=2022-03-05 00:00:00+00:00
[2025-08-19T21:58:48.793+0000] {processor.py:183} INFO - Processing /home/airflow/.local/lib/python3.8/site-packages/airflow/example_dags/example_dynamic_task_mapping.py took 0.037 seconds
[2025-08-19T21:59:19.261+0000] {processor.py:161} INFO - Started process (PID=1096) to work on /home/airflow/.local/lib/python3.8/site-packages/airflow/example_dags/example_dynamic_task_mapping.py
[2025-08-19T21:59:19.264+0000] {processor.py:830} INFO - Processing file /home/airflow/.local/lib/python3.8/site-packages/airflow/example_dags/example_dynamic_task_mapping.py for tasks to queue
[2025-08-19T21:59:19.265+0000] {logging_mixin.py:188} INFO - [2025-08-19T21:59:19.265+0000] {dagbag.py:538} INFO - Filling up the DagBag from /home/airflow/.local/lib/python3.8/site-packages/airflow/example_dags/example_dynamic_task_mapping.py
[2025-08-19T21:59:19.268+0000] {processor.py:840} INFO - DAG(s) 'example_dynamic_task_mapping' retrieved from /home/airflow/.local/lib/python3.8/site-packages/airflow/example_dags/example_dynamic_task_mapping.py
[2025-08-19T21:59:19.276+0000] {logging_mixin.py:188} INFO - [2025-08-19T21:59:19.276+0000] {dag.py:3036} INFO - Sync 1 DAGs
[2025-08-19T21:59:19.284+0000] {logging_mixin.py:188} INFO - [2025-08-19T21:59:19.284+0000] {dag.py:3823} INFO - Setting next_dagrun for example_dynamic_task_mapping to 2022-03-04 00:00:00+00:00, run_after=2022-03-05 00:00:00+00:00
[2025-08-19T21:59:19.292+0000] {processor.py:183} INFO - Processing /home/airflow/.local/lib/python3.8/site-packages/airflow/example_dags/example_dynamic_task_mapping.py took 0.033 seconds
[2025-08-19T21:59:49.790+0000] {processor.py:161} INFO - Started process (PID=1152) to work on /home/airflow/.local/lib/python3.8/site-packages/airflow/example_dags/example_dynamic_task_mapping.py
[2025-08-19T21:59:49.791+0000] {processor.py:830} INFO - Processing file /home/airflow/.local/lib/python3.8/site-packages/airflow/example_dags/example_dynamic_task_mapping.py for tasks to queue
[2025-08-19T21:59:49.792+0000] {logging_mixin.py:188} INFO - [2025-08-19T21:59:49.792+0000] {dagbag.py:538} INFO - Filling up the DagBag from /home/airflow/.local/lib/python3.8/site-packages/airflow/example_dags/example_dynamic_task_mapping.py
[2025-08-19T21:59:49.795+0000] {processor.py:840} INFO - DAG(s) 'example_dynamic_task_mapping' retrieved from /home/airflow/.local/lib/python3.8/site-packages/airflow/example_dags/example_dynamic_task_mapping.py
[2025-08-19T21:59:49.802+0000] {logging_mixin.py:188} INFO - [2025-08-19T21:59:49.802+0000] {dag.py:3036} INFO - Sync 1 DAGs
[2025-08-19T21:59:49.809+0000] {logging_mixin.py:188} INFO - [2025-08-19T21:59:49.809+0000] {dag.py:3823} INFO - Setting next_dagrun for example_dynamic_task_mapping to 2022-03-04 00:00:00+00:00, run_after=2022-03-05 00:00:00+00:00
[2025-08-19T21:59:49.814+0000] {processor.py:183} INFO - Processing /home/airflow/.local/lib/python3.8/site-packages/airflow/example_dags/example_dynamic_task_mapping.py took 0.026 seconds
[2025-08-19T22:00:20.344+0000] {processor.py:161} INFO - Started process (PID=1208) to work on /home/airflow/.local/lib/python3.8/site-packages/airflow/example_dags/example_dynamic_task_mapping.py
[2025-08-19T22:00:20.346+0000] {processor.py:830} INFO - Processing file /home/airflow/.local/lib/python3.8/site-packages/airflow/example_dags/example_dynamic_task_mapping.py for tasks to queue
[2025-08-19T22:00:20.347+0000] {logging_mixin.py:188} INFO - [2025-08-19T22:00:20.346+0000] {dagbag.py:538} INFO - Filling up the DagBag from /home/airflow/.local/lib/python3.8/site-packages/airflow/example_dags/example_dynamic_task_mapping.py
[2025-08-19T22:00:20.350+0000] {processor.py:840} INFO - DAG(s) 'example_dynamic_task_mapping' retrieved from /home/airflow/.local/lib/python3.8/site-packages/airflow/example_dags/example_dynamic_task_mapping.py
[2025-08-19T22:00:20.361+0000] {logging_mixin.py:188} INFO - [2025-08-19T22:00:20.361+0000] {dag.py:3036} INFO - Sync 1 DAGs
[2025-08-19T22:00:20.370+0000] {logging_mixin.py:188} INFO - [2025-08-19T22:00:20.370+0000] {dag.py:3823} INFO - Setting next_dagrun for example_dynamic_task_mapping to 2022-03-04 00:00:00+00:00, run_after=2022-03-05 00:00:00+00:00
[2025-08-19T22:00:20.377+0000] {processor.py:183} INFO - Processing /home/airflow/.local/lib/python3.8/site-packages/airflow/example_dags/example_dynamic_task_mapping.py took 0.034 seconds
[2025-08-19T22:00:50.907+0000] {processor.py:161} INFO - Started process (PID=1264) to work on /home/airflow/.local/lib/python3.8/site-packages/airflow/example_dags/example_dynamic_task_mapping.py
[2025-08-19T22:00:50.907+0000] {processor.py:830} INFO - Processing file /home/airflow/.local/lib/python3.8/site-packages/airflow/example_dags/example_dynamic_task_mapping.py for tasks to queue
[2025-08-19T22:00:50.908+0000] {logging_mixin.py:188} INFO - [2025-08-19T22:00:50.908+0000] {dagbag.py:538} INFO - Filling up the DagBag from /home/airflow/.local/lib/python3.8/site-packages/airflow/example_dags/example_dynamic_task_mapping.py
[2025-08-19T22:00:50.911+0000] {processor.py:840} INFO - DAG(s) 'example_dynamic_task_mapping' retrieved from /home/airflow/.local/lib/python3.8/site-packages/airflow/example_dags/example_dynamic_task_mapping.py
[2025-08-19T22:00:50.920+0000] {logging_mixin.py:188} INFO - [2025-08-19T22:00:50.920+0000] {dag.py:3036} INFO - Sync 1 DAGs
[2025-08-19T22:00:50.928+0000] {logging_mixin.py:188} INFO - [2025-08-19T22:00:50.928+0000] {dag.py:3823} INFO - Setting next_dagrun for example_dynamic_task_mapping to 2022-03-04 00:00:00+00:00, run_after=2022-03-05 00:00:00+00:00
[2025-08-19T22:00:50.942+0000] {processor.py:183} INFO - Processing /home/airflow/.local/lib/python3.8/site-packages/airflow/example_dags/example_dynamic_task_mapping.py took 0.037 seconds
[2025-08-19T22:01:21.922+0000] {processor.py:161} INFO - Started process (PID=1320) to work on /home/airflow/.local/lib/python3.8/site-packages/airflow/example_dags/example_dynamic_task_mapping.py
[2025-08-19T22:01:21.922+0000] {processor.py:830} INFO - Processing file /home/airflow/.local/lib/python3.8/site-packages/airflow/example_dags/example_dynamic_task_mapping.py for tasks to queue
[2025-08-19T22:01:21.923+0000] {logging_mixin.py:188} INFO - [2025-08-19T22:01:21.923+0000] {dagbag.py:538} INFO - Filling up the DagBag from /home/airflow/.local/lib/python3.8/site-packages/airflow/example_dags/example_dynamic_task_mapping.py
[2025-08-19T22:01:21.927+0000] {processor.py:840} INFO - DAG(s) 'example_dynamic_task_mapping' retrieved from /home/airflow/.local/lib/python3.8/site-packages/airflow/example_dags/example_dynamic_task_mapping.py
[2025-08-19T22:01:21.945+0000] {logging_mixin.py:188} INFO - [2025-08-19T22:01:21.945+0000] {dag.py:3036} INFO - Sync 1 DAGs
[2025-08-19T22:01:21.962+0000] {logging_mixin.py:188} INFO - [2025-08-19T22:01:21.962+0000] {dag.py:3823} INFO - Setting next_dagrun for example_dynamic_task_mapping to 2022-03-04 00:00:00+00:00, run_after=2022-03-05 00:00:00+00:00
[2025-08-19T22:01:21.980+0000] {processor.py:183} INFO - Processing /home/airflow/.local/lib/python3.8/site-packages/airflow/example_dags/example_dynamic_task_mapping.py took 0.061 seconds
[2025-08-19T22:01:52.915+0000] {processor.py:161} INFO - Started process (PID=1376) to work on /home/airflow/.local/lib/python3.8/site-packages/airflow/example_dags/example_dynamic_task_mapping.py
[2025-08-19T22:01:52.916+0000] {processor.py:830} INFO - Processing file /home/airflow/.local/lib/python3.8/site-packages/airflow/example_dags/example_dynamic_task_mapping.py for tasks to queue
[2025-08-19T22:01:52.917+0000] {logging_mixin.py:188} INFO - [2025-08-19T22:01:52.917+0000] {dagbag.py:538} INFO - Filling up the DagBag from /home/airflow/.local/lib/python3.8/site-packages/airflow/example_dags/example_dynamic_task_mapping.py
[2025-08-19T22:01:52.921+0000] {processor.py:840} INFO - DAG(s) 'example_dynamic_task_mapping' retrieved from /home/airflow/.local/lib/python3.8/site-packages/airflow/example_dags/example_dynamic_task_mapping.py
[2025-08-19T22:01:52.934+0000] {logging_mixin.py:188} INFO - [2025-08-19T22:01:52.934+0000] {dag.py:3036} INFO - Sync 1 DAGs
[2025-08-19T22:01:52.943+0000] {logging_mixin.py:188} INFO - [2025-08-19T22:01:52.943+0000] {dag.py:3823} INFO - Setting next_dagrun for example_dynamic_task_mapping to 2022-03-04 00:00:00+00:00, run_after=2022-03-05 00:00:00+00:00
[2025-08-19T22:01:52.950+0000] {processor.py:183} INFO - Processing /home/airflow/.local/lib/python3.8/site-packages/airflow/example_dags/example_dynamic_task_mapping.py took 0.037 seconds
[2025-08-19T22:02:23.813+0000] {processor.py:161} INFO - Started process (PID=1432) to work on /home/airflow/.local/lib/python3.8/site-packages/airflow/example_dags/example_dynamic_task_mapping.py
[2025-08-19T22:02:23.814+0000] {processor.py:830} INFO - Processing file /home/airflow/.local/lib/python3.8/site-packages/airflow/example_dags/example_dynamic_task_mapping.py for tasks to queue
[2025-08-19T22:02:23.816+0000] {logging_mixin.py:188} INFO - [2025-08-19T22:02:23.815+0000] {dagbag.py:538} INFO - Filling up the DagBag from /home/airflow/.local/lib/python3.8/site-packages/airflow/example_dags/example_dynamic_task_mapping.py
[2025-08-19T22:02:23.821+0000] {processor.py:840} INFO - DAG(s) 'example_dynamic_task_mapping' retrieved from /home/airflow/.local/lib/python3.8/site-packages/airflow/example_dags/example_dynamic_task_mapping.py
[2025-08-19T22:02:23.833+0000] {logging_mixin.py:188} INFO - [2025-08-19T22:02:23.833+0000] {dag.py:3036} INFO - Sync 1 DAGs
[2025-08-19T22:02:23.841+0000] {logging_mixin.py:188} INFO - [2025-08-19T22:02:23.841+0000] {dag.py:3823} INFO - Setting next_dagrun for example_dynamic_task_mapping to 2022-03-04 00:00:00+00:00, run_after=2022-03-05 00:00:00+00:00
[2025-08-19T22:02:23.849+0000] {processor.py:183} INFO - Processing /home/airflow/.local/lib/python3.8/site-packages/airflow/example_dags/example_dynamic_task_mapping.py took 0.038 seconds
[2025-08-19T22:02:54.694+0000] {processor.py:161} INFO - Started process (PID=1488) to work on /home/airflow/.local/lib/python3.8/site-packages/airflow/example_dags/example_dynamic_task_mapping.py
[2025-08-19T22:02:54.695+0000] {processor.py:830} INFO - Processing file /home/airflow/.local/lib/python3.8/site-packages/airflow/example_dags/example_dynamic_task_mapping.py for tasks to queue
[2025-08-19T22:02:54.696+0000] {logging_mixin.py:188} INFO - [2025-08-19T22:02:54.696+0000] {dagbag.py:538} INFO - Filling up the DagBag from /home/airflow/.local/lib/python3.8/site-packages/airflow/example_dags/example_dynamic_task_mapping.py
[2025-08-19T22:02:54.700+0000] {processor.py:840} INFO - DAG(s) 'example_dynamic_task_mapping' retrieved from /home/airflow/.local/lib/python3.8/site-packages/airflow/example_dags/example_dynamic_task_mapping.py
[2025-08-19T22:02:54.714+0000] {logging_mixin.py:188} INFO - [2025-08-19T22:02:54.713+0000] {dag.py:3036} INFO - Sync 1 DAGs
[2025-08-19T22:02:54.725+0000] {logging_mixin.py:188} INFO - [2025-08-19T22:02:54.725+0000] {dag.py:3823} INFO - Setting next_dagrun for example_dynamic_task_mapping to 2022-03-04 00:00:00+00:00, run_after=2022-03-05 00:00:00+00:00
[2025-08-19T22:02:54.738+0000] {processor.py:183} INFO - Processing /home/airflow/.local/lib/python3.8/site-packages/airflow/example_dags/example_dynamic_task_mapping.py took 0.046 seconds
[2025-08-19T22:03:24.770+0000] {processor.py:161} INFO - Started process (PID=1544) to work on /home/airflow/.local/lib/python3.8/site-packages/airflow/example_dags/example_dynamic_task_mapping.py
[2025-08-19T22:03:24.771+0000] {processor.py:830} INFO - Processing file /home/airflow/.local/lib/python3.8/site-packages/airflow/example_dags/example_dynamic_task_mapping.py for tasks to queue
[2025-08-19T22:03:24.772+0000] {logging_mixin.py:188} INFO - [2025-08-19T22:03:24.771+0000] {dagbag.py:538} INFO - Filling up the DagBag from /home/airflow/.local/lib/python3.8/site-packages/airflow/example_dags/example_dynamic_task_mapping.py
[2025-08-19T22:03:24.774+0000] {processor.py:840} INFO - DAG(s) 'example_dynamic_task_mapping' retrieved from /home/airflow/.local/lib/python3.8/site-packages/airflow/example_dags/example_dynamic_task_mapping.py
[2025-08-19T22:03:24.781+0000] {logging_mixin.py:188} INFO - [2025-08-19T22:03:24.781+0000] {dag.py:3036} INFO - Sync 1 DAGs
[2025-08-19T22:03:24.789+0000] {logging_mixin.py:188} INFO - [2025-08-19T22:03:24.789+0000] {dag.py:3823} INFO - Setting next_dagrun for example_dynamic_task_mapping to 2022-03-04 00:00:00+00:00, run_after=2022-03-05 00:00:00+00:00
[2025-08-19T22:03:24.795+0000] {processor.py:183} INFO - Processing /home/airflow/.local/lib/python3.8/site-packages/airflow/example_dags/example_dynamic_task_mapping.py took 0.026 seconds
[2025-08-19T22:03:55.473+0000] {processor.py:161} INFO - Started process (PID=1600) to work on /home/airflow/.local/lib/python3.8/site-packages/airflow/example_dags/example_dynamic_task_mapping.py
[2025-08-19T22:03:55.474+0000] {processor.py:830} INFO - Processing file /home/airflow/.local/lib/python3.8/site-packages/airflow/example_dags/example_dynamic_task_mapping.py for tasks to queue
[2025-08-19T22:03:55.474+0000] {logging_mixin.py:188} INFO - [2025-08-19T22:03:55.474+0000] {dagbag.py:538} INFO - Filling up the DagBag from /home/airflow/.local/lib/python3.8/site-packages/airflow/example_dags/example_dynamic_task_mapping.py
[2025-08-19T22:03:55.477+0000] {processor.py:840} INFO - DAG(s) 'example_dynamic_task_mapping' retrieved from /home/airflow/.local/lib/python3.8/site-packages/airflow/example_dags/example_dynamic_task_mapping.py
[2025-08-19T22:03:55.484+0000] {logging_mixin.py:188} INFO - [2025-08-19T22:03:55.483+0000] {dag.py:3036} INFO - Sync 1 DAGs
[2025-08-19T22:03:55.490+0000] {logging_mixin.py:188} INFO - [2025-08-19T22:03:55.490+0000] {dag.py:3823} INFO - Setting next_dagrun for example_dynamic_task_mapping to 2022-03-04 00:00:00+00:00, run_after=2022-03-05 00:00:00+00:00
[2025-08-19T22:03:55.497+0000] {processor.py:183} INFO - Processing /home/airflow/.local/lib/python3.8/site-packages/airflow/example_dags/example_dynamic_task_mapping.py took 0.025 seconds
[2025-08-19T22:04:25.916+0000] {processor.py:161} INFO - Started process (PID=1656) to work on /home/airflow/.local/lib/python3.8/site-packages/airflow/example_dags/example_dynamic_task_mapping.py
[2025-08-19T22:04:25.917+0000] {processor.py:830} INFO - Processing file /home/airflow/.local/lib/python3.8/site-packages/airflow/example_dags/example_dynamic_task_mapping.py for tasks to queue
[2025-08-19T22:04:25.918+0000] {logging_mixin.py:188} INFO - [2025-08-19T22:04:25.918+0000] {dagbag.py:538} INFO - Filling up the DagBag from /home/airflow/.local/lib/python3.8/site-packages/airflow/example_dags/example_dynamic_task_mapping.py
[2025-08-19T22:04:25.920+0000] {processor.py:840} INFO - DAG(s) 'example_dynamic_task_mapping' retrieved from /home/airflow/.local/lib/python3.8/site-packages/airflow/example_dags/example_dynamic_task_mapping.py
[2025-08-19T22:04:25.928+0000] {logging_mixin.py:188} INFO - [2025-08-19T22:04:25.928+0000] {dag.py:3036} INFO - Sync 1 DAGs
[2025-08-19T22:04:25.937+0000] {logging_mixin.py:188} INFO - [2025-08-19T22:04:25.937+0000] {dag.py:3823} INFO - Setting next_dagrun for example_dynamic_task_mapping to 2022-03-04 00:00:00+00:00, run_after=2022-03-05 00:00:00+00:00
[2025-08-19T22:04:25.944+0000] {processor.py:183} INFO - Processing /home/airflow/.local/lib/python3.8/site-packages/airflow/example_dags/example_dynamic_task_mapping.py took 0.029 seconds
[2025-08-19T22:04:56.377+0000] {processor.py:161} INFO - Started process (PID=1712) to work on /home/airflow/.local/lib/python3.8/site-packages/airflow/example_dags/example_dynamic_task_mapping.py
[2025-08-19T22:04:56.377+0000] {processor.py:830} INFO - Processing file /home/airflow/.local/lib/python3.8/site-packages/airflow/example_dags/example_dynamic_task_mapping.py for tasks to queue
[2025-08-19T22:04:56.378+0000] {logging_mixin.py:188} INFO - [2025-08-19T22:04:56.378+0000] {dagbag.py:538} INFO - Filling up the DagBag from /home/airflow/.local/lib/python3.8/site-packages/airflow/example_dags/example_dynamic_task_mapping.py
[2025-08-19T22:04:56.381+0000] {processor.py:840} INFO - DAG(s) 'example_dynamic_task_mapping' retrieved from /home/airflow/.local/lib/python3.8/site-packages/airflow/example_dags/example_dynamic_task_mapping.py
[2025-08-19T22:04:56.389+0000] {logging_mixin.py:188} INFO - [2025-08-19T22:04:56.389+0000] {dag.py:3036} INFO - Sync 1 DAGs
[2025-08-19T22:04:56.397+0000] {logging_mixin.py:188} INFO - [2025-08-19T22:04:56.397+0000] {dag.py:3823} INFO - Setting next_dagrun for example_dynamic_task_mapping to 2022-03-04 00:00:00+00:00, run_after=2022-03-05 00:00:00+00:00
[2025-08-19T22:04:56.409+0000] {processor.py:183} INFO - Processing /home/airflow/.local/lib/python3.8/site-packages/airflow/example_dags/example_dynamic_task_mapping.py took 0.033 seconds
[2025-08-19T22:05:27.370+0000] {processor.py:161} INFO - Started process (PID=1768) to work on /home/airflow/.local/lib/python3.8/site-packages/airflow/example_dags/example_dynamic_task_mapping.py
[2025-08-19T22:05:27.371+0000] {processor.py:830} INFO - Processing file /home/airflow/.local/lib/python3.8/site-packages/airflow/example_dags/example_dynamic_task_mapping.py for tasks to queue
[2025-08-19T22:05:27.371+0000] {logging_mixin.py:188} INFO - [2025-08-19T22:05:27.371+0000] {dagbag.py:538} INFO - Filling up the DagBag from /home/airflow/.local/lib/python3.8/site-packages/airflow/example_dags/example_dynamic_task_mapping.py
[2025-08-19T22:05:27.375+0000] {processor.py:840} INFO - DAG(s) 'example_dynamic_task_mapping' retrieved from /home/airflow/.local/lib/python3.8/site-packages/airflow/example_dags/example_dynamic_task_mapping.py
[2025-08-19T22:05:27.385+0000] {logging_mixin.py:188} INFO - [2025-08-19T22:05:27.385+0000] {dag.py:3036} INFO - Sync 1 DAGs
[2025-08-19T22:05:27.393+0000] {logging_mixin.py:188} INFO - [2025-08-19T22:05:27.393+0000] {dag.py:3823} INFO - Setting next_dagrun for example_dynamic_task_mapping to 2022-03-04 00:00:00+00:00, run_after=2022-03-05 00:00:00+00:00
[2025-08-19T22:05:27.403+0000] {processor.py:183} INFO - Processing /home/airflow/.local/lib/python3.8/site-packages/airflow/example_dags/example_dynamic_task_mapping.py took 0.034 seconds
[2025-08-19T22:05:58.000+0000] {processor.py:161} INFO - Started process (PID=1824) to work on /home/airflow/.local/lib/python3.8/site-packages/airflow/example_dags/example_dynamic_task_mapping.py
[2025-08-19T22:05:58.001+0000] {processor.py:830} INFO - Processing file /home/airflow/.local/lib/python3.8/site-packages/airflow/example_dags/example_dynamic_task_mapping.py for tasks to queue
[2025-08-19T22:05:58.002+0000] {logging_mixin.py:188} INFO - [2025-08-19T22:05:58.002+0000] {dagbag.py:538} INFO - Filling up the DagBag from /home/airflow/.local/lib/python3.8/site-packages/airflow/example_dags/example_dynamic_task_mapping.py
[2025-08-19T22:05:58.005+0000] {processor.py:840} INFO - DAG(s) 'example_dynamic_task_mapping' retrieved from /home/airflow/.local/lib/python3.8/site-packages/airflow/example_dags/example_dynamic_task_mapping.py
[2025-08-19T22:05:58.013+0000] {logging_mixin.py:188} INFO - [2025-08-19T22:05:58.013+0000] {dag.py:3036} INFO - Sync 1 DAGs
[2025-08-19T22:05:58.021+0000] {logging_mixin.py:188} INFO - [2025-08-19T22:05:58.020+0000] {dag.py:3823} INFO - Setting next_dagrun for example_dynamic_task_mapping to 2022-03-04 00:00:00+00:00, run_after=2022-03-05 00:00:00+00:00
[2025-08-19T22:05:58.026+0000] {processor.py:183} INFO - Processing /home/airflow/.local/lib/python3.8/site-packages/airflow/example_dags/example_dynamic_task_mapping.py took 0.027 seconds
[2025-08-19T22:06:28.412+0000] {processor.py:161} INFO - Started process (PID=1880) to work on /home/airflow/.local/lib/python3.8/site-packages/airflow/example_dags/example_dynamic_task_mapping.py
[2025-08-19T22:06:28.413+0000] {processor.py:830} INFO - Processing file /home/airflow/.local/lib/python3.8/site-packages/airflow/example_dags/example_dynamic_task_mapping.py for tasks to queue
[2025-08-19T22:06:28.414+0000] {logging_mixin.py:188} INFO - [2025-08-19T22:06:28.414+0000] {dagbag.py:538} INFO - Filling up the DagBag from /home/airflow/.local/lib/python3.8/site-packages/airflow/example_dags/example_dynamic_task_mapping.py
[2025-08-19T22:06:28.416+0000] {processor.py:840} INFO - DAG(s) 'example_dynamic_task_mapping' retrieved from /home/airflow/.local/lib/python3.8/site-packages/airflow/example_dags/example_dynamic_task_mapping.py
[2025-08-19T22:06:28.424+0000] {logging_mixin.py:188} INFO - [2025-08-19T22:06:28.424+0000] {dag.py:3036} INFO - Sync 1 DAGs
[2025-08-19T22:06:28.431+0000] {logging_mixin.py:188} INFO - [2025-08-19T22:06:28.431+0000] {dag.py:3823} INFO - Setting next_dagrun for example_dynamic_task_mapping to 2022-03-04 00:00:00+00:00, run_after=2022-03-05 00:00:00+00:00
[2025-08-19T22:06:28.439+0000] {processor.py:183} INFO - Processing /home/airflow/.local/lib/python3.8/site-packages/airflow/example_dags/example_dynamic_task_mapping.py took 0.029 seconds
[2025-08-19T22:06:59.330+0000] {processor.py:161} INFO - Started process (PID=1936) to work on /home/airflow/.local/lib/python3.8/site-packages/airflow/example_dags/example_dynamic_task_mapping.py
[2025-08-19T22:06:59.331+0000] {processor.py:830} INFO - Processing file /home/airflow/.local/lib/python3.8/site-packages/airflow/example_dags/example_dynamic_task_mapping.py for tasks to queue
[2025-08-19T22:06:59.332+0000] {logging_mixin.py:188} INFO - [2025-08-19T22:06:59.332+0000] {dagbag.py:538} INFO - Filling up the DagBag from /home/airflow/.local/lib/python3.8/site-packages/airflow/example_dags/example_dynamic_task_mapping.py
[2025-08-19T22:06:59.335+0000] {processor.py:840} INFO - DAG(s) 'example_dynamic_task_mapping' retrieved from /home/airflow/.local/lib/python3.8/site-packages/airflow/example_dags/example_dynamic_task_mapping.py
[2025-08-19T22:06:59.342+0000] {logging_mixin.py:188} INFO - [2025-08-19T22:06:59.342+0000] {dag.py:3036} INFO - Sync 1 DAGs
[2025-08-19T22:06:59.353+0000] {logging_mixin.py:188} INFO - [2025-08-19T22:06:59.353+0000] {dag.py:3823} INFO - Setting next_dagrun for example_dynamic_task_mapping to 2022-03-04 00:00:00+00:00, run_after=2022-03-05 00:00:00+00:00
[2025-08-19T22:06:59.373+0000] {processor.py:183} INFO - Processing /home/airflow/.local/lib/python3.8/site-packages/airflow/example_dags/example_dynamic_task_mapping.py took 0.044 seconds
[2025-08-19T22:07:30.198+0000] {processor.py:161} INFO - Started process (PID=1992) to work on /home/airflow/.local/lib/python3.8/site-packages/airflow/example_dags/example_dynamic_task_mapping.py
[2025-08-19T22:07:30.199+0000] {processor.py:830} INFO - Processing file /home/airflow/.local/lib/python3.8/site-packages/airflow/example_dags/example_dynamic_task_mapping.py for tasks to queue
[2025-08-19T22:07:30.199+0000] {logging_mixin.py:188} INFO - [2025-08-19T22:07:30.199+0000] {dagbag.py:538} INFO - Filling up the DagBag from /home/airflow/.local/lib/python3.8/site-packages/airflow/example_dags/example_dynamic_task_mapping.py
[2025-08-19T22:07:30.202+0000] {processor.py:840} INFO - DAG(s) 'example_dynamic_task_mapping' retrieved from /home/airflow/.local/lib/python3.8/site-packages/airflow/example_dags/example_dynamic_task_mapping.py
[2025-08-19T22:07:30.209+0000] {logging_mixin.py:188} INFO - [2025-08-19T22:07:30.209+0000] {dag.py:3036} INFO - Sync 1 DAGs
[2025-08-19T22:07:30.216+0000] {logging_mixin.py:188} INFO - [2025-08-19T22:07:30.215+0000] {dag.py:3823} INFO - Setting next_dagrun for example_dynamic_task_mapping to 2022-03-04 00:00:00+00:00, run_after=2022-03-05 00:00:00+00:00
[2025-08-19T22:07:30.221+0000] {processor.py:183} INFO - Processing /home/airflow/.local/lib/python3.8/site-packages/airflow/example_dags/example_dynamic_task_mapping.py took 0.024 seconds
[2025-08-19T22:08:01.010+0000] {processor.py:161} INFO - Started process (PID=2048) to work on /home/airflow/.local/lib/python3.8/site-packages/airflow/example_dags/example_dynamic_task_mapping.py
[2025-08-19T22:08:01.012+0000] {processor.py:830} INFO - Processing file /home/airflow/.local/lib/python3.8/site-packages/airflow/example_dags/example_dynamic_task_mapping.py for tasks to queue
[2025-08-19T22:08:01.013+0000] {logging_mixin.py:188} INFO - [2025-08-19T22:08:01.013+0000] {dagbag.py:538} INFO - Filling up the DagBag from /home/airflow/.local/lib/python3.8/site-packages/airflow/example_dags/example_dynamic_task_mapping.py
[2025-08-19T22:08:01.017+0000] {processor.py:840} INFO - DAG(s) 'example_dynamic_task_mapping' retrieved from /home/airflow/.local/lib/python3.8/site-packages/airflow/example_dags/example_dynamic_task_mapping.py
[2025-08-19T22:08:01.027+0000] {logging_mixin.py:188} INFO - [2025-08-19T22:08:01.027+0000] {dag.py:3036} INFO - Sync 1 DAGs
[2025-08-19T22:08:01.035+0000] {logging_mixin.py:188} INFO - [2025-08-19T22:08:01.035+0000] {dag.py:3823} INFO - Setting next_dagrun for example_dynamic_task_mapping to 2022-03-04 00:00:00+00:00, run_after=2022-03-05 00:00:00+00:00
[2025-08-19T22:08:01.048+0000] {processor.py:183} INFO - Processing /home/airflow/.local/lib/python3.8/site-packages/airflow/example_dags/example_dynamic_task_mapping.py took 0.040 seconds
[2025-08-19T22:08:31.761+0000] {processor.py:161} INFO - Started process (PID=2104) to work on /home/airflow/.local/lib/python3.8/site-packages/airflow/example_dags/example_dynamic_task_mapping.py
[2025-08-19T22:08:31.763+0000] {processor.py:830} INFO - Processing file /home/airflow/.local/lib/python3.8/site-packages/airflow/example_dags/example_dynamic_task_mapping.py for tasks to queue
[2025-08-19T22:08:31.764+0000] {logging_mixin.py:188} INFO - [2025-08-19T22:08:31.764+0000] {dagbag.py:538} INFO - Filling up the DagBag from /home/airflow/.local/lib/python3.8/site-packages/airflow/example_dags/example_dynamic_task_mapping.py
[2025-08-19T22:08:31.766+0000] {processor.py:840} INFO - DAG(s) 'example_dynamic_task_mapping' retrieved from /home/airflow/.local/lib/python3.8/site-packages/airflow/example_dags/example_dynamic_task_mapping.py
[2025-08-19T22:08:31.776+0000] {logging_mixin.py:188} INFO - [2025-08-19T22:08:31.776+0000] {dag.py:3036} INFO - Sync 1 DAGs
[2025-08-19T22:08:31.786+0000] {logging_mixin.py:188} INFO - [2025-08-19T22:08:31.786+0000] {dag.py:3823} INFO - Setting next_dagrun for example_dynamic_task_mapping to 2022-03-04 00:00:00+00:00, run_after=2022-03-05 00:00:00+00:00
[2025-08-19T22:08:31.796+0000] {processor.py:183} INFO - Processing /home/airflow/.local/lib/python3.8/site-packages/airflow/example_dags/example_dynamic_task_mapping.py took 0.036 seconds
[2025-08-19T22:09:02.203+0000] {processor.py:161} INFO - Started process (PID=2160) to work on /home/airflow/.local/lib/python3.8/site-packages/airflow/example_dags/example_dynamic_task_mapping.py
[2025-08-19T22:09:02.203+0000] {processor.py:830} INFO - Processing file /home/airflow/.local/lib/python3.8/site-packages/airflow/example_dags/example_dynamic_task_mapping.py for tasks to queue
[2025-08-19T22:09:02.204+0000] {logging_mixin.py:188} INFO - [2025-08-19T22:09:02.204+0000] {dagbag.py:538} INFO - Filling up the DagBag from /home/airflow/.local/lib/python3.8/site-packages/airflow/example_dags/example_dynamic_task_mapping.py
[2025-08-19T22:09:02.206+0000] {processor.py:840} INFO - DAG(s) 'example_dynamic_task_mapping' retrieved from /home/airflow/.local/lib/python3.8/site-packages/airflow/example_dags/example_dynamic_task_mapping.py
[2025-08-19T22:09:02.213+0000] {logging_mixin.py:188} INFO - [2025-08-19T22:09:02.213+0000] {dag.py:3036} INFO - Sync 1 DAGs
[2025-08-19T22:09:02.220+0000] {logging_mixin.py:188} INFO - [2025-08-19T22:09:02.220+0000] {dag.py:3823} INFO - Setting next_dagrun for example_dynamic_task_mapping to 2022-03-04 00:00:00+00:00, run_after=2022-03-05 00:00:00+00:00
[2025-08-19T22:09:02.225+0000] {processor.py:183} INFO - Processing /home/airflow/.local/lib/python3.8/site-packages/airflow/example_dags/example_dynamic_task_mapping.py took 0.023 seconds
[2025-08-19T22:09:33.008+0000] {processor.py:161} INFO - Started process (PID=2216) to work on /home/airflow/.local/lib/python3.8/site-packages/airflow/example_dags/example_dynamic_task_mapping.py
[2025-08-19T22:09:33.009+0000] {processor.py:830} INFO - Processing file /home/airflow/.local/lib/python3.8/site-packages/airflow/example_dags/example_dynamic_task_mapping.py for tasks to queue
[2025-08-19T22:09:33.010+0000] {logging_mixin.py:188} INFO - [2025-08-19T22:09:33.010+0000] {dagbag.py:538} INFO - Filling up the DagBag from /home/airflow/.local/lib/python3.8/site-packages/airflow/example_dags/example_dynamic_task_mapping.py
[2025-08-19T22:09:33.013+0000] {processor.py:840} INFO - DAG(s) 'example_dynamic_task_mapping' retrieved from /home/airflow/.local/lib/python3.8/site-packages/airflow/example_dags/example_dynamic_task_mapping.py
[2025-08-19T22:09:33.021+0000] {logging_mixin.py:188} INFO - [2025-08-19T22:09:33.021+0000] {dag.py:3036} INFO - Sync 1 DAGs
[2025-08-19T22:09:33.028+0000] {logging_mixin.py:188} INFO - [2025-08-19T22:09:33.028+0000] {dag.py:3823} INFO - Setting next_dagrun for example_dynamic_task_mapping to 2022-03-04 00:00:00+00:00, run_after=2022-03-05 00:00:00+00:00
[2025-08-19T22:09:33.034+0000] {processor.py:183} INFO - Processing /home/airflow/.local/lib/python3.8/site-packages/airflow/example_dags/example_dynamic_task_mapping.py took 0.027 seconds
[2025-08-19T22:10:03.523+0000] {processor.py:161} INFO - Started process (PID=2272) to work on /home/airflow/.local/lib/python3.8/site-packages/airflow/example_dags/example_dynamic_task_mapping.py
[2025-08-19T22:10:03.523+0000] {processor.py:830} INFO - Processing file /home/airflow/.local/lib/python3.8/site-packages/airflow/example_dags/example_dynamic_task_mapping.py for tasks to queue
[2025-08-19T22:10:03.524+0000] {logging_mixin.py:188} INFO - [2025-08-19T22:10:03.524+0000] {dagbag.py:538} INFO - Filling up the DagBag from /home/airflow/.local/lib/python3.8/site-packages/airflow/example_dags/example_dynamic_task_mapping.py
[2025-08-19T22:10:03.526+0000] {processor.py:840} INFO - DAG(s) 'example_dynamic_task_mapping' retrieved from /home/airflow/.local/lib/python3.8/site-packages/airflow/example_dags/example_dynamic_task_mapping.py
[2025-08-19T22:10:03.533+0000] {logging_mixin.py:188} INFO - [2025-08-19T22:10:03.533+0000] {dag.py:3036} INFO - Sync 1 DAGs
[2025-08-19T22:10:03.540+0000] {logging_mixin.py:188} INFO - [2025-08-19T22:10:03.539+0000] {dag.py:3823} INFO - Setting next_dagrun for example_dynamic_task_mapping to 2022-03-04 00:00:00+00:00, run_after=2022-03-05 00:00:00+00:00
[2025-08-19T22:10:03.545+0000] {processor.py:183} INFO - Processing /home/airflow/.local/lib/python3.8/site-packages/airflow/example_dags/example_dynamic_task_mapping.py took 0.024 seconds
[2025-08-19T22:10:34.267+0000] {processor.py:161} INFO - Started process (PID=2328) to work on /home/airflow/.local/lib/python3.8/site-packages/airflow/example_dags/example_dynamic_task_mapping.py
[2025-08-19T22:10:34.270+0000] {processor.py:830} INFO - Processing file /home/airflow/.local/lib/python3.8/site-packages/airflow/example_dags/example_dynamic_task_mapping.py for tasks to queue
[2025-08-19T22:10:34.271+0000] {logging_mixin.py:188} INFO - [2025-08-19T22:10:34.271+0000] {dagbag.py:538} INFO - Filling up the DagBag from /home/airflow/.local/lib/python3.8/site-packages/airflow/example_dags/example_dynamic_task_mapping.py
[2025-08-19T22:10:34.274+0000] {processor.py:840} INFO - DAG(s) 'example_dynamic_task_mapping' retrieved from /home/airflow/.local/lib/python3.8/site-packages/airflow/example_dags/example_dynamic_task_mapping.py
[2025-08-19T22:10:34.285+0000] {logging_mixin.py:188} INFO - [2025-08-19T22:10:34.285+0000] {dag.py:3036} INFO - Sync 1 DAGs
[2025-08-19T22:10:34.295+0000] {logging_mixin.py:188} INFO - [2025-08-19T22:10:34.295+0000] {dag.py:3823} INFO - Setting next_dagrun for example_dynamic_task_mapping to 2022-03-04 00:00:00+00:00, run_after=2022-03-05 00:00:00+00:00
[2025-08-19T22:10:34.301+0000] {processor.py:183} INFO - Processing /home/airflow/.local/lib/python3.8/site-packages/airflow/example_dags/example_dynamic_task_mapping.py took 0.035 seconds
[2025-08-19T22:11:04.811+0000] {processor.py:161} INFO - Started process (PID=2384) to work on /home/airflow/.local/lib/python3.8/site-packages/airflow/example_dags/example_dynamic_task_mapping.py
[2025-08-19T22:11:04.811+0000] {processor.py:830} INFO - Processing file /home/airflow/.local/lib/python3.8/site-packages/airflow/example_dags/example_dynamic_task_mapping.py for tasks to queue
[2025-08-19T22:11:04.812+0000] {logging_mixin.py:188} INFO - [2025-08-19T22:11:04.812+0000] {dagbag.py:538} INFO - Filling up the DagBag from /home/airflow/.local/lib/python3.8/site-packages/airflow/example_dags/example_dynamic_task_mapping.py
[2025-08-19T22:11:04.814+0000] {processor.py:840} INFO - DAG(s) 'example_dynamic_task_mapping' retrieved from /home/airflow/.local/lib/python3.8/site-packages/airflow/example_dags/example_dynamic_task_mapping.py
[2025-08-19T22:11:04.822+0000] {logging_mixin.py:188} INFO - [2025-08-19T22:11:04.821+0000] {dag.py:3036} INFO - Sync 1 DAGs
[2025-08-19T22:11:04.828+0000] {logging_mixin.py:188} INFO - [2025-08-19T22:11:04.828+0000] {dag.py:3823} INFO - Setting next_dagrun for example_dynamic_task_mapping to 2022-03-04 00:00:00+00:00, run_after=2022-03-05 00:00:00+00:00
[2025-08-19T22:11:04.833+0000] {processor.py:183} INFO - Processing /home/airflow/.local/lib/python3.8/site-packages/airflow/example_dags/example_dynamic_task_mapping.py took 0.024 seconds
[2025-08-19T22:11:35.254+0000] {processor.py:161} INFO - Started process (PID=2440) to work on /home/airflow/.local/lib/python3.8/site-packages/airflow/example_dags/example_dynamic_task_mapping.py
[2025-08-19T22:11:35.255+0000] {processor.py:830} INFO - Processing file /home/airflow/.local/lib/python3.8/site-packages/airflow/example_dags/example_dynamic_task_mapping.py for tasks to queue
[2025-08-19T22:11:35.256+0000] {logging_mixin.py:188} INFO - [2025-08-19T22:11:35.256+0000] {dagbag.py:538} INFO - Filling up the DagBag from /home/airflow/.local/lib/python3.8/site-packages/airflow/example_dags/example_dynamic_task_mapping.py
[2025-08-19T22:11:35.259+0000] {processor.py:840} INFO - DAG(s) 'example_dynamic_task_mapping' retrieved from /home/airflow/.local/lib/python3.8/site-packages/airflow/example_dags/example_dynamic_task_mapping.py
[2025-08-19T22:11:35.267+0000] {logging_mixin.py:188} INFO - [2025-08-19T22:11:35.266+0000] {dag.py:3036} INFO - Sync 1 DAGs
[2025-08-19T22:11:35.275+0000] {logging_mixin.py:188} INFO - [2025-08-19T22:11:35.275+0000] {dag.py:3823} INFO - Setting next_dagrun for example_dynamic_task_mapping to 2022-03-04 00:00:00+00:00, run_after=2022-03-05 00:00:00+00:00
[2025-08-19T22:11:35.286+0000] {processor.py:183} INFO - Processing /home/airflow/.local/lib/python3.8/site-packages/airflow/example_dags/example_dynamic_task_mapping.py took 0.033 seconds
[2025-08-19T22:12:05.789+0000] {processor.py:161} INFO - Started process (PID=2496) to work on /home/airflow/.local/lib/python3.8/site-packages/airflow/example_dags/example_dynamic_task_mapping.py
[2025-08-19T22:12:05.791+0000] {processor.py:830} INFO - Processing file /home/airflow/.local/lib/python3.8/site-packages/airflow/example_dags/example_dynamic_task_mapping.py for tasks to queue
[2025-08-19T22:12:05.792+0000] {logging_mixin.py:188} INFO - [2025-08-19T22:12:05.792+0000] {dagbag.py:538} INFO - Filling up the DagBag from /home/airflow/.local/lib/python3.8/site-packages/airflow/example_dags/example_dynamic_task_mapping.py
[2025-08-19T22:12:05.795+0000] {processor.py:840} INFO - DAG(s) 'example_dynamic_task_mapping' retrieved from /home/airflow/.local/lib/python3.8/site-packages/airflow/example_dags/example_dynamic_task_mapping.py
[2025-08-19T22:12:05.806+0000] {logging_mixin.py:188} INFO - [2025-08-19T22:12:05.805+0000] {dag.py:3036} INFO - Sync 1 DAGs
[2025-08-19T22:12:05.815+0000] {logging_mixin.py:188} INFO - [2025-08-19T22:12:05.815+0000] {dag.py:3823} INFO - Setting next_dagrun for example_dynamic_task_mapping to 2022-03-04 00:00:00+00:00, run_after=2022-03-05 00:00:00+00:00
[2025-08-19T22:12:05.823+0000] {processor.py:183} INFO - Processing /home/airflow/.local/lib/python3.8/site-packages/airflow/example_dags/example_dynamic_task_mapping.py took 0.035 seconds
[2025-08-19T22:12:36.343+0000] {processor.py:161} INFO - Started process (PID=2552) to work on /home/airflow/.local/lib/python3.8/site-packages/airflow/example_dags/example_dynamic_task_mapping.py
[2025-08-19T22:12:36.343+0000] {processor.py:830} INFO - Processing file /home/airflow/.local/lib/python3.8/site-packages/airflow/example_dags/example_dynamic_task_mapping.py for tasks to queue
[2025-08-19T22:12:36.344+0000] {logging_mixin.py:188} INFO - [2025-08-19T22:12:36.344+0000] {dagbag.py:538} INFO - Filling up the DagBag from /home/airflow/.local/lib/python3.8/site-packages/airflow/example_dags/example_dynamic_task_mapping.py
[2025-08-19T22:12:36.347+0000] {processor.py:840} INFO - DAG(s) 'example_dynamic_task_mapping' retrieved from /home/airflow/.local/lib/python3.8/site-packages/airflow/example_dags/example_dynamic_task_mapping.py
[2025-08-19T22:12:36.354+0000] {logging_mixin.py:188} INFO - [2025-08-19T22:12:36.354+0000] {dag.py:3036} INFO - Sync 1 DAGs
[2025-08-19T22:12:36.361+0000] {logging_mixin.py:188} INFO - [2025-08-19T22:12:36.361+0000] {dag.py:3823} INFO - Setting next_dagrun for example_dynamic_task_mapping to 2022-03-04 00:00:00+00:00, run_after=2022-03-05 00:00:00+00:00
[2025-08-19T22:12:36.367+0000] {processor.py:183} INFO - Processing /home/airflow/.local/lib/python3.8/site-packages/airflow/example_dags/example_dynamic_task_mapping.py took 0.025 seconds
[2025-08-19T22:13:06.976+0000] {processor.py:161} INFO - Started process (PID=2608) to work on /home/airflow/.local/lib/python3.8/site-packages/airflow/example_dags/example_dynamic_task_mapping.py
[2025-08-19T22:13:06.977+0000] {processor.py:830} INFO - Processing file /home/airflow/.local/lib/python3.8/site-packages/airflow/example_dags/example_dynamic_task_mapping.py for tasks to queue
[2025-08-19T22:13:06.977+0000] {logging_mixin.py:188} INFO - [2025-08-19T22:13:06.977+0000] {dagbag.py:538} INFO - Filling up the DagBag from /home/airflow/.local/lib/python3.8/site-packages/airflow/example_dags/example_dynamic_task_mapping.py
[2025-08-19T22:13:06.980+0000] {processor.py:840} INFO - DAG(s) 'example_dynamic_task_mapping' retrieved from /home/airflow/.local/lib/python3.8/site-packages/airflow/example_dags/example_dynamic_task_mapping.py
[2025-08-19T22:13:06.987+0000] {logging_mixin.py:188} INFO - [2025-08-19T22:13:06.987+0000] {dag.py:3036} INFO - Sync 1 DAGs
[2025-08-19T22:13:06.993+0000] {logging_mixin.py:188} INFO - [2025-08-19T22:13:06.993+0000] {dag.py:3823} INFO - Setting next_dagrun for example_dynamic_task_mapping to 2022-03-04 00:00:00+00:00, run_after=2022-03-05 00:00:00+00:00
[2025-08-19T22:13:06.998+0000] {processor.py:183} INFO - Processing /home/airflow/.local/lib/python3.8/site-packages/airflow/example_dags/example_dynamic_task_mapping.py took 0.023 seconds
[2025-08-19T22:20:11.457+0000] {processor.py:161} INFO - Started process (PID=84) to work on /home/airflow/.local/lib/python3.8/site-packages/airflow/example_dags/example_dynamic_task_mapping.py
[2025-08-19T22:20:11.458+0000] {processor.py:830} INFO - Processing file /home/airflow/.local/lib/python3.8/site-packages/airflow/example_dags/example_dynamic_task_mapping.py for tasks to queue
[2025-08-19T22:20:11.460+0000] {logging_mixin.py:188} INFO - [2025-08-19T22:20:11.460+0000] {dagbag.py:538} INFO - Filling up the DagBag from /home/airflow/.local/lib/python3.8/site-packages/airflow/example_dags/example_dynamic_task_mapping.py
[2025-08-19T22:20:11.470+0000] {processor.py:840} INFO - DAG(s) 'example_dynamic_task_mapping' retrieved from /home/airflow/.local/lib/python3.8/site-packages/airflow/example_dags/example_dynamic_task_mapping.py
[2025-08-19T22:20:11.484+0000] {logging_mixin.py:188} INFO - [2025-08-19T22:20:11.484+0000] {dag.py:3036} INFO - Sync 1 DAGs
[2025-08-19T22:20:11.511+0000] {logging_mixin.py:188} INFO - [2025-08-19T22:20:11.511+0000] {dag.py:3823} INFO - Setting next_dagrun for example_dynamic_task_mapping to 2022-03-04 00:00:00+00:00, run_after=2022-03-05 00:00:00+00:00
[2025-08-19T22:20:11.537+0000] {processor.py:183} INFO - Processing /home/airflow/.local/lib/python3.8/site-packages/airflow/example_dags/example_dynamic_task_mapping.py took 0.082 seconds
[2025-08-19T22:20:42.113+0000] {processor.py:161} INFO - Started process (PID=140) to work on /home/airflow/.local/lib/python3.8/site-packages/airflow/example_dags/example_dynamic_task_mapping.py
[2025-08-19T22:20:42.115+0000] {processor.py:830} INFO - Processing file /home/airflow/.local/lib/python3.8/site-packages/airflow/example_dags/example_dynamic_task_mapping.py for tasks to queue
[2025-08-19T22:20:42.116+0000] {logging_mixin.py:188} INFO - [2025-08-19T22:20:42.116+0000] {dagbag.py:538} INFO - Filling up the DagBag from /home/airflow/.local/lib/python3.8/site-packages/airflow/example_dags/example_dynamic_task_mapping.py
[2025-08-19T22:20:42.124+0000] {processor.py:840} INFO - DAG(s) 'example_dynamic_task_mapping' retrieved from /home/airflow/.local/lib/python3.8/site-packages/airflow/example_dags/example_dynamic_task_mapping.py
[2025-08-19T22:20:42.191+0000] {logging_mixin.py:188} INFO - [2025-08-19T22:20:42.191+0000] {dag.py:3036} INFO - Sync 1 DAGs
[2025-08-19T22:20:42.199+0000] {logging_mixin.py:188} INFO - [2025-08-19T22:20:42.199+0000] {dag.py:3823} INFO - Setting next_dagrun for example_dynamic_task_mapping to 2022-03-04 00:00:00+00:00, run_after=2022-03-05 00:00:00+00:00
[2025-08-19T22:20:42.207+0000] {processor.py:183} INFO - Processing /home/airflow/.local/lib/python3.8/site-packages/airflow/example_dags/example_dynamic_task_mapping.py took 0.097 seconds
[2025-08-19T22:21:13.061+0000] {processor.py:161} INFO - Started process (PID=202) to work on /home/airflow/.local/lib/python3.8/site-packages/airflow/example_dags/example_dynamic_task_mapping.py
[2025-08-19T22:21:13.062+0000] {processor.py:830} INFO - Processing file /home/airflow/.local/lib/python3.8/site-packages/airflow/example_dags/example_dynamic_task_mapping.py for tasks to queue
[2025-08-19T22:21:13.062+0000] {logging_mixin.py:188} INFO - [2025-08-19T22:21:13.062+0000] {dagbag.py:538} INFO - Filling up the DagBag from /home/airflow/.local/lib/python3.8/site-packages/airflow/example_dags/example_dynamic_task_mapping.py
[2025-08-19T22:21:13.066+0000] {processor.py:840} INFO - DAG(s) 'example_dynamic_task_mapping' retrieved from /home/airflow/.local/lib/python3.8/site-packages/airflow/example_dags/example_dynamic_task_mapping.py
[2025-08-19T22:21:13.075+0000] {logging_mixin.py:188} INFO - [2025-08-19T22:21:13.075+0000] {dag.py:3036} INFO - Sync 1 DAGs
[2025-08-19T22:21:13.083+0000] {logging_mixin.py:188} INFO - [2025-08-19T22:21:13.083+0000] {dag.py:3823} INFO - Setting next_dagrun for example_dynamic_task_mapping to 2022-03-04 00:00:00+00:00, run_after=2022-03-05 00:00:00+00:00
[2025-08-19T22:21:13.091+0000] {processor.py:183} INFO - Processing /home/airflow/.local/lib/python3.8/site-packages/airflow/example_dags/example_dynamic_task_mapping.py took 0.031 seconds
[2025-08-19T22:21:43.695+0000] {processor.py:161} INFO - Started process (PID=258) to work on /home/airflow/.local/lib/python3.8/site-packages/airflow/example_dags/example_dynamic_task_mapping.py
[2025-08-19T22:21:43.698+0000] {processor.py:830} INFO - Processing file /home/airflow/.local/lib/python3.8/site-packages/airflow/example_dags/example_dynamic_task_mapping.py for tasks to queue
[2025-08-19T22:21:43.699+0000] {logging_mixin.py:188} INFO - [2025-08-19T22:21:43.699+0000] {dagbag.py:538} INFO - Filling up the DagBag from /home/airflow/.local/lib/python3.8/site-packages/airflow/example_dags/example_dynamic_task_mapping.py
[2025-08-19T22:21:43.702+0000] {processor.py:840} INFO - DAG(s) 'example_dynamic_task_mapping' retrieved from /home/airflow/.local/lib/python3.8/site-packages/airflow/example_dags/example_dynamic_task_mapping.py
[2025-08-19T22:21:43.712+0000] {logging_mixin.py:188} INFO - [2025-08-19T22:21:43.712+0000] {dag.py:3036} INFO - Sync 1 DAGs
[2025-08-19T22:21:43.722+0000] {logging_mixin.py:188} INFO - [2025-08-19T22:21:43.722+0000] {dag.py:3823} INFO - Setting next_dagrun for example_dynamic_task_mapping to 2022-03-04 00:00:00+00:00, run_after=2022-03-05 00:00:00+00:00
[2025-08-19T22:21:43.731+0000] {processor.py:183} INFO - Processing /home/airflow/.local/lib/python3.8/site-packages/airflow/example_dags/example_dynamic_task_mapping.py took 0.038 seconds
[2025-08-19T22:22:14.178+0000] {processor.py:161} INFO - Started process (PID=314) to work on /home/airflow/.local/lib/python3.8/site-packages/airflow/example_dags/example_dynamic_task_mapping.py
[2025-08-19T22:22:14.178+0000] {processor.py:830} INFO - Processing file /home/airflow/.local/lib/python3.8/site-packages/airflow/example_dags/example_dynamic_task_mapping.py for tasks to queue
[2025-08-19T22:22:14.179+0000] {logging_mixin.py:188} INFO - [2025-08-19T22:22:14.179+0000] {dagbag.py:538} INFO - Filling up the DagBag from /home/airflow/.local/lib/python3.8/site-packages/airflow/example_dags/example_dynamic_task_mapping.py
[2025-08-19T22:22:14.182+0000] {processor.py:840} INFO - DAG(s) 'example_dynamic_task_mapping' retrieved from /home/airflow/.local/lib/python3.8/site-packages/airflow/example_dags/example_dynamic_task_mapping.py
[2025-08-19T22:22:14.192+0000] {logging_mixin.py:188} INFO - [2025-08-19T22:22:14.192+0000] {dag.py:3036} INFO - Sync 1 DAGs
[2025-08-19T22:22:14.201+0000] {logging_mixin.py:188} INFO - [2025-08-19T22:22:14.201+0000] {dag.py:3823} INFO - Setting next_dagrun for example_dynamic_task_mapping to 2022-03-04 00:00:00+00:00, run_after=2022-03-05 00:00:00+00:00
[2025-08-19T22:22:14.214+0000] {processor.py:183} INFO - Processing /home/airflow/.local/lib/python3.8/site-packages/airflow/example_dags/example_dynamic_task_mapping.py took 0.037 seconds
[2025-08-19T22:22:44.998+0000] {processor.py:161} INFO - Started process (PID=374) to work on /home/airflow/.local/lib/python3.8/site-packages/airflow/example_dags/example_dynamic_task_mapping.py
[2025-08-19T22:22:44.999+0000] {processor.py:830} INFO - Processing file /home/airflow/.local/lib/python3.8/site-packages/airflow/example_dags/example_dynamic_task_mapping.py for tasks to queue
[2025-08-19T22:22:44.999+0000] {logging_mixin.py:188} INFO - [2025-08-19T22:22:44.999+0000] {dagbag.py:538} INFO - Filling up the DagBag from /home/airflow/.local/lib/python3.8/site-packages/airflow/example_dags/example_dynamic_task_mapping.py
[2025-08-19T22:22:45.002+0000] {processor.py:840} INFO - DAG(s) 'example_dynamic_task_mapping' retrieved from /home/airflow/.local/lib/python3.8/site-packages/airflow/example_dags/example_dynamic_task_mapping.py
[2025-08-19T22:22:45.012+0000] {logging_mixin.py:188} INFO - [2025-08-19T22:22:45.011+0000] {dag.py:3036} INFO - Sync 1 DAGs
[2025-08-19T22:22:45.020+0000] {logging_mixin.py:188} INFO - [2025-08-19T22:22:45.020+0000] {dag.py:3823} INFO - Setting next_dagrun for example_dynamic_task_mapping to 2022-03-04 00:00:00+00:00, run_after=2022-03-05 00:00:00+00:00
[2025-08-19T22:22:45.027+0000] {processor.py:183} INFO - Processing /home/airflow/.local/lib/python3.8/site-packages/airflow/example_dags/example_dynamic_task_mapping.py took 0.030 seconds
[2025-08-19T22:23:15.531+0000] {processor.py:161} INFO - Started process (PID=430) to work on /home/airflow/.local/lib/python3.8/site-packages/airflow/example_dags/example_dynamic_task_mapping.py
[2025-08-19T22:23:15.534+0000] {processor.py:830} INFO - Processing file /home/airflow/.local/lib/python3.8/site-packages/airflow/example_dags/example_dynamic_task_mapping.py for tasks to queue
[2025-08-19T22:23:15.535+0000] {logging_mixin.py:188} INFO - [2025-08-19T22:23:15.535+0000] {dagbag.py:538} INFO - Filling up the DagBag from /home/airflow/.local/lib/python3.8/site-packages/airflow/example_dags/example_dynamic_task_mapping.py
[2025-08-19T22:23:15.539+0000] {processor.py:840} INFO - DAG(s) 'example_dynamic_task_mapping' retrieved from /home/airflow/.local/lib/python3.8/site-packages/airflow/example_dags/example_dynamic_task_mapping.py
[2025-08-19T22:23:15.548+0000] {logging_mixin.py:188} INFO - [2025-08-19T22:23:15.548+0000] {dag.py:3036} INFO - Sync 1 DAGs
[2025-08-19T22:23:15.555+0000] {logging_mixin.py:188} INFO - [2025-08-19T22:23:15.555+0000] {dag.py:3823} INFO - Setting next_dagrun for example_dynamic_task_mapping to 2022-03-04 00:00:00+00:00, run_after=2022-03-05 00:00:00+00:00
[2025-08-19T22:23:15.564+0000] {processor.py:183} INFO - Processing /home/airflow/.local/lib/python3.8/site-packages/airflow/example_dags/example_dynamic_task_mapping.py took 0.035 seconds
[2025-08-19T22:23:46.025+0000] {processor.py:161} INFO - Started process (PID=486) to work on /home/airflow/.local/lib/python3.8/site-packages/airflow/example_dags/example_dynamic_task_mapping.py
[2025-08-19T22:23:46.027+0000] {processor.py:830} INFO - Processing file /home/airflow/.local/lib/python3.8/site-packages/airflow/example_dags/example_dynamic_task_mapping.py for tasks to queue
[2025-08-19T22:23:46.028+0000] {logging_mixin.py:188} INFO - [2025-08-19T22:23:46.028+0000] {dagbag.py:538} INFO - Filling up the DagBag from /home/airflow/.local/lib/python3.8/site-packages/airflow/example_dags/example_dynamic_task_mapping.py
[2025-08-19T22:23:46.030+0000] {processor.py:840} INFO - DAG(s) 'example_dynamic_task_mapping' retrieved from /home/airflow/.local/lib/python3.8/site-packages/airflow/example_dags/example_dynamic_task_mapping.py
[2025-08-19T22:23:46.040+0000] {logging_mixin.py:188} INFO - [2025-08-19T22:23:46.040+0000] {dag.py:3036} INFO - Sync 1 DAGs
[2025-08-19T22:23:46.049+0000] {logging_mixin.py:188} INFO - [2025-08-19T22:23:46.049+0000] {dag.py:3823} INFO - Setting next_dagrun for example_dynamic_task_mapping to 2022-03-04 00:00:00+00:00, run_after=2022-03-05 00:00:00+00:00
[2025-08-19T22:23:46.058+0000] {processor.py:183} INFO - Processing /home/airflow/.local/lib/python3.8/site-packages/airflow/example_dags/example_dynamic_task_mapping.py took 0.035 seconds
[2025-08-19T22:24:16.410+0000] {processor.py:161} INFO - Started process (PID=542) to work on /home/airflow/.local/lib/python3.8/site-packages/airflow/example_dags/example_dynamic_task_mapping.py
[2025-08-19T22:24:16.410+0000] {processor.py:830} INFO - Processing file /home/airflow/.local/lib/python3.8/site-packages/airflow/example_dags/example_dynamic_task_mapping.py for tasks to queue
[2025-08-19T22:24:16.411+0000] {logging_mixin.py:188} INFO - [2025-08-19T22:24:16.411+0000] {dagbag.py:538} INFO - Filling up the DagBag from /home/airflow/.local/lib/python3.8/site-packages/airflow/example_dags/example_dynamic_task_mapping.py
[2025-08-19T22:24:16.415+0000] {processor.py:840} INFO - DAG(s) 'example_dynamic_task_mapping' retrieved from /home/airflow/.local/lib/python3.8/site-packages/airflow/example_dags/example_dynamic_task_mapping.py
[2025-08-19T22:24:16.425+0000] {logging_mixin.py:188} INFO - [2025-08-19T22:24:16.424+0000] {dag.py:3036} INFO - Sync 1 DAGs
[2025-08-19T22:24:16.432+0000] {logging_mixin.py:188} INFO - [2025-08-19T22:24:16.432+0000] {dag.py:3823} INFO - Setting next_dagrun for example_dynamic_task_mapping to 2022-03-04 00:00:00+00:00, run_after=2022-03-05 00:00:00+00:00
[2025-08-19T22:24:16.438+0000] {processor.py:183} INFO - Processing /home/airflow/.local/lib/python3.8/site-packages/airflow/example_dags/example_dynamic_task_mapping.py took 0.030 seconds
[2025-08-19T22:24:46.869+0000] {processor.py:161} INFO - Started process (PID=598) to work on /home/airflow/.local/lib/python3.8/site-packages/airflow/example_dags/example_dynamic_task_mapping.py
[2025-08-19T22:24:46.872+0000] {processor.py:830} INFO - Processing file /home/airflow/.local/lib/python3.8/site-packages/airflow/example_dags/example_dynamic_task_mapping.py for tasks to queue
[2025-08-19T22:24:46.873+0000] {logging_mixin.py:188} INFO - [2025-08-19T22:24:46.873+0000] {dagbag.py:538} INFO - Filling up the DagBag from /home/airflow/.local/lib/python3.8/site-packages/airflow/example_dags/example_dynamic_task_mapping.py
[2025-08-19T22:24:46.876+0000] {processor.py:840} INFO - DAG(s) 'example_dynamic_task_mapping' retrieved from /home/airflow/.local/lib/python3.8/site-packages/airflow/example_dags/example_dynamic_task_mapping.py
[2025-08-19T22:24:46.884+0000] {logging_mixin.py:188} INFO - [2025-08-19T22:24:46.884+0000] {dag.py:3036} INFO - Sync 1 DAGs
[2025-08-19T22:24:46.892+0000] {logging_mixin.py:188} INFO - [2025-08-19T22:24:46.892+0000] {dag.py:3823} INFO - Setting next_dagrun for example_dynamic_task_mapping to 2022-03-04 00:00:00+00:00, run_after=2022-03-05 00:00:00+00:00
[2025-08-19T22:24:46.900+0000] {processor.py:183} INFO - Processing /home/airflow/.local/lib/python3.8/site-packages/airflow/example_dags/example_dynamic_task_mapping.py took 0.033 seconds
[2025-08-19T22:25:17.333+0000] {processor.py:161} INFO - Started process (PID=654) to work on /home/airflow/.local/lib/python3.8/site-packages/airflow/example_dags/example_dynamic_task_mapping.py
[2025-08-19T22:25:17.335+0000] {processor.py:830} INFO - Processing file /home/airflow/.local/lib/python3.8/site-packages/airflow/example_dags/example_dynamic_task_mapping.py for tasks to queue
[2025-08-19T22:25:17.337+0000] {logging_mixin.py:188} INFO - [2025-08-19T22:25:17.336+0000] {dagbag.py:538} INFO - Filling up the DagBag from /home/airflow/.local/lib/python3.8/site-packages/airflow/example_dags/example_dynamic_task_mapping.py
[2025-08-19T22:25:17.339+0000] {processor.py:840} INFO - DAG(s) 'example_dynamic_task_mapping' retrieved from /home/airflow/.local/lib/python3.8/site-packages/airflow/example_dags/example_dynamic_task_mapping.py
[2025-08-19T22:25:17.347+0000] {logging_mixin.py:188} INFO - [2025-08-19T22:25:17.347+0000] {dag.py:3036} INFO - Sync 1 DAGs
[2025-08-19T22:25:17.356+0000] {logging_mixin.py:188} INFO - [2025-08-19T22:25:17.356+0000] {dag.py:3823} INFO - Setting next_dagrun for example_dynamic_task_mapping to 2022-03-04 00:00:00+00:00, run_after=2022-03-05 00:00:00+00:00
[2025-08-19T22:25:17.363+0000] {processor.py:183} INFO - Processing /home/airflow/.local/lib/python3.8/site-packages/airflow/example_dags/example_dynamic_task_mapping.py took 0.031 seconds
[2025-08-19T22:25:47.731+0000] {processor.py:161} INFO - Started process (PID=710) to work on /home/airflow/.local/lib/python3.8/site-packages/airflow/example_dags/example_dynamic_task_mapping.py
[2025-08-19T22:25:47.734+0000] {processor.py:830} INFO - Processing file /home/airflow/.local/lib/python3.8/site-packages/airflow/example_dags/example_dynamic_task_mapping.py for tasks to queue
[2025-08-19T22:25:47.735+0000] {logging_mixin.py:188} INFO - [2025-08-19T22:25:47.735+0000] {dagbag.py:538} INFO - Filling up the DagBag from /home/airflow/.local/lib/python3.8/site-packages/airflow/example_dags/example_dynamic_task_mapping.py
[2025-08-19T22:25:47.738+0000] {processor.py:840} INFO - DAG(s) 'example_dynamic_task_mapping' retrieved from /home/airflow/.local/lib/python3.8/site-packages/airflow/example_dags/example_dynamic_task_mapping.py
[2025-08-19T22:25:47.746+0000] {logging_mixin.py:188} INFO - [2025-08-19T22:25:47.746+0000] {dag.py:3036} INFO - Sync 1 DAGs
[2025-08-19T22:25:47.754+0000] {logging_mixin.py:188} INFO - [2025-08-19T22:25:47.754+0000] {dag.py:3823} INFO - Setting next_dagrun for example_dynamic_task_mapping to 2022-03-04 00:00:00+00:00, run_after=2022-03-05 00:00:00+00:00
[2025-08-19T22:25:47.761+0000] {processor.py:183} INFO - Processing /home/airflow/.local/lib/python3.8/site-packages/airflow/example_dags/example_dynamic_task_mapping.py took 0.031 seconds
[2025-08-19T22:26:18.182+0000] {processor.py:161} INFO - Started process (PID=766) to work on /home/airflow/.local/lib/python3.8/site-packages/airflow/example_dags/example_dynamic_task_mapping.py
[2025-08-19T22:26:18.184+0000] {processor.py:830} INFO - Processing file /home/airflow/.local/lib/python3.8/site-packages/airflow/example_dags/example_dynamic_task_mapping.py for tasks to queue
[2025-08-19T22:26:18.185+0000] {logging_mixin.py:188} INFO - [2025-08-19T22:26:18.185+0000] {dagbag.py:538} INFO - Filling up the DagBag from /home/airflow/.local/lib/python3.8/site-packages/airflow/example_dags/example_dynamic_task_mapping.py
[2025-08-19T22:26:18.188+0000] {processor.py:840} INFO - DAG(s) 'example_dynamic_task_mapping' retrieved from /home/airflow/.local/lib/python3.8/site-packages/airflow/example_dags/example_dynamic_task_mapping.py
[2025-08-19T22:26:18.196+0000] {logging_mixin.py:188} INFO - [2025-08-19T22:26:18.196+0000] {dag.py:3036} INFO - Sync 1 DAGs
[2025-08-19T22:26:18.205+0000] {logging_mixin.py:188} INFO - [2025-08-19T22:26:18.205+0000] {dag.py:3823} INFO - Setting next_dagrun for example_dynamic_task_mapping to 2022-03-04 00:00:00+00:00, run_after=2022-03-05 00:00:00+00:00
[2025-08-19T22:26:18.213+0000] {processor.py:183} INFO - Processing /home/airflow/.local/lib/python3.8/site-packages/airflow/example_dags/example_dynamic_task_mapping.py took 0.033 seconds
[2025-08-19T22:26:48.598+0000] {processor.py:161} INFO - Started process (PID=822) to work on /home/airflow/.local/lib/python3.8/site-packages/airflow/example_dags/example_dynamic_task_mapping.py
[2025-08-19T22:26:48.601+0000] {processor.py:830} INFO - Processing file /home/airflow/.local/lib/python3.8/site-packages/airflow/example_dags/example_dynamic_task_mapping.py for tasks to queue
[2025-08-19T22:26:48.602+0000] {logging_mixin.py:188} INFO - [2025-08-19T22:26:48.602+0000] {dagbag.py:538} INFO - Filling up the DagBag from /home/airflow/.local/lib/python3.8/site-packages/airflow/example_dags/example_dynamic_task_mapping.py
[2025-08-19T22:26:48.605+0000] {processor.py:840} INFO - DAG(s) 'example_dynamic_task_mapping' retrieved from /home/airflow/.local/lib/python3.8/site-packages/airflow/example_dags/example_dynamic_task_mapping.py
[2025-08-19T22:26:48.613+0000] {logging_mixin.py:188} INFO - [2025-08-19T22:26:48.613+0000] {dag.py:3036} INFO - Sync 1 DAGs
[2025-08-19T22:26:48.623+0000] {logging_mixin.py:188} INFO - [2025-08-19T22:26:48.623+0000] {dag.py:3823} INFO - Setting next_dagrun for example_dynamic_task_mapping to 2022-03-04 00:00:00+00:00, run_after=2022-03-05 00:00:00+00:00
[2025-08-19T22:26:48.630+0000] {processor.py:183} INFO - Processing /home/airflow/.local/lib/python3.8/site-packages/airflow/example_dags/example_dynamic_task_mapping.py took 0.033 seconds
[2025-08-19T22:27:18.999+0000] {processor.py:161} INFO - Started process (PID=878) to work on /home/airflow/.local/lib/python3.8/site-packages/airflow/example_dags/example_dynamic_task_mapping.py
[2025-08-19T22:27:19.002+0000] {processor.py:830} INFO - Processing file /home/airflow/.local/lib/python3.8/site-packages/airflow/example_dags/example_dynamic_task_mapping.py for tasks to queue
[2025-08-19T22:27:19.003+0000] {logging_mixin.py:188} INFO - [2025-08-19T22:27:19.003+0000] {dagbag.py:538} INFO - Filling up the DagBag from /home/airflow/.local/lib/python3.8/site-packages/airflow/example_dags/example_dynamic_task_mapping.py
[2025-08-19T22:27:19.006+0000] {processor.py:840} INFO - DAG(s) 'example_dynamic_task_mapping' retrieved from /home/airflow/.local/lib/python3.8/site-packages/airflow/example_dags/example_dynamic_task_mapping.py
[2025-08-19T22:27:19.014+0000] {logging_mixin.py:188} INFO - [2025-08-19T22:27:19.014+0000] {dag.py:3036} INFO - Sync 1 DAGs
[2025-08-19T22:27:19.024+0000] {logging_mixin.py:188} INFO - [2025-08-19T22:27:19.024+0000] {dag.py:3823} INFO - Setting next_dagrun for example_dynamic_task_mapping to 2022-03-04 00:00:00+00:00, run_after=2022-03-05 00:00:00+00:00
[2025-08-19T22:27:19.030+0000] {processor.py:183} INFO - Processing /home/airflow/.local/lib/python3.8/site-packages/airflow/example_dags/example_dynamic_task_mapping.py took 0.032 seconds
[2025-08-19T22:27:49.706+0000] {processor.py:161} INFO - Started process (PID=938) to work on /home/airflow/.local/lib/python3.8/site-packages/airflow/example_dags/example_dynamic_task_mapping.py
[2025-08-19T22:27:49.706+0000] {processor.py:830} INFO - Processing file /home/airflow/.local/lib/python3.8/site-packages/airflow/example_dags/example_dynamic_task_mapping.py for tasks to queue
[2025-08-19T22:27:49.708+0000] {logging_mixin.py:188} INFO - [2025-08-19T22:27:49.708+0000] {dagbag.py:538} INFO - Filling up the DagBag from /home/airflow/.local/lib/python3.8/site-packages/airflow/example_dags/example_dynamic_task_mapping.py
[2025-08-19T22:27:49.711+0000] {processor.py:840} INFO - DAG(s) 'example_dynamic_task_mapping' retrieved from /home/airflow/.local/lib/python3.8/site-packages/airflow/example_dags/example_dynamic_task_mapping.py
[2025-08-19T22:27:49.722+0000] {logging_mixin.py:188} INFO - [2025-08-19T22:27:49.722+0000] {dag.py:3036} INFO - Sync 1 DAGs
[2025-08-19T22:27:49.735+0000] {logging_mixin.py:188} INFO - [2025-08-19T22:27:49.735+0000] {dag.py:3823} INFO - Setting next_dagrun for example_dynamic_task_mapping to 2022-03-04 00:00:00+00:00, run_after=2022-03-05 00:00:00+00:00
[2025-08-19T22:27:49.741+0000] {processor.py:183} INFO - Processing /home/airflow/.local/lib/python3.8/site-packages/airflow/example_dags/example_dynamic_task_mapping.py took 0.038 seconds
[2025-08-19T22:28:20.272+0000] {processor.py:161} INFO - Started process (PID=994) to work on /home/airflow/.local/lib/python3.8/site-packages/airflow/example_dags/example_dynamic_task_mapping.py
[2025-08-19T22:28:20.275+0000] {processor.py:830} INFO - Processing file /home/airflow/.local/lib/python3.8/site-packages/airflow/example_dags/example_dynamic_task_mapping.py for tasks to queue
[2025-08-19T22:28:20.277+0000] {logging_mixin.py:188} INFO - [2025-08-19T22:28:20.277+0000] {dagbag.py:538} INFO - Filling up the DagBag from /home/airflow/.local/lib/python3.8/site-packages/airflow/example_dags/example_dynamic_task_mapping.py
[2025-08-19T22:28:20.280+0000] {processor.py:840} INFO - DAG(s) 'example_dynamic_task_mapping' retrieved from /home/airflow/.local/lib/python3.8/site-packages/airflow/example_dags/example_dynamic_task_mapping.py
[2025-08-19T22:28:20.288+0000] {logging_mixin.py:188} INFO - [2025-08-19T22:28:20.287+0000] {dag.py:3036} INFO - Sync 1 DAGs
[2025-08-19T22:28:20.295+0000] {logging_mixin.py:188} INFO - [2025-08-19T22:28:20.295+0000] {dag.py:3823} INFO - Setting next_dagrun for example_dynamic_task_mapping to 2022-03-04 00:00:00+00:00, run_after=2022-03-05 00:00:00+00:00
[2025-08-19T22:28:20.304+0000] {processor.py:183} INFO - Processing /home/airflow/.local/lib/python3.8/site-packages/airflow/example_dags/example_dynamic_task_mapping.py took 0.033 seconds
[2025-08-19T22:28:50.708+0000] {processor.py:161} INFO - Started process (PID=1050) to work on /home/airflow/.local/lib/python3.8/site-packages/airflow/example_dags/example_dynamic_task_mapping.py
[2025-08-19T22:28:50.710+0000] {processor.py:830} INFO - Processing file /home/airflow/.local/lib/python3.8/site-packages/airflow/example_dags/example_dynamic_task_mapping.py for tasks to queue
[2025-08-19T22:28:50.711+0000] {logging_mixin.py:188} INFO - [2025-08-19T22:28:50.711+0000] {dagbag.py:538} INFO - Filling up the DagBag from /home/airflow/.local/lib/python3.8/site-packages/airflow/example_dags/example_dynamic_task_mapping.py
[2025-08-19T22:28:50.714+0000] {processor.py:840} INFO - DAG(s) 'example_dynamic_task_mapping' retrieved from /home/airflow/.local/lib/python3.8/site-packages/airflow/example_dags/example_dynamic_task_mapping.py
[2025-08-19T22:28:50.722+0000] {logging_mixin.py:188} INFO - [2025-08-19T22:28:50.722+0000] {dag.py:3036} INFO - Sync 1 DAGs
[2025-08-19T22:28:50.730+0000] {logging_mixin.py:188} INFO - [2025-08-19T22:28:50.730+0000] {dag.py:3823} INFO - Setting next_dagrun for example_dynamic_task_mapping to 2022-03-04 00:00:00+00:00, run_after=2022-03-05 00:00:00+00:00
[2025-08-19T22:28:50.738+0000] {processor.py:183} INFO - Processing /home/airflow/.local/lib/python3.8/site-packages/airflow/example_dags/example_dynamic_task_mapping.py took 0.032 seconds
[2025-08-19T22:29:21.389+0000] {processor.py:161} INFO - Started process (PID=1106) to work on /home/airflow/.local/lib/python3.8/site-packages/airflow/example_dags/example_dynamic_task_mapping.py
[2025-08-19T22:29:21.393+0000] {processor.py:830} INFO - Processing file /home/airflow/.local/lib/python3.8/site-packages/airflow/example_dags/example_dynamic_task_mapping.py for tasks to queue
[2025-08-19T22:29:21.394+0000] {logging_mixin.py:188} INFO - [2025-08-19T22:29:21.393+0000] {dagbag.py:538} INFO - Filling up the DagBag from /home/airflow/.local/lib/python3.8/site-packages/airflow/example_dags/example_dynamic_task_mapping.py
[2025-08-19T22:29:21.397+0000] {processor.py:840} INFO - DAG(s) 'example_dynamic_task_mapping' retrieved from /home/airflow/.local/lib/python3.8/site-packages/airflow/example_dags/example_dynamic_task_mapping.py
[2025-08-19T22:29:21.408+0000] {logging_mixin.py:188} INFO - [2025-08-19T22:29:21.408+0000] {dag.py:3036} INFO - Sync 1 DAGs
[2025-08-19T22:29:21.417+0000] {logging_mixin.py:188} INFO - [2025-08-19T22:29:21.417+0000] {dag.py:3823} INFO - Setting next_dagrun for example_dynamic_task_mapping to 2022-03-04 00:00:00+00:00, run_after=2022-03-05 00:00:00+00:00
[2025-08-19T22:29:21.426+0000] {processor.py:183} INFO - Processing /home/airflow/.local/lib/python3.8/site-packages/airflow/example_dags/example_dynamic_task_mapping.py took 0.038 seconds
[2025-08-19T22:29:51.883+0000] {processor.py:161} INFO - Started process (PID=1162) to work on /home/airflow/.local/lib/python3.8/site-packages/airflow/example_dags/example_dynamic_task_mapping.py
[2025-08-19T22:29:51.884+0000] {processor.py:830} INFO - Processing file /home/airflow/.local/lib/python3.8/site-packages/airflow/example_dags/example_dynamic_task_mapping.py for tasks to queue
[2025-08-19T22:29:51.885+0000] {logging_mixin.py:188} INFO - [2025-08-19T22:29:51.885+0000] {dagbag.py:538} INFO - Filling up the DagBag from /home/airflow/.local/lib/python3.8/site-packages/airflow/example_dags/example_dynamic_task_mapping.py
[2025-08-19T22:29:51.888+0000] {processor.py:840} INFO - DAG(s) 'example_dynamic_task_mapping' retrieved from /home/airflow/.local/lib/python3.8/site-packages/airflow/example_dags/example_dynamic_task_mapping.py
[2025-08-19T22:29:51.897+0000] {logging_mixin.py:188} INFO - [2025-08-19T22:29:51.897+0000] {dag.py:3036} INFO - Sync 1 DAGs
[2025-08-19T22:29:51.905+0000] {logging_mixin.py:188} INFO - [2025-08-19T22:29:51.905+0000] {dag.py:3823} INFO - Setting next_dagrun for example_dynamic_task_mapping to 2022-03-04 00:00:00+00:00, run_after=2022-03-05 00:00:00+00:00
[2025-08-19T22:29:51.914+0000] {processor.py:183} INFO - Processing /home/airflow/.local/lib/python3.8/site-packages/airflow/example_dags/example_dynamic_task_mapping.py took 0.032 seconds
[2025-08-19T22:30:22.318+0000] {processor.py:161} INFO - Started process (PID=1218) to work on /home/airflow/.local/lib/python3.8/site-packages/airflow/example_dags/example_dynamic_task_mapping.py
[2025-08-19T22:30:22.321+0000] {processor.py:830} INFO - Processing file /home/airflow/.local/lib/python3.8/site-packages/airflow/example_dags/example_dynamic_task_mapping.py for tasks to queue
[2025-08-19T22:30:22.324+0000] {logging_mixin.py:188} INFO - [2025-08-19T22:30:22.324+0000] {dagbag.py:538} INFO - Filling up the DagBag from /home/airflow/.local/lib/python3.8/site-packages/airflow/example_dags/example_dynamic_task_mapping.py
[2025-08-19T22:30:22.330+0000] {processor.py:840} INFO - DAG(s) 'example_dynamic_task_mapping' retrieved from /home/airflow/.local/lib/python3.8/site-packages/airflow/example_dags/example_dynamic_task_mapping.py
[2025-08-19T22:30:22.342+0000] {logging_mixin.py:188} INFO - [2025-08-19T22:30:22.342+0000] {dag.py:3036} INFO - Sync 1 DAGs
[2025-08-19T22:30:22.354+0000] {logging_mixin.py:188} INFO - [2025-08-19T22:30:22.354+0000] {dag.py:3823} INFO - Setting next_dagrun for example_dynamic_task_mapping to 2022-03-04 00:00:00+00:00, run_after=2022-03-05 00:00:00+00:00
[2025-08-19T22:30:22.364+0000] {processor.py:183} INFO - Processing /home/airflow/.local/lib/python3.8/site-packages/airflow/example_dags/example_dynamic_task_mapping.py took 0.047 seconds
