[2025-08-19T21:50:06.892+0000] {processor.py:161} INFO - Started process (PID=48) to work on /home/airflow/.local/lib/python3.8/site-packages/airflow/example_dags/example_branch_operator.py
[2025-08-19T21:50:06.894+0000] {processor.py:830} INFO - Processing file /home/airflow/.local/lib/python3.8/site-packages/airflow/example_dags/example_branch_operator.py for tasks to queue
[2025-08-19T21:50:06.898+0000] {logging_mixin.py:188} INFO - [2025-08-19T21:50:06.898+0000] {dagbag.py:538} INFO - Filling up the DagBag from /home/airflow/.local/lib/python3.8/site-packages/airflow/example_dags/example_branch_operator.py
[2025-08-19T21:50:06.908+0000] {processor.py:840} INFO - DAG(s) 'example_branch_operator' retrieved from /home/airflow/.local/lib/python3.8/site-packages/airflow/example_dags/example_branch_operator.py
[2025-08-19T21:50:06.915+0000] {logging_mixin.py:188} INFO - [2025-08-19T21:50:06.915+0000] {dag.py:3036} INFO - Sync 1 DAGs
[2025-08-19T21:50:06.927+0000] {logging_mixin.py:188} INFO - [2025-08-19T21:50:06.927+0000] {dag.py:3823} INFO - Setting next_dagrun for example_branch_operator to 2025-08-18 00:00:00+00:00, run_after=2025-08-19 00:00:00+00:00
[2025-08-19T21:50:06.937+0000] {processor.py:183} INFO - Processing /home/airflow/.local/lib/python3.8/site-packages/airflow/example_dags/example_branch_operator.py took 0.047 seconds
[2025-08-19T21:50:37.451+0000] {processor.py:161} INFO - Started process (PID=104) to work on /home/airflow/.local/lib/python3.8/site-packages/airflow/example_dags/example_branch_operator.py
[2025-08-19T21:50:37.451+0000] {processor.py:830} INFO - Processing file /home/airflow/.local/lib/python3.8/site-packages/airflow/example_dags/example_branch_operator.py for tasks to queue
[2025-08-19T21:50:37.452+0000] {logging_mixin.py:188} INFO - [2025-08-19T21:50:37.452+0000] {dagbag.py:538} INFO - Filling up the DagBag from /home/airflow/.local/lib/python3.8/site-packages/airflow/example_dags/example_branch_operator.py
[2025-08-19T21:50:37.459+0000] {processor.py:840} INFO - DAG(s) 'example_branch_operator' retrieved from /home/airflow/.local/lib/python3.8/site-packages/airflow/example_dags/example_branch_operator.py
[2025-08-19T21:50:37.493+0000] {logging_mixin.py:188} INFO - [2025-08-19T21:50:37.493+0000] {dag.py:3036} INFO - Sync 1 DAGs
[2025-08-19T21:50:37.499+0000] {logging_mixin.py:188} INFO - [2025-08-19T21:50:37.499+0000] {dag.py:3823} INFO - Setting next_dagrun for example_branch_operator to 2025-08-18 00:00:00+00:00, run_after=2025-08-19 00:00:00+00:00
[2025-08-19T21:50:37.506+0000] {processor.py:183} INFO - Processing /home/airflow/.local/lib/python3.8/site-packages/airflow/example_dags/example_branch_operator.py took 0.056 seconds
[2025-08-19T21:51:07.600+0000] {processor.py:161} INFO - Started process (PID=159) to work on /home/airflow/.local/lib/python3.8/site-packages/airflow/example_dags/example_branch_operator.py
[2025-08-19T21:51:07.602+0000] {processor.py:830} INFO - Processing file /home/airflow/.local/lib/python3.8/site-packages/airflow/example_dags/example_branch_operator.py for tasks to queue
[2025-08-19T21:51:07.603+0000] {logging_mixin.py:188} INFO - [2025-08-19T21:51:07.603+0000] {dagbag.py:538} INFO - Filling up the DagBag from /home/airflow/.local/lib/python3.8/site-packages/airflow/example_dags/example_branch_operator.py
[2025-08-19T21:51:07.610+0000] {processor.py:840} INFO - DAG(s) 'example_branch_operator' retrieved from /home/airflow/.local/lib/python3.8/site-packages/airflow/example_dags/example_branch_operator.py
[2025-08-19T21:51:07.624+0000] {logging_mixin.py:188} INFO - [2025-08-19T21:51:07.624+0000] {dag.py:3036} INFO - Sync 1 DAGs
[2025-08-19T21:51:07.634+0000] {logging_mixin.py:188} INFO - [2025-08-19T21:51:07.634+0000] {dag.py:3823} INFO - Setting next_dagrun for example_branch_operator to 2025-08-18 00:00:00+00:00, run_after=2025-08-19 00:00:00+00:00
[2025-08-19T21:51:07.642+0000] {processor.py:183} INFO - Processing /home/airflow/.local/lib/python3.8/site-packages/airflow/example_dags/example_branch_operator.py took 0.044 seconds
[2025-08-19T21:51:38.072+0000] {processor.py:161} INFO - Started process (PID=215) to work on /home/airflow/.local/lib/python3.8/site-packages/airflow/example_dags/example_branch_operator.py
[2025-08-19T21:51:38.073+0000] {processor.py:830} INFO - Processing file /home/airflow/.local/lib/python3.8/site-packages/airflow/example_dags/example_branch_operator.py for tasks to queue
[2025-08-19T21:51:38.074+0000] {logging_mixin.py:188} INFO - [2025-08-19T21:51:38.074+0000] {dagbag.py:538} INFO - Filling up the DagBag from /home/airflow/.local/lib/python3.8/site-packages/airflow/example_dags/example_branch_operator.py
[2025-08-19T21:51:38.083+0000] {processor.py:840} INFO - DAG(s) 'example_branch_operator' retrieved from /home/airflow/.local/lib/python3.8/site-packages/airflow/example_dags/example_branch_operator.py
[2025-08-19T21:51:38.098+0000] {logging_mixin.py:188} INFO - [2025-08-19T21:51:38.097+0000] {dag.py:3036} INFO - Sync 1 DAGs
[2025-08-19T21:51:38.107+0000] {logging_mixin.py:188} INFO - [2025-08-19T21:51:38.107+0000] {dag.py:3823} INFO - Setting next_dagrun for example_branch_operator to 2025-08-18 00:00:00+00:00, run_after=2025-08-19 00:00:00+00:00
[2025-08-19T21:51:38.120+0000] {processor.py:183} INFO - Processing /home/airflow/.local/lib/python3.8/site-packages/airflow/example_dags/example_branch_operator.py took 0.049 seconds
[2025-08-19T21:52:08.617+0000] {processor.py:161} INFO - Started process (PID=271) to work on /home/airflow/.local/lib/python3.8/site-packages/airflow/example_dags/example_branch_operator.py
[2025-08-19T21:52:08.618+0000] {processor.py:830} INFO - Processing file /home/airflow/.local/lib/python3.8/site-packages/airflow/example_dags/example_branch_operator.py for tasks to queue
[2025-08-19T21:52:08.619+0000] {logging_mixin.py:188} INFO - [2025-08-19T21:52:08.619+0000] {dagbag.py:538} INFO - Filling up the DagBag from /home/airflow/.local/lib/python3.8/site-packages/airflow/example_dags/example_branch_operator.py
[2025-08-19T21:52:08.628+0000] {processor.py:840} INFO - DAG(s) 'example_branch_operator' retrieved from /home/airflow/.local/lib/python3.8/site-packages/airflow/example_dags/example_branch_operator.py
[2025-08-19T21:52:08.638+0000] {logging_mixin.py:188} INFO - [2025-08-19T21:52:08.638+0000] {dag.py:3036} INFO - Sync 1 DAGs
[2025-08-19T21:52:08.646+0000] {logging_mixin.py:188} INFO - [2025-08-19T21:52:08.646+0000] {dag.py:3823} INFO - Setting next_dagrun for example_branch_operator to 2025-08-18 00:00:00+00:00, run_after=2025-08-19 00:00:00+00:00
[2025-08-19T21:52:08.653+0000] {processor.py:183} INFO - Processing /home/airflow/.local/lib/python3.8/site-packages/airflow/example_dags/example_branch_operator.py took 0.038 seconds
[2025-08-19T21:52:39.500+0000] {processor.py:161} INFO - Started process (PID=327) to work on /home/airflow/.local/lib/python3.8/site-packages/airflow/example_dags/example_branch_operator.py
[2025-08-19T21:52:39.500+0000] {processor.py:830} INFO - Processing file /home/airflow/.local/lib/python3.8/site-packages/airflow/example_dags/example_branch_operator.py for tasks to queue
[2025-08-19T21:52:39.501+0000] {logging_mixin.py:188} INFO - [2025-08-19T21:52:39.501+0000] {dagbag.py:538} INFO - Filling up the DagBag from /home/airflow/.local/lib/python3.8/site-packages/airflow/example_dags/example_branch_operator.py
[2025-08-19T21:52:39.509+0000] {processor.py:840} INFO - DAG(s) 'example_branch_operator' retrieved from /home/airflow/.local/lib/python3.8/site-packages/airflow/example_dags/example_branch_operator.py
[2025-08-19T21:52:39.521+0000] {logging_mixin.py:188} INFO - [2025-08-19T21:52:39.521+0000] {dag.py:3036} INFO - Sync 1 DAGs
[2025-08-19T21:52:39.531+0000] {logging_mixin.py:188} INFO - [2025-08-19T21:52:39.531+0000] {dag.py:3823} INFO - Setting next_dagrun for example_branch_operator to 2025-08-18 00:00:00+00:00, run_after=2025-08-19 00:00:00+00:00
[2025-08-19T21:52:39.542+0000] {processor.py:183} INFO - Processing /home/airflow/.local/lib/python3.8/site-packages/airflow/example_dags/example_branch_operator.py took 0.044 seconds
[2025-08-19T21:53:10.128+0000] {processor.py:161} INFO - Started process (PID=383) to work on /home/airflow/.local/lib/python3.8/site-packages/airflow/example_dags/example_branch_operator.py
[2025-08-19T21:53:10.129+0000] {processor.py:830} INFO - Processing file /home/airflow/.local/lib/python3.8/site-packages/airflow/example_dags/example_branch_operator.py for tasks to queue
[2025-08-19T21:53:10.132+0000] {logging_mixin.py:188} INFO - [2025-08-19T21:53:10.131+0000] {dagbag.py:538} INFO - Filling up the DagBag from /home/airflow/.local/lib/python3.8/site-packages/airflow/example_dags/example_branch_operator.py
[2025-08-19T21:53:10.144+0000] {processor.py:840} INFO - DAG(s) 'example_branch_operator' retrieved from /home/airflow/.local/lib/python3.8/site-packages/airflow/example_dags/example_branch_operator.py
[2025-08-19T21:53:10.155+0000] {logging_mixin.py:188} INFO - [2025-08-19T21:53:10.155+0000] {dag.py:3036} INFO - Sync 1 DAGs
[2025-08-19T21:53:10.168+0000] {logging_mixin.py:188} INFO - [2025-08-19T21:53:10.168+0000] {dag.py:3823} INFO - Setting next_dagrun for example_branch_operator to 2025-08-18 00:00:00+00:00, run_after=2025-08-19 00:00:00+00:00
[2025-08-19T21:53:10.177+0000] {processor.py:183} INFO - Processing /home/airflow/.local/lib/python3.8/site-packages/airflow/example_dags/example_branch_operator.py took 0.051 seconds
[2025-08-19T21:53:40.883+0000] {processor.py:161} INFO - Started process (PID=445) to work on /home/airflow/.local/lib/python3.8/site-packages/airflow/example_dags/example_branch_operator.py
[2025-08-19T21:53:40.884+0000] {processor.py:830} INFO - Processing file /home/airflow/.local/lib/python3.8/site-packages/airflow/example_dags/example_branch_operator.py for tasks to queue
[2025-08-19T21:53:40.885+0000] {logging_mixin.py:188} INFO - [2025-08-19T21:53:40.885+0000] {dagbag.py:538} INFO - Filling up the DagBag from /home/airflow/.local/lib/python3.8/site-packages/airflow/example_dags/example_branch_operator.py
[2025-08-19T21:53:40.892+0000] {processor.py:840} INFO - DAG(s) 'example_branch_operator' retrieved from /home/airflow/.local/lib/python3.8/site-packages/airflow/example_dags/example_branch_operator.py
[2025-08-19T21:53:40.904+0000] {logging_mixin.py:188} INFO - [2025-08-19T21:53:40.904+0000] {dag.py:3036} INFO - Sync 1 DAGs
[2025-08-19T21:53:40.916+0000] {logging_mixin.py:188} INFO - [2025-08-19T21:53:40.916+0000] {dag.py:3823} INFO - Setting next_dagrun for example_branch_operator to 2025-08-18 00:00:00+00:00, run_after=2025-08-19 00:00:00+00:00
[2025-08-19T21:53:40.924+0000] {processor.py:183} INFO - Processing /home/airflow/.local/lib/python3.8/site-packages/airflow/example_dags/example_branch_operator.py took 0.043 seconds
[2025-08-19T21:54:11.467+0000] {processor.py:161} INFO - Started process (PID=501) to work on /home/airflow/.local/lib/python3.8/site-packages/airflow/example_dags/example_branch_operator.py
[2025-08-19T21:54:11.468+0000] {processor.py:830} INFO - Processing file /home/airflow/.local/lib/python3.8/site-packages/airflow/example_dags/example_branch_operator.py for tasks to queue
[2025-08-19T21:54:11.469+0000] {logging_mixin.py:188} INFO - [2025-08-19T21:54:11.469+0000] {dagbag.py:538} INFO - Filling up the DagBag from /home/airflow/.local/lib/python3.8/site-packages/airflow/example_dags/example_branch_operator.py
[2025-08-19T21:54:11.478+0000] {processor.py:840} INFO - DAG(s) 'example_branch_operator' retrieved from /home/airflow/.local/lib/python3.8/site-packages/airflow/example_dags/example_branch_operator.py
[2025-08-19T21:54:11.490+0000] {logging_mixin.py:188} INFO - [2025-08-19T21:54:11.490+0000] {dag.py:3036} INFO - Sync 1 DAGs
[2025-08-19T21:54:11.500+0000] {logging_mixin.py:188} INFO - [2025-08-19T21:54:11.499+0000] {dag.py:3823} INFO - Setting next_dagrun for example_branch_operator to 2025-08-18 00:00:00+00:00, run_after=2025-08-19 00:00:00+00:00
[2025-08-19T21:54:11.508+0000] {processor.py:183} INFO - Processing /home/airflow/.local/lib/python3.8/site-packages/airflow/example_dags/example_branch_operator.py took 0.043 seconds
[2025-08-19T21:54:41.973+0000] {processor.py:161} INFO - Started process (PID=557) to work on /home/airflow/.local/lib/python3.8/site-packages/airflow/example_dags/example_branch_operator.py
[2025-08-19T21:54:41.974+0000] {processor.py:830} INFO - Processing file /home/airflow/.local/lib/python3.8/site-packages/airflow/example_dags/example_branch_operator.py for tasks to queue
[2025-08-19T21:54:41.975+0000] {logging_mixin.py:188} INFO - [2025-08-19T21:54:41.975+0000] {dagbag.py:538} INFO - Filling up the DagBag from /home/airflow/.local/lib/python3.8/site-packages/airflow/example_dags/example_branch_operator.py
[2025-08-19T21:54:41.983+0000] {processor.py:840} INFO - DAG(s) 'example_branch_operator' retrieved from /home/airflow/.local/lib/python3.8/site-packages/airflow/example_dags/example_branch_operator.py
[2025-08-19T21:54:41.998+0000] {logging_mixin.py:188} INFO - [2025-08-19T21:54:41.998+0000] {dag.py:3036} INFO - Sync 1 DAGs
[2025-08-19T21:54:42.009+0000] {logging_mixin.py:188} INFO - [2025-08-19T21:54:42.009+0000] {dag.py:3823} INFO - Setting next_dagrun for example_branch_operator to 2025-08-18 00:00:00+00:00, run_after=2025-08-19 00:00:00+00:00
[2025-08-19T21:54:42.018+0000] {processor.py:183} INFO - Processing /home/airflow/.local/lib/python3.8/site-packages/airflow/example_dags/example_branch_operator.py took 0.047 seconds
[2025-08-19T21:55:12.593+0000] {processor.py:161} INFO - Started process (PID=613) to work on /home/airflow/.local/lib/python3.8/site-packages/airflow/example_dags/example_branch_operator.py
[2025-08-19T21:55:12.594+0000] {processor.py:830} INFO - Processing file /home/airflow/.local/lib/python3.8/site-packages/airflow/example_dags/example_branch_operator.py for tasks to queue
[2025-08-19T21:55:12.595+0000] {logging_mixin.py:188} INFO - [2025-08-19T21:55:12.595+0000] {dagbag.py:538} INFO - Filling up the DagBag from /home/airflow/.local/lib/python3.8/site-packages/airflow/example_dags/example_branch_operator.py
[2025-08-19T21:55:12.602+0000] {processor.py:840} INFO - DAG(s) 'example_branch_operator' retrieved from /home/airflow/.local/lib/python3.8/site-packages/airflow/example_dags/example_branch_operator.py
[2025-08-19T21:55:12.614+0000] {logging_mixin.py:188} INFO - [2025-08-19T21:55:12.614+0000] {dag.py:3036} INFO - Sync 1 DAGs
[2025-08-19T21:55:12.625+0000] {logging_mixin.py:188} INFO - [2025-08-19T21:55:12.625+0000] {dag.py:3823} INFO - Setting next_dagrun for example_branch_operator to 2025-08-18 00:00:00+00:00, run_after=2025-08-19 00:00:00+00:00
[2025-08-19T21:55:12.636+0000] {processor.py:183} INFO - Processing /home/airflow/.local/lib/python3.8/site-packages/airflow/example_dags/example_branch_operator.py took 0.045 seconds
[2025-08-19T21:55:43.182+0000] {processor.py:161} INFO - Started process (PID=669) to work on /home/airflow/.local/lib/python3.8/site-packages/airflow/example_dags/example_branch_operator.py
[2025-08-19T21:55:43.183+0000] {processor.py:830} INFO - Processing file /home/airflow/.local/lib/python3.8/site-packages/airflow/example_dags/example_branch_operator.py for tasks to queue
[2025-08-19T21:55:43.185+0000] {logging_mixin.py:188} INFO - [2025-08-19T21:55:43.185+0000] {dagbag.py:538} INFO - Filling up the DagBag from /home/airflow/.local/lib/python3.8/site-packages/airflow/example_dags/example_branch_operator.py
[2025-08-19T21:55:43.195+0000] {processor.py:840} INFO - DAG(s) 'example_branch_operator' retrieved from /home/airflow/.local/lib/python3.8/site-packages/airflow/example_dags/example_branch_operator.py
[2025-08-19T21:55:43.215+0000] {logging_mixin.py:188} INFO - [2025-08-19T21:55:43.215+0000] {dag.py:3036} INFO - Sync 1 DAGs
[2025-08-19T21:55:43.227+0000] {logging_mixin.py:188} INFO - [2025-08-19T21:55:43.227+0000] {dag.py:3823} INFO - Setting next_dagrun for example_branch_operator to 2025-08-18 00:00:00+00:00, run_after=2025-08-19 00:00:00+00:00
[2025-08-19T21:55:43.238+0000] {processor.py:183} INFO - Processing /home/airflow/.local/lib/python3.8/site-packages/airflow/example_dags/example_branch_operator.py took 0.058 seconds
[2025-08-19T21:56:13.810+0000] {processor.py:161} INFO - Started process (PID=725) to work on /home/airflow/.local/lib/python3.8/site-packages/airflow/example_dags/example_branch_operator.py
[2025-08-19T21:56:13.811+0000] {processor.py:830} INFO - Processing file /home/airflow/.local/lib/python3.8/site-packages/airflow/example_dags/example_branch_operator.py for tasks to queue
[2025-08-19T21:56:13.812+0000] {logging_mixin.py:188} INFO - [2025-08-19T21:56:13.811+0000] {dagbag.py:538} INFO - Filling up the DagBag from /home/airflow/.local/lib/python3.8/site-packages/airflow/example_dags/example_branch_operator.py
[2025-08-19T21:56:13.819+0000] {processor.py:840} INFO - DAG(s) 'example_branch_operator' retrieved from /home/airflow/.local/lib/python3.8/site-packages/airflow/example_dags/example_branch_operator.py
[2025-08-19T21:56:13.834+0000] {logging_mixin.py:188} INFO - [2025-08-19T21:56:13.834+0000] {dag.py:3036} INFO - Sync 1 DAGs
[2025-08-19T21:56:13.843+0000] {logging_mixin.py:188} INFO - [2025-08-19T21:56:13.843+0000] {dag.py:3823} INFO - Setting next_dagrun for example_branch_operator to 2025-08-18 00:00:00+00:00, run_after=2025-08-19 00:00:00+00:00
[2025-08-19T21:56:13.850+0000] {processor.py:183} INFO - Processing /home/airflow/.local/lib/python3.8/site-packages/airflow/example_dags/example_branch_operator.py took 0.043 seconds
[2025-08-19T21:56:44.424+0000] {processor.py:161} INFO - Started process (PID=781) to work on /home/airflow/.local/lib/python3.8/site-packages/airflow/example_dags/example_branch_operator.py
[2025-08-19T21:56:44.425+0000] {processor.py:830} INFO - Processing file /home/airflow/.local/lib/python3.8/site-packages/airflow/example_dags/example_branch_operator.py for tasks to queue
[2025-08-19T21:56:44.427+0000] {logging_mixin.py:188} INFO - [2025-08-19T21:56:44.427+0000] {dagbag.py:538} INFO - Filling up the DagBag from /home/airflow/.local/lib/python3.8/site-packages/airflow/example_dags/example_branch_operator.py
[2025-08-19T21:56:44.436+0000] {processor.py:840} INFO - DAG(s) 'example_branch_operator' retrieved from /home/airflow/.local/lib/python3.8/site-packages/airflow/example_dags/example_branch_operator.py
[2025-08-19T21:56:44.450+0000] {logging_mixin.py:188} INFO - [2025-08-19T21:56:44.450+0000] {dag.py:3036} INFO - Sync 1 DAGs
[2025-08-19T21:56:44.461+0000] {logging_mixin.py:188} INFO - [2025-08-19T21:56:44.460+0000] {dag.py:3823} INFO - Setting next_dagrun for example_branch_operator to 2025-08-18 00:00:00+00:00, run_after=2025-08-19 00:00:00+00:00
[2025-08-19T21:56:44.470+0000] {processor.py:183} INFO - Processing /home/airflow/.local/lib/python3.8/site-packages/airflow/example_dags/example_branch_operator.py took 0.048 seconds
[2025-08-19T21:57:15.105+0000] {processor.py:161} INFO - Started process (PID=837) to work on /home/airflow/.local/lib/python3.8/site-packages/airflow/example_dags/example_branch_operator.py
[2025-08-19T21:57:15.106+0000] {processor.py:830} INFO - Processing file /home/airflow/.local/lib/python3.8/site-packages/airflow/example_dags/example_branch_operator.py for tasks to queue
[2025-08-19T21:57:15.107+0000] {logging_mixin.py:188} INFO - [2025-08-19T21:57:15.107+0000] {dagbag.py:538} INFO - Filling up the DagBag from /home/airflow/.local/lib/python3.8/site-packages/airflow/example_dags/example_branch_operator.py
[2025-08-19T21:57:15.116+0000] {processor.py:840} INFO - DAG(s) 'example_branch_operator' retrieved from /home/airflow/.local/lib/python3.8/site-packages/airflow/example_dags/example_branch_operator.py
[2025-08-19T21:57:15.131+0000] {logging_mixin.py:188} INFO - [2025-08-19T21:57:15.131+0000] {dag.py:3036} INFO - Sync 1 DAGs
[2025-08-19T21:57:15.141+0000] {logging_mixin.py:188} INFO - [2025-08-19T21:57:15.141+0000] {dag.py:3823} INFO - Setting next_dagrun for example_branch_operator to 2025-08-18 00:00:00+00:00, run_after=2025-08-19 00:00:00+00:00
[2025-08-19T21:57:15.148+0000] {processor.py:183} INFO - Processing /home/airflow/.local/lib/python3.8/site-packages/airflow/example_dags/example_branch_operator.py took 0.045 seconds
[2025-08-19T21:57:45.709+0000] {processor.py:161} INFO - Started process (PID=893) to work on /home/airflow/.local/lib/python3.8/site-packages/airflow/example_dags/example_branch_operator.py
[2025-08-19T21:57:45.711+0000] {processor.py:830} INFO - Processing file /home/airflow/.local/lib/python3.8/site-packages/airflow/example_dags/example_branch_operator.py for tasks to queue
[2025-08-19T21:57:45.712+0000] {logging_mixin.py:188} INFO - [2025-08-19T21:57:45.711+0000] {dagbag.py:538} INFO - Filling up the DagBag from /home/airflow/.local/lib/python3.8/site-packages/airflow/example_dags/example_branch_operator.py
[2025-08-19T21:57:45.719+0000] {processor.py:840} INFO - DAG(s) 'example_branch_operator' retrieved from /home/airflow/.local/lib/python3.8/site-packages/airflow/example_dags/example_branch_operator.py
[2025-08-19T21:57:45.731+0000] {logging_mixin.py:188} INFO - [2025-08-19T21:57:45.731+0000] {dag.py:3036} INFO - Sync 1 DAGs
[2025-08-19T21:57:45.740+0000] {logging_mixin.py:188} INFO - [2025-08-19T21:57:45.740+0000] {dag.py:3823} INFO - Setting next_dagrun for example_branch_operator to 2025-08-18 00:00:00+00:00, run_after=2025-08-19 00:00:00+00:00
[2025-08-19T21:57:45.750+0000] {processor.py:183} INFO - Processing /home/airflow/.local/lib/python3.8/site-packages/airflow/example_dags/example_branch_operator.py took 0.044 seconds
[2025-08-19T21:58:16.267+0000] {processor.py:161} INFO - Started process (PID=949) to work on /home/airflow/.local/lib/python3.8/site-packages/airflow/example_dags/example_branch_operator.py
[2025-08-19T21:58:16.270+0000] {processor.py:830} INFO - Processing file /home/airflow/.local/lib/python3.8/site-packages/airflow/example_dags/example_branch_operator.py for tasks to queue
[2025-08-19T21:58:16.270+0000] {logging_mixin.py:188} INFO - [2025-08-19T21:58:16.270+0000] {dagbag.py:538} INFO - Filling up the DagBag from /home/airflow/.local/lib/python3.8/site-packages/airflow/example_dags/example_branch_operator.py
[2025-08-19T21:58:16.279+0000] {processor.py:840} INFO - DAG(s) 'example_branch_operator' retrieved from /home/airflow/.local/lib/python3.8/site-packages/airflow/example_dags/example_branch_operator.py
[2025-08-19T21:58:16.296+0000] {logging_mixin.py:188} INFO - [2025-08-19T21:58:16.296+0000] {dag.py:3036} INFO - Sync 1 DAGs
[2025-08-19T21:58:16.307+0000] {logging_mixin.py:188} INFO - [2025-08-19T21:58:16.307+0000] {dag.py:3823} INFO - Setting next_dagrun for example_branch_operator to 2025-08-18 00:00:00+00:00, run_after=2025-08-19 00:00:00+00:00
[2025-08-19T21:58:16.317+0000] {processor.py:183} INFO - Processing /home/airflow/.local/lib/python3.8/site-packages/airflow/example_dags/example_branch_operator.py took 0.051 seconds
[2025-08-19T21:58:46.809+0000] {processor.py:161} INFO - Started process (PID=1005) to work on /home/airflow/.local/lib/python3.8/site-packages/airflow/example_dags/example_branch_operator.py
[2025-08-19T21:58:46.809+0000] {processor.py:830} INFO - Processing file /home/airflow/.local/lib/python3.8/site-packages/airflow/example_dags/example_branch_operator.py for tasks to queue
[2025-08-19T21:58:46.811+0000] {logging_mixin.py:188} INFO - [2025-08-19T21:58:46.810+0000] {dagbag.py:538} INFO - Filling up the DagBag from /home/airflow/.local/lib/python3.8/site-packages/airflow/example_dags/example_branch_operator.py
[2025-08-19T21:58:46.820+0000] {processor.py:840} INFO - DAG(s) 'example_branch_operator' retrieved from /home/airflow/.local/lib/python3.8/site-packages/airflow/example_dags/example_branch_operator.py
[2025-08-19T21:58:46.833+0000] {logging_mixin.py:188} INFO - [2025-08-19T21:58:46.833+0000] {dag.py:3036} INFO - Sync 1 DAGs
[2025-08-19T21:58:46.842+0000] {logging_mixin.py:188} INFO - [2025-08-19T21:58:46.842+0000] {dag.py:3823} INFO - Setting next_dagrun for example_branch_operator to 2025-08-18 00:00:00+00:00, run_after=2025-08-19 00:00:00+00:00
[2025-08-19T21:58:46.852+0000] {processor.py:183} INFO - Processing /home/airflow/.local/lib/python3.8/site-packages/airflow/example_dags/example_branch_operator.py took 0.045 seconds
[2025-08-19T21:59:17.353+0000] {processor.py:161} INFO - Started process (PID=1061) to work on /home/airflow/.local/lib/python3.8/site-packages/airflow/example_dags/example_branch_operator.py
[2025-08-19T21:59:17.354+0000] {processor.py:830} INFO - Processing file /home/airflow/.local/lib/python3.8/site-packages/airflow/example_dags/example_branch_operator.py for tasks to queue
[2025-08-19T21:59:17.355+0000] {logging_mixin.py:188} INFO - [2025-08-19T21:59:17.355+0000] {dagbag.py:538} INFO - Filling up the DagBag from /home/airflow/.local/lib/python3.8/site-packages/airflow/example_dags/example_branch_operator.py
[2025-08-19T21:59:17.363+0000] {processor.py:840} INFO - DAG(s) 'example_branch_operator' retrieved from /home/airflow/.local/lib/python3.8/site-packages/airflow/example_dags/example_branch_operator.py
[2025-08-19T21:59:17.375+0000] {logging_mixin.py:188} INFO - [2025-08-19T21:59:17.375+0000] {dag.py:3036} INFO - Sync 1 DAGs
[2025-08-19T21:59:17.385+0000] {logging_mixin.py:188} INFO - [2025-08-19T21:59:17.385+0000] {dag.py:3823} INFO - Setting next_dagrun for example_branch_operator to 2025-08-18 00:00:00+00:00, run_after=2025-08-19 00:00:00+00:00
[2025-08-19T21:59:17.394+0000] {processor.py:183} INFO - Processing /home/airflow/.local/lib/python3.8/site-packages/airflow/example_dags/example_branch_operator.py took 0.043 seconds
[2025-08-19T21:59:47.902+0000] {processor.py:161} INFO - Started process (PID=1117) to work on /home/airflow/.local/lib/python3.8/site-packages/airflow/example_dags/example_branch_operator.py
[2025-08-19T21:59:47.903+0000] {processor.py:830} INFO - Processing file /home/airflow/.local/lib/python3.8/site-packages/airflow/example_dags/example_branch_operator.py for tasks to queue
[2025-08-19T21:59:47.904+0000] {logging_mixin.py:188} INFO - [2025-08-19T21:59:47.904+0000] {dagbag.py:538} INFO - Filling up the DagBag from /home/airflow/.local/lib/python3.8/site-packages/airflow/example_dags/example_branch_operator.py
[2025-08-19T21:59:47.912+0000] {processor.py:840} INFO - DAG(s) 'example_branch_operator' retrieved from /home/airflow/.local/lib/python3.8/site-packages/airflow/example_dags/example_branch_operator.py
[2025-08-19T21:59:47.924+0000] {logging_mixin.py:188} INFO - [2025-08-19T21:59:47.924+0000] {dag.py:3036} INFO - Sync 1 DAGs
[2025-08-19T21:59:47.936+0000] {logging_mixin.py:188} INFO - [2025-08-19T21:59:47.936+0000] {dag.py:3823} INFO - Setting next_dagrun for example_branch_operator to 2025-08-18 00:00:00+00:00, run_after=2025-08-19 00:00:00+00:00
[2025-08-19T21:59:47.945+0000] {processor.py:183} INFO - Processing /home/airflow/.local/lib/python3.8/site-packages/airflow/example_dags/example_branch_operator.py took 0.044 seconds
[2025-08-19T22:00:18.434+0000] {processor.py:161} INFO - Started process (PID=1173) to work on /home/airflow/.local/lib/python3.8/site-packages/airflow/example_dags/example_branch_operator.py
[2025-08-19T22:00:18.435+0000] {processor.py:830} INFO - Processing file /home/airflow/.local/lib/python3.8/site-packages/airflow/example_dags/example_branch_operator.py for tasks to queue
[2025-08-19T22:00:18.436+0000] {logging_mixin.py:188} INFO - [2025-08-19T22:00:18.436+0000] {dagbag.py:538} INFO - Filling up the DagBag from /home/airflow/.local/lib/python3.8/site-packages/airflow/example_dags/example_branch_operator.py
[2025-08-19T22:00:18.443+0000] {processor.py:840} INFO - DAG(s) 'example_branch_operator' retrieved from /home/airflow/.local/lib/python3.8/site-packages/airflow/example_dags/example_branch_operator.py
[2025-08-19T22:00:18.456+0000] {logging_mixin.py:188} INFO - [2025-08-19T22:00:18.456+0000] {dag.py:3036} INFO - Sync 1 DAGs
[2025-08-19T22:00:18.468+0000] {logging_mixin.py:188} INFO - [2025-08-19T22:00:18.468+0000] {dag.py:3823} INFO - Setting next_dagrun for example_branch_operator to 2025-08-18 00:00:00+00:00, run_after=2025-08-19 00:00:00+00:00
[2025-08-19T22:00:18.478+0000] {processor.py:183} INFO - Processing /home/airflow/.local/lib/python3.8/site-packages/airflow/example_dags/example_branch_operator.py took 0.045 seconds
[2025-08-19T22:00:48.947+0000] {processor.py:161} INFO - Started process (PID=1229) to work on /home/airflow/.local/lib/python3.8/site-packages/airflow/example_dags/example_branch_operator.py
[2025-08-19T22:00:48.949+0000] {processor.py:830} INFO - Processing file /home/airflow/.local/lib/python3.8/site-packages/airflow/example_dags/example_branch_operator.py for tasks to queue
[2025-08-19T22:00:48.950+0000] {logging_mixin.py:188} INFO - [2025-08-19T22:00:48.950+0000] {dagbag.py:538} INFO - Filling up the DagBag from /home/airflow/.local/lib/python3.8/site-packages/airflow/example_dags/example_branch_operator.py
[2025-08-19T22:00:48.959+0000] {processor.py:840} INFO - DAG(s) 'example_branch_operator' retrieved from /home/airflow/.local/lib/python3.8/site-packages/airflow/example_dags/example_branch_operator.py
[2025-08-19T22:00:48.974+0000] {logging_mixin.py:188} INFO - [2025-08-19T22:00:48.974+0000] {dag.py:3036} INFO - Sync 1 DAGs
[2025-08-19T22:00:48.983+0000] {logging_mixin.py:188} INFO - [2025-08-19T22:00:48.983+0000] {dag.py:3823} INFO - Setting next_dagrun for example_branch_operator to 2025-08-18 00:00:00+00:00, run_after=2025-08-19 00:00:00+00:00
[2025-08-19T22:00:48.994+0000] {processor.py:183} INFO - Processing /home/airflow/.local/lib/python3.8/site-packages/airflow/example_dags/example_branch_operator.py took 0.050 seconds
[2025-08-19T22:01:19.659+0000] {processor.py:161} INFO - Started process (PID=1285) to work on /home/airflow/.local/lib/python3.8/site-packages/airflow/example_dags/example_branch_operator.py
[2025-08-19T22:01:19.659+0000] {processor.py:830} INFO - Processing file /home/airflow/.local/lib/python3.8/site-packages/airflow/example_dags/example_branch_operator.py for tasks to queue
[2025-08-19T22:01:19.660+0000] {logging_mixin.py:188} INFO - [2025-08-19T22:01:19.660+0000] {dagbag.py:538} INFO - Filling up the DagBag from /home/airflow/.local/lib/python3.8/site-packages/airflow/example_dags/example_branch_operator.py
[2025-08-19T22:01:19.668+0000] {processor.py:840} INFO - DAG(s) 'example_branch_operator' retrieved from /home/airflow/.local/lib/python3.8/site-packages/airflow/example_dags/example_branch_operator.py
[2025-08-19T22:01:19.682+0000] {logging_mixin.py:188} INFO - [2025-08-19T22:01:19.682+0000] {dag.py:3036} INFO - Sync 1 DAGs
[2025-08-19T22:01:19.695+0000] {logging_mixin.py:188} INFO - [2025-08-19T22:01:19.695+0000] {dag.py:3823} INFO - Setting next_dagrun for example_branch_operator to 2025-08-18 00:00:00+00:00, run_after=2025-08-19 00:00:00+00:00
[2025-08-19T22:01:19.704+0000] {processor.py:183} INFO - Processing /home/airflow/.local/lib/python3.8/site-packages/airflow/example_dags/example_branch_operator.py took 0.047 seconds
[2025-08-19T22:01:49.836+0000] {processor.py:161} INFO - Started process (PID=1341) to work on /home/airflow/.local/lib/python3.8/site-packages/airflow/example_dags/example_branch_operator.py
[2025-08-19T22:01:49.839+0000] {processor.py:830} INFO - Processing file /home/airflow/.local/lib/python3.8/site-packages/airflow/example_dags/example_branch_operator.py for tasks to queue
[2025-08-19T22:01:49.840+0000] {logging_mixin.py:188} INFO - [2025-08-19T22:01:49.839+0000] {dagbag.py:538} INFO - Filling up the DagBag from /home/airflow/.local/lib/python3.8/site-packages/airflow/example_dags/example_branch_operator.py
[2025-08-19T22:01:49.850+0000] {processor.py:840} INFO - DAG(s) 'example_branch_operator' retrieved from /home/airflow/.local/lib/python3.8/site-packages/airflow/example_dags/example_branch_operator.py
[2025-08-19T22:01:49.865+0000] {logging_mixin.py:188} INFO - [2025-08-19T22:01:49.865+0000] {dag.py:3036} INFO - Sync 1 DAGs
[2025-08-19T22:01:49.875+0000] {logging_mixin.py:188} INFO - [2025-08-19T22:01:49.874+0000] {dag.py:3823} INFO - Setting next_dagrun for example_branch_operator to 2025-08-18 00:00:00+00:00, run_after=2025-08-19 00:00:00+00:00
[2025-08-19T22:01:49.882+0000] {processor.py:183} INFO - Processing /home/airflow/.local/lib/python3.8/site-packages/airflow/example_dags/example_branch_operator.py took 0.048 seconds
[2025-08-19T22:02:20.758+0000] {processor.py:161} INFO - Started process (PID=1397) to work on /home/airflow/.local/lib/python3.8/site-packages/airflow/example_dags/example_branch_operator.py
[2025-08-19T22:02:20.759+0000] {processor.py:830} INFO - Processing file /home/airflow/.local/lib/python3.8/site-packages/airflow/example_dags/example_branch_operator.py for tasks to queue
[2025-08-19T22:02:20.760+0000] {logging_mixin.py:188} INFO - [2025-08-19T22:02:20.760+0000] {dagbag.py:538} INFO - Filling up the DagBag from /home/airflow/.local/lib/python3.8/site-packages/airflow/example_dags/example_branch_operator.py
[2025-08-19T22:02:20.767+0000] {processor.py:840} INFO - DAG(s) 'example_branch_operator' retrieved from /home/airflow/.local/lib/python3.8/site-packages/airflow/example_dags/example_branch_operator.py
[2025-08-19T22:02:20.781+0000] {logging_mixin.py:188} INFO - [2025-08-19T22:02:20.781+0000] {dag.py:3036} INFO - Sync 1 DAGs
[2025-08-19T22:02:20.792+0000] {logging_mixin.py:188} INFO - [2025-08-19T22:02:20.791+0000] {dag.py:3823} INFO - Setting next_dagrun for example_branch_operator to 2025-08-18 00:00:00+00:00, run_after=2025-08-19 00:00:00+00:00
[2025-08-19T22:02:20.800+0000] {processor.py:183} INFO - Processing /home/airflow/.local/lib/python3.8/site-packages/airflow/example_dags/example_branch_operator.py took 0.044 seconds
[2025-08-19T22:02:51.701+0000] {processor.py:161} INFO - Started process (PID=1453) to work on /home/airflow/.local/lib/python3.8/site-packages/airflow/example_dags/example_branch_operator.py
[2025-08-19T22:02:51.702+0000] {processor.py:830} INFO - Processing file /home/airflow/.local/lib/python3.8/site-packages/airflow/example_dags/example_branch_operator.py for tasks to queue
[2025-08-19T22:02:51.703+0000] {logging_mixin.py:188} INFO - [2025-08-19T22:02:51.703+0000] {dagbag.py:538} INFO - Filling up the DagBag from /home/airflow/.local/lib/python3.8/site-packages/airflow/example_dags/example_branch_operator.py
[2025-08-19T22:02:51.711+0000] {processor.py:840} INFO - DAG(s) 'example_branch_operator' retrieved from /home/airflow/.local/lib/python3.8/site-packages/airflow/example_dags/example_branch_operator.py
[2025-08-19T22:02:51.725+0000] {logging_mixin.py:188} INFO - [2025-08-19T22:02:51.725+0000] {dag.py:3036} INFO - Sync 1 DAGs
[2025-08-19T22:02:51.733+0000] {logging_mixin.py:188} INFO - [2025-08-19T22:02:51.733+0000] {dag.py:3823} INFO - Setting next_dagrun for example_branch_operator to 2025-08-18 00:00:00+00:00, run_after=2025-08-19 00:00:00+00:00
[2025-08-19T22:02:51.742+0000] {processor.py:183} INFO - Processing /home/airflow/.local/lib/python3.8/site-packages/airflow/example_dags/example_branch_operator.py took 0.043 seconds
[2025-08-19T22:03:22.653+0000] {processor.py:161} INFO - Started process (PID=1509) to work on /home/airflow/.local/lib/python3.8/site-packages/airflow/example_dags/example_branch_operator.py
[2025-08-19T22:03:22.655+0000] {processor.py:830} INFO - Processing file /home/airflow/.local/lib/python3.8/site-packages/airflow/example_dags/example_branch_operator.py for tasks to queue
[2025-08-19T22:03:22.658+0000] {logging_mixin.py:188} INFO - [2025-08-19T22:03:22.657+0000] {dagbag.py:538} INFO - Filling up the DagBag from /home/airflow/.local/lib/python3.8/site-packages/airflow/example_dags/example_branch_operator.py
[2025-08-19T22:03:22.667+0000] {processor.py:840} INFO - DAG(s) 'example_branch_operator' retrieved from /home/airflow/.local/lib/python3.8/site-packages/airflow/example_dags/example_branch_operator.py
[2025-08-19T22:03:22.681+0000] {logging_mixin.py:188} INFO - [2025-08-19T22:03:22.681+0000] {dag.py:3036} INFO - Sync 1 DAGs
[2025-08-19T22:03:22.693+0000] {logging_mixin.py:188} INFO - [2025-08-19T22:03:22.693+0000] {dag.py:3823} INFO - Setting next_dagrun for example_branch_operator to 2025-08-18 00:00:00+00:00, run_after=2025-08-19 00:00:00+00:00
[2025-08-19T22:03:22.700+0000] {processor.py:183} INFO - Processing /home/airflow/.local/lib/python3.8/site-packages/airflow/example_dags/example_branch_operator.py took 0.049 seconds
[2025-08-19T22:03:53.429+0000] {processor.py:161} INFO - Started process (PID=1565) to work on /home/airflow/.local/lib/python3.8/site-packages/airflow/example_dags/example_branch_operator.py
[2025-08-19T22:03:53.432+0000] {processor.py:830} INFO - Processing file /home/airflow/.local/lib/python3.8/site-packages/airflow/example_dags/example_branch_operator.py for tasks to queue
[2025-08-19T22:03:53.433+0000] {logging_mixin.py:188} INFO - [2025-08-19T22:03:53.433+0000] {dagbag.py:538} INFO - Filling up the DagBag from /home/airflow/.local/lib/python3.8/site-packages/airflow/example_dags/example_branch_operator.py
[2025-08-19T22:03:53.441+0000] {processor.py:840} INFO - DAG(s) 'example_branch_operator' retrieved from /home/airflow/.local/lib/python3.8/site-packages/airflow/example_dags/example_branch_operator.py
[2025-08-19T22:03:53.453+0000] {logging_mixin.py:188} INFO - [2025-08-19T22:03:53.453+0000] {dag.py:3036} INFO - Sync 1 DAGs
[2025-08-19T22:03:53.464+0000] {logging_mixin.py:188} INFO - [2025-08-19T22:03:53.464+0000] {dag.py:3823} INFO - Setting next_dagrun for example_branch_operator to 2025-08-18 00:00:00+00:00, run_after=2025-08-19 00:00:00+00:00
[2025-08-19T22:03:53.473+0000] {processor.py:183} INFO - Processing /home/airflow/.local/lib/python3.8/site-packages/airflow/example_dags/example_branch_operator.py took 0.045 seconds
[2025-08-19T22:04:24.099+0000] {processor.py:161} INFO - Started process (PID=1621) to work on /home/airflow/.local/lib/python3.8/site-packages/airflow/example_dags/example_branch_operator.py
[2025-08-19T22:04:24.099+0000] {processor.py:830} INFO - Processing file /home/airflow/.local/lib/python3.8/site-packages/airflow/example_dags/example_branch_operator.py for tasks to queue
[2025-08-19T22:04:24.100+0000] {logging_mixin.py:188} INFO - [2025-08-19T22:04:24.100+0000] {dagbag.py:538} INFO - Filling up the DagBag from /home/airflow/.local/lib/python3.8/site-packages/airflow/example_dags/example_branch_operator.py
[2025-08-19T22:04:24.107+0000] {processor.py:840} INFO - DAG(s) 'example_branch_operator' retrieved from /home/airflow/.local/lib/python3.8/site-packages/airflow/example_dags/example_branch_operator.py
[2025-08-19T22:04:24.117+0000] {logging_mixin.py:188} INFO - [2025-08-19T22:04:24.117+0000] {dag.py:3036} INFO - Sync 1 DAGs
[2025-08-19T22:04:24.125+0000] {logging_mixin.py:188} INFO - [2025-08-19T22:04:24.125+0000] {dag.py:3823} INFO - Setting next_dagrun for example_branch_operator to 2025-08-18 00:00:00+00:00, run_after=2025-08-19 00:00:00+00:00
[2025-08-19T22:04:24.135+0000] {processor.py:183} INFO - Processing /home/airflow/.local/lib/python3.8/site-packages/airflow/example_dags/example_branch_operator.py took 0.038 seconds
[2025-08-19T22:04:54.505+0000] {processor.py:161} INFO - Started process (PID=1677) to work on /home/airflow/.local/lib/python3.8/site-packages/airflow/example_dags/example_branch_operator.py
[2025-08-19T22:04:54.506+0000] {processor.py:830} INFO - Processing file /home/airflow/.local/lib/python3.8/site-packages/airflow/example_dags/example_branch_operator.py for tasks to queue
[2025-08-19T22:04:54.507+0000] {logging_mixin.py:188} INFO - [2025-08-19T22:04:54.507+0000] {dagbag.py:538} INFO - Filling up the DagBag from /home/airflow/.local/lib/python3.8/site-packages/airflow/example_dags/example_branch_operator.py
[2025-08-19T22:04:54.513+0000] {processor.py:840} INFO - DAG(s) 'example_branch_operator' retrieved from /home/airflow/.local/lib/python3.8/site-packages/airflow/example_dags/example_branch_operator.py
[2025-08-19T22:04:54.526+0000] {logging_mixin.py:188} INFO - [2025-08-19T22:04:54.525+0000] {dag.py:3036} INFO - Sync 1 DAGs
[2025-08-19T22:04:54.537+0000] {logging_mixin.py:188} INFO - [2025-08-19T22:04:54.537+0000] {dag.py:3823} INFO - Setting next_dagrun for example_branch_operator to 2025-08-18 00:00:00+00:00, run_after=2025-08-19 00:00:00+00:00
[2025-08-19T22:04:54.547+0000] {processor.py:183} INFO - Processing /home/airflow/.local/lib/python3.8/site-packages/airflow/example_dags/example_branch_operator.py took 0.043 seconds
[2025-08-19T22:05:25.022+0000] {processor.py:161} INFO - Started process (PID=1733) to work on /home/airflow/.local/lib/python3.8/site-packages/airflow/example_dags/example_branch_operator.py
[2025-08-19T22:05:25.023+0000] {processor.py:830} INFO - Processing file /home/airflow/.local/lib/python3.8/site-packages/airflow/example_dags/example_branch_operator.py for tasks to queue
[2025-08-19T22:05:25.025+0000] {logging_mixin.py:188} INFO - [2025-08-19T22:05:25.024+0000] {dagbag.py:538} INFO - Filling up the DagBag from /home/airflow/.local/lib/python3.8/site-packages/airflow/example_dags/example_branch_operator.py
[2025-08-19T22:05:25.034+0000] {processor.py:840} INFO - DAG(s) 'example_branch_operator' retrieved from /home/airflow/.local/lib/python3.8/site-packages/airflow/example_dags/example_branch_operator.py
[2025-08-19T22:05:25.045+0000] {logging_mixin.py:188} INFO - [2025-08-19T22:05:25.045+0000] {dag.py:3036} INFO - Sync 1 DAGs
[2025-08-19T22:05:25.053+0000] {logging_mixin.py:188} INFO - [2025-08-19T22:05:25.053+0000] {dag.py:3823} INFO - Setting next_dagrun for example_branch_operator to 2025-08-18 00:00:00+00:00, run_after=2025-08-19 00:00:00+00:00
[2025-08-19T22:05:25.061+0000] {processor.py:183} INFO - Processing /home/airflow/.local/lib/python3.8/site-packages/airflow/example_dags/example_branch_operator.py took 0.041 seconds
[2025-08-19T22:05:55.113+0000] {processor.py:161} INFO - Started process (PID=1789) to work on /home/airflow/.local/lib/python3.8/site-packages/airflow/example_dags/example_branch_operator.py
[2025-08-19T22:05:55.114+0000] {processor.py:830} INFO - Processing file /home/airflow/.local/lib/python3.8/site-packages/airflow/example_dags/example_branch_operator.py for tasks to queue
[2025-08-19T22:05:55.115+0000] {logging_mixin.py:188} INFO - [2025-08-19T22:05:55.115+0000] {dagbag.py:538} INFO - Filling up the DagBag from /home/airflow/.local/lib/python3.8/site-packages/airflow/example_dags/example_branch_operator.py
[2025-08-19T22:05:55.122+0000] {processor.py:840} INFO - DAG(s) 'example_branch_operator' retrieved from /home/airflow/.local/lib/python3.8/site-packages/airflow/example_dags/example_branch_operator.py
[2025-08-19T22:05:55.134+0000] {logging_mixin.py:188} INFO - [2025-08-19T22:05:55.134+0000] {dag.py:3036} INFO - Sync 1 DAGs
[2025-08-19T22:05:55.142+0000] {logging_mixin.py:188} INFO - [2025-08-19T22:05:55.142+0000] {dag.py:3823} INFO - Setting next_dagrun for example_branch_operator to 2025-08-18 00:00:00+00:00, run_after=2025-08-19 00:00:00+00:00
[2025-08-19T22:05:55.149+0000] {processor.py:183} INFO - Processing /home/airflow/.local/lib/python3.8/site-packages/airflow/example_dags/example_branch_operator.py took 0.038 seconds
[2025-08-19T22:06:25.552+0000] {processor.py:161} INFO - Started process (PID=1845) to work on /home/airflow/.local/lib/python3.8/site-packages/airflow/example_dags/example_branch_operator.py
[2025-08-19T22:06:25.553+0000] {processor.py:830} INFO - Processing file /home/airflow/.local/lib/python3.8/site-packages/airflow/example_dags/example_branch_operator.py for tasks to queue
[2025-08-19T22:06:25.554+0000] {logging_mixin.py:188} INFO - [2025-08-19T22:06:25.554+0000] {dagbag.py:538} INFO - Filling up the DagBag from /home/airflow/.local/lib/python3.8/site-packages/airflow/example_dags/example_branch_operator.py
[2025-08-19T22:06:25.564+0000] {processor.py:840} INFO - DAG(s) 'example_branch_operator' retrieved from /home/airflow/.local/lib/python3.8/site-packages/airflow/example_dags/example_branch_operator.py
[2025-08-19T22:06:25.576+0000] {logging_mixin.py:188} INFO - [2025-08-19T22:06:25.576+0000] {dag.py:3036} INFO - Sync 1 DAGs
[2025-08-19T22:06:25.585+0000] {logging_mixin.py:188} INFO - [2025-08-19T22:06:25.585+0000] {dag.py:3823} INFO - Setting next_dagrun for example_branch_operator to 2025-08-18 00:00:00+00:00, run_after=2025-08-19 00:00:00+00:00
[2025-08-19T22:06:25.595+0000] {processor.py:183} INFO - Processing /home/airflow/.local/lib/python3.8/site-packages/airflow/example_dags/example_branch_operator.py took 0.044 seconds
[2025-08-19T22:06:56.057+0000] {processor.py:161} INFO - Started process (PID=1901) to work on /home/airflow/.local/lib/python3.8/site-packages/airflow/example_dags/example_branch_operator.py
[2025-08-19T22:06:56.059+0000] {processor.py:830} INFO - Processing file /home/airflow/.local/lib/python3.8/site-packages/airflow/example_dags/example_branch_operator.py for tasks to queue
[2025-08-19T22:06:56.061+0000] {logging_mixin.py:188} INFO - [2025-08-19T22:06:56.060+0000] {dagbag.py:538} INFO - Filling up the DagBag from /home/airflow/.local/lib/python3.8/site-packages/airflow/example_dags/example_branch_operator.py
[2025-08-19T22:06:56.071+0000] {processor.py:840} INFO - DAG(s) 'example_branch_operator' retrieved from /home/airflow/.local/lib/python3.8/site-packages/airflow/example_dags/example_branch_operator.py
[2025-08-19T22:06:56.086+0000] {logging_mixin.py:188} INFO - [2025-08-19T22:06:56.086+0000] {dag.py:3036} INFO - Sync 1 DAGs
[2025-08-19T22:06:56.096+0000] {logging_mixin.py:188} INFO - [2025-08-19T22:06:56.096+0000] {dag.py:3823} INFO - Setting next_dagrun for example_branch_operator to 2025-08-18 00:00:00+00:00, run_after=2025-08-19 00:00:00+00:00
[2025-08-19T22:06:56.108+0000] {processor.py:183} INFO - Processing /home/airflow/.local/lib/python3.8/site-packages/airflow/example_dags/example_branch_operator.py took 0.052 seconds
[2025-08-19T22:07:26.184+0000] {processor.py:161} INFO - Started process (PID=1957) to work on /home/airflow/.local/lib/python3.8/site-packages/airflow/example_dags/example_branch_operator.py
[2025-08-19T22:07:26.185+0000] {processor.py:830} INFO - Processing file /home/airflow/.local/lib/python3.8/site-packages/airflow/example_dags/example_branch_operator.py for tasks to queue
[2025-08-19T22:07:26.185+0000] {logging_mixin.py:188} INFO - [2025-08-19T22:07:26.185+0000] {dagbag.py:538} INFO - Filling up the DagBag from /home/airflow/.local/lib/python3.8/site-packages/airflow/example_dags/example_branch_operator.py
[2025-08-19T22:07:26.193+0000] {processor.py:840} INFO - DAG(s) 'example_branch_operator' retrieved from /home/airflow/.local/lib/python3.8/site-packages/airflow/example_dags/example_branch_operator.py
[2025-08-19T22:07:26.208+0000] {logging_mixin.py:188} INFO - [2025-08-19T22:07:26.208+0000] {dag.py:3036} INFO - Sync 1 DAGs
[2025-08-19T22:07:26.218+0000] {logging_mixin.py:188} INFO - [2025-08-19T22:07:26.218+0000] {dag.py:3823} INFO - Setting next_dagrun for example_branch_operator to 2025-08-18 00:00:00+00:00, run_after=2025-08-19 00:00:00+00:00
[2025-08-19T22:07:26.228+0000] {processor.py:183} INFO - Processing /home/airflow/.local/lib/python3.8/site-packages/airflow/example_dags/example_branch_operator.py took 0.046 seconds
[2025-08-19T22:07:56.824+0000] {processor.py:161} INFO - Started process (PID=2013) to work on /home/airflow/.local/lib/python3.8/site-packages/airflow/example_dags/example_branch_operator.py
[2025-08-19T22:07:56.825+0000] {processor.py:830} INFO - Processing file /home/airflow/.local/lib/python3.8/site-packages/airflow/example_dags/example_branch_operator.py for tasks to queue
[2025-08-19T22:07:56.826+0000] {logging_mixin.py:188} INFO - [2025-08-19T22:07:56.826+0000] {dagbag.py:538} INFO - Filling up the DagBag from /home/airflow/.local/lib/python3.8/site-packages/airflow/example_dags/example_branch_operator.py
[2025-08-19T22:07:56.835+0000] {processor.py:840} INFO - DAG(s) 'example_branch_operator' retrieved from /home/airflow/.local/lib/python3.8/site-packages/airflow/example_dags/example_branch_operator.py
[2025-08-19T22:07:56.852+0000] {logging_mixin.py:188} INFO - [2025-08-19T22:07:56.852+0000] {dag.py:3036} INFO - Sync 1 DAGs
[2025-08-19T22:07:56.862+0000] {logging_mixin.py:188} INFO - [2025-08-19T22:07:56.862+0000] {dag.py:3823} INFO - Setting next_dagrun for example_branch_operator to 2025-08-18 00:00:00+00:00, run_after=2025-08-19 00:00:00+00:00
[2025-08-19T22:07:56.869+0000] {processor.py:183} INFO - Processing /home/airflow/.local/lib/python3.8/site-packages/airflow/example_dags/example_branch_operator.py took 0.048 seconds
[2025-08-19T22:08:27.659+0000] {processor.py:161} INFO - Started process (PID=2069) to work on /home/airflow/.local/lib/python3.8/site-packages/airflow/example_dags/example_branch_operator.py
[2025-08-19T22:08:27.660+0000] {processor.py:830} INFO - Processing file /home/airflow/.local/lib/python3.8/site-packages/airflow/example_dags/example_branch_operator.py for tasks to queue
[2025-08-19T22:08:27.662+0000] {logging_mixin.py:188} INFO - [2025-08-19T22:08:27.662+0000] {dagbag.py:538} INFO - Filling up the DagBag from /home/airflow/.local/lib/python3.8/site-packages/airflow/example_dags/example_branch_operator.py
[2025-08-19T22:08:27.672+0000] {processor.py:840} INFO - DAG(s) 'example_branch_operator' retrieved from /home/airflow/.local/lib/python3.8/site-packages/airflow/example_dags/example_branch_operator.py
[2025-08-19T22:08:27.685+0000] {logging_mixin.py:188} INFO - [2025-08-19T22:08:27.685+0000] {dag.py:3036} INFO - Sync 1 DAGs
[2025-08-19T22:08:27.694+0000] {logging_mixin.py:188} INFO - [2025-08-19T22:08:27.694+0000] {dag.py:3823} INFO - Setting next_dagrun for example_branch_operator to 2025-08-18 00:00:00+00:00, run_after=2025-08-19 00:00:00+00:00
[2025-08-19T22:08:27.702+0000] {processor.py:183} INFO - Processing /home/airflow/.local/lib/python3.8/site-packages/airflow/example_dags/example_branch_operator.py took 0.044 seconds
[2025-08-19T22:08:58.295+0000] {processor.py:161} INFO - Started process (PID=2125) to work on /home/airflow/.local/lib/python3.8/site-packages/airflow/example_dags/example_branch_operator.py
[2025-08-19T22:08:58.296+0000] {processor.py:830} INFO - Processing file /home/airflow/.local/lib/python3.8/site-packages/airflow/example_dags/example_branch_operator.py for tasks to queue
[2025-08-19T22:08:58.297+0000] {logging_mixin.py:188} INFO - [2025-08-19T22:08:58.297+0000] {dagbag.py:538} INFO - Filling up the DagBag from /home/airflow/.local/lib/python3.8/site-packages/airflow/example_dags/example_branch_operator.py
[2025-08-19T22:08:58.304+0000] {processor.py:840} INFO - DAG(s) 'example_branch_operator' retrieved from /home/airflow/.local/lib/python3.8/site-packages/airflow/example_dags/example_branch_operator.py
[2025-08-19T22:08:58.316+0000] {logging_mixin.py:188} INFO - [2025-08-19T22:08:58.316+0000] {dag.py:3036} INFO - Sync 1 DAGs
[2025-08-19T22:08:58.325+0000] {logging_mixin.py:188} INFO - [2025-08-19T22:08:58.325+0000] {dag.py:3823} INFO - Setting next_dagrun for example_branch_operator to 2025-08-18 00:00:00+00:00, run_after=2025-08-19 00:00:00+00:00
[2025-08-19T22:08:58.335+0000] {processor.py:183} INFO - Processing /home/airflow/.local/lib/python3.8/site-packages/airflow/example_dags/example_branch_operator.py took 0.043 seconds
[2025-08-19T22:09:28.888+0000] {processor.py:161} INFO - Started process (PID=2181) to work on /home/airflow/.local/lib/python3.8/site-packages/airflow/example_dags/example_branch_operator.py
[2025-08-19T22:09:28.889+0000] {processor.py:830} INFO - Processing file /home/airflow/.local/lib/python3.8/site-packages/airflow/example_dags/example_branch_operator.py for tasks to queue
[2025-08-19T22:09:28.890+0000] {logging_mixin.py:188} INFO - [2025-08-19T22:09:28.890+0000] {dagbag.py:538} INFO - Filling up the DagBag from /home/airflow/.local/lib/python3.8/site-packages/airflow/example_dags/example_branch_operator.py
[2025-08-19T22:09:28.898+0000] {processor.py:840} INFO - DAG(s) 'example_branch_operator' retrieved from /home/airflow/.local/lib/python3.8/site-packages/airflow/example_dags/example_branch_operator.py
[2025-08-19T22:09:28.913+0000] {logging_mixin.py:188} INFO - [2025-08-19T22:09:28.913+0000] {dag.py:3036} INFO - Sync 1 DAGs
[2025-08-19T22:09:28.921+0000] {logging_mixin.py:188} INFO - [2025-08-19T22:09:28.921+0000] {dag.py:3823} INFO - Setting next_dagrun for example_branch_operator to 2025-08-18 00:00:00+00:00, run_after=2025-08-19 00:00:00+00:00
[2025-08-19T22:09:28.932+0000] {processor.py:183} INFO - Processing /home/airflow/.local/lib/python3.8/site-packages/airflow/example_dags/example_branch_operator.py took 0.044 seconds
[2025-08-19T22:09:59.561+0000] {processor.py:161} INFO - Started process (PID=2237) to work on /home/airflow/.local/lib/python3.8/site-packages/airflow/example_dags/example_branch_operator.py
[2025-08-19T22:09:59.561+0000] {processor.py:830} INFO - Processing file /home/airflow/.local/lib/python3.8/site-packages/airflow/example_dags/example_branch_operator.py for tasks to queue
[2025-08-19T22:09:59.563+0000] {logging_mixin.py:188} INFO - [2025-08-19T22:09:59.563+0000] {dagbag.py:538} INFO - Filling up the DagBag from /home/airflow/.local/lib/python3.8/site-packages/airflow/example_dags/example_branch_operator.py
[2025-08-19T22:09:59.570+0000] {processor.py:840} INFO - DAG(s) 'example_branch_operator' retrieved from /home/airflow/.local/lib/python3.8/site-packages/airflow/example_dags/example_branch_operator.py
[2025-08-19T22:09:59.583+0000] {logging_mixin.py:188} INFO - [2025-08-19T22:09:59.583+0000] {dag.py:3036} INFO - Sync 1 DAGs
[2025-08-19T22:09:59.592+0000] {logging_mixin.py:188} INFO - [2025-08-19T22:09:59.592+0000] {dag.py:3823} INFO - Setting next_dagrun for example_branch_operator to 2025-08-18 00:00:00+00:00, run_after=2025-08-19 00:00:00+00:00
[2025-08-19T22:09:59.603+0000] {processor.py:183} INFO - Processing /home/airflow/.local/lib/python3.8/site-packages/airflow/example_dags/example_branch_operator.py took 0.044 seconds
[2025-08-19T22:10:30.149+0000] {processor.py:161} INFO - Started process (PID=2293) to work on /home/airflow/.local/lib/python3.8/site-packages/airflow/example_dags/example_branch_operator.py
[2025-08-19T22:10:30.149+0000] {processor.py:830} INFO - Processing file /home/airflow/.local/lib/python3.8/site-packages/airflow/example_dags/example_branch_operator.py for tasks to queue
[2025-08-19T22:10:30.150+0000] {logging_mixin.py:188} INFO - [2025-08-19T22:10:30.150+0000] {dagbag.py:538} INFO - Filling up the DagBag from /home/airflow/.local/lib/python3.8/site-packages/airflow/example_dags/example_branch_operator.py
[2025-08-19T22:10:30.157+0000] {processor.py:840} INFO - DAG(s) 'example_branch_operator' retrieved from /home/airflow/.local/lib/python3.8/site-packages/airflow/example_dags/example_branch_operator.py
[2025-08-19T22:10:30.173+0000] {logging_mixin.py:188} INFO - [2025-08-19T22:10:30.173+0000] {dag.py:3036} INFO - Sync 1 DAGs
[2025-08-19T22:10:30.182+0000] {logging_mixin.py:188} INFO - [2025-08-19T22:10:30.182+0000] {dag.py:3823} INFO - Setting next_dagrun for example_branch_operator to 2025-08-18 00:00:00+00:00, run_after=2025-08-19 00:00:00+00:00
[2025-08-19T22:10:30.190+0000] {processor.py:183} INFO - Processing /home/airflow/.local/lib/python3.8/site-packages/airflow/example_dags/example_branch_operator.py took 0.043 seconds
[2025-08-19T22:11:00.891+0000] {processor.py:161} INFO - Started process (PID=2349) to work on /home/airflow/.local/lib/python3.8/site-packages/airflow/example_dags/example_branch_operator.py
[2025-08-19T22:11:00.891+0000] {processor.py:830} INFO - Processing file /home/airflow/.local/lib/python3.8/site-packages/airflow/example_dags/example_branch_operator.py for tasks to queue
[2025-08-19T22:11:00.893+0000] {logging_mixin.py:188} INFO - [2025-08-19T22:11:00.893+0000] {dagbag.py:538} INFO - Filling up the DagBag from /home/airflow/.local/lib/python3.8/site-packages/airflow/example_dags/example_branch_operator.py
[2025-08-19T22:11:00.901+0000] {processor.py:840} INFO - DAG(s) 'example_branch_operator' retrieved from /home/airflow/.local/lib/python3.8/site-packages/airflow/example_dags/example_branch_operator.py
[2025-08-19T22:11:00.926+0000] {logging_mixin.py:188} INFO - [2025-08-19T22:11:00.926+0000] {dag.py:3036} INFO - Sync 1 DAGs
[2025-08-19T22:11:00.945+0000] {logging_mixin.py:188} INFO - [2025-08-19T22:11:00.944+0000] {dag.py:3823} INFO - Setting next_dagrun for example_branch_operator to 2025-08-18 00:00:00+00:00, run_after=2025-08-19 00:00:00+00:00
[2025-08-19T22:11:00.956+0000] {processor.py:183} INFO - Processing /home/airflow/.local/lib/python3.8/site-packages/airflow/example_dags/example_branch_operator.py took 0.067 seconds
[2025-08-19T22:11:31.416+0000] {processor.py:161} INFO - Started process (PID=2405) to work on /home/airflow/.local/lib/python3.8/site-packages/airflow/example_dags/example_branch_operator.py
[2025-08-19T22:11:31.417+0000] {processor.py:830} INFO - Processing file /home/airflow/.local/lib/python3.8/site-packages/airflow/example_dags/example_branch_operator.py for tasks to queue
[2025-08-19T22:11:31.417+0000] {logging_mixin.py:188} INFO - [2025-08-19T22:11:31.417+0000] {dagbag.py:538} INFO - Filling up the DagBag from /home/airflow/.local/lib/python3.8/site-packages/airflow/example_dags/example_branch_operator.py
[2025-08-19T22:11:31.425+0000] {processor.py:840} INFO - DAG(s) 'example_branch_operator' retrieved from /home/airflow/.local/lib/python3.8/site-packages/airflow/example_dags/example_branch_operator.py
[2025-08-19T22:11:31.438+0000] {logging_mixin.py:188} INFO - [2025-08-19T22:11:31.438+0000] {dag.py:3036} INFO - Sync 1 DAGs
[2025-08-19T22:11:31.446+0000] {logging_mixin.py:188} INFO - [2025-08-19T22:11:31.446+0000] {dag.py:3823} INFO - Setting next_dagrun for example_branch_operator to 2025-08-18 00:00:00+00:00, run_after=2025-08-19 00:00:00+00:00
[2025-08-19T22:11:31.454+0000] {processor.py:183} INFO - Processing /home/airflow/.local/lib/python3.8/site-packages/airflow/example_dags/example_branch_operator.py took 0.040 seconds
[2025-08-19T22:12:01.857+0000] {processor.py:161} INFO - Started process (PID=2461) to work on /home/airflow/.local/lib/python3.8/site-packages/airflow/example_dags/example_branch_operator.py
[2025-08-19T22:12:01.857+0000] {processor.py:830} INFO - Processing file /home/airflow/.local/lib/python3.8/site-packages/airflow/example_dags/example_branch_operator.py for tasks to queue
[2025-08-19T22:12:01.858+0000] {logging_mixin.py:188} INFO - [2025-08-19T22:12:01.858+0000] {dagbag.py:538} INFO - Filling up the DagBag from /home/airflow/.local/lib/python3.8/site-packages/airflow/example_dags/example_branch_operator.py
[2025-08-19T22:12:01.865+0000] {processor.py:840} INFO - DAG(s) 'example_branch_operator' retrieved from /home/airflow/.local/lib/python3.8/site-packages/airflow/example_dags/example_branch_operator.py
[2025-08-19T22:12:01.879+0000] {logging_mixin.py:188} INFO - [2025-08-19T22:12:01.879+0000] {dag.py:3036} INFO - Sync 1 DAGs
[2025-08-19T22:12:01.889+0000] {logging_mixin.py:188} INFO - [2025-08-19T22:12:01.889+0000] {dag.py:3823} INFO - Setting next_dagrun for example_branch_operator to 2025-08-18 00:00:00+00:00, run_after=2025-08-19 00:00:00+00:00
[2025-08-19T22:12:01.897+0000] {processor.py:183} INFO - Processing /home/airflow/.local/lib/python3.8/site-packages/airflow/example_dags/example_branch_operator.py took 0.042 seconds
[2025-08-19T22:12:32.464+0000] {processor.py:161} INFO - Started process (PID=2517) to work on /home/airflow/.local/lib/python3.8/site-packages/airflow/example_dags/example_branch_operator.py
[2025-08-19T22:12:32.465+0000] {processor.py:830} INFO - Processing file /home/airflow/.local/lib/python3.8/site-packages/airflow/example_dags/example_branch_operator.py for tasks to queue
[2025-08-19T22:12:32.466+0000] {logging_mixin.py:188} INFO - [2025-08-19T22:12:32.466+0000] {dagbag.py:538} INFO - Filling up the DagBag from /home/airflow/.local/lib/python3.8/site-packages/airflow/example_dags/example_branch_operator.py
[2025-08-19T22:12:32.474+0000] {processor.py:840} INFO - DAG(s) 'example_branch_operator' retrieved from /home/airflow/.local/lib/python3.8/site-packages/airflow/example_dags/example_branch_operator.py
[2025-08-19T22:12:32.485+0000] {logging_mixin.py:188} INFO - [2025-08-19T22:12:32.485+0000] {dag.py:3036} INFO - Sync 1 DAGs
[2025-08-19T22:12:32.494+0000] {logging_mixin.py:188} INFO - [2025-08-19T22:12:32.494+0000] {dag.py:3823} INFO - Setting next_dagrun for example_branch_operator to 2025-08-18 00:00:00+00:00, run_after=2025-08-19 00:00:00+00:00
[2025-08-19T22:12:32.503+0000] {processor.py:183} INFO - Processing /home/airflow/.local/lib/python3.8/site-packages/airflow/example_dags/example_branch_operator.py took 0.041 seconds
[2025-08-19T22:13:02.970+0000] {processor.py:161} INFO - Started process (PID=2573) to work on /home/airflow/.local/lib/python3.8/site-packages/airflow/example_dags/example_branch_operator.py
[2025-08-19T22:13:02.971+0000] {processor.py:830} INFO - Processing file /home/airflow/.local/lib/python3.8/site-packages/airflow/example_dags/example_branch_operator.py for tasks to queue
[2025-08-19T22:13:02.972+0000] {logging_mixin.py:188} INFO - [2025-08-19T22:13:02.972+0000] {dagbag.py:538} INFO - Filling up the DagBag from /home/airflow/.local/lib/python3.8/site-packages/airflow/example_dags/example_branch_operator.py
[2025-08-19T22:13:02.979+0000] {processor.py:840} INFO - DAG(s) 'example_branch_operator' retrieved from /home/airflow/.local/lib/python3.8/site-packages/airflow/example_dags/example_branch_operator.py
[2025-08-19T22:13:02.991+0000] {logging_mixin.py:188} INFO - [2025-08-19T22:13:02.991+0000] {dag.py:3036} INFO - Sync 1 DAGs
[2025-08-19T22:13:03.003+0000] {logging_mixin.py:188} INFO - [2025-08-19T22:13:03.002+0000] {dag.py:3823} INFO - Setting next_dagrun for example_branch_operator to 2025-08-18 00:00:00+00:00, run_after=2025-08-19 00:00:00+00:00
[2025-08-19T22:13:03.012+0000] {processor.py:183} INFO - Processing /home/airflow/.local/lib/python3.8/site-packages/airflow/example_dags/example_branch_operator.py took 0.044 seconds
[2025-08-19T22:13:33.554+0000] {processor.py:161} INFO - Started process (PID=2629) to work on /home/airflow/.local/lib/python3.8/site-packages/airflow/example_dags/example_branch_operator.py
[2025-08-19T22:13:33.558+0000] {processor.py:830} INFO - Processing file /home/airflow/.local/lib/python3.8/site-packages/airflow/example_dags/example_branch_operator.py for tasks to queue
[2025-08-19T22:13:33.558+0000] {logging_mixin.py:188} INFO - [2025-08-19T22:13:33.558+0000] {dagbag.py:538} INFO - Filling up the DagBag from /home/airflow/.local/lib/python3.8/site-packages/airflow/example_dags/example_branch_operator.py
[2025-08-19T22:13:33.566+0000] {processor.py:840} INFO - DAG(s) 'example_branch_operator' retrieved from /home/airflow/.local/lib/python3.8/site-packages/airflow/example_dags/example_branch_operator.py
[2025-08-19T22:13:33.581+0000] {logging_mixin.py:188} INFO - [2025-08-19T22:13:33.581+0000] {dag.py:3036} INFO - Sync 1 DAGs
[2025-08-19T22:13:33.590+0000] {logging_mixin.py:188} INFO - [2025-08-19T22:13:33.590+0000] {dag.py:3823} INFO - Setting next_dagrun for example_branch_operator to 2025-08-18 00:00:00+00:00, run_after=2025-08-19 00:00:00+00:00
[2025-08-19T22:13:33.597+0000] {processor.py:183} INFO - Processing /home/airflow/.local/lib/python3.8/site-packages/airflow/example_dags/example_branch_operator.py took 0.045 seconds
[2025-08-19T22:20:09.618+0000] {processor.py:161} INFO - Started process (PID=49) to work on /home/airflow/.local/lib/python3.8/site-packages/airflow/example_dags/example_branch_operator.py
[2025-08-19T22:20:09.619+0000] {processor.py:830} INFO - Processing file /home/airflow/.local/lib/python3.8/site-packages/airflow/example_dags/example_branch_operator.py for tasks to queue
[2025-08-19T22:20:09.622+0000] {logging_mixin.py:188} INFO - [2025-08-19T22:20:09.621+0000] {dagbag.py:538} INFO - Filling up the DagBag from /home/airflow/.local/lib/python3.8/site-packages/airflow/example_dags/example_branch_operator.py
[2025-08-19T22:20:09.635+0000] {processor.py:840} INFO - DAG(s) 'example_branch_operator' retrieved from /home/airflow/.local/lib/python3.8/site-packages/airflow/example_dags/example_branch_operator.py
[2025-08-19T22:20:09.646+0000] {logging_mixin.py:188} INFO - [2025-08-19T22:20:09.645+0000] {dag.py:3036} INFO - Sync 1 DAGs
[2025-08-19T22:20:09.663+0000] {logging_mixin.py:188} INFO - [2025-08-19T22:20:09.662+0000] {dag.py:3823} INFO - Setting next_dagrun for example_branch_operator to 2025-08-18 00:00:00+00:00, run_after=2025-08-19 00:00:00+00:00
[2025-08-19T22:20:09.678+0000] {processor.py:183} INFO - Processing /home/airflow/.local/lib/python3.8/site-packages/airflow/example_dags/example_branch_operator.py took 0.065 seconds
[2025-08-19T22:20:39.786+0000] {processor.py:161} INFO - Started process (PID=105) to work on /home/airflow/.local/lib/python3.8/site-packages/airflow/example_dags/example_branch_operator.py
[2025-08-19T22:20:39.786+0000] {processor.py:830} INFO - Processing file /home/airflow/.local/lib/python3.8/site-packages/airflow/example_dags/example_branch_operator.py for tasks to queue
[2025-08-19T22:20:39.787+0000] {logging_mixin.py:188} INFO - [2025-08-19T22:20:39.787+0000] {dagbag.py:538} INFO - Filling up the DagBag from /home/airflow/.local/lib/python3.8/site-packages/airflow/example_dags/example_branch_operator.py
[2025-08-19T22:20:39.794+0000] {processor.py:840} INFO - DAG(s) 'example_branch_operator' retrieved from /home/airflow/.local/lib/python3.8/site-packages/airflow/example_dags/example_branch_operator.py
[2025-08-19T22:20:39.841+0000] {logging_mixin.py:188} INFO - [2025-08-19T22:20:39.841+0000] {dag.py:3036} INFO - Sync 1 DAGs
[2025-08-19T22:20:39.848+0000] {logging_mixin.py:188} INFO - [2025-08-19T22:20:39.848+0000] {dag.py:3823} INFO - Setting next_dagrun for example_branch_operator to 2025-08-18 00:00:00+00:00, run_after=2025-08-19 00:00:00+00:00
[2025-08-19T22:20:39.854+0000] {processor.py:183} INFO - Processing /home/airflow/.local/lib/python3.8/site-packages/airflow/example_dags/example_branch_operator.py took 0.069 seconds
[2025-08-19T22:21:09.871+0000] {processor.py:161} INFO - Started process (PID=161) to work on /home/airflow/.local/lib/python3.8/site-packages/airflow/example_dags/example_branch_operator.py
[2025-08-19T22:21:09.872+0000] {processor.py:830} INFO - Processing file /home/airflow/.local/lib/python3.8/site-packages/airflow/example_dags/example_branch_operator.py for tasks to queue
[2025-08-19T22:21:09.872+0000] {logging_mixin.py:188} INFO - [2025-08-19T22:21:09.872+0000] {dagbag.py:538} INFO - Filling up the DagBag from /home/airflow/.local/lib/python3.8/site-packages/airflow/example_dags/example_branch_operator.py
[2025-08-19T22:21:09.880+0000] {processor.py:840} INFO - DAG(s) 'example_branch_operator' retrieved from /home/airflow/.local/lib/python3.8/site-packages/airflow/example_dags/example_branch_operator.py
[2025-08-19T22:21:09.890+0000] {logging_mixin.py:188} INFO - [2025-08-19T22:21:09.890+0000] {dag.py:3036} INFO - Sync 1 DAGs
[2025-08-19T22:21:09.898+0000] {logging_mixin.py:188} INFO - [2025-08-19T22:21:09.898+0000] {dag.py:3823} INFO - Setting next_dagrun for example_branch_operator to 2025-08-18 00:00:00+00:00, run_after=2025-08-19 00:00:00+00:00
[2025-08-19T22:21:09.905+0000] {processor.py:183} INFO - Processing /home/airflow/.local/lib/python3.8/site-packages/airflow/example_dags/example_branch_operator.py took 0.035 seconds
[2025-08-19T22:21:40.668+0000] {processor.py:161} INFO - Started process (PID=217) to work on /home/airflow/.local/lib/python3.8/site-packages/airflow/example_dags/example_branch_operator.py
[2025-08-19T22:21:40.670+0000] {processor.py:830} INFO - Processing file /home/airflow/.local/lib/python3.8/site-packages/airflow/example_dags/example_branch_operator.py for tasks to queue
[2025-08-19T22:21:40.671+0000] {logging_mixin.py:188} INFO - [2025-08-19T22:21:40.671+0000] {dagbag.py:538} INFO - Filling up the DagBag from /home/airflow/.local/lib/python3.8/site-packages/airflow/example_dags/example_branch_operator.py
[2025-08-19T22:21:40.683+0000] {processor.py:840} INFO - DAG(s) 'example_branch_operator' retrieved from /home/airflow/.local/lib/python3.8/site-packages/airflow/example_dags/example_branch_operator.py
[2025-08-19T22:21:40.701+0000] {logging_mixin.py:188} INFO - [2025-08-19T22:21:40.701+0000] {dag.py:3036} INFO - Sync 1 DAGs
[2025-08-19T22:21:40.717+0000] {logging_mixin.py:188} INFO - [2025-08-19T22:21:40.717+0000] {dag.py:3823} INFO - Setting next_dagrun for example_branch_operator to 2025-08-18 00:00:00+00:00, run_after=2025-08-19 00:00:00+00:00
[2025-08-19T22:21:40.725+0000] {processor.py:183} INFO - Processing /home/airflow/.local/lib/python3.8/site-packages/airflow/example_dags/example_branch_operator.py took 0.059 seconds
[2025-08-19T22:22:11.291+0000] {processor.py:161} INFO - Started process (PID=273) to work on /home/airflow/.local/lib/python3.8/site-packages/airflow/example_dags/example_branch_operator.py
[2025-08-19T22:22:11.291+0000] {processor.py:830} INFO - Processing file /home/airflow/.local/lib/python3.8/site-packages/airflow/example_dags/example_branch_operator.py for tasks to queue
[2025-08-19T22:22:11.292+0000] {logging_mixin.py:188} INFO - [2025-08-19T22:22:11.292+0000] {dagbag.py:538} INFO - Filling up the DagBag from /home/airflow/.local/lib/python3.8/site-packages/airflow/example_dags/example_branch_operator.py
[2025-08-19T22:22:11.299+0000] {processor.py:840} INFO - DAG(s) 'example_branch_operator' retrieved from /home/airflow/.local/lib/python3.8/site-packages/airflow/example_dags/example_branch_operator.py
[2025-08-19T22:22:11.309+0000] {logging_mixin.py:188} INFO - [2025-08-19T22:22:11.309+0000] {dag.py:3036} INFO - Sync 1 DAGs
[2025-08-19T22:22:11.318+0000] {logging_mixin.py:188} INFO - [2025-08-19T22:22:11.318+0000] {dag.py:3823} INFO - Setting next_dagrun for example_branch_operator to 2025-08-18 00:00:00+00:00, run_after=2025-08-19 00:00:00+00:00
[2025-08-19T22:22:11.330+0000] {processor.py:183} INFO - Processing /home/airflow/.local/lib/python3.8/site-packages/airflow/example_dags/example_branch_operator.py took 0.041 seconds
[2025-08-19T22:22:41.816+0000] {processor.py:161} INFO - Started process (PID=329) to work on /home/airflow/.local/lib/python3.8/site-packages/airflow/example_dags/example_branch_operator.py
[2025-08-19T22:22:41.818+0000] {processor.py:830} INFO - Processing file /home/airflow/.local/lib/python3.8/site-packages/airflow/example_dags/example_branch_operator.py for tasks to queue
[2025-08-19T22:22:41.818+0000] {logging_mixin.py:188} INFO - [2025-08-19T22:22:41.818+0000] {dagbag.py:538} INFO - Filling up the DagBag from /home/airflow/.local/lib/python3.8/site-packages/airflow/example_dags/example_branch_operator.py
[2025-08-19T22:22:41.825+0000] {processor.py:840} INFO - DAG(s) 'example_branch_operator' retrieved from /home/airflow/.local/lib/python3.8/site-packages/airflow/example_dags/example_branch_operator.py
[2025-08-19T22:22:41.836+0000] {logging_mixin.py:188} INFO - [2025-08-19T22:22:41.835+0000] {dag.py:3036} INFO - Sync 1 DAGs
[2025-08-19T22:22:41.845+0000] {logging_mixin.py:188} INFO - [2025-08-19T22:22:41.845+0000] {dag.py:3823} INFO - Setting next_dagrun for example_branch_operator to 2025-08-18 00:00:00+00:00, run_after=2025-08-19 00:00:00+00:00
[2025-08-19T22:22:41.854+0000] {processor.py:183} INFO - Processing /home/airflow/.local/lib/python3.8/site-packages/airflow/example_dags/example_branch_operator.py took 0.039 seconds
[2025-08-19T22:23:12.546+0000] {processor.py:161} INFO - Started process (PID=389) to work on /home/airflow/.local/lib/python3.8/site-packages/airflow/example_dags/example_branch_operator.py
[2025-08-19T22:23:12.547+0000] {processor.py:830} INFO - Processing file /home/airflow/.local/lib/python3.8/site-packages/airflow/example_dags/example_branch_operator.py for tasks to queue
[2025-08-19T22:23:12.548+0000] {logging_mixin.py:188} INFO - [2025-08-19T22:23:12.548+0000] {dagbag.py:538} INFO - Filling up the DagBag from /home/airflow/.local/lib/python3.8/site-packages/airflow/example_dags/example_branch_operator.py
[2025-08-19T22:23:12.555+0000] {processor.py:840} INFO - DAG(s) 'example_branch_operator' retrieved from /home/airflow/.local/lib/python3.8/site-packages/airflow/example_dags/example_branch_operator.py
[2025-08-19T22:23:12.566+0000] {logging_mixin.py:188} INFO - [2025-08-19T22:23:12.566+0000] {dag.py:3036} INFO - Sync 1 DAGs
[2025-08-19T22:23:12.574+0000] {logging_mixin.py:188} INFO - [2025-08-19T22:23:12.574+0000] {dag.py:3823} INFO - Setting next_dagrun for example_branch_operator to 2025-08-18 00:00:00+00:00, run_after=2025-08-19 00:00:00+00:00
[2025-08-19T22:23:12.585+0000] {processor.py:183} INFO - Processing /home/airflow/.local/lib/python3.8/site-packages/airflow/example_dags/example_branch_operator.py took 0.041 seconds
[2025-08-19T22:23:43.111+0000] {processor.py:161} INFO - Started process (PID=451) to work on /home/airflow/.local/lib/python3.8/site-packages/airflow/example_dags/example_branch_operator.py
[2025-08-19T22:23:43.112+0000] {processor.py:830} INFO - Processing file /home/airflow/.local/lib/python3.8/site-packages/airflow/example_dags/example_branch_operator.py for tasks to queue
[2025-08-19T22:23:43.113+0000] {logging_mixin.py:188} INFO - [2025-08-19T22:23:43.112+0000] {dagbag.py:538} INFO - Filling up the DagBag from /home/airflow/.local/lib/python3.8/site-packages/airflow/example_dags/example_branch_operator.py
[2025-08-19T22:23:43.121+0000] {processor.py:840} INFO - DAG(s) 'example_branch_operator' retrieved from /home/airflow/.local/lib/python3.8/site-packages/airflow/example_dags/example_branch_operator.py
[2025-08-19T22:23:43.135+0000] {logging_mixin.py:188} INFO - [2025-08-19T22:23:43.135+0000] {dag.py:3036} INFO - Sync 1 DAGs
[2025-08-19T22:23:43.143+0000] {logging_mixin.py:188} INFO - [2025-08-19T22:23:43.143+0000] {dag.py:3823} INFO - Setting next_dagrun for example_branch_operator to 2025-08-18 00:00:00+00:00, run_after=2025-08-19 00:00:00+00:00
[2025-08-19T22:23:43.150+0000] {processor.py:183} INFO - Processing /home/airflow/.local/lib/python3.8/site-packages/airflow/example_dags/example_branch_operator.py took 0.040 seconds
[2025-08-19T22:24:13.547+0000] {processor.py:161} INFO - Started process (PID=507) to work on /home/airflow/.local/lib/python3.8/site-packages/airflow/example_dags/example_branch_operator.py
[2025-08-19T22:24:13.548+0000] {processor.py:830} INFO - Processing file /home/airflow/.local/lib/python3.8/site-packages/airflow/example_dags/example_branch_operator.py for tasks to queue
[2025-08-19T22:24:13.548+0000] {logging_mixin.py:188} INFO - [2025-08-19T22:24:13.548+0000] {dagbag.py:538} INFO - Filling up the DagBag from /home/airflow/.local/lib/python3.8/site-packages/airflow/example_dags/example_branch_operator.py
[2025-08-19T22:24:13.555+0000] {processor.py:840} INFO - DAG(s) 'example_branch_operator' retrieved from /home/airflow/.local/lib/python3.8/site-packages/airflow/example_dags/example_branch_operator.py
[2025-08-19T22:24:13.566+0000] {logging_mixin.py:188} INFO - [2025-08-19T22:24:13.566+0000] {dag.py:3036} INFO - Sync 1 DAGs
[2025-08-19T22:24:13.575+0000] {logging_mixin.py:188} INFO - [2025-08-19T22:24:13.575+0000] {dag.py:3823} INFO - Setting next_dagrun for example_branch_operator to 2025-08-18 00:00:00+00:00, run_after=2025-08-19 00:00:00+00:00
[2025-08-19T22:24:13.581+0000] {processor.py:183} INFO - Processing /home/airflow/.local/lib/python3.8/site-packages/airflow/example_dags/example_branch_operator.py took 0.036 seconds
[2025-08-19T22:24:44.006+0000] {processor.py:161} INFO - Started process (PID=563) to work on /home/airflow/.local/lib/python3.8/site-packages/airflow/example_dags/example_branch_operator.py
[2025-08-19T22:24:44.007+0000] {processor.py:830} INFO - Processing file /home/airflow/.local/lib/python3.8/site-packages/airflow/example_dags/example_branch_operator.py for tasks to queue
[2025-08-19T22:24:44.007+0000] {logging_mixin.py:188} INFO - [2025-08-19T22:24:44.007+0000] {dagbag.py:538} INFO - Filling up the DagBag from /home/airflow/.local/lib/python3.8/site-packages/airflow/example_dags/example_branch_operator.py
[2025-08-19T22:24:44.014+0000] {processor.py:840} INFO - DAG(s) 'example_branch_operator' retrieved from /home/airflow/.local/lib/python3.8/site-packages/airflow/example_dags/example_branch_operator.py
[2025-08-19T22:24:44.026+0000] {logging_mixin.py:188} INFO - [2025-08-19T22:24:44.026+0000] {dag.py:3036} INFO - Sync 1 DAGs
[2025-08-19T22:24:44.035+0000] {logging_mixin.py:188} INFO - [2025-08-19T22:24:44.034+0000] {dag.py:3823} INFO - Setting next_dagrun for example_branch_operator to 2025-08-18 00:00:00+00:00, run_after=2025-08-19 00:00:00+00:00
[2025-08-19T22:24:44.042+0000] {processor.py:183} INFO - Processing /home/airflow/.local/lib/python3.8/site-packages/airflow/example_dags/example_branch_operator.py took 0.037 seconds
[2025-08-19T22:25:14.470+0000] {processor.py:161} INFO - Started process (PID=619) to work on /home/airflow/.local/lib/python3.8/site-packages/airflow/example_dags/example_branch_operator.py
[2025-08-19T22:25:14.472+0000] {processor.py:830} INFO - Processing file /home/airflow/.local/lib/python3.8/site-packages/airflow/example_dags/example_branch_operator.py for tasks to queue
[2025-08-19T22:25:14.473+0000] {logging_mixin.py:188} INFO - [2025-08-19T22:25:14.473+0000] {dagbag.py:538} INFO - Filling up the DagBag from /home/airflow/.local/lib/python3.8/site-packages/airflow/example_dags/example_branch_operator.py
[2025-08-19T22:25:14.480+0000] {processor.py:840} INFO - DAG(s) 'example_branch_operator' retrieved from /home/airflow/.local/lib/python3.8/site-packages/airflow/example_dags/example_branch_operator.py
[2025-08-19T22:25:14.491+0000] {logging_mixin.py:188} INFO - [2025-08-19T22:25:14.491+0000] {dag.py:3036} INFO - Sync 1 DAGs
[2025-08-19T22:25:14.501+0000] {logging_mixin.py:188} INFO - [2025-08-19T22:25:14.501+0000] {dag.py:3823} INFO - Setting next_dagrun for example_branch_operator to 2025-08-18 00:00:00+00:00, run_after=2025-08-19 00:00:00+00:00
[2025-08-19T22:25:14.507+0000] {processor.py:183} INFO - Processing /home/airflow/.local/lib/python3.8/site-packages/airflow/example_dags/example_branch_operator.py took 0.038 seconds
[2025-08-19T22:25:44.860+0000] {processor.py:161} INFO - Started process (PID=675) to work on /home/airflow/.local/lib/python3.8/site-packages/airflow/example_dags/example_branch_operator.py
[2025-08-19T22:25:44.862+0000] {processor.py:830} INFO - Processing file /home/airflow/.local/lib/python3.8/site-packages/airflow/example_dags/example_branch_operator.py for tasks to queue
[2025-08-19T22:25:44.864+0000] {logging_mixin.py:188} INFO - [2025-08-19T22:25:44.864+0000] {dagbag.py:538} INFO - Filling up the DagBag from /home/airflow/.local/lib/python3.8/site-packages/airflow/example_dags/example_branch_operator.py
[2025-08-19T22:25:44.875+0000] {processor.py:840} INFO - DAG(s) 'example_branch_operator' retrieved from /home/airflow/.local/lib/python3.8/site-packages/airflow/example_dags/example_branch_operator.py
[2025-08-19T22:25:44.890+0000] {logging_mixin.py:188} INFO - [2025-08-19T22:25:44.890+0000] {dag.py:3036} INFO - Sync 1 DAGs
[2025-08-19T22:25:44.899+0000] {logging_mixin.py:188} INFO - [2025-08-19T22:25:44.899+0000] {dag.py:3823} INFO - Setting next_dagrun for example_branch_operator to 2025-08-18 00:00:00+00:00, run_after=2025-08-19 00:00:00+00:00
[2025-08-19T22:25:44.906+0000] {processor.py:183} INFO - Processing /home/airflow/.local/lib/python3.8/site-packages/airflow/example_dags/example_branch_operator.py took 0.047 seconds
[2025-08-19T22:26:15.322+0000] {processor.py:161} INFO - Started process (PID=731) to work on /home/airflow/.local/lib/python3.8/site-packages/airflow/example_dags/example_branch_operator.py
[2025-08-19T22:26:15.322+0000] {processor.py:830} INFO - Processing file /home/airflow/.local/lib/python3.8/site-packages/airflow/example_dags/example_branch_operator.py for tasks to queue
[2025-08-19T22:26:15.323+0000] {logging_mixin.py:188} INFO - [2025-08-19T22:26:15.323+0000] {dagbag.py:538} INFO - Filling up the DagBag from /home/airflow/.local/lib/python3.8/site-packages/airflow/example_dags/example_branch_operator.py
[2025-08-19T22:26:15.334+0000] {processor.py:840} INFO - DAG(s) 'example_branch_operator' retrieved from /home/airflow/.local/lib/python3.8/site-packages/airflow/example_dags/example_branch_operator.py
[2025-08-19T22:26:15.348+0000] {logging_mixin.py:188} INFO - [2025-08-19T22:26:15.348+0000] {dag.py:3036} INFO - Sync 1 DAGs
[2025-08-19T22:26:15.357+0000] {logging_mixin.py:188} INFO - [2025-08-19T22:26:15.357+0000] {dag.py:3823} INFO - Setting next_dagrun for example_branch_operator to 2025-08-18 00:00:00+00:00, run_after=2025-08-19 00:00:00+00:00
[2025-08-19T22:26:15.365+0000] {processor.py:183} INFO - Processing /home/airflow/.local/lib/python3.8/site-packages/airflow/example_dags/example_branch_operator.py took 0.045 seconds
[2025-08-19T22:26:45.706+0000] {processor.py:161} INFO - Started process (PID=787) to work on /home/airflow/.local/lib/python3.8/site-packages/airflow/example_dags/example_branch_operator.py
[2025-08-19T22:26:45.707+0000] {processor.py:830} INFO - Processing file /home/airflow/.local/lib/python3.8/site-packages/airflow/example_dags/example_branch_operator.py for tasks to queue
[2025-08-19T22:26:45.707+0000] {logging_mixin.py:188} INFO - [2025-08-19T22:26:45.707+0000] {dagbag.py:538} INFO - Filling up the DagBag from /home/airflow/.local/lib/python3.8/site-packages/airflow/example_dags/example_branch_operator.py
[2025-08-19T22:26:45.714+0000] {processor.py:840} INFO - DAG(s) 'example_branch_operator' retrieved from /home/airflow/.local/lib/python3.8/site-packages/airflow/example_dags/example_branch_operator.py
[2025-08-19T22:26:45.725+0000] {logging_mixin.py:188} INFO - [2025-08-19T22:26:45.725+0000] {dag.py:3036} INFO - Sync 1 DAGs
[2025-08-19T22:26:45.733+0000] {logging_mixin.py:188} INFO - [2025-08-19T22:26:45.733+0000] {dag.py:3823} INFO - Setting next_dagrun for example_branch_operator to 2025-08-18 00:00:00+00:00, run_after=2025-08-19 00:00:00+00:00
[2025-08-19T22:26:45.742+0000] {processor.py:183} INFO - Processing /home/airflow/.local/lib/python3.8/site-packages/airflow/example_dags/example_branch_operator.py took 0.037 seconds
[2025-08-19T22:27:16.177+0000] {processor.py:161} INFO - Started process (PID=843) to work on /home/airflow/.local/lib/python3.8/site-packages/airflow/example_dags/example_branch_operator.py
[2025-08-19T22:27:16.178+0000] {processor.py:830} INFO - Processing file /home/airflow/.local/lib/python3.8/site-packages/airflow/example_dags/example_branch_operator.py for tasks to queue
[2025-08-19T22:27:16.179+0000] {logging_mixin.py:188} INFO - [2025-08-19T22:27:16.179+0000] {dagbag.py:538} INFO - Filling up the DagBag from /home/airflow/.local/lib/python3.8/site-packages/airflow/example_dags/example_branch_operator.py
[2025-08-19T22:27:16.186+0000] {processor.py:840} INFO - DAG(s) 'example_branch_operator' retrieved from /home/airflow/.local/lib/python3.8/site-packages/airflow/example_dags/example_branch_operator.py
[2025-08-19T22:27:16.198+0000] {logging_mixin.py:188} INFO - [2025-08-19T22:27:16.198+0000] {dag.py:3036} INFO - Sync 1 DAGs
[2025-08-19T22:27:16.206+0000] {logging_mixin.py:188} INFO - [2025-08-19T22:27:16.206+0000] {dag.py:3823} INFO - Setting next_dagrun for example_branch_operator to 2025-08-18 00:00:00+00:00, run_after=2025-08-19 00:00:00+00:00
[2025-08-19T22:27:16.214+0000] {processor.py:183} INFO - Processing /home/airflow/.local/lib/python3.8/site-packages/airflow/example_dags/example_branch_operator.py took 0.039 seconds
[2025-08-19T22:27:46.608+0000] {processor.py:161} INFO - Started process (PID=903) to work on /home/airflow/.local/lib/python3.8/site-packages/airflow/example_dags/example_branch_operator.py
[2025-08-19T22:27:46.610+0000] {processor.py:830} INFO - Processing file /home/airflow/.local/lib/python3.8/site-packages/airflow/example_dags/example_branch_operator.py for tasks to queue
[2025-08-19T22:27:46.614+0000] {logging_mixin.py:188} INFO - [2025-08-19T22:27:46.614+0000] {dagbag.py:538} INFO - Filling up the DagBag from /home/airflow/.local/lib/python3.8/site-packages/airflow/example_dags/example_branch_operator.py
[2025-08-19T22:27:46.624+0000] {processor.py:840} INFO - DAG(s) 'example_branch_operator' retrieved from /home/airflow/.local/lib/python3.8/site-packages/airflow/example_dags/example_branch_operator.py
[2025-08-19T22:27:46.640+0000] {logging_mixin.py:188} INFO - [2025-08-19T22:27:46.640+0000] {dag.py:3036} INFO - Sync 1 DAGs
[2025-08-19T22:27:46.652+0000] {logging_mixin.py:188} INFO - [2025-08-19T22:27:46.652+0000] {dag.py:3823} INFO - Setting next_dagrun for example_branch_operator to 2025-08-18 00:00:00+00:00, run_after=2025-08-19 00:00:00+00:00
[2025-08-19T22:27:46.668+0000] {processor.py:183} INFO - Processing /home/airflow/.local/lib/python3.8/site-packages/airflow/example_dags/example_branch_operator.py took 0.061 seconds
[2025-08-19T22:28:17.356+0000] {processor.py:161} INFO - Started process (PID=959) to work on /home/airflow/.local/lib/python3.8/site-packages/airflow/example_dags/example_branch_operator.py
[2025-08-19T22:28:17.357+0000] {processor.py:830} INFO - Processing file /home/airflow/.local/lib/python3.8/site-packages/airflow/example_dags/example_branch_operator.py for tasks to queue
[2025-08-19T22:28:17.358+0000] {logging_mixin.py:188} INFO - [2025-08-19T22:28:17.358+0000] {dagbag.py:538} INFO - Filling up the DagBag from /home/airflow/.local/lib/python3.8/site-packages/airflow/example_dags/example_branch_operator.py
[2025-08-19T22:28:17.364+0000] {processor.py:840} INFO - DAG(s) 'example_branch_operator' retrieved from /home/airflow/.local/lib/python3.8/site-packages/airflow/example_dags/example_branch_operator.py
[2025-08-19T22:28:17.376+0000] {logging_mixin.py:188} INFO - [2025-08-19T22:28:17.376+0000] {dag.py:3036} INFO - Sync 1 DAGs
[2025-08-19T22:28:17.384+0000] {logging_mixin.py:188} INFO - [2025-08-19T22:28:17.384+0000] {dag.py:3823} INFO - Setting next_dagrun for example_branch_operator to 2025-08-18 00:00:00+00:00, run_after=2025-08-19 00:00:00+00:00
[2025-08-19T22:28:17.392+0000] {processor.py:183} INFO - Processing /home/airflow/.local/lib/python3.8/site-packages/airflow/example_dags/example_branch_operator.py took 0.037 seconds
[2025-08-19T22:28:47.832+0000] {processor.py:161} INFO - Started process (PID=1015) to work on /home/airflow/.local/lib/python3.8/site-packages/airflow/example_dags/example_branch_operator.py
[2025-08-19T22:28:47.832+0000] {processor.py:830} INFO - Processing file /home/airflow/.local/lib/python3.8/site-packages/airflow/example_dags/example_branch_operator.py for tasks to queue
[2025-08-19T22:28:47.833+0000] {logging_mixin.py:188} INFO - [2025-08-19T22:28:47.833+0000] {dagbag.py:538} INFO - Filling up the DagBag from /home/airflow/.local/lib/python3.8/site-packages/airflow/example_dags/example_branch_operator.py
[2025-08-19T22:28:47.840+0000] {processor.py:840} INFO - DAG(s) 'example_branch_operator' retrieved from /home/airflow/.local/lib/python3.8/site-packages/airflow/example_dags/example_branch_operator.py
[2025-08-19T22:28:47.853+0000] {logging_mixin.py:188} INFO - [2025-08-19T22:28:47.852+0000] {dag.py:3036} INFO - Sync 1 DAGs
[2025-08-19T22:28:47.862+0000] {logging_mixin.py:188} INFO - [2025-08-19T22:28:47.862+0000] {dag.py:3823} INFO - Setting next_dagrun for example_branch_operator to 2025-08-18 00:00:00+00:00, run_after=2025-08-19 00:00:00+00:00
[2025-08-19T22:28:47.869+0000] {processor.py:183} INFO - Processing /home/airflow/.local/lib/python3.8/site-packages/airflow/example_dags/example_branch_operator.py took 0.039 seconds
[2025-08-19T22:29:18.296+0000] {processor.py:161} INFO - Started process (PID=1071) to work on /home/airflow/.local/lib/python3.8/site-packages/airflow/example_dags/example_branch_operator.py
[2025-08-19T22:29:18.296+0000] {processor.py:830} INFO - Processing file /home/airflow/.local/lib/python3.8/site-packages/airflow/example_dags/example_branch_operator.py for tasks to queue
[2025-08-19T22:29:18.297+0000] {logging_mixin.py:188} INFO - [2025-08-19T22:29:18.297+0000] {dagbag.py:538} INFO - Filling up the DagBag from /home/airflow/.local/lib/python3.8/site-packages/airflow/example_dags/example_branch_operator.py
[2025-08-19T22:29:18.304+0000] {processor.py:840} INFO - DAG(s) 'example_branch_operator' retrieved from /home/airflow/.local/lib/python3.8/site-packages/airflow/example_dags/example_branch_operator.py
[2025-08-19T22:29:18.316+0000] {logging_mixin.py:188} INFO - [2025-08-19T22:29:18.316+0000] {dag.py:3036} INFO - Sync 1 DAGs
[2025-08-19T22:29:18.324+0000] {logging_mixin.py:188} INFO - [2025-08-19T22:29:18.324+0000] {dag.py:3823} INFO - Setting next_dagrun for example_branch_operator to 2025-08-18 00:00:00+00:00, run_after=2025-08-19 00:00:00+00:00
[2025-08-19T22:29:18.332+0000] {processor.py:183} INFO - Processing /home/airflow/.local/lib/python3.8/site-packages/airflow/example_dags/example_branch_operator.py took 0.038 seconds
[2025-08-19T22:29:48.989+0000] {processor.py:161} INFO - Started process (PID=1127) to work on /home/airflow/.local/lib/python3.8/site-packages/airflow/example_dags/example_branch_operator.py
[2025-08-19T22:29:48.990+0000] {processor.py:830} INFO - Processing file /home/airflow/.local/lib/python3.8/site-packages/airflow/example_dags/example_branch_operator.py for tasks to queue
[2025-08-19T22:29:48.990+0000] {logging_mixin.py:188} INFO - [2025-08-19T22:29:48.990+0000] {dagbag.py:538} INFO - Filling up the DagBag from /home/airflow/.local/lib/python3.8/site-packages/airflow/example_dags/example_branch_operator.py
[2025-08-19T22:29:49.001+0000] {processor.py:840} INFO - DAG(s) 'example_branch_operator' retrieved from /home/airflow/.local/lib/python3.8/site-packages/airflow/example_dags/example_branch_operator.py
[2025-08-19T22:29:49.016+0000] {logging_mixin.py:188} INFO - [2025-08-19T22:29:49.015+0000] {dag.py:3036} INFO - Sync 1 DAGs
[2025-08-19T22:29:49.028+0000] {logging_mixin.py:188} INFO - [2025-08-19T22:29:49.028+0000] {dag.py:3823} INFO - Setting next_dagrun for example_branch_operator to 2025-08-18 00:00:00+00:00, run_after=2025-08-19 00:00:00+00:00
[2025-08-19T22:29:49.036+0000] {processor.py:183} INFO - Processing /home/airflow/.local/lib/python3.8/site-packages/airflow/example_dags/example_branch_operator.py took 0.049 seconds
[2025-08-19T22:30:19.459+0000] {processor.py:161} INFO - Started process (PID=1183) to work on /home/airflow/.local/lib/python3.8/site-packages/airflow/example_dags/example_branch_operator.py
[2025-08-19T22:30:19.461+0000] {processor.py:830} INFO - Processing file /home/airflow/.local/lib/python3.8/site-packages/airflow/example_dags/example_branch_operator.py for tasks to queue
[2025-08-19T22:30:19.462+0000] {logging_mixin.py:188} INFO - [2025-08-19T22:30:19.462+0000] {dagbag.py:538} INFO - Filling up the DagBag from /home/airflow/.local/lib/python3.8/site-packages/airflow/example_dags/example_branch_operator.py
[2025-08-19T22:30:19.471+0000] {processor.py:840} INFO - DAG(s) 'example_branch_operator' retrieved from /home/airflow/.local/lib/python3.8/site-packages/airflow/example_dags/example_branch_operator.py
[2025-08-19T22:30:19.483+0000] {logging_mixin.py:188} INFO - [2025-08-19T22:30:19.483+0000] {dag.py:3036} INFO - Sync 1 DAGs
[2025-08-19T22:30:19.492+0000] {logging_mixin.py:188} INFO - [2025-08-19T22:30:19.492+0000] {dag.py:3823} INFO - Setting next_dagrun for example_branch_operator to 2025-08-18 00:00:00+00:00, run_after=2025-08-19 00:00:00+00:00
[2025-08-19T22:30:19.500+0000] {processor.py:183} INFO - Processing /home/airflow/.local/lib/python3.8/site-packages/airflow/example_dags/example_branch_operator.py took 0.042 seconds
