[2025-08-19T21:50:07.049+0000] {processor.py:161} INFO - Started process (PID=52) to work on /home/airflow/.local/lib/python3.8/site-packages/airflow/example_dags/example_bash_operator.py
[2025-08-19T21:50:07.052+0000] {processor.py:830} INFO - Processing file /home/airflow/.local/lib/python3.8/site-packages/airflow/example_dags/example_bash_operator.py for tasks to queue
[2025-08-19T21:50:07.053+0000] {logging_mixin.py:188} INFO - [2025-08-19T21:50:07.052+0000] {dagbag.py:538} INFO - Filling up the DagBag from /home/airflow/.local/lib/python3.8/site-packages/airflow/example_dags/example_bash_operator.py
[2025-08-19T21:50:07.059+0000] {processor.py:840} INFO - DAG(s) 'example_bash_operator' retrieved from /home/airflow/.local/lib/python3.8/site-packages/airflow/example_dags/example_bash_operator.py
[2025-08-19T21:50:07.070+0000] {logging_mixin.py:188} INFO - [2025-08-19T21:50:07.069+0000] {dag.py:3036} INFO - Sync 1 DAGs
[2025-08-19T21:50:07.081+0000] {logging_mixin.py:188} INFO - [2025-08-19T21:50:07.081+0000] {dag.py:3823} INFO - Setting next_dagrun for example_bash_operator to 2025-08-18 00:00:00+00:00, run_after=2025-08-19 00:00:00+00:00
[2025-08-19T21:50:07.096+0000] {processor.py:183} INFO - Processing /home/airflow/.local/lib/python3.8/site-packages/airflow/example_dags/example_bash_operator.py took 0.054 seconds
[2025-08-19T21:50:37.641+0000] {processor.py:161} INFO - Started process (PID=108) to work on /home/airflow/.local/lib/python3.8/site-packages/airflow/example_dags/example_bash_operator.py
[2025-08-19T21:50:37.642+0000] {processor.py:830} INFO - Processing file /home/airflow/.local/lib/python3.8/site-packages/airflow/example_dags/example_bash_operator.py for tasks to queue
[2025-08-19T21:50:37.643+0000] {logging_mixin.py:188} INFO - [2025-08-19T21:50:37.643+0000] {dagbag.py:538} INFO - Filling up the DagBag from /home/airflow/.local/lib/python3.8/site-packages/airflow/example_dags/example_bash_operator.py
[2025-08-19T21:50:37.648+0000] {processor.py:840} INFO - DAG(s) 'example_bash_operator' retrieved from /home/airflow/.local/lib/python3.8/site-packages/airflow/example_dags/example_bash_operator.py
[2025-08-19T21:50:37.681+0000] {logging_mixin.py:188} INFO - [2025-08-19T21:50:37.681+0000] {dag.py:3036} INFO - Sync 1 DAGs
[2025-08-19T21:50:37.687+0000] {logging_mixin.py:188} INFO - [2025-08-19T21:50:37.687+0000] {dag.py:3823} INFO - Setting next_dagrun for example_bash_operator to 2025-08-18 00:00:00+00:00, run_after=2025-08-19 00:00:00+00:00
[2025-08-19T21:50:37.692+0000] {processor.py:183} INFO - Processing /home/airflow/.local/lib/python3.8/site-packages/airflow/example_dags/example_bash_operator.py took 0.052 seconds
[2025-08-19T21:51:07.719+0000] {processor.py:161} INFO - Started process (PID=163) to work on /home/airflow/.local/lib/python3.8/site-packages/airflow/example_dags/example_bash_operator.py
[2025-08-19T21:51:07.720+0000] {processor.py:830} INFO - Processing file /home/airflow/.local/lib/python3.8/site-packages/airflow/example_dags/example_bash_operator.py for tasks to queue
[2025-08-19T21:51:07.721+0000] {logging_mixin.py:188} INFO - [2025-08-19T21:51:07.721+0000] {dagbag.py:538} INFO - Filling up the DagBag from /home/airflow/.local/lib/python3.8/site-packages/airflow/example_dags/example_bash_operator.py
[2025-08-19T21:51:07.727+0000] {processor.py:840} INFO - DAG(s) 'example_bash_operator' retrieved from /home/airflow/.local/lib/python3.8/site-packages/airflow/example_dags/example_bash_operator.py
[2025-08-19T21:51:07.738+0000] {logging_mixin.py:188} INFO - [2025-08-19T21:51:07.738+0000] {dag.py:3036} INFO - Sync 1 DAGs
[2025-08-19T21:51:07.746+0000] {logging_mixin.py:188} INFO - [2025-08-19T21:51:07.746+0000] {dag.py:3823} INFO - Setting next_dagrun for example_bash_operator to 2025-08-18 00:00:00+00:00, run_after=2025-08-19 00:00:00+00:00
[2025-08-19T21:51:07.753+0000] {processor.py:183} INFO - Processing /home/airflow/.local/lib/python3.8/site-packages/airflow/example_dags/example_bash_operator.py took 0.036 seconds
[2025-08-19T21:51:38.192+0000] {processor.py:161} INFO - Started process (PID=219) to work on /home/airflow/.local/lib/python3.8/site-packages/airflow/example_dags/example_bash_operator.py
[2025-08-19T21:51:38.193+0000] {processor.py:830} INFO - Processing file /home/airflow/.local/lib/python3.8/site-packages/airflow/example_dags/example_bash_operator.py for tasks to queue
[2025-08-19T21:51:38.194+0000] {logging_mixin.py:188} INFO - [2025-08-19T21:51:38.194+0000] {dagbag.py:538} INFO - Filling up the DagBag from /home/airflow/.local/lib/python3.8/site-packages/airflow/example_dags/example_bash_operator.py
[2025-08-19T21:51:38.201+0000] {processor.py:840} INFO - DAG(s) 'example_bash_operator' retrieved from /home/airflow/.local/lib/python3.8/site-packages/airflow/example_dags/example_bash_operator.py
[2025-08-19T21:51:38.222+0000] {logging_mixin.py:188} INFO - [2025-08-19T21:51:38.222+0000] {dag.py:3036} INFO - Sync 1 DAGs
[2025-08-19T21:51:38.231+0000] {logging_mixin.py:188} INFO - [2025-08-19T21:51:38.231+0000] {dag.py:3823} INFO - Setting next_dagrun for example_bash_operator to 2025-08-18 00:00:00+00:00, run_after=2025-08-19 00:00:00+00:00
[2025-08-19T21:51:38.237+0000] {processor.py:183} INFO - Processing /home/airflow/.local/lib/python3.8/site-packages/airflow/example_dags/example_bash_operator.py took 0.047 seconds
[2025-08-19T21:52:08.706+0000] {processor.py:161} INFO - Started process (PID=275) to work on /home/airflow/.local/lib/python3.8/site-packages/airflow/example_dags/example_bash_operator.py
[2025-08-19T21:52:08.707+0000] {processor.py:830} INFO - Processing file /home/airflow/.local/lib/python3.8/site-packages/airflow/example_dags/example_bash_operator.py for tasks to queue
[2025-08-19T21:52:08.708+0000] {logging_mixin.py:188} INFO - [2025-08-19T21:52:08.708+0000] {dagbag.py:538} INFO - Filling up the DagBag from /home/airflow/.local/lib/python3.8/site-packages/airflow/example_dags/example_bash_operator.py
[2025-08-19T21:52:08.717+0000] {processor.py:840} INFO - DAG(s) 'example_bash_operator' retrieved from /home/airflow/.local/lib/python3.8/site-packages/airflow/example_dags/example_bash_operator.py
[2025-08-19T21:52:08.730+0000] {logging_mixin.py:188} INFO - [2025-08-19T21:52:08.730+0000] {dag.py:3036} INFO - Sync 1 DAGs
[2025-08-19T21:52:08.738+0000] {logging_mixin.py:188} INFO - [2025-08-19T21:52:08.738+0000] {dag.py:3823} INFO - Setting next_dagrun for example_bash_operator to 2025-08-18 00:00:00+00:00, run_after=2025-08-19 00:00:00+00:00
[2025-08-19T21:52:08.743+0000] {processor.py:183} INFO - Processing /home/airflow/.local/lib/python3.8/site-packages/airflow/example_dags/example_bash_operator.py took 0.039 seconds
[2025-08-19T21:52:39.601+0000] {processor.py:161} INFO - Started process (PID=331) to work on /home/airflow/.local/lib/python3.8/site-packages/airflow/example_dags/example_bash_operator.py
[2025-08-19T21:52:39.602+0000] {processor.py:830} INFO - Processing file /home/airflow/.local/lib/python3.8/site-packages/airflow/example_dags/example_bash_operator.py for tasks to queue
[2025-08-19T21:52:39.603+0000] {logging_mixin.py:188} INFO - [2025-08-19T21:52:39.603+0000] {dagbag.py:538} INFO - Filling up the DagBag from /home/airflow/.local/lib/python3.8/site-packages/airflow/example_dags/example_bash_operator.py
[2025-08-19T21:52:39.608+0000] {processor.py:840} INFO - DAG(s) 'example_bash_operator' retrieved from /home/airflow/.local/lib/python3.8/site-packages/airflow/example_dags/example_bash_operator.py
[2025-08-19T21:52:39.618+0000] {logging_mixin.py:188} INFO - [2025-08-19T21:52:39.618+0000] {dag.py:3036} INFO - Sync 1 DAGs
[2025-08-19T21:52:39.626+0000] {logging_mixin.py:188} INFO - [2025-08-19T21:52:39.626+0000] {dag.py:3823} INFO - Setting next_dagrun for example_bash_operator to 2025-08-18 00:00:00+00:00, run_after=2025-08-19 00:00:00+00:00
[2025-08-19T21:52:39.632+0000] {processor.py:183} INFO - Processing /home/airflow/.local/lib/python3.8/site-packages/airflow/example_dags/example_bash_operator.py took 0.033 seconds
[2025-08-19T21:53:10.222+0000] {processor.py:161} INFO - Started process (PID=393) to work on /home/airflow/.local/lib/python3.8/site-packages/airflow/example_dags/example_bash_operator.py
[2025-08-19T21:53:10.225+0000] {processor.py:830} INFO - Processing file /home/airflow/.local/lib/python3.8/site-packages/airflow/example_dags/example_bash_operator.py for tasks to queue
[2025-08-19T21:53:10.227+0000] {logging_mixin.py:188} INFO - [2025-08-19T21:53:10.226+0000] {dagbag.py:538} INFO - Filling up the DagBag from /home/airflow/.local/lib/python3.8/site-packages/airflow/example_dags/example_bash_operator.py
[2025-08-19T21:53:10.233+0000] {processor.py:840} INFO - DAG(s) 'example_bash_operator' retrieved from /home/airflow/.local/lib/python3.8/site-packages/airflow/example_dags/example_bash_operator.py
[2025-08-19T21:53:10.245+0000] {logging_mixin.py:188} INFO - [2025-08-19T21:53:10.245+0000] {dag.py:3036} INFO - Sync 1 DAGs
[2025-08-19T21:53:10.253+0000] {logging_mixin.py:188} INFO - [2025-08-19T21:53:10.253+0000] {dag.py:3823} INFO - Setting next_dagrun for example_bash_operator to 2025-08-18 00:00:00+00:00, run_after=2025-08-19 00:00:00+00:00
[2025-08-19T21:53:10.259+0000] {processor.py:183} INFO - Processing /home/airflow/.local/lib/python3.8/site-packages/airflow/example_dags/example_bash_operator.py took 0.039 seconds
[2025-08-19T21:53:40.979+0000] {processor.py:161} INFO - Started process (PID=449) to work on /home/airflow/.local/lib/python3.8/site-packages/airflow/example_dags/example_bash_operator.py
[2025-08-19T21:53:40.980+0000] {processor.py:830} INFO - Processing file /home/airflow/.local/lib/python3.8/site-packages/airflow/example_dags/example_bash_operator.py for tasks to queue
[2025-08-19T21:53:40.980+0000] {logging_mixin.py:188} INFO - [2025-08-19T21:53:40.980+0000] {dagbag.py:538} INFO - Filling up the DagBag from /home/airflow/.local/lib/python3.8/site-packages/airflow/example_dags/example_bash_operator.py
[2025-08-19T21:53:40.985+0000] {processor.py:840} INFO - DAG(s) 'example_bash_operator' retrieved from /home/airflow/.local/lib/python3.8/site-packages/airflow/example_dags/example_bash_operator.py
[2025-08-19T21:53:40.994+0000] {logging_mixin.py:188} INFO - [2025-08-19T21:53:40.994+0000] {dag.py:3036} INFO - Sync 1 DAGs
[2025-08-19T21:53:41.001+0000] {logging_mixin.py:188} INFO - [2025-08-19T21:53:41.001+0000] {dag.py:3823} INFO - Setting next_dagrun for example_bash_operator to 2025-08-18 00:00:00+00:00, run_after=2025-08-19 00:00:00+00:00
[2025-08-19T21:53:41.007+0000] {processor.py:183} INFO - Processing /home/airflow/.local/lib/python3.8/site-packages/airflow/example_dags/example_bash_operator.py took 0.030 seconds
[2025-08-19T21:54:11.566+0000] {processor.py:161} INFO - Started process (PID=505) to work on /home/airflow/.local/lib/python3.8/site-packages/airflow/example_dags/example_bash_operator.py
[2025-08-19T21:54:11.567+0000] {processor.py:830} INFO - Processing file /home/airflow/.local/lib/python3.8/site-packages/airflow/example_dags/example_bash_operator.py for tasks to queue
[2025-08-19T21:54:11.568+0000] {logging_mixin.py:188} INFO - [2025-08-19T21:54:11.568+0000] {dagbag.py:538} INFO - Filling up the DagBag from /home/airflow/.local/lib/python3.8/site-packages/airflow/example_dags/example_bash_operator.py
[2025-08-19T21:54:11.573+0000] {processor.py:840} INFO - DAG(s) 'example_bash_operator' retrieved from /home/airflow/.local/lib/python3.8/site-packages/airflow/example_dags/example_bash_operator.py
[2025-08-19T21:54:11.585+0000] {logging_mixin.py:188} INFO - [2025-08-19T21:54:11.585+0000] {dag.py:3036} INFO - Sync 1 DAGs
[2025-08-19T21:54:11.592+0000] {logging_mixin.py:188} INFO - [2025-08-19T21:54:11.592+0000] {dag.py:3823} INFO - Setting next_dagrun for example_bash_operator to 2025-08-18 00:00:00+00:00, run_after=2025-08-19 00:00:00+00:00
[2025-08-19T21:54:11.597+0000] {processor.py:183} INFO - Processing /home/airflow/.local/lib/python3.8/site-packages/airflow/example_dags/example_bash_operator.py took 0.033 seconds
[2025-08-19T21:54:42.074+0000] {processor.py:161} INFO - Started process (PID=561) to work on /home/airflow/.local/lib/python3.8/site-packages/airflow/example_dags/example_bash_operator.py
[2025-08-19T21:54:42.075+0000] {processor.py:830} INFO - Processing file /home/airflow/.local/lib/python3.8/site-packages/airflow/example_dags/example_bash_operator.py for tasks to queue
[2025-08-19T21:54:42.076+0000] {logging_mixin.py:188} INFO - [2025-08-19T21:54:42.076+0000] {dagbag.py:538} INFO - Filling up the DagBag from /home/airflow/.local/lib/python3.8/site-packages/airflow/example_dags/example_bash_operator.py
[2025-08-19T21:54:42.080+0000] {processor.py:840} INFO - DAG(s) 'example_bash_operator' retrieved from /home/airflow/.local/lib/python3.8/site-packages/airflow/example_dags/example_bash_operator.py
[2025-08-19T21:54:42.094+0000] {logging_mixin.py:188} INFO - [2025-08-19T21:54:42.093+0000] {dag.py:3036} INFO - Sync 1 DAGs
[2025-08-19T21:54:42.101+0000] {logging_mixin.py:188} INFO - [2025-08-19T21:54:42.101+0000] {dag.py:3823} INFO - Setting next_dagrun for example_bash_operator to 2025-08-18 00:00:00+00:00, run_after=2025-08-19 00:00:00+00:00
[2025-08-19T21:54:42.106+0000] {processor.py:183} INFO - Processing /home/airflow/.local/lib/python3.8/site-packages/airflow/example_dags/example_bash_operator.py took 0.034 seconds
[2025-08-19T21:55:12.692+0000] {processor.py:161} INFO - Started process (PID=617) to work on /home/airflow/.local/lib/python3.8/site-packages/airflow/example_dags/example_bash_operator.py
[2025-08-19T21:55:12.694+0000] {processor.py:830} INFO - Processing file /home/airflow/.local/lib/python3.8/site-packages/airflow/example_dags/example_bash_operator.py for tasks to queue
[2025-08-19T21:55:12.694+0000] {logging_mixin.py:188} INFO - [2025-08-19T21:55:12.694+0000] {dagbag.py:538} INFO - Filling up the DagBag from /home/airflow/.local/lib/python3.8/site-packages/airflow/example_dags/example_bash_operator.py
[2025-08-19T21:55:12.700+0000] {processor.py:840} INFO - DAG(s) 'example_bash_operator' retrieved from /home/airflow/.local/lib/python3.8/site-packages/airflow/example_dags/example_bash_operator.py
[2025-08-19T21:55:12.710+0000] {logging_mixin.py:188} INFO - [2025-08-19T21:55:12.710+0000] {dag.py:3036} INFO - Sync 1 DAGs
[2025-08-19T21:55:12.717+0000] {logging_mixin.py:188} INFO - [2025-08-19T21:55:12.717+0000] {dag.py:3823} INFO - Setting next_dagrun for example_bash_operator to 2025-08-18 00:00:00+00:00, run_after=2025-08-19 00:00:00+00:00
[2025-08-19T21:55:12.724+0000] {processor.py:183} INFO - Processing /home/airflow/.local/lib/python3.8/site-packages/airflow/example_dags/example_bash_operator.py took 0.034 seconds
[2025-08-19T21:55:43.304+0000] {processor.py:161} INFO - Started process (PID=673) to work on /home/airflow/.local/lib/python3.8/site-packages/airflow/example_dags/example_bash_operator.py
[2025-08-19T21:55:43.305+0000] {processor.py:830} INFO - Processing file /home/airflow/.local/lib/python3.8/site-packages/airflow/example_dags/example_bash_operator.py for tasks to queue
[2025-08-19T21:55:43.306+0000] {logging_mixin.py:188} INFO - [2025-08-19T21:55:43.306+0000] {dagbag.py:538} INFO - Filling up the DagBag from /home/airflow/.local/lib/python3.8/site-packages/airflow/example_dags/example_bash_operator.py
[2025-08-19T21:55:43.311+0000] {processor.py:840} INFO - DAG(s) 'example_bash_operator' retrieved from /home/airflow/.local/lib/python3.8/site-packages/airflow/example_dags/example_bash_operator.py
[2025-08-19T21:55:43.321+0000] {logging_mixin.py:188} INFO - [2025-08-19T21:55:43.321+0000] {dag.py:3036} INFO - Sync 1 DAGs
[2025-08-19T21:55:43.329+0000] {logging_mixin.py:188} INFO - [2025-08-19T21:55:43.329+0000] {dag.py:3823} INFO - Setting next_dagrun for example_bash_operator to 2025-08-18 00:00:00+00:00, run_after=2025-08-19 00:00:00+00:00
[2025-08-19T21:55:43.334+0000] {processor.py:183} INFO - Processing /home/airflow/.local/lib/python3.8/site-packages/airflow/example_dags/example_bash_operator.py took 0.032 seconds
[2025-08-19T21:56:13.913+0000] {processor.py:161} INFO - Started process (PID=729) to work on /home/airflow/.local/lib/python3.8/site-packages/airflow/example_dags/example_bash_operator.py
[2025-08-19T21:56:13.914+0000] {processor.py:830} INFO - Processing file /home/airflow/.local/lib/python3.8/site-packages/airflow/example_dags/example_bash_operator.py for tasks to queue
[2025-08-19T21:56:13.915+0000] {logging_mixin.py:188} INFO - [2025-08-19T21:56:13.915+0000] {dagbag.py:538} INFO - Filling up the DagBag from /home/airflow/.local/lib/python3.8/site-packages/airflow/example_dags/example_bash_operator.py
[2025-08-19T21:56:13.921+0000] {processor.py:840} INFO - DAG(s) 'example_bash_operator' retrieved from /home/airflow/.local/lib/python3.8/site-packages/airflow/example_dags/example_bash_operator.py
[2025-08-19T21:56:13.933+0000] {logging_mixin.py:188} INFO - [2025-08-19T21:56:13.933+0000] {dag.py:3036} INFO - Sync 1 DAGs
[2025-08-19T21:56:13.940+0000] {logging_mixin.py:188} INFO - [2025-08-19T21:56:13.940+0000] {dag.py:3823} INFO - Setting next_dagrun for example_bash_operator to 2025-08-18 00:00:00+00:00, run_after=2025-08-19 00:00:00+00:00
[2025-08-19T21:56:13.946+0000] {processor.py:183} INFO - Processing /home/airflow/.local/lib/python3.8/site-packages/airflow/example_dags/example_bash_operator.py took 0.034 seconds
[2025-08-19T21:56:44.529+0000] {processor.py:161} INFO - Started process (PID=785) to work on /home/airflow/.local/lib/python3.8/site-packages/airflow/example_dags/example_bash_operator.py
[2025-08-19T21:56:44.530+0000] {processor.py:830} INFO - Processing file /home/airflow/.local/lib/python3.8/site-packages/airflow/example_dags/example_bash_operator.py for tasks to queue
[2025-08-19T21:56:44.532+0000] {logging_mixin.py:188} INFO - [2025-08-19T21:56:44.532+0000] {dagbag.py:538} INFO - Filling up the DagBag from /home/airflow/.local/lib/python3.8/site-packages/airflow/example_dags/example_bash_operator.py
[2025-08-19T21:56:44.538+0000] {processor.py:840} INFO - DAG(s) 'example_bash_operator' retrieved from /home/airflow/.local/lib/python3.8/site-packages/airflow/example_dags/example_bash_operator.py
[2025-08-19T21:56:44.553+0000] {logging_mixin.py:188} INFO - [2025-08-19T21:56:44.553+0000] {dag.py:3036} INFO - Sync 1 DAGs
[2025-08-19T21:56:44.565+0000] {logging_mixin.py:188} INFO - [2025-08-19T21:56:44.565+0000] {dag.py:3823} INFO - Setting next_dagrun for example_bash_operator to 2025-08-18 00:00:00+00:00, run_after=2025-08-19 00:00:00+00:00
[2025-08-19T21:56:44.571+0000] {processor.py:183} INFO - Processing /home/airflow/.local/lib/python3.8/site-packages/airflow/example_dags/example_bash_operator.py took 0.044 seconds
[2025-08-19T21:57:15.211+0000] {processor.py:161} INFO - Started process (PID=841) to work on /home/airflow/.local/lib/python3.8/site-packages/airflow/example_dags/example_bash_operator.py
[2025-08-19T21:57:15.212+0000] {processor.py:830} INFO - Processing file /home/airflow/.local/lib/python3.8/site-packages/airflow/example_dags/example_bash_operator.py for tasks to queue
[2025-08-19T21:57:15.213+0000] {logging_mixin.py:188} INFO - [2025-08-19T21:57:15.213+0000] {dagbag.py:538} INFO - Filling up the DagBag from /home/airflow/.local/lib/python3.8/site-packages/airflow/example_dags/example_bash_operator.py
[2025-08-19T21:57:15.219+0000] {processor.py:840} INFO - DAG(s) 'example_bash_operator' retrieved from /home/airflow/.local/lib/python3.8/site-packages/airflow/example_dags/example_bash_operator.py
[2025-08-19T21:57:15.229+0000] {logging_mixin.py:188} INFO - [2025-08-19T21:57:15.229+0000] {dag.py:3036} INFO - Sync 1 DAGs
[2025-08-19T21:57:15.237+0000] {logging_mixin.py:188} INFO - [2025-08-19T21:57:15.237+0000] {dag.py:3823} INFO - Setting next_dagrun for example_bash_operator to 2025-08-18 00:00:00+00:00, run_after=2025-08-19 00:00:00+00:00
[2025-08-19T21:57:15.243+0000] {processor.py:183} INFO - Processing /home/airflow/.local/lib/python3.8/site-packages/airflow/example_dags/example_bash_operator.py took 0.033 seconds
[2025-08-19T21:57:45.807+0000] {processor.py:161} INFO - Started process (PID=897) to work on /home/airflow/.local/lib/python3.8/site-packages/airflow/example_dags/example_bash_operator.py
[2025-08-19T21:57:45.808+0000] {processor.py:830} INFO - Processing file /home/airflow/.local/lib/python3.8/site-packages/airflow/example_dags/example_bash_operator.py for tasks to queue
[2025-08-19T21:57:45.809+0000] {logging_mixin.py:188} INFO - [2025-08-19T21:57:45.809+0000] {dagbag.py:538} INFO - Filling up the DagBag from /home/airflow/.local/lib/python3.8/site-packages/airflow/example_dags/example_bash_operator.py
[2025-08-19T21:57:45.815+0000] {processor.py:840} INFO - DAG(s) 'example_bash_operator' retrieved from /home/airflow/.local/lib/python3.8/site-packages/airflow/example_dags/example_bash_operator.py
[2025-08-19T21:57:45.825+0000] {logging_mixin.py:188} INFO - [2025-08-19T21:57:45.825+0000] {dag.py:3036} INFO - Sync 1 DAGs
[2025-08-19T21:57:45.832+0000] {logging_mixin.py:188} INFO - [2025-08-19T21:57:45.832+0000] {dag.py:3823} INFO - Setting next_dagrun for example_bash_operator to 2025-08-18 00:00:00+00:00, run_after=2025-08-19 00:00:00+00:00
[2025-08-19T21:57:45.838+0000] {processor.py:183} INFO - Processing /home/airflow/.local/lib/python3.8/site-packages/airflow/example_dags/example_bash_operator.py took 0.033 seconds
[2025-08-19T21:58:16.374+0000] {processor.py:161} INFO - Started process (PID=953) to work on /home/airflow/.local/lib/python3.8/site-packages/airflow/example_dags/example_bash_operator.py
[2025-08-19T21:58:16.374+0000] {processor.py:830} INFO - Processing file /home/airflow/.local/lib/python3.8/site-packages/airflow/example_dags/example_bash_operator.py for tasks to queue
[2025-08-19T21:58:16.376+0000] {logging_mixin.py:188} INFO - [2025-08-19T21:58:16.375+0000] {dagbag.py:538} INFO - Filling up the DagBag from /home/airflow/.local/lib/python3.8/site-packages/airflow/example_dags/example_bash_operator.py
[2025-08-19T21:58:16.384+0000] {processor.py:840} INFO - DAG(s) 'example_bash_operator' retrieved from /home/airflow/.local/lib/python3.8/site-packages/airflow/example_dags/example_bash_operator.py
[2025-08-19T21:58:16.395+0000] {logging_mixin.py:188} INFO - [2025-08-19T21:58:16.395+0000] {dag.py:3036} INFO - Sync 1 DAGs
[2025-08-19T21:58:16.403+0000] {logging_mixin.py:188} INFO - [2025-08-19T21:58:16.403+0000] {dag.py:3823} INFO - Setting next_dagrun for example_bash_operator to 2025-08-18 00:00:00+00:00, run_after=2025-08-19 00:00:00+00:00
[2025-08-19T21:58:16.408+0000] {processor.py:183} INFO - Processing /home/airflow/.local/lib/python3.8/site-packages/airflow/example_dags/example_bash_operator.py took 0.036 seconds
[2025-08-19T21:58:46.901+0000] {processor.py:161} INFO - Started process (PID=1009) to work on /home/airflow/.local/lib/python3.8/site-packages/airflow/example_dags/example_bash_operator.py
[2025-08-19T21:58:46.902+0000] {processor.py:830} INFO - Processing file /home/airflow/.local/lib/python3.8/site-packages/airflow/example_dags/example_bash_operator.py for tasks to queue
[2025-08-19T21:58:46.903+0000] {logging_mixin.py:188} INFO - [2025-08-19T21:58:46.903+0000] {dagbag.py:538} INFO - Filling up the DagBag from /home/airflow/.local/lib/python3.8/site-packages/airflow/example_dags/example_bash_operator.py
[2025-08-19T21:58:46.908+0000] {processor.py:840} INFO - DAG(s) 'example_bash_operator' retrieved from /home/airflow/.local/lib/python3.8/site-packages/airflow/example_dags/example_bash_operator.py
[2025-08-19T21:58:46.920+0000] {logging_mixin.py:188} INFO - [2025-08-19T21:58:46.920+0000] {dag.py:3036} INFO - Sync 1 DAGs
[2025-08-19T21:58:46.928+0000] {logging_mixin.py:188} INFO - [2025-08-19T21:58:46.928+0000] {dag.py:3823} INFO - Setting next_dagrun for example_bash_operator to 2025-08-18 00:00:00+00:00, run_after=2025-08-19 00:00:00+00:00
[2025-08-19T21:58:46.936+0000] {processor.py:183} INFO - Processing /home/airflow/.local/lib/python3.8/site-packages/airflow/example_dags/example_bash_operator.py took 0.039 seconds
[2025-08-19T21:59:17.447+0000] {processor.py:161} INFO - Started process (PID=1065) to work on /home/airflow/.local/lib/python3.8/site-packages/airflow/example_dags/example_bash_operator.py
[2025-08-19T21:59:17.448+0000] {processor.py:830} INFO - Processing file /home/airflow/.local/lib/python3.8/site-packages/airflow/example_dags/example_bash_operator.py for tasks to queue
[2025-08-19T21:59:17.449+0000] {logging_mixin.py:188} INFO - [2025-08-19T21:59:17.449+0000] {dagbag.py:538} INFO - Filling up the DagBag from /home/airflow/.local/lib/python3.8/site-packages/airflow/example_dags/example_bash_operator.py
[2025-08-19T21:59:17.455+0000] {processor.py:840} INFO - DAG(s) 'example_bash_operator' retrieved from /home/airflow/.local/lib/python3.8/site-packages/airflow/example_dags/example_bash_operator.py
[2025-08-19T21:59:17.465+0000] {logging_mixin.py:188} INFO - [2025-08-19T21:59:17.465+0000] {dag.py:3036} INFO - Sync 1 DAGs
[2025-08-19T21:59:17.472+0000] {logging_mixin.py:188} INFO - [2025-08-19T21:59:17.472+0000] {dag.py:3823} INFO - Setting next_dagrun for example_bash_operator to 2025-08-18 00:00:00+00:00, run_after=2025-08-19 00:00:00+00:00
[2025-08-19T21:59:17.477+0000] {processor.py:183} INFO - Processing /home/airflow/.local/lib/python3.8/site-packages/airflow/example_dags/example_bash_operator.py took 0.032 seconds
[2025-08-19T21:59:47.998+0000] {processor.py:161} INFO - Started process (PID=1121) to work on /home/airflow/.local/lib/python3.8/site-packages/airflow/example_dags/example_bash_operator.py
[2025-08-19T21:59:47.998+0000] {processor.py:830} INFO - Processing file /home/airflow/.local/lib/python3.8/site-packages/airflow/example_dags/example_bash_operator.py for tasks to queue
[2025-08-19T21:59:47.999+0000] {logging_mixin.py:188} INFO - [2025-08-19T21:59:47.999+0000] {dagbag.py:538} INFO - Filling up the DagBag from /home/airflow/.local/lib/python3.8/site-packages/airflow/example_dags/example_bash_operator.py
[2025-08-19T21:59:48.004+0000] {processor.py:840} INFO - DAG(s) 'example_bash_operator' retrieved from /home/airflow/.local/lib/python3.8/site-packages/airflow/example_dags/example_bash_operator.py
[2025-08-19T21:59:48.014+0000] {logging_mixin.py:188} INFO - [2025-08-19T21:59:48.014+0000] {dag.py:3036} INFO - Sync 1 DAGs
[2025-08-19T21:59:48.021+0000] {logging_mixin.py:188} INFO - [2025-08-19T21:59:48.021+0000] {dag.py:3823} INFO - Setting next_dagrun for example_bash_operator to 2025-08-18 00:00:00+00:00, run_after=2025-08-19 00:00:00+00:00
[2025-08-19T21:59:48.028+0000] {processor.py:183} INFO - Processing /home/airflow/.local/lib/python3.8/site-packages/airflow/example_dags/example_bash_operator.py took 0.031 seconds
[2025-08-19T22:00:18.534+0000] {processor.py:161} INFO - Started process (PID=1177) to work on /home/airflow/.local/lib/python3.8/site-packages/airflow/example_dags/example_bash_operator.py
[2025-08-19T22:00:18.537+0000] {processor.py:830} INFO - Processing file /home/airflow/.local/lib/python3.8/site-packages/airflow/example_dags/example_bash_operator.py for tasks to queue
[2025-08-19T22:00:18.538+0000] {logging_mixin.py:188} INFO - [2025-08-19T22:00:18.538+0000] {dagbag.py:538} INFO - Filling up the DagBag from /home/airflow/.local/lib/python3.8/site-packages/airflow/example_dags/example_bash_operator.py
[2025-08-19T22:00:18.542+0000] {processor.py:840} INFO - DAG(s) 'example_bash_operator' retrieved from /home/airflow/.local/lib/python3.8/site-packages/airflow/example_dags/example_bash_operator.py
[2025-08-19T22:00:18.552+0000] {logging_mixin.py:188} INFO - [2025-08-19T22:00:18.552+0000] {dag.py:3036} INFO - Sync 1 DAGs
[2025-08-19T22:00:18.559+0000] {logging_mixin.py:188} INFO - [2025-08-19T22:00:18.559+0000] {dag.py:3823} INFO - Setting next_dagrun for example_bash_operator to 2025-08-18 00:00:00+00:00, run_after=2025-08-19 00:00:00+00:00
[2025-08-19T22:00:18.566+0000] {processor.py:183} INFO - Processing /home/airflow/.local/lib/python3.8/site-packages/airflow/example_dags/example_bash_operator.py took 0.033 seconds
[2025-08-19T22:00:49.049+0000] {processor.py:161} INFO - Started process (PID=1233) to work on /home/airflow/.local/lib/python3.8/site-packages/airflow/example_dags/example_bash_operator.py
[2025-08-19T22:00:49.050+0000] {processor.py:830} INFO - Processing file /home/airflow/.local/lib/python3.8/site-packages/airflow/example_dags/example_bash_operator.py for tasks to queue
[2025-08-19T22:00:49.050+0000] {logging_mixin.py:188} INFO - [2025-08-19T22:00:49.050+0000] {dagbag.py:538} INFO - Filling up the DagBag from /home/airflow/.local/lib/python3.8/site-packages/airflow/example_dags/example_bash_operator.py
[2025-08-19T22:00:49.055+0000] {processor.py:840} INFO - DAG(s) 'example_bash_operator' retrieved from /home/airflow/.local/lib/python3.8/site-packages/airflow/example_dags/example_bash_operator.py
[2025-08-19T22:00:49.066+0000] {logging_mixin.py:188} INFO - [2025-08-19T22:00:49.066+0000] {dag.py:3036} INFO - Sync 1 DAGs
[2025-08-19T22:00:49.074+0000] {logging_mixin.py:188} INFO - [2025-08-19T22:00:49.074+0000] {dag.py:3823} INFO - Setting next_dagrun for example_bash_operator to 2025-08-18 00:00:00+00:00, run_after=2025-08-19 00:00:00+00:00
[2025-08-19T22:00:49.079+0000] {processor.py:183} INFO - Processing /home/airflow/.local/lib/python3.8/site-packages/airflow/example_dags/example_bash_operator.py took 0.032 seconds
[2025-08-19T22:01:19.760+0000] {processor.py:161} INFO - Started process (PID=1289) to work on /home/airflow/.local/lib/python3.8/site-packages/airflow/example_dags/example_bash_operator.py
[2025-08-19T22:01:19.760+0000] {processor.py:830} INFO - Processing file /home/airflow/.local/lib/python3.8/site-packages/airflow/example_dags/example_bash_operator.py for tasks to queue
[2025-08-19T22:01:19.761+0000] {logging_mixin.py:188} INFO - [2025-08-19T22:01:19.761+0000] {dagbag.py:538} INFO - Filling up the DagBag from /home/airflow/.local/lib/python3.8/site-packages/airflow/example_dags/example_bash_operator.py
[2025-08-19T22:01:19.766+0000] {processor.py:840} INFO - DAG(s) 'example_bash_operator' retrieved from /home/airflow/.local/lib/python3.8/site-packages/airflow/example_dags/example_bash_operator.py
[2025-08-19T22:01:19.781+0000] {logging_mixin.py:188} INFO - [2025-08-19T22:01:19.781+0000] {dag.py:3036} INFO - Sync 1 DAGs
[2025-08-19T22:01:19.792+0000] {logging_mixin.py:188} INFO - [2025-08-19T22:01:19.792+0000] {dag.py:3823} INFO - Setting next_dagrun for example_bash_operator to 2025-08-18 00:00:00+00:00, run_after=2025-08-19 00:00:00+00:00
[2025-08-19T22:01:19.800+0000] {processor.py:183} INFO - Processing /home/airflow/.local/lib/python3.8/site-packages/airflow/example_dags/example_bash_operator.py took 0.041 seconds
[2025-08-19T22:01:49.938+0000] {processor.py:161} INFO - Started process (PID=1345) to work on /home/airflow/.local/lib/python3.8/site-packages/airflow/example_dags/example_bash_operator.py
[2025-08-19T22:01:49.940+0000] {processor.py:830} INFO - Processing file /home/airflow/.local/lib/python3.8/site-packages/airflow/example_dags/example_bash_operator.py for tasks to queue
[2025-08-19T22:01:49.941+0000] {logging_mixin.py:188} INFO - [2025-08-19T22:01:49.940+0000] {dagbag.py:538} INFO - Filling up the DagBag from /home/airflow/.local/lib/python3.8/site-packages/airflow/example_dags/example_bash_operator.py
[2025-08-19T22:01:49.947+0000] {processor.py:840} INFO - DAG(s) 'example_bash_operator' retrieved from /home/airflow/.local/lib/python3.8/site-packages/airflow/example_dags/example_bash_operator.py
[2025-08-19T22:01:49.957+0000] {logging_mixin.py:188} INFO - [2025-08-19T22:01:49.957+0000] {dag.py:3036} INFO - Sync 1 DAGs
[2025-08-19T22:01:49.964+0000] {logging_mixin.py:188} INFO - [2025-08-19T22:01:49.964+0000] {dag.py:3823} INFO - Setting next_dagrun for example_bash_operator to 2025-08-18 00:00:00+00:00, run_after=2025-08-19 00:00:00+00:00
[2025-08-19T22:01:49.969+0000] {processor.py:183} INFO - Processing /home/airflow/.local/lib/python3.8/site-packages/airflow/example_dags/example_bash_operator.py took 0.032 seconds
[2025-08-19T22:02:20.859+0000] {processor.py:161} INFO - Started process (PID=1401) to work on /home/airflow/.local/lib/python3.8/site-packages/airflow/example_dags/example_bash_operator.py
[2025-08-19T22:02:20.860+0000] {processor.py:830} INFO - Processing file /home/airflow/.local/lib/python3.8/site-packages/airflow/example_dags/example_bash_operator.py for tasks to queue
[2025-08-19T22:02:20.861+0000] {logging_mixin.py:188} INFO - [2025-08-19T22:02:20.861+0000] {dagbag.py:538} INFO - Filling up the DagBag from /home/airflow/.local/lib/python3.8/site-packages/airflow/example_dags/example_bash_operator.py
[2025-08-19T22:02:20.866+0000] {processor.py:840} INFO - DAG(s) 'example_bash_operator' retrieved from /home/airflow/.local/lib/python3.8/site-packages/airflow/example_dags/example_bash_operator.py
[2025-08-19T22:02:20.880+0000] {logging_mixin.py:188} INFO - [2025-08-19T22:02:20.880+0000] {dag.py:3036} INFO - Sync 1 DAGs
[2025-08-19T22:02:20.890+0000] {logging_mixin.py:188} INFO - [2025-08-19T22:02:20.890+0000] {dag.py:3823} INFO - Setting next_dagrun for example_bash_operator to 2025-08-18 00:00:00+00:00, run_after=2025-08-19 00:00:00+00:00
[2025-08-19T22:02:20.898+0000] {processor.py:183} INFO - Processing /home/airflow/.local/lib/python3.8/site-packages/airflow/example_dags/example_bash_operator.py took 0.040 seconds
[2025-08-19T22:02:51.793+0000] {processor.py:161} INFO - Started process (PID=1457) to work on /home/airflow/.local/lib/python3.8/site-packages/airflow/example_dags/example_bash_operator.py
[2025-08-19T22:02:51.796+0000] {processor.py:830} INFO - Processing file /home/airflow/.local/lib/python3.8/site-packages/airflow/example_dags/example_bash_operator.py for tasks to queue
[2025-08-19T22:02:51.796+0000] {logging_mixin.py:188} INFO - [2025-08-19T22:02:51.796+0000] {dagbag.py:538} INFO - Filling up the DagBag from /home/airflow/.local/lib/python3.8/site-packages/airflow/example_dags/example_bash_operator.py
[2025-08-19T22:02:51.801+0000] {processor.py:840} INFO - DAG(s) 'example_bash_operator' retrieved from /home/airflow/.local/lib/python3.8/site-packages/airflow/example_dags/example_bash_operator.py
[2025-08-19T22:02:51.814+0000] {logging_mixin.py:188} INFO - [2025-08-19T22:02:51.814+0000] {dag.py:3036} INFO - Sync 1 DAGs
[2025-08-19T22:02:51.824+0000] {logging_mixin.py:188} INFO - [2025-08-19T22:02:51.824+0000] {dag.py:3823} INFO - Setting next_dagrun for example_bash_operator to 2025-08-18 00:00:00+00:00, run_after=2025-08-19 00:00:00+00:00
[2025-08-19T22:02:51.829+0000] {processor.py:183} INFO - Processing /home/airflow/.local/lib/python3.8/site-packages/airflow/example_dags/example_bash_operator.py took 0.037 seconds
[2025-08-19T22:03:22.763+0000] {processor.py:161} INFO - Started process (PID=1513) to work on /home/airflow/.local/lib/python3.8/site-packages/airflow/example_dags/example_bash_operator.py
[2025-08-19T22:03:22.763+0000] {processor.py:830} INFO - Processing file /home/airflow/.local/lib/python3.8/site-packages/airflow/example_dags/example_bash_operator.py for tasks to queue
[2025-08-19T22:03:22.764+0000] {logging_mixin.py:188} INFO - [2025-08-19T22:03:22.764+0000] {dagbag.py:538} INFO - Filling up the DagBag from /home/airflow/.local/lib/python3.8/site-packages/airflow/example_dags/example_bash_operator.py
[2025-08-19T22:03:22.769+0000] {processor.py:840} INFO - DAG(s) 'example_bash_operator' retrieved from /home/airflow/.local/lib/python3.8/site-packages/airflow/example_dags/example_bash_operator.py
[2025-08-19T22:03:22.779+0000] {logging_mixin.py:188} INFO - [2025-08-19T22:03:22.779+0000] {dag.py:3036} INFO - Sync 1 DAGs
[2025-08-19T22:03:22.787+0000] {logging_mixin.py:188} INFO - [2025-08-19T22:03:22.787+0000] {dag.py:3823} INFO - Setting next_dagrun for example_bash_operator to 2025-08-18 00:00:00+00:00, run_after=2025-08-19 00:00:00+00:00
[2025-08-19T22:03:22.793+0000] {processor.py:183} INFO - Processing /home/airflow/.local/lib/python3.8/site-packages/airflow/example_dags/example_bash_operator.py took 0.032 seconds
[2025-08-19T22:03:53.526+0000] {processor.py:161} INFO - Started process (PID=1569) to work on /home/airflow/.local/lib/python3.8/site-packages/airflow/example_dags/example_bash_operator.py
[2025-08-19T22:03:53.527+0000] {processor.py:830} INFO - Processing file /home/airflow/.local/lib/python3.8/site-packages/airflow/example_dags/example_bash_operator.py for tasks to queue
[2025-08-19T22:03:53.528+0000] {logging_mixin.py:188} INFO - [2025-08-19T22:03:53.528+0000] {dagbag.py:538} INFO - Filling up the DagBag from /home/airflow/.local/lib/python3.8/site-packages/airflow/example_dags/example_bash_operator.py
[2025-08-19T22:03:53.533+0000] {processor.py:840} INFO - DAG(s) 'example_bash_operator' retrieved from /home/airflow/.local/lib/python3.8/site-packages/airflow/example_dags/example_bash_operator.py
[2025-08-19T22:03:53.545+0000] {logging_mixin.py:188} INFO - [2025-08-19T22:03:53.545+0000] {dag.py:3036} INFO - Sync 1 DAGs
[2025-08-19T22:03:53.553+0000] {logging_mixin.py:188} INFO - [2025-08-19T22:03:53.553+0000] {dag.py:3823} INFO - Setting next_dagrun for example_bash_operator to 2025-08-18 00:00:00+00:00, run_after=2025-08-19 00:00:00+00:00
[2025-08-19T22:03:53.558+0000] {processor.py:183} INFO - Processing /home/airflow/.local/lib/python3.8/site-packages/airflow/example_dags/example_bash_operator.py took 0.035 seconds
[2025-08-19T22:04:24.189+0000] {processor.py:161} INFO - Started process (PID=1625) to work on /home/airflow/.local/lib/python3.8/site-packages/airflow/example_dags/example_bash_operator.py
[2025-08-19T22:04:24.190+0000] {processor.py:830} INFO - Processing file /home/airflow/.local/lib/python3.8/site-packages/airflow/example_dags/example_bash_operator.py for tasks to queue
[2025-08-19T22:04:24.191+0000] {logging_mixin.py:188} INFO - [2025-08-19T22:04:24.191+0000] {dagbag.py:538} INFO - Filling up the DagBag from /home/airflow/.local/lib/python3.8/site-packages/airflow/example_dags/example_bash_operator.py
[2025-08-19T22:04:24.195+0000] {processor.py:840} INFO - DAG(s) 'example_bash_operator' retrieved from /home/airflow/.local/lib/python3.8/site-packages/airflow/example_dags/example_bash_operator.py
[2025-08-19T22:04:24.207+0000] {logging_mixin.py:188} INFO - [2025-08-19T22:04:24.207+0000] {dag.py:3036} INFO - Sync 1 DAGs
[2025-08-19T22:04:24.214+0000] {logging_mixin.py:188} INFO - [2025-08-19T22:04:24.214+0000] {dag.py:3823} INFO - Setting next_dagrun for example_bash_operator to 2025-08-18 00:00:00+00:00, run_after=2025-08-19 00:00:00+00:00
[2025-08-19T22:04:24.220+0000] {processor.py:183} INFO - Processing /home/airflow/.local/lib/python3.8/site-packages/airflow/example_dags/example_bash_operator.py took 0.032 seconds
[2025-08-19T22:04:54.601+0000] {processor.py:161} INFO - Started process (PID=1681) to work on /home/airflow/.local/lib/python3.8/site-packages/airflow/example_dags/example_bash_operator.py
[2025-08-19T22:04:54.602+0000] {processor.py:830} INFO - Processing file /home/airflow/.local/lib/python3.8/site-packages/airflow/example_dags/example_bash_operator.py for tasks to queue
[2025-08-19T22:04:54.602+0000] {logging_mixin.py:188} INFO - [2025-08-19T22:04:54.602+0000] {dagbag.py:538} INFO - Filling up the DagBag from /home/airflow/.local/lib/python3.8/site-packages/airflow/example_dags/example_bash_operator.py
[2025-08-19T22:04:54.608+0000] {processor.py:840} INFO - DAG(s) 'example_bash_operator' retrieved from /home/airflow/.local/lib/python3.8/site-packages/airflow/example_dags/example_bash_operator.py
[2025-08-19T22:04:54.618+0000] {logging_mixin.py:188} INFO - [2025-08-19T22:04:54.618+0000] {dag.py:3036} INFO - Sync 1 DAGs
[2025-08-19T22:04:54.625+0000] {logging_mixin.py:188} INFO - [2025-08-19T22:04:54.625+0000] {dag.py:3823} INFO - Setting next_dagrun for example_bash_operator to 2025-08-18 00:00:00+00:00, run_after=2025-08-19 00:00:00+00:00
[2025-08-19T22:04:54.631+0000] {processor.py:183} INFO - Processing /home/airflow/.local/lib/python3.8/site-packages/airflow/example_dags/example_bash_operator.py took 0.032 seconds
[2025-08-19T22:05:25.113+0000] {processor.py:161} INFO - Started process (PID=1737) to work on /home/airflow/.local/lib/python3.8/site-packages/airflow/example_dags/example_bash_operator.py
[2025-08-19T22:05:25.114+0000] {processor.py:830} INFO - Processing file /home/airflow/.local/lib/python3.8/site-packages/airflow/example_dags/example_bash_operator.py for tasks to queue
[2025-08-19T22:05:25.114+0000] {logging_mixin.py:188} INFO - [2025-08-19T22:05:25.114+0000] {dagbag.py:538} INFO - Filling up the DagBag from /home/airflow/.local/lib/python3.8/site-packages/airflow/example_dags/example_bash_operator.py
[2025-08-19T22:05:25.119+0000] {processor.py:840} INFO - DAG(s) 'example_bash_operator' retrieved from /home/airflow/.local/lib/python3.8/site-packages/airflow/example_dags/example_bash_operator.py
[2025-08-19T22:05:25.128+0000] {logging_mixin.py:188} INFO - [2025-08-19T22:05:25.128+0000] {dag.py:3036} INFO - Sync 1 DAGs
[2025-08-19T22:05:25.134+0000] {logging_mixin.py:188} INFO - [2025-08-19T22:05:25.134+0000] {dag.py:3823} INFO - Setting next_dagrun for example_bash_operator to 2025-08-18 00:00:00+00:00, run_after=2025-08-19 00:00:00+00:00
[2025-08-19T22:05:25.139+0000] {processor.py:183} INFO - Processing /home/airflow/.local/lib/python3.8/site-packages/airflow/example_dags/example_bash_operator.py took 0.028 seconds
[2025-08-19T22:05:55.198+0000] {processor.py:161} INFO - Started process (PID=1793) to work on /home/airflow/.local/lib/python3.8/site-packages/airflow/example_dags/example_bash_operator.py
[2025-08-19T22:05:55.200+0000] {processor.py:830} INFO - Processing file /home/airflow/.local/lib/python3.8/site-packages/airflow/example_dags/example_bash_operator.py for tasks to queue
[2025-08-19T22:05:55.201+0000] {logging_mixin.py:188} INFO - [2025-08-19T22:05:55.201+0000] {dagbag.py:538} INFO - Filling up the DagBag from /home/airflow/.local/lib/python3.8/site-packages/airflow/example_dags/example_bash_operator.py
[2025-08-19T22:05:55.205+0000] {processor.py:840} INFO - DAG(s) 'example_bash_operator' retrieved from /home/airflow/.local/lib/python3.8/site-packages/airflow/example_dags/example_bash_operator.py
[2025-08-19T22:05:55.214+0000] {logging_mixin.py:188} INFO - [2025-08-19T22:05:55.214+0000] {dag.py:3036} INFO - Sync 1 DAGs
[2025-08-19T22:05:55.221+0000] {logging_mixin.py:188} INFO - [2025-08-19T22:05:55.221+0000] {dag.py:3823} INFO - Setting next_dagrun for example_bash_operator to 2025-08-18 00:00:00+00:00, run_after=2025-08-19 00:00:00+00:00
[2025-08-19T22:05:55.226+0000] {processor.py:183} INFO - Processing /home/airflow/.local/lib/python3.8/site-packages/airflow/example_dags/example_bash_operator.py took 0.030 seconds
[2025-08-19T22:06:25.636+0000] {processor.py:161} INFO - Started process (PID=1849) to work on /home/airflow/.local/lib/python3.8/site-packages/airflow/example_dags/example_bash_operator.py
[2025-08-19T22:06:25.636+0000] {processor.py:830} INFO - Processing file /home/airflow/.local/lib/python3.8/site-packages/airflow/example_dags/example_bash_operator.py for tasks to queue
[2025-08-19T22:06:25.637+0000] {logging_mixin.py:188} INFO - [2025-08-19T22:06:25.637+0000] {dagbag.py:538} INFO - Filling up the DagBag from /home/airflow/.local/lib/python3.8/site-packages/airflow/example_dags/example_bash_operator.py
[2025-08-19T22:06:25.642+0000] {processor.py:840} INFO - DAG(s) 'example_bash_operator' retrieved from /home/airflow/.local/lib/python3.8/site-packages/airflow/example_dags/example_bash_operator.py
[2025-08-19T22:06:25.654+0000] {logging_mixin.py:188} INFO - [2025-08-19T22:06:25.653+0000] {dag.py:3036} INFO - Sync 1 DAGs
[2025-08-19T22:06:25.662+0000] {logging_mixin.py:188} INFO - [2025-08-19T22:06:25.662+0000] {dag.py:3823} INFO - Setting next_dagrun for example_bash_operator to 2025-08-18 00:00:00+00:00, run_after=2025-08-19 00:00:00+00:00
[2025-08-19T22:06:25.670+0000] {processor.py:183} INFO - Processing /home/airflow/.local/lib/python3.8/site-packages/airflow/example_dags/example_bash_operator.py took 0.036 seconds
[2025-08-19T22:06:56.166+0000] {processor.py:161} INFO - Started process (PID=1905) to work on /home/airflow/.local/lib/python3.8/site-packages/airflow/example_dags/example_bash_operator.py
[2025-08-19T22:06:56.167+0000] {processor.py:830} INFO - Processing file /home/airflow/.local/lib/python3.8/site-packages/airflow/example_dags/example_bash_operator.py for tasks to queue
[2025-08-19T22:06:56.168+0000] {logging_mixin.py:188} INFO - [2025-08-19T22:06:56.168+0000] {dagbag.py:538} INFO - Filling up the DagBag from /home/airflow/.local/lib/python3.8/site-packages/airflow/example_dags/example_bash_operator.py
[2025-08-19T22:06:56.173+0000] {processor.py:840} INFO - DAG(s) 'example_bash_operator' retrieved from /home/airflow/.local/lib/python3.8/site-packages/airflow/example_dags/example_bash_operator.py
[2025-08-19T22:06:56.186+0000] {logging_mixin.py:188} INFO - [2025-08-19T22:06:56.186+0000] {dag.py:3036} INFO - Sync 1 DAGs
[2025-08-19T22:06:56.194+0000] {logging_mixin.py:188} INFO - [2025-08-19T22:06:56.194+0000] {dag.py:3823} INFO - Setting next_dagrun for example_bash_operator to 2025-08-18 00:00:00+00:00, run_after=2025-08-19 00:00:00+00:00
[2025-08-19T22:06:56.200+0000] {processor.py:183} INFO - Processing /home/airflow/.local/lib/python3.8/site-packages/airflow/example_dags/example_bash_operator.py took 0.036 seconds
[2025-08-19T22:07:26.285+0000] {processor.py:161} INFO - Started process (PID=1961) to work on /home/airflow/.local/lib/python3.8/site-packages/airflow/example_dags/example_bash_operator.py
[2025-08-19T22:07:26.286+0000] {processor.py:830} INFO - Processing file /home/airflow/.local/lib/python3.8/site-packages/airflow/example_dags/example_bash_operator.py for tasks to queue
[2025-08-19T22:07:26.286+0000] {logging_mixin.py:188} INFO - [2025-08-19T22:07:26.286+0000] {dagbag.py:538} INFO - Filling up the DagBag from /home/airflow/.local/lib/python3.8/site-packages/airflow/example_dags/example_bash_operator.py
[2025-08-19T22:07:26.294+0000] {processor.py:840} INFO - DAG(s) 'example_bash_operator' retrieved from /home/airflow/.local/lib/python3.8/site-packages/airflow/example_dags/example_bash_operator.py
[2025-08-19T22:07:26.312+0000] {logging_mixin.py:188} INFO - [2025-08-19T22:07:26.312+0000] {dag.py:3036} INFO - Sync 1 DAGs
[2025-08-19T22:07:26.322+0000] {logging_mixin.py:188} INFO - [2025-08-19T22:07:26.322+0000] {dag.py:3823} INFO - Setting next_dagrun for example_bash_operator to 2025-08-18 00:00:00+00:00, run_after=2025-08-19 00:00:00+00:00
[2025-08-19T22:07:26.330+0000] {processor.py:183} INFO - Processing /home/airflow/.local/lib/python3.8/site-packages/airflow/example_dags/example_bash_operator.py took 0.047 seconds
[2025-08-19T22:07:56.928+0000] {processor.py:161} INFO - Started process (PID=2017) to work on /home/airflow/.local/lib/python3.8/site-packages/airflow/example_dags/example_bash_operator.py
[2025-08-19T22:07:56.931+0000] {processor.py:830} INFO - Processing file /home/airflow/.local/lib/python3.8/site-packages/airflow/example_dags/example_bash_operator.py for tasks to queue
[2025-08-19T22:07:56.934+0000] {logging_mixin.py:188} INFO - [2025-08-19T22:07:56.934+0000] {dagbag.py:538} INFO - Filling up the DagBag from /home/airflow/.local/lib/python3.8/site-packages/airflow/example_dags/example_bash_operator.py
[2025-08-19T22:07:56.940+0000] {processor.py:840} INFO - DAG(s) 'example_bash_operator' retrieved from /home/airflow/.local/lib/python3.8/site-packages/airflow/example_dags/example_bash_operator.py
[2025-08-19T22:07:56.954+0000] {logging_mixin.py:188} INFO - [2025-08-19T22:07:56.954+0000] {dag.py:3036} INFO - Sync 1 DAGs
[2025-08-19T22:07:56.962+0000] {logging_mixin.py:188} INFO - [2025-08-19T22:07:56.962+0000] {dag.py:3823} INFO - Setting next_dagrun for example_bash_operator to 2025-08-18 00:00:00+00:00, run_after=2025-08-19 00:00:00+00:00
[2025-08-19T22:07:56.968+0000] {processor.py:183} INFO - Processing /home/airflow/.local/lib/python3.8/site-packages/airflow/example_dags/example_bash_operator.py took 0.041 seconds
[2025-08-19T22:08:27.766+0000] {processor.py:161} INFO - Started process (PID=2073) to work on /home/airflow/.local/lib/python3.8/site-packages/airflow/example_dags/example_bash_operator.py
[2025-08-19T22:08:27.768+0000] {processor.py:830} INFO - Processing file /home/airflow/.local/lib/python3.8/site-packages/airflow/example_dags/example_bash_operator.py for tasks to queue
[2025-08-19T22:08:27.769+0000] {logging_mixin.py:188} INFO - [2025-08-19T22:08:27.769+0000] {dagbag.py:538} INFO - Filling up the DagBag from /home/airflow/.local/lib/python3.8/site-packages/airflow/example_dags/example_bash_operator.py
[2025-08-19T22:08:27.778+0000] {processor.py:840} INFO - DAG(s) 'example_bash_operator' retrieved from /home/airflow/.local/lib/python3.8/site-packages/airflow/example_dags/example_bash_operator.py
[2025-08-19T22:08:27.793+0000] {logging_mixin.py:188} INFO - [2025-08-19T22:08:27.793+0000] {dag.py:3036} INFO - Sync 1 DAGs
[2025-08-19T22:08:27.801+0000] {logging_mixin.py:188} INFO - [2025-08-19T22:08:27.801+0000] {dag.py:3823} INFO - Setting next_dagrun for example_bash_operator to 2025-08-18 00:00:00+00:00, run_after=2025-08-19 00:00:00+00:00
[2025-08-19T22:08:27.806+0000] {processor.py:183} INFO - Processing /home/airflow/.local/lib/python3.8/site-packages/airflow/example_dags/example_bash_operator.py took 0.042 seconds
[2025-08-19T22:08:58.394+0000] {processor.py:161} INFO - Started process (PID=2129) to work on /home/airflow/.local/lib/python3.8/site-packages/airflow/example_dags/example_bash_operator.py
[2025-08-19T22:08:58.395+0000] {processor.py:830} INFO - Processing file /home/airflow/.local/lib/python3.8/site-packages/airflow/example_dags/example_bash_operator.py for tasks to queue
[2025-08-19T22:08:58.396+0000] {logging_mixin.py:188} INFO - [2025-08-19T22:08:58.395+0000] {dagbag.py:538} INFO - Filling up the DagBag from /home/airflow/.local/lib/python3.8/site-packages/airflow/example_dags/example_bash_operator.py
[2025-08-19T22:08:58.400+0000] {processor.py:840} INFO - DAG(s) 'example_bash_operator' retrieved from /home/airflow/.local/lib/python3.8/site-packages/airflow/example_dags/example_bash_operator.py
[2025-08-19T22:08:58.410+0000] {logging_mixin.py:188} INFO - [2025-08-19T22:08:58.410+0000] {dag.py:3036} INFO - Sync 1 DAGs
[2025-08-19T22:08:58.417+0000] {logging_mixin.py:188} INFO - [2025-08-19T22:08:58.417+0000] {dag.py:3823} INFO - Setting next_dagrun for example_bash_operator to 2025-08-18 00:00:00+00:00, run_after=2025-08-19 00:00:00+00:00
[2025-08-19T22:08:58.422+0000] {processor.py:183} INFO - Processing /home/airflow/.local/lib/python3.8/site-packages/airflow/example_dags/example_bash_operator.py took 0.030 seconds
[2025-08-19T22:09:29.023+0000] {processor.py:161} INFO - Started process (PID=2185) to work on /home/airflow/.local/lib/python3.8/site-packages/airflow/example_dags/example_bash_operator.py
[2025-08-19T22:09:29.024+0000] {processor.py:830} INFO - Processing file /home/airflow/.local/lib/python3.8/site-packages/airflow/example_dags/example_bash_operator.py for tasks to queue
[2025-08-19T22:09:29.025+0000] {logging_mixin.py:188} INFO - [2025-08-19T22:09:29.024+0000] {dagbag.py:538} INFO - Filling up the DagBag from /home/airflow/.local/lib/python3.8/site-packages/airflow/example_dags/example_bash_operator.py
[2025-08-19T22:09:29.030+0000] {processor.py:840} INFO - DAG(s) 'example_bash_operator' retrieved from /home/airflow/.local/lib/python3.8/site-packages/airflow/example_dags/example_bash_operator.py
[2025-08-19T22:09:29.041+0000] {logging_mixin.py:188} INFO - [2025-08-19T22:09:29.041+0000] {dag.py:3036} INFO - Sync 1 DAGs
[2025-08-19T22:09:29.049+0000] {logging_mixin.py:188} INFO - [2025-08-19T22:09:29.048+0000] {dag.py:3823} INFO - Setting next_dagrun for example_bash_operator to 2025-08-18 00:00:00+00:00, run_after=2025-08-19 00:00:00+00:00
[2025-08-19T22:09:29.055+0000] {processor.py:183} INFO - Processing /home/airflow/.local/lib/python3.8/site-packages/airflow/example_dags/example_bash_operator.py took 0.034 seconds
[2025-08-19T22:09:59.659+0000] {processor.py:161} INFO - Started process (PID=2241) to work on /home/airflow/.local/lib/python3.8/site-packages/airflow/example_dags/example_bash_operator.py
[2025-08-19T22:09:59.659+0000] {processor.py:830} INFO - Processing file /home/airflow/.local/lib/python3.8/site-packages/airflow/example_dags/example_bash_operator.py for tasks to queue
[2025-08-19T22:09:59.660+0000] {logging_mixin.py:188} INFO - [2025-08-19T22:09:59.660+0000] {dagbag.py:538} INFO - Filling up the DagBag from /home/airflow/.local/lib/python3.8/site-packages/airflow/example_dags/example_bash_operator.py
[2025-08-19T22:09:59.664+0000] {processor.py:840} INFO - DAG(s) 'example_bash_operator' retrieved from /home/airflow/.local/lib/python3.8/site-packages/airflow/example_dags/example_bash_operator.py
[2025-08-19T22:09:59.674+0000] {logging_mixin.py:188} INFO - [2025-08-19T22:09:59.674+0000] {dag.py:3036} INFO - Sync 1 DAGs
[2025-08-19T22:09:59.681+0000] {logging_mixin.py:188} INFO - [2025-08-19T22:09:59.681+0000] {dag.py:3823} INFO - Setting next_dagrun for example_bash_operator to 2025-08-18 00:00:00+00:00, run_after=2025-08-19 00:00:00+00:00
[2025-08-19T22:09:59.687+0000] {processor.py:183} INFO - Processing /home/airflow/.local/lib/python3.8/site-packages/airflow/example_dags/example_bash_operator.py took 0.029 seconds
[2025-08-19T22:10:30.232+0000] {processor.py:161} INFO - Started process (PID=2297) to work on /home/airflow/.local/lib/python3.8/site-packages/airflow/example_dags/example_bash_operator.py
[2025-08-19T22:10:30.234+0000] {processor.py:830} INFO - Processing file /home/airflow/.local/lib/python3.8/site-packages/airflow/example_dags/example_bash_operator.py for tasks to queue
[2025-08-19T22:10:30.236+0000] {logging_mixin.py:188} INFO - [2025-08-19T22:10:30.236+0000] {dagbag.py:538} INFO - Filling up the DagBag from /home/airflow/.local/lib/python3.8/site-packages/airflow/example_dags/example_bash_operator.py
[2025-08-19T22:10:30.240+0000] {processor.py:840} INFO - DAG(s) 'example_bash_operator' retrieved from /home/airflow/.local/lib/python3.8/site-packages/airflow/example_dags/example_bash_operator.py
[2025-08-19T22:10:30.253+0000] {logging_mixin.py:188} INFO - [2025-08-19T22:10:30.253+0000] {dag.py:3036} INFO - Sync 1 DAGs
[2025-08-19T22:10:30.261+0000] {logging_mixin.py:188} INFO - [2025-08-19T22:10:30.261+0000] {dag.py:3823} INFO - Setting next_dagrun for example_bash_operator to 2025-08-18 00:00:00+00:00, run_after=2025-08-19 00:00:00+00:00
[2025-08-19T22:10:30.270+0000] {processor.py:183} INFO - Processing /home/airflow/.local/lib/python3.8/site-packages/airflow/example_dags/example_bash_operator.py took 0.040 seconds
[2025-08-19T22:11:01.004+0000] {processor.py:161} INFO - Started process (PID=2353) to work on /home/airflow/.local/lib/python3.8/site-packages/airflow/example_dags/example_bash_operator.py
[2025-08-19T22:11:01.005+0000] {processor.py:830} INFO - Processing file /home/airflow/.local/lib/python3.8/site-packages/airflow/example_dags/example_bash_operator.py for tasks to queue
[2025-08-19T22:11:01.005+0000] {logging_mixin.py:188} INFO - [2025-08-19T22:11:01.005+0000] {dagbag.py:538} INFO - Filling up the DagBag from /home/airflow/.local/lib/python3.8/site-packages/airflow/example_dags/example_bash_operator.py
[2025-08-19T22:11:01.011+0000] {processor.py:840} INFO - DAG(s) 'example_bash_operator' retrieved from /home/airflow/.local/lib/python3.8/site-packages/airflow/example_dags/example_bash_operator.py
[2025-08-19T22:11:01.024+0000] {logging_mixin.py:188} INFO - [2025-08-19T22:11:01.024+0000] {dag.py:3036} INFO - Sync 1 DAGs
[2025-08-19T22:11:01.033+0000] {logging_mixin.py:188} INFO - [2025-08-19T22:11:01.033+0000] {dag.py:3823} INFO - Setting next_dagrun for example_bash_operator to 2025-08-18 00:00:00+00:00, run_after=2025-08-19 00:00:00+00:00
[2025-08-19T22:11:01.041+0000] {processor.py:183} INFO - Processing /home/airflow/.local/lib/python3.8/site-packages/airflow/example_dags/example_bash_operator.py took 0.039 seconds
[2025-08-19T22:11:31.495+0000] {processor.py:161} INFO - Started process (PID=2409) to work on /home/airflow/.local/lib/python3.8/site-packages/airflow/example_dags/example_bash_operator.py
[2025-08-19T22:11:31.498+0000] {processor.py:830} INFO - Processing file /home/airflow/.local/lib/python3.8/site-packages/airflow/example_dags/example_bash_operator.py for tasks to queue
[2025-08-19T22:11:31.499+0000] {logging_mixin.py:188} INFO - [2025-08-19T22:11:31.499+0000] {dagbag.py:538} INFO - Filling up the DagBag from /home/airflow/.local/lib/python3.8/site-packages/airflow/example_dags/example_bash_operator.py
[2025-08-19T22:11:31.504+0000] {processor.py:840} INFO - DAG(s) 'example_bash_operator' retrieved from /home/airflow/.local/lib/python3.8/site-packages/airflow/example_dags/example_bash_operator.py
[2025-08-19T22:11:31.522+0000] {logging_mixin.py:188} INFO - [2025-08-19T22:11:31.522+0000] {dag.py:3036} INFO - Sync 1 DAGs
[2025-08-19T22:11:31.529+0000] {logging_mixin.py:188} INFO - [2025-08-19T22:11:31.529+0000] {dag.py:3823} INFO - Setting next_dagrun for example_bash_operator to 2025-08-18 00:00:00+00:00, run_after=2025-08-19 00:00:00+00:00
[2025-08-19T22:11:31.535+0000] {processor.py:183} INFO - Processing /home/airflow/.local/lib/python3.8/site-packages/airflow/example_dags/example_bash_operator.py took 0.041 seconds
[2025-08-19T22:12:01.949+0000] {processor.py:161} INFO - Started process (PID=2465) to work on /home/airflow/.local/lib/python3.8/site-packages/airflow/example_dags/example_bash_operator.py
[2025-08-19T22:12:01.949+0000] {processor.py:830} INFO - Processing file /home/airflow/.local/lib/python3.8/site-packages/airflow/example_dags/example_bash_operator.py for tasks to queue
[2025-08-19T22:12:01.950+0000] {logging_mixin.py:188} INFO - [2025-08-19T22:12:01.950+0000] {dagbag.py:538} INFO - Filling up the DagBag from /home/airflow/.local/lib/python3.8/site-packages/airflow/example_dags/example_bash_operator.py
[2025-08-19T22:12:01.955+0000] {processor.py:840} INFO - DAG(s) 'example_bash_operator' retrieved from /home/airflow/.local/lib/python3.8/site-packages/airflow/example_dags/example_bash_operator.py
[2025-08-19T22:12:01.968+0000] {logging_mixin.py:188} INFO - [2025-08-19T22:12:01.968+0000] {dag.py:3036} INFO - Sync 1 DAGs
[2025-08-19T22:12:01.976+0000] {logging_mixin.py:188} INFO - [2025-08-19T22:12:01.976+0000] {dag.py:3823} INFO - Setting next_dagrun for example_bash_operator to 2025-08-18 00:00:00+00:00, run_after=2025-08-19 00:00:00+00:00
[2025-08-19T22:12:01.982+0000] {processor.py:183} INFO - Processing /home/airflow/.local/lib/python3.8/site-packages/airflow/example_dags/example_bash_operator.py took 0.034 seconds
[2025-08-19T22:12:32.560+0000] {processor.py:161} INFO - Started process (PID=2521) to work on /home/airflow/.local/lib/python3.8/site-packages/airflow/example_dags/example_bash_operator.py
[2025-08-19T22:12:32.560+0000] {processor.py:830} INFO - Processing file /home/airflow/.local/lib/python3.8/site-packages/airflow/example_dags/example_bash_operator.py for tasks to queue
[2025-08-19T22:12:32.561+0000] {logging_mixin.py:188} INFO - [2025-08-19T22:12:32.561+0000] {dagbag.py:538} INFO - Filling up the DagBag from /home/airflow/.local/lib/python3.8/site-packages/airflow/example_dags/example_bash_operator.py
[2025-08-19T22:12:32.568+0000] {processor.py:840} INFO - DAG(s) 'example_bash_operator' retrieved from /home/airflow/.local/lib/python3.8/site-packages/airflow/example_dags/example_bash_operator.py
[2025-08-19T22:12:32.582+0000] {logging_mixin.py:188} INFO - [2025-08-19T22:12:32.582+0000] {dag.py:3036} INFO - Sync 1 DAGs
[2025-08-19T22:12:32.590+0000] {logging_mixin.py:188} INFO - [2025-08-19T22:12:32.590+0000] {dag.py:3823} INFO - Setting next_dagrun for example_bash_operator to 2025-08-18 00:00:00+00:00, run_after=2025-08-19 00:00:00+00:00
[2025-08-19T22:12:32.596+0000] {processor.py:183} INFO - Processing /home/airflow/.local/lib/python3.8/site-packages/airflow/example_dags/example_bash_operator.py took 0.040 seconds
[2025-08-19T22:13:03.074+0000] {processor.py:161} INFO - Started process (PID=2577) to work on /home/airflow/.local/lib/python3.8/site-packages/airflow/example_dags/example_bash_operator.py
[2025-08-19T22:13:03.075+0000] {processor.py:830} INFO - Processing file /home/airflow/.local/lib/python3.8/site-packages/airflow/example_dags/example_bash_operator.py for tasks to queue
[2025-08-19T22:13:03.077+0000] {logging_mixin.py:188} INFO - [2025-08-19T22:13:03.076+0000] {dagbag.py:538} INFO - Filling up the DagBag from /home/airflow/.local/lib/python3.8/site-packages/airflow/example_dags/example_bash_operator.py
[2025-08-19T22:13:03.083+0000] {processor.py:840} INFO - DAG(s) 'example_bash_operator' retrieved from /home/airflow/.local/lib/python3.8/site-packages/airflow/example_dags/example_bash_operator.py
[2025-08-19T22:13:03.096+0000] {logging_mixin.py:188} INFO - [2025-08-19T22:13:03.095+0000] {dag.py:3036} INFO - Sync 1 DAGs
[2025-08-19T22:13:03.104+0000] {logging_mixin.py:188} INFO - [2025-08-19T22:13:03.104+0000] {dag.py:3823} INFO - Setting next_dagrun for example_bash_operator to 2025-08-18 00:00:00+00:00, run_after=2025-08-19 00:00:00+00:00
[2025-08-19T22:13:03.109+0000] {processor.py:183} INFO - Processing /home/airflow/.local/lib/python3.8/site-packages/airflow/example_dags/example_bash_operator.py took 0.037 seconds
[2025-08-19T22:13:33.650+0000] {processor.py:161} INFO - Started process (PID=2633) to work on /home/airflow/.local/lib/python3.8/site-packages/airflow/example_dags/example_bash_operator.py
[2025-08-19T22:13:33.650+0000] {processor.py:830} INFO - Processing file /home/airflow/.local/lib/python3.8/site-packages/airflow/example_dags/example_bash_operator.py for tasks to queue
[2025-08-19T22:13:33.654+0000] {logging_mixin.py:188} INFO - [2025-08-19T22:13:33.654+0000] {dagbag.py:538} INFO - Filling up the DagBag from /home/airflow/.local/lib/python3.8/site-packages/airflow/example_dags/example_bash_operator.py
[2025-08-19T22:13:33.658+0000] {processor.py:840} INFO - DAG(s) 'example_bash_operator' retrieved from /home/airflow/.local/lib/python3.8/site-packages/airflow/example_dags/example_bash_operator.py
[2025-08-19T22:13:33.671+0000] {logging_mixin.py:188} INFO - [2025-08-19T22:13:33.670+0000] {dag.py:3036} INFO - Sync 1 DAGs
[2025-08-19T22:13:33.678+0000] {logging_mixin.py:188} INFO - [2025-08-19T22:13:33.678+0000] {dag.py:3823} INFO - Setting next_dagrun for example_bash_operator to 2025-08-18 00:00:00+00:00, run_after=2025-08-19 00:00:00+00:00
[2025-08-19T22:13:33.683+0000] {processor.py:183} INFO - Processing /home/airflow/.local/lib/python3.8/site-packages/airflow/example_dags/example_bash_operator.py took 0.035 seconds
[2025-08-19T22:20:09.761+0000] {processor.py:161} INFO - Started process (PID=53) to work on /home/airflow/.local/lib/python3.8/site-packages/airflow/example_dags/example_bash_operator.py
[2025-08-19T22:20:09.762+0000] {processor.py:830} INFO - Processing file /home/airflow/.local/lib/python3.8/site-packages/airflow/example_dags/example_bash_operator.py for tasks to queue
[2025-08-19T22:20:09.764+0000] {logging_mixin.py:188} INFO - [2025-08-19T22:20:09.764+0000] {dagbag.py:538} INFO - Filling up the DagBag from /home/airflow/.local/lib/python3.8/site-packages/airflow/example_dags/example_bash_operator.py
[2025-08-19T22:20:09.773+0000] {processor.py:840} INFO - DAG(s) 'example_bash_operator' retrieved from /home/airflow/.local/lib/python3.8/site-packages/airflow/example_dags/example_bash_operator.py
[2025-08-19T22:20:09.784+0000] {logging_mixin.py:188} INFO - [2025-08-19T22:20:09.783+0000] {dag.py:3036} INFO - Sync 1 DAGs
[2025-08-19T22:20:09.802+0000] {logging_mixin.py:188} INFO - [2025-08-19T22:20:09.802+0000] {dag.py:3823} INFO - Setting next_dagrun for example_bash_operator to 2025-08-18 00:00:00+00:00, run_after=2025-08-19 00:00:00+00:00
[2025-08-19T22:20:09.821+0000] {processor.py:183} INFO - Processing /home/airflow/.local/lib/python3.8/site-packages/airflow/example_dags/example_bash_operator.py took 0.064 seconds
[2025-08-19T22:20:39.927+0000] {processor.py:161} INFO - Started process (PID=109) to work on /home/airflow/.local/lib/python3.8/site-packages/airflow/example_dags/example_bash_operator.py
[2025-08-19T22:20:39.928+0000] {processor.py:830} INFO - Processing file /home/airflow/.local/lib/python3.8/site-packages/airflow/example_dags/example_bash_operator.py for tasks to queue
[2025-08-19T22:20:39.928+0000] {logging_mixin.py:188} INFO - [2025-08-19T22:20:39.928+0000] {dagbag.py:538} INFO - Filling up the DagBag from /home/airflow/.local/lib/python3.8/site-packages/airflow/example_dags/example_bash_operator.py
[2025-08-19T22:20:39.933+0000] {processor.py:840} INFO - DAG(s) 'example_bash_operator' retrieved from /home/airflow/.local/lib/python3.8/site-packages/airflow/example_dags/example_bash_operator.py
[2025-08-19T22:20:39.971+0000] {logging_mixin.py:188} INFO - [2025-08-19T22:20:39.971+0000] {dag.py:3036} INFO - Sync 1 DAGs
[2025-08-19T22:20:39.981+0000] {logging_mixin.py:188} INFO - [2025-08-19T22:20:39.981+0000] {dag.py:3823} INFO - Setting next_dagrun for example_bash_operator to 2025-08-18 00:00:00+00:00, run_after=2025-08-19 00:00:00+00:00
[2025-08-19T22:20:39.987+0000] {processor.py:183} INFO - Processing /home/airflow/.local/lib/python3.8/site-packages/airflow/example_dags/example_bash_operator.py took 0.062 seconds
[2025-08-19T22:21:10.028+0000] {processor.py:161} INFO - Started process (PID=165) to work on /home/airflow/.local/lib/python3.8/site-packages/airflow/example_dags/example_bash_operator.py
[2025-08-19T22:21:10.029+0000] {processor.py:830} INFO - Processing file /home/airflow/.local/lib/python3.8/site-packages/airflow/example_dags/example_bash_operator.py for tasks to queue
[2025-08-19T22:21:10.030+0000] {logging_mixin.py:188} INFO - [2025-08-19T22:21:10.030+0000] {dagbag.py:538} INFO - Filling up the DagBag from /home/airflow/.local/lib/python3.8/site-packages/airflow/example_dags/example_bash_operator.py
[2025-08-19T22:21:10.035+0000] {processor.py:840} INFO - DAG(s) 'example_bash_operator' retrieved from /home/airflow/.local/lib/python3.8/site-packages/airflow/example_dags/example_bash_operator.py
[2025-08-19T22:21:10.045+0000] {logging_mixin.py:188} INFO - [2025-08-19T22:21:10.045+0000] {dag.py:3036} INFO - Sync 1 DAGs
[2025-08-19T22:21:10.053+0000] {logging_mixin.py:188} INFO - [2025-08-19T22:21:10.053+0000] {dag.py:3823} INFO - Setting next_dagrun for example_bash_operator to 2025-08-18 00:00:00+00:00, run_after=2025-08-19 00:00:00+00:00
[2025-08-19T22:21:10.060+0000] {processor.py:183} INFO - Processing /home/airflow/.local/lib/python3.8/site-packages/airflow/example_dags/example_bash_operator.py took 0.033 seconds
[2025-08-19T22:21:40.802+0000] {processor.py:161} INFO - Started process (PID=221) to work on /home/airflow/.local/lib/python3.8/site-packages/airflow/example_dags/example_bash_operator.py
[2025-08-19T22:21:40.803+0000] {processor.py:830} INFO - Processing file /home/airflow/.local/lib/python3.8/site-packages/airflow/example_dags/example_bash_operator.py for tasks to queue
[2025-08-19T22:21:40.805+0000] {logging_mixin.py:188} INFO - [2025-08-19T22:21:40.805+0000] {dagbag.py:538} INFO - Filling up the DagBag from /home/airflow/.local/lib/python3.8/site-packages/airflow/example_dags/example_bash_operator.py
[2025-08-19T22:21:40.810+0000] {processor.py:840} INFO - DAG(s) 'example_bash_operator' retrieved from /home/airflow/.local/lib/python3.8/site-packages/airflow/example_dags/example_bash_operator.py
[2025-08-19T22:21:40.827+0000] {logging_mixin.py:188} INFO - [2025-08-19T22:21:40.827+0000] {dag.py:3036} INFO - Sync 1 DAGs
[2025-08-19T22:21:40.836+0000] {logging_mixin.py:188} INFO - [2025-08-19T22:21:40.836+0000] {dag.py:3823} INFO - Setting next_dagrun for example_bash_operator to 2025-08-18 00:00:00+00:00, run_after=2025-08-19 00:00:00+00:00
[2025-08-19T22:21:40.849+0000] {processor.py:183} INFO - Processing /home/airflow/.local/lib/python3.8/site-packages/airflow/example_dags/example_bash_operator.py took 0.053 seconds
[2025-08-19T22:22:11.387+0000] {processor.py:161} INFO - Started process (PID=277) to work on /home/airflow/.local/lib/python3.8/site-packages/airflow/example_dags/example_bash_operator.py
[2025-08-19T22:22:11.388+0000] {processor.py:830} INFO - Processing file /home/airflow/.local/lib/python3.8/site-packages/airflow/example_dags/example_bash_operator.py for tasks to queue
[2025-08-19T22:22:11.389+0000] {logging_mixin.py:188} INFO - [2025-08-19T22:22:11.388+0000] {dagbag.py:538} INFO - Filling up the DagBag from /home/airflow/.local/lib/python3.8/site-packages/airflow/example_dags/example_bash_operator.py
[2025-08-19T22:22:11.393+0000] {processor.py:840} INFO - DAG(s) 'example_bash_operator' retrieved from /home/airflow/.local/lib/python3.8/site-packages/airflow/example_dags/example_bash_operator.py
[2025-08-19T22:22:11.408+0000] {logging_mixin.py:188} INFO - [2025-08-19T22:22:11.408+0000] {dag.py:3036} INFO - Sync 1 DAGs
[2025-08-19T22:22:11.417+0000] {logging_mixin.py:188} INFO - [2025-08-19T22:22:11.416+0000] {dag.py:3823} INFO - Setting next_dagrun for example_bash_operator to 2025-08-18 00:00:00+00:00, run_after=2025-08-19 00:00:00+00:00
[2025-08-19T22:22:11.424+0000] {processor.py:183} INFO - Processing /home/airflow/.local/lib/python3.8/site-packages/airflow/example_dags/example_bash_operator.py took 0.038 seconds
[2025-08-19T22:22:41.903+0000] {processor.py:161} INFO - Started process (PID=333) to work on /home/airflow/.local/lib/python3.8/site-packages/airflow/example_dags/example_bash_operator.py
[2025-08-19T22:22:41.904+0000] {processor.py:830} INFO - Processing file /home/airflow/.local/lib/python3.8/site-packages/airflow/example_dags/example_bash_operator.py for tasks to queue
[2025-08-19T22:22:41.904+0000] {logging_mixin.py:188} INFO - [2025-08-19T22:22:41.904+0000] {dagbag.py:538} INFO - Filling up the DagBag from /home/airflow/.local/lib/python3.8/site-packages/airflow/example_dags/example_bash_operator.py
[2025-08-19T22:22:41.909+0000] {processor.py:840} INFO - DAG(s) 'example_bash_operator' retrieved from /home/airflow/.local/lib/python3.8/site-packages/airflow/example_dags/example_bash_operator.py
[2025-08-19T22:22:41.925+0000] {logging_mixin.py:188} INFO - [2025-08-19T22:22:41.925+0000] {dag.py:3036} INFO - Sync 1 DAGs
[2025-08-19T22:22:41.934+0000] {logging_mixin.py:188} INFO - [2025-08-19T22:22:41.934+0000] {dag.py:3823} INFO - Setting next_dagrun for example_bash_operator to 2025-08-18 00:00:00+00:00, run_after=2025-08-19 00:00:00+00:00
[2025-08-19T22:22:41.942+0000] {processor.py:183} INFO - Processing /home/airflow/.local/lib/python3.8/site-packages/airflow/example_dags/example_bash_operator.py took 0.041 seconds
[2025-08-19T22:23:12.642+0000] {processor.py:161} INFO - Started process (PID=393) to work on /home/airflow/.local/lib/python3.8/site-packages/airflow/example_dags/example_bash_operator.py
[2025-08-19T22:23:12.642+0000] {processor.py:830} INFO - Processing file /home/airflow/.local/lib/python3.8/site-packages/airflow/example_dags/example_bash_operator.py for tasks to queue
[2025-08-19T22:23:12.643+0000] {logging_mixin.py:188} INFO - [2025-08-19T22:23:12.643+0000] {dagbag.py:538} INFO - Filling up the DagBag from /home/airflow/.local/lib/python3.8/site-packages/airflow/example_dags/example_bash_operator.py
[2025-08-19T22:23:12.648+0000] {processor.py:840} INFO - DAG(s) 'example_bash_operator' retrieved from /home/airflow/.local/lib/python3.8/site-packages/airflow/example_dags/example_bash_operator.py
[2025-08-19T22:23:12.662+0000] {logging_mixin.py:188} INFO - [2025-08-19T22:23:12.661+0000] {dag.py:3036} INFO - Sync 1 DAGs
[2025-08-19T22:23:12.670+0000] {logging_mixin.py:188} INFO - [2025-08-19T22:23:12.670+0000] {dag.py:3823} INFO - Setting next_dagrun for example_bash_operator to 2025-08-18 00:00:00+00:00, run_after=2025-08-19 00:00:00+00:00
[2025-08-19T22:23:12.681+0000] {processor.py:183} INFO - Processing /home/airflow/.local/lib/python3.8/site-packages/airflow/example_dags/example_bash_operator.py took 0.041 seconds
[2025-08-19T22:23:43.212+0000] {processor.py:161} INFO - Started process (PID=455) to work on /home/airflow/.local/lib/python3.8/site-packages/airflow/example_dags/example_bash_operator.py
[2025-08-19T22:23:43.212+0000] {processor.py:830} INFO - Processing file /home/airflow/.local/lib/python3.8/site-packages/airflow/example_dags/example_bash_operator.py for tasks to queue
[2025-08-19T22:23:43.213+0000] {logging_mixin.py:188} INFO - [2025-08-19T22:23:43.213+0000] {dagbag.py:538} INFO - Filling up the DagBag from /home/airflow/.local/lib/python3.8/site-packages/airflow/example_dags/example_bash_operator.py
[2025-08-19T22:23:43.219+0000] {processor.py:840} INFO - DAG(s) 'example_bash_operator' retrieved from /home/airflow/.local/lib/python3.8/site-packages/airflow/example_dags/example_bash_operator.py
[2025-08-19T22:23:43.231+0000] {logging_mixin.py:188} INFO - [2025-08-19T22:23:43.231+0000] {dag.py:3036} INFO - Sync 1 DAGs
[2025-08-19T22:23:43.239+0000] {logging_mixin.py:188} INFO - [2025-08-19T22:23:43.239+0000] {dag.py:3823} INFO - Setting next_dagrun for example_bash_operator to 2025-08-18 00:00:00+00:00, run_after=2025-08-19 00:00:00+00:00
[2025-08-19T22:23:43.245+0000] {processor.py:183} INFO - Processing /home/airflow/.local/lib/python3.8/site-packages/airflow/example_dags/example_bash_operator.py took 0.035 seconds
[2025-08-19T22:24:13.631+0000] {processor.py:161} INFO - Started process (PID=511) to work on /home/airflow/.local/lib/python3.8/site-packages/airflow/example_dags/example_bash_operator.py
[2025-08-19T22:24:13.632+0000] {processor.py:830} INFO - Processing file /home/airflow/.local/lib/python3.8/site-packages/airflow/example_dags/example_bash_operator.py for tasks to queue
[2025-08-19T22:24:13.632+0000] {logging_mixin.py:188} INFO - [2025-08-19T22:24:13.632+0000] {dagbag.py:538} INFO - Filling up the DagBag from /home/airflow/.local/lib/python3.8/site-packages/airflow/example_dags/example_bash_operator.py
[2025-08-19T22:24:13.637+0000] {processor.py:840} INFO - DAG(s) 'example_bash_operator' retrieved from /home/airflow/.local/lib/python3.8/site-packages/airflow/example_dags/example_bash_operator.py
[2025-08-19T22:24:13.651+0000] {logging_mixin.py:188} INFO - [2025-08-19T22:24:13.651+0000] {dag.py:3036} INFO - Sync 1 DAGs
[2025-08-19T22:24:13.661+0000] {logging_mixin.py:188} INFO - [2025-08-19T22:24:13.660+0000] {dag.py:3823} INFO - Setting next_dagrun for example_bash_operator to 2025-08-18 00:00:00+00:00, run_after=2025-08-19 00:00:00+00:00
[2025-08-19T22:24:13.667+0000] {processor.py:183} INFO - Processing /home/airflow/.local/lib/python3.8/site-packages/airflow/example_dags/example_bash_operator.py took 0.038 seconds
[2025-08-19T22:24:44.099+0000] {processor.py:161} INFO - Started process (PID=567) to work on /home/airflow/.local/lib/python3.8/site-packages/airflow/example_dags/example_bash_operator.py
[2025-08-19T22:24:44.100+0000] {processor.py:830} INFO - Processing file /home/airflow/.local/lib/python3.8/site-packages/airflow/example_dags/example_bash_operator.py for tasks to queue
[2025-08-19T22:24:44.101+0000] {logging_mixin.py:188} INFO - [2025-08-19T22:24:44.101+0000] {dagbag.py:538} INFO - Filling up the DagBag from /home/airflow/.local/lib/python3.8/site-packages/airflow/example_dags/example_bash_operator.py
[2025-08-19T22:24:44.105+0000] {processor.py:840} INFO - DAG(s) 'example_bash_operator' retrieved from /home/airflow/.local/lib/python3.8/site-packages/airflow/example_dags/example_bash_operator.py
[2025-08-19T22:24:44.115+0000] {logging_mixin.py:188} INFO - [2025-08-19T22:24:44.115+0000] {dag.py:3036} INFO - Sync 1 DAGs
[2025-08-19T22:24:44.122+0000] {logging_mixin.py:188} INFO - [2025-08-19T22:24:44.122+0000] {dag.py:3823} INFO - Setting next_dagrun for example_bash_operator to 2025-08-18 00:00:00+00:00, run_after=2025-08-19 00:00:00+00:00
[2025-08-19T22:24:44.128+0000] {processor.py:183} INFO - Processing /home/airflow/.local/lib/python3.8/site-packages/airflow/example_dags/example_bash_operator.py took 0.030 seconds
[2025-08-19T22:25:14.561+0000] {processor.py:161} INFO - Started process (PID=623) to work on /home/airflow/.local/lib/python3.8/site-packages/airflow/example_dags/example_bash_operator.py
[2025-08-19T22:25:14.562+0000] {processor.py:830} INFO - Processing file /home/airflow/.local/lib/python3.8/site-packages/airflow/example_dags/example_bash_operator.py for tasks to queue
[2025-08-19T22:25:14.564+0000] {logging_mixin.py:188} INFO - [2025-08-19T22:25:14.564+0000] {dagbag.py:538} INFO - Filling up the DagBag from /home/airflow/.local/lib/python3.8/site-packages/airflow/example_dags/example_bash_operator.py
[2025-08-19T22:25:14.569+0000] {processor.py:840} INFO - DAG(s) 'example_bash_operator' retrieved from /home/airflow/.local/lib/python3.8/site-packages/airflow/example_dags/example_bash_operator.py
[2025-08-19T22:25:14.580+0000] {logging_mixin.py:188} INFO - [2025-08-19T22:25:14.580+0000] {dag.py:3036} INFO - Sync 1 DAGs
[2025-08-19T22:25:14.588+0000] {logging_mixin.py:188} INFO - [2025-08-19T22:25:14.588+0000] {dag.py:3823} INFO - Setting next_dagrun for example_bash_operator to 2025-08-18 00:00:00+00:00, run_after=2025-08-19 00:00:00+00:00
[2025-08-19T22:25:14.596+0000] {processor.py:183} INFO - Processing /home/airflow/.local/lib/python3.8/site-packages/airflow/example_dags/example_bash_operator.py took 0.040 seconds
[2025-08-19T22:25:44.952+0000] {processor.py:161} INFO - Started process (PID=679) to work on /home/airflow/.local/lib/python3.8/site-packages/airflow/example_dags/example_bash_operator.py
[2025-08-19T22:25:44.952+0000] {processor.py:830} INFO - Processing file /home/airflow/.local/lib/python3.8/site-packages/airflow/example_dags/example_bash_operator.py for tasks to queue
[2025-08-19T22:25:44.953+0000] {logging_mixin.py:188} INFO - [2025-08-19T22:25:44.953+0000] {dagbag.py:538} INFO - Filling up the DagBag from /home/airflow/.local/lib/python3.8/site-packages/airflow/example_dags/example_bash_operator.py
[2025-08-19T22:25:44.958+0000] {processor.py:840} INFO - DAG(s) 'example_bash_operator' retrieved from /home/airflow/.local/lib/python3.8/site-packages/airflow/example_dags/example_bash_operator.py
[2025-08-19T22:25:44.970+0000] {logging_mixin.py:188} INFO - [2025-08-19T22:25:44.970+0000] {dag.py:3036} INFO - Sync 1 DAGs
[2025-08-19T22:25:44.979+0000] {logging_mixin.py:188} INFO - [2025-08-19T22:25:44.979+0000] {dag.py:3823} INFO - Setting next_dagrun for example_bash_operator to 2025-08-18 00:00:00+00:00, run_after=2025-08-19 00:00:00+00:00
[2025-08-19T22:25:44.985+0000] {processor.py:183} INFO - Processing /home/airflow/.local/lib/python3.8/site-packages/airflow/example_dags/example_bash_operator.py took 0.035 seconds
[2025-08-19T22:26:15.424+0000] {processor.py:161} INFO - Started process (PID=735) to work on /home/airflow/.local/lib/python3.8/site-packages/airflow/example_dags/example_bash_operator.py
[2025-08-19T22:26:15.425+0000] {processor.py:830} INFO - Processing file /home/airflow/.local/lib/python3.8/site-packages/airflow/example_dags/example_bash_operator.py for tasks to queue
[2025-08-19T22:26:15.425+0000] {logging_mixin.py:188} INFO - [2025-08-19T22:26:15.425+0000] {dagbag.py:538} INFO - Filling up the DagBag from /home/airflow/.local/lib/python3.8/site-packages/airflow/example_dags/example_bash_operator.py
[2025-08-19T22:26:15.430+0000] {processor.py:840} INFO - DAG(s) 'example_bash_operator' retrieved from /home/airflow/.local/lib/python3.8/site-packages/airflow/example_dags/example_bash_operator.py
[2025-08-19T22:26:15.441+0000] {logging_mixin.py:188} INFO - [2025-08-19T22:26:15.441+0000] {dag.py:3036} INFO - Sync 1 DAGs
[2025-08-19T22:26:15.449+0000] {logging_mixin.py:188} INFO - [2025-08-19T22:26:15.449+0000] {dag.py:3823} INFO - Setting next_dagrun for example_bash_operator to 2025-08-18 00:00:00+00:00, run_after=2025-08-19 00:00:00+00:00
[2025-08-19T22:26:15.458+0000] {processor.py:183} INFO - Processing /home/airflow/.local/lib/python3.8/site-packages/airflow/example_dags/example_bash_operator.py took 0.036 seconds
[2025-08-19T22:26:45.780+0000] {processor.py:161} INFO - Started process (PID=791) to work on /home/airflow/.local/lib/python3.8/site-packages/airflow/example_dags/example_bash_operator.py
[2025-08-19T22:26:45.781+0000] {processor.py:830} INFO - Processing file /home/airflow/.local/lib/python3.8/site-packages/airflow/example_dags/example_bash_operator.py for tasks to queue
[2025-08-19T22:26:45.785+0000] {logging_mixin.py:188} INFO - [2025-08-19T22:26:45.785+0000] {dagbag.py:538} INFO - Filling up the DagBag from /home/airflow/.local/lib/python3.8/site-packages/airflow/example_dags/example_bash_operator.py
[2025-08-19T22:26:45.791+0000] {processor.py:840} INFO - DAG(s) 'example_bash_operator' retrieved from /home/airflow/.local/lib/python3.8/site-packages/airflow/example_dags/example_bash_operator.py
[2025-08-19T22:26:45.803+0000] {logging_mixin.py:188} INFO - [2025-08-19T22:26:45.803+0000] {dag.py:3036} INFO - Sync 1 DAGs
[2025-08-19T22:26:45.810+0000] {logging_mixin.py:188} INFO - [2025-08-19T22:26:45.810+0000] {dag.py:3823} INFO - Setting next_dagrun for example_bash_operator to 2025-08-18 00:00:00+00:00, run_after=2025-08-19 00:00:00+00:00
[2025-08-19T22:26:45.819+0000] {processor.py:183} INFO - Processing /home/airflow/.local/lib/python3.8/site-packages/airflow/example_dags/example_bash_operator.py took 0.040 seconds
[2025-08-19T22:27:16.259+0000] {processor.py:161} INFO - Started process (PID=847) to work on /home/airflow/.local/lib/python3.8/site-packages/airflow/example_dags/example_bash_operator.py
[2025-08-19T22:27:16.260+0000] {processor.py:830} INFO - Processing file /home/airflow/.local/lib/python3.8/site-packages/airflow/example_dags/example_bash_operator.py for tasks to queue
[2025-08-19T22:27:16.261+0000] {logging_mixin.py:188} INFO - [2025-08-19T22:27:16.261+0000] {dagbag.py:538} INFO - Filling up the DagBag from /home/airflow/.local/lib/python3.8/site-packages/airflow/example_dags/example_bash_operator.py
[2025-08-19T22:27:16.266+0000] {processor.py:840} INFO - DAG(s) 'example_bash_operator' retrieved from /home/airflow/.local/lib/python3.8/site-packages/airflow/example_dags/example_bash_operator.py
[2025-08-19T22:27:16.278+0000] {logging_mixin.py:188} INFO - [2025-08-19T22:27:16.278+0000] {dag.py:3036} INFO - Sync 1 DAGs
[2025-08-19T22:27:16.287+0000] {logging_mixin.py:188} INFO - [2025-08-19T22:27:16.287+0000] {dag.py:3823} INFO - Setting next_dagrun for example_bash_operator to 2025-08-18 00:00:00+00:00, run_after=2025-08-19 00:00:00+00:00
[2025-08-19T22:27:16.295+0000] {processor.py:183} INFO - Processing /home/airflow/.local/lib/python3.8/site-packages/airflow/example_dags/example_bash_operator.py took 0.038 seconds
[2025-08-19T22:27:46.812+0000] {processor.py:161} INFO - Started process (PID=907) to work on /home/airflow/.local/lib/python3.8/site-packages/airflow/example_dags/example_bash_operator.py
[2025-08-19T22:27:46.818+0000] {processor.py:830} INFO - Processing file /home/airflow/.local/lib/python3.8/site-packages/airflow/example_dags/example_bash_operator.py for tasks to queue
[2025-08-19T22:27:46.821+0000] {logging_mixin.py:188} INFO - [2025-08-19T22:27:46.820+0000] {dagbag.py:538} INFO - Filling up the DagBag from /home/airflow/.local/lib/python3.8/site-packages/airflow/example_dags/example_bash_operator.py
[2025-08-19T22:27:46.831+0000] {processor.py:840} INFO - DAG(s) 'example_bash_operator' retrieved from /home/airflow/.local/lib/python3.8/site-packages/airflow/example_dags/example_bash_operator.py
[2025-08-19T22:27:46.851+0000] {logging_mixin.py:188} INFO - [2025-08-19T22:27:46.851+0000] {dag.py:3036} INFO - Sync 1 DAGs
[2025-08-19T22:27:46.864+0000] {logging_mixin.py:188} INFO - [2025-08-19T22:27:46.864+0000] {dag.py:3823} INFO - Setting next_dagrun for example_bash_operator to 2025-08-18 00:00:00+00:00, run_after=2025-08-19 00:00:00+00:00
[2025-08-19T22:27:46.873+0000] {processor.py:183} INFO - Processing /home/airflow/.local/lib/python3.8/site-packages/airflow/example_dags/example_bash_operator.py took 0.065 seconds
[2025-08-19T22:28:17.430+0000] {processor.py:161} INFO - Started process (PID=963) to work on /home/airflow/.local/lib/python3.8/site-packages/airflow/example_dags/example_bash_operator.py
[2025-08-19T22:28:17.430+0000] {processor.py:830} INFO - Processing file /home/airflow/.local/lib/python3.8/site-packages/airflow/example_dags/example_bash_operator.py for tasks to queue
[2025-08-19T22:28:17.431+0000] {logging_mixin.py:188} INFO - [2025-08-19T22:28:17.431+0000] {dagbag.py:538} INFO - Filling up the DagBag from /home/airflow/.local/lib/python3.8/site-packages/airflow/example_dags/example_bash_operator.py
[2025-08-19T22:28:17.436+0000] {processor.py:840} INFO - DAG(s) 'example_bash_operator' retrieved from /home/airflow/.local/lib/python3.8/site-packages/airflow/example_dags/example_bash_operator.py
[2025-08-19T22:28:17.449+0000] {logging_mixin.py:188} INFO - [2025-08-19T22:28:17.449+0000] {dag.py:3036} INFO - Sync 1 DAGs
[2025-08-19T22:28:17.457+0000] {logging_mixin.py:188} INFO - [2025-08-19T22:28:17.457+0000] {dag.py:3823} INFO - Setting next_dagrun for example_bash_operator to 2025-08-18 00:00:00+00:00, run_after=2025-08-19 00:00:00+00:00
[2025-08-19T22:28:17.465+0000] {processor.py:183} INFO - Processing /home/airflow/.local/lib/python3.8/site-packages/airflow/example_dags/example_bash_operator.py took 0.037 seconds
[2025-08-19T22:28:47.917+0000] {processor.py:161} INFO - Started process (PID=1019) to work on /home/airflow/.local/lib/python3.8/site-packages/airflow/example_dags/example_bash_operator.py
[2025-08-19T22:28:47.917+0000] {processor.py:830} INFO - Processing file /home/airflow/.local/lib/python3.8/site-packages/airflow/example_dags/example_bash_operator.py for tasks to queue
[2025-08-19T22:28:47.918+0000] {logging_mixin.py:188} INFO - [2025-08-19T22:28:47.918+0000] {dagbag.py:538} INFO - Filling up the DagBag from /home/airflow/.local/lib/python3.8/site-packages/airflow/example_dags/example_bash_operator.py
[2025-08-19T22:28:47.923+0000] {processor.py:840} INFO - DAG(s) 'example_bash_operator' retrieved from /home/airflow/.local/lib/python3.8/site-packages/airflow/example_dags/example_bash_operator.py
[2025-08-19T22:28:47.937+0000] {logging_mixin.py:188} INFO - [2025-08-19T22:28:47.937+0000] {dag.py:3036} INFO - Sync 1 DAGs
[2025-08-19T22:28:47.946+0000] {logging_mixin.py:188} INFO - [2025-08-19T22:28:47.945+0000] {dag.py:3823} INFO - Setting next_dagrun for example_bash_operator to 2025-08-18 00:00:00+00:00, run_after=2025-08-19 00:00:00+00:00
[2025-08-19T22:28:47.952+0000] {processor.py:183} INFO - Processing /home/airflow/.local/lib/python3.8/site-packages/airflow/example_dags/example_bash_operator.py took 0.037 seconds
[2025-08-19T22:29:18.374+0000] {processor.py:161} INFO - Started process (PID=1075) to work on /home/airflow/.local/lib/python3.8/site-packages/airflow/example_dags/example_bash_operator.py
[2025-08-19T22:29:18.377+0000] {processor.py:830} INFO - Processing file /home/airflow/.local/lib/python3.8/site-packages/airflow/example_dags/example_bash_operator.py for tasks to queue
[2025-08-19T22:29:18.379+0000] {logging_mixin.py:188} INFO - [2025-08-19T22:29:18.378+0000] {dagbag.py:538} INFO - Filling up the DagBag from /home/airflow/.local/lib/python3.8/site-packages/airflow/example_dags/example_bash_operator.py
[2025-08-19T22:29:18.384+0000] {processor.py:840} INFO - DAG(s) 'example_bash_operator' retrieved from /home/airflow/.local/lib/python3.8/site-packages/airflow/example_dags/example_bash_operator.py
[2025-08-19T22:29:18.398+0000] {logging_mixin.py:188} INFO - [2025-08-19T22:29:18.398+0000] {dag.py:3036} INFO - Sync 1 DAGs
[2025-08-19T22:29:18.407+0000] {logging_mixin.py:188} INFO - [2025-08-19T22:29:18.407+0000] {dag.py:3823} INFO - Setting next_dagrun for example_bash_operator to 2025-08-18 00:00:00+00:00, run_after=2025-08-19 00:00:00+00:00
[2025-08-19T22:29:18.415+0000] {processor.py:183} INFO - Processing /home/airflow/.local/lib/python3.8/site-packages/airflow/example_dags/example_bash_operator.py took 0.043 seconds
[2025-08-19T22:29:49.082+0000] {processor.py:161} INFO - Started process (PID=1131) to work on /home/airflow/.local/lib/python3.8/site-packages/airflow/example_dags/example_bash_operator.py
[2025-08-19T22:29:49.083+0000] {processor.py:830} INFO - Processing file /home/airflow/.local/lib/python3.8/site-packages/airflow/example_dags/example_bash_operator.py for tasks to queue
[2025-08-19T22:29:49.084+0000] {logging_mixin.py:188} INFO - [2025-08-19T22:29:49.084+0000] {dagbag.py:538} INFO - Filling up the DagBag from /home/airflow/.local/lib/python3.8/site-packages/airflow/example_dags/example_bash_operator.py
[2025-08-19T22:29:49.088+0000] {processor.py:840} INFO - DAG(s) 'example_bash_operator' retrieved from /home/airflow/.local/lib/python3.8/site-packages/airflow/example_dags/example_bash_operator.py
[2025-08-19T22:29:49.100+0000] {logging_mixin.py:188} INFO - [2025-08-19T22:29:49.100+0000] {dag.py:3036} INFO - Sync 1 DAGs
[2025-08-19T22:29:49.111+0000] {logging_mixin.py:188} INFO - [2025-08-19T22:29:49.111+0000] {dag.py:3823} INFO - Setting next_dagrun for example_bash_operator to 2025-08-18 00:00:00+00:00, run_after=2025-08-19 00:00:00+00:00
[2025-08-19T22:29:49.121+0000] {processor.py:183} INFO - Processing /home/airflow/.local/lib/python3.8/site-packages/airflow/example_dags/example_bash_operator.py took 0.040 seconds
[2025-08-19T22:30:19.545+0000] {processor.py:161} INFO - Started process (PID=1187) to work on /home/airflow/.local/lib/python3.8/site-packages/airflow/example_dags/example_bash_operator.py
[2025-08-19T22:30:19.547+0000] {processor.py:830} INFO - Processing file /home/airflow/.local/lib/python3.8/site-packages/airflow/example_dags/example_bash_operator.py for tasks to queue
[2025-08-19T22:30:19.547+0000] {logging_mixin.py:188} INFO - [2025-08-19T22:30:19.547+0000] {dagbag.py:538} INFO - Filling up the DagBag from /home/airflow/.local/lib/python3.8/site-packages/airflow/example_dags/example_bash_operator.py
[2025-08-19T22:30:19.552+0000] {processor.py:840} INFO - DAG(s) 'example_bash_operator' retrieved from /home/airflow/.local/lib/python3.8/site-packages/airflow/example_dags/example_bash_operator.py
[2025-08-19T22:30:19.563+0000] {logging_mixin.py:188} INFO - [2025-08-19T22:30:19.562+0000] {dag.py:3036} INFO - Sync 1 DAGs
[2025-08-19T22:30:19.571+0000] {logging_mixin.py:188} INFO - [2025-08-19T22:30:19.571+0000] {dag.py:3823} INFO - Setting next_dagrun for example_bash_operator to 2025-08-18 00:00:00+00:00, run_after=2025-08-19 00:00:00+00:00
[2025-08-19T22:30:19.577+0000] {processor.py:183} INFO - Processing /home/airflow/.local/lib/python3.8/site-packages/airflow/example_dags/example_bash_operator.py took 0.034 seconds
