[2025-08-19T21:50:06.735+0000] {processor.py:161} INFO - Started process (PID=44) to work on /home/airflow/.local/lib/python3.8/site-packages/airflow/example_dags/example_branch_python_dop_operator_3.py
[2025-08-19T21:50:06.739+0000] {processor.py:830} INFO - Processing file /home/airflow/.local/lib/python3.8/site-packages/airflow/example_dags/example_branch_python_dop_operator_3.py for tasks to queue
[2025-08-19T21:50:06.744+0000] {logging_mixin.py:188} INFO - [2025-08-19T21:50:06.744+0000] {dagbag.py:538} INFO - Filling up the DagBag from /home/airflow/.local/lib/python3.8/site-packages/airflow/example_dags/example_branch_python_dop_operator_3.py
[2025-08-19T21:50:06.752+0000] {processor.py:840} INFO - DAG(s) 'example_branch_dop_operator_v3' retrieved from /home/airflow/.local/lib/python3.8/site-packages/airflow/example_dags/example_branch_python_dop_operator_3.py
[2025-08-19T21:50:06.778+0000] {logging_mixin.py:188} INFO - [2025-08-19T21:50:06.778+0000] {dag.py:3036} INFO - Sync 1 DAGs
[2025-08-19T21:50:06.809+0000] {logging_mixin.py:188} INFO - [2025-08-19T21:50:06.809+0000] {dag.py:3823} INFO - Setting next_dagrun for example_branch_dop_operator_v3 to 2025-08-19 21:49:00+00:00, run_after=2025-08-19 21:50:00+00:00
[2025-08-19T21:50:06.821+0000] {processor.py:183} INFO - Processing /home/airflow/.local/lib/python3.8/site-packages/airflow/example_dags/example_branch_python_dop_operator_3.py took 0.097 seconds
[2025-08-19T21:50:37.216+0000] {processor.py:161} INFO - Started process (PID=100) to work on /home/airflow/.local/lib/python3.8/site-packages/airflow/example_dags/example_branch_python_dop_operator_3.py
[2025-08-19T21:50:37.218+0000] {processor.py:830} INFO - Processing file /home/airflow/.local/lib/python3.8/site-packages/airflow/example_dags/example_branch_python_dop_operator_3.py for tasks to queue
[2025-08-19T21:50:37.219+0000] {logging_mixin.py:188} INFO - [2025-08-19T21:50:37.219+0000] {dagbag.py:538} INFO - Filling up the DagBag from /home/airflow/.local/lib/python3.8/site-packages/airflow/example_dags/example_branch_python_dop_operator_3.py
[2025-08-19T21:50:37.224+0000] {processor.py:840} INFO - DAG(s) 'example_branch_dop_operator_v3' retrieved from /home/airflow/.local/lib/python3.8/site-packages/airflow/example_dags/example_branch_python_dop_operator_3.py
[2025-08-19T21:50:37.294+0000] {logging_mixin.py:188} INFO - [2025-08-19T21:50:37.294+0000] {dag.py:3036} INFO - Sync 1 DAGs
[2025-08-19T21:50:37.308+0000] {logging_mixin.py:188} INFO - [2025-08-19T21:50:37.308+0000] {dag.py:3823} INFO - Setting next_dagrun for example_branch_dop_operator_v3 to 2025-08-19 21:49:00+00:00, run_after=2025-08-19 21:50:00+00:00
[2025-08-19T21:50:37.318+0000] {processor.py:183} INFO - Processing /home/airflow/.local/lib/python3.8/site-packages/airflow/example_dags/example_branch_python_dop_operator_3.py took 0.104 seconds
[2025-08-19T21:51:07.493+0000] {processor.py:161} INFO - Started process (PID=155) to work on /home/airflow/.local/lib/python3.8/site-packages/airflow/example_dags/example_branch_python_dop_operator_3.py
[2025-08-19T21:51:07.495+0000] {processor.py:830} INFO - Processing file /home/airflow/.local/lib/python3.8/site-packages/airflow/example_dags/example_branch_python_dop_operator_3.py for tasks to queue
[2025-08-19T21:51:07.496+0000] {logging_mixin.py:188} INFO - [2025-08-19T21:51:07.496+0000] {dagbag.py:538} INFO - Filling up the DagBag from /home/airflow/.local/lib/python3.8/site-packages/airflow/example_dags/example_branch_python_dop_operator_3.py
[2025-08-19T21:51:07.500+0000] {processor.py:840} INFO - DAG(s) 'example_branch_dop_operator_v3' retrieved from /home/airflow/.local/lib/python3.8/site-packages/airflow/example_dags/example_branch_python_dop_operator_3.py
[2025-08-19T21:51:07.512+0000] {logging_mixin.py:188} INFO - [2025-08-19T21:51:07.512+0000] {dag.py:3036} INFO - Sync 1 DAGs
[2025-08-19T21:51:07.526+0000] {logging_mixin.py:188} INFO - [2025-08-19T21:51:07.526+0000] {dag.py:3823} INFO - Setting next_dagrun for example_branch_dop_operator_v3 to 2025-08-19 21:50:00+00:00, run_after=2025-08-19 21:51:00+00:00
[2025-08-19T21:51:07.540+0000] {processor.py:183} INFO - Processing /home/airflow/.local/lib/python3.8/site-packages/airflow/example_dags/example_branch_python_dop_operator_3.py took 0.055 seconds
[2025-08-19T21:51:37.959+0000] {processor.py:161} INFO - Started process (PID=211) to work on /home/airflow/.local/lib/python3.8/site-packages/airflow/example_dags/example_branch_python_dop_operator_3.py
[2025-08-19T21:51:37.960+0000] {processor.py:830} INFO - Processing file /home/airflow/.local/lib/python3.8/site-packages/airflow/example_dags/example_branch_python_dop_operator_3.py for tasks to queue
[2025-08-19T21:51:37.962+0000] {logging_mixin.py:188} INFO - [2025-08-19T21:51:37.962+0000] {dagbag.py:538} INFO - Filling up the DagBag from /home/airflow/.local/lib/python3.8/site-packages/airflow/example_dags/example_branch_python_dop_operator_3.py
[2025-08-19T21:51:37.969+0000] {processor.py:840} INFO - DAG(s) 'example_branch_dop_operator_v3' retrieved from /home/airflow/.local/lib/python3.8/site-packages/airflow/example_dags/example_branch_python_dop_operator_3.py
[2025-08-19T21:51:37.979+0000] {logging_mixin.py:188} INFO - [2025-08-19T21:51:37.979+0000] {dag.py:3036} INFO - Sync 1 DAGs
[2025-08-19T21:51:37.996+0000] {logging_mixin.py:188} INFO - [2025-08-19T21:51:37.996+0000] {dag.py:3823} INFO - Setting next_dagrun for example_branch_dop_operator_v3 to 2025-08-19 21:50:00+00:00, run_after=2025-08-19 21:51:00+00:00
[2025-08-19T21:51:38.009+0000] {processor.py:183} INFO - Processing /home/airflow/.local/lib/python3.8/site-packages/airflow/example_dags/example_branch_python_dop_operator_3.py took 0.053 seconds
[2025-08-19T21:52:08.512+0000] {processor.py:161} INFO - Started process (PID=267) to work on /home/airflow/.local/lib/python3.8/site-packages/airflow/example_dags/example_branch_python_dop_operator_3.py
[2025-08-19T21:52:08.514+0000] {processor.py:830} INFO - Processing file /home/airflow/.local/lib/python3.8/site-packages/airflow/example_dags/example_branch_python_dop_operator_3.py for tasks to queue
[2025-08-19T21:52:08.515+0000] {logging_mixin.py:188} INFO - [2025-08-19T21:52:08.515+0000] {dagbag.py:538} INFO - Filling up the DagBag from /home/airflow/.local/lib/python3.8/site-packages/airflow/example_dags/example_branch_python_dop_operator_3.py
[2025-08-19T21:52:08.522+0000] {processor.py:840} INFO - DAG(s) 'example_branch_dop_operator_v3' retrieved from /home/airflow/.local/lib/python3.8/site-packages/airflow/example_dags/example_branch_python_dop_operator_3.py
[2025-08-19T21:52:08.534+0000] {logging_mixin.py:188} INFO - [2025-08-19T21:52:08.534+0000] {dag.py:3036} INFO - Sync 1 DAGs
[2025-08-19T21:52:08.548+0000] {logging_mixin.py:188} INFO - [2025-08-19T21:52:08.548+0000] {dag.py:3823} INFO - Setting next_dagrun for example_branch_dop_operator_v3 to 2025-08-19 21:51:00+00:00, run_after=2025-08-19 21:52:00+00:00
[2025-08-19T21:52:08.559+0000] {processor.py:183} INFO - Processing /home/airflow/.local/lib/python3.8/site-packages/airflow/example_dags/example_branch_python_dop_operator_3.py took 0.051 seconds
[2025-08-19T21:52:39.381+0000] {processor.py:161} INFO - Started process (PID=323) to work on /home/airflow/.local/lib/python3.8/site-packages/airflow/example_dags/example_branch_python_dop_operator_3.py
[2025-08-19T21:52:39.383+0000] {processor.py:830} INFO - Processing file /home/airflow/.local/lib/python3.8/site-packages/airflow/example_dags/example_branch_python_dop_operator_3.py for tasks to queue
[2025-08-19T21:52:39.385+0000] {logging_mixin.py:188} INFO - [2025-08-19T21:52:39.384+0000] {dagbag.py:538} INFO - Filling up the DagBag from /home/airflow/.local/lib/python3.8/site-packages/airflow/example_dags/example_branch_python_dop_operator_3.py
[2025-08-19T21:52:39.390+0000] {processor.py:840} INFO - DAG(s) 'example_branch_dop_operator_v3' retrieved from /home/airflow/.local/lib/python3.8/site-packages/airflow/example_dags/example_branch_python_dop_operator_3.py
[2025-08-19T21:52:39.408+0000] {logging_mixin.py:188} INFO - [2025-08-19T21:52:39.408+0000] {dag.py:3036} INFO - Sync 1 DAGs
[2025-08-19T21:52:39.422+0000] {logging_mixin.py:188} INFO - [2025-08-19T21:52:39.422+0000] {dag.py:3823} INFO - Setting next_dagrun for example_branch_dop_operator_v3 to 2025-08-19 21:51:00+00:00, run_after=2025-08-19 21:52:00+00:00
[2025-08-19T21:52:39.436+0000] {processor.py:183} INFO - Processing /home/airflow/.local/lib/python3.8/site-packages/airflow/example_dags/example_branch_python_dop_operator_3.py took 0.061 seconds
[2025-08-19T21:53:10.018+0000] {processor.py:161} INFO - Started process (PID=379) to work on /home/airflow/.local/lib/python3.8/site-packages/airflow/example_dags/example_branch_python_dop_operator_3.py
[2025-08-19T21:53:10.020+0000] {processor.py:830} INFO - Processing file /home/airflow/.local/lib/python3.8/site-packages/airflow/example_dags/example_branch_python_dop_operator_3.py for tasks to queue
[2025-08-19T21:53:10.021+0000] {logging_mixin.py:188} INFO - [2025-08-19T21:53:10.021+0000] {dagbag.py:538} INFO - Filling up the DagBag from /home/airflow/.local/lib/python3.8/site-packages/airflow/example_dags/example_branch_python_dop_operator_3.py
[2025-08-19T21:53:10.026+0000] {processor.py:840} INFO - DAG(s) 'example_branch_dop_operator_v3' retrieved from /home/airflow/.local/lib/python3.8/site-packages/airflow/example_dags/example_branch_python_dop_operator_3.py
[2025-08-19T21:53:10.038+0000] {logging_mixin.py:188} INFO - [2025-08-19T21:53:10.038+0000] {dag.py:3036} INFO - Sync 1 DAGs
[2025-08-19T21:53:10.050+0000] {logging_mixin.py:188} INFO - [2025-08-19T21:53:10.050+0000] {dag.py:3823} INFO - Setting next_dagrun for example_branch_dop_operator_v3 to 2025-08-19 21:52:00+00:00, run_after=2025-08-19 21:53:00+00:00
[2025-08-19T21:53:10.063+0000] {processor.py:183} INFO - Processing /home/airflow/.local/lib/python3.8/site-packages/airflow/example_dags/example_branch_python_dop_operator_3.py took 0.052 seconds
[2025-08-19T21:53:40.747+0000] {processor.py:161} INFO - Started process (PID=441) to work on /home/airflow/.local/lib/python3.8/site-packages/airflow/example_dags/example_branch_python_dop_operator_3.py
[2025-08-19T21:53:40.748+0000] {processor.py:830} INFO - Processing file /home/airflow/.local/lib/python3.8/site-packages/airflow/example_dags/example_branch_python_dop_operator_3.py for tasks to queue
[2025-08-19T21:53:40.749+0000] {logging_mixin.py:188} INFO - [2025-08-19T21:53:40.749+0000] {dagbag.py:538} INFO - Filling up the DagBag from /home/airflow/.local/lib/python3.8/site-packages/airflow/example_dags/example_branch_python_dop_operator_3.py
[2025-08-19T21:53:40.755+0000] {processor.py:840} INFO - DAG(s) 'example_branch_dop_operator_v3' retrieved from /home/airflow/.local/lib/python3.8/site-packages/airflow/example_dags/example_branch_python_dop_operator_3.py
[2025-08-19T21:53:40.768+0000] {logging_mixin.py:188} INFO - [2025-08-19T21:53:40.768+0000] {dag.py:3036} INFO - Sync 1 DAGs
[2025-08-19T21:53:40.794+0000] {logging_mixin.py:188} INFO - [2025-08-19T21:53:40.794+0000] {dag.py:3823} INFO - Setting next_dagrun for example_branch_dop_operator_v3 to 2025-08-19 21:52:00+00:00, run_after=2025-08-19 21:53:00+00:00
[2025-08-19T21:53:40.805+0000] {processor.py:183} INFO - Processing /home/airflow/.local/lib/python3.8/site-packages/airflow/example_dags/example_branch_python_dop_operator_3.py took 0.073 seconds
[2025-08-19T21:54:11.348+0000] {processor.py:161} INFO - Started process (PID=497) to work on /home/airflow/.local/lib/python3.8/site-packages/airflow/example_dags/example_branch_python_dop_operator_3.py
[2025-08-19T21:54:11.350+0000] {processor.py:830} INFO - Processing file /home/airflow/.local/lib/python3.8/site-packages/airflow/example_dags/example_branch_python_dop_operator_3.py for tasks to queue
[2025-08-19T21:54:11.355+0000] {logging_mixin.py:188} INFO - [2025-08-19T21:54:11.355+0000] {dagbag.py:538} INFO - Filling up the DagBag from /home/airflow/.local/lib/python3.8/site-packages/airflow/example_dags/example_branch_python_dop_operator_3.py
[2025-08-19T21:54:11.363+0000] {processor.py:840} INFO - DAG(s) 'example_branch_dop_operator_v3' retrieved from /home/airflow/.local/lib/python3.8/site-packages/airflow/example_dags/example_branch_python_dop_operator_3.py
[2025-08-19T21:54:11.377+0000] {logging_mixin.py:188} INFO - [2025-08-19T21:54:11.376+0000] {dag.py:3036} INFO - Sync 1 DAGs
[2025-08-19T21:54:11.391+0000] {logging_mixin.py:188} INFO - [2025-08-19T21:54:11.390+0000] {dag.py:3823} INFO - Setting next_dagrun for example_branch_dop_operator_v3 to 2025-08-19 21:53:00+00:00, run_after=2025-08-19 21:54:00+00:00
[2025-08-19T21:54:11.399+0000] {processor.py:183} INFO - Processing /home/airflow/.local/lib/python3.8/site-packages/airflow/example_dags/example_branch_python_dop_operator_3.py took 0.055 seconds
[2025-08-19T21:54:41.860+0000] {processor.py:161} INFO - Started process (PID=553) to work on /home/airflow/.local/lib/python3.8/site-packages/airflow/example_dags/example_branch_python_dop_operator_3.py
[2025-08-19T21:54:41.862+0000] {processor.py:830} INFO - Processing file /home/airflow/.local/lib/python3.8/site-packages/airflow/example_dags/example_branch_python_dop_operator_3.py for tasks to queue
[2025-08-19T21:54:41.864+0000] {logging_mixin.py:188} INFO - [2025-08-19T21:54:41.863+0000] {dagbag.py:538} INFO - Filling up the DagBag from /home/airflow/.local/lib/python3.8/site-packages/airflow/example_dags/example_branch_python_dop_operator_3.py
[2025-08-19T21:54:41.871+0000] {processor.py:840} INFO - DAG(s) 'example_branch_dop_operator_v3' retrieved from /home/airflow/.local/lib/python3.8/site-packages/airflow/example_dags/example_branch_python_dop_operator_3.py
[2025-08-19T21:54:41.887+0000] {logging_mixin.py:188} INFO - [2025-08-19T21:54:41.887+0000] {dag.py:3036} INFO - Sync 1 DAGs
[2025-08-19T21:54:41.901+0000] {logging_mixin.py:188} INFO - [2025-08-19T21:54:41.901+0000] {dag.py:3823} INFO - Setting next_dagrun for example_branch_dop_operator_v3 to 2025-08-19 21:53:00+00:00, run_after=2025-08-19 21:54:00+00:00
[2025-08-19T21:54:41.912+0000] {processor.py:183} INFO - Processing /home/airflow/.local/lib/python3.8/site-packages/airflow/example_dags/example_branch_python_dop_operator_3.py took 0.056 seconds
[2025-08-19T21:55:12.466+0000] {processor.py:161} INFO - Started process (PID=609) to work on /home/airflow/.local/lib/python3.8/site-packages/airflow/example_dags/example_branch_python_dop_operator_3.py
[2025-08-19T21:55:12.467+0000] {processor.py:830} INFO - Processing file /home/airflow/.local/lib/python3.8/site-packages/airflow/example_dags/example_branch_python_dop_operator_3.py for tasks to queue
[2025-08-19T21:55:12.469+0000] {logging_mixin.py:188} INFO - [2025-08-19T21:55:12.468+0000] {dagbag.py:538} INFO - Filling up the DagBag from /home/airflow/.local/lib/python3.8/site-packages/airflow/example_dags/example_branch_python_dop_operator_3.py
[2025-08-19T21:55:12.474+0000] {processor.py:840} INFO - DAG(s) 'example_branch_dop_operator_v3' retrieved from /home/airflow/.local/lib/python3.8/site-packages/airflow/example_dags/example_branch_python_dop_operator_3.py
[2025-08-19T21:55:12.490+0000] {logging_mixin.py:188} INFO - [2025-08-19T21:55:12.490+0000] {dag.py:3036} INFO - Sync 1 DAGs
[2025-08-19T21:55:12.504+0000] {logging_mixin.py:188} INFO - [2025-08-19T21:55:12.504+0000] {dag.py:3823} INFO - Setting next_dagrun for example_branch_dop_operator_v3 to 2025-08-19 21:54:00+00:00, run_after=2025-08-19 21:55:00+00:00
[2025-08-19T21:55:12.514+0000] {processor.py:183} INFO - Processing /home/airflow/.local/lib/python3.8/site-packages/airflow/example_dags/example_branch_python_dop_operator_3.py took 0.051 seconds
[2025-08-19T21:55:43.069+0000] {processor.py:161} INFO - Started process (PID=665) to work on /home/airflow/.local/lib/python3.8/site-packages/airflow/example_dags/example_branch_python_dop_operator_3.py
[2025-08-19T21:55:43.071+0000] {processor.py:830} INFO - Processing file /home/airflow/.local/lib/python3.8/site-packages/airflow/example_dags/example_branch_python_dop_operator_3.py for tasks to queue
[2025-08-19T21:55:43.072+0000] {logging_mixin.py:188} INFO - [2025-08-19T21:55:43.072+0000] {dagbag.py:538} INFO - Filling up the DagBag from /home/airflow/.local/lib/python3.8/site-packages/airflow/example_dags/example_branch_python_dop_operator_3.py
[2025-08-19T21:55:43.078+0000] {processor.py:840} INFO - DAG(s) 'example_branch_dop_operator_v3' retrieved from /home/airflow/.local/lib/python3.8/site-packages/airflow/example_dags/example_branch_python_dop_operator_3.py
[2025-08-19T21:55:43.099+0000] {logging_mixin.py:188} INFO - [2025-08-19T21:55:43.098+0000] {dag.py:3036} INFO - Sync 1 DAGs
[2025-08-19T21:55:43.113+0000] {logging_mixin.py:188} INFO - [2025-08-19T21:55:43.113+0000] {dag.py:3823} INFO - Setting next_dagrun for example_branch_dop_operator_v3 to 2025-08-19 21:54:00+00:00, run_after=2025-08-19 21:55:00+00:00
[2025-08-19T21:55:43.121+0000] {processor.py:183} INFO - Processing /home/airflow/.local/lib/python3.8/site-packages/airflow/example_dags/example_branch_python_dop_operator_3.py took 0.054 seconds
[2025-08-19T21:56:13.700+0000] {processor.py:161} INFO - Started process (PID=721) to work on /home/airflow/.local/lib/python3.8/site-packages/airflow/example_dags/example_branch_python_dop_operator_3.py
[2025-08-19T21:56:13.702+0000] {processor.py:830} INFO - Processing file /home/airflow/.local/lib/python3.8/site-packages/airflow/example_dags/example_branch_python_dop_operator_3.py for tasks to queue
[2025-08-19T21:56:13.703+0000] {logging_mixin.py:188} INFO - [2025-08-19T21:56:13.703+0000] {dagbag.py:538} INFO - Filling up the DagBag from /home/airflow/.local/lib/python3.8/site-packages/airflow/example_dags/example_branch_python_dop_operator_3.py
[2025-08-19T21:56:13.708+0000] {processor.py:840} INFO - DAG(s) 'example_branch_dop_operator_v3' retrieved from /home/airflow/.local/lib/python3.8/site-packages/airflow/example_dags/example_branch_python_dop_operator_3.py
[2025-08-19T21:56:13.719+0000] {logging_mixin.py:188} INFO - [2025-08-19T21:56:13.719+0000] {dag.py:3036} INFO - Sync 1 DAGs
[2025-08-19T21:56:13.740+0000] {logging_mixin.py:188} INFO - [2025-08-19T21:56:13.740+0000] {dag.py:3823} INFO - Setting next_dagrun for example_branch_dop_operator_v3 to 2025-08-19 21:55:00+00:00, run_after=2025-08-19 21:56:00+00:00
[2025-08-19T21:56:13.751+0000] {processor.py:183} INFO - Processing /home/airflow/.local/lib/python3.8/site-packages/airflow/example_dags/example_branch_python_dop_operator_3.py took 0.053 seconds
[2025-08-19T21:56:44.322+0000] {processor.py:161} INFO - Started process (PID=777) to work on /home/airflow/.local/lib/python3.8/site-packages/airflow/example_dags/example_branch_python_dop_operator_3.py
[2025-08-19T21:56:44.323+0000] {processor.py:830} INFO - Processing file /home/airflow/.local/lib/python3.8/site-packages/airflow/example_dags/example_branch_python_dop_operator_3.py for tasks to queue
[2025-08-19T21:56:44.325+0000] {logging_mixin.py:188} INFO - [2025-08-19T21:56:44.324+0000] {dagbag.py:538} INFO - Filling up the DagBag from /home/airflow/.local/lib/python3.8/site-packages/airflow/example_dags/example_branch_python_dop_operator_3.py
[2025-08-19T21:56:44.331+0000] {processor.py:840} INFO - DAG(s) 'example_branch_dop_operator_v3' retrieved from /home/airflow/.local/lib/python3.8/site-packages/airflow/example_dags/example_branch_python_dop_operator_3.py
[2025-08-19T21:56:44.343+0000] {logging_mixin.py:188} INFO - [2025-08-19T21:56:44.343+0000] {dag.py:3036} INFO - Sync 1 DAGs
[2025-08-19T21:56:44.356+0000] {logging_mixin.py:188} INFO - [2025-08-19T21:56:44.356+0000] {dag.py:3823} INFO - Setting next_dagrun for example_branch_dop_operator_v3 to 2025-08-19 21:55:00+00:00, run_after=2025-08-19 21:56:00+00:00
[2025-08-19T21:56:44.366+0000] {processor.py:183} INFO - Processing /home/airflow/.local/lib/python3.8/site-packages/airflow/example_dags/example_branch_python_dop_operator_3.py took 0.047 seconds
[2025-08-19T21:57:14.968+0000] {processor.py:161} INFO - Started process (PID=833) to work on /home/airflow/.local/lib/python3.8/site-packages/airflow/example_dags/example_branch_python_dop_operator_3.py
[2025-08-19T21:57:14.970+0000] {processor.py:830} INFO - Processing file /home/airflow/.local/lib/python3.8/site-packages/airflow/example_dags/example_branch_python_dop_operator_3.py for tasks to queue
[2025-08-19T21:57:14.972+0000] {logging_mixin.py:188} INFO - [2025-08-19T21:57:14.972+0000] {dagbag.py:538} INFO - Filling up the DagBag from /home/airflow/.local/lib/python3.8/site-packages/airflow/example_dags/example_branch_python_dop_operator_3.py
[2025-08-19T21:57:14.977+0000] {processor.py:840} INFO - DAG(s) 'example_branch_dop_operator_v3' retrieved from /home/airflow/.local/lib/python3.8/site-packages/airflow/example_dags/example_branch_python_dop_operator_3.py
[2025-08-19T21:57:14.991+0000] {logging_mixin.py:188} INFO - [2025-08-19T21:57:14.991+0000] {dag.py:3036} INFO - Sync 1 DAGs
[2025-08-19T21:57:15.013+0000] {logging_mixin.py:188} INFO - [2025-08-19T21:57:15.013+0000] {dag.py:3823} INFO - Setting next_dagrun for example_branch_dop_operator_v3 to 2025-08-19 21:56:00+00:00, run_after=2025-08-19 21:57:00+00:00
[2025-08-19T21:57:15.031+0000] {processor.py:183} INFO - Processing /home/airflow/.local/lib/python3.8/site-packages/airflow/example_dags/example_branch_python_dop_operator_3.py took 0.067 seconds
[2025-08-19T21:57:45.595+0000] {processor.py:161} INFO - Started process (PID=889) to work on /home/airflow/.local/lib/python3.8/site-packages/airflow/example_dags/example_branch_python_dop_operator_3.py
[2025-08-19T21:57:45.597+0000] {processor.py:830} INFO - Processing file /home/airflow/.local/lib/python3.8/site-packages/airflow/example_dags/example_branch_python_dop_operator_3.py for tasks to queue
[2025-08-19T21:57:45.599+0000] {logging_mixin.py:188} INFO - [2025-08-19T21:57:45.599+0000] {dagbag.py:538} INFO - Filling up the DagBag from /home/airflow/.local/lib/python3.8/site-packages/airflow/example_dags/example_branch_python_dop_operator_3.py
[2025-08-19T21:57:45.608+0000] {processor.py:840} INFO - DAG(s) 'example_branch_dop_operator_v3' retrieved from /home/airflow/.local/lib/python3.8/site-packages/airflow/example_dags/example_branch_python_dop_operator_3.py
[2025-08-19T21:57:45.621+0000] {logging_mixin.py:188} INFO - [2025-08-19T21:57:45.621+0000] {dag.py:3036} INFO - Sync 1 DAGs
[2025-08-19T21:57:45.633+0000] {logging_mixin.py:188} INFO - [2025-08-19T21:57:45.633+0000] {dag.py:3823} INFO - Setting next_dagrun for example_branch_dop_operator_v3 to 2025-08-19 21:56:00+00:00, run_after=2025-08-19 21:57:00+00:00
[2025-08-19T21:57:45.642+0000] {processor.py:183} INFO - Processing /home/airflow/.local/lib/python3.8/site-packages/airflow/example_dags/example_branch_python_dop_operator_3.py took 0.050 seconds
[2025-08-19T21:58:16.150+0000] {processor.py:161} INFO - Started process (PID=945) to work on /home/airflow/.local/lib/python3.8/site-packages/airflow/example_dags/example_branch_python_dop_operator_3.py
[2025-08-19T21:58:16.151+0000] {processor.py:830} INFO - Processing file /home/airflow/.local/lib/python3.8/site-packages/airflow/example_dags/example_branch_python_dop_operator_3.py for tasks to queue
[2025-08-19T21:58:16.151+0000] {logging_mixin.py:188} INFO - [2025-08-19T21:58:16.151+0000] {dagbag.py:538} INFO - Filling up the DagBag from /home/airflow/.local/lib/python3.8/site-packages/airflow/example_dags/example_branch_python_dop_operator_3.py
[2025-08-19T21:58:16.157+0000] {processor.py:840} INFO - DAG(s) 'example_branch_dop_operator_v3' retrieved from /home/airflow/.local/lib/python3.8/site-packages/airflow/example_dags/example_branch_python_dop_operator_3.py
[2025-08-19T21:58:16.174+0000] {logging_mixin.py:188} INFO - [2025-08-19T21:58:16.174+0000] {dag.py:3036} INFO - Sync 1 DAGs
[2025-08-19T21:58:16.192+0000] {logging_mixin.py:188} INFO - [2025-08-19T21:58:16.192+0000] {dag.py:3823} INFO - Setting next_dagrun for example_branch_dop_operator_v3 to 2025-08-19 21:57:00+00:00, run_after=2025-08-19 21:58:00+00:00
[2025-08-19T21:58:16.201+0000] {processor.py:183} INFO - Processing /home/airflow/.local/lib/python3.8/site-packages/airflow/example_dags/example_branch_python_dop_operator_3.py took 0.055 seconds
[2025-08-19T21:58:46.706+0000] {processor.py:161} INFO - Started process (PID=1001) to work on /home/airflow/.local/lib/python3.8/site-packages/airflow/example_dags/example_branch_python_dop_operator_3.py
[2025-08-19T21:58:46.707+0000] {processor.py:830} INFO - Processing file /home/airflow/.local/lib/python3.8/site-packages/airflow/example_dags/example_branch_python_dop_operator_3.py for tasks to queue
[2025-08-19T21:58:46.709+0000] {logging_mixin.py:188} INFO - [2025-08-19T21:58:46.708+0000] {dagbag.py:538} INFO - Filling up the DagBag from /home/airflow/.local/lib/python3.8/site-packages/airflow/example_dags/example_branch_python_dop_operator_3.py
[2025-08-19T21:58:46.716+0000] {processor.py:840} INFO - DAG(s) 'example_branch_dop_operator_v3' retrieved from /home/airflow/.local/lib/python3.8/site-packages/airflow/example_dags/example_branch_python_dop_operator_3.py
[2025-08-19T21:58:46.725+0000] {logging_mixin.py:188} INFO - [2025-08-19T21:58:46.725+0000] {dag.py:3036} INFO - Sync 1 DAGs
[2025-08-19T21:58:46.737+0000] {logging_mixin.py:188} INFO - [2025-08-19T21:58:46.737+0000] {dag.py:3823} INFO - Setting next_dagrun for example_branch_dop_operator_v3 to 2025-08-19 21:57:00+00:00, run_after=2025-08-19 21:58:00+00:00
[2025-08-19T21:58:46.746+0000] {processor.py:183} INFO - Processing /home/airflow/.local/lib/python3.8/site-packages/airflow/example_dags/example_branch_python_dop_operator_3.py took 0.043 seconds
[2025-08-19T21:59:17.253+0000] {processor.py:161} INFO - Started process (PID=1057) to work on /home/airflow/.local/lib/python3.8/site-packages/airflow/example_dags/example_branch_python_dop_operator_3.py
[2025-08-19T21:59:17.256+0000] {processor.py:830} INFO - Processing file /home/airflow/.local/lib/python3.8/site-packages/airflow/example_dags/example_branch_python_dop_operator_3.py for tasks to queue
[2025-08-19T21:59:17.257+0000] {logging_mixin.py:188} INFO - [2025-08-19T21:59:17.257+0000] {dagbag.py:538} INFO - Filling up the DagBag from /home/airflow/.local/lib/python3.8/site-packages/airflow/example_dags/example_branch_python_dop_operator_3.py
[2025-08-19T21:59:17.262+0000] {processor.py:840} INFO - DAG(s) 'example_branch_dop_operator_v3' retrieved from /home/airflow/.local/lib/python3.8/site-packages/airflow/example_dags/example_branch_python_dop_operator_3.py
[2025-08-19T21:59:17.273+0000] {logging_mixin.py:188} INFO - [2025-08-19T21:59:17.273+0000] {dag.py:3036} INFO - Sync 1 DAGs
[2025-08-19T21:59:17.284+0000] {logging_mixin.py:188} INFO - [2025-08-19T21:59:17.284+0000] {dag.py:3823} INFO - Setting next_dagrun for example_branch_dop_operator_v3 to 2025-08-19 21:58:00+00:00, run_after=2025-08-19 21:59:00+00:00
[2025-08-19T21:59:17.295+0000] {processor.py:183} INFO - Processing /home/airflow/.local/lib/python3.8/site-packages/airflow/example_dags/example_branch_python_dop_operator_3.py took 0.044 seconds
[2025-08-19T21:59:47.791+0000] {processor.py:161} INFO - Started process (PID=1113) to work on /home/airflow/.local/lib/python3.8/site-packages/airflow/example_dags/example_branch_python_dop_operator_3.py
[2025-08-19T21:59:47.792+0000] {processor.py:830} INFO - Processing file /home/airflow/.local/lib/python3.8/site-packages/airflow/example_dags/example_branch_python_dop_operator_3.py for tasks to queue
[2025-08-19T21:59:47.793+0000] {logging_mixin.py:188} INFO - [2025-08-19T21:59:47.793+0000] {dagbag.py:538} INFO - Filling up the DagBag from /home/airflow/.local/lib/python3.8/site-packages/airflow/example_dags/example_branch_python_dop_operator_3.py
[2025-08-19T21:59:47.798+0000] {processor.py:840} INFO - DAG(s) 'example_branch_dop_operator_v3' retrieved from /home/airflow/.local/lib/python3.8/site-packages/airflow/example_dags/example_branch_python_dop_operator_3.py
[2025-08-19T21:59:47.810+0000] {logging_mixin.py:188} INFO - [2025-08-19T21:59:47.810+0000] {dag.py:3036} INFO - Sync 1 DAGs
[2025-08-19T21:59:47.825+0000] {logging_mixin.py:188} INFO - [2025-08-19T21:59:47.825+0000] {dag.py:3823} INFO - Setting next_dagrun for example_branch_dop_operator_v3 to 2025-08-19 21:58:00+00:00, run_after=2025-08-19 21:59:00+00:00
[2025-08-19T21:59:47.837+0000] {processor.py:183} INFO - Processing /home/airflow/.local/lib/python3.8/site-packages/airflow/example_dags/example_branch_python_dop_operator_3.py took 0.048 seconds
[2025-08-19T22:00:18.318+0000] {processor.py:161} INFO - Started process (PID=1169) to work on /home/airflow/.local/lib/python3.8/site-packages/airflow/example_dags/example_branch_python_dop_operator_3.py
[2025-08-19T22:00:18.319+0000] {processor.py:830} INFO - Processing file /home/airflow/.local/lib/python3.8/site-packages/airflow/example_dags/example_branch_python_dop_operator_3.py for tasks to queue
[2025-08-19T22:00:18.321+0000] {logging_mixin.py:188} INFO - [2025-08-19T22:00:18.321+0000] {dagbag.py:538} INFO - Filling up the DagBag from /home/airflow/.local/lib/python3.8/site-packages/airflow/example_dags/example_branch_python_dop_operator_3.py
[2025-08-19T22:00:18.327+0000] {processor.py:840} INFO - DAG(s) 'example_branch_dop_operator_v3' retrieved from /home/airflow/.local/lib/python3.8/site-packages/airflow/example_dags/example_branch_python_dop_operator_3.py
[2025-08-19T22:00:18.340+0000] {logging_mixin.py:188} INFO - [2025-08-19T22:00:18.339+0000] {dag.py:3036} INFO - Sync 1 DAGs
[2025-08-19T22:00:18.355+0000] {logging_mixin.py:188} INFO - [2025-08-19T22:00:18.355+0000] {dag.py:3823} INFO - Setting next_dagrun for example_branch_dop_operator_v3 to 2025-08-19 21:59:00+00:00, run_after=2025-08-19 22:00:00+00:00
[2025-08-19T22:00:18.366+0000] {processor.py:183} INFO - Processing /home/airflow/.local/lib/python3.8/site-packages/airflow/example_dags/example_branch_python_dop_operator_3.py took 0.050 seconds
[2025-08-19T22:00:48.840+0000] {processor.py:161} INFO - Started process (PID=1225) to work on /home/airflow/.local/lib/python3.8/site-packages/airflow/example_dags/example_branch_python_dop_operator_3.py
[2025-08-19T22:00:48.841+0000] {processor.py:830} INFO - Processing file /home/airflow/.local/lib/python3.8/site-packages/airflow/example_dags/example_branch_python_dop_operator_3.py for tasks to queue
[2025-08-19T22:00:48.843+0000] {logging_mixin.py:188} INFO - [2025-08-19T22:00:48.842+0000] {dagbag.py:538} INFO - Filling up the DagBag from /home/airflow/.local/lib/python3.8/site-packages/airflow/example_dags/example_branch_python_dop_operator_3.py
[2025-08-19T22:00:48.850+0000] {processor.py:840} INFO - DAG(s) 'example_branch_dop_operator_v3' retrieved from /home/airflow/.local/lib/python3.8/site-packages/airflow/example_dags/example_branch_python_dop_operator_3.py
[2025-08-19T22:00:48.863+0000] {logging_mixin.py:188} INFO - [2025-08-19T22:00:48.863+0000] {dag.py:3036} INFO - Sync 1 DAGs
[2025-08-19T22:00:48.876+0000] {logging_mixin.py:188} INFO - [2025-08-19T22:00:48.876+0000] {dag.py:3823} INFO - Setting next_dagrun for example_branch_dop_operator_v3 to 2025-08-19 21:59:00+00:00, run_after=2025-08-19 22:00:00+00:00
[2025-08-19T22:00:48.887+0000] {processor.py:183} INFO - Processing /home/airflow/.local/lib/python3.8/site-packages/airflow/example_dags/example_branch_python_dop_operator_3.py took 0.053 seconds
[2025-08-19T22:01:19.548+0000] {processor.py:161} INFO - Started process (PID=1281) to work on /home/airflow/.local/lib/python3.8/site-packages/airflow/example_dags/example_branch_python_dop_operator_3.py
[2025-08-19T22:01:19.549+0000] {processor.py:830} INFO - Processing file /home/airflow/.local/lib/python3.8/site-packages/airflow/example_dags/example_branch_python_dop_operator_3.py for tasks to queue
[2025-08-19T22:01:19.550+0000] {logging_mixin.py:188} INFO - [2025-08-19T22:01:19.550+0000] {dagbag.py:538} INFO - Filling up the DagBag from /home/airflow/.local/lib/python3.8/site-packages/airflow/example_dags/example_branch_python_dop_operator_3.py
[2025-08-19T22:01:19.557+0000] {processor.py:840} INFO - DAG(s) 'example_branch_dop_operator_v3' retrieved from /home/airflow/.local/lib/python3.8/site-packages/airflow/example_dags/example_branch_python_dop_operator_3.py
[2025-08-19T22:01:19.571+0000] {logging_mixin.py:188} INFO - [2025-08-19T22:01:19.571+0000] {dag.py:3036} INFO - Sync 1 DAGs
[2025-08-19T22:01:19.589+0000] {logging_mixin.py:188} INFO - [2025-08-19T22:01:19.589+0000] {dag.py:3823} INFO - Setting next_dagrun for example_branch_dop_operator_v3 to 2025-08-19 22:00:00+00:00, run_after=2025-08-19 22:01:00+00:00
[2025-08-19T22:01:19.600+0000] {processor.py:183} INFO - Processing /home/airflow/.local/lib/python3.8/site-packages/airflow/example_dags/example_branch_python_dop_operator_3.py took 0.056 seconds
[2025-08-19T22:01:49.734+0000] {processor.py:161} INFO - Started process (PID=1337) to work on /home/airflow/.local/lib/python3.8/site-packages/airflow/example_dags/example_branch_python_dop_operator_3.py
[2025-08-19T22:01:49.735+0000] {processor.py:830} INFO - Processing file /home/airflow/.local/lib/python3.8/site-packages/airflow/example_dags/example_branch_python_dop_operator_3.py for tasks to queue
[2025-08-19T22:01:49.737+0000] {logging_mixin.py:188} INFO - [2025-08-19T22:01:49.737+0000] {dagbag.py:538} INFO - Filling up the DagBag from /home/airflow/.local/lib/python3.8/site-packages/airflow/example_dags/example_branch_python_dop_operator_3.py
[2025-08-19T22:01:49.743+0000] {processor.py:840} INFO - DAG(s) 'example_branch_dop_operator_v3' retrieved from /home/airflow/.local/lib/python3.8/site-packages/airflow/example_dags/example_branch_python_dop_operator_3.py
[2025-08-19T22:01:49.754+0000] {logging_mixin.py:188} INFO - [2025-08-19T22:01:49.754+0000] {dag.py:3036} INFO - Sync 1 DAGs
[2025-08-19T22:01:49.767+0000] {logging_mixin.py:188} INFO - [2025-08-19T22:01:49.767+0000] {dag.py:3823} INFO - Setting next_dagrun for example_branch_dop_operator_v3 to 2025-08-19 22:00:00+00:00, run_after=2025-08-19 22:01:00+00:00
[2025-08-19T22:01:49.775+0000] {processor.py:183} INFO - Processing /home/airflow/.local/lib/python3.8/site-packages/airflow/example_dags/example_branch_python_dop_operator_3.py took 0.043 seconds
[2025-08-19T22:02:20.633+0000] {processor.py:161} INFO - Started process (PID=1393) to work on /home/airflow/.local/lib/python3.8/site-packages/airflow/example_dags/example_branch_python_dop_operator_3.py
[2025-08-19T22:02:20.636+0000] {processor.py:830} INFO - Processing file /home/airflow/.local/lib/python3.8/site-packages/airflow/example_dags/example_branch_python_dop_operator_3.py for tasks to queue
[2025-08-19T22:02:20.638+0000] {logging_mixin.py:188} INFO - [2025-08-19T22:02:20.638+0000] {dagbag.py:538} INFO - Filling up the DagBag from /home/airflow/.local/lib/python3.8/site-packages/airflow/example_dags/example_branch_python_dop_operator_3.py
[2025-08-19T22:02:20.645+0000] {processor.py:840} INFO - DAG(s) 'example_branch_dop_operator_v3' retrieved from /home/airflow/.local/lib/python3.8/site-packages/airflow/example_dags/example_branch_python_dop_operator_3.py
[2025-08-19T22:02:20.663+0000] {logging_mixin.py:188} INFO - [2025-08-19T22:02:20.663+0000] {dag.py:3036} INFO - Sync 1 DAGs
[2025-08-19T22:02:20.681+0000] {logging_mixin.py:188} INFO - [2025-08-19T22:02:20.681+0000] {dag.py:3823} INFO - Setting next_dagrun for example_branch_dop_operator_v3 to 2025-08-19 22:01:00+00:00, run_after=2025-08-19 22:02:00+00:00
[2025-08-19T22:02:20.695+0000] {processor.py:183} INFO - Processing /home/airflow/.local/lib/python3.8/site-packages/airflow/example_dags/example_branch_python_dop_operator_3.py took 0.065 seconds
[2025-08-19T22:02:51.589+0000] {processor.py:161} INFO - Started process (PID=1449) to work on /home/airflow/.local/lib/python3.8/site-packages/airflow/example_dags/example_branch_python_dop_operator_3.py
[2025-08-19T22:02:51.590+0000] {processor.py:830} INFO - Processing file /home/airflow/.local/lib/python3.8/site-packages/airflow/example_dags/example_branch_python_dop_operator_3.py for tasks to queue
[2025-08-19T22:02:51.591+0000] {logging_mixin.py:188} INFO - [2025-08-19T22:02:51.591+0000] {dagbag.py:538} INFO - Filling up the DagBag from /home/airflow/.local/lib/python3.8/site-packages/airflow/example_dags/example_branch_python_dop_operator_3.py
[2025-08-19T22:02:51.596+0000] {processor.py:840} INFO - DAG(s) 'example_branch_dop_operator_v3' retrieved from /home/airflow/.local/lib/python3.8/site-packages/airflow/example_dags/example_branch_python_dop_operator_3.py
[2025-08-19T22:02:51.608+0000] {logging_mixin.py:188} INFO - [2025-08-19T22:02:51.608+0000] {dag.py:3036} INFO - Sync 1 DAGs
[2025-08-19T22:02:51.627+0000] {logging_mixin.py:188} INFO - [2025-08-19T22:02:51.626+0000] {dag.py:3823} INFO - Setting next_dagrun for example_branch_dop_operator_v3 to 2025-08-19 22:01:00+00:00, run_after=2025-08-19 22:02:00+00:00
[2025-08-19T22:02:51.643+0000] {processor.py:183} INFO - Processing /home/airflow/.local/lib/python3.8/site-packages/airflow/example_dags/example_branch_python_dop_operator_3.py took 0.058 seconds
[2025-08-19T22:03:22.509+0000] {processor.py:161} INFO - Started process (PID=1505) to work on /home/airflow/.local/lib/python3.8/site-packages/airflow/example_dags/example_branch_python_dop_operator_3.py
[2025-08-19T22:03:22.510+0000] {processor.py:830} INFO - Processing file /home/airflow/.local/lib/python3.8/site-packages/airflow/example_dags/example_branch_python_dop_operator_3.py for tasks to queue
[2025-08-19T22:03:22.511+0000] {logging_mixin.py:188} INFO - [2025-08-19T22:03:22.511+0000] {dagbag.py:538} INFO - Filling up the DagBag from /home/airflow/.local/lib/python3.8/site-packages/airflow/example_dags/example_branch_python_dop_operator_3.py
[2025-08-19T22:03:22.516+0000] {processor.py:840} INFO - DAG(s) 'example_branch_dop_operator_v3' retrieved from /home/airflow/.local/lib/python3.8/site-packages/airflow/example_dags/example_branch_python_dop_operator_3.py
[2025-08-19T22:03:22.530+0000] {logging_mixin.py:188} INFO - [2025-08-19T22:03:22.530+0000] {dag.py:3036} INFO - Sync 1 DAGs
[2025-08-19T22:03:22.549+0000] {logging_mixin.py:188} INFO - [2025-08-19T22:03:22.549+0000] {dag.py:3823} INFO - Setting next_dagrun for example_branch_dop_operator_v3 to 2025-08-19 22:02:00+00:00, run_after=2025-08-19 22:03:00+00:00
[2025-08-19T22:03:22.584+0000] {processor.py:183} INFO - Processing /home/airflow/.local/lib/python3.8/site-packages/airflow/example_dags/example_branch_python_dop_operator_3.py took 0.080 seconds
[2025-08-19T22:03:53.310+0000] {processor.py:161} INFO - Started process (PID=1561) to work on /home/airflow/.local/lib/python3.8/site-packages/airflow/example_dags/example_branch_python_dop_operator_3.py
[2025-08-19T22:03:53.311+0000] {processor.py:830} INFO - Processing file /home/airflow/.local/lib/python3.8/site-packages/airflow/example_dags/example_branch_python_dop_operator_3.py for tasks to queue
[2025-08-19T22:03:53.312+0000] {logging_mixin.py:188} INFO - [2025-08-19T22:03:53.312+0000] {dagbag.py:538} INFO - Filling up the DagBag from /home/airflow/.local/lib/python3.8/site-packages/airflow/example_dags/example_branch_python_dop_operator_3.py
[2025-08-19T22:03:53.319+0000] {processor.py:840} INFO - DAG(s) 'example_branch_dop_operator_v3' retrieved from /home/airflow/.local/lib/python3.8/site-packages/airflow/example_dags/example_branch_python_dop_operator_3.py
[2025-08-19T22:03:53.334+0000] {logging_mixin.py:188} INFO - [2025-08-19T22:03:53.333+0000] {dag.py:3036} INFO - Sync 1 DAGs
[2025-08-19T22:03:53.349+0000] {logging_mixin.py:188} INFO - [2025-08-19T22:03:53.349+0000] {dag.py:3823} INFO - Setting next_dagrun for example_branch_dop_operator_v3 to 2025-08-19 22:02:00+00:00, run_after=2025-08-19 22:03:00+00:00
[2025-08-19T22:03:53.358+0000] {processor.py:183} INFO - Processing /home/airflow/.local/lib/python3.8/site-packages/airflow/example_dags/example_branch_python_dop_operator_3.py took 0.050 seconds
[2025-08-19T22:04:24.014+0000] {processor.py:161} INFO - Started process (PID=1617) to work on /home/airflow/.local/lib/python3.8/site-packages/airflow/example_dags/example_branch_python_dop_operator_3.py
[2025-08-19T22:04:24.016+0000] {processor.py:830} INFO - Processing file /home/airflow/.local/lib/python3.8/site-packages/airflow/example_dags/example_branch_python_dop_operator_3.py for tasks to queue
[2025-08-19T22:04:24.017+0000] {logging_mixin.py:188} INFO - [2025-08-19T22:04:24.016+0000] {dagbag.py:538} INFO - Filling up the DagBag from /home/airflow/.local/lib/python3.8/site-packages/airflow/example_dags/example_branch_python_dop_operator_3.py
[2025-08-19T22:04:24.021+0000] {processor.py:840} INFO - DAG(s) 'example_branch_dop_operator_v3' retrieved from /home/airflow/.local/lib/python3.8/site-packages/airflow/example_dags/example_branch_python_dop_operator_3.py
[2025-08-19T22:04:24.030+0000] {logging_mixin.py:188} INFO - [2025-08-19T22:04:24.030+0000] {dag.py:3036} INFO - Sync 1 DAGs
[2025-08-19T22:04:24.040+0000] {logging_mixin.py:188} INFO - [2025-08-19T22:04:24.040+0000] {dag.py:3823} INFO - Setting next_dagrun for example_branch_dop_operator_v3 to 2025-08-19 22:03:00+00:00, run_after=2025-08-19 22:04:00+00:00
[2025-08-19T22:04:24.047+0000] {processor.py:183} INFO - Processing /home/airflow/.local/lib/python3.8/site-packages/airflow/example_dags/example_branch_python_dop_operator_3.py took 0.034 seconds
[2025-08-19T22:04:54.415+0000] {processor.py:161} INFO - Started process (PID=1673) to work on /home/airflow/.local/lib/python3.8/site-packages/airflow/example_dags/example_branch_python_dop_operator_3.py
[2025-08-19T22:04:54.419+0000] {processor.py:830} INFO - Processing file /home/airflow/.local/lib/python3.8/site-packages/airflow/example_dags/example_branch_python_dop_operator_3.py for tasks to queue
[2025-08-19T22:04:54.421+0000] {logging_mixin.py:188} INFO - [2025-08-19T22:04:54.420+0000] {dagbag.py:538} INFO - Filling up the DagBag from /home/airflow/.local/lib/python3.8/site-packages/airflow/example_dags/example_branch_python_dop_operator_3.py
[2025-08-19T22:04:54.425+0000] {processor.py:840} INFO - DAG(s) 'example_branch_dop_operator_v3' retrieved from /home/airflow/.local/lib/python3.8/site-packages/airflow/example_dags/example_branch_python_dop_operator_3.py
[2025-08-19T22:04:54.436+0000] {logging_mixin.py:188} INFO - [2025-08-19T22:04:54.435+0000] {dag.py:3036} INFO - Sync 1 DAGs
[2025-08-19T22:04:54.449+0000] {logging_mixin.py:188} INFO - [2025-08-19T22:04:54.448+0000] {dag.py:3823} INFO - Setting next_dagrun for example_branch_dop_operator_v3 to 2025-08-19 22:03:00+00:00, run_after=2025-08-19 22:04:00+00:00
[2025-08-19T22:04:54.459+0000] {processor.py:183} INFO - Processing /home/airflow/.local/lib/python3.8/site-packages/airflow/example_dags/example_branch_python_dop_operator_3.py took 0.046 seconds
[2025-08-19T22:05:24.922+0000] {processor.py:161} INFO - Started process (PID=1729) to work on /home/airflow/.local/lib/python3.8/site-packages/airflow/example_dags/example_branch_python_dop_operator_3.py
[2025-08-19T22:05:24.923+0000] {processor.py:830} INFO - Processing file /home/airflow/.local/lib/python3.8/site-packages/airflow/example_dags/example_branch_python_dop_operator_3.py for tasks to queue
[2025-08-19T22:05:24.924+0000] {logging_mixin.py:188} INFO - [2025-08-19T22:05:24.924+0000] {dagbag.py:538} INFO - Filling up the DagBag from /home/airflow/.local/lib/python3.8/site-packages/airflow/example_dags/example_branch_python_dop_operator_3.py
[2025-08-19T22:05:24.930+0000] {processor.py:840} INFO - DAG(s) 'example_branch_dop_operator_v3' retrieved from /home/airflow/.local/lib/python3.8/site-packages/airflow/example_dags/example_branch_python_dop_operator_3.py
[2025-08-19T22:05:24.941+0000] {logging_mixin.py:188} INFO - [2025-08-19T22:05:24.941+0000] {dag.py:3036} INFO - Sync 1 DAGs
[2025-08-19T22:05:24.953+0000] {logging_mixin.py:188} INFO - [2025-08-19T22:05:24.952+0000] {dag.py:3823} INFO - Setting next_dagrun for example_branch_dop_operator_v3 to 2025-08-19 22:04:00+00:00, run_after=2025-08-19 22:05:00+00:00
[2025-08-19T22:05:24.964+0000] {processor.py:183} INFO - Processing /home/airflow/.local/lib/python3.8/site-packages/airflow/example_dags/example_branch_python_dop_operator_3.py took 0.047 seconds
[2025-08-19T22:05:55.017+0000] {processor.py:161} INFO - Started process (PID=1785) to work on /home/airflow/.local/lib/python3.8/site-packages/airflow/example_dags/example_branch_python_dop_operator_3.py
[2025-08-19T22:05:55.020+0000] {processor.py:830} INFO - Processing file /home/airflow/.local/lib/python3.8/site-packages/airflow/example_dags/example_branch_python_dop_operator_3.py for tasks to queue
[2025-08-19T22:05:55.021+0000] {logging_mixin.py:188} INFO - [2025-08-19T22:05:55.021+0000] {dagbag.py:538} INFO - Filling up the DagBag from /home/airflow/.local/lib/python3.8/site-packages/airflow/example_dags/example_branch_python_dop_operator_3.py
[2025-08-19T22:05:55.027+0000] {processor.py:840} INFO - DAG(s) 'example_branch_dop_operator_v3' retrieved from /home/airflow/.local/lib/python3.8/site-packages/airflow/example_dags/example_branch_python_dop_operator_3.py
[2025-08-19T22:05:55.037+0000] {logging_mixin.py:188} INFO - [2025-08-19T22:05:55.037+0000] {dag.py:3036} INFO - Sync 1 DAGs
[2025-08-19T22:05:55.047+0000] {logging_mixin.py:188} INFO - [2025-08-19T22:05:55.047+0000] {dag.py:3823} INFO - Setting next_dagrun for example_branch_dop_operator_v3 to 2025-08-19 22:04:00+00:00, run_after=2025-08-19 22:05:00+00:00
[2025-08-19T22:05:55.057+0000] {processor.py:183} INFO - Processing /home/airflow/.local/lib/python3.8/site-packages/airflow/example_dags/example_branch_python_dop_operator_3.py took 0.042 seconds
[2025-08-19T22:06:25.457+0000] {processor.py:161} INFO - Started process (PID=1841) to work on /home/airflow/.local/lib/python3.8/site-packages/airflow/example_dags/example_branch_python_dop_operator_3.py
[2025-08-19T22:06:25.459+0000] {processor.py:830} INFO - Processing file /home/airflow/.local/lib/python3.8/site-packages/airflow/example_dags/example_branch_python_dop_operator_3.py for tasks to queue
[2025-08-19T22:06:25.460+0000] {logging_mixin.py:188} INFO - [2025-08-19T22:06:25.460+0000] {dagbag.py:538} INFO - Filling up the DagBag from /home/airflow/.local/lib/python3.8/site-packages/airflow/example_dags/example_branch_python_dop_operator_3.py
[2025-08-19T22:06:25.464+0000] {processor.py:840} INFO - DAG(s) 'example_branch_dop_operator_v3' retrieved from /home/airflow/.local/lib/python3.8/site-packages/airflow/example_dags/example_branch_python_dop_operator_3.py
[2025-08-19T22:06:25.474+0000] {logging_mixin.py:188} INFO - [2025-08-19T22:06:25.474+0000] {dag.py:3036} INFO - Sync 1 DAGs
[2025-08-19T22:06:25.484+0000] {logging_mixin.py:188} INFO - [2025-08-19T22:06:25.484+0000] {dag.py:3823} INFO - Setting next_dagrun for example_branch_dop_operator_v3 to 2025-08-19 22:05:00+00:00, run_after=2025-08-19 22:06:00+00:00
[2025-08-19T22:06:25.496+0000] {processor.py:183} INFO - Processing /home/airflow/.local/lib/python3.8/site-packages/airflow/example_dags/example_branch_python_dop_operator_3.py took 0.041 seconds
[2025-08-19T22:06:55.953+0000] {processor.py:161} INFO - Started process (PID=1897) to work on /home/airflow/.local/lib/python3.8/site-packages/airflow/example_dags/example_branch_python_dop_operator_3.py
[2025-08-19T22:06:55.955+0000] {processor.py:830} INFO - Processing file /home/airflow/.local/lib/python3.8/site-packages/airflow/example_dags/example_branch_python_dop_operator_3.py for tasks to queue
[2025-08-19T22:06:55.957+0000] {logging_mixin.py:188} INFO - [2025-08-19T22:06:55.956+0000] {dagbag.py:538} INFO - Filling up the DagBag from /home/airflow/.local/lib/python3.8/site-packages/airflow/example_dags/example_branch_python_dop_operator_3.py
[2025-08-19T22:06:55.961+0000] {processor.py:840} INFO - DAG(s) 'example_branch_dop_operator_v3' retrieved from /home/airflow/.local/lib/python3.8/site-packages/airflow/example_dags/example_branch_python_dop_operator_3.py
[2025-08-19T22:06:55.974+0000] {logging_mixin.py:188} INFO - [2025-08-19T22:06:55.974+0000] {dag.py:3036} INFO - Sync 1 DAGs
[2025-08-19T22:06:55.986+0000] {logging_mixin.py:188} INFO - [2025-08-19T22:06:55.985+0000] {dag.py:3823} INFO - Setting next_dagrun for example_branch_dop_operator_v3 to 2025-08-19 22:05:00+00:00, run_after=2025-08-19 22:06:00+00:00
[2025-08-19T22:06:55.998+0000] {processor.py:183} INFO - Processing /home/airflow/.local/lib/python3.8/site-packages/airflow/example_dags/example_branch_python_dop_operator_3.py took 0.054 seconds
[2025-08-19T22:07:26.059+0000] {processor.py:161} INFO - Started process (PID=1953) to work on /home/airflow/.local/lib/python3.8/site-packages/airflow/example_dags/example_branch_python_dop_operator_3.py
[2025-08-19T22:07:26.061+0000] {processor.py:830} INFO - Processing file /home/airflow/.local/lib/python3.8/site-packages/airflow/example_dags/example_branch_python_dop_operator_3.py for tasks to queue
[2025-08-19T22:07:26.064+0000] {logging_mixin.py:188} INFO - [2025-08-19T22:07:26.064+0000] {dagbag.py:538} INFO - Filling up the DagBag from /home/airflow/.local/lib/python3.8/site-packages/airflow/example_dags/example_branch_python_dop_operator_3.py
[2025-08-19T22:07:26.074+0000] {processor.py:840} INFO - DAG(s) 'example_branch_dop_operator_v3' retrieved from /home/airflow/.local/lib/python3.8/site-packages/airflow/example_dags/example_branch_python_dop_operator_3.py
[2025-08-19T22:07:26.095+0000] {logging_mixin.py:188} INFO - [2025-08-19T22:07:26.094+0000] {dag.py:3036} INFO - Sync 1 DAGs
[2025-08-19T22:07:26.109+0000] {logging_mixin.py:188} INFO - [2025-08-19T22:07:26.109+0000] {dag.py:3823} INFO - Setting next_dagrun for example_branch_dop_operator_v3 to 2025-08-19 22:06:00+00:00, run_after=2025-08-19 22:07:00+00:00
[2025-08-19T22:07:26.120+0000] {processor.py:183} INFO - Processing /home/airflow/.local/lib/python3.8/site-packages/airflow/example_dags/example_branch_python_dop_operator_3.py took 0.068 seconds
[2025-08-19T22:07:56.697+0000] {processor.py:161} INFO - Started process (PID=2009) to work on /home/airflow/.local/lib/python3.8/site-packages/airflow/example_dags/example_branch_python_dop_operator_3.py
[2025-08-19T22:07:56.699+0000] {processor.py:830} INFO - Processing file /home/airflow/.local/lib/python3.8/site-packages/airflow/example_dags/example_branch_python_dop_operator_3.py for tasks to queue
[2025-08-19T22:07:56.700+0000] {logging_mixin.py:188} INFO - [2025-08-19T22:07:56.700+0000] {dagbag.py:538} INFO - Filling up the DagBag from /home/airflow/.local/lib/python3.8/site-packages/airflow/example_dags/example_branch_python_dop_operator_3.py
[2025-08-19T22:07:56.709+0000] {processor.py:840} INFO - DAG(s) 'example_branch_dop_operator_v3' retrieved from /home/airflow/.local/lib/python3.8/site-packages/airflow/example_dags/example_branch_python_dop_operator_3.py
[2025-08-19T22:07:56.727+0000] {logging_mixin.py:188} INFO - [2025-08-19T22:07:56.726+0000] {dag.py:3036} INFO - Sync 1 DAGs
[2025-08-19T22:07:56.744+0000] {logging_mixin.py:188} INFO - [2025-08-19T22:07:56.744+0000] {dag.py:3823} INFO - Setting next_dagrun for example_branch_dop_operator_v3 to 2025-08-19 22:06:00+00:00, run_after=2025-08-19 22:07:00+00:00
[2025-08-19T22:07:56.757+0000] {processor.py:183} INFO - Processing /home/airflow/.local/lib/python3.8/site-packages/airflow/example_dags/example_branch_python_dop_operator_3.py took 0.064 seconds
[2025-08-19T22:08:27.552+0000] {processor.py:161} INFO - Started process (PID=2065) to work on /home/airflow/.local/lib/python3.8/site-packages/airflow/example_dags/example_branch_python_dop_operator_3.py
[2025-08-19T22:08:27.555+0000] {processor.py:830} INFO - Processing file /home/airflow/.local/lib/python3.8/site-packages/airflow/example_dags/example_branch_python_dop_operator_3.py for tasks to queue
[2025-08-19T22:08:27.557+0000] {logging_mixin.py:188} INFO - [2025-08-19T22:08:27.557+0000] {dagbag.py:538} INFO - Filling up the DagBag from /home/airflow/.local/lib/python3.8/site-packages/airflow/example_dags/example_branch_python_dop_operator_3.py
[2025-08-19T22:08:27.563+0000] {processor.py:840} INFO - DAG(s) 'example_branch_dop_operator_v3' retrieved from /home/airflow/.local/lib/python3.8/site-packages/airflow/example_dags/example_branch_python_dop_operator_3.py
[2025-08-19T22:08:27.573+0000] {logging_mixin.py:188} INFO - [2025-08-19T22:08:27.573+0000] {dag.py:3036} INFO - Sync 1 DAGs
[2025-08-19T22:08:27.585+0000] {logging_mixin.py:188} INFO - [2025-08-19T22:08:27.585+0000] {dag.py:3823} INFO - Setting next_dagrun for example_branch_dop_operator_v3 to 2025-08-19 22:07:00+00:00, run_after=2025-08-19 22:08:00+00:00
[2025-08-19T22:08:27.599+0000] {processor.py:183} INFO - Processing /home/airflow/.local/lib/python3.8/site-packages/airflow/example_dags/example_branch_python_dop_operator_3.py took 0.049 seconds
[2025-08-19T22:08:58.196+0000] {processor.py:161} INFO - Started process (PID=2121) to work on /home/airflow/.local/lib/python3.8/site-packages/airflow/example_dags/example_branch_python_dop_operator_3.py
[2025-08-19T22:08:58.198+0000] {processor.py:830} INFO - Processing file /home/airflow/.local/lib/python3.8/site-packages/airflow/example_dags/example_branch_python_dop_operator_3.py for tasks to queue
[2025-08-19T22:08:58.201+0000] {logging_mixin.py:188} INFO - [2025-08-19T22:08:58.201+0000] {dagbag.py:538} INFO - Filling up the DagBag from /home/airflow/.local/lib/python3.8/site-packages/airflow/example_dags/example_branch_python_dop_operator_3.py
[2025-08-19T22:08:58.207+0000] {processor.py:840} INFO - DAG(s) 'example_branch_dop_operator_v3' retrieved from /home/airflow/.local/lib/python3.8/site-packages/airflow/example_dags/example_branch_python_dop_operator_3.py
[2025-08-19T22:08:58.218+0000] {logging_mixin.py:188} INFO - [2025-08-19T22:08:58.218+0000] {dag.py:3036} INFO - Sync 1 DAGs
[2025-08-19T22:08:58.230+0000] {logging_mixin.py:188} INFO - [2025-08-19T22:08:58.230+0000] {dag.py:3823} INFO - Setting next_dagrun for example_branch_dop_operator_v3 to 2025-08-19 22:07:00+00:00, run_after=2025-08-19 22:08:00+00:00
[2025-08-19T22:08:58.237+0000] {processor.py:183} INFO - Processing /home/airflow/.local/lib/python3.8/site-packages/airflow/example_dags/example_branch_python_dop_operator_3.py took 0.043 seconds
[2025-08-19T22:09:28.787+0000] {processor.py:161} INFO - Started process (PID=2177) to work on /home/airflow/.local/lib/python3.8/site-packages/airflow/example_dags/example_branch_python_dop_operator_3.py
[2025-08-19T22:09:28.788+0000] {processor.py:830} INFO - Processing file /home/airflow/.local/lib/python3.8/site-packages/airflow/example_dags/example_branch_python_dop_operator_3.py for tasks to queue
[2025-08-19T22:09:28.789+0000] {logging_mixin.py:188} INFO - [2025-08-19T22:09:28.788+0000] {dagbag.py:538} INFO - Filling up the DagBag from /home/airflow/.local/lib/python3.8/site-packages/airflow/example_dags/example_branch_python_dop_operator_3.py
[2025-08-19T22:09:28.793+0000] {processor.py:840} INFO - DAG(s) 'example_branch_dop_operator_v3' retrieved from /home/airflow/.local/lib/python3.8/site-packages/airflow/example_dags/example_branch_python_dop_operator_3.py
[2025-08-19T22:09:28.813+0000] {logging_mixin.py:188} INFO - [2025-08-19T22:09:28.813+0000] {dag.py:3036} INFO - Sync 1 DAGs
[2025-08-19T22:09:28.824+0000] {logging_mixin.py:188} INFO - [2025-08-19T22:09:28.824+0000] {dag.py:3823} INFO - Setting next_dagrun for example_branch_dop_operator_v3 to 2025-08-19 22:08:00+00:00, run_after=2025-08-19 22:09:00+00:00
[2025-08-19T22:09:28.839+0000] {processor.py:183} INFO - Processing /home/airflow/.local/lib/python3.8/site-packages/airflow/example_dags/example_branch_python_dop_operator_3.py took 0.055 seconds
[2025-08-19T22:09:59.450+0000] {processor.py:161} INFO - Started process (PID=2233) to work on /home/airflow/.local/lib/python3.8/site-packages/airflow/example_dags/example_branch_python_dop_operator_3.py
[2025-08-19T22:09:59.451+0000] {processor.py:830} INFO - Processing file /home/airflow/.local/lib/python3.8/site-packages/airflow/example_dags/example_branch_python_dop_operator_3.py for tasks to queue
[2025-08-19T22:09:59.453+0000] {logging_mixin.py:188} INFO - [2025-08-19T22:09:59.453+0000] {dagbag.py:538} INFO - Filling up the DagBag from /home/airflow/.local/lib/python3.8/site-packages/airflow/example_dags/example_branch_python_dop_operator_3.py
[2025-08-19T22:09:59.459+0000] {processor.py:840} INFO - DAG(s) 'example_branch_dop_operator_v3' retrieved from /home/airflow/.local/lib/python3.8/site-packages/airflow/example_dags/example_branch_python_dop_operator_3.py
[2025-08-19T22:09:59.472+0000] {logging_mixin.py:188} INFO - [2025-08-19T22:09:59.472+0000] {dag.py:3036} INFO - Sync 1 DAGs
[2025-08-19T22:09:59.487+0000] {logging_mixin.py:188} INFO - [2025-08-19T22:09:59.487+0000] {dag.py:3823} INFO - Setting next_dagrun for example_branch_dop_operator_v3 to 2025-08-19 22:08:00+00:00, run_after=2025-08-19 22:09:00+00:00
[2025-08-19T22:09:59.494+0000] {processor.py:183} INFO - Processing /home/airflow/.local/lib/python3.8/site-packages/airflow/example_dags/example_branch_python_dop_operator_3.py took 0.046 seconds
[2025-08-19T22:10:30.039+0000] {processor.py:161} INFO - Started process (PID=2289) to work on /home/airflow/.local/lib/python3.8/site-packages/airflow/example_dags/example_branch_python_dop_operator_3.py
[2025-08-19T22:10:30.040+0000] {processor.py:830} INFO - Processing file /home/airflow/.local/lib/python3.8/site-packages/airflow/example_dags/example_branch_python_dop_operator_3.py for tasks to queue
[2025-08-19T22:10:30.042+0000] {logging_mixin.py:188} INFO - [2025-08-19T22:10:30.041+0000] {dagbag.py:538} INFO - Filling up the DagBag from /home/airflow/.local/lib/python3.8/site-packages/airflow/example_dags/example_branch_python_dop_operator_3.py
[2025-08-19T22:10:30.048+0000] {processor.py:840} INFO - DAG(s) 'example_branch_dop_operator_v3' retrieved from /home/airflow/.local/lib/python3.8/site-packages/airflow/example_dags/example_branch_python_dop_operator_3.py
[2025-08-19T22:10:30.061+0000] {logging_mixin.py:188} INFO - [2025-08-19T22:10:30.060+0000] {dag.py:3036} INFO - Sync 1 DAGs
[2025-08-19T22:10:30.073+0000] {logging_mixin.py:188} INFO - [2025-08-19T22:10:30.072+0000] {dag.py:3823} INFO - Setting next_dagrun for example_branch_dop_operator_v3 to 2025-08-19 22:09:00+00:00, run_after=2025-08-19 22:10:00+00:00
[2025-08-19T22:10:30.088+0000] {processor.py:183} INFO - Processing /home/airflow/.local/lib/python3.8/site-packages/airflow/example_dags/example_branch_python_dop_operator_3.py took 0.052 seconds
[2025-08-19T22:11:00.799+0000] {processor.py:161} INFO - Started process (PID=2345) to work on /home/airflow/.local/lib/python3.8/site-packages/airflow/example_dags/example_branch_python_dop_operator_3.py
[2025-08-19T22:11:00.800+0000] {processor.py:830} INFO - Processing file /home/airflow/.local/lib/python3.8/site-packages/airflow/example_dags/example_branch_python_dop_operator_3.py for tasks to queue
[2025-08-19T22:11:00.801+0000] {logging_mixin.py:188} INFO - [2025-08-19T22:11:00.801+0000] {dagbag.py:538} INFO - Filling up the DagBag from /home/airflow/.local/lib/python3.8/site-packages/airflow/example_dags/example_branch_python_dop_operator_3.py
[2025-08-19T22:11:00.806+0000] {processor.py:840} INFO - DAG(s) 'example_branch_dop_operator_v3' retrieved from /home/airflow/.local/lib/python3.8/site-packages/airflow/example_dags/example_branch_python_dop_operator_3.py
[2025-08-19T22:11:00.814+0000] {logging_mixin.py:188} INFO - [2025-08-19T22:11:00.814+0000] {dag.py:3036} INFO - Sync 1 DAGs
[2025-08-19T22:11:00.827+0000] {logging_mixin.py:188} INFO - [2025-08-19T22:11:00.827+0000] {dag.py:3823} INFO - Setting next_dagrun for example_branch_dop_operator_v3 to 2025-08-19 22:10:00+00:00, run_after=2025-08-19 22:11:00+00:00
[2025-08-19T22:11:00.836+0000] {processor.py:183} INFO - Processing /home/airflow/.local/lib/python3.8/site-packages/airflow/example_dags/example_branch_python_dop_operator_3.py took 0.039 seconds
[2025-08-19T22:11:31.329+0000] {processor.py:161} INFO - Started process (PID=2401) to work on /home/airflow/.local/lib/python3.8/site-packages/airflow/example_dags/example_branch_python_dop_operator_3.py
[2025-08-19T22:11:31.330+0000] {processor.py:830} INFO - Processing file /home/airflow/.local/lib/python3.8/site-packages/airflow/example_dags/example_branch_python_dop_operator_3.py for tasks to queue
[2025-08-19T22:11:31.331+0000] {logging_mixin.py:188} INFO - [2025-08-19T22:11:31.331+0000] {dagbag.py:538} INFO - Filling up the DagBag from /home/airflow/.local/lib/python3.8/site-packages/airflow/example_dags/example_branch_python_dop_operator_3.py
[2025-08-19T22:11:31.336+0000] {processor.py:840} INFO - DAG(s) 'example_branch_dop_operator_v3' retrieved from /home/airflow/.local/lib/python3.8/site-packages/airflow/example_dags/example_branch_python_dop_operator_3.py
[2025-08-19T22:11:31.345+0000] {logging_mixin.py:188} INFO - [2025-08-19T22:11:31.344+0000] {dag.py:3036} INFO - Sync 1 DAGs
[2025-08-19T22:11:31.355+0000] {logging_mixin.py:188} INFO - [2025-08-19T22:11:31.355+0000] {dag.py:3823} INFO - Setting next_dagrun for example_branch_dop_operator_v3 to 2025-08-19 22:10:00+00:00, run_after=2025-08-19 22:11:00+00:00
[2025-08-19T22:11:31.366+0000] {processor.py:183} INFO - Processing /home/airflow/.local/lib/python3.8/site-packages/airflow/example_dags/example_branch_python_dop_operator_3.py took 0.038 seconds
[2025-08-19T22:12:01.767+0000] {processor.py:161} INFO - Started process (PID=2457) to work on /home/airflow/.local/lib/python3.8/site-packages/airflow/example_dags/example_branch_python_dop_operator_3.py
[2025-08-19T22:12:01.769+0000] {processor.py:830} INFO - Processing file /home/airflow/.local/lib/python3.8/site-packages/airflow/example_dags/example_branch_python_dop_operator_3.py for tasks to queue
[2025-08-19T22:12:01.770+0000] {logging_mixin.py:188} INFO - [2025-08-19T22:12:01.770+0000] {dagbag.py:538} INFO - Filling up the DagBag from /home/airflow/.local/lib/python3.8/site-packages/airflow/example_dags/example_branch_python_dop_operator_3.py
[2025-08-19T22:12:01.777+0000] {processor.py:840} INFO - DAG(s) 'example_branch_dop_operator_v3' retrieved from /home/airflow/.local/lib/python3.8/site-packages/airflow/example_dags/example_branch_python_dop_operator_3.py
[2025-08-19T22:12:01.787+0000] {logging_mixin.py:188} INFO - [2025-08-19T22:12:01.787+0000] {dag.py:3036} INFO - Sync 1 DAGs
[2025-08-19T22:12:01.798+0000] {logging_mixin.py:188} INFO - [2025-08-19T22:12:01.798+0000] {dag.py:3823} INFO - Setting next_dagrun for example_branch_dop_operator_v3 to 2025-08-19 22:11:00+00:00, run_after=2025-08-19 22:12:00+00:00
[2025-08-19T22:12:01.810+0000] {processor.py:183} INFO - Processing /home/airflow/.local/lib/python3.8/site-packages/airflow/example_dags/example_branch_python_dop_operator_3.py took 0.045 seconds
[2025-08-19T22:12:32.363+0000] {processor.py:161} INFO - Started process (PID=2513) to work on /home/airflow/.local/lib/python3.8/site-packages/airflow/example_dags/example_branch_python_dop_operator_3.py
[2025-08-19T22:12:32.365+0000] {processor.py:830} INFO - Processing file /home/airflow/.local/lib/python3.8/site-packages/airflow/example_dags/example_branch_python_dop_operator_3.py for tasks to queue
[2025-08-19T22:12:32.366+0000] {logging_mixin.py:188} INFO - [2025-08-19T22:12:32.365+0000] {dagbag.py:538} INFO - Filling up the DagBag from /home/airflow/.local/lib/python3.8/site-packages/airflow/example_dags/example_branch_python_dop_operator_3.py
[2025-08-19T22:12:32.371+0000] {processor.py:840} INFO - DAG(s) 'example_branch_dop_operator_v3' retrieved from /home/airflow/.local/lib/python3.8/site-packages/airflow/example_dags/example_branch_python_dop_operator_3.py
[2025-08-19T22:12:32.382+0000] {logging_mixin.py:188} INFO - [2025-08-19T22:12:32.382+0000] {dag.py:3036} INFO - Sync 1 DAGs
[2025-08-19T22:12:32.393+0000] {logging_mixin.py:188} INFO - [2025-08-19T22:12:32.393+0000] {dag.py:3823} INFO - Setting next_dagrun for example_branch_dop_operator_v3 to 2025-08-19 22:11:00+00:00, run_after=2025-08-19 22:12:00+00:00
[2025-08-19T22:12:32.403+0000] {processor.py:183} INFO - Processing /home/airflow/.local/lib/python3.8/site-packages/airflow/example_dags/example_branch_python_dop_operator_3.py took 0.055 seconds
[2025-08-19T22:13:02.874+0000] {processor.py:161} INFO - Started process (PID=2569) to work on /home/airflow/.local/lib/python3.8/site-packages/airflow/example_dags/example_branch_python_dop_operator_3.py
[2025-08-19T22:13:02.875+0000] {processor.py:830} INFO - Processing file /home/airflow/.local/lib/python3.8/site-packages/airflow/example_dags/example_branch_python_dop_operator_3.py for tasks to queue
[2025-08-19T22:13:02.876+0000] {logging_mixin.py:188} INFO - [2025-08-19T22:13:02.876+0000] {dagbag.py:538} INFO - Filling up the DagBag from /home/airflow/.local/lib/python3.8/site-packages/airflow/example_dags/example_branch_python_dop_operator_3.py
[2025-08-19T22:13:02.882+0000] {processor.py:840} INFO - DAG(s) 'example_branch_dop_operator_v3' retrieved from /home/airflow/.local/lib/python3.8/site-packages/airflow/example_dags/example_branch_python_dop_operator_3.py
[2025-08-19T22:13:02.896+0000] {logging_mixin.py:188} INFO - [2025-08-19T22:13:02.896+0000] {dag.py:3036} INFO - Sync 1 DAGs
[2025-08-19T22:13:02.908+0000] {logging_mixin.py:188} INFO - [2025-08-19T22:13:02.908+0000] {dag.py:3823} INFO - Setting next_dagrun for example_branch_dop_operator_v3 to 2025-08-19 22:12:00+00:00, run_after=2025-08-19 22:13:00+00:00
[2025-08-19T22:13:02.919+0000] {processor.py:183} INFO - Processing /home/airflow/.local/lib/python3.8/site-packages/airflow/example_dags/example_branch_python_dop_operator_3.py took 0.049 seconds
[2025-08-19T22:13:33.467+0000] {processor.py:161} INFO - Started process (PID=2625) to work on /home/airflow/.local/lib/python3.8/site-packages/airflow/example_dags/example_branch_python_dop_operator_3.py
[2025-08-19T22:13:33.469+0000] {processor.py:830} INFO - Processing file /home/airflow/.local/lib/python3.8/site-packages/airflow/example_dags/example_branch_python_dop_operator_3.py for tasks to queue
[2025-08-19T22:13:33.469+0000] {logging_mixin.py:188} INFO - [2025-08-19T22:13:33.469+0000] {dagbag.py:538} INFO - Filling up the DagBag from /home/airflow/.local/lib/python3.8/site-packages/airflow/example_dags/example_branch_python_dop_operator_3.py
[2025-08-19T22:13:33.474+0000] {processor.py:840} INFO - DAG(s) 'example_branch_dop_operator_v3' retrieved from /home/airflow/.local/lib/python3.8/site-packages/airflow/example_dags/example_branch_python_dop_operator_3.py
[2025-08-19T22:13:33.484+0000] {logging_mixin.py:188} INFO - [2025-08-19T22:13:33.484+0000] {dag.py:3036} INFO - Sync 1 DAGs
[2025-08-19T22:13:33.495+0000] {logging_mixin.py:188} INFO - [2025-08-19T22:13:33.495+0000] {dag.py:3823} INFO - Setting next_dagrun for example_branch_dop_operator_v3 to 2025-08-19 22:12:00+00:00, run_after=2025-08-19 22:13:00+00:00
[2025-08-19T22:13:33.505+0000] {processor.py:183} INFO - Processing /home/airflow/.local/lib/python3.8/site-packages/airflow/example_dags/example_branch_python_dop_operator_3.py took 0.041 seconds
[2025-08-19T22:20:09.354+0000] {processor.py:161} INFO - Started process (PID=45) to work on /home/airflow/.local/lib/python3.8/site-packages/airflow/example_dags/example_branch_python_dop_operator_3.py
[2025-08-19T22:20:09.355+0000] {processor.py:830} INFO - Processing file /home/airflow/.local/lib/python3.8/site-packages/airflow/example_dags/example_branch_python_dop_operator_3.py for tasks to queue
[2025-08-19T22:20:09.358+0000] {logging_mixin.py:188} INFO - [2025-08-19T22:20:09.358+0000] {dagbag.py:538} INFO - Filling up the DagBag from /home/airflow/.local/lib/python3.8/site-packages/airflow/example_dags/example_branch_python_dop_operator_3.py
[2025-08-19T22:20:09.366+0000] {processor.py:840} INFO - DAG(s) 'example_branch_dop_operator_v3' retrieved from /home/airflow/.local/lib/python3.8/site-packages/airflow/example_dags/example_branch_python_dop_operator_3.py
[2025-08-19T22:20:09.385+0000] {logging_mixin.py:188} INFO - [2025-08-19T22:20:09.384+0000] {dag.py:3036} INFO - Sync 1 DAGs
[2025-08-19T22:20:09.425+0000] {logging_mixin.py:188} INFO - [2025-08-19T22:20:09.425+0000] {dag.py:3823} INFO - Setting next_dagrun for example_branch_dop_operator_v3 to 2025-08-19 22:19:00+00:00, run_after=2025-08-19 22:20:00+00:00
[2025-08-19T22:20:09.444+0000] {processor.py:183} INFO - Processing /home/airflow/.local/lib/python3.8/site-packages/airflow/example_dags/example_branch_python_dop_operator_3.py took 0.094 seconds
[2025-08-19T22:20:39.653+0000] {processor.py:161} INFO - Started process (PID=101) to work on /home/airflow/.local/lib/python3.8/site-packages/airflow/example_dags/example_branch_python_dop_operator_3.py
[2025-08-19T22:20:39.654+0000] {processor.py:830} INFO - Processing file /home/airflow/.local/lib/python3.8/site-packages/airflow/example_dags/example_branch_python_dop_operator_3.py for tasks to queue
[2025-08-19T22:20:39.654+0000] {logging_mixin.py:188} INFO - [2025-08-19T22:20:39.654+0000] {dagbag.py:538} INFO - Filling up the DagBag from /home/airflow/.local/lib/python3.8/site-packages/airflow/example_dags/example_branch_python_dop_operator_3.py
[2025-08-19T22:20:39.659+0000] {processor.py:840} INFO - DAG(s) 'example_branch_dop_operator_v3' retrieved from /home/airflow/.local/lib/python3.8/site-packages/airflow/example_dags/example_branch_python_dop_operator_3.py
[2025-08-19T22:20:39.696+0000] {logging_mixin.py:188} INFO - [2025-08-19T22:20:39.695+0000] {dag.py:3036} INFO - Sync 1 DAGs
[2025-08-19T22:20:39.705+0000] {logging_mixin.py:188} INFO - [2025-08-19T22:20:39.705+0000] {dag.py:3823} INFO - Setting next_dagrun for example_branch_dop_operator_v3 to 2025-08-19 22:19:00+00:00, run_after=2025-08-19 22:20:00+00:00
[2025-08-19T22:20:39.714+0000] {processor.py:183} INFO - Processing /home/airflow/.local/lib/python3.8/site-packages/airflow/example_dags/example_branch_python_dop_operator_3.py took 0.062 seconds
[2025-08-19T22:21:09.732+0000] {processor.py:161} INFO - Started process (PID=157) to work on /home/airflow/.local/lib/python3.8/site-packages/airflow/example_dags/example_branch_python_dop_operator_3.py
[2025-08-19T22:21:09.737+0000] {processor.py:830} INFO - Processing file /home/airflow/.local/lib/python3.8/site-packages/airflow/example_dags/example_branch_python_dop_operator_3.py for tasks to queue
[2025-08-19T22:21:09.739+0000] {logging_mixin.py:188} INFO - [2025-08-19T22:21:09.739+0000] {dagbag.py:538} INFO - Filling up the DagBag from /home/airflow/.local/lib/python3.8/site-packages/airflow/example_dags/example_branch_python_dop_operator_3.py
[2025-08-19T22:21:09.745+0000] {processor.py:840} INFO - DAG(s) 'example_branch_dop_operator_v3' retrieved from /home/airflow/.local/lib/python3.8/site-packages/airflow/example_dags/example_branch_python_dop_operator_3.py
[2025-08-19T22:21:09.761+0000] {logging_mixin.py:188} INFO - [2025-08-19T22:21:09.761+0000] {dag.py:3036} INFO - Sync 1 DAGs
[2025-08-19T22:21:09.773+0000] {logging_mixin.py:188} INFO - [2025-08-19T22:21:09.773+0000] {dag.py:3823} INFO - Setting next_dagrun for example_branch_dop_operator_v3 to 2025-08-19 22:20:00+00:00, run_after=2025-08-19 22:21:00+00:00
[2025-08-19T22:21:09.782+0000] {processor.py:183} INFO - Processing /home/airflow/.local/lib/python3.8/site-packages/airflow/example_dags/example_branch_python_dop_operator_3.py took 0.053 seconds
[2025-08-19T22:21:40.576+0000] {processor.py:161} INFO - Started process (PID=213) to work on /home/airflow/.local/lib/python3.8/site-packages/airflow/example_dags/example_branch_python_dop_operator_3.py
[2025-08-19T22:21:40.577+0000] {processor.py:830} INFO - Processing file /home/airflow/.local/lib/python3.8/site-packages/airflow/example_dags/example_branch_python_dop_operator_3.py for tasks to queue
[2025-08-19T22:21:40.578+0000] {logging_mixin.py:188} INFO - [2025-08-19T22:21:40.578+0000] {dagbag.py:538} INFO - Filling up the DagBag from /home/airflow/.local/lib/python3.8/site-packages/airflow/example_dags/example_branch_python_dop_operator_3.py
[2025-08-19T22:21:40.582+0000] {processor.py:840} INFO - DAG(s) 'example_branch_dop_operator_v3' retrieved from /home/airflow/.local/lib/python3.8/site-packages/airflow/example_dags/example_branch_python_dop_operator_3.py
[2025-08-19T22:21:40.600+0000] {logging_mixin.py:188} INFO - [2025-08-19T22:21:40.600+0000] {dag.py:3036} INFO - Sync 1 DAGs
[2025-08-19T22:21:40.611+0000] {logging_mixin.py:188} INFO - [2025-08-19T22:21:40.611+0000] {dag.py:3823} INFO - Setting next_dagrun for example_branch_dop_operator_v3 to 2025-08-19 22:20:00+00:00, run_after=2025-08-19 22:21:00+00:00
[2025-08-19T22:21:40.621+0000] {processor.py:183} INFO - Processing /home/airflow/.local/lib/python3.8/site-packages/airflow/example_dags/example_branch_python_dop_operator_3.py took 0.046 seconds
[2025-08-19T22:22:11.196+0000] {processor.py:161} INFO - Started process (PID=269) to work on /home/airflow/.local/lib/python3.8/site-packages/airflow/example_dags/example_branch_python_dop_operator_3.py
[2025-08-19T22:22:11.196+0000] {processor.py:830} INFO - Processing file /home/airflow/.local/lib/python3.8/site-packages/airflow/example_dags/example_branch_python_dop_operator_3.py for tasks to queue
[2025-08-19T22:22:11.197+0000] {logging_mixin.py:188} INFO - [2025-08-19T22:22:11.197+0000] {dagbag.py:538} INFO - Filling up the DagBag from /home/airflow/.local/lib/python3.8/site-packages/airflow/example_dags/example_branch_python_dop_operator_3.py
[2025-08-19T22:22:11.201+0000] {processor.py:840} INFO - DAG(s) 'example_branch_dop_operator_v3' retrieved from /home/airflow/.local/lib/python3.8/site-packages/airflow/example_dags/example_branch_python_dop_operator_3.py
[2025-08-19T22:22:11.213+0000] {logging_mixin.py:188} INFO - [2025-08-19T22:22:11.212+0000] {dag.py:3036} INFO - Sync 1 DAGs
[2025-08-19T22:22:11.225+0000] {logging_mixin.py:188} INFO - [2025-08-19T22:22:11.225+0000] {dag.py:3823} INFO - Setting next_dagrun for example_branch_dop_operator_v3 to 2025-08-19 22:21:00+00:00, run_after=2025-08-19 22:22:00+00:00
[2025-08-19T22:22:11.237+0000] {processor.py:183} INFO - Processing /home/airflow/.local/lib/python3.8/site-packages/airflow/example_dags/example_branch_python_dop_operator_3.py took 0.043 seconds
[2025-08-19T22:22:41.707+0000] {processor.py:161} INFO - Started process (PID=325) to work on /home/airflow/.local/lib/python3.8/site-packages/airflow/example_dags/example_branch_python_dop_operator_3.py
[2025-08-19T22:22:41.707+0000] {processor.py:830} INFO - Processing file /home/airflow/.local/lib/python3.8/site-packages/airflow/example_dags/example_branch_python_dop_operator_3.py for tasks to queue
[2025-08-19T22:22:41.708+0000] {logging_mixin.py:188} INFO - [2025-08-19T22:22:41.708+0000] {dagbag.py:538} INFO - Filling up the DagBag from /home/airflow/.local/lib/python3.8/site-packages/airflow/example_dags/example_branch_python_dop_operator_3.py
[2025-08-19T22:22:41.711+0000] {processor.py:840} INFO - DAG(s) 'example_branch_dop_operator_v3' retrieved from /home/airflow/.local/lib/python3.8/site-packages/airflow/example_dags/example_branch_python_dop_operator_3.py
[2025-08-19T22:22:41.719+0000] {logging_mixin.py:188} INFO - [2025-08-19T22:22:41.719+0000] {dag.py:3036} INFO - Sync 1 DAGs
[2025-08-19T22:22:41.727+0000] {logging_mixin.py:188} INFO - [2025-08-19T22:22:41.727+0000] {dag.py:3823} INFO - Setting next_dagrun for example_branch_dop_operator_v3 to 2025-08-19 22:21:00+00:00, run_after=2025-08-19 22:22:00+00:00
[2025-08-19T22:22:41.733+0000] {processor.py:183} INFO - Processing /home/airflow/.local/lib/python3.8/site-packages/airflow/example_dags/example_branch_python_dop_operator_3.py took 0.027 seconds
[2025-08-19T22:23:12.454+0000] {processor.py:161} INFO - Started process (PID=385) to work on /home/airflow/.local/lib/python3.8/site-packages/airflow/example_dags/example_branch_python_dop_operator_3.py
[2025-08-19T22:23:12.454+0000] {processor.py:830} INFO - Processing file /home/airflow/.local/lib/python3.8/site-packages/airflow/example_dags/example_branch_python_dop_operator_3.py for tasks to queue
[2025-08-19T22:23:12.455+0000] {logging_mixin.py:188} INFO - [2025-08-19T22:23:12.455+0000] {dagbag.py:538} INFO - Filling up the DagBag from /home/airflow/.local/lib/python3.8/site-packages/airflow/example_dags/example_branch_python_dop_operator_3.py
[2025-08-19T22:23:12.460+0000] {processor.py:840} INFO - DAG(s) 'example_branch_dop_operator_v3' retrieved from /home/airflow/.local/lib/python3.8/site-packages/airflow/example_dags/example_branch_python_dop_operator_3.py
[2025-08-19T22:23:12.470+0000] {logging_mixin.py:188} INFO - [2025-08-19T22:23:12.470+0000] {dag.py:3036} INFO - Sync 1 DAGs
[2025-08-19T22:23:12.480+0000] {logging_mixin.py:188} INFO - [2025-08-19T22:23:12.480+0000] {dag.py:3823} INFO - Setting next_dagrun for example_branch_dop_operator_v3 to 2025-08-19 22:22:00+00:00, run_after=2025-08-19 22:23:00+00:00
[2025-08-19T22:23:12.491+0000] {processor.py:183} INFO - Processing /home/airflow/.local/lib/python3.8/site-packages/airflow/example_dags/example_branch_python_dop_operator_3.py took 0.039 seconds
[2025-08-19T22:23:43.019+0000] {processor.py:161} INFO - Started process (PID=447) to work on /home/airflow/.local/lib/python3.8/site-packages/airflow/example_dags/example_branch_python_dop_operator_3.py
[2025-08-19T22:23:43.020+0000] {processor.py:830} INFO - Processing file /home/airflow/.local/lib/python3.8/site-packages/airflow/example_dags/example_branch_python_dop_operator_3.py for tasks to queue
[2025-08-19T22:23:43.021+0000] {logging_mixin.py:188} INFO - [2025-08-19T22:23:43.020+0000] {dagbag.py:538} INFO - Filling up the DagBag from /home/airflow/.local/lib/python3.8/site-packages/airflow/example_dags/example_branch_python_dop_operator_3.py
[2025-08-19T22:23:43.025+0000] {processor.py:840} INFO - DAG(s) 'example_branch_dop_operator_v3' retrieved from /home/airflow/.local/lib/python3.8/site-packages/airflow/example_dags/example_branch_python_dop_operator_3.py
[2025-08-19T22:23:43.037+0000] {logging_mixin.py:188} INFO - [2025-08-19T22:23:43.037+0000] {dag.py:3036} INFO - Sync 1 DAGs
[2025-08-19T22:23:43.046+0000] {logging_mixin.py:188} INFO - [2025-08-19T22:23:43.046+0000] {dag.py:3823} INFO - Setting next_dagrun for example_branch_dop_operator_v3 to 2025-08-19 22:22:00+00:00, run_after=2025-08-19 22:23:00+00:00
[2025-08-19T22:23:43.051+0000] {processor.py:183} INFO - Processing /home/airflow/.local/lib/python3.8/site-packages/airflow/example_dags/example_branch_python_dop_operator_3.py took 0.034 seconds
[2025-08-19T22:24:13.464+0000] {processor.py:161} INFO - Started process (PID=503) to work on /home/airflow/.local/lib/python3.8/site-packages/airflow/example_dags/example_branch_python_dop_operator_3.py
[2025-08-19T22:24:13.465+0000] {processor.py:830} INFO - Processing file /home/airflow/.local/lib/python3.8/site-packages/airflow/example_dags/example_branch_python_dop_operator_3.py for tasks to queue
[2025-08-19T22:24:13.465+0000] {logging_mixin.py:188} INFO - [2025-08-19T22:24:13.465+0000] {dagbag.py:538} INFO - Filling up the DagBag from /home/airflow/.local/lib/python3.8/site-packages/airflow/example_dags/example_branch_python_dop_operator_3.py
[2025-08-19T22:24:13.469+0000] {processor.py:840} INFO - DAG(s) 'example_branch_dop_operator_v3' retrieved from /home/airflow/.local/lib/python3.8/site-packages/airflow/example_dags/example_branch_python_dop_operator_3.py
[2025-08-19T22:24:13.476+0000] {logging_mixin.py:188} INFO - [2025-08-19T22:24:13.476+0000] {dag.py:3036} INFO - Sync 1 DAGs
[2025-08-19T22:24:13.485+0000] {logging_mixin.py:188} INFO - [2025-08-19T22:24:13.485+0000] {dag.py:3823} INFO - Setting next_dagrun for example_branch_dop_operator_v3 to 2025-08-19 22:23:00+00:00, run_after=2025-08-19 22:24:00+00:00
[2025-08-19T22:24:13.490+0000] {processor.py:183} INFO - Processing /home/airflow/.local/lib/python3.8/site-packages/airflow/example_dags/example_branch_python_dop_operator_3.py took 0.028 seconds
[2025-08-19T22:24:43.904+0000] {processor.py:161} INFO - Started process (PID=559) to work on /home/airflow/.local/lib/python3.8/site-packages/airflow/example_dags/example_branch_python_dop_operator_3.py
[2025-08-19T22:24:43.905+0000] {processor.py:830} INFO - Processing file /home/airflow/.local/lib/python3.8/site-packages/airflow/example_dags/example_branch_python_dop_operator_3.py for tasks to queue
[2025-08-19T22:24:43.905+0000] {logging_mixin.py:188} INFO - [2025-08-19T22:24:43.905+0000] {dagbag.py:538} INFO - Filling up the DagBag from /home/airflow/.local/lib/python3.8/site-packages/airflow/example_dags/example_branch_python_dop_operator_3.py
[2025-08-19T22:24:43.909+0000] {processor.py:840} INFO - DAG(s) 'example_branch_dop_operator_v3' retrieved from /home/airflow/.local/lib/python3.8/site-packages/airflow/example_dags/example_branch_python_dop_operator_3.py
[2025-08-19T22:24:43.916+0000] {logging_mixin.py:188} INFO - [2025-08-19T22:24:43.916+0000] {dag.py:3036} INFO - Sync 1 DAGs
[2025-08-19T22:24:43.925+0000] {logging_mixin.py:188} INFO - [2025-08-19T22:24:43.925+0000] {dag.py:3823} INFO - Setting next_dagrun for example_branch_dop_operator_v3 to 2025-08-19 22:23:00+00:00, run_after=2025-08-19 22:24:00+00:00
[2025-08-19T22:24:43.930+0000] {processor.py:183} INFO - Processing /home/airflow/.local/lib/python3.8/site-packages/airflow/example_dags/example_branch_python_dop_operator_3.py took 0.027 seconds
[2025-08-19T22:25:14.366+0000] {processor.py:161} INFO - Started process (PID=615) to work on /home/airflow/.local/lib/python3.8/site-packages/airflow/example_dags/example_branch_python_dop_operator_3.py
[2025-08-19T22:25:14.367+0000] {processor.py:830} INFO - Processing file /home/airflow/.local/lib/python3.8/site-packages/airflow/example_dags/example_branch_python_dop_operator_3.py for tasks to queue
[2025-08-19T22:25:14.367+0000] {logging_mixin.py:188} INFO - [2025-08-19T22:25:14.367+0000] {dagbag.py:538} INFO - Filling up the DagBag from /home/airflow/.local/lib/python3.8/site-packages/airflow/example_dags/example_branch_python_dop_operator_3.py
[2025-08-19T22:25:14.371+0000] {processor.py:840} INFO - DAG(s) 'example_branch_dop_operator_v3' retrieved from /home/airflow/.local/lib/python3.8/site-packages/airflow/example_dags/example_branch_python_dop_operator_3.py
[2025-08-19T22:25:14.378+0000] {logging_mixin.py:188} INFO - [2025-08-19T22:25:14.378+0000] {dag.py:3036} INFO - Sync 1 DAGs
[2025-08-19T22:25:14.386+0000] {logging_mixin.py:188} INFO - [2025-08-19T22:25:14.386+0000] {dag.py:3823} INFO - Setting next_dagrun for example_branch_dop_operator_v3 to 2025-08-19 22:24:00+00:00, run_after=2025-08-19 22:25:00+00:00
[2025-08-19T22:25:14.392+0000] {processor.py:183} INFO - Processing /home/airflow/.local/lib/python3.8/site-packages/airflow/example_dags/example_branch_python_dop_operator_3.py took 0.027 seconds
[2025-08-19T22:25:44.781+0000] {processor.py:161} INFO - Started process (PID=671) to work on /home/airflow/.local/lib/python3.8/site-packages/airflow/example_dags/example_branch_python_dop_operator_3.py
[2025-08-19T22:25:44.782+0000] {processor.py:830} INFO - Processing file /home/airflow/.local/lib/python3.8/site-packages/airflow/example_dags/example_branch_python_dop_operator_3.py for tasks to queue
[2025-08-19T22:25:44.782+0000] {logging_mixin.py:188} INFO - [2025-08-19T22:25:44.782+0000] {dagbag.py:538} INFO - Filling up the DagBag from /home/airflow/.local/lib/python3.8/site-packages/airflow/example_dags/example_branch_python_dop_operator_3.py
[2025-08-19T22:25:44.788+0000] {processor.py:840} INFO - DAG(s) 'example_branch_dop_operator_v3' retrieved from /home/airflow/.local/lib/python3.8/site-packages/airflow/example_dags/example_branch_python_dop_operator_3.py
[2025-08-19T22:25:44.798+0000] {logging_mixin.py:188} INFO - [2025-08-19T22:25:44.798+0000] {dag.py:3036} INFO - Sync 1 DAGs
[2025-08-19T22:25:44.808+0000] {logging_mixin.py:188} INFO - [2025-08-19T22:25:44.808+0000] {dag.py:3823} INFO - Setting next_dagrun for example_branch_dop_operator_v3 to 2025-08-19 22:24:00+00:00, run_after=2025-08-19 22:25:00+00:00
[2025-08-19T22:25:44.818+0000] {processor.py:183} INFO - Processing /home/airflow/.local/lib/python3.8/site-packages/airflow/example_dags/example_branch_python_dop_operator_3.py took 0.038 seconds
[2025-08-19T22:26:15.233+0000] {processor.py:161} INFO - Started process (PID=727) to work on /home/airflow/.local/lib/python3.8/site-packages/airflow/example_dags/example_branch_python_dop_operator_3.py
[2025-08-19T22:26:15.234+0000] {processor.py:830} INFO - Processing file /home/airflow/.local/lib/python3.8/site-packages/airflow/example_dags/example_branch_python_dop_operator_3.py for tasks to queue
[2025-08-19T22:26:15.235+0000] {logging_mixin.py:188} INFO - [2025-08-19T22:26:15.235+0000] {dagbag.py:538} INFO - Filling up the DagBag from /home/airflow/.local/lib/python3.8/site-packages/airflow/example_dags/example_branch_python_dop_operator_3.py
[2025-08-19T22:26:15.239+0000] {processor.py:840} INFO - DAG(s) 'example_branch_dop_operator_v3' retrieved from /home/airflow/.local/lib/python3.8/site-packages/airflow/example_dags/example_branch_python_dop_operator_3.py
[2025-08-19T22:26:15.249+0000] {logging_mixin.py:188} INFO - [2025-08-19T22:26:15.249+0000] {dag.py:3036} INFO - Sync 1 DAGs
[2025-08-19T22:26:15.261+0000] {logging_mixin.py:188} INFO - [2025-08-19T22:26:15.261+0000] {dag.py:3823} INFO - Setting next_dagrun for example_branch_dop_operator_v3 to 2025-08-19 22:25:00+00:00, run_after=2025-08-19 22:26:00+00:00
[2025-08-19T22:26:15.268+0000] {processor.py:183} INFO - Processing /home/airflow/.local/lib/python3.8/site-packages/airflow/example_dags/example_branch_python_dop_operator_3.py took 0.037 seconds
[2025-08-19T22:26:45.603+0000] {processor.py:161} INFO - Started process (PID=783) to work on /home/airflow/.local/lib/python3.8/site-packages/airflow/example_dags/example_branch_python_dop_operator_3.py
[2025-08-19T22:26:45.604+0000] {processor.py:830} INFO - Processing file /home/airflow/.local/lib/python3.8/site-packages/airflow/example_dags/example_branch_python_dop_operator_3.py for tasks to queue
[2025-08-19T22:26:45.605+0000] {logging_mixin.py:188} INFO - [2025-08-19T22:26:45.605+0000] {dagbag.py:538} INFO - Filling up the DagBag from /home/airflow/.local/lib/python3.8/site-packages/airflow/example_dags/example_branch_python_dop_operator_3.py
[2025-08-19T22:26:45.608+0000] {processor.py:840} INFO - DAG(s) 'example_branch_dop_operator_v3' retrieved from /home/airflow/.local/lib/python3.8/site-packages/airflow/example_dags/example_branch_python_dop_operator_3.py
[2025-08-19T22:26:45.616+0000] {logging_mixin.py:188} INFO - [2025-08-19T22:26:45.616+0000] {dag.py:3036} INFO - Sync 1 DAGs
[2025-08-19T22:26:45.625+0000] {logging_mixin.py:188} INFO - [2025-08-19T22:26:45.625+0000] {dag.py:3823} INFO - Setting next_dagrun for example_branch_dop_operator_v3 to 2025-08-19 22:25:00+00:00, run_after=2025-08-19 22:26:00+00:00
[2025-08-19T22:26:45.630+0000] {processor.py:183} INFO - Processing /home/airflow/.local/lib/python3.8/site-packages/airflow/example_dags/example_branch_python_dop_operator_3.py took 0.028 seconds
[2025-08-19T22:27:16.062+0000] {processor.py:161} INFO - Started process (PID=839) to work on /home/airflow/.local/lib/python3.8/site-packages/airflow/example_dags/example_branch_python_dop_operator_3.py
[2025-08-19T22:27:16.063+0000] {processor.py:830} INFO - Processing file /home/airflow/.local/lib/python3.8/site-packages/airflow/example_dags/example_branch_python_dop_operator_3.py for tasks to queue
[2025-08-19T22:27:16.064+0000] {logging_mixin.py:188} INFO - [2025-08-19T22:27:16.064+0000] {dagbag.py:538} INFO - Filling up the DagBag from /home/airflow/.local/lib/python3.8/site-packages/airflow/example_dags/example_branch_python_dop_operator_3.py
[2025-08-19T22:27:16.069+0000] {processor.py:840} INFO - DAG(s) 'example_branch_dop_operator_v3' retrieved from /home/airflow/.local/lib/python3.8/site-packages/airflow/example_dags/example_branch_python_dop_operator_3.py
[2025-08-19T22:27:16.077+0000] {logging_mixin.py:188} INFO - [2025-08-19T22:27:16.077+0000] {dag.py:3036} INFO - Sync 1 DAGs
[2025-08-19T22:27:16.085+0000] {logging_mixin.py:188} INFO - [2025-08-19T22:27:16.085+0000] {dag.py:3823} INFO - Setting next_dagrun for example_branch_dop_operator_v3 to 2025-08-19 22:26:00+00:00, run_after=2025-08-19 22:27:00+00:00
[2025-08-19T22:27:16.091+0000] {processor.py:183} INFO - Processing /home/airflow/.local/lib/python3.8/site-packages/airflow/example_dags/example_branch_python_dop_operator_3.py took 0.030 seconds
[2025-08-19T22:27:46.488+0000] {processor.py:161} INFO - Started process (PID=899) to work on /home/airflow/.local/lib/python3.8/site-packages/airflow/example_dags/example_branch_python_dop_operator_3.py
[2025-08-19T22:27:46.489+0000] {processor.py:830} INFO - Processing file /home/airflow/.local/lib/python3.8/site-packages/airflow/example_dags/example_branch_python_dop_operator_3.py for tasks to queue
[2025-08-19T22:27:46.492+0000] {logging_mixin.py:188} INFO - [2025-08-19T22:27:46.492+0000] {dagbag.py:538} INFO - Filling up the DagBag from /home/airflow/.local/lib/python3.8/site-packages/airflow/example_dags/example_branch_python_dop_operator_3.py
[2025-08-19T22:27:46.497+0000] {processor.py:840} INFO - DAG(s) 'example_branch_dop_operator_v3' retrieved from /home/airflow/.local/lib/python3.8/site-packages/airflow/example_dags/example_branch_python_dop_operator_3.py
[2025-08-19T22:27:46.516+0000] {logging_mixin.py:188} INFO - [2025-08-19T22:27:46.516+0000] {dag.py:3036} INFO - Sync 1 DAGs
[2025-08-19T22:27:46.543+0000] {logging_mixin.py:188} INFO - [2025-08-19T22:27:46.543+0000] {dag.py:3823} INFO - Setting next_dagrun for example_branch_dop_operator_v3 to 2025-08-19 22:26:00+00:00, run_after=2025-08-19 22:27:00+00:00
[2025-08-19T22:27:46.560+0000] {processor.py:183} INFO - Processing /home/airflow/.local/lib/python3.8/site-packages/airflow/example_dags/example_branch_python_dop_operator_3.py took 0.074 seconds
[2025-08-19T22:28:17.244+0000] {processor.py:161} INFO - Started process (PID=955) to work on /home/airflow/.local/lib/python3.8/site-packages/airflow/example_dags/example_branch_python_dop_operator_3.py
[2025-08-19T22:28:17.245+0000] {processor.py:830} INFO - Processing file /home/airflow/.local/lib/python3.8/site-packages/airflow/example_dags/example_branch_python_dop_operator_3.py for tasks to queue
[2025-08-19T22:28:17.245+0000] {logging_mixin.py:188} INFO - [2025-08-19T22:28:17.245+0000] {dagbag.py:538} INFO - Filling up the DagBag from /home/airflow/.local/lib/python3.8/site-packages/airflow/example_dags/example_branch_python_dop_operator_3.py
[2025-08-19T22:28:17.249+0000] {processor.py:840} INFO - DAG(s) 'example_branch_dop_operator_v3' retrieved from /home/airflow/.local/lib/python3.8/site-packages/airflow/example_dags/example_branch_python_dop_operator_3.py
[2025-08-19T22:28:17.258+0000] {logging_mixin.py:188} INFO - [2025-08-19T22:28:17.258+0000] {dag.py:3036} INFO - Sync 1 DAGs
[2025-08-19T22:28:17.267+0000] {logging_mixin.py:188} INFO - [2025-08-19T22:28:17.267+0000] {dag.py:3823} INFO - Setting next_dagrun for example_branch_dop_operator_v3 to 2025-08-19 22:27:00+00:00, run_after=2025-08-19 22:28:00+00:00
[2025-08-19T22:28:17.272+0000] {processor.py:183} INFO - Processing /home/airflow/.local/lib/python3.8/site-packages/airflow/example_dags/example_branch_python_dop_operator_3.py took 0.030 seconds
[2025-08-19T22:28:47.725+0000] {processor.py:161} INFO - Started process (PID=1011) to work on /home/airflow/.local/lib/python3.8/site-packages/airflow/example_dags/example_branch_python_dop_operator_3.py
[2025-08-19T22:28:47.725+0000] {processor.py:830} INFO - Processing file /home/airflow/.local/lib/python3.8/site-packages/airflow/example_dags/example_branch_python_dop_operator_3.py for tasks to queue
[2025-08-19T22:28:47.726+0000] {logging_mixin.py:188} INFO - [2025-08-19T22:28:47.726+0000] {dagbag.py:538} INFO - Filling up the DagBag from /home/airflow/.local/lib/python3.8/site-packages/airflow/example_dags/example_branch_python_dop_operator_3.py
[2025-08-19T22:28:47.730+0000] {processor.py:840} INFO - DAG(s) 'example_branch_dop_operator_v3' retrieved from /home/airflow/.local/lib/python3.8/site-packages/airflow/example_dags/example_branch_python_dop_operator_3.py
[2025-08-19T22:28:47.737+0000] {logging_mixin.py:188} INFO - [2025-08-19T22:28:47.737+0000] {dag.py:3036} INFO - Sync 1 DAGs
[2025-08-19T22:28:47.745+0000] {logging_mixin.py:188} INFO - [2025-08-19T22:28:47.745+0000] {dag.py:3823} INFO - Setting next_dagrun for example_branch_dop_operator_v3 to 2025-08-19 22:27:00+00:00, run_after=2025-08-19 22:28:00+00:00
[2025-08-19T22:28:47.751+0000] {processor.py:183} INFO - Processing /home/airflow/.local/lib/python3.8/site-packages/airflow/example_dags/example_branch_python_dop_operator_3.py took 0.027 seconds
[2025-08-19T22:29:18.178+0000] {processor.py:161} INFO - Started process (PID=1067) to work on /home/airflow/.local/lib/python3.8/site-packages/airflow/example_dags/example_branch_python_dop_operator_3.py
[2025-08-19T22:29:18.179+0000] {processor.py:830} INFO - Processing file /home/airflow/.local/lib/python3.8/site-packages/airflow/example_dags/example_branch_python_dop_operator_3.py for tasks to queue
[2025-08-19T22:29:18.180+0000] {logging_mixin.py:188} INFO - [2025-08-19T22:29:18.179+0000] {dagbag.py:538} INFO - Filling up the DagBag from /home/airflow/.local/lib/python3.8/site-packages/airflow/example_dags/example_branch_python_dop_operator_3.py
[2025-08-19T22:29:18.184+0000] {processor.py:840} INFO - DAG(s) 'example_branch_dop_operator_v3' retrieved from /home/airflow/.local/lib/python3.8/site-packages/airflow/example_dags/example_branch_python_dop_operator_3.py
[2025-08-19T22:29:18.192+0000] {logging_mixin.py:188} INFO - [2025-08-19T22:29:18.192+0000] {dag.py:3036} INFO - Sync 1 DAGs
[2025-08-19T22:29:18.201+0000] {logging_mixin.py:188} INFO - [2025-08-19T22:29:18.201+0000] {dag.py:3823} INFO - Setting next_dagrun for example_branch_dop_operator_v3 to 2025-08-19 22:28:00+00:00, run_after=2025-08-19 22:29:00+00:00
[2025-08-19T22:29:18.209+0000] {processor.py:183} INFO - Processing /home/airflow/.local/lib/python3.8/site-packages/airflow/example_dags/example_branch_python_dop_operator_3.py took 0.033 seconds
[2025-08-19T22:29:48.871+0000] {processor.py:161} INFO - Started process (PID=1123) to work on /home/airflow/.local/lib/python3.8/site-packages/airflow/example_dags/example_branch_python_dop_operator_3.py
[2025-08-19T22:29:48.872+0000] {processor.py:830} INFO - Processing file /home/airflow/.local/lib/python3.8/site-packages/airflow/example_dags/example_branch_python_dop_operator_3.py for tasks to queue
[2025-08-19T22:29:48.872+0000] {logging_mixin.py:188} INFO - [2025-08-19T22:29:48.872+0000] {dagbag.py:538} INFO - Filling up the DagBag from /home/airflow/.local/lib/python3.8/site-packages/airflow/example_dags/example_branch_python_dop_operator_3.py
[2025-08-19T22:29:48.875+0000] {processor.py:840} INFO - DAG(s) 'example_branch_dop_operator_v3' retrieved from /home/airflow/.local/lib/python3.8/site-packages/airflow/example_dags/example_branch_python_dop_operator_3.py
[2025-08-19T22:29:48.883+0000] {logging_mixin.py:188} INFO - [2025-08-19T22:29:48.883+0000] {dag.py:3036} INFO - Sync 1 DAGs
[2025-08-19T22:29:48.894+0000] {logging_mixin.py:188} INFO - [2025-08-19T22:29:48.894+0000] {dag.py:3823} INFO - Setting next_dagrun for example_branch_dop_operator_v3 to 2025-08-19 22:28:00+00:00, run_after=2025-08-19 22:29:00+00:00
[2025-08-19T22:29:48.900+0000] {processor.py:183} INFO - Processing /home/airflow/.local/lib/python3.8/site-packages/airflow/example_dags/example_branch_python_dop_operator_3.py took 0.031 seconds
[2025-08-19T22:30:19.341+0000] {processor.py:161} INFO - Started process (PID=1179) to work on /home/airflow/.local/lib/python3.8/site-packages/airflow/example_dags/example_branch_python_dop_operator_3.py
[2025-08-19T22:30:19.342+0000] {processor.py:830} INFO - Processing file /home/airflow/.local/lib/python3.8/site-packages/airflow/example_dags/example_branch_python_dop_operator_3.py for tasks to queue
[2025-08-19T22:30:19.343+0000] {logging_mixin.py:188} INFO - [2025-08-19T22:30:19.342+0000] {dagbag.py:538} INFO - Filling up the DagBag from /home/airflow/.local/lib/python3.8/site-packages/airflow/example_dags/example_branch_python_dop_operator_3.py
[2025-08-19T22:30:19.348+0000] {processor.py:840} INFO - DAG(s) 'example_branch_dop_operator_v3' retrieved from /home/airflow/.local/lib/python3.8/site-packages/airflow/example_dags/example_branch_python_dop_operator_3.py
[2025-08-19T22:30:19.359+0000] {logging_mixin.py:188} INFO - [2025-08-19T22:30:19.358+0000] {dag.py:3036} INFO - Sync 1 DAGs
[2025-08-19T22:30:19.368+0000] {logging_mixin.py:188} INFO - [2025-08-19T22:30:19.368+0000] {dag.py:3823} INFO - Setting next_dagrun for example_branch_dop_operator_v3 to 2025-08-19 22:29:00+00:00, run_after=2025-08-19 22:30:00+00:00
[2025-08-19T22:30:19.374+0000] {processor.py:183} INFO - Processing /home/airflow/.local/lib/python3.8/site-packages/airflow/example_dags/example_branch_python_dop_operator_3.py took 0.035 seconds
