[2025-08-19T21:50:08.457+0000] {processor.py:161} INFO - Started process (PID=81) to work on /home/airflow/.local/lib/python3.8/site-packages/airflow/example_dags/example_kubernetes_executor.py
[2025-08-19T21:50:08.458+0000] {processor.py:830} INFO - Processing file /home/airflow/.local/lib/python3.8/site-packages/airflow/example_dags/example_kubernetes_executor.py for tasks to queue
[2025-08-19T21:50:08.460+0000] {logging_mixin.py:188} INFO - [2025-08-19T21:50:08.460+0000] {dagbag.py:538} INFO - Filling up the DagBag from /home/airflow/.local/lib/python3.8/site-packages/airflow/example_dags/example_kubernetes_executor.py
[2025-08-19T21:50:08.504+0000] {processor.py:840} INFO - DAG(s) 'example_kubernetes_executor' retrieved from /home/airflow/.local/lib/python3.8/site-packages/airflow/example_dags/example_kubernetes_executor.py
[2025-08-19T21:50:08.539+0000] {logging_mixin.py:188} INFO - [2025-08-19T21:50:08.538+0000] {dag.py:3036} INFO - Sync 1 DAGs
[2025-08-19T21:50:08.582+0000] {logging_mixin.py:188} INFO - [2025-08-19T21:50:08.582+0000] {dag.py:3823} INFO - Setting next_dagrun for example_kubernetes_executor to None, run_after=None
[2025-08-19T21:50:08.596+0000] {processor.py:183} INFO - Processing /home/airflow/.local/lib/python3.8/site-packages/airflow/example_dags/example_kubernetes_executor.py took 0.143 seconds
[2025-08-19T21:50:38.853+0000] {processor.py:161} INFO - Started process (PID=137) to work on /home/airflow/.local/lib/python3.8/site-packages/airflow/example_dags/example_kubernetes_executor.py
[2025-08-19T21:50:38.853+0000] {processor.py:830} INFO - Processing file /home/airflow/.local/lib/python3.8/site-packages/airflow/example_dags/example_kubernetes_executor.py for tasks to queue
[2025-08-19T21:50:38.854+0000] {logging_mixin.py:188} INFO - [2025-08-19T21:50:38.854+0000] {dagbag.py:538} INFO - Filling up the DagBag from /home/airflow/.local/lib/python3.8/site-packages/airflow/example_dags/example_kubernetes_executor.py
[2025-08-19T21:50:38.860+0000] {processor.py:840} INFO - DAG(s) 'example_kubernetes_executor' retrieved from /home/airflow/.local/lib/python3.8/site-packages/airflow/example_dags/example_kubernetes_executor.py
[2025-08-19T21:50:38.904+0000] {logging_mixin.py:188} INFO - [2025-08-19T21:50:38.904+0000] {dag.py:3036} INFO - Sync 1 DAGs
[2025-08-19T21:50:38.907+0000] {logging_mixin.py:188} INFO - [2025-08-19T21:50:38.907+0000] {dag.py:3823} INFO - Setting next_dagrun for example_kubernetes_executor to None, run_after=None
[2025-08-19T21:50:38.917+0000] {processor.py:183} INFO - Processing /home/airflow/.local/lib/python3.8/site-packages/airflow/example_dags/example_kubernetes_executor.py took 0.065 seconds
[2025-08-19T21:51:09.418+0000] {processor.py:161} INFO - Started process (PID=192) to work on /home/airflow/.local/lib/python3.8/site-packages/airflow/example_dags/example_kubernetes_executor.py
[2025-08-19T21:51:09.421+0000] {processor.py:830} INFO - Processing file /home/airflow/.local/lib/python3.8/site-packages/airflow/example_dags/example_kubernetes_executor.py for tasks to queue
[2025-08-19T21:51:09.423+0000] {logging_mixin.py:188} INFO - [2025-08-19T21:51:09.422+0000] {dagbag.py:538} INFO - Filling up the DagBag from /home/airflow/.local/lib/python3.8/site-packages/airflow/example_dags/example_kubernetes_executor.py
[2025-08-19T21:51:09.429+0000] {processor.py:840} INFO - DAG(s) 'example_kubernetes_executor' retrieved from /home/airflow/.local/lib/python3.8/site-packages/airflow/example_dags/example_kubernetes_executor.py
[2025-08-19T21:51:09.444+0000] {logging_mixin.py:188} INFO - [2025-08-19T21:51:09.444+0000] {dag.py:3036} INFO - Sync 1 DAGs
[2025-08-19T21:51:09.449+0000] {logging_mixin.py:188} INFO - [2025-08-19T21:51:09.449+0000] {dag.py:3823} INFO - Setting next_dagrun for example_kubernetes_executor to None, run_after=None
[2025-08-19T21:51:09.456+0000] {processor.py:183} INFO - Processing /home/airflow/.local/lib/python3.8/site-packages/airflow/example_dags/example_kubernetes_executor.py took 0.039 seconds
[2025-08-19T21:51:39.930+0000] {processor.py:161} INFO - Started process (PID=254) to work on /home/airflow/.local/lib/python3.8/site-packages/airflow/example_dags/example_kubernetes_executor.py
[2025-08-19T21:51:39.931+0000] {processor.py:830} INFO - Processing file /home/airflow/.local/lib/python3.8/site-packages/airflow/example_dags/example_kubernetes_executor.py for tasks to queue
[2025-08-19T21:51:39.932+0000] {logging_mixin.py:188} INFO - [2025-08-19T21:51:39.932+0000] {dagbag.py:538} INFO - Filling up the DagBag from /home/airflow/.local/lib/python3.8/site-packages/airflow/example_dags/example_kubernetes_executor.py
[2025-08-19T21:51:39.939+0000] {processor.py:840} INFO - DAG(s) 'example_kubernetes_executor' retrieved from /home/airflow/.local/lib/python3.8/site-packages/airflow/example_dags/example_kubernetes_executor.py
[2025-08-19T21:51:39.957+0000] {logging_mixin.py:188} INFO - [2025-08-19T21:51:39.957+0000] {dag.py:3036} INFO - Sync 1 DAGs
[2025-08-19T21:51:39.961+0000] {logging_mixin.py:188} INFO - [2025-08-19T21:51:39.961+0000] {dag.py:3823} INFO - Setting next_dagrun for example_kubernetes_executor to None, run_after=None
[2025-08-19T21:51:39.968+0000] {processor.py:183} INFO - Processing /home/airflow/.local/lib/python3.8/site-packages/airflow/example_dags/example_kubernetes_executor.py took 0.039 seconds
[2025-08-19T21:52:10.720+0000] {processor.py:161} INFO - Started process (PID=310) to work on /home/airflow/.local/lib/python3.8/site-packages/airflow/example_dags/example_kubernetes_executor.py
[2025-08-19T21:52:10.720+0000] {processor.py:830} INFO - Processing file /home/airflow/.local/lib/python3.8/site-packages/airflow/example_dags/example_kubernetes_executor.py for tasks to queue
[2025-08-19T21:52:10.722+0000] {logging_mixin.py:188} INFO - [2025-08-19T21:52:10.722+0000] {dagbag.py:538} INFO - Filling up the DagBag from /home/airflow/.local/lib/python3.8/site-packages/airflow/example_dags/example_kubernetes_executor.py
[2025-08-19T21:52:10.728+0000] {processor.py:840} INFO - DAG(s) 'example_kubernetes_executor' retrieved from /home/airflow/.local/lib/python3.8/site-packages/airflow/example_dags/example_kubernetes_executor.py
[2025-08-19T21:52:10.743+0000] {logging_mixin.py:188} INFO - [2025-08-19T21:52:10.743+0000] {dag.py:3036} INFO - Sync 1 DAGs
[2025-08-19T21:52:10.751+0000] {logging_mixin.py:188} INFO - [2025-08-19T21:52:10.751+0000] {dag.py:3823} INFO - Setting next_dagrun for example_kubernetes_executor to None, run_after=None
[2025-08-19T21:52:10.758+0000] {processor.py:183} INFO - Processing /home/airflow/.local/lib/python3.8/site-packages/airflow/example_dags/example_kubernetes_executor.py took 0.040 seconds
[2025-08-19T21:52:41.448+0000] {processor.py:161} INFO - Started process (PID=366) to work on /home/airflow/.local/lib/python3.8/site-packages/airflow/example_dags/example_kubernetes_executor.py
[2025-08-19T21:52:41.450+0000] {processor.py:830} INFO - Processing file /home/airflow/.local/lib/python3.8/site-packages/airflow/example_dags/example_kubernetes_executor.py for tasks to queue
[2025-08-19T21:52:41.452+0000] {logging_mixin.py:188} INFO - [2025-08-19T21:52:41.451+0000] {dagbag.py:538} INFO - Filling up the DagBag from /home/airflow/.local/lib/python3.8/site-packages/airflow/example_dags/example_kubernetes_executor.py
[2025-08-19T21:52:41.458+0000] {processor.py:840} INFO - DAG(s) 'example_kubernetes_executor' retrieved from /home/airflow/.local/lib/python3.8/site-packages/airflow/example_dags/example_kubernetes_executor.py
[2025-08-19T21:52:41.477+0000] {logging_mixin.py:188} INFO - [2025-08-19T21:52:41.477+0000] {dag.py:3036} INFO - Sync 1 DAGs
[2025-08-19T21:52:41.482+0000] {logging_mixin.py:188} INFO - [2025-08-19T21:52:41.482+0000] {dag.py:3823} INFO - Setting next_dagrun for example_kubernetes_executor to None, run_after=None
[2025-08-19T21:52:41.490+0000] {processor.py:183} INFO - Processing /home/airflow/.local/lib/python3.8/site-packages/airflow/example_dags/example_kubernetes_executor.py took 0.044 seconds
[2025-08-19T21:53:12.073+0000] {processor.py:161} INFO - Started process (PID=422) to work on /home/airflow/.local/lib/python3.8/site-packages/airflow/example_dags/example_kubernetes_executor.py
[2025-08-19T21:53:12.077+0000] {processor.py:830} INFO - Processing file /home/airflow/.local/lib/python3.8/site-packages/airflow/example_dags/example_kubernetes_executor.py for tasks to queue
[2025-08-19T21:53:12.078+0000] {logging_mixin.py:188} INFO - [2025-08-19T21:53:12.078+0000] {dagbag.py:538} INFO - Filling up the DagBag from /home/airflow/.local/lib/python3.8/site-packages/airflow/example_dags/example_kubernetes_executor.py
[2025-08-19T21:53:12.085+0000] {processor.py:840} INFO - DAG(s) 'example_kubernetes_executor' retrieved from /home/airflow/.local/lib/python3.8/site-packages/airflow/example_dags/example_kubernetes_executor.py
[2025-08-19T21:53:12.104+0000] {logging_mixin.py:188} INFO - [2025-08-19T21:53:12.104+0000] {dag.py:3036} INFO - Sync 1 DAGs
[2025-08-19T21:53:12.110+0000] {logging_mixin.py:188} INFO - [2025-08-19T21:53:12.110+0000] {dag.py:3823} INFO - Setting next_dagrun for example_kubernetes_executor to None, run_after=None
[2025-08-19T21:53:12.121+0000] {processor.py:183} INFO - Processing /home/airflow/.local/lib/python3.8/site-packages/airflow/example_dags/example_kubernetes_executor.py took 0.050 seconds
[2025-08-19T21:53:42.722+0000] {processor.py:161} INFO - Started process (PID=478) to work on /home/airflow/.local/lib/python3.8/site-packages/airflow/example_dags/example_kubernetes_executor.py
[2025-08-19T21:53:42.723+0000] {processor.py:830} INFO - Processing file /home/airflow/.local/lib/python3.8/site-packages/airflow/example_dags/example_kubernetes_executor.py for tasks to queue
[2025-08-19T21:53:42.724+0000] {logging_mixin.py:188} INFO - [2025-08-19T21:53:42.724+0000] {dagbag.py:538} INFO - Filling up the DagBag from /home/airflow/.local/lib/python3.8/site-packages/airflow/example_dags/example_kubernetes_executor.py
[2025-08-19T21:53:42.731+0000] {processor.py:840} INFO - DAG(s) 'example_kubernetes_executor' retrieved from /home/airflow/.local/lib/python3.8/site-packages/airflow/example_dags/example_kubernetes_executor.py
[2025-08-19T21:53:42.752+0000] {logging_mixin.py:188} INFO - [2025-08-19T21:53:42.751+0000] {dag.py:3036} INFO - Sync 1 DAGs
[2025-08-19T21:53:42.757+0000] {logging_mixin.py:188} INFO - [2025-08-19T21:53:42.756+0000] {dag.py:3823} INFO - Setting next_dagrun for example_kubernetes_executor to None, run_after=None
[2025-08-19T21:53:42.764+0000] {processor.py:183} INFO - Processing /home/airflow/.local/lib/python3.8/site-packages/airflow/example_dags/example_kubernetes_executor.py took 0.044 seconds
[2025-08-19T21:54:13.303+0000] {processor.py:161} INFO - Started process (PID=534) to work on /home/airflow/.local/lib/python3.8/site-packages/airflow/example_dags/example_kubernetes_executor.py
[2025-08-19T21:54:13.306+0000] {processor.py:830} INFO - Processing file /home/airflow/.local/lib/python3.8/site-packages/airflow/example_dags/example_kubernetes_executor.py for tasks to queue
[2025-08-19T21:54:13.307+0000] {logging_mixin.py:188} INFO - [2025-08-19T21:54:13.307+0000] {dagbag.py:538} INFO - Filling up the DagBag from /home/airflow/.local/lib/python3.8/site-packages/airflow/example_dags/example_kubernetes_executor.py
[2025-08-19T21:54:13.313+0000] {processor.py:840} INFO - DAG(s) 'example_kubernetes_executor' retrieved from /home/airflow/.local/lib/python3.8/site-packages/airflow/example_dags/example_kubernetes_executor.py
[2025-08-19T21:54:13.330+0000] {logging_mixin.py:188} INFO - [2025-08-19T21:54:13.329+0000] {dag.py:3036} INFO - Sync 1 DAGs
[2025-08-19T21:54:13.334+0000] {logging_mixin.py:188} INFO - [2025-08-19T21:54:13.334+0000] {dag.py:3823} INFO - Setting next_dagrun for example_kubernetes_executor to None, run_after=None
[2025-08-19T21:54:13.343+0000] {processor.py:183} INFO - Processing /home/airflow/.local/lib/python3.8/site-packages/airflow/example_dags/example_kubernetes_executor.py took 0.042 seconds
[2025-08-19T21:54:43.942+0000] {processor.py:161} INFO - Started process (PID=590) to work on /home/airflow/.local/lib/python3.8/site-packages/airflow/example_dags/example_kubernetes_executor.py
[2025-08-19T21:54:43.943+0000] {processor.py:830} INFO - Processing file /home/airflow/.local/lib/python3.8/site-packages/airflow/example_dags/example_kubernetes_executor.py for tasks to queue
[2025-08-19T21:54:43.943+0000] {logging_mixin.py:188} INFO - [2025-08-19T21:54:43.943+0000] {dagbag.py:538} INFO - Filling up the DagBag from /home/airflow/.local/lib/python3.8/site-packages/airflow/example_dags/example_kubernetes_executor.py
[2025-08-19T21:54:43.952+0000] {processor.py:840} INFO - DAG(s) 'example_kubernetes_executor' retrieved from /home/airflow/.local/lib/python3.8/site-packages/airflow/example_dags/example_kubernetes_executor.py
[2025-08-19T21:54:43.968+0000] {logging_mixin.py:188} INFO - [2025-08-19T21:54:43.967+0000] {dag.py:3036} INFO - Sync 1 DAGs
[2025-08-19T21:54:43.972+0000] {logging_mixin.py:188} INFO - [2025-08-19T21:54:43.972+0000] {dag.py:3823} INFO - Setting next_dagrun for example_kubernetes_executor to None, run_after=None
[2025-08-19T21:54:43.983+0000] {processor.py:183} INFO - Processing /home/airflow/.local/lib/python3.8/site-packages/airflow/example_dags/example_kubernetes_executor.py took 0.042 seconds
[2025-08-19T21:55:14.453+0000] {processor.py:161} INFO - Started process (PID=646) to work on /home/airflow/.local/lib/python3.8/site-packages/airflow/example_dags/example_kubernetes_executor.py
[2025-08-19T21:55:14.454+0000] {processor.py:830} INFO - Processing file /home/airflow/.local/lib/python3.8/site-packages/airflow/example_dags/example_kubernetes_executor.py for tasks to queue
[2025-08-19T21:55:14.455+0000] {logging_mixin.py:188} INFO - [2025-08-19T21:55:14.454+0000] {dagbag.py:538} INFO - Filling up the DagBag from /home/airflow/.local/lib/python3.8/site-packages/airflow/example_dags/example_kubernetes_executor.py
[2025-08-19T21:55:14.461+0000] {processor.py:840} INFO - DAG(s) 'example_kubernetes_executor' retrieved from /home/airflow/.local/lib/python3.8/site-packages/airflow/example_dags/example_kubernetes_executor.py
[2025-08-19T21:55:14.476+0000] {logging_mixin.py:188} INFO - [2025-08-19T21:55:14.476+0000] {dag.py:3036} INFO - Sync 1 DAGs
[2025-08-19T21:55:14.482+0000] {logging_mixin.py:188} INFO - [2025-08-19T21:55:14.482+0000] {dag.py:3823} INFO - Setting next_dagrun for example_kubernetes_executor to None, run_after=None
[2025-08-19T21:55:14.493+0000] {processor.py:183} INFO - Processing /home/airflow/.local/lib/python3.8/site-packages/airflow/example_dags/example_kubernetes_executor.py took 0.042 seconds
[2025-08-19T21:55:45.104+0000] {processor.py:161} INFO - Started process (PID=702) to work on /home/airflow/.local/lib/python3.8/site-packages/airflow/example_dags/example_kubernetes_executor.py
[2025-08-19T21:55:45.108+0000] {processor.py:830} INFO - Processing file /home/airflow/.local/lib/python3.8/site-packages/airflow/example_dags/example_kubernetes_executor.py for tasks to queue
[2025-08-19T21:55:45.109+0000] {logging_mixin.py:188} INFO - [2025-08-19T21:55:45.109+0000] {dagbag.py:538} INFO - Filling up the DagBag from /home/airflow/.local/lib/python3.8/site-packages/airflow/example_dags/example_kubernetes_executor.py
[2025-08-19T21:55:45.116+0000] {processor.py:840} INFO - DAG(s) 'example_kubernetes_executor' retrieved from /home/airflow/.local/lib/python3.8/site-packages/airflow/example_dags/example_kubernetes_executor.py
[2025-08-19T21:55:45.142+0000] {logging_mixin.py:188} INFO - [2025-08-19T21:55:45.142+0000] {dag.py:3036} INFO - Sync 1 DAGs
[2025-08-19T21:55:45.148+0000] {logging_mixin.py:188} INFO - [2025-08-19T21:55:45.148+0000] {dag.py:3823} INFO - Setting next_dagrun for example_kubernetes_executor to None, run_after=None
[2025-08-19T21:55:45.157+0000] {processor.py:183} INFO - Processing /home/airflow/.local/lib/python3.8/site-packages/airflow/example_dags/example_kubernetes_executor.py took 0.055 seconds
[2025-08-19T21:56:15.712+0000] {processor.py:161} INFO - Started process (PID=758) to work on /home/airflow/.local/lib/python3.8/site-packages/airflow/example_dags/example_kubernetes_executor.py
[2025-08-19T21:56:15.713+0000] {processor.py:830} INFO - Processing file /home/airflow/.local/lib/python3.8/site-packages/airflow/example_dags/example_kubernetes_executor.py for tasks to queue
[2025-08-19T21:56:15.716+0000] {logging_mixin.py:188} INFO - [2025-08-19T21:56:15.716+0000] {dagbag.py:538} INFO - Filling up the DagBag from /home/airflow/.local/lib/python3.8/site-packages/airflow/example_dags/example_kubernetes_executor.py
[2025-08-19T21:56:15.722+0000] {processor.py:840} INFO - DAG(s) 'example_kubernetes_executor' retrieved from /home/airflow/.local/lib/python3.8/site-packages/airflow/example_dags/example_kubernetes_executor.py
[2025-08-19T21:56:15.739+0000] {logging_mixin.py:188} INFO - [2025-08-19T21:56:15.738+0000] {dag.py:3036} INFO - Sync 1 DAGs
[2025-08-19T21:56:15.744+0000] {logging_mixin.py:188} INFO - [2025-08-19T21:56:15.744+0000] {dag.py:3823} INFO - Setting next_dagrun for example_kubernetes_executor to None, run_after=None
[2025-08-19T21:56:15.753+0000] {processor.py:183} INFO - Processing /home/airflow/.local/lib/python3.8/site-packages/airflow/example_dags/example_kubernetes_executor.py took 0.042 seconds
[2025-08-19T21:56:46.350+0000] {processor.py:161} INFO - Started process (PID=814) to work on /home/airflow/.local/lib/python3.8/site-packages/airflow/example_dags/example_kubernetes_executor.py
[2025-08-19T21:56:46.350+0000] {processor.py:830} INFO - Processing file /home/airflow/.local/lib/python3.8/site-packages/airflow/example_dags/example_kubernetes_executor.py for tasks to queue
[2025-08-19T21:56:46.351+0000] {logging_mixin.py:188} INFO - [2025-08-19T21:56:46.351+0000] {dagbag.py:538} INFO - Filling up the DagBag from /home/airflow/.local/lib/python3.8/site-packages/airflow/example_dags/example_kubernetes_executor.py
[2025-08-19T21:56:46.356+0000] {processor.py:840} INFO - DAG(s) 'example_kubernetes_executor' retrieved from /home/airflow/.local/lib/python3.8/site-packages/airflow/example_dags/example_kubernetes_executor.py
[2025-08-19T21:56:46.370+0000] {logging_mixin.py:188} INFO - [2025-08-19T21:56:46.370+0000] {dag.py:3036} INFO - Sync 1 DAGs
[2025-08-19T21:56:46.374+0000] {logging_mixin.py:188} INFO - [2025-08-19T21:56:46.374+0000] {dag.py:3823} INFO - Setting next_dagrun for example_kubernetes_executor to None, run_after=None
[2025-08-19T21:56:46.379+0000] {processor.py:183} INFO - Processing /home/airflow/.local/lib/python3.8/site-packages/airflow/example_dags/example_kubernetes_executor.py took 0.031 seconds
[2025-08-19T21:57:16.994+0000] {processor.py:161} INFO - Started process (PID=870) to work on /home/airflow/.local/lib/python3.8/site-packages/airflow/example_dags/example_kubernetes_executor.py
[2025-08-19T21:57:16.995+0000] {processor.py:830} INFO - Processing file /home/airflow/.local/lib/python3.8/site-packages/airflow/example_dags/example_kubernetes_executor.py for tasks to queue
[2025-08-19T21:57:16.996+0000] {logging_mixin.py:188} INFO - [2025-08-19T21:57:16.996+0000] {dagbag.py:538} INFO - Filling up the DagBag from /home/airflow/.local/lib/python3.8/site-packages/airflow/example_dags/example_kubernetes_executor.py
[2025-08-19T21:57:17.009+0000] {processor.py:840} INFO - DAG(s) 'example_kubernetes_executor' retrieved from /home/airflow/.local/lib/python3.8/site-packages/airflow/example_dags/example_kubernetes_executor.py
[2025-08-19T21:57:17.025+0000] {logging_mixin.py:188} INFO - [2025-08-19T21:57:17.025+0000] {dag.py:3036} INFO - Sync 1 DAGs
[2025-08-19T21:57:17.030+0000] {logging_mixin.py:188} INFO - [2025-08-19T21:57:17.030+0000] {dag.py:3823} INFO - Setting next_dagrun for example_kubernetes_executor to None, run_after=None
[2025-08-19T21:57:17.037+0000] {processor.py:183} INFO - Processing /home/airflow/.local/lib/python3.8/site-packages/airflow/example_dags/example_kubernetes_executor.py took 0.044 seconds
[2025-08-19T21:57:47.552+0000] {processor.py:161} INFO - Started process (PID=926) to work on /home/airflow/.local/lib/python3.8/site-packages/airflow/example_dags/example_kubernetes_executor.py
[2025-08-19T21:57:47.553+0000] {processor.py:830} INFO - Processing file /home/airflow/.local/lib/python3.8/site-packages/airflow/example_dags/example_kubernetes_executor.py for tasks to queue
[2025-08-19T21:57:47.554+0000] {logging_mixin.py:188} INFO - [2025-08-19T21:57:47.553+0000] {dagbag.py:538} INFO - Filling up the DagBag from /home/airflow/.local/lib/python3.8/site-packages/airflow/example_dags/example_kubernetes_executor.py
[2025-08-19T21:57:47.560+0000] {processor.py:840} INFO - DAG(s) 'example_kubernetes_executor' retrieved from /home/airflow/.local/lib/python3.8/site-packages/airflow/example_dags/example_kubernetes_executor.py
[2025-08-19T21:57:47.576+0000] {logging_mixin.py:188} INFO - [2025-08-19T21:57:47.576+0000] {dag.py:3036} INFO - Sync 1 DAGs
[2025-08-19T21:57:47.581+0000] {logging_mixin.py:188} INFO - [2025-08-19T21:57:47.581+0000] {dag.py:3823} INFO - Setting next_dagrun for example_kubernetes_executor to None, run_after=None
[2025-08-19T21:57:47.589+0000] {processor.py:183} INFO - Processing /home/airflow/.local/lib/python3.8/site-packages/airflow/example_dags/example_kubernetes_executor.py took 0.039 seconds
[2025-08-19T21:58:18.113+0000] {processor.py:161} INFO - Started process (PID=982) to work on /home/airflow/.local/lib/python3.8/site-packages/airflow/example_dags/example_kubernetes_executor.py
[2025-08-19T21:58:18.114+0000] {processor.py:830} INFO - Processing file /home/airflow/.local/lib/python3.8/site-packages/airflow/example_dags/example_kubernetes_executor.py for tasks to queue
[2025-08-19T21:58:18.115+0000] {logging_mixin.py:188} INFO - [2025-08-19T21:58:18.115+0000] {dagbag.py:538} INFO - Filling up the DagBag from /home/airflow/.local/lib/python3.8/site-packages/airflow/example_dags/example_kubernetes_executor.py
[2025-08-19T21:58:18.121+0000] {processor.py:840} INFO - DAG(s) 'example_kubernetes_executor' retrieved from /home/airflow/.local/lib/python3.8/site-packages/airflow/example_dags/example_kubernetes_executor.py
[2025-08-19T21:58:18.136+0000] {logging_mixin.py:188} INFO - [2025-08-19T21:58:18.136+0000] {dag.py:3036} INFO - Sync 1 DAGs
[2025-08-19T21:58:18.141+0000] {logging_mixin.py:188} INFO - [2025-08-19T21:58:18.140+0000] {dag.py:3823} INFO - Setting next_dagrun for example_kubernetes_executor to None, run_after=None
[2025-08-19T21:58:18.149+0000] {processor.py:183} INFO - Processing /home/airflow/.local/lib/python3.8/site-packages/airflow/example_dags/example_kubernetes_executor.py took 0.038 seconds
[2025-08-19T21:58:48.715+0000] {processor.py:161} INFO - Started process (PID=1038) to work on /home/airflow/.local/lib/python3.8/site-packages/airflow/example_dags/example_kubernetes_executor.py
[2025-08-19T21:58:48.716+0000] {processor.py:830} INFO - Processing file /home/airflow/.local/lib/python3.8/site-packages/airflow/example_dags/example_kubernetes_executor.py for tasks to queue
[2025-08-19T21:58:48.717+0000] {logging_mixin.py:188} INFO - [2025-08-19T21:58:48.717+0000] {dagbag.py:538} INFO - Filling up the DagBag from /home/airflow/.local/lib/python3.8/site-packages/airflow/example_dags/example_kubernetes_executor.py
[2025-08-19T21:58:48.723+0000] {processor.py:840} INFO - DAG(s) 'example_kubernetes_executor' retrieved from /home/airflow/.local/lib/python3.8/site-packages/airflow/example_dags/example_kubernetes_executor.py
[2025-08-19T21:58:48.737+0000] {logging_mixin.py:188} INFO - [2025-08-19T21:58:48.737+0000] {dag.py:3036} INFO - Sync 1 DAGs
[2025-08-19T21:58:48.741+0000] {logging_mixin.py:188} INFO - [2025-08-19T21:58:48.741+0000] {dag.py:3823} INFO - Setting next_dagrun for example_kubernetes_executor to None, run_after=None
[2025-08-19T21:58:48.747+0000] {processor.py:183} INFO - Processing /home/airflow/.local/lib/python3.8/site-packages/airflow/example_dags/example_kubernetes_executor.py took 0.033 seconds
[2025-08-19T21:59:19.221+0000] {processor.py:161} INFO - Started process (PID=1094) to work on /home/airflow/.local/lib/python3.8/site-packages/airflow/example_dags/example_kubernetes_executor.py
[2025-08-19T21:59:19.221+0000] {processor.py:830} INFO - Processing file /home/airflow/.local/lib/python3.8/site-packages/airflow/example_dags/example_kubernetes_executor.py for tasks to queue
[2025-08-19T21:59:19.222+0000] {logging_mixin.py:188} INFO - [2025-08-19T21:59:19.222+0000] {dagbag.py:538} INFO - Filling up the DagBag from /home/airflow/.local/lib/python3.8/site-packages/airflow/example_dags/example_kubernetes_executor.py
[2025-08-19T21:59:19.227+0000] {processor.py:840} INFO - DAG(s) 'example_kubernetes_executor' retrieved from /home/airflow/.local/lib/python3.8/site-packages/airflow/example_dags/example_kubernetes_executor.py
[2025-08-19T21:59:19.240+0000] {logging_mixin.py:188} INFO - [2025-08-19T21:59:19.240+0000] {dag.py:3036} INFO - Sync 1 DAGs
[2025-08-19T21:59:19.244+0000] {logging_mixin.py:188} INFO - [2025-08-19T21:59:19.244+0000] {dag.py:3823} INFO - Setting next_dagrun for example_kubernetes_executor to None, run_after=None
[2025-08-19T21:59:19.249+0000] {processor.py:183} INFO - Processing /home/airflow/.local/lib/python3.8/site-packages/airflow/example_dags/example_kubernetes_executor.py took 0.031 seconds
[2025-08-19T21:59:49.744+0000] {processor.py:161} INFO - Started process (PID=1150) to work on /home/airflow/.local/lib/python3.8/site-packages/airflow/example_dags/example_kubernetes_executor.py
[2025-08-19T21:59:49.744+0000] {processor.py:830} INFO - Processing file /home/airflow/.local/lib/python3.8/site-packages/airflow/example_dags/example_kubernetes_executor.py for tasks to queue
[2025-08-19T21:59:49.745+0000] {logging_mixin.py:188} INFO - [2025-08-19T21:59:49.745+0000] {dagbag.py:538} INFO - Filling up the DagBag from /home/airflow/.local/lib/python3.8/site-packages/airflow/example_dags/example_kubernetes_executor.py
[2025-08-19T21:59:49.752+0000] {processor.py:840} INFO - DAG(s) 'example_kubernetes_executor' retrieved from /home/airflow/.local/lib/python3.8/site-packages/airflow/example_dags/example_kubernetes_executor.py
[2025-08-19T21:59:49.768+0000] {logging_mixin.py:188} INFO - [2025-08-19T21:59:49.767+0000] {dag.py:3036} INFO - Sync 1 DAGs
[2025-08-19T21:59:49.772+0000] {logging_mixin.py:188} INFO - [2025-08-19T21:59:49.772+0000] {dag.py:3823} INFO - Setting next_dagrun for example_kubernetes_executor to None, run_after=None
[2025-08-19T21:59:49.781+0000] {processor.py:183} INFO - Processing /home/airflow/.local/lib/python3.8/site-packages/airflow/example_dags/example_kubernetes_executor.py took 0.039 seconds
[2025-08-19T22:00:20.299+0000] {processor.py:161} INFO - Started process (PID=1206) to work on /home/airflow/.local/lib/python3.8/site-packages/airflow/example_dags/example_kubernetes_executor.py
[2025-08-19T22:00:20.300+0000] {processor.py:830} INFO - Processing file /home/airflow/.local/lib/python3.8/site-packages/airflow/example_dags/example_kubernetes_executor.py for tasks to queue
[2025-08-19T22:00:20.301+0000] {logging_mixin.py:188} INFO - [2025-08-19T22:00:20.301+0000] {dagbag.py:538} INFO - Filling up the DagBag from /home/airflow/.local/lib/python3.8/site-packages/airflow/example_dags/example_kubernetes_executor.py
[2025-08-19T22:00:20.306+0000] {processor.py:840} INFO - DAG(s) 'example_kubernetes_executor' retrieved from /home/airflow/.local/lib/python3.8/site-packages/airflow/example_dags/example_kubernetes_executor.py
[2025-08-19T22:00:20.322+0000] {logging_mixin.py:188} INFO - [2025-08-19T22:00:20.322+0000] {dag.py:3036} INFO - Sync 1 DAGs
[2025-08-19T22:00:20.326+0000] {logging_mixin.py:188} INFO - [2025-08-19T22:00:20.326+0000] {dag.py:3823} INFO - Setting next_dagrun for example_kubernetes_executor to None, run_after=None
[2025-08-19T22:00:20.334+0000] {processor.py:183} INFO - Processing /home/airflow/.local/lib/python3.8/site-packages/airflow/example_dags/example_kubernetes_executor.py took 0.036 seconds
[2025-08-19T22:00:50.847+0000] {processor.py:161} INFO - Started process (PID=1262) to work on /home/airflow/.local/lib/python3.8/site-packages/airflow/example_dags/example_kubernetes_executor.py
[2025-08-19T22:00:50.848+0000] {processor.py:830} INFO - Processing file /home/airflow/.local/lib/python3.8/site-packages/airflow/example_dags/example_kubernetes_executor.py for tasks to queue
[2025-08-19T22:00:50.849+0000] {logging_mixin.py:188} INFO - [2025-08-19T22:00:50.849+0000] {dagbag.py:538} INFO - Filling up the DagBag from /home/airflow/.local/lib/python3.8/site-packages/airflow/example_dags/example_kubernetes_executor.py
[2025-08-19T22:00:50.854+0000] {processor.py:840} INFO - DAG(s) 'example_kubernetes_executor' retrieved from /home/airflow/.local/lib/python3.8/site-packages/airflow/example_dags/example_kubernetes_executor.py
[2025-08-19T22:00:50.872+0000] {logging_mixin.py:188} INFO - [2025-08-19T22:00:50.872+0000] {dag.py:3036} INFO - Sync 1 DAGs
[2025-08-19T22:00:50.881+0000] {logging_mixin.py:188} INFO - [2025-08-19T22:00:50.881+0000] {dag.py:3823} INFO - Setting next_dagrun for example_kubernetes_executor to None, run_after=None
[2025-08-19T22:00:50.894+0000] {processor.py:183} INFO - Processing /home/airflow/.local/lib/python3.8/site-packages/airflow/example_dags/example_kubernetes_executor.py took 0.049 seconds
[2025-08-19T22:01:21.851+0000] {processor.py:161} INFO - Started process (PID=1318) to work on /home/airflow/.local/lib/python3.8/site-packages/airflow/example_dags/example_kubernetes_executor.py
[2025-08-19T22:01:21.852+0000] {processor.py:830} INFO - Processing file /home/airflow/.local/lib/python3.8/site-packages/airflow/example_dags/example_kubernetes_executor.py for tasks to queue
[2025-08-19T22:01:21.853+0000] {logging_mixin.py:188} INFO - [2025-08-19T22:01:21.853+0000] {dagbag.py:538} INFO - Filling up the DagBag from /home/airflow/.local/lib/python3.8/site-packages/airflow/example_dags/example_kubernetes_executor.py
[2025-08-19T22:01:21.861+0000] {processor.py:840} INFO - DAG(s) 'example_kubernetes_executor' retrieved from /home/airflow/.local/lib/python3.8/site-packages/airflow/example_dags/example_kubernetes_executor.py
[2025-08-19T22:01:21.889+0000] {logging_mixin.py:188} INFO - [2025-08-19T22:01:21.888+0000] {dag.py:3036} INFO - Sync 1 DAGs
[2025-08-19T22:01:21.895+0000] {logging_mixin.py:188} INFO - [2025-08-19T22:01:21.895+0000] {dag.py:3823} INFO - Setting next_dagrun for example_kubernetes_executor to None, run_after=None
[2025-08-19T22:01:21.909+0000] {processor.py:183} INFO - Processing /home/airflow/.local/lib/python3.8/site-packages/airflow/example_dags/example_kubernetes_executor.py took 0.060 seconds
[2025-08-19T22:01:52.847+0000] {processor.py:161} INFO - Started process (PID=1374) to work on /home/airflow/.local/lib/python3.8/site-packages/airflow/example_dags/example_kubernetes_executor.py
[2025-08-19T22:01:52.848+0000] {processor.py:830} INFO - Processing file /home/airflow/.local/lib/python3.8/site-packages/airflow/example_dags/example_kubernetes_executor.py for tasks to queue
[2025-08-19T22:01:52.851+0000] {logging_mixin.py:188} INFO - [2025-08-19T22:01:52.850+0000] {dagbag.py:538} INFO - Filling up the DagBag from /home/airflow/.local/lib/python3.8/site-packages/airflow/example_dags/example_kubernetes_executor.py
[2025-08-19T22:01:52.859+0000] {processor.py:840} INFO - DAG(s) 'example_kubernetes_executor' retrieved from /home/airflow/.local/lib/python3.8/site-packages/airflow/example_dags/example_kubernetes_executor.py
[2025-08-19T22:01:52.882+0000] {logging_mixin.py:188} INFO - [2025-08-19T22:01:52.882+0000] {dag.py:3036} INFO - Sync 1 DAGs
[2025-08-19T22:01:52.888+0000] {logging_mixin.py:188} INFO - [2025-08-19T22:01:52.888+0000] {dag.py:3823} INFO - Setting next_dagrun for example_kubernetes_executor to None, run_after=None
[2025-08-19T22:01:52.903+0000] {processor.py:183} INFO - Processing /home/airflow/.local/lib/python3.8/site-packages/airflow/example_dags/example_kubernetes_executor.py took 0.059 seconds
[2025-08-19T22:02:23.750+0000] {processor.py:161} INFO - Started process (PID=1430) to work on /home/airflow/.local/lib/python3.8/site-packages/airflow/example_dags/example_kubernetes_executor.py
[2025-08-19T22:02:23.753+0000] {processor.py:830} INFO - Processing file /home/airflow/.local/lib/python3.8/site-packages/airflow/example_dags/example_kubernetes_executor.py for tasks to queue
[2025-08-19T22:02:23.757+0000] {logging_mixin.py:188} INFO - [2025-08-19T22:02:23.757+0000] {dagbag.py:538} INFO - Filling up the DagBag from /home/airflow/.local/lib/python3.8/site-packages/airflow/example_dags/example_kubernetes_executor.py
[2025-08-19T22:02:23.764+0000] {processor.py:840} INFO - DAG(s) 'example_kubernetes_executor' retrieved from /home/airflow/.local/lib/python3.8/site-packages/airflow/example_dags/example_kubernetes_executor.py
[2025-08-19T22:02:23.787+0000] {logging_mixin.py:188} INFO - [2025-08-19T22:02:23.787+0000] {dag.py:3036} INFO - Sync 1 DAGs
[2025-08-19T22:02:23.792+0000] {logging_mixin.py:188} INFO - [2025-08-19T22:02:23.792+0000] {dag.py:3823} INFO - Setting next_dagrun for example_kubernetes_executor to None, run_after=None
[2025-08-19T22:02:23.799+0000] {processor.py:183} INFO - Processing /home/airflow/.local/lib/python3.8/site-packages/airflow/example_dags/example_kubernetes_executor.py took 0.051 seconds
[2025-08-19T22:02:54.628+0000] {processor.py:161} INFO - Started process (PID=1486) to work on /home/airflow/.local/lib/python3.8/site-packages/airflow/example_dags/example_kubernetes_executor.py
[2025-08-19T22:02:54.629+0000] {processor.py:830} INFO - Processing file /home/airflow/.local/lib/python3.8/site-packages/airflow/example_dags/example_kubernetes_executor.py for tasks to queue
[2025-08-19T22:02:54.630+0000] {logging_mixin.py:188} INFO - [2025-08-19T22:02:54.629+0000] {dagbag.py:538} INFO - Filling up the DagBag from /home/airflow/.local/lib/python3.8/site-packages/airflow/example_dags/example_kubernetes_executor.py
[2025-08-19T22:02:54.641+0000] {processor.py:840} INFO - DAG(s) 'example_kubernetes_executor' retrieved from /home/airflow/.local/lib/python3.8/site-packages/airflow/example_dags/example_kubernetes_executor.py
[2025-08-19T22:02:54.664+0000] {logging_mixin.py:188} INFO - [2025-08-19T22:02:54.664+0000] {dag.py:3036} INFO - Sync 1 DAGs
[2025-08-19T22:02:54.670+0000] {logging_mixin.py:188} INFO - [2025-08-19T22:02:54.670+0000] {dag.py:3823} INFO - Setting next_dagrun for example_kubernetes_executor to None, run_after=None
[2025-08-19T22:02:54.677+0000] {processor.py:183} INFO - Processing /home/airflow/.local/lib/python3.8/site-packages/airflow/example_dags/example_kubernetes_executor.py took 0.052 seconds
[2025-08-19T22:03:24.720+0000] {processor.py:161} INFO - Started process (PID=1542) to work on /home/airflow/.local/lib/python3.8/site-packages/airflow/example_dags/example_kubernetes_executor.py
[2025-08-19T22:03:24.721+0000] {processor.py:830} INFO - Processing file /home/airflow/.local/lib/python3.8/site-packages/airflow/example_dags/example_kubernetes_executor.py for tasks to queue
[2025-08-19T22:03:24.722+0000] {logging_mixin.py:188} INFO - [2025-08-19T22:03:24.722+0000] {dagbag.py:538} INFO - Filling up the DagBag from /home/airflow/.local/lib/python3.8/site-packages/airflow/example_dags/example_kubernetes_executor.py
[2025-08-19T22:03:24.729+0000] {processor.py:840} INFO - DAG(s) 'example_kubernetes_executor' retrieved from /home/airflow/.local/lib/python3.8/site-packages/airflow/example_dags/example_kubernetes_executor.py
[2025-08-19T22:03:24.747+0000] {logging_mixin.py:188} INFO - [2025-08-19T22:03:24.747+0000] {dag.py:3036} INFO - Sync 1 DAGs
[2025-08-19T22:03:24.752+0000] {logging_mixin.py:188} INFO - [2025-08-19T22:03:24.752+0000] {dag.py:3823} INFO - Setting next_dagrun for example_kubernetes_executor to None, run_after=None
[2025-08-19T22:03:24.763+0000] {processor.py:183} INFO - Processing /home/airflow/.local/lib/python3.8/site-packages/airflow/example_dags/example_kubernetes_executor.py took 0.044 seconds
[2025-08-19T22:03:55.424+0000] {processor.py:161} INFO - Started process (PID=1598) to work on /home/airflow/.local/lib/python3.8/site-packages/airflow/example_dags/example_kubernetes_executor.py
[2025-08-19T22:03:55.425+0000] {processor.py:830} INFO - Processing file /home/airflow/.local/lib/python3.8/site-packages/airflow/example_dags/example_kubernetes_executor.py for tasks to queue
[2025-08-19T22:03:55.426+0000] {logging_mixin.py:188} INFO - [2025-08-19T22:03:55.426+0000] {dagbag.py:538} INFO - Filling up the DagBag from /home/airflow/.local/lib/python3.8/site-packages/airflow/example_dags/example_kubernetes_executor.py
[2025-08-19T22:03:55.433+0000] {processor.py:840} INFO - DAG(s) 'example_kubernetes_executor' retrieved from /home/airflow/.local/lib/python3.8/site-packages/airflow/example_dags/example_kubernetes_executor.py
[2025-08-19T22:03:55.451+0000] {logging_mixin.py:188} INFO - [2025-08-19T22:03:55.450+0000] {dag.py:3036} INFO - Sync 1 DAGs
[2025-08-19T22:03:55.456+0000] {logging_mixin.py:188} INFO - [2025-08-19T22:03:55.456+0000] {dag.py:3823} INFO - Setting next_dagrun for example_kubernetes_executor to None, run_after=None
[2025-08-19T22:03:55.465+0000] {processor.py:183} INFO - Processing /home/airflow/.local/lib/python3.8/site-packages/airflow/example_dags/example_kubernetes_executor.py took 0.043 seconds
[2025-08-19T22:04:25.866+0000] {processor.py:161} INFO - Started process (PID=1654) to work on /home/airflow/.local/lib/python3.8/site-packages/airflow/example_dags/example_kubernetes_executor.py
[2025-08-19T22:04:25.867+0000] {processor.py:830} INFO - Processing file /home/airflow/.local/lib/python3.8/site-packages/airflow/example_dags/example_kubernetes_executor.py for tasks to queue
[2025-08-19T22:04:25.868+0000] {logging_mixin.py:188} INFO - [2025-08-19T22:04:25.868+0000] {dagbag.py:538} INFO - Filling up the DagBag from /home/airflow/.local/lib/python3.8/site-packages/airflow/example_dags/example_kubernetes_executor.py
[2025-08-19T22:04:25.873+0000] {processor.py:840} INFO - DAG(s) 'example_kubernetes_executor' retrieved from /home/airflow/.local/lib/python3.8/site-packages/airflow/example_dags/example_kubernetes_executor.py
[2025-08-19T22:04:25.891+0000] {logging_mixin.py:188} INFO - [2025-08-19T22:04:25.891+0000] {dag.py:3036} INFO - Sync 1 DAGs
[2025-08-19T22:04:25.896+0000] {logging_mixin.py:188} INFO - [2025-08-19T22:04:25.896+0000] {dag.py:3823} INFO - Setting next_dagrun for example_kubernetes_executor to None, run_after=None
[2025-08-19T22:04:25.907+0000] {processor.py:183} INFO - Processing /home/airflow/.local/lib/python3.8/site-packages/airflow/example_dags/example_kubernetes_executor.py took 0.044 seconds
[2025-08-19T22:04:56.305+0000] {processor.py:161} INFO - Started process (PID=1710) to work on /home/airflow/.local/lib/python3.8/site-packages/airflow/example_dags/example_kubernetes_executor.py
[2025-08-19T22:04:56.307+0000] {processor.py:830} INFO - Processing file /home/airflow/.local/lib/python3.8/site-packages/airflow/example_dags/example_kubernetes_executor.py for tasks to queue
[2025-08-19T22:04:56.308+0000] {logging_mixin.py:188} INFO - [2025-08-19T22:04:56.308+0000] {dagbag.py:538} INFO - Filling up the DagBag from /home/airflow/.local/lib/python3.8/site-packages/airflow/example_dags/example_kubernetes_executor.py
[2025-08-19T22:04:56.314+0000] {processor.py:840} INFO - DAG(s) 'example_kubernetes_executor' retrieved from /home/airflow/.local/lib/python3.8/site-packages/airflow/example_dags/example_kubernetes_executor.py
[2025-08-19T22:04:56.328+0000] {logging_mixin.py:188} INFO - [2025-08-19T22:04:56.327+0000] {dag.py:3036} INFO - Sync 1 DAGs
[2025-08-19T22:04:56.331+0000] {logging_mixin.py:188} INFO - [2025-08-19T22:04:56.331+0000] {dag.py:3823} INFO - Setting next_dagrun for example_kubernetes_executor to None, run_after=None
[2025-08-19T22:04:56.340+0000] {processor.py:183} INFO - Processing /home/airflow/.local/lib/python3.8/site-packages/airflow/example_dags/example_kubernetes_executor.py took 0.036 seconds
[2025-08-19T22:05:27.323+0000] {processor.py:161} INFO - Started process (PID=1766) to work on /home/airflow/.local/lib/python3.8/site-packages/airflow/example_dags/example_kubernetes_executor.py
[2025-08-19T22:05:27.323+0000] {processor.py:830} INFO - Processing file /home/airflow/.local/lib/python3.8/site-packages/airflow/example_dags/example_kubernetes_executor.py for tasks to queue
[2025-08-19T22:05:27.324+0000] {logging_mixin.py:188} INFO - [2025-08-19T22:05:27.324+0000] {dagbag.py:538} INFO - Filling up the DagBag from /home/airflow/.local/lib/python3.8/site-packages/airflow/example_dags/example_kubernetes_executor.py
[2025-08-19T22:05:27.330+0000] {processor.py:840} INFO - DAG(s) 'example_kubernetes_executor' retrieved from /home/airflow/.local/lib/python3.8/site-packages/airflow/example_dags/example_kubernetes_executor.py
[2025-08-19T22:05:27.344+0000] {logging_mixin.py:188} INFO - [2025-08-19T22:05:27.344+0000] {dag.py:3036} INFO - Sync 1 DAGs
[2025-08-19T22:05:27.352+0000] {logging_mixin.py:188} INFO - [2025-08-19T22:05:27.351+0000] {dag.py:3823} INFO - Setting next_dagrun for example_kubernetes_executor to None, run_after=None
[2025-08-19T22:05:27.360+0000] {processor.py:183} INFO - Processing /home/airflow/.local/lib/python3.8/site-packages/airflow/example_dags/example_kubernetes_executor.py took 0.039 seconds
[2025-08-19T22:05:57.948+0000] {processor.py:161} INFO - Started process (PID=1822) to work on /home/airflow/.local/lib/python3.8/site-packages/airflow/example_dags/example_kubernetes_executor.py
[2025-08-19T22:05:57.948+0000] {processor.py:830} INFO - Processing file /home/airflow/.local/lib/python3.8/site-packages/airflow/example_dags/example_kubernetes_executor.py for tasks to queue
[2025-08-19T22:05:57.950+0000] {logging_mixin.py:188} INFO - [2025-08-19T22:05:57.950+0000] {dagbag.py:538} INFO - Filling up the DagBag from /home/airflow/.local/lib/python3.8/site-packages/airflow/example_dags/example_kubernetes_executor.py
[2025-08-19T22:05:57.956+0000] {processor.py:840} INFO - DAG(s) 'example_kubernetes_executor' retrieved from /home/airflow/.local/lib/python3.8/site-packages/airflow/example_dags/example_kubernetes_executor.py
[2025-08-19T22:05:57.973+0000] {logging_mixin.py:188} INFO - [2025-08-19T22:05:57.973+0000] {dag.py:3036} INFO - Sync 1 DAGs
[2025-08-19T22:05:57.979+0000] {logging_mixin.py:188} INFO - [2025-08-19T22:05:57.978+0000] {dag.py:3823} INFO - Setting next_dagrun for example_kubernetes_executor to None, run_after=None
[2025-08-19T22:05:57.991+0000] {processor.py:183} INFO - Processing /home/airflow/.local/lib/python3.8/site-packages/airflow/example_dags/example_kubernetes_executor.py took 0.045 seconds
[2025-08-19T22:06:28.367+0000] {processor.py:161} INFO - Started process (PID=1878) to work on /home/airflow/.local/lib/python3.8/site-packages/airflow/example_dags/example_kubernetes_executor.py
[2025-08-19T22:06:28.367+0000] {processor.py:830} INFO - Processing file /home/airflow/.local/lib/python3.8/site-packages/airflow/example_dags/example_kubernetes_executor.py for tasks to queue
[2025-08-19T22:06:28.368+0000] {logging_mixin.py:188} INFO - [2025-08-19T22:06:28.368+0000] {dagbag.py:538} INFO - Filling up the DagBag from /home/airflow/.local/lib/python3.8/site-packages/airflow/example_dags/example_kubernetes_executor.py
[2025-08-19T22:06:28.374+0000] {processor.py:840} INFO - DAG(s) 'example_kubernetes_executor' retrieved from /home/airflow/.local/lib/python3.8/site-packages/airflow/example_dags/example_kubernetes_executor.py
[2025-08-19T22:06:28.388+0000] {logging_mixin.py:188} INFO - [2025-08-19T22:06:28.388+0000] {dag.py:3036} INFO - Sync 1 DAGs
[2025-08-19T22:06:28.392+0000] {logging_mixin.py:188} INFO - [2025-08-19T22:06:28.392+0000] {dag.py:3823} INFO - Setting next_dagrun for example_kubernetes_executor to None, run_after=None
[2025-08-19T22:06:28.403+0000] {processor.py:183} INFO - Processing /home/airflow/.local/lib/python3.8/site-packages/airflow/example_dags/example_kubernetes_executor.py took 0.038 seconds
[2025-08-19T22:06:59.273+0000] {processor.py:161} INFO - Started process (PID=1934) to work on /home/airflow/.local/lib/python3.8/site-packages/airflow/example_dags/example_kubernetes_executor.py
[2025-08-19T22:06:59.274+0000] {processor.py:830} INFO - Processing file /home/airflow/.local/lib/python3.8/site-packages/airflow/example_dags/example_kubernetes_executor.py for tasks to queue
[2025-08-19T22:06:59.275+0000] {logging_mixin.py:188} INFO - [2025-08-19T22:06:59.274+0000] {dagbag.py:538} INFO - Filling up the DagBag from /home/airflow/.local/lib/python3.8/site-packages/airflow/example_dags/example_kubernetes_executor.py
[2025-08-19T22:06:59.281+0000] {processor.py:840} INFO - DAG(s) 'example_kubernetes_executor' retrieved from /home/airflow/.local/lib/python3.8/site-packages/airflow/example_dags/example_kubernetes_executor.py
[2025-08-19T22:06:59.302+0000] {logging_mixin.py:188} INFO - [2025-08-19T22:06:59.302+0000] {dag.py:3036} INFO - Sync 1 DAGs
[2025-08-19T22:06:59.309+0000] {logging_mixin.py:188} INFO - [2025-08-19T22:06:59.309+0000] {dag.py:3823} INFO - Setting next_dagrun for example_kubernetes_executor to None, run_after=None
[2025-08-19T22:06:59.321+0000] {processor.py:183} INFO - Processing /home/airflow/.local/lib/python3.8/site-packages/airflow/example_dags/example_kubernetes_executor.py took 0.050 seconds
[2025-08-19T22:07:30.150+0000] {processor.py:161} INFO - Started process (PID=1990) to work on /home/airflow/.local/lib/python3.8/site-packages/airflow/example_dags/example_kubernetes_executor.py
[2025-08-19T22:07:30.151+0000] {processor.py:830} INFO - Processing file /home/airflow/.local/lib/python3.8/site-packages/airflow/example_dags/example_kubernetes_executor.py for tasks to queue
[2025-08-19T22:07:30.152+0000] {logging_mixin.py:188} INFO - [2025-08-19T22:07:30.152+0000] {dagbag.py:538} INFO - Filling up the DagBag from /home/airflow/.local/lib/python3.8/site-packages/airflow/example_dags/example_kubernetes_executor.py
[2025-08-19T22:07:30.157+0000] {processor.py:840} INFO - DAG(s) 'example_kubernetes_executor' retrieved from /home/airflow/.local/lib/python3.8/site-packages/airflow/example_dags/example_kubernetes_executor.py
[2025-08-19T22:07:30.177+0000] {logging_mixin.py:188} INFO - [2025-08-19T22:07:30.177+0000] {dag.py:3036} INFO - Sync 1 DAGs
[2025-08-19T22:07:30.182+0000] {logging_mixin.py:188} INFO - [2025-08-19T22:07:30.182+0000] {dag.py:3823} INFO - Setting next_dagrun for example_kubernetes_executor to None, run_after=None
[2025-08-19T22:07:30.193+0000] {processor.py:183} INFO - Processing /home/airflow/.local/lib/python3.8/site-packages/airflow/example_dags/example_kubernetes_executor.py took 0.044 seconds
[2025-08-19T22:08:00.971+0000] {processor.py:161} INFO - Started process (PID=2046) to work on /home/airflow/.local/lib/python3.8/site-packages/airflow/example_dags/example_kubernetes_executor.py
[2025-08-19T22:08:00.971+0000] {processor.py:830} INFO - Processing file /home/airflow/.local/lib/python3.8/site-packages/airflow/example_dags/example_kubernetes_executor.py for tasks to queue
[2025-08-19T22:08:00.972+0000] {logging_mixin.py:188} INFO - [2025-08-19T22:08:00.972+0000] {dagbag.py:538} INFO - Filling up the DagBag from /home/airflow/.local/lib/python3.8/site-packages/airflow/example_dags/example_kubernetes_executor.py
[2025-08-19T22:08:00.977+0000] {processor.py:840} INFO - DAG(s) 'example_kubernetes_executor' retrieved from /home/airflow/.local/lib/python3.8/site-packages/airflow/example_dags/example_kubernetes_executor.py
[2025-08-19T22:08:00.990+0000] {logging_mixin.py:188} INFO - [2025-08-19T22:08:00.990+0000] {dag.py:3036} INFO - Sync 1 DAGs
[2025-08-19T22:08:00.995+0000] {logging_mixin.py:188} INFO - [2025-08-19T22:08:00.994+0000] {dag.py:3823} INFO - Setting next_dagrun for example_kubernetes_executor to None, run_after=None
[2025-08-19T22:08:01.000+0000] {processor.py:183} INFO - Processing /home/airflow/.local/lib/python3.8/site-packages/airflow/example_dags/example_kubernetes_executor.py took 0.031 seconds
[2025-08-19T22:08:31.714+0000] {processor.py:161} INFO - Started process (PID=2102) to work on /home/airflow/.local/lib/python3.8/site-packages/airflow/example_dags/example_kubernetes_executor.py
[2025-08-19T22:08:31.716+0000] {processor.py:830} INFO - Processing file /home/airflow/.local/lib/python3.8/site-packages/airflow/example_dags/example_kubernetes_executor.py for tasks to queue
[2025-08-19T22:08:31.717+0000] {logging_mixin.py:188} INFO - [2025-08-19T22:08:31.717+0000] {dagbag.py:538} INFO - Filling up the DagBag from /home/airflow/.local/lib/python3.8/site-packages/airflow/example_dags/example_kubernetes_executor.py
[2025-08-19T22:08:31.723+0000] {processor.py:840} INFO - DAG(s) 'example_kubernetes_executor' retrieved from /home/airflow/.local/lib/python3.8/site-packages/airflow/example_dags/example_kubernetes_executor.py
[2025-08-19T22:08:31.737+0000] {logging_mixin.py:188} INFO - [2025-08-19T22:08:31.737+0000] {dag.py:3036} INFO - Sync 1 DAGs
[2025-08-19T22:08:31.747+0000] {logging_mixin.py:188} INFO - [2025-08-19T22:08:31.747+0000] {dag.py:3823} INFO - Setting next_dagrun for example_kubernetes_executor to None, run_after=None
[2025-08-19T22:08:31.756+0000] {processor.py:183} INFO - Processing /home/airflow/.local/lib/python3.8/site-packages/airflow/example_dags/example_kubernetes_executor.py took 0.044 seconds
[2025-08-19T22:09:02.155+0000] {processor.py:161} INFO - Started process (PID=2158) to work on /home/airflow/.local/lib/python3.8/site-packages/airflow/example_dags/example_kubernetes_executor.py
[2025-08-19T22:09:02.156+0000] {processor.py:830} INFO - Processing file /home/airflow/.local/lib/python3.8/site-packages/airflow/example_dags/example_kubernetes_executor.py for tasks to queue
[2025-08-19T22:09:02.156+0000] {logging_mixin.py:188} INFO - [2025-08-19T22:09:02.156+0000] {dagbag.py:538} INFO - Filling up the DagBag from /home/airflow/.local/lib/python3.8/site-packages/airflow/example_dags/example_kubernetes_executor.py
[2025-08-19T22:09:02.162+0000] {processor.py:840} INFO - DAG(s) 'example_kubernetes_executor' retrieved from /home/airflow/.local/lib/python3.8/site-packages/airflow/example_dags/example_kubernetes_executor.py
[2025-08-19T22:09:02.181+0000] {logging_mixin.py:188} INFO - [2025-08-19T22:09:02.181+0000] {dag.py:3036} INFO - Sync 1 DAGs
[2025-08-19T22:09:02.186+0000] {logging_mixin.py:188} INFO - [2025-08-19T22:09:02.186+0000] {dag.py:3823} INFO - Setting next_dagrun for example_kubernetes_executor to None, run_after=None
[2025-08-19T22:09:02.195+0000] {processor.py:183} INFO - Processing /home/airflow/.local/lib/python3.8/site-packages/airflow/example_dags/example_kubernetes_executor.py took 0.041 seconds
[2025-08-19T22:09:32.957+0000] {processor.py:161} INFO - Started process (PID=2214) to work on /home/airflow/.local/lib/python3.8/site-packages/airflow/example_dags/example_kubernetes_executor.py
[2025-08-19T22:09:32.957+0000] {processor.py:830} INFO - Processing file /home/airflow/.local/lib/python3.8/site-packages/airflow/example_dags/example_kubernetes_executor.py for tasks to queue
[2025-08-19T22:09:32.960+0000] {logging_mixin.py:188} INFO - [2025-08-19T22:09:32.960+0000] {dagbag.py:538} INFO - Filling up the DagBag from /home/airflow/.local/lib/python3.8/site-packages/airflow/example_dags/example_kubernetes_executor.py
[2025-08-19T22:09:32.966+0000] {processor.py:840} INFO - DAG(s) 'example_kubernetes_executor' retrieved from /home/airflow/.local/lib/python3.8/site-packages/airflow/example_dags/example_kubernetes_executor.py
[2025-08-19T22:09:32.981+0000] {logging_mixin.py:188} INFO - [2025-08-19T22:09:32.981+0000] {dag.py:3036} INFO - Sync 1 DAGs
[2025-08-19T22:09:32.989+0000] {logging_mixin.py:188} INFO - [2025-08-19T22:09:32.989+0000] {dag.py:3823} INFO - Setting next_dagrun for example_kubernetes_executor to None, run_after=None
[2025-08-19T22:09:32.999+0000] {processor.py:183} INFO - Processing /home/airflow/.local/lib/python3.8/site-packages/airflow/example_dags/example_kubernetes_executor.py took 0.044 seconds
[2025-08-19T22:10:03.475+0000] {processor.py:161} INFO - Started process (PID=2270) to work on /home/airflow/.local/lib/python3.8/site-packages/airflow/example_dags/example_kubernetes_executor.py
[2025-08-19T22:10:03.475+0000] {processor.py:830} INFO - Processing file /home/airflow/.local/lib/python3.8/site-packages/airflow/example_dags/example_kubernetes_executor.py for tasks to queue
[2025-08-19T22:10:03.476+0000] {logging_mixin.py:188} INFO - [2025-08-19T22:10:03.476+0000] {dagbag.py:538} INFO - Filling up the DagBag from /home/airflow/.local/lib/python3.8/site-packages/airflow/example_dags/example_kubernetes_executor.py
[2025-08-19T22:10:03.482+0000] {processor.py:840} INFO - DAG(s) 'example_kubernetes_executor' retrieved from /home/airflow/.local/lib/python3.8/site-packages/airflow/example_dags/example_kubernetes_executor.py
[2025-08-19T22:10:03.501+0000] {logging_mixin.py:188} INFO - [2025-08-19T22:10:03.501+0000] {dag.py:3036} INFO - Sync 1 DAGs
[2025-08-19T22:10:03.507+0000] {logging_mixin.py:188} INFO - [2025-08-19T22:10:03.507+0000] {dag.py:3823} INFO - Setting next_dagrun for example_kubernetes_executor to None, run_after=None
[2025-08-19T22:10:03.515+0000] {processor.py:183} INFO - Processing /home/airflow/.local/lib/python3.8/site-packages/airflow/example_dags/example_kubernetes_executor.py took 0.042 seconds
[2025-08-19T22:10:34.210+0000] {processor.py:161} INFO - Started process (PID=2326) to work on /home/airflow/.local/lib/python3.8/site-packages/airflow/example_dags/example_kubernetes_executor.py
[2025-08-19T22:10:34.211+0000] {processor.py:830} INFO - Processing file /home/airflow/.local/lib/python3.8/site-packages/airflow/example_dags/example_kubernetes_executor.py for tasks to queue
[2025-08-19T22:10:34.213+0000] {logging_mixin.py:188} INFO - [2025-08-19T22:10:34.213+0000] {dagbag.py:538} INFO - Filling up the DagBag from /home/airflow/.local/lib/python3.8/site-packages/airflow/example_dags/example_kubernetes_executor.py
[2025-08-19T22:10:34.219+0000] {processor.py:840} INFO - DAG(s) 'example_kubernetes_executor' retrieved from /home/airflow/.local/lib/python3.8/site-packages/airflow/example_dags/example_kubernetes_executor.py
[2025-08-19T22:10:34.240+0000] {logging_mixin.py:188} INFO - [2025-08-19T22:10:34.240+0000] {dag.py:3036} INFO - Sync 1 DAGs
[2025-08-19T22:10:34.247+0000] {logging_mixin.py:188} INFO - [2025-08-19T22:10:34.247+0000] {dag.py:3823} INFO - Setting next_dagrun for example_kubernetes_executor to None, run_after=None
[2025-08-19T22:10:34.254+0000] {processor.py:183} INFO - Processing /home/airflow/.local/lib/python3.8/site-packages/airflow/example_dags/example_kubernetes_executor.py took 0.046 seconds
[2025-08-19T22:11:04.762+0000] {processor.py:161} INFO - Started process (PID=2382) to work on /home/airflow/.local/lib/python3.8/site-packages/airflow/example_dags/example_kubernetes_executor.py
[2025-08-19T22:11:04.763+0000] {processor.py:830} INFO - Processing file /home/airflow/.local/lib/python3.8/site-packages/airflow/example_dags/example_kubernetes_executor.py for tasks to queue
[2025-08-19T22:11:04.764+0000] {logging_mixin.py:188} INFO - [2025-08-19T22:11:04.764+0000] {dagbag.py:538} INFO - Filling up the DagBag from /home/airflow/.local/lib/python3.8/site-packages/airflow/example_dags/example_kubernetes_executor.py
[2025-08-19T22:11:04.771+0000] {processor.py:840} INFO - DAG(s) 'example_kubernetes_executor' retrieved from /home/airflow/.local/lib/python3.8/site-packages/airflow/example_dags/example_kubernetes_executor.py
[2025-08-19T22:11:04.790+0000] {logging_mixin.py:188} INFO - [2025-08-19T22:11:04.790+0000] {dag.py:3036} INFO - Sync 1 DAGs
[2025-08-19T22:11:04.795+0000] {logging_mixin.py:188} INFO - [2025-08-19T22:11:04.795+0000] {dag.py:3823} INFO - Setting next_dagrun for example_kubernetes_executor to None, run_after=None
[2025-08-19T22:11:04.802+0000] {processor.py:183} INFO - Processing /home/airflow/.local/lib/python3.8/site-packages/airflow/example_dags/example_kubernetes_executor.py took 0.041 seconds
[2025-08-19T22:11:35.201+0000] {processor.py:161} INFO - Started process (PID=2438) to work on /home/airflow/.local/lib/python3.8/site-packages/airflow/example_dags/example_kubernetes_executor.py
[2025-08-19T22:11:35.204+0000] {processor.py:830} INFO - Processing file /home/airflow/.local/lib/python3.8/site-packages/airflow/example_dags/example_kubernetes_executor.py for tasks to queue
[2025-08-19T22:11:35.206+0000] {logging_mixin.py:188} INFO - [2025-08-19T22:11:35.206+0000] {dagbag.py:538} INFO - Filling up the DagBag from /home/airflow/.local/lib/python3.8/site-packages/airflow/example_dags/example_kubernetes_executor.py
[2025-08-19T22:11:35.212+0000] {processor.py:840} INFO - DAG(s) 'example_kubernetes_executor' retrieved from /home/airflow/.local/lib/python3.8/site-packages/airflow/example_dags/example_kubernetes_executor.py
[2025-08-19T22:11:35.227+0000] {logging_mixin.py:188} INFO - [2025-08-19T22:11:35.227+0000] {dag.py:3036} INFO - Sync 1 DAGs
[2025-08-19T22:11:35.235+0000] {logging_mixin.py:188} INFO - [2025-08-19T22:11:35.234+0000] {dag.py:3823} INFO - Setting next_dagrun for example_kubernetes_executor to None, run_after=None
[2025-08-19T22:11:35.243+0000] {processor.py:183} INFO - Processing /home/airflow/.local/lib/python3.8/site-packages/airflow/example_dags/example_kubernetes_executor.py took 0.044 seconds
[2025-08-19T22:12:05.751+0000] {processor.py:161} INFO - Started process (PID=2494) to work on /home/airflow/.local/lib/python3.8/site-packages/airflow/example_dags/example_kubernetes_executor.py
[2025-08-19T22:12:05.752+0000] {processor.py:830} INFO - Processing file /home/airflow/.local/lib/python3.8/site-packages/airflow/example_dags/example_kubernetes_executor.py for tasks to queue
[2025-08-19T22:12:05.753+0000] {logging_mixin.py:188} INFO - [2025-08-19T22:12:05.752+0000] {dagbag.py:538} INFO - Filling up the DagBag from /home/airflow/.local/lib/python3.8/site-packages/airflow/example_dags/example_kubernetes_executor.py
[2025-08-19T22:12:05.757+0000] {processor.py:840} INFO - DAG(s) 'example_kubernetes_executor' retrieved from /home/airflow/.local/lib/python3.8/site-packages/airflow/example_dags/example_kubernetes_executor.py
[2025-08-19T22:12:05.769+0000] {logging_mixin.py:188} INFO - [2025-08-19T22:12:05.769+0000] {dag.py:3036} INFO - Sync 1 DAGs
[2025-08-19T22:12:05.773+0000] {logging_mixin.py:188} INFO - [2025-08-19T22:12:05.773+0000] {dag.py:3823} INFO - Setting next_dagrun for example_kubernetes_executor to None, run_after=None
[2025-08-19T22:12:05.779+0000] {processor.py:183} INFO - Processing /home/airflow/.local/lib/python3.8/site-packages/airflow/example_dags/example_kubernetes_executor.py took 0.029 seconds
[2025-08-19T22:12:36.300+0000] {processor.py:161} INFO - Started process (PID=2550) to work on /home/airflow/.local/lib/python3.8/site-packages/airflow/example_dags/example_kubernetes_executor.py
[2025-08-19T22:12:36.301+0000] {processor.py:830} INFO - Processing file /home/airflow/.local/lib/python3.8/site-packages/airflow/example_dags/example_kubernetes_executor.py for tasks to queue
[2025-08-19T22:12:36.301+0000] {logging_mixin.py:188} INFO - [2025-08-19T22:12:36.301+0000] {dagbag.py:538} INFO - Filling up the DagBag from /home/airflow/.local/lib/python3.8/site-packages/airflow/example_dags/example_kubernetes_executor.py
[2025-08-19T22:12:36.307+0000] {processor.py:840} INFO - DAG(s) 'example_kubernetes_executor' retrieved from /home/airflow/.local/lib/python3.8/site-packages/airflow/example_dags/example_kubernetes_executor.py
[2025-08-19T22:12:36.321+0000] {logging_mixin.py:188} INFO - [2025-08-19T22:12:36.321+0000] {dag.py:3036} INFO - Sync 1 DAGs
[2025-08-19T22:12:36.325+0000] {logging_mixin.py:188} INFO - [2025-08-19T22:12:36.325+0000] {dag.py:3823} INFO - Setting next_dagrun for example_kubernetes_executor to None, run_after=None
[2025-08-19T22:12:36.334+0000] {processor.py:183} INFO - Processing /home/airflow/.local/lib/python3.8/site-packages/airflow/example_dags/example_kubernetes_executor.py took 0.036 seconds
[2025-08-19T22:13:06.932+0000] {processor.py:161} INFO - Started process (PID=2606) to work on /home/airflow/.local/lib/python3.8/site-packages/airflow/example_dags/example_kubernetes_executor.py
[2025-08-19T22:13:06.933+0000] {processor.py:830} INFO - Processing file /home/airflow/.local/lib/python3.8/site-packages/airflow/example_dags/example_kubernetes_executor.py for tasks to queue
[2025-08-19T22:13:06.934+0000] {logging_mixin.py:188} INFO - [2025-08-19T22:13:06.934+0000] {dagbag.py:538} INFO - Filling up the DagBag from /home/airflow/.local/lib/python3.8/site-packages/airflow/example_dags/example_kubernetes_executor.py
[2025-08-19T22:13:06.941+0000] {processor.py:840} INFO - DAG(s) 'example_kubernetes_executor' retrieved from /home/airflow/.local/lib/python3.8/site-packages/airflow/example_dags/example_kubernetes_executor.py
[2025-08-19T22:13:06.955+0000] {logging_mixin.py:188} INFO - [2025-08-19T22:13:06.955+0000] {dag.py:3036} INFO - Sync 1 DAGs
[2025-08-19T22:13:06.959+0000] {logging_mixin.py:188} INFO - [2025-08-19T22:13:06.959+0000] {dag.py:3823} INFO - Setting next_dagrun for example_kubernetes_executor to None, run_after=None
[2025-08-19T22:13:06.968+0000] {processor.py:183} INFO - Processing /home/airflow/.local/lib/python3.8/site-packages/airflow/example_dags/example_kubernetes_executor.py took 0.038 seconds
[2025-08-19T22:20:11.382+0000] {processor.py:161} INFO - Started process (PID=82) to work on /home/airflow/.local/lib/python3.8/site-packages/airflow/example_dags/example_kubernetes_executor.py
[2025-08-19T22:20:11.384+0000] {processor.py:830} INFO - Processing file /home/airflow/.local/lib/python3.8/site-packages/airflow/example_dags/example_kubernetes_executor.py for tasks to queue
[2025-08-19T22:20:11.385+0000] {logging_mixin.py:188} INFO - [2025-08-19T22:20:11.385+0000] {dagbag.py:538} INFO - Filling up the DagBag from /home/airflow/.local/lib/python3.8/site-packages/airflow/example_dags/example_kubernetes_executor.py
[2025-08-19T22:20:11.394+0000] {processor.py:840} INFO - DAG(s) 'example_kubernetes_executor' retrieved from /home/airflow/.local/lib/python3.8/site-packages/airflow/example_dags/example_kubernetes_executor.py
[2025-08-19T22:20:11.408+0000] {logging_mixin.py:188} INFO - [2025-08-19T22:20:11.408+0000] {dag.py:3036} INFO - Sync 1 DAGs
[2025-08-19T22:20:11.420+0000] {logging_mixin.py:188} INFO - [2025-08-19T22:20:11.420+0000] {dag.py:3823} INFO - Setting next_dagrun for example_kubernetes_executor to None, run_after=None
[2025-08-19T22:20:11.434+0000] {processor.py:183} INFO - Processing /home/airflow/.local/lib/python3.8/site-packages/airflow/example_dags/example_kubernetes_executor.py took 0.054 seconds
[2025-08-19T22:20:42.014+0000] {processor.py:161} INFO - Started process (PID=138) to work on /home/airflow/.local/lib/python3.8/site-packages/airflow/example_dags/example_kubernetes_executor.py
[2025-08-19T22:20:42.015+0000] {processor.py:830} INFO - Processing file /home/airflow/.local/lib/python3.8/site-packages/airflow/example_dags/example_kubernetes_executor.py for tasks to queue
[2025-08-19T22:20:42.015+0000] {logging_mixin.py:188} INFO - [2025-08-19T22:20:42.015+0000] {dagbag.py:538} INFO - Filling up the DagBag from /home/airflow/.local/lib/python3.8/site-packages/airflow/example_dags/example_kubernetes_executor.py
[2025-08-19T22:20:42.021+0000] {processor.py:840} INFO - DAG(s) 'example_kubernetes_executor' retrieved from /home/airflow/.local/lib/python3.8/site-packages/airflow/example_dags/example_kubernetes_executor.py
[2025-08-19T22:20:42.077+0000] {logging_mixin.py:188} INFO - [2025-08-19T22:20:42.077+0000] {dag.py:3036} INFO - Sync 1 DAGs
[2025-08-19T22:20:42.083+0000] {logging_mixin.py:188} INFO - [2025-08-19T22:20:42.083+0000] {dag.py:3823} INFO - Setting next_dagrun for example_kubernetes_executor to None, run_after=None
[2025-08-19T22:20:42.091+0000] {processor.py:183} INFO - Processing /home/airflow/.local/lib/python3.8/site-packages/airflow/example_dags/example_kubernetes_executor.py took 0.078 seconds
[2025-08-19T22:21:13.022+0000] {processor.py:161} INFO - Started process (PID=200) to work on /home/airflow/.local/lib/python3.8/site-packages/airflow/example_dags/example_kubernetes_executor.py
[2025-08-19T22:21:13.023+0000] {processor.py:830} INFO - Processing file /home/airflow/.local/lib/python3.8/site-packages/airflow/example_dags/example_kubernetes_executor.py for tasks to queue
[2025-08-19T22:21:13.023+0000] {logging_mixin.py:188} INFO - [2025-08-19T22:21:13.023+0000] {dagbag.py:538} INFO - Filling up the DagBag from /home/airflow/.local/lib/python3.8/site-packages/airflow/example_dags/example_kubernetes_executor.py
[2025-08-19T22:21:13.029+0000] {processor.py:840} INFO - DAG(s) 'example_kubernetes_executor' retrieved from /home/airflow/.local/lib/python3.8/site-packages/airflow/example_dags/example_kubernetes_executor.py
[2025-08-19T22:21:13.043+0000] {logging_mixin.py:188} INFO - [2025-08-19T22:21:13.043+0000] {dag.py:3036} INFO - Sync 1 DAGs
[2025-08-19T22:21:13.047+0000] {logging_mixin.py:188} INFO - [2025-08-19T22:21:13.046+0000] {dag.py:3823} INFO - Setting next_dagrun for example_kubernetes_executor to None, run_after=None
[2025-08-19T22:21:13.052+0000] {processor.py:183} INFO - Processing /home/airflow/.local/lib/python3.8/site-packages/airflow/example_dags/example_kubernetes_executor.py took 0.031 seconds
[2025-08-19T22:21:43.647+0000] {processor.py:161} INFO - Started process (PID=256) to work on /home/airflow/.local/lib/python3.8/site-packages/airflow/example_dags/example_kubernetes_executor.py
[2025-08-19T22:21:43.648+0000] {processor.py:830} INFO - Processing file /home/airflow/.local/lib/python3.8/site-packages/airflow/example_dags/example_kubernetes_executor.py for tasks to queue
[2025-08-19T22:21:43.649+0000] {logging_mixin.py:188} INFO - [2025-08-19T22:21:43.649+0000] {dagbag.py:538} INFO - Filling up the DagBag from /home/airflow/.local/lib/python3.8/site-packages/airflow/example_dags/example_kubernetes_executor.py
[2025-08-19T22:21:43.660+0000] {processor.py:840} INFO - DAG(s) 'example_kubernetes_executor' retrieved from /home/airflow/.local/lib/python3.8/site-packages/airflow/example_dags/example_kubernetes_executor.py
[2025-08-19T22:21:43.675+0000] {logging_mixin.py:188} INFO - [2025-08-19T22:21:43.675+0000] {dag.py:3036} INFO - Sync 1 DAGs
[2025-08-19T22:21:43.679+0000] {logging_mixin.py:188} INFO - [2025-08-19T22:21:43.679+0000] {dag.py:3823} INFO - Setting next_dagrun for example_kubernetes_executor to None, run_after=None
[2025-08-19T22:21:43.685+0000] {processor.py:183} INFO - Processing /home/airflow/.local/lib/python3.8/site-packages/airflow/example_dags/example_kubernetes_executor.py took 0.043 seconds
[2025-08-19T22:22:14.121+0000] {processor.py:161} INFO - Started process (PID=312) to work on /home/airflow/.local/lib/python3.8/site-packages/airflow/example_dags/example_kubernetes_executor.py
[2025-08-19T22:22:14.121+0000] {processor.py:830} INFO - Processing file /home/airflow/.local/lib/python3.8/site-packages/airflow/example_dags/example_kubernetes_executor.py for tasks to queue
[2025-08-19T22:22:14.122+0000] {logging_mixin.py:188} INFO - [2025-08-19T22:22:14.122+0000] {dagbag.py:538} INFO - Filling up the DagBag from /home/airflow/.local/lib/python3.8/site-packages/airflow/example_dags/example_kubernetes_executor.py
[2025-08-19T22:22:14.135+0000] {processor.py:840} INFO - DAG(s) 'example_kubernetes_executor' retrieved from /home/airflow/.local/lib/python3.8/site-packages/airflow/example_dags/example_kubernetes_executor.py
[2025-08-19T22:22:14.154+0000] {logging_mixin.py:188} INFO - [2025-08-19T22:22:14.154+0000] {dag.py:3036} INFO - Sync 1 DAGs
[2025-08-19T22:22:14.162+0000] {logging_mixin.py:188} INFO - [2025-08-19T22:22:14.162+0000] {dag.py:3823} INFO - Setting next_dagrun for example_kubernetes_executor to None, run_after=None
[2025-08-19T22:22:14.174+0000] {processor.py:183} INFO - Processing /home/airflow/.local/lib/python3.8/site-packages/airflow/example_dags/example_kubernetes_executor.py took 0.055 seconds
[2025-08-19T22:22:44.956+0000] {processor.py:161} INFO - Started process (PID=372) to work on /home/airflow/.local/lib/python3.8/site-packages/airflow/example_dags/example_kubernetes_executor.py
[2025-08-19T22:22:44.957+0000] {processor.py:830} INFO - Processing file /home/airflow/.local/lib/python3.8/site-packages/airflow/example_dags/example_kubernetes_executor.py for tasks to queue
[2025-08-19T22:22:44.958+0000] {logging_mixin.py:188} INFO - [2025-08-19T22:22:44.958+0000] {dagbag.py:538} INFO - Filling up the DagBag from /home/airflow/.local/lib/python3.8/site-packages/airflow/example_dags/example_kubernetes_executor.py
[2025-08-19T22:22:44.965+0000] {processor.py:840} INFO - DAG(s) 'example_kubernetes_executor' retrieved from /home/airflow/.local/lib/python3.8/site-packages/airflow/example_dags/example_kubernetes_executor.py
[2025-08-19T22:22:44.980+0000] {logging_mixin.py:188} INFO - [2025-08-19T22:22:44.980+0000] {dag.py:3036} INFO - Sync 1 DAGs
[2025-08-19T22:22:44.984+0000] {logging_mixin.py:188} INFO - [2025-08-19T22:22:44.984+0000] {dag.py:3823} INFO - Setting next_dagrun for example_kubernetes_executor to None, run_after=None
[2025-08-19T22:22:44.990+0000] {processor.py:183} INFO - Processing /home/airflow/.local/lib/python3.8/site-packages/airflow/example_dags/example_kubernetes_executor.py took 0.036 seconds
[2025-08-19T22:23:15.491+0000] {processor.py:161} INFO - Started process (PID=428) to work on /home/airflow/.local/lib/python3.8/site-packages/airflow/example_dags/example_kubernetes_executor.py
[2025-08-19T22:23:15.491+0000] {processor.py:830} INFO - Processing file /home/airflow/.local/lib/python3.8/site-packages/airflow/example_dags/example_kubernetes_executor.py for tasks to queue
[2025-08-19T22:23:15.492+0000] {logging_mixin.py:188} INFO - [2025-08-19T22:23:15.492+0000] {dagbag.py:538} INFO - Filling up the DagBag from /home/airflow/.local/lib/python3.8/site-packages/airflow/example_dags/example_kubernetes_executor.py
[2025-08-19T22:23:15.498+0000] {processor.py:840} INFO - DAG(s) 'example_kubernetes_executor' retrieved from /home/airflow/.local/lib/python3.8/site-packages/airflow/example_dags/example_kubernetes_executor.py
[2025-08-19T22:23:15.511+0000] {logging_mixin.py:188} INFO - [2025-08-19T22:23:15.511+0000] {dag.py:3036} INFO - Sync 1 DAGs
[2025-08-19T22:23:15.515+0000] {logging_mixin.py:188} INFO - [2025-08-19T22:23:15.515+0000] {dag.py:3823} INFO - Setting next_dagrun for example_kubernetes_executor to None, run_after=None
[2025-08-19T22:23:15.521+0000] {processor.py:183} INFO - Processing /home/airflow/.local/lib/python3.8/site-packages/airflow/example_dags/example_kubernetes_executor.py took 0.031 seconds
[2025-08-19T22:23:45.951+0000] {processor.py:161} INFO - Started process (PID=484) to work on /home/airflow/.local/lib/python3.8/site-packages/airflow/example_dags/example_kubernetes_executor.py
[2025-08-19T22:23:45.953+0000] {processor.py:830} INFO - Processing file /home/airflow/.local/lib/python3.8/site-packages/airflow/example_dags/example_kubernetes_executor.py for tasks to queue
[2025-08-19T22:23:45.954+0000] {logging_mixin.py:188} INFO - [2025-08-19T22:23:45.954+0000] {dagbag.py:538} INFO - Filling up the DagBag from /home/airflow/.local/lib/python3.8/site-packages/airflow/example_dags/example_kubernetes_executor.py
[2025-08-19T22:23:45.961+0000] {processor.py:840} INFO - DAG(s) 'example_kubernetes_executor' retrieved from /home/airflow/.local/lib/python3.8/site-packages/airflow/example_dags/example_kubernetes_executor.py
[2025-08-19T22:23:45.975+0000] {logging_mixin.py:188} INFO - [2025-08-19T22:23:45.975+0000] {dag.py:3036} INFO - Sync 1 DAGs
[2025-08-19T22:23:45.979+0000] {logging_mixin.py:188} INFO - [2025-08-19T22:23:45.979+0000] {dag.py:3823} INFO - Setting next_dagrun for example_kubernetes_executor to None, run_after=None
[2025-08-19T22:23:45.989+0000] {processor.py:183} INFO - Processing /home/airflow/.local/lib/python3.8/site-packages/airflow/example_dags/example_kubernetes_executor.py took 0.039 seconds
[2025-08-19T22:24:16.350+0000] {processor.py:161} INFO - Started process (PID=540) to work on /home/airflow/.local/lib/python3.8/site-packages/airflow/example_dags/example_kubernetes_executor.py
[2025-08-19T22:24:16.351+0000] {processor.py:830} INFO - Processing file /home/airflow/.local/lib/python3.8/site-packages/airflow/example_dags/example_kubernetes_executor.py for tasks to queue
[2025-08-19T22:24:16.352+0000] {logging_mixin.py:188} INFO - [2025-08-19T22:24:16.351+0000] {dagbag.py:538} INFO - Filling up the DagBag from /home/airflow/.local/lib/python3.8/site-packages/airflow/example_dags/example_kubernetes_executor.py
[2025-08-19T22:24:16.358+0000] {processor.py:840} INFO - DAG(s) 'example_kubernetes_executor' retrieved from /home/airflow/.local/lib/python3.8/site-packages/airflow/example_dags/example_kubernetes_executor.py
[2025-08-19T22:24:16.379+0000] {logging_mixin.py:188} INFO - [2025-08-19T22:24:16.379+0000] {dag.py:3036} INFO - Sync 1 DAGs
[2025-08-19T22:24:16.386+0000] {logging_mixin.py:188} INFO - [2025-08-19T22:24:16.386+0000] {dag.py:3823} INFO - Setting next_dagrun for example_kubernetes_executor to None, run_after=None
[2025-08-19T22:24:16.401+0000] {processor.py:183} INFO - Processing /home/airflow/.local/lib/python3.8/site-packages/airflow/example_dags/example_kubernetes_executor.py took 0.052 seconds
[2025-08-19T22:24:46.826+0000] {processor.py:161} INFO - Started process (PID=596) to work on /home/airflow/.local/lib/python3.8/site-packages/airflow/example_dags/example_kubernetes_executor.py
[2025-08-19T22:24:46.826+0000] {processor.py:830} INFO - Processing file /home/airflow/.local/lib/python3.8/site-packages/airflow/example_dags/example_kubernetes_executor.py for tasks to queue
[2025-08-19T22:24:46.827+0000] {logging_mixin.py:188} INFO - [2025-08-19T22:24:46.827+0000] {dagbag.py:538} INFO - Filling up the DagBag from /home/airflow/.local/lib/python3.8/site-packages/airflow/example_dags/example_kubernetes_executor.py
[2025-08-19T22:24:46.833+0000] {processor.py:840} INFO - DAG(s) 'example_kubernetes_executor' retrieved from /home/airflow/.local/lib/python3.8/site-packages/airflow/example_dags/example_kubernetes_executor.py
[2025-08-19T22:24:46.846+0000] {logging_mixin.py:188} INFO - [2025-08-19T22:24:46.846+0000] {dag.py:3036} INFO - Sync 1 DAGs
[2025-08-19T22:24:46.851+0000] {logging_mixin.py:188} INFO - [2025-08-19T22:24:46.851+0000] {dag.py:3823} INFO - Setting next_dagrun for example_kubernetes_executor to None, run_after=None
[2025-08-19T22:24:46.858+0000] {processor.py:183} INFO - Processing /home/airflow/.local/lib/python3.8/site-packages/airflow/example_dags/example_kubernetes_executor.py took 0.033 seconds
[2025-08-19T22:25:17.293+0000] {processor.py:161} INFO - Started process (PID=652) to work on /home/airflow/.local/lib/python3.8/site-packages/airflow/example_dags/example_kubernetes_executor.py
[2025-08-19T22:25:17.293+0000] {processor.py:830} INFO - Processing file /home/airflow/.local/lib/python3.8/site-packages/airflow/example_dags/example_kubernetes_executor.py for tasks to queue
[2025-08-19T22:25:17.294+0000] {logging_mixin.py:188} INFO - [2025-08-19T22:25:17.294+0000] {dagbag.py:538} INFO - Filling up the DagBag from /home/airflow/.local/lib/python3.8/site-packages/airflow/example_dags/example_kubernetes_executor.py
[2025-08-19T22:25:17.299+0000] {processor.py:840} INFO - DAG(s) 'example_kubernetes_executor' retrieved from /home/airflow/.local/lib/python3.8/site-packages/airflow/example_dags/example_kubernetes_executor.py
[2025-08-19T22:25:17.313+0000] {logging_mixin.py:188} INFO - [2025-08-19T22:25:17.313+0000] {dag.py:3036} INFO - Sync 1 DAGs
[2025-08-19T22:25:17.317+0000] {logging_mixin.py:188} INFO - [2025-08-19T22:25:17.317+0000] {dag.py:3823} INFO - Setting next_dagrun for example_kubernetes_executor to None, run_after=None
[2025-08-19T22:25:17.322+0000] {processor.py:183} INFO - Processing /home/airflow/.local/lib/python3.8/site-packages/airflow/example_dags/example_kubernetes_executor.py took 0.031 seconds
[2025-08-19T22:25:47.694+0000] {processor.py:161} INFO - Started process (PID=708) to work on /home/airflow/.local/lib/python3.8/site-packages/airflow/example_dags/example_kubernetes_executor.py
[2025-08-19T22:25:47.694+0000] {processor.py:830} INFO - Processing file /home/airflow/.local/lib/python3.8/site-packages/airflow/example_dags/example_kubernetes_executor.py for tasks to queue
[2025-08-19T22:25:47.695+0000] {logging_mixin.py:188} INFO - [2025-08-19T22:25:47.695+0000] {dagbag.py:538} INFO - Filling up the DagBag from /home/airflow/.local/lib/python3.8/site-packages/airflow/example_dags/example_kubernetes_executor.py
[2025-08-19T22:25:47.700+0000] {processor.py:840} INFO - DAG(s) 'example_kubernetes_executor' retrieved from /home/airflow/.local/lib/python3.8/site-packages/airflow/example_dags/example_kubernetes_executor.py
[2025-08-19T22:25:47.712+0000] {logging_mixin.py:188} INFO - [2025-08-19T22:25:47.712+0000] {dag.py:3036} INFO - Sync 1 DAGs
[2025-08-19T22:25:47.716+0000] {logging_mixin.py:188} INFO - [2025-08-19T22:25:47.716+0000] {dag.py:3823} INFO - Setting next_dagrun for example_kubernetes_executor to None, run_after=None
[2025-08-19T22:25:47.721+0000] {processor.py:183} INFO - Processing /home/airflow/.local/lib/python3.8/site-packages/airflow/example_dags/example_kubernetes_executor.py took 0.029 seconds
[2025-08-19T22:26:18.143+0000] {processor.py:161} INFO - Started process (PID=764) to work on /home/airflow/.local/lib/python3.8/site-packages/airflow/example_dags/example_kubernetes_executor.py
[2025-08-19T22:26:18.143+0000] {processor.py:830} INFO - Processing file /home/airflow/.local/lib/python3.8/site-packages/airflow/example_dags/example_kubernetes_executor.py for tasks to queue
[2025-08-19T22:26:18.144+0000] {logging_mixin.py:188} INFO - [2025-08-19T22:26:18.144+0000] {dagbag.py:538} INFO - Filling up the DagBag from /home/airflow/.local/lib/python3.8/site-packages/airflow/example_dags/example_kubernetes_executor.py
[2025-08-19T22:26:18.149+0000] {processor.py:840} INFO - DAG(s) 'example_kubernetes_executor' retrieved from /home/airflow/.local/lib/python3.8/site-packages/airflow/example_dags/example_kubernetes_executor.py
[2025-08-19T22:26:18.162+0000] {logging_mixin.py:188} INFO - [2025-08-19T22:26:18.162+0000] {dag.py:3036} INFO - Sync 1 DAGs
[2025-08-19T22:26:18.166+0000] {logging_mixin.py:188} INFO - [2025-08-19T22:26:18.166+0000] {dag.py:3823} INFO - Setting next_dagrun for example_kubernetes_executor to None, run_after=None
[2025-08-19T22:26:18.171+0000] {processor.py:183} INFO - Processing /home/airflow/.local/lib/python3.8/site-packages/airflow/example_dags/example_kubernetes_executor.py took 0.030 seconds
[2025-08-19T22:26:48.555+0000] {processor.py:161} INFO - Started process (PID=820) to work on /home/airflow/.local/lib/python3.8/site-packages/airflow/example_dags/example_kubernetes_executor.py
[2025-08-19T22:26:48.555+0000] {processor.py:830} INFO - Processing file /home/airflow/.local/lib/python3.8/site-packages/airflow/example_dags/example_kubernetes_executor.py for tasks to queue
[2025-08-19T22:26:48.556+0000] {logging_mixin.py:188} INFO - [2025-08-19T22:26:48.556+0000] {dagbag.py:538} INFO - Filling up the DagBag from /home/airflow/.local/lib/python3.8/site-packages/airflow/example_dags/example_kubernetes_executor.py
[2025-08-19T22:26:48.562+0000] {processor.py:840} INFO - DAG(s) 'example_kubernetes_executor' retrieved from /home/airflow/.local/lib/python3.8/site-packages/airflow/example_dags/example_kubernetes_executor.py
[2025-08-19T22:26:48.577+0000] {logging_mixin.py:188} INFO - [2025-08-19T22:26:48.577+0000] {dag.py:3036} INFO - Sync 1 DAGs
[2025-08-19T22:26:48.582+0000] {logging_mixin.py:188} INFO - [2025-08-19T22:26:48.581+0000] {dag.py:3823} INFO - Setting next_dagrun for example_kubernetes_executor to None, run_after=None
[2025-08-19T22:26:48.587+0000] {processor.py:183} INFO - Processing /home/airflow/.local/lib/python3.8/site-packages/airflow/example_dags/example_kubernetes_executor.py took 0.034 seconds
[2025-08-19T22:27:18.962+0000] {processor.py:161} INFO - Started process (PID=876) to work on /home/airflow/.local/lib/python3.8/site-packages/airflow/example_dags/example_kubernetes_executor.py
[2025-08-19T22:27:18.962+0000] {processor.py:830} INFO - Processing file /home/airflow/.local/lib/python3.8/site-packages/airflow/example_dags/example_kubernetes_executor.py for tasks to queue
[2025-08-19T22:27:18.963+0000] {logging_mixin.py:188} INFO - [2025-08-19T22:27:18.963+0000] {dagbag.py:538} INFO - Filling up the DagBag from /home/airflow/.local/lib/python3.8/site-packages/airflow/example_dags/example_kubernetes_executor.py
[2025-08-19T22:27:18.968+0000] {processor.py:840} INFO - DAG(s) 'example_kubernetes_executor' retrieved from /home/airflow/.local/lib/python3.8/site-packages/airflow/example_dags/example_kubernetes_executor.py
[2025-08-19T22:27:18.981+0000] {logging_mixin.py:188} INFO - [2025-08-19T22:27:18.981+0000] {dag.py:3036} INFO - Sync 1 DAGs
[2025-08-19T22:27:18.985+0000] {logging_mixin.py:188} INFO - [2025-08-19T22:27:18.985+0000] {dag.py:3823} INFO - Setting next_dagrun for example_kubernetes_executor to None, run_after=None
[2025-08-19T22:27:18.990+0000] {processor.py:183} INFO - Processing /home/airflow/.local/lib/python3.8/site-packages/airflow/example_dags/example_kubernetes_executor.py took 0.029 seconds
[2025-08-19T22:27:49.631+0000] {processor.py:161} INFO - Started process (PID=936) to work on /home/airflow/.local/lib/python3.8/site-packages/airflow/example_dags/example_kubernetes_executor.py
[2025-08-19T22:27:49.636+0000] {processor.py:830} INFO - Processing file /home/airflow/.local/lib/python3.8/site-packages/airflow/example_dags/example_kubernetes_executor.py for tasks to queue
[2025-08-19T22:27:49.638+0000] {logging_mixin.py:188} INFO - [2025-08-19T22:27:49.638+0000] {dagbag.py:538} INFO - Filling up the DagBag from /home/airflow/.local/lib/python3.8/site-packages/airflow/example_dags/example_kubernetes_executor.py
[2025-08-19T22:27:49.648+0000] {processor.py:840} INFO - DAG(s) 'example_kubernetes_executor' retrieved from /home/airflow/.local/lib/python3.8/site-packages/airflow/example_dags/example_kubernetes_executor.py
[2025-08-19T22:27:49.680+0000] {logging_mixin.py:188} INFO - [2025-08-19T22:27:49.680+0000] {dag.py:3036} INFO - Sync 1 DAGs
[2025-08-19T22:27:49.685+0000] {logging_mixin.py:188} INFO - [2025-08-19T22:27:49.685+0000] {dag.py:3823} INFO - Setting next_dagrun for example_kubernetes_executor to None, run_after=None
[2025-08-19T22:27:49.691+0000] {processor.py:183} INFO - Processing /home/airflow/.local/lib/python3.8/site-packages/airflow/example_dags/example_kubernetes_executor.py took 0.074 seconds
[2025-08-19T22:28:20.235+0000] {processor.py:161} INFO - Started process (PID=992) to work on /home/airflow/.local/lib/python3.8/site-packages/airflow/example_dags/example_kubernetes_executor.py
[2025-08-19T22:28:20.236+0000] {processor.py:830} INFO - Processing file /home/airflow/.local/lib/python3.8/site-packages/airflow/example_dags/example_kubernetes_executor.py for tasks to queue
[2025-08-19T22:28:20.236+0000] {logging_mixin.py:188} INFO - [2025-08-19T22:28:20.236+0000] {dagbag.py:538} INFO - Filling up the DagBag from /home/airflow/.local/lib/python3.8/site-packages/airflow/example_dags/example_kubernetes_executor.py
[2025-08-19T22:28:20.241+0000] {processor.py:840} INFO - DAG(s) 'example_kubernetes_executor' retrieved from /home/airflow/.local/lib/python3.8/site-packages/airflow/example_dags/example_kubernetes_executor.py
[2025-08-19T22:28:20.254+0000] {logging_mixin.py:188} INFO - [2025-08-19T22:28:20.254+0000] {dag.py:3036} INFO - Sync 1 DAGs
[2025-08-19T22:28:20.258+0000] {logging_mixin.py:188} INFO - [2025-08-19T22:28:20.258+0000] {dag.py:3823} INFO - Setting next_dagrun for example_kubernetes_executor to None, run_after=None
[2025-08-19T22:28:20.263+0000] {processor.py:183} INFO - Processing /home/airflow/.local/lib/python3.8/site-packages/airflow/example_dags/example_kubernetes_executor.py took 0.029 seconds
[2025-08-19T22:28:50.664+0000] {processor.py:161} INFO - Started process (PID=1048) to work on /home/airflow/.local/lib/python3.8/site-packages/airflow/example_dags/example_kubernetes_executor.py
[2025-08-19T22:28:50.664+0000] {processor.py:830} INFO - Processing file /home/airflow/.local/lib/python3.8/site-packages/airflow/example_dags/example_kubernetes_executor.py for tasks to queue
[2025-08-19T22:28:50.665+0000] {logging_mixin.py:188} INFO - [2025-08-19T22:28:50.665+0000] {dagbag.py:538} INFO - Filling up the DagBag from /home/airflow/.local/lib/python3.8/site-packages/airflow/example_dags/example_kubernetes_executor.py
[2025-08-19T22:28:50.671+0000] {processor.py:840} INFO - DAG(s) 'example_kubernetes_executor' retrieved from /home/airflow/.local/lib/python3.8/site-packages/airflow/example_dags/example_kubernetes_executor.py
[2025-08-19T22:28:50.685+0000] {logging_mixin.py:188} INFO - [2025-08-19T22:28:50.685+0000] {dag.py:3036} INFO - Sync 1 DAGs
[2025-08-19T22:28:50.690+0000] {logging_mixin.py:188} INFO - [2025-08-19T22:28:50.690+0000] {dag.py:3823} INFO - Setting next_dagrun for example_kubernetes_executor to None, run_after=None
[2025-08-19T22:28:50.697+0000] {processor.py:183} INFO - Processing /home/airflow/.local/lib/python3.8/site-packages/airflow/example_dags/example_kubernetes_executor.py took 0.034 seconds
[2025-08-19T22:29:21.334+0000] {processor.py:161} INFO - Started process (PID=1104) to work on /home/airflow/.local/lib/python3.8/site-packages/airflow/example_dags/example_kubernetes_executor.py
[2025-08-19T22:29:21.335+0000] {processor.py:830} INFO - Processing file /home/airflow/.local/lib/python3.8/site-packages/airflow/example_dags/example_kubernetes_executor.py for tasks to queue
[2025-08-19T22:29:21.336+0000] {logging_mixin.py:188} INFO - [2025-08-19T22:29:21.335+0000] {dagbag.py:538} INFO - Filling up the DagBag from /home/airflow/.local/lib/python3.8/site-packages/airflow/example_dags/example_kubernetes_executor.py
[2025-08-19T22:29:21.343+0000] {processor.py:840} INFO - DAG(s) 'example_kubernetes_executor' retrieved from /home/airflow/.local/lib/python3.8/site-packages/airflow/example_dags/example_kubernetes_executor.py
[2025-08-19T22:29:21.363+0000] {logging_mixin.py:188} INFO - [2025-08-19T22:29:21.363+0000] {dag.py:3036} INFO - Sync 1 DAGs
[2025-08-19T22:29:21.368+0000] {logging_mixin.py:188} INFO - [2025-08-19T22:29:21.368+0000] {dag.py:3823} INFO - Setting next_dagrun for example_kubernetes_executor to None, run_after=None
[2025-08-19T22:29:21.375+0000] {processor.py:183} INFO - Processing /home/airflow/.local/lib/python3.8/site-packages/airflow/example_dags/example_kubernetes_executor.py took 0.043 seconds
[2025-08-19T22:29:51.845+0000] {processor.py:161} INFO - Started process (PID=1160) to work on /home/airflow/.local/lib/python3.8/site-packages/airflow/example_dags/example_kubernetes_executor.py
[2025-08-19T22:29:51.846+0000] {processor.py:830} INFO - Processing file /home/airflow/.local/lib/python3.8/site-packages/airflow/example_dags/example_kubernetes_executor.py for tasks to queue
[2025-08-19T22:29:51.846+0000] {logging_mixin.py:188} INFO - [2025-08-19T22:29:51.846+0000] {dagbag.py:538} INFO - Filling up the DagBag from /home/airflow/.local/lib/python3.8/site-packages/airflow/example_dags/example_kubernetes_executor.py
[2025-08-19T22:29:51.852+0000] {processor.py:840} INFO - DAG(s) 'example_kubernetes_executor' retrieved from /home/airflow/.local/lib/python3.8/site-packages/airflow/example_dags/example_kubernetes_executor.py
[2025-08-19T22:29:51.865+0000] {logging_mixin.py:188} INFO - [2025-08-19T22:29:51.865+0000] {dag.py:3036} INFO - Sync 1 DAGs
[2025-08-19T22:29:51.869+0000] {logging_mixin.py:188} INFO - [2025-08-19T22:29:51.869+0000] {dag.py:3823} INFO - Setting next_dagrun for example_kubernetes_executor to None, run_after=None
[2025-08-19T22:29:51.874+0000] {processor.py:183} INFO - Processing /home/airflow/.local/lib/python3.8/site-packages/airflow/example_dags/example_kubernetes_executor.py took 0.030 seconds
[2025-08-19T22:30:22.279+0000] {processor.py:161} INFO - Started process (PID=1216) to work on /home/airflow/.local/lib/python3.8/site-packages/airflow/example_dags/example_kubernetes_executor.py
[2025-08-19T22:30:22.280+0000] {processor.py:830} INFO - Processing file /home/airflow/.local/lib/python3.8/site-packages/airflow/example_dags/example_kubernetes_executor.py for tasks to queue
[2025-08-19T22:30:22.280+0000] {logging_mixin.py:188} INFO - [2025-08-19T22:30:22.280+0000] {dagbag.py:538} INFO - Filling up the DagBag from /home/airflow/.local/lib/python3.8/site-packages/airflow/example_dags/example_kubernetes_executor.py
[2025-08-19T22:30:22.286+0000] {processor.py:840} INFO - DAG(s) 'example_kubernetes_executor' retrieved from /home/airflow/.local/lib/python3.8/site-packages/airflow/example_dags/example_kubernetes_executor.py
[2025-08-19T22:30:22.299+0000] {logging_mixin.py:188} INFO - [2025-08-19T22:30:22.299+0000] {dag.py:3036} INFO - Sync 1 DAGs
[2025-08-19T22:30:22.303+0000] {logging_mixin.py:188} INFO - [2025-08-19T22:30:22.303+0000] {dag.py:3823} INFO - Setting next_dagrun for example_kubernetes_executor to None, run_after=None
[2025-08-19T22:30:22.308+0000] {processor.py:183} INFO - Processing /home/airflow/.local/lib/python3.8/site-packages/airflow/example_dags/example_kubernetes_executor.py took 0.030 seconds
