[2025-08-19T21:50:07.766+0000] {processor.py:161} INFO - Started process (PID=70) to work on /home/airflow/.local/lib/python3.8/site-packages/airflow/example_dags/tutorial_taskflow_api.py
[2025-08-19T21:50:07.769+0000] {processor.py:830} INFO - Processing file /home/airflow/.local/lib/python3.8/site-packages/airflow/example_dags/tutorial_taskflow_api.py for tasks to queue
[2025-08-19T21:50:07.772+0000] {logging_mixin.py:188} INFO - [2025-08-19T21:50:07.771+0000] {dagbag.py:538} INFO - Filling up the DagBag from /home/airflow/.local/lib/python3.8/site-packages/airflow/example_dags/tutorial_taskflow_api.py
[2025-08-19T21:50:07.783+0000] {processor.py:840} INFO - DAG(s) 'tutorial_taskflow_api' retrieved from /home/airflow/.local/lib/python3.8/site-packages/airflow/example_dags/tutorial_taskflow_api.py
[2025-08-19T21:50:07.792+0000] {logging_mixin.py:188} INFO - [2025-08-19T21:50:07.792+0000] {dag.py:3036} INFO - Sync 1 DAGs
[2025-08-19T21:50:07.800+0000] {logging_mixin.py:188} INFO - [2025-08-19T21:50:07.800+0000] {dag.py:3823} INFO - Setting next_dagrun for tutorial_taskflow_api to None, run_after=None
[2025-08-19T21:50:07.814+0000] {processor.py:183} INFO - Processing /home/airflow/.local/lib/python3.8/site-packages/airflow/example_dags/tutorial_taskflow_api.py took 0.050 seconds
[2025-08-19T21:50:38.382+0000] {processor.py:161} INFO - Started process (PID=126) to work on /home/airflow/.local/lib/python3.8/site-packages/airflow/example_dags/tutorial_taskflow_api.py
[2025-08-19T21:50:38.383+0000] {processor.py:830} INFO - Processing file /home/airflow/.local/lib/python3.8/site-packages/airflow/example_dags/tutorial_taskflow_api.py for tasks to queue
[2025-08-19T21:50:38.386+0000] {logging_mixin.py:188} INFO - [2025-08-19T21:50:38.385+0000] {dagbag.py:538} INFO - Filling up the DagBag from /home/airflow/.local/lib/python3.8/site-packages/airflow/example_dags/tutorial_taskflow_api.py
[2025-08-19T21:50:38.394+0000] {processor.py:840} INFO - DAG(s) 'tutorial_taskflow_api' retrieved from /home/airflow/.local/lib/python3.8/site-packages/airflow/example_dags/tutorial_taskflow_api.py
[2025-08-19T21:50:38.482+0000] {logging_mixin.py:188} INFO - [2025-08-19T21:50:38.482+0000] {dag.py:3036} INFO - Sync 1 DAGs
[2025-08-19T21:50:38.487+0000] {logging_mixin.py:188} INFO - [2025-08-19T21:50:38.487+0000] {dag.py:3823} INFO - Setting next_dagrun for tutorial_taskflow_api to None, run_after=None
[2025-08-19T21:50:38.494+0000] {processor.py:183} INFO - Processing /home/airflow/.local/lib/python3.8/site-packages/airflow/example_dags/tutorial_taskflow_api.py took 0.119 seconds
[2025-08-19T21:51:09.165+0000] {processor.py:161} INFO - Started process (PID=181) to work on /home/airflow/.local/lib/python3.8/site-packages/airflow/example_dags/tutorial_taskflow_api.py
[2025-08-19T21:51:09.168+0000] {processor.py:830} INFO - Processing file /home/airflow/.local/lib/python3.8/site-packages/airflow/example_dags/tutorial_taskflow_api.py for tasks to queue
[2025-08-19T21:51:09.170+0000] {logging_mixin.py:188} INFO - [2025-08-19T21:51:09.170+0000] {dagbag.py:538} INFO - Filling up the DagBag from /home/airflow/.local/lib/python3.8/site-packages/airflow/example_dags/tutorial_taskflow_api.py
[2025-08-19T21:51:09.173+0000] {processor.py:840} INFO - DAG(s) 'tutorial_taskflow_api' retrieved from /home/airflow/.local/lib/python3.8/site-packages/airflow/example_dags/tutorial_taskflow_api.py
[2025-08-19T21:51:09.180+0000] {logging_mixin.py:188} INFO - [2025-08-19T21:51:09.180+0000] {dag.py:3036} INFO - Sync 1 DAGs
[2025-08-19T21:51:09.184+0000] {logging_mixin.py:188} INFO - [2025-08-19T21:51:09.184+0000] {dag.py:3823} INFO - Setting next_dagrun for tutorial_taskflow_api to None, run_after=None
[2025-08-19T21:51:09.193+0000] {processor.py:183} INFO - Processing /home/airflow/.local/lib/python3.8/site-packages/airflow/example_dags/tutorial_taskflow_api.py took 0.028 seconds
[2025-08-19T21:51:39.674+0000] {processor.py:161} INFO - Started process (PID=237) to work on /home/airflow/.local/lib/python3.8/site-packages/airflow/example_dags/tutorial_taskflow_api.py
[2025-08-19T21:51:39.674+0000] {processor.py:830} INFO - Processing file /home/airflow/.local/lib/python3.8/site-packages/airflow/example_dags/tutorial_taskflow_api.py for tasks to queue
[2025-08-19T21:51:39.675+0000] {logging_mixin.py:188} INFO - [2025-08-19T21:51:39.674+0000] {dagbag.py:538} INFO - Filling up the DagBag from /home/airflow/.local/lib/python3.8/site-packages/airflow/example_dags/tutorial_taskflow_api.py
[2025-08-19T21:51:39.677+0000] {processor.py:840} INFO - DAG(s) 'tutorial_taskflow_api' retrieved from /home/airflow/.local/lib/python3.8/site-packages/airflow/example_dags/tutorial_taskflow_api.py
[2025-08-19T21:51:39.684+0000] {logging_mixin.py:188} INFO - [2025-08-19T21:51:39.684+0000] {dag.py:3036} INFO - Sync 1 DAGs
[2025-08-19T21:51:39.688+0000] {logging_mixin.py:188} INFO - [2025-08-19T21:51:39.688+0000] {dag.py:3823} INFO - Setting next_dagrun for tutorial_taskflow_api to None, run_after=None
[2025-08-19T21:51:39.693+0000] {processor.py:183} INFO - Processing /home/airflow/.local/lib/python3.8/site-packages/airflow/example_dags/tutorial_taskflow_api.py took 0.021 seconds
[2025-08-19T21:52:10.469+0000] {processor.py:161} INFO - Started process (PID=299) to work on /home/airflow/.local/lib/python3.8/site-packages/airflow/example_dags/tutorial_taskflow_api.py
[2025-08-19T21:52:10.470+0000] {processor.py:830} INFO - Processing file /home/airflow/.local/lib/python3.8/site-packages/airflow/example_dags/tutorial_taskflow_api.py for tasks to queue
[2025-08-19T21:52:10.470+0000] {logging_mixin.py:188} INFO - [2025-08-19T21:52:10.470+0000] {dagbag.py:538} INFO - Filling up the DagBag from /home/airflow/.local/lib/python3.8/site-packages/airflow/example_dags/tutorial_taskflow_api.py
[2025-08-19T21:52:10.473+0000] {processor.py:840} INFO - DAG(s) 'tutorial_taskflow_api' retrieved from /home/airflow/.local/lib/python3.8/site-packages/airflow/example_dags/tutorial_taskflow_api.py
[2025-08-19T21:52:10.481+0000] {logging_mixin.py:188} INFO - [2025-08-19T21:52:10.481+0000] {dag.py:3036} INFO - Sync 1 DAGs
[2025-08-19T21:52:10.488+0000] {logging_mixin.py:188} INFO - [2025-08-19T21:52:10.488+0000] {dag.py:3823} INFO - Setting next_dagrun for tutorial_taskflow_api to None, run_after=None
[2025-08-19T21:52:10.498+0000] {processor.py:183} INFO - Processing /home/airflow/.local/lib/python3.8/site-packages/airflow/example_dags/tutorial_taskflow_api.py took 0.030 seconds
[2025-08-19T21:52:41.146+0000] {processor.py:161} INFO - Started process (PID=355) to work on /home/airflow/.local/lib/python3.8/site-packages/airflow/example_dags/tutorial_taskflow_api.py
[2025-08-19T21:52:41.148+0000] {processor.py:830} INFO - Processing file /home/airflow/.local/lib/python3.8/site-packages/airflow/example_dags/tutorial_taskflow_api.py for tasks to queue
[2025-08-19T21:52:41.150+0000] {logging_mixin.py:188} INFO - [2025-08-19T21:52:41.150+0000] {dagbag.py:538} INFO - Filling up the DagBag from /home/airflow/.local/lib/python3.8/site-packages/airflow/example_dags/tutorial_taskflow_api.py
[2025-08-19T21:52:41.153+0000] {processor.py:840} INFO - DAG(s) 'tutorial_taskflow_api' retrieved from /home/airflow/.local/lib/python3.8/site-packages/airflow/example_dags/tutorial_taskflow_api.py
[2025-08-19T21:52:41.161+0000] {logging_mixin.py:188} INFO - [2025-08-19T21:52:41.161+0000] {dag.py:3036} INFO - Sync 1 DAGs
[2025-08-19T21:52:41.167+0000] {logging_mixin.py:188} INFO - [2025-08-19T21:52:41.166+0000] {dag.py:3823} INFO - Setting next_dagrun for tutorial_taskflow_api to None, run_after=None
[2025-08-19T21:52:41.179+0000] {processor.py:183} INFO - Processing /home/airflow/.local/lib/python3.8/site-packages/airflow/example_dags/tutorial_taskflow_api.py took 0.034 seconds
[2025-08-19T21:53:11.794+0000] {processor.py:161} INFO - Started process (PID=411) to work on /home/airflow/.local/lib/python3.8/site-packages/airflow/example_dags/tutorial_taskflow_api.py
[2025-08-19T21:53:11.795+0000] {processor.py:830} INFO - Processing file /home/airflow/.local/lib/python3.8/site-packages/airflow/example_dags/tutorial_taskflow_api.py for tasks to queue
[2025-08-19T21:53:11.796+0000] {logging_mixin.py:188} INFO - [2025-08-19T21:53:11.795+0000] {dagbag.py:538} INFO - Filling up the DagBag from /home/airflow/.local/lib/python3.8/site-packages/airflow/example_dags/tutorial_taskflow_api.py
[2025-08-19T21:53:11.798+0000] {processor.py:840} INFO - DAG(s) 'tutorial_taskflow_api' retrieved from /home/airflow/.local/lib/python3.8/site-packages/airflow/example_dags/tutorial_taskflow_api.py
[2025-08-19T21:53:11.809+0000] {logging_mixin.py:188} INFO - [2025-08-19T21:53:11.809+0000] {dag.py:3036} INFO - Sync 1 DAGs
[2025-08-19T21:53:11.814+0000] {logging_mixin.py:188} INFO - [2025-08-19T21:53:11.814+0000] {dag.py:3823} INFO - Setting next_dagrun for tutorial_taskflow_api to None, run_after=None
[2025-08-19T21:53:11.821+0000] {processor.py:183} INFO - Processing /home/airflow/.local/lib/python3.8/site-packages/airflow/example_dags/tutorial_taskflow_api.py took 0.028 seconds
[2025-08-19T21:53:42.451+0000] {processor.py:161} INFO - Started process (PID=467) to work on /home/airflow/.local/lib/python3.8/site-packages/airflow/example_dags/tutorial_taskflow_api.py
[2025-08-19T21:53:42.451+0000] {processor.py:830} INFO - Processing file /home/airflow/.local/lib/python3.8/site-packages/airflow/example_dags/tutorial_taskflow_api.py for tasks to queue
[2025-08-19T21:53:42.452+0000] {logging_mixin.py:188} INFO - [2025-08-19T21:53:42.452+0000] {dagbag.py:538} INFO - Filling up the DagBag from /home/airflow/.local/lib/python3.8/site-packages/airflow/example_dags/tutorial_taskflow_api.py
[2025-08-19T21:53:42.455+0000] {processor.py:840} INFO - DAG(s) 'tutorial_taskflow_api' retrieved from /home/airflow/.local/lib/python3.8/site-packages/airflow/example_dags/tutorial_taskflow_api.py
[2025-08-19T21:53:42.465+0000] {logging_mixin.py:188} INFO - [2025-08-19T21:53:42.465+0000] {dag.py:3036} INFO - Sync 1 DAGs
[2025-08-19T21:53:42.470+0000] {logging_mixin.py:188} INFO - [2025-08-19T21:53:42.469+0000] {dag.py:3823} INFO - Setting next_dagrun for tutorial_taskflow_api to None, run_after=None
[2025-08-19T21:53:42.478+0000] {processor.py:183} INFO - Processing /home/airflow/.local/lib/python3.8/site-packages/airflow/example_dags/tutorial_taskflow_api.py took 0.028 seconds
[2025-08-19T21:54:13.074+0000] {processor.py:161} INFO - Started process (PID=523) to work on /home/airflow/.local/lib/python3.8/site-packages/airflow/example_dags/tutorial_taskflow_api.py
[2025-08-19T21:54:13.075+0000] {processor.py:830} INFO - Processing file /home/airflow/.local/lib/python3.8/site-packages/airflow/example_dags/tutorial_taskflow_api.py for tasks to queue
[2025-08-19T21:54:13.076+0000] {logging_mixin.py:188} INFO - [2025-08-19T21:54:13.076+0000] {dagbag.py:538} INFO - Filling up the DagBag from /home/airflow/.local/lib/python3.8/site-packages/airflow/example_dags/tutorial_taskflow_api.py
[2025-08-19T21:54:13.079+0000] {processor.py:840} INFO - DAG(s) 'tutorial_taskflow_api' retrieved from /home/airflow/.local/lib/python3.8/site-packages/airflow/example_dags/tutorial_taskflow_api.py
[2025-08-19T21:54:13.090+0000] {logging_mixin.py:188} INFO - [2025-08-19T21:54:13.090+0000] {dag.py:3036} INFO - Sync 1 DAGs
[2025-08-19T21:54:13.095+0000] {logging_mixin.py:188} INFO - [2025-08-19T21:54:13.094+0000] {dag.py:3823} INFO - Setting next_dagrun for tutorial_taskflow_api to None, run_after=None
[2025-08-19T21:54:13.103+0000] {processor.py:183} INFO - Processing /home/airflow/.local/lib/python3.8/site-packages/airflow/example_dags/tutorial_taskflow_api.py took 0.030 seconds
[2025-08-19T21:54:43.655+0000] {processor.py:161} INFO - Started process (PID=579) to work on /home/airflow/.local/lib/python3.8/site-packages/airflow/example_dags/tutorial_taskflow_api.py
[2025-08-19T21:54:43.655+0000] {processor.py:830} INFO - Processing file /home/airflow/.local/lib/python3.8/site-packages/airflow/example_dags/tutorial_taskflow_api.py for tasks to queue
[2025-08-19T21:54:43.656+0000] {logging_mixin.py:188} INFO - [2025-08-19T21:54:43.656+0000] {dagbag.py:538} INFO - Filling up the DagBag from /home/airflow/.local/lib/python3.8/site-packages/airflow/example_dags/tutorial_taskflow_api.py
[2025-08-19T21:54:43.659+0000] {processor.py:840} INFO - DAG(s) 'tutorial_taskflow_api' retrieved from /home/airflow/.local/lib/python3.8/site-packages/airflow/example_dags/tutorial_taskflow_api.py
[2025-08-19T21:54:43.666+0000] {logging_mixin.py:188} INFO - [2025-08-19T21:54:43.666+0000] {dag.py:3036} INFO - Sync 1 DAGs
[2025-08-19T21:54:43.670+0000] {logging_mixin.py:188} INFO - [2025-08-19T21:54:43.670+0000] {dag.py:3823} INFO - Setting next_dagrun for tutorial_taskflow_api to None, run_after=None
[2025-08-19T21:54:43.675+0000] {processor.py:183} INFO - Processing /home/airflow/.local/lib/python3.8/site-packages/airflow/example_dags/tutorial_taskflow_api.py took 0.022 seconds
[2025-08-19T21:55:14.198+0000] {processor.py:161} INFO - Started process (PID=635) to work on /home/airflow/.local/lib/python3.8/site-packages/airflow/example_dags/tutorial_taskflow_api.py
[2025-08-19T21:55:14.199+0000] {processor.py:830} INFO - Processing file /home/airflow/.local/lib/python3.8/site-packages/airflow/example_dags/tutorial_taskflow_api.py for tasks to queue
[2025-08-19T21:55:14.200+0000] {logging_mixin.py:188} INFO - [2025-08-19T21:55:14.199+0000] {dagbag.py:538} INFO - Filling up the DagBag from /home/airflow/.local/lib/python3.8/site-packages/airflow/example_dags/tutorial_taskflow_api.py
[2025-08-19T21:55:14.203+0000] {processor.py:840} INFO - DAG(s) 'tutorial_taskflow_api' retrieved from /home/airflow/.local/lib/python3.8/site-packages/airflow/example_dags/tutorial_taskflow_api.py
[2025-08-19T21:55:14.210+0000] {logging_mixin.py:188} INFO - [2025-08-19T21:55:14.210+0000] {dag.py:3036} INFO - Sync 1 DAGs
[2025-08-19T21:55:14.215+0000] {logging_mixin.py:188} INFO - [2025-08-19T21:55:14.215+0000] {dag.py:3823} INFO - Setting next_dagrun for tutorial_taskflow_api to None, run_after=None
[2025-08-19T21:55:14.228+0000] {processor.py:183} INFO - Processing /home/airflow/.local/lib/python3.8/site-packages/airflow/example_dags/tutorial_taskflow_api.py took 0.032 seconds
[2025-08-19T21:55:44.801+0000] {processor.py:161} INFO - Started process (PID=691) to work on /home/airflow/.local/lib/python3.8/site-packages/airflow/example_dags/tutorial_taskflow_api.py
[2025-08-19T21:55:44.802+0000] {processor.py:830} INFO - Processing file /home/airflow/.local/lib/python3.8/site-packages/airflow/example_dags/tutorial_taskflow_api.py for tasks to queue
[2025-08-19T21:55:44.804+0000] {logging_mixin.py:188} INFO - [2025-08-19T21:55:44.804+0000] {dagbag.py:538} INFO - Filling up the DagBag from /home/airflow/.local/lib/python3.8/site-packages/airflow/example_dags/tutorial_taskflow_api.py
[2025-08-19T21:55:44.807+0000] {processor.py:840} INFO - DAG(s) 'tutorial_taskflow_api' retrieved from /home/airflow/.local/lib/python3.8/site-packages/airflow/example_dags/tutorial_taskflow_api.py
[2025-08-19T21:55:44.823+0000] {logging_mixin.py:188} INFO - [2025-08-19T21:55:44.823+0000] {dag.py:3036} INFO - Sync 1 DAGs
[2025-08-19T21:55:44.833+0000] {logging_mixin.py:188} INFO - [2025-08-19T21:55:44.833+0000] {dag.py:3823} INFO - Setting next_dagrun for tutorial_taskflow_api to None, run_after=None
[2025-08-19T21:55:44.847+0000] {processor.py:183} INFO - Processing /home/airflow/.local/lib/python3.8/site-packages/airflow/example_dags/tutorial_taskflow_api.py took 0.048 seconds
[2025-08-19T21:56:15.462+0000] {processor.py:161} INFO - Started process (PID=747) to work on /home/airflow/.local/lib/python3.8/site-packages/airflow/example_dags/tutorial_taskflow_api.py
[2025-08-19T21:56:15.463+0000] {processor.py:830} INFO - Processing file /home/airflow/.local/lib/python3.8/site-packages/airflow/example_dags/tutorial_taskflow_api.py for tasks to queue
[2025-08-19T21:56:15.464+0000] {logging_mixin.py:188} INFO - [2025-08-19T21:56:15.464+0000] {dagbag.py:538} INFO - Filling up the DagBag from /home/airflow/.local/lib/python3.8/site-packages/airflow/example_dags/tutorial_taskflow_api.py
[2025-08-19T21:56:15.467+0000] {processor.py:840} INFO - DAG(s) 'tutorial_taskflow_api' retrieved from /home/airflow/.local/lib/python3.8/site-packages/airflow/example_dags/tutorial_taskflow_api.py
[2025-08-19T21:56:15.476+0000] {logging_mixin.py:188} INFO - [2025-08-19T21:56:15.476+0000] {dag.py:3036} INFO - Sync 1 DAGs
[2025-08-19T21:56:15.482+0000] {logging_mixin.py:188} INFO - [2025-08-19T21:56:15.482+0000] {dag.py:3823} INFO - Setting next_dagrun for tutorial_taskflow_api to None, run_after=None
[2025-08-19T21:56:15.490+0000] {processor.py:183} INFO - Processing /home/airflow/.local/lib/python3.8/site-packages/airflow/example_dags/tutorial_taskflow_api.py took 0.030 seconds
[2025-08-19T21:56:46.071+0000] {processor.py:161} INFO - Started process (PID=803) to work on /home/airflow/.local/lib/python3.8/site-packages/airflow/example_dags/tutorial_taskflow_api.py
[2025-08-19T21:56:46.074+0000] {processor.py:830} INFO - Processing file /home/airflow/.local/lib/python3.8/site-packages/airflow/example_dags/tutorial_taskflow_api.py for tasks to queue
[2025-08-19T21:56:46.075+0000] {logging_mixin.py:188} INFO - [2025-08-19T21:56:46.075+0000] {dagbag.py:538} INFO - Filling up the DagBag from /home/airflow/.local/lib/python3.8/site-packages/airflow/example_dags/tutorial_taskflow_api.py
[2025-08-19T21:56:46.077+0000] {processor.py:840} INFO - DAG(s) 'tutorial_taskflow_api' retrieved from /home/airflow/.local/lib/python3.8/site-packages/airflow/example_dags/tutorial_taskflow_api.py
[2025-08-19T21:56:46.087+0000] {logging_mixin.py:188} INFO - [2025-08-19T21:56:46.087+0000] {dag.py:3036} INFO - Sync 1 DAGs
[2025-08-19T21:56:46.091+0000] {logging_mixin.py:188} INFO - [2025-08-19T21:56:46.091+0000] {dag.py:3823} INFO - Setting next_dagrun for tutorial_taskflow_api to None, run_after=None
[2025-08-19T21:56:46.101+0000] {processor.py:183} INFO - Processing /home/airflow/.local/lib/python3.8/site-packages/airflow/example_dags/tutorial_taskflow_api.py took 0.032 seconds
[2025-08-19T21:57:16.741+0000] {processor.py:161} INFO - Started process (PID=859) to work on /home/airflow/.local/lib/python3.8/site-packages/airflow/example_dags/tutorial_taskflow_api.py
[2025-08-19T21:57:16.742+0000] {processor.py:830} INFO - Processing file /home/airflow/.local/lib/python3.8/site-packages/airflow/example_dags/tutorial_taskflow_api.py for tasks to queue
[2025-08-19T21:57:16.743+0000] {logging_mixin.py:188} INFO - [2025-08-19T21:57:16.743+0000] {dagbag.py:538} INFO - Filling up the DagBag from /home/airflow/.local/lib/python3.8/site-packages/airflow/example_dags/tutorial_taskflow_api.py
[2025-08-19T21:57:16.746+0000] {processor.py:840} INFO - DAG(s) 'tutorial_taskflow_api' retrieved from /home/airflow/.local/lib/python3.8/site-packages/airflow/example_dags/tutorial_taskflow_api.py
[2025-08-19T21:57:16.754+0000] {logging_mixin.py:188} INFO - [2025-08-19T21:57:16.754+0000] {dag.py:3036} INFO - Sync 1 DAGs
[2025-08-19T21:57:16.759+0000] {logging_mixin.py:188} INFO - [2025-08-19T21:57:16.758+0000] {dag.py:3823} INFO - Setting next_dagrun for tutorial_taskflow_api to None, run_after=None
[2025-08-19T21:57:16.768+0000] {processor.py:183} INFO - Processing /home/airflow/.local/lib/python3.8/site-packages/airflow/example_dags/tutorial_taskflow_api.py took 0.028 seconds
[2025-08-19T21:57:47.326+0000] {processor.py:161} INFO - Started process (PID=915) to work on /home/airflow/.local/lib/python3.8/site-packages/airflow/example_dags/tutorial_taskflow_api.py
[2025-08-19T21:57:47.326+0000] {processor.py:830} INFO - Processing file /home/airflow/.local/lib/python3.8/site-packages/airflow/example_dags/tutorial_taskflow_api.py for tasks to queue
[2025-08-19T21:57:47.327+0000] {logging_mixin.py:188} INFO - [2025-08-19T21:57:47.327+0000] {dagbag.py:538} INFO - Filling up the DagBag from /home/airflow/.local/lib/python3.8/site-packages/airflow/example_dags/tutorial_taskflow_api.py
[2025-08-19T21:57:47.330+0000] {processor.py:840} INFO - DAG(s) 'tutorial_taskflow_api' retrieved from /home/airflow/.local/lib/python3.8/site-packages/airflow/example_dags/tutorial_taskflow_api.py
[2025-08-19T21:57:47.338+0000] {logging_mixin.py:188} INFO - [2025-08-19T21:57:47.338+0000] {dag.py:3036} INFO - Sync 1 DAGs
[2025-08-19T21:57:47.345+0000] {logging_mixin.py:188} INFO - [2025-08-19T21:57:47.345+0000] {dag.py:3823} INFO - Setting next_dagrun for tutorial_taskflow_api to None, run_after=None
[2025-08-19T21:57:47.351+0000] {processor.py:183} INFO - Processing /home/airflow/.local/lib/python3.8/site-packages/airflow/example_dags/tutorial_taskflow_api.py took 0.027 seconds
[2025-08-19T21:58:17.884+0000] {processor.py:161} INFO - Started process (PID=971) to work on /home/airflow/.local/lib/python3.8/site-packages/airflow/example_dags/tutorial_taskflow_api.py
[2025-08-19T21:58:17.885+0000] {processor.py:830} INFO - Processing file /home/airflow/.local/lib/python3.8/site-packages/airflow/example_dags/tutorial_taskflow_api.py for tasks to queue
[2025-08-19T21:58:17.886+0000] {logging_mixin.py:188} INFO - [2025-08-19T21:58:17.885+0000] {dagbag.py:538} INFO - Filling up the DagBag from /home/airflow/.local/lib/python3.8/site-packages/airflow/example_dags/tutorial_taskflow_api.py
[2025-08-19T21:58:17.888+0000] {processor.py:840} INFO - DAG(s) 'tutorial_taskflow_api' retrieved from /home/airflow/.local/lib/python3.8/site-packages/airflow/example_dags/tutorial_taskflow_api.py
[2025-08-19T21:58:17.897+0000] {logging_mixin.py:188} INFO - [2025-08-19T21:58:17.897+0000] {dag.py:3036} INFO - Sync 1 DAGs
[2025-08-19T21:58:17.901+0000] {logging_mixin.py:188} INFO - [2025-08-19T21:58:17.901+0000] {dag.py:3823} INFO - Setting next_dagrun for tutorial_taskflow_api to None, run_after=None
[2025-08-19T21:58:17.910+0000] {processor.py:183} INFO - Processing /home/airflow/.local/lib/python3.8/site-packages/airflow/example_dags/tutorial_taskflow_api.py took 0.027 seconds
[2025-08-19T21:58:48.459+0000] {processor.py:161} INFO - Started process (PID=1027) to work on /home/airflow/.local/lib/python3.8/site-packages/airflow/example_dags/tutorial_taskflow_api.py
[2025-08-19T21:58:48.459+0000] {processor.py:830} INFO - Processing file /home/airflow/.local/lib/python3.8/site-packages/airflow/example_dags/tutorial_taskflow_api.py for tasks to queue
[2025-08-19T21:58:48.460+0000] {logging_mixin.py:188} INFO - [2025-08-19T21:58:48.460+0000] {dagbag.py:538} INFO - Filling up the DagBag from /home/airflow/.local/lib/python3.8/site-packages/airflow/example_dags/tutorial_taskflow_api.py
[2025-08-19T21:58:48.463+0000] {processor.py:840} INFO - DAG(s) 'tutorial_taskflow_api' retrieved from /home/airflow/.local/lib/python3.8/site-packages/airflow/example_dags/tutorial_taskflow_api.py
[2025-08-19T21:58:48.472+0000] {logging_mixin.py:188} INFO - [2025-08-19T21:58:48.472+0000] {dag.py:3036} INFO - Sync 1 DAGs
[2025-08-19T21:58:48.478+0000] {logging_mixin.py:188} INFO - [2025-08-19T21:58:48.478+0000] {dag.py:3823} INFO - Setting next_dagrun for tutorial_taskflow_api to None, run_after=None
[2025-08-19T21:58:48.490+0000] {processor.py:183} INFO - Processing /home/airflow/.local/lib/python3.8/site-packages/airflow/example_dags/tutorial_taskflow_api.py took 0.032 seconds
[2025-08-19T21:59:18.969+0000] {processor.py:161} INFO - Started process (PID=1083) to work on /home/airflow/.local/lib/python3.8/site-packages/airflow/example_dags/tutorial_taskflow_api.py
[2025-08-19T21:59:18.971+0000] {processor.py:830} INFO - Processing file /home/airflow/.local/lib/python3.8/site-packages/airflow/example_dags/tutorial_taskflow_api.py for tasks to queue
[2025-08-19T21:59:18.972+0000] {logging_mixin.py:188} INFO - [2025-08-19T21:59:18.972+0000] {dagbag.py:538} INFO - Filling up the DagBag from /home/airflow/.local/lib/python3.8/site-packages/airflow/example_dags/tutorial_taskflow_api.py
[2025-08-19T21:59:18.975+0000] {processor.py:840} INFO - DAG(s) 'tutorial_taskflow_api' retrieved from /home/airflow/.local/lib/python3.8/site-packages/airflow/example_dags/tutorial_taskflow_api.py
[2025-08-19T21:59:18.985+0000] {logging_mixin.py:188} INFO - [2025-08-19T21:59:18.985+0000] {dag.py:3036} INFO - Sync 1 DAGs
[2025-08-19T21:59:18.992+0000] {logging_mixin.py:188} INFO - [2025-08-19T21:59:18.992+0000] {dag.py:3823} INFO - Setting next_dagrun for tutorial_taskflow_api to None, run_after=None
[2025-08-19T21:59:19.001+0000] {processor.py:183} INFO - Processing /home/airflow/.local/lib/python3.8/site-packages/airflow/example_dags/tutorial_taskflow_api.py took 0.033 seconds
[2025-08-19T21:59:49.528+0000] {processor.py:161} INFO - Started process (PID=1140) to work on /home/airflow/.local/lib/python3.8/site-packages/airflow/example_dags/tutorial_taskflow_api.py
[2025-08-19T21:59:49.528+0000] {processor.py:830} INFO - Processing file /home/airflow/.local/lib/python3.8/site-packages/airflow/example_dags/tutorial_taskflow_api.py for tasks to queue
[2025-08-19T21:59:49.529+0000] {logging_mixin.py:188} INFO - [2025-08-19T21:59:49.529+0000] {dagbag.py:538} INFO - Filling up the DagBag from /home/airflow/.local/lib/python3.8/site-packages/airflow/example_dags/tutorial_taskflow_api.py
[2025-08-19T21:59:49.533+0000] {processor.py:840} INFO - DAG(s) 'tutorial_taskflow_api' retrieved from /home/airflow/.local/lib/python3.8/site-packages/airflow/example_dags/tutorial_taskflow_api.py
[2025-08-19T21:59:49.542+0000] {logging_mixin.py:188} INFO - [2025-08-19T21:59:49.542+0000] {dag.py:3036} INFO - Sync 1 DAGs
[2025-08-19T21:59:49.546+0000] {logging_mixin.py:188} INFO - [2025-08-19T21:59:49.546+0000] {dag.py:3823} INFO - Setting next_dagrun for tutorial_taskflow_api to None, run_after=None
[2025-08-19T21:59:49.555+0000] {processor.py:183} INFO - Processing /home/airflow/.local/lib/python3.8/site-packages/airflow/example_dags/tutorial_taskflow_api.py took 0.030 seconds
[2025-08-19T22:00:20.057+0000] {processor.py:161} INFO - Started process (PID=1196) to work on /home/airflow/.local/lib/python3.8/site-packages/airflow/example_dags/tutorial_taskflow_api.py
[2025-08-19T22:00:20.057+0000] {processor.py:830} INFO - Processing file /home/airflow/.local/lib/python3.8/site-packages/airflow/example_dags/tutorial_taskflow_api.py for tasks to queue
[2025-08-19T22:00:20.058+0000] {logging_mixin.py:188} INFO - [2025-08-19T22:00:20.058+0000] {dagbag.py:538} INFO - Filling up the DagBag from /home/airflow/.local/lib/python3.8/site-packages/airflow/example_dags/tutorial_taskflow_api.py
[2025-08-19T22:00:20.061+0000] {processor.py:840} INFO - DAG(s) 'tutorial_taskflow_api' retrieved from /home/airflow/.local/lib/python3.8/site-packages/airflow/example_dags/tutorial_taskflow_api.py
[2025-08-19T22:00:20.069+0000] {logging_mixin.py:188} INFO - [2025-08-19T22:00:20.069+0000] {dag.py:3036} INFO - Sync 1 DAGs
[2025-08-19T22:00:20.073+0000] {logging_mixin.py:188} INFO - [2025-08-19T22:00:20.073+0000] {dag.py:3823} INFO - Setting next_dagrun for tutorial_taskflow_api to None, run_after=None
[2025-08-19T22:00:20.079+0000] {processor.py:183} INFO - Processing /home/airflow/.local/lib/python3.8/site-packages/airflow/example_dags/tutorial_taskflow_api.py took 0.023 seconds
[2025-08-19T22:00:50.609+0000] {processor.py:161} INFO - Started process (PID=1252) to work on /home/airflow/.local/lib/python3.8/site-packages/airflow/example_dags/tutorial_taskflow_api.py
[2025-08-19T22:00:50.610+0000] {processor.py:830} INFO - Processing file /home/airflow/.local/lib/python3.8/site-packages/airflow/example_dags/tutorial_taskflow_api.py for tasks to queue
[2025-08-19T22:00:50.610+0000] {logging_mixin.py:188} INFO - [2025-08-19T22:00:50.610+0000] {dagbag.py:538} INFO - Filling up the DagBag from /home/airflow/.local/lib/python3.8/site-packages/airflow/example_dags/tutorial_taskflow_api.py
[2025-08-19T22:00:50.613+0000] {processor.py:840} INFO - DAG(s) 'tutorial_taskflow_api' retrieved from /home/airflow/.local/lib/python3.8/site-packages/airflow/example_dags/tutorial_taskflow_api.py
[2025-08-19T22:00:50.622+0000] {logging_mixin.py:188} INFO - [2025-08-19T22:00:50.621+0000] {dag.py:3036} INFO - Sync 1 DAGs
[2025-08-19T22:00:50.626+0000] {logging_mixin.py:188} INFO - [2025-08-19T22:00:50.626+0000] {dag.py:3823} INFO - Setting next_dagrun for tutorial_taskflow_api to None, run_after=None
[2025-08-19T22:00:50.633+0000] {processor.py:183} INFO - Processing /home/airflow/.local/lib/python3.8/site-packages/airflow/example_dags/tutorial_taskflow_api.py took 0.026 seconds
[2025-08-19T22:01:21.478+0000] {processor.py:161} INFO - Started process (PID=1307) to work on /home/airflow/.local/lib/python3.8/site-packages/airflow/example_dags/tutorial_taskflow_api.py
[2025-08-19T22:01:21.479+0000] {processor.py:830} INFO - Processing file /home/airflow/.local/lib/python3.8/site-packages/airflow/example_dags/tutorial_taskflow_api.py for tasks to queue
[2025-08-19T22:01:21.480+0000] {logging_mixin.py:188} INFO - [2025-08-19T22:01:21.480+0000] {dagbag.py:538} INFO - Filling up the DagBag from /home/airflow/.local/lib/python3.8/site-packages/airflow/example_dags/tutorial_taskflow_api.py
[2025-08-19T22:01:21.484+0000] {processor.py:840} INFO - DAG(s) 'tutorial_taskflow_api' retrieved from /home/airflow/.local/lib/python3.8/site-packages/airflow/example_dags/tutorial_taskflow_api.py
[2025-08-19T22:01:21.492+0000] {logging_mixin.py:188} INFO - [2025-08-19T22:01:21.492+0000] {dag.py:3036} INFO - Sync 1 DAGs
[2025-08-19T22:01:21.497+0000] {logging_mixin.py:188} INFO - [2025-08-19T22:01:21.497+0000] {dag.py:3823} INFO - Setting next_dagrun for tutorial_taskflow_api to None, run_after=None
[2025-08-19T22:01:21.509+0000] {processor.py:183} INFO - Processing /home/airflow/.local/lib/python3.8/site-packages/airflow/example_dags/tutorial_taskflow_api.py took 0.033 seconds
[2025-08-19T22:01:51.530+0000] {processor.py:161} INFO - Started process (PID=1363) to work on /home/airflow/.local/lib/python3.8/site-packages/airflow/example_dags/tutorial_taskflow_api.py
[2025-08-19T22:01:51.532+0000] {processor.py:830} INFO - Processing file /home/airflow/.local/lib/python3.8/site-packages/airflow/example_dags/tutorial_taskflow_api.py for tasks to queue
[2025-08-19T22:01:51.534+0000] {logging_mixin.py:188} INFO - [2025-08-19T22:01:51.534+0000] {dagbag.py:538} INFO - Filling up the DagBag from /home/airflow/.local/lib/python3.8/site-packages/airflow/example_dags/tutorial_taskflow_api.py
[2025-08-19T22:01:51.538+0000] {processor.py:840} INFO - DAG(s) 'tutorial_taskflow_api' retrieved from /home/airflow/.local/lib/python3.8/site-packages/airflow/example_dags/tutorial_taskflow_api.py
[2025-08-19T22:01:51.547+0000] {logging_mixin.py:188} INFO - [2025-08-19T22:01:51.547+0000] {dag.py:3036} INFO - Sync 1 DAGs
[2025-08-19T22:01:51.551+0000] {logging_mixin.py:188} INFO - [2025-08-19T22:01:51.551+0000] {dag.py:3823} INFO - Setting next_dagrun for tutorial_taskflow_api to None, run_after=None
[2025-08-19T22:01:51.560+0000] {processor.py:183} INFO - Processing /home/airflow/.local/lib/python3.8/site-packages/airflow/example_dags/tutorial_taskflow_api.py took 0.031 seconds
[2025-08-19T22:02:22.426+0000] {processor.py:161} INFO - Started process (PID=1419) to work on /home/airflow/.local/lib/python3.8/site-packages/airflow/example_dags/tutorial_taskflow_api.py
[2025-08-19T22:02:22.428+0000] {processor.py:830} INFO - Processing file /home/airflow/.local/lib/python3.8/site-packages/airflow/example_dags/tutorial_taskflow_api.py for tasks to queue
[2025-08-19T22:02:22.430+0000] {logging_mixin.py:188} INFO - [2025-08-19T22:02:22.429+0000] {dagbag.py:538} INFO - Filling up the DagBag from /home/airflow/.local/lib/python3.8/site-packages/airflow/example_dags/tutorial_taskflow_api.py
[2025-08-19T22:02:22.432+0000] {processor.py:840} INFO - DAG(s) 'tutorial_taskflow_api' retrieved from /home/airflow/.local/lib/python3.8/site-packages/airflow/example_dags/tutorial_taskflow_api.py
[2025-08-19T22:02:22.441+0000] {logging_mixin.py:188} INFO - [2025-08-19T22:02:22.441+0000] {dag.py:3036} INFO - Sync 1 DAGs
[2025-08-19T22:02:22.446+0000] {logging_mixin.py:188} INFO - [2025-08-19T22:02:22.445+0000] {dag.py:3823} INFO - Setting next_dagrun for tutorial_taskflow_api to None, run_after=None
[2025-08-19T22:02:22.455+0000] {processor.py:183} INFO - Processing /home/airflow/.local/lib/python3.8/site-packages/airflow/example_dags/tutorial_taskflow_api.py took 0.030 seconds
[2025-08-19T22:02:53.324+0000] {processor.py:161} INFO - Started process (PID=1475) to work on /home/airflow/.local/lib/python3.8/site-packages/airflow/example_dags/tutorial_taskflow_api.py
[2025-08-19T22:02:53.325+0000] {processor.py:830} INFO - Processing file /home/airflow/.local/lib/python3.8/site-packages/airflow/example_dags/tutorial_taskflow_api.py for tasks to queue
[2025-08-19T22:02:53.326+0000] {logging_mixin.py:188} INFO - [2025-08-19T22:02:53.326+0000] {dagbag.py:538} INFO - Filling up the DagBag from /home/airflow/.local/lib/python3.8/site-packages/airflow/example_dags/tutorial_taskflow_api.py
[2025-08-19T22:02:53.329+0000] {processor.py:840} INFO - DAG(s) 'tutorial_taskflow_api' retrieved from /home/airflow/.local/lib/python3.8/site-packages/airflow/example_dags/tutorial_taskflow_api.py
[2025-08-19T22:02:53.338+0000] {logging_mixin.py:188} INFO - [2025-08-19T22:02:53.337+0000] {dag.py:3036} INFO - Sync 1 DAGs
[2025-08-19T22:02:53.343+0000] {logging_mixin.py:188} INFO - [2025-08-19T22:02:53.343+0000] {dag.py:3823} INFO - Setting next_dagrun for tutorial_taskflow_api to None, run_after=None
[2025-08-19T22:02:53.353+0000] {processor.py:183} INFO - Processing /home/airflow/.local/lib/python3.8/site-packages/airflow/example_dags/tutorial_taskflow_api.py took 0.030 seconds
[2025-08-19T22:03:24.296+0000] {processor.py:161} INFO - Started process (PID=1531) to work on /home/airflow/.local/lib/python3.8/site-packages/airflow/example_dags/tutorial_taskflow_api.py
[2025-08-19T22:03:24.296+0000] {processor.py:830} INFO - Processing file /home/airflow/.local/lib/python3.8/site-packages/airflow/example_dags/tutorial_taskflow_api.py for tasks to queue
[2025-08-19T22:03:24.297+0000] {logging_mixin.py:188} INFO - [2025-08-19T22:03:24.297+0000] {dagbag.py:538} INFO - Filling up the DagBag from /home/airflow/.local/lib/python3.8/site-packages/airflow/example_dags/tutorial_taskflow_api.py
[2025-08-19T22:03:24.300+0000] {processor.py:840} INFO - DAG(s) 'tutorial_taskflow_api' retrieved from /home/airflow/.local/lib/python3.8/site-packages/airflow/example_dags/tutorial_taskflow_api.py
[2025-08-19T22:03:24.310+0000] {logging_mixin.py:188} INFO - [2025-08-19T22:03:24.310+0000] {dag.py:3036} INFO - Sync 1 DAGs
[2025-08-19T22:03:24.315+0000] {logging_mixin.py:188} INFO - [2025-08-19T22:03:24.314+0000] {dag.py:3823} INFO - Setting next_dagrun for tutorial_taskflow_api to None, run_after=None
[2025-08-19T22:03:24.322+0000] {processor.py:183} INFO - Processing /home/airflow/.local/lib/python3.8/site-packages/airflow/example_dags/tutorial_taskflow_api.py took 0.027 seconds
[2025-08-19T22:03:55.090+0000] {processor.py:161} INFO - Started process (PID=1587) to work on /home/airflow/.local/lib/python3.8/site-packages/airflow/example_dags/tutorial_taskflow_api.py
[2025-08-19T22:03:55.091+0000] {processor.py:830} INFO - Processing file /home/airflow/.local/lib/python3.8/site-packages/airflow/example_dags/tutorial_taskflow_api.py for tasks to queue
[2025-08-19T22:03:55.093+0000] {logging_mixin.py:188} INFO - [2025-08-19T22:03:55.092+0000] {dagbag.py:538} INFO - Filling up the DagBag from /home/airflow/.local/lib/python3.8/site-packages/airflow/example_dags/tutorial_taskflow_api.py
[2025-08-19T22:03:55.097+0000] {processor.py:840} INFO - DAG(s) 'tutorial_taskflow_api' retrieved from /home/airflow/.local/lib/python3.8/site-packages/airflow/example_dags/tutorial_taskflow_api.py
[2025-08-19T22:03:55.107+0000] {logging_mixin.py:188} INFO - [2025-08-19T22:03:55.107+0000] {dag.py:3036} INFO - Sync 1 DAGs
[2025-08-19T22:03:55.114+0000] {logging_mixin.py:188} INFO - [2025-08-19T22:03:55.114+0000] {dag.py:3823} INFO - Setting next_dagrun for tutorial_taskflow_api to None, run_after=None
[2025-08-19T22:03:55.133+0000] {processor.py:183} INFO - Processing /home/airflow/.local/lib/python3.8/site-packages/airflow/example_dags/tutorial_taskflow_api.py took 0.045 seconds
[2025-08-19T22:04:25.632+0000] {processor.py:161} INFO - Started process (PID=1643) to work on /home/airflow/.local/lib/python3.8/site-packages/airflow/example_dags/tutorial_taskflow_api.py
[2025-08-19T22:04:25.633+0000] {processor.py:830} INFO - Processing file /home/airflow/.local/lib/python3.8/site-packages/airflow/example_dags/tutorial_taskflow_api.py for tasks to queue
[2025-08-19T22:04:25.633+0000] {logging_mixin.py:188} INFO - [2025-08-19T22:04:25.633+0000] {dagbag.py:538} INFO - Filling up the DagBag from /home/airflow/.local/lib/python3.8/site-packages/airflow/example_dags/tutorial_taskflow_api.py
[2025-08-19T22:04:25.636+0000] {processor.py:840} INFO - DAG(s) 'tutorial_taskflow_api' retrieved from /home/airflow/.local/lib/python3.8/site-packages/airflow/example_dags/tutorial_taskflow_api.py
[2025-08-19T22:04:25.644+0000] {logging_mixin.py:188} INFO - [2025-08-19T22:04:25.644+0000] {dag.py:3036} INFO - Sync 1 DAGs
[2025-08-19T22:04:25.648+0000] {logging_mixin.py:188} INFO - [2025-08-19T22:04:25.648+0000] {dag.py:3823} INFO - Setting next_dagrun for tutorial_taskflow_api to None, run_after=None
[2025-08-19T22:04:25.657+0000] {processor.py:183} INFO - Processing /home/airflow/.local/lib/python3.8/site-packages/airflow/example_dags/tutorial_taskflow_api.py took 0.027 seconds
[2025-08-19T22:04:56.054+0000] {processor.py:161} INFO - Started process (PID=1699) to work on /home/airflow/.local/lib/python3.8/site-packages/airflow/example_dags/tutorial_taskflow_api.py
[2025-08-19T22:04:56.054+0000] {processor.py:830} INFO - Processing file /home/airflow/.local/lib/python3.8/site-packages/airflow/example_dags/tutorial_taskflow_api.py for tasks to queue
[2025-08-19T22:04:56.055+0000] {logging_mixin.py:188} INFO - [2025-08-19T22:04:56.055+0000] {dagbag.py:538} INFO - Filling up the DagBag from /home/airflow/.local/lib/python3.8/site-packages/airflow/example_dags/tutorial_taskflow_api.py
[2025-08-19T22:04:56.057+0000] {processor.py:840} INFO - DAG(s) 'tutorial_taskflow_api' retrieved from /home/airflow/.local/lib/python3.8/site-packages/airflow/example_dags/tutorial_taskflow_api.py
[2025-08-19T22:04:56.065+0000] {logging_mixin.py:188} INFO - [2025-08-19T22:04:56.065+0000] {dag.py:3036} INFO - Sync 1 DAGs
[2025-08-19T22:04:56.069+0000] {logging_mixin.py:188} INFO - [2025-08-19T22:04:56.069+0000] {dag.py:3823} INFO - Setting next_dagrun for tutorial_taskflow_api to None, run_after=None
[2025-08-19T22:04:56.076+0000] {processor.py:183} INFO - Processing /home/airflow/.local/lib/python3.8/site-packages/airflow/example_dags/tutorial_taskflow_api.py took 0.024 seconds
[2025-08-19T22:05:26.898+0000] {processor.py:161} INFO - Started process (PID=1755) to work on /home/airflow/.local/lib/python3.8/site-packages/airflow/example_dags/tutorial_taskflow_api.py
[2025-08-19T22:05:26.900+0000] {processor.py:830} INFO - Processing file /home/airflow/.local/lib/python3.8/site-packages/airflow/example_dags/tutorial_taskflow_api.py for tasks to queue
[2025-08-19T22:05:26.902+0000] {logging_mixin.py:188} INFO - [2025-08-19T22:05:26.901+0000] {dagbag.py:538} INFO - Filling up the DagBag from /home/airflow/.local/lib/python3.8/site-packages/airflow/example_dags/tutorial_taskflow_api.py
[2025-08-19T22:05:26.907+0000] {processor.py:840} INFO - DAG(s) 'tutorial_taskflow_api' retrieved from /home/airflow/.local/lib/python3.8/site-packages/airflow/example_dags/tutorial_taskflow_api.py
[2025-08-19T22:05:26.961+0000] {logging_mixin.py:188} INFO - [2025-08-19T22:05:26.960+0000] {dag.py:3036} INFO - Sync 1 DAGs
[2025-08-19T22:05:26.978+0000] {logging_mixin.py:188} INFO - [2025-08-19T22:05:26.977+0000] {dag.py:3823} INFO - Setting next_dagrun for tutorial_taskflow_api to None, run_after=None
[2025-08-19T22:05:26.996+0000] {processor.py:183} INFO - Processing /home/airflow/.local/lib/python3.8/site-packages/airflow/example_dags/tutorial_taskflow_api.py took 0.101 seconds
[2025-08-19T22:05:57.716+0000] {processor.py:161} INFO - Started process (PID=1811) to work on /home/airflow/.local/lib/python3.8/site-packages/airflow/example_dags/tutorial_taskflow_api.py
[2025-08-19T22:05:57.716+0000] {processor.py:830} INFO - Processing file /home/airflow/.local/lib/python3.8/site-packages/airflow/example_dags/tutorial_taskflow_api.py for tasks to queue
[2025-08-19T22:05:57.717+0000] {logging_mixin.py:188} INFO - [2025-08-19T22:05:57.717+0000] {dagbag.py:538} INFO - Filling up the DagBag from /home/airflow/.local/lib/python3.8/site-packages/airflow/example_dags/tutorial_taskflow_api.py
[2025-08-19T22:05:57.719+0000] {processor.py:840} INFO - DAG(s) 'tutorial_taskflow_api' retrieved from /home/airflow/.local/lib/python3.8/site-packages/airflow/example_dags/tutorial_taskflow_api.py
[2025-08-19T22:05:57.726+0000] {logging_mixin.py:188} INFO - [2025-08-19T22:05:57.726+0000] {dag.py:3036} INFO - Sync 1 DAGs
[2025-08-19T22:05:57.731+0000] {logging_mixin.py:188} INFO - [2025-08-19T22:05:57.730+0000] {dag.py:3823} INFO - Setting next_dagrun for tutorial_taskflow_api to None, run_after=None
[2025-08-19T22:05:57.735+0000] {processor.py:183} INFO - Processing /home/airflow/.local/lib/python3.8/site-packages/airflow/example_dags/tutorial_taskflow_api.py took 0.021 seconds
[2025-08-19T22:06:28.130+0000] {processor.py:161} INFO - Started process (PID=1867) to work on /home/airflow/.local/lib/python3.8/site-packages/airflow/example_dags/tutorial_taskflow_api.py
[2025-08-19T22:06:28.131+0000] {processor.py:830} INFO - Processing file /home/airflow/.local/lib/python3.8/site-packages/airflow/example_dags/tutorial_taskflow_api.py for tasks to queue
[2025-08-19T22:06:28.131+0000] {logging_mixin.py:188} INFO - [2025-08-19T22:06:28.131+0000] {dagbag.py:538} INFO - Filling up the DagBag from /home/airflow/.local/lib/python3.8/site-packages/airflow/example_dags/tutorial_taskflow_api.py
[2025-08-19T22:06:28.134+0000] {processor.py:840} INFO - DAG(s) 'tutorial_taskflow_api' retrieved from /home/airflow/.local/lib/python3.8/site-packages/airflow/example_dags/tutorial_taskflow_api.py
[2025-08-19T22:06:28.142+0000] {logging_mixin.py:188} INFO - [2025-08-19T22:06:28.142+0000] {dag.py:3036} INFO - Sync 1 DAGs
[2025-08-19T22:06:28.147+0000] {logging_mixin.py:188} INFO - [2025-08-19T22:06:28.147+0000] {dag.py:3823} INFO - Setting next_dagrun for tutorial_taskflow_api to None, run_after=None
[2025-08-19T22:06:28.157+0000] {processor.py:183} INFO - Processing /home/airflow/.local/lib/python3.8/site-packages/airflow/example_dags/tutorial_taskflow_api.py took 0.029 seconds
[2025-08-19T22:06:58.941+0000] {processor.py:161} INFO - Started process (PID=1923) to work on /home/airflow/.local/lib/python3.8/site-packages/airflow/example_dags/tutorial_taskflow_api.py
[2025-08-19T22:06:58.942+0000] {processor.py:830} INFO - Processing file /home/airflow/.local/lib/python3.8/site-packages/airflow/example_dags/tutorial_taskflow_api.py for tasks to queue
[2025-08-19T22:06:58.944+0000] {logging_mixin.py:188} INFO - [2025-08-19T22:06:58.944+0000] {dagbag.py:538} INFO - Filling up the DagBag from /home/airflow/.local/lib/python3.8/site-packages/airflow/example_dags/tutorial_taskflow_api.py
[2025-08-19T22:06:58.951+0000] {processor.py:840} INFO - DAG(s) 'tutorial_taskflow_api' retrieved from /home/airflow/.local/lib/python3.8/site-packages/airflow/example_dags/tutorial_taskflow_api.py
[2025-08-19T22:06:58.969+0000] {logging_mixin.py:188} INFO - [2025-08-19T22:06:58.969+0000] {dag.py:3036} INFO - Sync 1 DAGs
[2025-08-19T22:06:58.976+0000] {logging_mixin.py:188} INFO - [2025-08-19T22:06:58.976+0000] {dag.py:3823} INFO - Setting next_dagrun for tutorial_taskflow_api to None, run_after=None
[2025-08-19T22:06:58.984+0000] {processor.py:183} INFO - Processing /home/airflow/.local/lib/python3.8/site-packages/airflow/example_dags/tutorial_taskflow_api.py took 0.047 seconds
[2025-08-19T22:07:29.885+0000] {processor.py:161} INFO - Started process (PID=1979) to work on /home/airflow/.local/lib/python3.8/site-packages/airflow/example_dags/tutorial_taskflow_api.py
[2025-08-19T22:07:29.885+0000] {processor.py:830} INFO - Processing file /home/airflow/.local/lib/python3.8/site-packages/airflow/example_dags/tutorial_taskflow_api.py for tasks to queue
[2025-08-19T22:07:29.886+0000] {logging_mixin.py:188} INFO - [2025-08-19T22:07:29.886+0000] {dagbag.py:538} INFO - Filling up the DagBag from /home/airflow/.local/lib/python3.8/site-packages/airflow/example_dags/tutorial_taskflow_api.py
[2025-08-19T22:07:29.889+0000] {processor.py:840} INFO - DAG(s) 'tutorial_taskflow_api' retrieved from /home/airflow/.local/lib/python3.8/site-packages/airflow/example_dags/tutorial_taskflow_api.py
[2025-08-19T22:07:29.897+0000] {logging_mixin.py:188} INFO - [2025-08-19T22:07:29.897+0000] {dag.py:3036} INFO - Sync 1 DAGs
[2025-08-19T22:07:29.904+0000] {logging_mixin.py:188} INFO - [2025-08-19T22:07:29.904+0000] {dag.py:3823} INFO - Setting next_dagrun for tutorial_taskflow_api to None, run_after=None
[2025-08-19T22:07:29.914+0000] {processor.py:183} INFO - Processing /home/airflow/.local/lib/python3.8/site-packages/airflow/example_dags/tutorial_taskflow_api.py took 0.031 seconds
[2025-08-19T22:08:00.705+0000] {processor.py:161} INFO - Started process (PID=2035) to work on /home/airflow/.local/lib/python3.8/site-packages/airflow/example_dags/tutorial_taskflow_api.py
[2025-08-19T22:08:00.706+0000] {processor.py:830} INFO - Processing file /home/airflow/.local/lib/python3.8/site-packages/airflow/example_dags/tutorial_taskflow_api.py for tasks to queue
[2025-08-19T22:08:00.707+0000] {logging_mixin.py:188} INFO - [2025-08-19T22:08:00.707+0000] {dagbag.py:538} INFO - Filling up the DagBag from /home/airflow/.local/lib/python3.8/site-packages/airflow/example_dags/tutorial_taskflow_api.py
[2025-08-19T22:08:00.709+0000] {processor.py:840} INFO - DAG(s) 'tutorial_taskflow_api' retrieved from /home/airflow/.local/lib/python3.8/site-packages/airflow/example_dags/tutorial_taskflow_api.py
[2025-08-19T22:08:00.724+0000] {logging_mixin.py:188} INFO - [2025-08-19T22:08:00.724+0000] {dag.py:3036} INFO - Sync 1 DAGs
[2025-08-19T22:08:00.729+0000] {logging_mixin.py:188} INFO - [2025-08-19T22:08:00.729+0000] {dag.py:3823} INFO - Setting next_dagrun for tutorial_taskflow_api to None, run_after=None
[2025-08-19T22:08:00.741+0000] {processor.py:183} INFO - Processing /home/airflow/.local/lib/python3.8/site-packages/airflow/example_dags/tutorial_taskflow_api.py took 0.037 seconds
[2025-08-19T22:08:31.378+0000] {processor.py:161} INFO - Started process (PID=2091) to work on /home/airflow/.local/lib/python3.8/site-packages/airflow/example_dags/tutorial_taskflow_api.py
[2025-08-19T22:08:31.379+0000] {processor.py:830} INFO - Processing file /home/airflow/.local/lib/python3.8/site-packages/airflow/example_dags/tutorial_taskflow_api.py for tasks to queue
[2025-08-19T22:08:31.380+0000] {logging_mixin.py:188} INFO - [2025-08-19T22:08:31.380+0000] {dagbag.py:538} INFO - Filling up the DagBag from /home/airflow/.local/lib/python3.8/site-packages/airflow/example_dags/tutorial_taskflow_api.py
[2025-08-19T22:08:31.383+0000] {processor.py:840} INFO - DAG(s) 'tutorial_taskflow_api' retrieved from /home/airflow/.local/lib/python3.8/site-packages/airflow/example_dags/tutorial_taskflow_api.py
[2025-08-19T22:08:31.396+0000] {logging_mixin.py:188} INFO - [2025-08-19T22:08:31.396+0000] {dag.py:3036} INFO - Sync 1 DAGs
[2025-08-19T22:08:31.404+0000] {logging_mixin.py:188} INFO - [2025-08-19T22:08:31.404+0000] {dag.py:3823} INFO - Setting next_dagrun for tutorial_taskflow_api to None, run_after=None
[2025-08-19T22:08:31.415+0000] {processor.py:183} INFO - Processing /home/airflow/.local/lib/python3.8/site-packages/airflow/example_dags/tutorial_taskflow_api.py took 0.038 seconds
[2025-08-19T22:09:01.898+0000] {processor.py:161} INFO - Started process (PID=2147) to work on /home/airflow/.local/lib/python3.8/site-packages/airflow/example_dags/tutorial_taskflow_api.py
[2025-08-19T22:09:01.898+0000] {processor.py:830} INFO - Processing file /home/airflow/.local/lib/python3.8/site-packages/airflow/example_dags/tutorial_taskflow_api.py for tasks to queue
[2025-08-19T22:09:01.899+0000] {logging_mixin.py:188} INFO - [2025-08-19T22:09:01.899+0000] {dagbag.py:538} INFO - Filling up the DagBag from /home/airflow/.local/lib/python3.8/site-packages/airflow/example_dags/tutorial_taskflow_api.py
[2025-08-19T22:09:01.901+0000] {processor.py:840} INFO - DAG(s) 'tutorial_taskflow_api' retrieved from /home/airflow/.local/lib/python3.8/site-packages/airflow/example_dags/tutorial_taskflow_api.py
[2025-08-19T22:09:01.913+0000] {logging_mixin.py:188} INFO - [2025-08-19T22:09:01.913+0000] {dag.py:3036} INFO - Sync 1 DAGs
[2025-08-19T22:09:01.917+0000] {logging_mixin.py:188} INFO - [2025-08-19T22:09:01.917+0000] {dag.py:3823} INFO - Setting next_dagrun for tutorial_taskflow_api to None, run_after=None
[2025-08-19T22:09:01.928+0000] {processor.py:183} INFO - Processing /home/airflow/.local/lib/python3.8/site-packages/airflow/example_dags/tutorial_taskflow_api.py took 0.032 seconds
[2025-08-19T22:09:32.659+0000] {processor.py:161} INFO - Started process (PID=2203) to work on /home/airflow/.local/lib/python3.8/site-packages/airflow/example_dags/tutorial_taskflow_api.py
[2025-08-19T22:09:32.660+0000] {processor.py:830} INFO - Processing file /home/airflow/.local/lib/python3.8/site-packages/airflow/example_dags/tutorial_taskflow_api.py for tasks to queue
[2025-08-19T22:09:32.661+0000] {logging_mixin.py:188} INFO - [2025-08-19T22:09:32.661+0000] {dagbag.py:538} INFO - Filling up the DagBag from /home/airflow/.local/lib/python3.8/site-packages/airflow/example_dags/tutorial_taskflow_api.py
[2025-08-19T22:09:32.667+0000] {processor.py:840} INFO - DAG(s) 'tutorial_taskflow_api' retrieved from /home/airflow/.local/lib/python3.8/site-packages/airflow/example_dags/tutorial_taskflow_api.py
[2025-08-19T22:09:32.685+0000] {logging_mixin.py:188} INFO - [2025-08-19T22:09:32.685+0000] {dag.py:3036} INFO - Sync 1 DAGs
[2025-08-19T22:09:32.693+0000] {logging_mixin.py:188} INFO - [2025-08-19T22:09:32.693+0000] {dag.py:3823} INFO - Setting next_dagrun for tutorial_taskflow_api to None, run_after=None
[2025-08-19T22:09:32.706+0000] {processor.py:183} INFO - Processing /home/airflow/.local/lib/python3.8/site-packages/airflow/example_dags/tutorial_taskflow_api.py took 0.050 seconds
[2025-08-19T22:10:03.216+0000] {processor.py:161} INFO - Started process (PID=2259) to work on /home/airflow/.local/lib/python3.8/site-packages/airflow/example_dags/tutorial_taskflow_api.py
[2025-08-19T22:10:03.216+0000] {processor.py:830} INFO - Processing file /home/airflow/.local/lib/python3.8/site-packages/airflow/example_dags/tutorial_taskflow_api.py for tasks to queue
[2025-08-19T22:10:03.218+0000] {logging_mixin.py:188} INFO - [2025-08-19T22:10:03.218+0000] {dagbag.py:538} INFO - Filling up the DagBag from /home/airflow/.local/lib/python3.8/site-packages/airflow/example_dags/tutorial_taskflow_api.py
[2025-08-19T22:10:03.221+0000] {processor.py:840} INFO - DAG(s) 'tutorial_taskflow_api' retrieved from /home/airflow/.local/lib/python3.8/site-packages/airflow/example_dags/tutorial_taskflow_api.py
[2025-08-19T22:10:03.228+0000] {logging_mixin.py:188} INFO - [2025-08-19T22:10:03.228+0000] {dag.py:3036} INFO - Sync 1 DAGs
[2025-08-19T22:10:03.236+0000] {logging_mixin.py:188} INFO - [2025-08-19T22:10:03.236+0000] {dag.py:3823} INFO - Setting next_dagrun for tutorial_taskflow_api to None, run_after=None
[2025-08-19T22:10:03.249+0000] {processor.py:183} INFO - Processing /home/airflow/.local/lib/python3.8/site-packages/airflow/example_dags/tutorial_taskflow_api.py took 0.035 seconds
[2025-08-19T22:10:33.923+0000] {processor.py:161} INFO - Started process (PID=2315) to work on /home/airflow/.local/lib/python3.8/site-packages/airflow/example_dags/tutorial_taskflow_api.py
[2025-08-19T22:10:33.924+0000] {processor.py:830} INFO - Processing file /home/airflow/.local/lib/python3.8/site-packages/airflow/example_dags/tutorial_taskflow_api.py for tasks to queue
[2025-08-19T22:10:33.925+0000] {logging_mixin.py:188} INFO - [2025-08-19T22:10:33.925+0000] {dagbag.py:538} INFO - Filling up the DagBag from /home/airflow/.local/lib/python3.8/site-packages/airflow/example_dags/tutorial_taskflow_api.py
[2025-08-19T22:10:33.927+0000] {processor.py:840} INFO - DAG(s) 'tutorial_taskflow_api' retrieved from /home/airflow/.local/lib/python3.8/site-packages/airflow/example_dags/tutorial_taskflow_api.py
[2025-08-19T22:10:33.939+0000] {logging_mixin.py:188} INFO - [2025-08-19T22:10:33.939+0000] {dag.py:3036} INFO - Sync 1 DAGs
[2025-08-19T22:10:33.945+0000] {logging_mixin.py:188} INFO - [2025-08-19T22:10:33.945+0000] {dag.py:3823} INFO - Setting next_dagrun for tutorial_taskflow_api to None, run_after=None
[2025-08-19T22:10:33.952+0000] {processor.py:183} INFO - Processing /home/airflow/.local/lib/python3.8/site-packages/airflow/example_dags/tutorial_taskflow_api.py took 0.031 seconds
[2025-08-19T22:11:04.497+0000] {processor.py:161} INFO - Started process (PID=2371) to work on /home/airflow/.local/lib/python3.8/site-packages/airflow/example_dags/tutorial_taskflow_api.py
[2025-08-19T22:11:04.497+0000] {processor.py:830} INFO - Processing file /home/airflow/.local/lib/python3.8/site-packages/airflow/example_dags/tutorial_taskflow_api.py for tasks to queue
[2025-08-19T22:11:04.498+0000] {logging_mixin.py:188} INFO - [2025-08-19T22:11:04.498+0000] {dagbag.py:538} INFO - Filling up the DagBag from /home/airflow/.local/lib/python3.8/site-packages/airflow/example_dags/tutorial_taskflow_api.py
[2025-08-19T22:11:04.500+0000] {processor.py:840} INFO - DAG(s) 'tutorial_taskflow_api' retrieved from /home/airflow/.local/lib/python3.8/site-packages/airflow/example_dags/tutorial_taskflow_api.py
[2025-08-19T22:11:04.511+0000] {logging_mixin.py:188} INFO - [2025-08-19T22:11:04.511+0000] {dag.py:3036} INFO - Sync 1 DAGs
[2025-08-19T22:11:04.519+0000] {logging_mixin.py:188} INFO - [2025-08-19T22:11:04.519+0000] {dag.py:3823} INFO - Setting next_dagrun for tutorial_taskflow_api to None, run_after=None
[2025-08-19T22:11:04.528+0000] {processor.py:183} INFO - Processing /home/airflow/.local/lib/python3.8/site-packages/airflow/example_dags/tutorial_taskflow_api.py took 0.033 seconds
[2025-08-19T22:11:34.980+0000] {processor.py:161} INFO - Started process (PID=2427) to work on /home/airflow/.local/lib/python3.8/site-packages/airflow/example_dags/tutorial_taskflow_api.py
[2025-08-19T22:11:34.983+0000] {processor.py:830} INFO - Processing file /home/airflow/.local/lib/python3.8/site-packages/airflow/example_dags/tutorial_taskflow_api.py for tasks to queue
[2025-08-19T22:11:34.984+0000] {logging_mixin.py:188} INFO - [2025-08-19T22:11:34.983+0000] {dagbag.py:538} INFO - Filling up the DagBag from /home/airflow/.local/lib/python3.8/site-packages/airflow/example_dags/tutorial_taskflow_api.py
[2025-08-19T22:11:34.986+0000] {processor.py:840} INFO - DAG(s) 'tutorial_taskflow_api' retrieved from /home/airflow/.local/lib/python3.8/site-packages/airflow/example_dags/tutorial_taskflow_api.py
[2025-08-19T22:11:34.995+0000] {logging_mixin.py:188} INFO - [2025-08-19T22:11:34.995+0000] {dag.py:3036} INFO - Sync 1 DAGs
[2025-08-19T22:11:35.000+0000] {logging_mixin.py:188} INFO - [2025-08-19T22:11:35.000+0000] {dag.py:3823} INFO - Setting next_dagrun for tutorial_taskflow_api to None, run_after=None
[2025-08-19T22:11:35.006+0000] {processor.py:183} INFO - Processing /home/airflow/.local/lib/python3.8/site-packages/airflow/example_dags/tutorial_taskflow_api.py took 0.027 seconds
[2025-08-19T22:12:05.485+0000] {processor.py:161} INFO - Started process (PID=2483) to work on /home/airflow/.local/lib/python3.8/site-packages/airflow/example_dags/tutorial_taskflow_api.py
[2025-08-19T22:12:05.485+0000] {processor.py:830} INFO - Processing file /home/airflow/.local/lib/python3.8/site-packages/airflow/example_dags/tutorial_taskflow_api.py for tasks to queue
[2025-08-19T22:12:05.486+0000] {logging_mixin.py:188} INFO - [2025-08-19T22:12:05.486+0000] {dagbag.py:538} INFO - Filling up the DagBag from /home/airflow/.local/lib/python3.8/site-packages/airflow/example_dags/tutorial_taskflow_api.py
[2025-08-19T22:12:05.490+0000] {processor.py:840} INFO - DAG(s) 'tutorial_taskflow_api' retrieved from /home/airflow/.local/lib/python3.8/site-packages/airflow/example_dags/tutorial_taskflow_api.py
[2025-08-19T22:12:05.501+0000] {logging_mixin.py:188} INFO - [2025-08-19T22:12:05.501+0000] {dag.py:3036} INFO - Sync 1 DAGs
[2025-08-19T22:12:05.507+0000] {logging_mixin.py:188} INFO - [2025-08-19T22:12:05.507+0000] {dag.py:3823} INFO - Setting next_dagrun for tutorial_taskflow_api to None, run_after=None
[2025-08-19T22:12:05.520+0000] {processor.py:183} INFO - Processing /home/airflow/.local/lib/python3.8/site-packages/airflow/example_dags/tutorial_taskflow_api.py took 0.037 seconds
[2025-08-19T22:12:36.025+0000] {processor.py:161} INFO - Started process (PID=2539) to work on /home/airflow/.local/lib/python3.8/site-packages/airflow/example_dags/tutorial_taskflow_api.py
[2025-08-19T22:12:36.027+0000] {processor.py:830} INFO - Processing file /home/airflow/.local/lib/python3.8/site-packages/airflow/example_dags/tutorial_taskflow_api.py for tasks to queue
[2025-08-19T22:12:36.028+0000] {logging_mixin.py:188} INFO - [2025-08-19T22:12:36.028+0000] {dagbag.py:538} INFO - Filling up the DagBag from /home/airflow/.local/lib/python3.8/site-packages/airflow/example_dags/tutorial_taskflow_api.py
[2025-08-19T22:12:36.031+0000] {processor.py:840} INFO - DAG(s) 'tutorial_taskflow_api' retrieved from /home/airflow/.local/lib/python3.8/site-packages/airflow/example_dags/tutorial_taskflow_api.py
[2025-08-19T22:12:36.041+0000] {logging_mixin.py:188} INFO - [2025-08-19T22:12:36.041+0000] {dag.py:3036} INFO - Sync 1 DAGs
[2025-08-19T22:12:36.046+0000] {logging_mixin.py:188} INFO - [2025-08-19T22:12:36.046+0000] {dag.py:3823} INFO - Setting next_dagrun for tutorial_taskflow_api to None, run_after=None
[2025-08-19T22:12:36.058+0000] {processor.py:183} INFO - Processing /home/airflow/.local/lib/python3.8/site-packages/airflow/example_dags/tutorial_taskflow_api.py took 0.035 seconds
[2025-08-19T22:13:06.688+0000] {processor.py:161} INFO - Started process (PID=2595) to work on /home/airflow/.local/lib/python3.8/site-packages/airflow/example_dags/tutorial_taskflow_api.py
[2025-08-19T22:13:06.689+0000] {processor.py:830} INFO - Processing file /home/airflow/.local/lib/python3.8/site-packages/airflow/example_dags/tutorial_taskflow_api.py for tasks to queue
[2025-08-19T22:13:06.690+0000] {logging_mixin.py:188} INFO - [2025-08-19T22:13:06.690+0000] {dagbag.py:538} INFO - Filling up the DagBag from /home/airflow/.local/lib/python3.8/site-packages/airflow/example_dags/tutorial_taskflow_api.py
[2025-08-19T22:13:06.694+0000] {processor.py:840} INFO - DAG(s) 'tutorial_taskflow_api' retrieved from /home/airflow/.local/lib/python3.8/site-packages/airflow/example_dags/tutorial_taskflow_api.py
[2025-08-19T22:13:06.702+0000] {logging_mixin.py:188} INFO - [2025-08-19T22:13:06.702+0000] {dag.py:3036} INFO - Sync 1 DAGs
[2025-08-19T22:13:06.707+0000] {logging_mixin.py:188} INFO - [2025-08-19T22:13:06.707+0000] {dag.py:3823} INFO - Setting next_dagrun for tutorial_taskflow_api to None, run_after=None
[2025-08-19T22:13:06.715+0000] {processor.py:183} INFO - Processing /home/airflow/.local/lib/python3.8/site-packages/airflow/example_dags/tutorial_taskflow_api.py took 0.029 seconds
[2025-08-19T22:13:37.446+0000] {processor.py:161} INFO - Started process (PID=2651) to work on /home/airflow/.local/lib/python3.8/site-packages/airflow/example_dags/tutorial_taskflow_api.py
[2025-08-19T22:13:37.450+0000] {processor.py:830} INFO - Processing file /home/airflow/.local/lib/python3.8/site-packages/airflow/example_dags/tutorial_taskflow_api.py for tasks to queue
[2025-08-19T22:13:37.456+0000] {logging_mixin.py:188} INFO - [2025-08-19T22:13:37.455+0000] {dagbag.py:538} INFO - Filling up the DagBag from /home/airflow/.local/lib/python3.8/site-packages/airflow/example_dags/tutorial_taskflow_api.py
[2025-08-19T22:13:37.484+0000] {processor.py:840} INFO - DAG(s) 'tutorial_taskflow_api' retrieved from /home/airflow/.local/lib/python3.8/site-packages/airflow/example_dags/tutorial_taskflow_api.py
[2025-08-19T22:13:37.524+0000] {logging_mixin.py:188} INFO - [2025-08-19T22:13:37.523+0000] {dag.py:3036} INFO - Sync 1 DAGs
[2025-08-19T22:13:37.540+0000] {logging_mixin.py:188} INFO - [2025-08-19T22:13:37.540+0000] {dag.py:3823} INFO - Setting next_dagrun for tutorial_taskflow_api to None, run_after=None
[2025-08-19T22:13:37.566+0000] {processor.py:183} INFO - Processing /home/airflow/.local/lib/python3.8/site-packages/airflow/example_dags/tutorial_taskflow_api.py took 0.126 seconds
[2025-08-19T22:20:10.637+0000] {processor.py:161} INFO - Started process (PID=71) to work on /home/airflow/.local/lib/python3.8/site-packages/airflow/example_dags/tutorial_taskflow_api.py
[2025-08-19T22:20:10.642+0000] {processor.py:830} INFO - Processing file /home/airflow/.local/lib/python3.8/site-packages/airflow/example_dags/tutorial_taskflow_api.py for tasks to queue
[2025-08-19T22:20:10.645+0000] {logging_mixin.py:188} INFO - [2025-08-19T22:20:10.644+0000] {dagbag.py:538} INFO - Filling up the DagBag from /home/airflow/.local/lib/python3.8/site-packages/airflow/example_dags/tutorial_taskflow_api.py
[2025-08-19T22:20:10.650+0000] {processor.py:840} INFO - DAG(s) 'tutorial_taskflow_api' retrieved from /home/airflow/.local/lib/python3.8/site-packages/airflow/example_dags/tutorial_taskflow_api.py
[2025-08-19T22:20:10.668+0000] {logging_mixin.py:188} INFO - [2025-08-19T22:20:10.667+0000] {dag.py:3036} INFO - Sync 1 DAGs
[2025-08-19T22:20:10.683+0000] {logging_mixin.py:188} INFO - [2025-08-19T22:20:10.682+0000] {dag.py:3823} INFO - Setting next_dagrun for tutorial_taskflow_api to None, run_after=None
[2025-08-19T22:20:10.714+0000] {processor.py:183} INFO - Processing /home/airflow/.local/lib/python3.8/site-packages/airflow/example_dags/tutorial_taskflow_api.py took 0.085 seconds
[2025-08-19T22:20:41.607+0000] {processor.py:161} INFO - Started process (PID=127) to work on /home/airflow/.local/lib/python3.8/site-packages/airflow/example_dags/tutorial_taskflow_api.py
[2025-08-19T22:20:41.608+0000] {processor.py:830} INFO - Processing file /home/airflow/.local/lib/python3.8/site-packages/airflow/example_dags/tutorial_taskflow_api.py for tasks to queue
[2025-08-19T22:20:41.608+0000] {logging_mixin.py:188} INFO - [2025-08-19T22:20:41.608+0000] {dagbag.py:538} INFO - Filling up the DagBag from /home/airflow/.local/lib/python3.8/site-packages/airflow/example_dags/tutorial_taskflow_api.py
[2025-08-19T22:20:41.611+0000] {processor.py:840} INFO - DAG(s) 'tutorial_taskflow_api' retrieved from /home/airflow/.local/lib/python3.8/site-packages/airflow/example_dags/tutorial_taskflow_api.py
[2025-08-19T22:20:41.646+0000] {logging_mixin.py:188} INFO - [2025-08-19T22:20:41.646+0000] {dag.py:3036} INFO - Sync 1 DAGs
[2025-08-19T22:20:41.650+0000] {logging_mixin.py:188} INFO - [2025-08-19T22:20:41.650+0000] {dag.py:3823} INFO - Setting next_dagrun for tutorial_taskflow_api to None, run_after=None
[2025-08-19T22:20:41.656+0000] {processor.py:183} INFO - Processing /home/airflow/.local/lib/python3.8/site-packages/airflow/example_dags/tutorial_taskflow_api.py took 0.050 seconds
[2025-08-19T22:21:11.717+0000] {processor.py:161} INFO - Started process (PID=183) to work on /home/airflow/.local/lib/python3.8/site-packages/airflow/example_dags/tutorial_taskflow_api.py
[2025-08-19T22:21:11.718+0000] {processor.py:830} INFO - Processing file /home/airflow/.local/lib/python3.8/site-packages/airflow/example_dags/tutorial_taskflow_api.py for tasks to queue
[2025-08-19T22:21:11.718+0000] {logging_mixin.py:188} INFO - [2025-08-19T22:21:11.718+0000] {dagbag.py:538} INFO - Filling up the DagBag from /home/airflow/.local/lib/python3.8/site-packages/airflow/example_dags/tutorial_taskflow_api.py
[2025-08-19T22:21:11.721+0000] {processor.py:840} INFO - DAG(s) 'tutorial_taskflow_api' retrieved from /home/airflow/.local/lib/python3.8/site-packages/airflow/example_dags/tutorial_taskflow_api.py
[2025-08-19T22:21:11.729+0000] {logging_mixin.py:188} INFO - [2025-08-19T22:21:11.729+0000] {dag.py:3036} INFO - Sync 1 DAGs
[2025-08-19T22:21:11.733+0000] {logging_mixin.py:188} INFO - [2025-08-19T22:21:11.733+0000] {dag.py:3823} INFO - Setting next_dagrun for tutorial_taskflow_api to None, run_after=None
[2025-08-19T22:21:11.739+0000] {processor.py:183} INFO - Processing /home/airflow/.local/lib/python3.8/site-packages/airflow/example_dags/tutorial_taskflow_api.py took 0.023 seconds
[2025-08-19T22:21:42.348+0000] {processor.py:161} INFO - Started process (PID=239) to work on /home/airflow/.local/lib/python3.8/site-packages/airflow/example_dags/tutorial_taskflow_api.py
[2025-08-19T22:21:42.350+0000] {processor.py:830} INFO - Processing file /home/airflow/.local/lib/python3.8/site-packages/airflow/example_dags/tutorial_taskflow_api.py for tasks to queue
[2025-08-19T22:21:42.351+0000] {logging_mixin.py:188} INFO - [2025-08-19T22:21:42.351+0000] {dagbag.py:538} INFO - Filling up the DagBag from /home/airflow/.local/lib/python3.8/site-packages/airflow/example_dags/tutorial_taskflow_api.py
[2025-08-19T22:21:42.356+0000] {processor.py:840} INFO - DAG(s) 'tutorial_taskflow_api' retrieved from /home/airflow/.local/lib/python3.8/site-packages/airflow/example_dags/tutorial_taskflow_api.py
[2025-08-19T22:21:42.372+0000] {logging_mixin.py:188} INFO - [2025-08-19T22:21:42.372+0000] {dag.py:3036} INFO - Sync 1 DAGs
[2025-08-19T22:21:42.377+0000] {logging_mixin.py:188} INFO - [2025-08-19T22:21:42.376+0000] {dag.py:3823} INFO - Setting next_dagrun for tutorial_taskflow_api to None, run_after=None
[2025-08-19T22:21:42.386+0000] {processor.py:183} INFO - Processing /home/airflow/.local/lib/python3.8/site-packages/airflow/example_dags/tutorial_taskflow_api.py took 0.039 seconds
[2025-08-19T22:22:12.862+0000] {processor.py:161} INFO - Started process (PID=301) to work on /home/airflow/.local/lib/python3.8/site-packages/airflow/example_dags/tutorial_taskflow_api.py
[2025-08-19T22:22:12.863+0000] {processor.py:830} INFO - Processing file /home/airflow/.local/lib/python3.8/site-packages/airflow/example_dags/tutorial_taskflow_api.py for tasks to queue
[2025-08-19T22:22:12.864+0000] {logging_mixin.py:188} INFO - [2025-08-19T22:22:12.863+0000] {dagbag.py:538} INFO - Filling up the DagBag from /home/airflow/.local/lib/python3.8/site-packages/airflow/example_dags/tutorial_taskflow_api.py
[2025-08-19T22:22:12.866+0000] {processor.py:840} INFO - DAG(s) 'tutorial_taskflow_api' retrieved from /home/airflow/.local/lib/python3.8/site-packages/airflow/example_dags/tutorial_taskflow_api.py
[2025-08-19T22:22:12.879+0000] {logging_mixin.py:188} INFO - [2025-08-19T22:22:12.879+0000] {dag.py:3036} INFO - Sync 1 DAGs
[2025-08-19T22:22:12.883+0000] {logging_mixin.py:188} INFO - [2025-08-19T22:22:12.883+0000] {dag.py:3823} INFO - Setting next_dagrun for tutorial_taskflow_api to None, run_after=None
[2025-08-19T22:22:12.892+0000] {processor.py:183} INFO - Processing /home/airflow/.local/lib/python3.8/site-packages/airflow/example_dags/tutorial_taskflow_api.py took 0.031 seconds
[2025-08-19T22:22:43.390+0000] {processor.py:161} INFO - Started process (PID=357) to work on /home/airflow/.local/lib/python3.8/site-packages/airflow/example_dags/tutorial_taskflow_api.py
[2025-08-19T22:22:43.392+0000] {processor.py:830} INFO - Processing file /home/airflow/.local/lib/python3.8/site-packages/airflow/example_dags/tutorial_taskflow_api.py for tasks to queue
[2025-08-19T22:22:43.393+0000] {logging_mixin.py:188} INFO - [2025-08-19T22:22:43.393+0000] {dagbag.py:538} INFO - Filling up the DagBag from /home/airflow/.local/lib/python3.8/site-packages/airflow/example_dags/tutorial_taskflow_api.py
[2025-08-19T22:22:43.399+0000] {processor.py:840} INFO - DAG(s) 'tutorial_taskflow_api' retrieved from /home/airflow/.local/lib/python3.8/site-packages/airflow/example_dags/tutorial_taskflow_api.py
[2025-08-19T22:22:43.412+0000] {logging_mixin.py:188} INFO - [2025-08-19T22:22:43.412+0000] {dag.py:3036} INFO - Sync 1 DAGs
[2025-08-19T22:22:43.418+0000] {logging_mixin.py:188} INFO - [2025-08-19T22:22:43.418+0000] {dag.py:3823} INFO - Setting next_dagrun for tutorial_taskflow_api to None, run_after=None
[2025-08-19T22:22:43.427+0000] {processor.py:183} INFO - Processing /home/airflow/.local/lib/python3.8/site-packages/airflow/example_dags/tutorial_taskflow_api.py took 0.039 seconds
[2025-08-19T22:23:14.187+0000] {processor.py:161} INFO - Started process (PID=417) to work on /home/airflow/.local/lib/python3.8/site-packages/airflow/example_dags/tutorial_taskflow_api.py
[2025-08-19T22:23:14.188+0000] {processor.py:830} INFO - Processing file /home/airflow/.local/lib/python3.8/site-packages/airflow/example_dags/tutorial_taskflow_api.py for tasks to queue
[2025-08-19T22:23:14.189+0000] {logging_mixin.py:188} INFO - [2025-08-19T22:23:14.189+0000] {dagbag.py:538} INFO - Filling up the DagBag from /home/airflow/.local/lib/python3.8/site-packages/airflow/example_dags/tutorial_taskflow_api.py
[2025-08-19T22:23:14.191+0000] {processor.py:840} INFO - DAG(s) 'tutorial_taskflow_api' retrieved from /home/airflow/.local/lib/python3.8/site-packages/airflow/example_dags/tutorial_taskflow_api.py
[2025-08-19T22:23:14.201+0000] {logging_mixin.py:188} INFO - [2025-08-19T22:23:14.200+0000] {dag.py:3036} INFO - Sync 1 DAGs
[2025-08-19T22:23:14.206+0000] {logging_mixin.py:188} INFO - [2025-08-19T22:23:14.205+0000] {dag.py:3823} INFO - Setting next_dagrun for tutorial_taskflow_api to None, run_after=None
[2025-08-19T22:23:14.218+0000] {processor.py:183} INFO - Processing /home/airflow/.local/lib/python3.8/site-packages/airflow/example_dags/tutorial_taskflow_api.py took 0.032 seconds
[2025-08-19T22:23:44.698+0000] {processor.py:161} INFO - Started process (PID=473) to work on /home/airflow/.local/lib/python3.8/site-packages/airflow/example_dags/tutorial_taskflow_api.py
[2025-08-19T22:23:44.699+0000] {processor.py:830} INFO - Processing file /home/airflow/.local/lib/python3.8/site-packages/airflow/example_dags/tutorial_taskflow_api.py for tasks to queue
[2025-08-19T22:23:44.699+0000] {logging_mixin.py:188} INFO - [2025-08-19T22:23:44.699+0000] {dagbag.py:538} INFO - Filling up the DagBag from /home/airflow/.local/lib/python3.8/site-packages/airflow/example_dags/tutorial_taskflow_api.py
[2025-08-19T22:23:44.702+0000] {processor.py:840} INFO - DAG(s) 'tutorial_taskflow_api' retrieved from /home/airflow/.local/lib/python3.8/site-packages/airflow/example_dags/tutorial_taskflow_api.py
[2025-08-19T22:23:44.711+0000] {logging_mixin.py:188} INFO - [2025-08-19T22:23:44.711+0000] {dag.py:3036} INFO - Sync 1 DAGs
[2025-08-19T22:23:44.716+0000] {logging_mixin.py:188} INFO - [2025-08-19T22:23:44.716+0000] {dag.py:3823} INFO - Setting next_dagrun for tutorial_taskflow_api to None, run_after=None
[2025-08-19T22:23:44.724+0000] {processor.py:183} INFO - Processing /home/airflow/.local/lib/python3.8/site-packages/airflow/example_dags/tutorial_taskflow_api.py took 0.027 seconds
[2025-08-19T22:24:15.105+0000] {processor.py:161} INFO - Started process (PID=529) to work on /home/airflow/.local/lib/python3.8/site-packages/airflow/example_dags/tutorial_taskflow_api.py
[2025-08-19T22:24:15.106+0000] {processor.py:830} INFO - Processing file /home/airflow/.local/lib/python3.8/site-packages/airflow/example_dags/tutorial_taskflow_api.py for tasks to queue
[2025-08-19T22:24:15.106+0000] {logging_mixin.py:188} INFO - [2025-08-19T22:24:15.106+0000] {dagbag.py:538} INFO - Filling up the DagBag from /home/airflow/.local/lib/python3.8/site-packages/airflow/example_dags/tutorial_taskflow_api.py
[2025-08-19T22:24:15.110+0000] {processor.py:840} INFO - DAG(s) 'tutorial_taskflow_api' retrieved from /home/airflow/.local/lib/python3.8/site-packages/airflow/example_dags/tutorial_taskflow_api.py
[2025-08-19T22:24:15.120+0000] {logging_mixin.py:188} INFO - [2025-08-19T22:24:15.120+0000] {dag.py:3036} INFO - Sync 1 DAGs
[2025-08-19T22:24:15.125+0000] {logging_mixin.py:188} INFO - [2025-08-19T22:24:15.125+0000] {dag.py:3823} INFO - Setting next_dagrun for tutorial_taskflow_api to None, run_after=None
[2025-08-19T22:24:15.136+0000] {processor.py:183} INFO - Processing /home/airflow/.local/lib/python3.8/site-packages/airflow/example_dags/tutorial_taskflow_api.py took 0.032 seconds
[2025-08-19T22:24:45.577+0000] {processor.py:161} INFO - Started process (PID=585) to work on /home/airflow/.local/lib/python3.8/site-packages/airflow/example_dags/tutorial_taskflow_api.py
[2025-08-19T22:24:45.577+0000] {processor.py:830} INFO - Processing file /home/airflow/.local/lib/python3.8/site-packages/airflow/example_dags/tutorial_taskflow_api.py for tasks to queue
[2025-08-19T22:24:45.579+0000] {logging_mixin.py:188} INFO - [2025-08-19T22:24:45.579+0000] {dagbag.py:538} INFO - Filling up the DagBag from /home/airflow/.local/lib/python3.8/site-packages/airflow/example_dags/tutorial_taskflow_api.py
[2025-08-19T22:24:45.583+0000] {processor.py:840} INFO - DAG(s) 'tutorial_taskflow_api' retrieved from /home/airflow/.local/lib/python3.8/site-packages/airflow/example_dags/tutorial_taskflow_api.py
[2025-08-19T22:24:45.590+0000] {logging_mixin.py:188} INFO - [2025-08-19T22:24:45.590+0000] {dag.py:3036} INFO - Sync 1 DAGs
[2025-08-19T22:24:45.594+0000] {logging_mixin.py:188} INFO - [2025-08-19T22:24:45.594+0000] {dag.py:3823} INFO - Setting next_dagrun for tutorial_taskflow_api to None, run_after=None
[2025-08-19T22:24:45.607+0000] {processor.py:183} INFO - Processing /home/airflow/.local/lib/python3.8/site-packages/airflow/example_dags/tutorial_taskflow_api.py took 0.031 seconds
[2025-08-19T22:25:16.025+0000] {processor.py:161} INFO - Started process (PID=641) to work on /home/airflow/.local/lib/python3.8/site-packages/airflow/example_dags/tutorial_taskflow_api.py
[2025-08-19T22:25:16.025+0000] {processor.py:830} INFO - Processing file /home/airflow/.local/lib/python3.8/site-packages/airflow/example_dags/tutorial_taskflow_api.py for tasks to queue
[2025-08-19T22:25:16.026+0000] {logging_mixin.py:188} INFO - [2025-08-19T22:25:16.026+0000] {dagbag.py:538} INFO - Filling up the DagBag from /home/airflow/.local/lib/python3.8/site-packages/airflow/example_dags/tutorial_taskflow_api.py
[2025-08-19T22:25:16.028+0000] {processor.py:840} INFO - DAG(s) 'tutorial_taskflow_api' retrieved from /home/airflow/.local/lib/python3.8/site-packages/airflow/example_dags/tutorial_taskflow_api.py
[2025-08-19T22:25:16.039+0000] {logging_mixin.py:188} INFO - [2025-08-19T22:25:16.039+0000] {dag.py:3036} INFO - Sync 1 DAGs
[2025-08-19T22:25:16.043+0000] {logging_mixin.py:188} INFO - [2025-08-19T22:25:16.043+0000] {dag.py:3823} INFO - Setting next_dagrun for tutorial_taskflow_api to None, run_after=None
[2025-08-19T22:25:16.052+0000] {processor.py:183} INFO - Processing /home/airflow/.local/lib/python3.8/site-packages/airflow/example_dags/tutorial_taskflow_api.py took 0.029 seconds
[2025-08-19T22:25:46.432+0000] {processor.py:161} INFO - Started process (PID=697) to work on /home/airflow/.local/lib/python3.8/site-packages/airflow/example_dags/tutorial_taskflow_api.py
[2025-08-19T22:25:46.432+0000] {processor.py:830} INFO - Processing file /home/airflow/.local/lib/python3.8/site-packages/airflow/example_dags/tutorial_taskflow_api.py for tasks to queue
[2025-08-19T22:25:46.433+0000] {logging_mixin.py:188} INFO - [2025-08-19T22:25:46.433+0000] {dagbag.py:538} INFO - Filling up the DagBag from /home/airflow/.local/lib/python3.8/site-packages/airflow/example_dags/tutorial_taskflow_api.py
[2025-08-19T22:25:46.435+0000] {processor.py:840} INFO - DAG(s) 'tutorial_taskflow_api' retrieved from /home/airflow/.local/lib/python3.8/site-packages/airflow/example_dags/tutorial_taskflow_api.py
[2025-08-19T22:25:46.442+0000] {logging_mixin.py:188} INFO - [2025-08-19T22:25:46.442+0000] {dag.py:3036} INFO - Sync 1 DAGs
[2025-08-19T22:25:46.446+0000] {logging_mixin.py:188} INFO - [2025-08-19T22:25:46.446+0000] {dag.py:3823} INFO - Setting next_dagrun for tutorial_taskflow_api to None, run_after=None
[2025-08-19T22:25:46.452+0000] {processor.py:183} INFO - Processing /home/airflow/.local/lib/python3.8/site-packages/airflow/example_dags/tutorial_taskflow_api.py took 0.021 seconds
[2025-08-19T22:26:16.869+0000] {processor.py:161} INFO - Started process (PID=753) to work on /home/airflow/.local/lib/python3.8/site-packages/airflow/example_dags/tutorial_taskflow_api.py
[2025-08-19T22:26:16.870+0000] {processor.py:830} INFO - Processing file /home/airflow/.local/lib/python3.8/site-packages/airflow/example_dags/tutorial_taskflow_api.py for tasks to queue
[2025-08-19T22:26:16.872+0000] {logging_mixin.py:188} INFO - [2025-08-19T22:26:16.872+0000] {dagbag.py:538} INFO - Filling up the DagBag from /home/airflow/.local/lib/python3.8/site-packages/airflow/example_dags/tutorial_taskflow_api.py
[2025-08-19T22:26:16.876+0000] {processor.py:840} INFO - DAG(s) 'tutorial_taskflow_api' retrieved from /home/airflow/.local/lib/python3.8/site-packages/airflow/example_dags/tutorial_taskflow_api.py
[2025-08-19T22:26:16.885+0000] {logging_mixin.py:188} INFO - [2025-08-19T22:26:16.885+0000] {dag.py:3036} INFO - Sync 1 DAGs
[2025-08-19T22:26:16.890+0000] {logging_mixin.py:188} INFO - [2025-08-19T22:26:16.890+0000] {dag.py:3823} INFO - Setting next_dagrun for tutorial_taskflow_api to None, run_after=None
[2025-08-19T22:26:16.897+0000] {processor.py:183} INFO - Processing /home/airflow/.local/lib/python3.8/site-packages/airflow/example_dags/tutorial_taskflow_api.py took 0.029 seconds
[2025-08-19T22:26:47.277+0000] {processor.py:161} INFO - Started process (PID=809) to work on /home/airflow/.local/lib/python3.8/site-packages/airflow/example_dags/tutorial_taskflow_api.py
[2025-08-19T22:26:47.277+0000] {processor.py:830} INFO - Processing file /home/airflow/.local/lib/python3.8/site-packages/airflow/example_dags/tutorial_taskflow_api.py for tasks to queue
[2025-08-19T22:26:47.278+0000] {logging_mixin.py:188} INFO - [2025-08-19T22:26:47.278+0000] {dagbag.py:538} INFO - Filling up the DagBag from /home/airflow/.local/lib/python3.8/site-packages/airflow/example_dags/tutorial_taskflow_api.py
[2025-08-19T22:26:47.281+0000] {processor.py:840} INFO - DAG(s) 'tutorial_taskflow_api' retrieved from /home/airflow/.local/lib/python3.8/site-packages/airflow/example_dags/tutorial_taskflow_api.py
[2025-08-19T22:26:47.289+0000] {logging_mixin.py:188} INFO - [2025-08-19T22:26:47.289+0000] {dag.py:3036} INFO - Sync 1 DAGs
[2025-08-19T22:26:47.293+0000] {logging_mixin.py:188} INFO - [2025-08-19T22:26:47.293+0000] {dag.py:3823} INFO - Setting next_dagrun for tutorial_taskflow_api to None, run_after=None
[2025-08-19T22:26:47.302+0000] {processor.py:183} INFO - Processing /home/airflow/.local/lib/python3.8/site-packages/airflow/example_dags/tutorial_taskflow_api.py took 0.027 seconds
[2025-08-19T22:27:17.709+0000] {processor.py:161} INFO - Started process (PID=865) to work on /home/airflow/.local/lib/python3.8/site-packages/airflow/example_dags/tutorial_taskflow_api.py
[2025-08-19T22:27:17.710+0000] {processor.py:830} INFO - Processing file /home/airflow/.local/lib/python3.8/site-packages/airflow/example_dags/tutorial_taskflow_api.py for tasks to queue
[2025-08-19T22:27:17.711+0000] {logging_mixin.py:188} INFO - [2025-08-19T22:27:17.711+0000] {dagbag.py:538} INFO - Filling up the DagBag from /home/airflow/.local/lib/python3.8/site-packages/airflow/example_dags/tutorial_taskflow_api.py
[2025-08-19T22:27:17.714+0000] {processor.py:840} INFO - DAG(s) 'tutorial_taskflow_api' retrieved from /home/airflow/.local/lib/python3.8/site-packages/airflow/example_dags/tutorial_taskflow_api.py
[2025-08-19T22:27:17.722+0000] {logging_mixin.py:188} INFO - [2025-08-19T22:27:17.722+0000] {dag.py:3036} INFO - Sync 1 DAGs
[2025-08-19T22:27:17.727+0000] {logging_mixin.py:188} INFO - [2025-08-19T22:27:17.726+0000] {dag.py:3823} INFO - Setting next_dagrun for tutorial_taskflow_api to None, run_after=None
[2025-08-19T22:27:17.733+0000] {processor.py:183} INFO - Processing /home/airflow/.local/lib/python3.8/site-packages/airflow/example_dags/tutorial_taskflow_api.py took 0.025 seconds
[2025-08-19T22:27:48.297+0000] {processor.py:161} INFO - Started process (PID=925) to work on /home/airflow/.local/lib/python3.8/site-packages/airflow/example_dags/tutorial_taskflow_api.py
[2025-08-19T22:27:48.298+0000] {processor.py:830} INFO - Processing file /home/airflow/.local/lib/python3.8/site-packages/airflow/example_dags/tutorial_taskflow_api.py for tasks to queue
[2025-08-19T22:27:48.299+0000] {logging_mixin.py:188} INFO - [2025-08-19T22:27:48.298+0000] {dagbag.py:538} INFO - Filling up the DagBag from /home/airflow/.local/lib/python3.8/site-packages/airflow/example_dags/tutorial_taskflow_api.py
[2025-08-19T22:27:48.301+0000] {processor.py:840} INFO - DAG(s) 'tutorial_taskflow_api' retrieved from /home/airflow/.local/lib/python3.8/site-packages/airflow/example_dags/tutorial_taskflow_api.py
[2025-08-19T22:27:48.310+0000] {logging_mixin.py:188} INFO - [2025-08-19T22:27:48.310+0000] {dag.py:3036} INFO - Sync 1 DAGs
[2025-08-19T22:27:48.315+0000] {logging_mixin.py:188} INFO - [2025-08-19T22:27:48.315+0000] {dag.py:3823} INFO - Setting next_dagrun for tutorial_taskflow_api to None, run_after=None
[2025-08-19T22:27:48.323+0000] {processor.py:183} INFO - Processing /home/airflow/.local/lib/python3.8/site-packages/airflow/example_dags/tutorial_taskflow_api.py took 0.028 seconds
[2025-08-19T22:28:18.970+0000] {processor.py:161} INFO - Started process (PID=981) to work on /home/airflow/.local/lib/python3.8/site-packages/airflow/example_dags/tutorial_taskflow_api.py
[2025-08-19T22:28:18.971+0000] {processor.py:830} INFO - Processing file /home/airflow/.local/lib/python3.8/site-packages/airflow/example_dags/tutorial_taskflow_api.py for tasks to queue
[2025-08-19T22:28:18.972+0000] {logging_mixin.py:188} INFO - [2025-08-19T22:28:18.971+0000] {dagbag.py:538} INFO - Filling up the DagBag from /home/airflow/.local/lib/python3.8/site-packages/airflow/example_dags/tutorial_taskflow_api.py
[2025-08-19T22:28:18.975+0000] {processor.py:840} INFO - DAG(s) 'tutorial_taskflow_api' retrieved from /home/airflow/.local/lib/python3.8/site-packages/airflow/example_dags/tutorial_taskflow_api.py
[2025-08-19T22:28:18.994+0000] {logging_mixin.py:188} INFO - [2025-08-19T22:28:18.994+0000] {dag.py:3036} INFO - Sync 1 DAGs
[2025-08-19T22:28:19.000+0000] {logging_mixin.py:188} INFO - [2025-08-19T22:28:19.000+0000] {dag.py:3823} INFO - Setting next_dagrun for tutorial_taskflow_api to None, run_after=None
[2025-08-19T22:28:19.012+0000] {processor.py:183} INFO - Processing /home/airflow/.local/lib/python3.8/site-packages/airflow/example_dags/tutorial_taskflow_api.py took 0.044 seconds
[2025-08-19T22:28:49.398+0000] {processor.py:161} INFO - Started process (PID=1037) to work on /home/airflow/.local/lib/python3.8/site-packages/airflow/example_dags/tutorial_taskflow_api.py
[2025-08-19T22:28:49.398+0000] {processor.py:830} INFO - Processing file /home/airflow/.local/lib/python3.8/site-packages/airflow/example_dags/tutorial_taskflow_api.py for tasks to queue
[2025-08-19T22:28:49.399+0000] {logging_mixin.py:188} INFO - [2025-08-19T22:28:49.399+0000] {dagbag.py:538} INFO - Filling up the DagBag from /home/airflow/.local/lib/python3.8/site-packages/airflow/example_dags/tutorial_taskflow_api.py
[2025-08-19T22:28:49.403+0000] {processor.py:840} INFO - DAG(s) 'tutorial_taskflow_api' retrieved from /home/airflow/.local/lib/python3.8/site-packages/airflow/example_dags/tutorial_taskflow_api.py
[2025-08-19T22:28:49.412+0000] {logging_mixin.py:188} INFO - [2025-08-19T22:28:49.412+0000] {dag.py:3036} INFO - Sync 1 DAGs
[2025-08-19T22:28:49.417+0000] {logging_mixin.py:188} INFO - [2025-08-19T22:28:49.417+0000] {dag.py:3823} INFO - Setting next_dagrun for tutorial_taskflow_api to None, run_after=None
[2025-08-19T22:28:49.424+0000] {processor.py:183} INFO - Processing /home/airflow/.local/lib/python3.8/site-packages/airflow/example_dags/tutorial_taskflow_api.py took 0.028 seconds
[2025-08-19T22:29:19.914+0000] {processor.py:161} INFO - Started process (PID=1093) to work on /home/airflow/.local/lib/python3.8/site-packages/airflow/example_dags/tutorial_taskflow_api.py
[2025-08-19T22:29:19.915+0000] {processor.py:830} INFO - Processing file /home/airflow/.local/lib/python3.8/site-packages/airflow/example_dags/tutorial_taskflow_api.py for tasks to queue
[2025-08-19T22:29:19.916+0000] {logging_mixin.py:188} INFO - [2025-08-19T22:29:19.916+0000] {dagbag.py:538} INFO - Filling up the DagBag from /home/airflow/.local/lib/python3.8/site-packages/airflow/example_dags/tutorial_taskflow_api.py
[2025-08-19T22:29:19.918+0000] {processor.py:840} INFO - DAG(s) 'tutorial_taskflow_api' retrieved from /home/airflow/.local/lib/python3.8/site-packages/airflow/example_dags/tutorial_taskflow_api.py
[2025-08-19T22:29:19.926+0000] {logging_mixin.py:188} INFO - [2025-08-19T22:29:19.926+0000] {dag.py:3036} INFO - Sync 1 DAGs
[2025-08-19T22:29:19.930+0000] {logging_mixin.py:188} INFO - [2025-08-19T22:29:19.930+0000] {dag.py:3823} INFO - Setting next_dagrun for tutorial_taskflow_api to None, run_after=None
[2025-08-19T22:29:19.936+0000] {processor.py:183} INFO - Processing /home/airflow/.local/lib/python3.8/site-packages/airflow/example_dags/tutorial_taskflow_api.py took 0.023 seconds
[2025-08-19T22:29:50.556+0000] {processor.py:161} INFO - Started process (PID=1149) to work on /home/airflow/.local/lib/python3.8/site-packages/airflow/example_dags/tutorial_taskflow_api.py
[2025-08-19T22:29:50.557+0000] {processor.py:830} INFO - Processing file /home/airflow/.local/lib/python3.8/site-packages/airflow/example_dags/tutorial_taskflow_api.py for tasks to queue
[2025-08-19T22:29:50.558+0000] {logging_mixin.py:188} INFO - [2025-08-19T22:29:50.558+0000] {dagbag.py:538} INFO - Filling up the DagBag from /home/airflow/.local/lib/python3.8/site-packages/airflow/example_dags/tutorial_taskflow_api.py
[2025-08-19T22:29:50.561+0000] {processor.py:840} INFO - DAG(s) 'tutorial_taskflow_api' retrieved from /home/airflow/.local/lib/python3.8/site-packages/airflow/example_dags/tutorial_taskflow_api.py
[2025-08-19T22:29:50.569+0000] {logging_mixin.py:188} INFO - [2025-08-19T22:29:50.569+0000] {dag.py:3036} INFO - Sync 1 DAGs
[2025-08-19T22:29:50.574+0000] {logging_mixin.py:188} INFO - [2025-08-19T22:29:50.574+0000] {dag.py:3823} INFO - Setting next_dagrun for tutorial_taskflow_api to None, run_after=None
[2025-08-19T22:29:50.583+0000] {processor.py:183} INFO - Processing /home/airflow/.local/lib/python3.8/site-packages/airflow/example_dags/tutorial_taskflow_api.py took 0.028 seconds
[2025-08-19T22:30:21.024+0000] {processor.py:161} INFO - Started process (PID=1205) to work on /home/airflow/.local/lib/python3.8/site-packages/airflow/example_dags/tutorial_taskflow_api.py
[2025-08-19T22:30:21.025+0000] {processor.py:830} INFO - Processing file /home/airflow/.local/lib/python3.8/site-packages/airflow/example_dags/tutorial_taskflow_api.py for tasks to queue
[2025-08-19T22:30:21.026+0000] {logging_mixin.py:188} INFO - [2025-08-19T22:30:21.026+0000] {dagbag.py:538} INFO - Filling up the DagBag from /home/airflow/.local/lib/python3.8/site-packages/airflow/example_dags/tutorial_taskflow_api.py
[2025-08-19T22:30:21.028+0000] {processor.py:840} INFO - DAG(s) 'tutorial_taskflow_api' retrieved from /home/airflow/.local/lib/python3.8/site-packages/airflow/example_dags/tutorial_taskflow_api.py
[2025-08-19T22:30:21.038+0000] {logging_mixin.py:188} INFO - [2025-08-19T22:30:21.038+0000] {dag.py:3036} INFO - Sync 1 DAGs
[2025-08-19T22:30:21.043+0000] {logging_mixin.py:188} INFO - [2025-08-19T22:30:21.043+0000] {dag.py:3823} INFO - Setting next_dagrun for tutorial_taskflow_api to None, run_after=None
[2025-08-19T22:30:21.053+0000] {processor.py:183} INFO - Processing /home/airflow/.local/lib/python3.8/site-packages/airflow/example_dags/tutorial_taskflow_api.py took 0.030 seconds
