[2025-08-19T21:50:08.150+0000] {processor.py:161} INFO - Started process (PID=77) to work on /home/airflow/.local/lib/python3.8/site-packages/airflow/example_dags/tutorial_objectstorage.py
[2025-08-19T21:50:08.151+0000] {processor.py:830} INFO - Processing file /home/airflow/.local/lib/python3.8/site-packages/airflow/example_dags/tutorial_objectstorage.py for tasks to queue
[2025-08-19T21:50:08.152+0000] {logging_mixin.py:188} INFO - [2025-08-19T21:50:08.152+0000] {dagbag.py:538} INFO - Filling up the DagBag from /home/airflow/.local/lib/python3.8/site-packages/airflow/example_dags/tutorial_objectstorage.py
[2025-08-19T21:50:08.173+0000] {processor.py:840} INFO - DAG(s) 'tutorial_objectstorage' retrieved from /home/airflow/.local/lib/python3.8/site-packages/airflow/example_dags/tutorial_objectstorage.py
[2025-08-19T21:50:08.199+0000] {logging_mixin.py:188} INFO - [2025-08-19T21:50:08.199+0000] {dag.py:3036} INFO - Sync 1 DAGs
[2025-08-19T21:50:08.214+0000] {logging_mixin.py:188} INFO - [2025-08-19T21:50:08.214+0000] {dag.py:3823} INFO - Setting next_dagrun for tutorial_objectstorage to None, run_after=None
[2025-08-19T21:50:08.243+0000] {processor.py:183} INFO - Processing /home/airflow/.local/lib/python3.8/site-packages/airflow/example_dags/tutorial_objectstorage.py took 0.112 seconds
[2025-08-19T21:50:38.685+0000] {processor.py:161} INFO - Started process (PID=133) to work on /home/airflow/.local/lib/python3.8/site-packages/airflow/example_dags/tutorial_objectstorage.py
[2025-08-19T21:50:38.686+0000] {processor.py:830} INFO - Processing file /home/airflow/.local/lib/python3.8/site-packages/airflow/example_dags/tutorial_objectstorage.py for tasks to queue
[2025-08-19T21:50:38.687+0000] {logging_mixin.py:188} INFO - [2025-08-19T21:50:38.687+0000] {dagbag.py:538} INFO - Filling up the DagBag from /home/airflow/.local/lib/python3.8/site-packages/airflow/example_dags/tutorial_objectstorage.py
[2025-08-19T21:50:38.691+0000] {processor.py:840} INFO - DAG(s) 'tutorial_objectstorage' retrieved from /home/airflow/.local/lib/python3.8/site-packages/airflow/example_dags/tutorial_objectstorage.py
[2025-08-19T21:50:38.730+0000] {logging_mixin.py:188} INFO - [2025-08-19T21:50:38.729+0000] {dag.py:3036} INFO - Sync 1 DAGs
[2025-08-19T21:50:38.733+0000] {logging_mixin.py:188} INFO - [2025-08-19T21:50:38.733+0000] {dag.py:3823} INFO - Setting next_dagrun for tutorial_objectstorage to None, run_after=None
[2025-08-19T21:50:38.741+0000] {processor.py:183} INFO - Processing /home/airflow/.local/lib/python3.8/site-packages/airflow/example_dags/tutorial_objectstorage.py took 0.058 seconds
[2025-08-19T21:51:09.336+0000] {processor.py:161} INFO - Started process (PID=188) to work on /home/airflow/.local/lib/python3.8/site-packages/airflow/example_dags/tutorial_objectstorage.py
[2025-08-19T21:51:09.336+0000] {processor.py:830} INFO - Processing file /home/airflow/.local/lib/python3.8/site-packages/airflow/example_dags/tutorial_objectstorage.py for tasks to queue
[2025-08-19T21:51:09.337+0000] {logging_mixin.py:188} INFO - [2025-08-19T21:51:09.337+0000] {dagbag.py:538} INFO - Filling up the DagBag from /home/airflow/.local/lib/python3.8/site-packages/airflow/example_dags/tutorial_objectstorage.py
[2025-08-19T21:51:09.339+0000] {processor.py:840} INFO - DAG(s) 'tutorial_objectstorage' retrieved from /home/airflow/.local/lib/python3.8/site-packages/airflow/example_dags/tutorial_objectstorage.py
[2025-08-19T21:51:09.346+0000] {logging_mixin.py:188} INFO - [2025-08-19T21:51:09.346+0000] {dag.py:3036} INFO - Sync 1 DAGs
[2025-08-19T21:51:09.350+0000] {logging_mixin.py:188} INFO - [2025-08-19T21:51:09.350+0000] {dag.py:3823} INFO - Setting next_dagrun for tutorial_objectstorage to None, run_after=None
[2025-08-19T21:51:09.355+0000] {processor.py:183} INFO - Processing /home/airflow/.local/lib/python3.8/site-packages/airflow/example_dags/tutorial_objectstorage.py took 0.021 seconds
[2025-08-19T21:51:39.838+0000] {processor.py:161} INFO - Started process (PID=244) to work on /home/airflow/.local/lib/python3.8/site-packages/airflow/example_dags/tutorial_objectstorage.py
[2025-08-19T21:51:39.838+0000] {processor.py:830} INFO - Processing file /home/airflow/.local/lib/python3.8/site-packages/airflow/example_dags/tutorial_objectstorage.py for tasks to queue
[2025-08-19T21:51:39.839+0000] {logging_mixin.py:188} INFO - [2025-08-19T21:51:39.839+0000] {dagbag.py:538} INFO - Filling up the DagBag from /home/airflow/.local/lib/python3.8/site-packages/airflow/example_dags/tutorial_objectstorage.py
[2025-08-19T21:51:39.841+0000] {processor.py:840} INFO - DAG(s) 'tutorial_objectstorage' retrieved from /home/airflow/.local/lib/python3.8/site-packages/airflow/example_dags/tutorial_objectstorage.py
[2025-08-19T21:51:39.848+0000] {logging_mixin.py:188} INFO - [2025-08-19T21:51:39.848+0000] {dag.py:3036} INFO - Sync 1 DAGs
[2025-08-19T21:51:39.852+0000] {logging_mixin.py:188} INFO - [2025-08-19T21:51:39.852+0000] {dag.py:3823} INFO - Setting next_dagrun for tutorial_objectstorage to None, run_after=None
[2025-08-19T21:51:39.857+0000] {processor.py:183} INFO - Processing /home/airflow/.local/lib/python3.8/site-packages/airflow/example_dags/tutorial_objectstorage.py took 0.021 seconds
[2025-08-19T21:52:10.618+0000] {processor.py:161} INFO - Started process (PID=306) to work on /home/airflow/.local/lib/python3.8/site-packages/airflow/example_dags/tutorial_objectstorage.py
[2025-08-19T21:52:10.621+0000] {processor.py:830} INFO - Processing file /home/airflow/.local/lib/python3.8/site-packages/airflow/example_dags/tutorial_objectstorage.py for tasks to queue
[2025-08-19T21:52:10.623+0000] {logging_mixin.py:188} INFO - [2025-08-19T21:52:10.623+0000] {dagbag.py:538} INFO - Filling up the DagBag from /home/airflow/.local/lib/python3.8/site-packages/airflow/example_dags/tutorial_objectstorage.py
[2025-08-19T21:52:10.626+0000] {processor.py:840} INFO - DAG(s) 'tutorial_objectstorage' retrieved from /home/airflow/.local/lib/python3.8/site-packages/airflow/example_dags/tutorial_objectstorage.py
[2025-08-19T21:52:10.636+0000] {logging_mixin.py:188} INFO - [2025-08-19T21:52:10.636+0000] {dag.py:3036} INFO - Sync 1 DAGs
[2025-08-19T21:52:10.641+0000] {logging_mixin.py:188} INFO - [2025-08-19T21:52:10.641+0000] {dag.py:3823} INFO - Setting next_dagrun for tutorial_objectstorage to None, run_after=None
[2025-08-19T21:52:10.648+0000] {processor.py:183} INFO - Processing /home/airflow/.local/lib/python3.8/site-packages/airflow/example_dags/tutorial_objectstorage.py took 0.032 seconds
[2025-08-19T21:52:41.327+0000] {processor.py:161} INFO - Started process (PID=362) to work on /home/airflow/.local/lib/python3.8/site-packages/airflow/example_dags/tutorial_objectstorage.py
[2025-08-19T21:52:41.327+0000] {processor.py:830} INFO - Processing file /home/airflow/.local/lib/python3.8/site-packages/airflow/example_dags/tutorial_objectstorage.py for tasks to queue
[2025-08-19T21:52:41.328+0000] {logging_mixin.py:188} INFO - [2025-08-19T21:52:41.328+0000] {dagbag.py:538} INFO - Filling up the DagBag from /home/airflow/.local/lib/python3.8/site-packages/airflow/example_dags/tutorial_objectstorage.py
[2025-08-19T21:52:41.333+0000] {processor.py:840} INFO - DAG(s) 'tutorial_objectstorage' retrieved from /home/airflow/.local/lib/python3.8/site-packages/airflow/example_dags/tutorial_objectstorage.py
[2025-08-19T21:52:41.344+0000] {logging_mixin.py:188} INFO - [2025-08-19T21:52:41.344+0000] {dag.py:3036} INFO - Sync 1 DAGs
[2025-08-19T21:52:41.349+0000] {logging_mixin.py:188} INFO - [2025-08-19T21:52:41.349+0000] {dag.py:3823} INFO - Setting next_dagrun for tutorial_objectstorage to None, run_after=None
[2025-08-19T21:52:41.357+0000] {processor.py:183} INFO - Processing /home/airflow/.local/lib/python3.8/site-packages/airflow/example_dags/tutorial_objectstorage.py took 0.033 seconds
[2025-08-19T21:53:11.966+0000] {processor.py:161} INFO - Started process (PID=418) to work on /home/airflow/.local/lib/python3.8/site-packages/airflow/example_dags/tutorial_objectstorage.py
[2025-08-19T21:53:11.967+0000] {processor.py:830} INFO - Processing file /home/airflow/.local/lib/python3.8/site-packages/airflow/example_dags/tutorial_objectstorage.py for tasks to queue
[2025-08-19T21:53:11.968+0000] {logging_mixin.py:188} INFO - [2025-08-19T21:53:11.968+0000] {dagbag.py:538} INFO - Filling up the DagBag from /home/airflow/.local/lib/python3.8/site-packages/airflow/example_dags/tutorial_objectstorage.py
[2025-08-19T21:53:11.973+0000] {processor.py:840} INFO - DAG(s) 'tutorial_objectstorage' retrieved from /home/airflow/.local/lib/python3.8/site-packages/airflow/example_dags/tutorial_objectstorage.py
[2025-08-19T21:53:11.983+0000] {logging_mixin.py:188} INFO - [2025-08-19T21:53:11.983+0000] {dag.py:3036} INFO - Sync 1 DAGs
[2025-08-19T21:53:11.991+0000] {logging_mixin.py:188} INFO - [2025-08-19T21:53:11.991+0000] {dag.py:3823} INFO - Setting next_dagrun for tutorial_objectstorage to None, run_after=None
[2025-08-19T21:53:11.999+0000] {processor.py:183} INFO - Processing /home/airflow/.local/lib/python3.8/site-packages/airflow/example_dags/tutorial_objectstorage.py took 0.035 seconds
[2025-08-19T21:53:42.601+0000] {processor.py:161} INFO - Started process (PID=474) to work on /home/airflow/.local/lib/python3.8/site-packages/airflow/example_dags/tutorial_objectstorage.py
[2025-08-19T21:53:42.602+0000] {processor.py:830} INFO - Processing file /home/airflow/.local/lib/python3.8/site-packages/airflow/example_dags/tutorial_objectstorage.py for tasks to queue
[2025-08-19T21:53:42.603+0000] {logging_mixin.py:188} INFO - [2025-08-19T21:53:42.603+0000] {dagbag.py:538} INFO - Filling up the DagBag from /home/airflow/.local/lib/python3.8/site-packages/airflow/example_dags/tutorial_objectstorage.py
[2025-08-19T21:53:42.607+0000] {processor.py:840} INFO - DAG(s) 'tutorial_objectstorage' retrieved from /home/airflow/.local/lib/python3.8/site-packages/airflow/example_dags/tutorial_objectstorage.py
[2025-08-19T21:53:42.620+0000] {logging_mixin.py:188} INFO - [2025-08-19T21:53:42.620+0000] {dag.py:3036} INFO - Sync 1 DAGs
[2025-08-19T21:53:42.625+0000] {logging_mixin.py:188} INFO - [2025-08-19T21:53:42.625+0000] {dag.py:3823} INFO - Setting next_dagrun for tutorial_objectstorage to None, run_after=None
[2025-08-19T21:53:42.634+0000] {processor.py:183} INFO - Processing /home/airflow/.local/lib/python3.8/site-packages/airflow/example_dags/tutorial_objectstorage.py took 0.035 seconds
[2025-08-19T21:54:13.206+0000] {processor.py:161} INFO - Started process (PID=530) to work on /home/airflow/.local/lib/python3.8/site-packages/airflow/example_dags/tutorial_objectstorage.py
[2025-08-19T21:54:13.206+0000] {processor.py:830} INFO - Processing file /home/airflow/.local/lib/python3.8/site-packages/airflow/example_dags/tutorial_objectstorage.py for tasks to queue
[2025-08-19T21:54:13.207+0000] {logging_mixin.py:188} INFO - [2025-08-19T21:54:13.207+0000] {dagbag.py:538} INFO - Filling up the DagBag from /home/airflow/.local/lib/python3.8/site-packages/airflow/example_dags/tutorial_objectstorage.py
[2025-08-19T21:54:13.211+0000] {processor.py:840} INFO - DAG(s) 'tutorial_objectstorage' retrieved from /home/airflow/.local/lib/python3.8/site-packages/airflow/example_dags/tutorial_objectstorage.py
[2025-08-19T21:54:13.221+0000] {logging_mixin.py:188} INFO - [2025-08-19T21:54:13.221+0000] {dag.py:3036} INFO - Sync 1 DAGs
[2025-08-19T21:54:13.227+0000] {logging_mixin.py:188} INFO - [2025-08-19T21:54:13.226+0000] {dag.py:3823} INFO - Setting next_dagrun for tutorial_objectstorage to None, run_after=None
[2025-08-19T21:54:13.233+0000] {processor.py:183} INFO - Processing /home/airflow/.local/lib/python3.8/site-packages/airflow/example_dags/tutorial_objectstorage.py took 0.028 seconds
[2025-08-19T21:54:43.806+0000] {processor.py:161} INFO - Started process (PID=586) to work on /home/airflow/.local/lib/python3.8/site-packages/airflow/example_dags/tutorial_objectstorage.py
[2025-08-19T21:54:43.807+0000] {processor.py:830} INFO - Processing file /home/airflow/.local/lib/python3.8/site-packages/airflow/example_dags/tutorial_objectstorage.py for tasks to queue
[2025-08-19T21:54:43.807+0000] {logging_mixin.py:188} INFO - [2025-08-19T21:54:43.807+0000] {dagbag.py:538} INFO - Filling up the DagBag from /home/airflow/.local/lib/python3.8/site-packages/airflow/example_dags/tutorial_objectstorage.py
[2025-08-19T21:54:43.810+0000] {processor.py:840} INFO - DAG(s) 'tutorial_objectstorage' retrieved from /home/airflow/.local/lib/python3.8/site-packages/airflow/example_dags/tutorial_objectstorage.py
[2025-08-19T21:54:43.822+0000] {logging_mixin.py:188} INFO - [2025-08-19T21:54:43.822+0000] {dag.py:3036} INFO - Sync 1 DAGs
[2025-08-19T21:54:43.828+0000] {logging_mixin.py:188} INFO - [2025-08-19T21:54:43.828+0000] {dag.py:3823} INFO - Setting next_dagrun for tutorial_objectstorage to None, run_after=None
[2025-08-19T21:54:43.835+0000] {processor.py:183} INFO - Processing /home/airflow/.local/lib/python3.8/site-packages/airflow/example_dags/tutorial_objectstorage.py took 0.031 seconds
[2025-08-19T21:55:14.360+0000] {processor.py:161} INFO - Started process (PID=642) to work on /home/airflow/.local/lib/python3.8/site-packages/airflow/example_dags/tutorial_objectstorage.py
[2025-08-19T21:55:14.362+0000] {processor.py:830} INFO - Processing file /home/airflow/.local/lib/python3.8/site-packages/airflow/example_dags/tutorial_objectstorage.py for tasks to queue
[2025-08-19T21:55:14.363+0000] {logging_mixin.py:188} INFO - [2025-08-19T21:55:14.363+0000] {dagbag.py:538} INFO - Filling up the DagBag from /home/airflow/.local/lib/python3.8/site-packages/airflow/example_dags/tutorial_objectstorage.py
[2025-08-19T21:55:14.367+0000] {processor.py:840} INFO - DAG(s) 'tutorial_objectstorage' retrieved from /home/airflow/.local/lib/python3.8/site-packages/airflow/example_dags/tutorial_objectstorage.py
[2025-08-19T21:55:14.375+0000] {logging_mixin.py:188} INFO - [2025-08-19T21:55:14.375+0000] {dag.py:3036} INFO - Sync 1 DAGs
[2025-08-19T21:55:14.380+0000] {logging_mixin.py:188} INFO - [2025-08-19T21:55:14.380+0000] {dag.py:3823} INFO - Setting next_dagrun for tutorial_objectstorage to None, run_after=None
[2025-08-19T21:55:14.388+0000] {processor.py:183} INFO - Processing /home/airflow/.local/lib/python3.8/site-packages/airflow/example_dags/tutorial_objectstorage.py took 0.030 seconds
[2025-08-19T21:55:45.004+0000] {processor.py:161} INFO - Started process (PID=698) to work on /home/airflow/.local/lib/python3.8/site-packages/airflow/example_dags/tutorial_objectstorage.py
[2025-08-19T21:55:45.005+0000] {processor.py:830} INFO - Processing file /home/airflow/.local/lib/python3.8/site-packages/airflow/example_dags/tutorial_objectstorage.py for tasks to queue
[2025-08-19T21:55:45.005+0000] {logging_mixin.py:188} INFO - [2025-08-19T21:55:45.005+0000] {dagbag.py:538} INFO - Filling up the DagBag from /home/airflow/.local/lib/python3.8/site-packages/airflow/example_dags/tutorial_objectstorage.py
[2025-08-19T21:55:45.009+0000] {processor.py:840} INFO - DAG(s) 'tutorial_objectstorage' retrieved from /home/airflow/.local/lib/python3.8/site-packages/airflow/example_dags/tutorial_objectstorage.py
[2025-08-19T21:55:45.017+0000] {logging_mixin.py:188} INFO - [2025-08-19T21:55:45.017+0000] {dag.py:3036} INFO - Sync 1 DAGs
[2025-08-19T21:55:45.021+0000] {logging_mixin.py:188} INFO - [2025-08-19T21:55:45.021+0000] {dag.py:3823} INFO - Setting next_dagrun for tutorial_objectstorage to None, run_after=None
[2025-08-19T21:55:45.029+0000] {processor.py:183} INFO - Processing /home/airflow/.local/lib/python3.8/site-packages/airflow/example_dags/tutorial_objectstorage.py took 0.027 seconds
[2025-08-19T21:56:15.602+0000] {processor.py:161} INFO - Started process (PID=754) to work on /home/airflow/.local/lib/python3.8/site-packages/airflow/example_dags/tutorial_objectstorage.py
[2025-08-19T21:56:15.605+0000] {processor.py:830} INFO - Processing file /home/airflow/.local/lib/python3.8/site-packages/airflow/example_dags/tutorial_objectstorage.py for tasks to queue
[2025-08-19T21:56:15.606+0000] {logging_mixin.py:188} INFO - [2025-08-19T21:56:15.606+0000] {dagbag.py:538} INFO - Filling up the DagBag from /home/airflow/.local/lib/python3.8/site-packages/airflow/example_dags/tutorial_objectstorage.py
[2025-08-19T21:56:15.609+0000] {processor.py:840} INFO - DAG(s) 'tutorial_objectstorage' retrieved from /home/airflow/.local/lib/python3.8/site-packages/airflow/example_dags/tutorial_objectstorage.py
[2025-08-19T21:56:15.625+0000] {logging_mixin.py:188} INFO - [2025-08-19T21:56:15.625+0000] {dag.py:3036} INFO - Sync 1 DAGs
[2025-08-19T21:56:15.631+0000] {logging_mixin.py:188} INFO - [2025-08-19T21:56:15.630+0000] {dag.py:3823} INFO - Setting next_dagrun for tutorial_objectstorage to None, run_after=None
[2025-08-19T21:56:15.637+0000] {processor.py:183} INFO - Processing /home/airflow/.local/lib/python3.8/site-packages/airflow/example_dags/tutorial_objectstorage.py took 0.037 seconds
[2025-08-19T21:56:46.257+0000] {processor.py:161} INFO - Started process (PID=810) to work on /home/airflow/.local/lib/python3.8/site-packages/airflow/example_dags/tutorial_objectstorage.py
[2025-08-19T21:56:46.258+0000] {processor.py:830} INFO - Processing file /home/airflow/.local/lib/python3.8/site-packages/airflow/example_dags/tutorial_objectstorage.py for tasks to queue
[2025-08-19T21:56:46.258+0000] {logging_mixin.py:188} INFO - [2025-08-19T21:56:46.258+0000] {dagbag.py:538} INFO - Filling up the DagBag from /home/airflow/.local/lib/python3.8/site-packages/airflow/example_dags/tutorial_objectstorage.py
[2025-08-19T21:56:46.261+0000] {processor.py:840} INFO - DAG(s) 'tutorial_objectstorage' retrieved from /home/airflow/.local/lib/python3.8/site-packages/airflow/example_dags/tutorial_objectstorage.py
[2025-08-19T21:56:46.272+0000] {logging_mixin.py:188} INFO - [2025-08-19T21:56:46.272+0000] {dag.py:3036} INFO - Sync 1 DAGs
[2025-08-19T21:56:46.278+0000] {logging_mixin.py:188} INFO - [2025-08-19T21:56:46.278+0000] {dag.py:3823} INFO - Setting next_dagrun for tutorial_objectstorage to None, run_after=None
[2025-08-19T21:56:46.285+0000] {processor.py:183} INFO - Processing /home/airflow/.local/lib/python3.8/site-packages/airflow/example_dags/tutorial_objectstorage.py took 0.029 seconds
[2025-08-19T21:57:16.878+0000] {processor.py:161} INFO - Started process (PID=866) to work on /home/airflow/.local/lib/python3.8/site-packages/airflow/example_dags/tutorial_objectstorage.py
[2025-08-19T21:57:16.882+0000] {processor.py:830} INFO - Processing file /home/airflow/.local/lib/python3.8/site-packages/airflow/example_dags/tutorial_objectstorage.py for tasks to queue
[2025-08-19T21:57:16.882+0000] {logging_mixin.py:188} INFO - [2025-08-19T21:57:16.882+0000] {dagbag.py:538} INFO - Filling up the DagBag from /home/airflow/.local/lib/python3.8/site-packages/airflow/example_dags/tutorial_objectstorage.py
[2025-08-19T21:57:16.885+0000] {processor.py:840} INFO - DAG(s) 'tutorial_objectstorage' retrieved from /home/airflow/.local/lib/python3.8/site-packages/airflow/example_dags/tutorial_objectstorage.py
[2025-08-19T21:57:16.895+0000] {logging_mixin.py:188} INFO - [2025-08-19T21:57:16.895+0000] {dag.py:3036} INFO - Sync 1 DAGs
[2025-08-19T21:57:16.901+0000] {logging_mixin.py:188} INFO - [2025-08-19T21:57:16.901+0000] {dag.py:3823} INFO - Setting next_dagrun for tutorial_objectstorage to None, run_after=None
[2025-08-19T21:57:16.909+0000] {processor.py:183} INFO - Processing /home/airflow/.local/lib/python3.8/site-packages/airflow/example_dags/tutorial_objectstorage.py took 0.033 seconds
[2025-08-19T21:57:47.459+0000] {processor.py:161} INFO - Started process (PID=922) to work on /home/airflow/.local/lib/python3.8/site-packages/airflow/example_dags/tutorial_objectstorage.py
[2025-08-19T21:57:47.460+0000] {processor.py:830} INFO - Processing file /home/airflow/.local/lib/python3.8/site-packages/airflow/example_dags/tutorial_objectstorage.py for tasks to queue
[2025-08-19T21:57:47.461+0000] {logging_mixin.py:188} INFO - [2025-08-19T21:57:47.461+0000] {dagbag.py:538} INFO - Filling up the DagBag from /home/airflow/.local/lib/python3.8/site-packages/airflow/example_dags/tutorial_objectstorage.py
[2025-08-19T21:57:47.464+0000] {processor.py:840} INFO - DAG(s) 'tutorial_objectstorage' retrieved from /home/airflow/.local/lib/python3.8/site-packages/airflow/example_dags/tutorial_objectstorage.py
[2025-08-19T21:57:47.474+0000] {logging_mixin.py:188} INFO - [2025-08-19T21:57:47.474+0000] {dag.py:3036} INFO - Sync 1 DAGs
[2025-08-19T21:57:47.479+0000] {logging_mixin.py:188} INFO - [2025-08-19T21:57:47.479+0000] {dag.py:3823} INFO - Setting next_dagrun for tutorial_objectstorage to None, run_after=None
[2025-08-19T21:57:47.486+0000] {processor.py:183} INFO - Processing /home/airflow/.local/lib/python3.8/site-packages/airflow/example_dags/tutorial_objectstorage.py took 0.028 seconds
[2025-08-19T21:58:18.015+0000] {processor.py:161} INFO - Started process (PID=978) to work on /home/airflow/.local/lib/python3.8/site-packages/airflow/example_dags/tutorial_objectstorage.py
[2025-08-19T21:58:18.015+0000] {processor.py:830} INFO - Processing file /home/airflow/.local/lib/python3.8/site-packages/airflow/example_dags/tutorial_objectstorage.py for tasks to queue
[2025-08-19T21:58:18.016+0000] {logging_mixin.py:188} INFO - [2025-08-19T21:58:18.016+0000] {dagbag.py:538} INFO - Filling up the DagBag from /home/airflow/.local/lib/python3.8/site-packages/airflow/example_dags/tutorial_objectstorage.py
[2025-08-19T21:58:18.019+0000] {processor.py:840} INFO - DAG(s) 'tutorial_objectstorage' retrieved from /home/airflow/.local/lib/python3.8/site-packages/airflow/example_dags/tutorial_objectstorage.py
[2025-08-19T21:58:18.029+0000] {logging_mixin.py:188} INFO - [2025-08-19T21:58:18.029+0000] {dag.py:3036} INFO - Sync 1 DAGs
[2025-08-19T21:58:18.034+0000] {logging_mixin.py:188} INFO - [2025-08-19T21:58:18.034+0000] {dag.py:3823} INFO - Setting next_dagrun for tutorial_objectstorage to None, run_after=None
[2025-08-19T21:58:18.041+0000] {processor.py:183} INFO - Processing /home/airflow/.local/lib/python3.8/site-packages/airflow/example_dags/tutorial_objectstorage.py took 0.029 seconds
[2025-08-19T21:58:48.616+0000] {processor.py:161} INFO - Started process (PID=1034) to work on /home/airflow/.local/lib/python3.8/site-packages/airflow/example_dags/tutorial_objectstorage.py
[2025-08-19T21:58:48.617+0000] {processor.py:830} INFO - Processing file /home/airflow/.local/lib/python3.8/site-packages/airflow/example_dags/tutorial_objectstorage.py for tasks to queue
[2025-08-19T21:58:48.618+0000] {logging_mixin.py:188} INFO - [2025-08-19T21:58:48.618+0000] {dagbag.py:538} INFO - Filling up the DagBag from /home/airflow/.local/lib/python3.8/site-packages/airflow/example_dags/tutorial_objectstorage.py
[2025-08-19T21:58:48.621+0000] {processor.py:840} INFO - DAG(s) 'tutorial_objectstorage' retrieved from /home/airflow/.local/lib/python3.8/site-packages/airflow/example_dags/tutorial_objectstorage.py
[2025-08-19T21:58:48.632+0000] {logging_mixin.py:188} INFO - [2025-08-19T21:58:48.632+0000] {dag.py:3036} INFO - Sync 1 DAGs
[2025-08-19T21:58:48.637+0000] {logging_mixin.py:188} INFO - [2025-08-19T21:58:48.637+0000] {dag.py:3823} INFO - Setting next_dagrun for tutorial_objectstorage to None, run_after=None
[2025-08-19T21:58:48.646+0000] {processor.py:183} INFO - Processing /home/airflow/.local/lib/python3.8/site-packages/airflow/example_dags/tutorial_objectstorage.py took 0.031 seconds
[2025-08-19T21:59:19.123+0000] {processor.py:161} INFO - Started process (PID=1090) to work on /home/airflow/.local/lib/python3.8/site-packages/airflow/example_dags/tutorial_objectstorage.py
[2025-08-19T21:59:19.124+0000] {processor.py:830} INFO - Processing file /home/airflow/.local/lib/python3.8/site-packages/airflow/example_dags/tutorial_objectstorage.py for tasks to queue
[2025-08-19T21:59:19.125+0000] {logging_mixin.py:188} INFO - [2025-08-19T21:59:19.125+0000] {dagbag.py:538} INFO - Filling up the DagBag from /home/airflow/.local/lib/python3.8/site-packages/airflow/example_dags/tutorial_objectstorage.py
[2025-08-19T21:59:19.128+0000] {processor.py:840} INFO - DAG(s) 'tutorial_objectstorage' retrieved from /home/airflow/.local/lib/python3.8/site-packages/airflow/example_dags/tutorial_objectstorage.py
[2025-08-19T21:59:19.136+0000] {logging_mixin.py:188} INFO - [2025-08-19T21:59:19.136+0000] {dag.py:3036} INFO - Sync 1 DAGs
[2025-08-19T21:59:19.141+0000] {logging_mixin.py:188} INFO - [2025-08-19T21:59:19.141+0000] {dag.py:3823} INFO - Setting next_dagrun for tutorial_objectstorage to None, run_after=None
[2025-08-19T21:59:19.148+0000] {processor.py:183} INFO - Processing /home/airflow/.local/lib/python3.8/site-packages/airflow/example_dags/tutorial_objectstorage.py took 0.027 seconds
[2025-08-19T21:59:49.646+0000] {processor.py:161} INFO - Started process (PID=1146) to work on /home/airflow/.local/lib/python3.8/site-packages/airflow/example_dags/tutorial_objectstorage.py
[2025-08-19T21:59:49.646+0000] {processor.py:830} INFO - Processing file /home/airflow/.local/lib/python3.8/site-packages/airflow/example_dags/tutorial_objectstorage.py for tasks to queue
[2025-08-19T21:59:49.647+0000] {logging_mixin.py:188} INFO - [2025-08-19T21:59:49.647+0000] {dagbag.py:538} INFO - Filling up the DagBag from /home/airflow/.local/lib/python3.8/site-packages/airflow/example_dags/tutorial_objectstorage.py
[2025-08-19T21:59:49.651+0000] {processor.py:840} INFO - DAG(s) 'tutorial_objectstorage' retrieved from /home/airflow/.local/lib/python3.8/site-packages/airflow/example_dags/tutorial_objectstorage.py
[2025-08-19T21:59:49.659+0000] {logging_mixin.py:188} INFO - [2025-08-19T21:59:49.659+0000] {dag.py:3036} INFO - Sync 1 DAGs
[2025-08-19T21:59:49.664+0000] {logging_mixin.py:188} INFO - [2025-08-19T21:59:49.664+0000] {dag.py:3823} INFO - Setting next_dagrun for tutorial_objectstorage to None, run_after=None
[2025-08-19T21:59:49.677+0000] {processor.py:183} INFO - Processing /home/airflow/.local/lib/python3.8/site-packages/airflow/example_dags/tutorial_objectstorage.py took 0.033 seconds
[2025-08-19T22:00:20.205+0000] {processor.py:161} INFO - Started process (PID=1202) to work on /home/airflow/.local/lib/python3.8/site-packages/airflow/example_dags/tutorial_objectstorage.py
[2025-08-19T22:00:20.205+0000] {processor.py:830} INFO - Processing file /home/airflow/.local/lib/python3.8/site-packages/airflow/example_dags/tutorial_objectstorage.py for tasks to queue
[2025-08-19T22:00:20.206+0000] {logging_mixin.py:188} INFO - [2025-08-19T22:00:20.206+0000] {dagbag.py:538} INFO - Filling up the DagBag from /home/airflow/.local/lib/python3.8/site-packages/airflow/example_dags/tutorial_objectstorage.py
[2025-08-19T22:00:20.208+0000] {processor.py:840} INFO - DAG(s) 'tutorial_objectstorage' retrieved from /home/airflow/.local/lib/python3.8/site-packages/airflow/example_dags/tutorial_objectstorage.py
[2025-08-19T22:00:20.216+0000] {logging_mixin.py:188} INFO - [2025-08-19T22:00:20.216+0000] {dag.py:3036} INFO - Sync 1 DAGs
[2025-08-19T22:00:20.220+0000] {logging_mixin.py:188} INFO - [2025-08-19T22:00:20.220+0000] {dag.py:3823} INFO - Setting next_dagrun for tutorial_objectstorage to None, run_after=None
[2025-08-19T22:00:20.225+0000] {processor.py:183} INFO - Processing /home/airflow/.local/lib/python3.8/site-packages/airflow/example_dags/tutorial_objectstorage.py took 0.022 seconds
[2025-08-19T22:00:50.743+0000] {processor.py:161} INFO - Started process (PID=1258) to work on /home/airflow/.local/lib/python3.8/site-packages/airflow/example_dags/tutorial_objectstorage.py
[2025-08-19T22:00:50.744+0000] {processor.py:830} INFO - Processing file /home/airflow/.local/lib/python3.8/site-packages/airflow/example_dags/tutorial_objectstorage.py for tasks to queue
[2025-08-19T22:00:50.745+0000] {logging_mixin.py:188} INFO - [2025-08-19T22:00:50.744+0000] {dagbag.py:538} INFO - Filling up the DagBag from /home/airflow/.local/lib/python3.8/site-packages/airflow/example_dags/tutorial_objectstorage.py
[2025-08-19T22:00:50.747+0000] {processor.py:840} INFO - DAG(s) 'tutorial_objectstorage' retrieved from /home/airflow/.local/lib/python3.8/site-packages/airflow/example_dags/tutorial_objectstorage.py
[2025-08-19T22:00:50.754+0000] {logging_mixin.py:188} INFO - [2025-08-19T22:00:50.754+0000] {dag.py:3036} INFO - Sync 1 DAGs
[2025-08-19T22:00:50.758+0000] {logging_mixin.py:188} INFO - [2025-08-19T22:00:50.758+0000] {dag.py:3823} INFO - Setting next_dagrun for tutorial_objectstorage to None, run_after=None
[2025-08-19T22:00:50.764+0000] {processor.py:183} INFO - Processing /home/airflow/.local/lib/python3.8/site-packages/airflow/example_dags/tutorial_objectstorage.py took 0.022 seconds
[2025-08-19T22:01:21.660+0000] {processor.py:161} INFO - Started process (PID=1314) to work on /home/airflow/.local/lib/python3.8/site-packages/airflow/example_dags/tutorial_objectstorage.py
[2025-08-19T22:01:21.661+0000] {processor.py:830} INFO - Processing file /home/airflow/.local/lib/python3.8/site-packages/airflow/example_dags/tutorial_objectstorage.py for tasks to queue
[2025-08-19T22:01:21.663+0000] {logging_mixin.py:188} INFO - [2025-08-19T22:01:21.663+0000] {dagbag.py:538} INFO - Filling up the DagBag from /home/airflow/.local/lib/python3.8/site-packages/airflow/example_dags/tutorial_objectstorage.py
[2025-08-19T22:01:21.666+0000] {processor.py:840} INFO - DAG(s) 'tutorial_objectstorage' retrieved from /home/airflow/.local/lib/python3.8/site-packages/airflow/example_dags/tutorial_objectstorage.py
[2025-08-19T22:01:21.683+0000] {logging_mixin.py:188} INFO - [2025-08-19T22:01:21.682+0000] {dag.py:3036} INFO - Sync 1 DAGs
[2025-08-19T22:01:21.694+0000] {logging_mixin.py:188} INFO - [2025-08-19T22:01:21.694+0000] {dag.py:3823} INFO - Setting next_dagrun for tutorial_objectstorage to None, run_after=None
[2025-08-19T22:01:21.719+0000] {processor.py:183} INFO - Processing /home/airflow/.local/lib/python3.8/site-packages/airflow/example_dags/tutorial_objectstorage.py took 0.061 seconds
[2025-08-19T22:01:51.729+0000] {processor.py:161} INFO - Started process (PID=1370) to work on /home/airflow/.local/lib/python3.8/site-packages/airflow/example_dags/tutorial_objectstorage.py
[2025-08-19T22:01:51.730+0000] {processor.py:830} INFO - Processing file /home/airflow/.local/lib/python3.8/site-packages/airflow/example_dags/tutorial_objectstorage.py for tasks to queue
[2025-08-19T22:01:51.731+0000] {logging_mixin.py:188} INFO - [2025-08-19T22:01:51.731+0000] {dagbag.py:538} INFO - Filling up the DagBag from /home/airflow/.local/lib/python3.8/site-packages/airflow/example_dags/tutorial_objectstorage.py
[2025-08-19T22:01:51.734+0000] {processor.py:840} INFO - DAG(s) 'tutorial_objectstorage' retrieved from /home/airflow/.local/lib/python3.8/site-packages/airflow/example_dags/tutorial_objectstorage.py
[2025-08-19T22:01:51.743+0000] {logging_mixin.py:188} INFO - [2025-08-19T22:01:51.743+0000] {dag.py:3036} INFO - Sync 1 DAGs
[2025-08-19T22:01:51.748+0000] {logging_mixin.py:188} INFO - [2025-08-19T22:01:51.748+0000] {dag.py:3823} INFO - Setting next_dagrun for tutorial_objectstorage to None, run_after=None
[2025-08-19T22:01:51.754+0000] {processor.py:183} INFO - Processing /home/airflow/.local/lib/python3.8/site-packages/airflow/example_dags/tutorial_objectstorage.py took 0.026 seconds
[2025-08-19T22:02:22.627+0000] {processor.py:161} INFO - Started process (PID=1426) to work on /home/airflow/.local/lib/python3.8/site-packages/airflow/example_dags/tutorial_objectstorage.py
[2025-08-19T22:02:22.628+0000] {processor.py:830} INFO - Processing file /home/airflow/.local/lib/python3.8/site-packages/airflow/example_dags/tutorial_objectstorage.py for tasks to queue
[2025-08-19T22:02:22.629+0000] {logging_mixin.py:188} INFO - [2025-08-19T22:02:22.629+0000] {dagbag.py:538} INFO - Filling up the DagBag from /home/airflow/.local/lib/python3.8/site-packages/airflow/example_dags/tutorial_objectstorage.py
[2025-08-19T22:02:22.631+0000] {processor.py:840} INFO - DAG(s) 'tutorial_objectstorage' retrieved from /home/airflow/.local/lib/python3.8/site-packages/airflow/example_dags/tutorial_objectstorage.py
[2025-08-19T22:02:22.639+0000] {logging_mixin.py:188} INFO - [2025-08-19T22:02:22.639+0000] {dag.py:3036} INFO - Sync 1 DAGs
[2025-08-19T22:02:22.643+0000] {logging_mixin.py:188} INFO - [2025-08-19T22:02:22.643+0000] {dag.py:3823} INFO - Setting next_dagrun for tutorial_objectstorage to None, run_after=None
[2025-08-19T22:02:22.650+0000] {processor.py:183} INFO - Processing /home/airflow/.local/lib/python3.8/site-packages/airflow/example_dags/tutorial_objectstorage.py took 0.023 seconds
[2025-08-19T22:02:53.478+0000] {processor.py:161} INFO - Started process (PID=1482) to work on /home/airflow/.local/lib/python3.8/site-packages/airflow/example_dags/tutorial_objectstorage.py
[2025-08-19T22:02:53.480+0000] {processor.py:830} INFO - Processing file /home/airflow/.local/lib/python3.8/site-packages/airflow/example_dags/tutorial_objectstorage.py for tasks to queue
[2025-08-19T22:02:53.481+0000] {logging_mixin.py:188} INFO - [2025-08-19T22:02:53.481+0000] {dagbag.py:538} INFO - Filling up the DagBag from /home/airflow/.local/lib/python3.8/site-packages/airflow/example_dags/tutorial_objectstorage.py
[2025-08-19T22:02:53.484+0000] {processor.py:840} INFO - DAG(s) 'tutorial_objectstorage' retrieved from /home/airflow/.local/lib/python3.8/site-packages/airflow/example_dags/tutorial_objectstorage.py
[2025-08-19T22:02:53.495+0000] {logging_mixin.py:188} INFO - [2025-08-19T22:02:53.495+0000] {dag.py:3036} INFO - Sync 1 DAGs
[2025-08-19T22:02:53.500+0000] {logging_mixin.py:188} INFO - [2025-08-19T22:02:53.500+0000] {dag.py:3823} INFO - Setting next_dagrun for tutorial_objectstorage to None, run_after=None
[2025-08-19T22:02:53.506+0000] {processor.py:183} INFO - Processing /home/airflow/.local/lib/python3.8/site-packages/airflow/example_dags/tutorial_objectstorage.py took 0.030 seconds
[2025-08-19T22:03:24.557+0000] {processor.py:161} INFO - Started process (PID=1538) to work on /home/airflow/.local/lib/python3.8/site-packages/airflow/example_dags/tutorial_objectstorage.py
[2025-08-19T22:03:24.560+0000] {processor.py:830} INFO - Processing file /home/airflow/.local/lib/python3.8/site-packages/airflow/example_dags/tutorial_objectstorage.py for tasks to queue
[2025-08-19T22:03:24.563+0000] {logging_mixin.py:188} INFO - [2025-08-19T22:03:24.563+0000] {dagbag.py:538} INFO - Filling up the DagBag from /home/airflow/.local/lib/python3.8/site-packages/airflow/example_dags/tutorial_objectstorage.py
[2025-08-19T22:03:24.571+0000] {processor.py:840} INFO - DAG(s) 'tutorial_objectstorage' retrieved from /home/airflow/.local/lib/python3.8/site-packages/airflow/example_dags/tutorial_objectstorage.py
[2025-08-19T22:03:24.581+0000] {logging_mixin.py:188} INFO - [2025-08-19T22:03:24.581+0000] {dag.py:3036} INFO - Sync 1 DAGs
[2025-08-19T22:03:24.588+0000] {logging_mixin.py:188} INFO - [2025-08-19T22:03:24.587+0000] {dag.py:3823} INFO - Setting next_dagrun for tutorial_objectstorage to None, run_after=None
[2025-08-19T22:03:24.595+0000] {processor.py:183} INFO - Processing /home/airflow/.local/lib/python3.8/site-packages/airflow/example_dags/tutorial_objectstorage.py took 0.041 seconds
[2025-08-19T22:03:55.286+0000] {processor.py:161} INFO - Started process (PID=1594) to work on /home/airflow/.local/lib/python3.8/site-packages/airflow/example_dags/tutorial_objectstorage.py
[2025-08-19T22:03:55.289+0000] {processor.py:830} INFO - Processing file /home/airflow/.local/lib/python3.8/site-packages/airflow/example_dags/tutorial_objectstorage.py for tasks to queue
[2025-08-19T22:03:55.290+0000] {logging_mixin.py:188} INFO - [2025-08-19T22:03:55.290+0000] {dagbag.py:538} INFO - Filling up the DagBag from /home/airflow/.local/lib/python3.8/site-packages/airflow/example_dags/tutorial_objectstorage.py
[2025-08-19T22:03:55.295+0000] {processor.py:840} INFO - DAG(s) 'tutorial_objectstorage' retrieved from /home/airflow/.local/lib/python3.8/site-packages/airflow/example_dags/tutorial_objectstorage.py
[2025-08-19T22:03:55.305+0000] {logging_mixin.py:188} INFO - [2025-08-19T22:03:55.305+0000] {dag.py:3036} INFO - Sync 1 DAGs
[2025-08-19T22:03:55.311+0000] {logging_mixin.py:188} INFO - [2025-08-19T22:03:55.311+0000] {dag.py:3823} INFO - Setting next_dagrun for tutorial_objectstorage to None, run_after=None
[2025-08-19T22:03:55.325+0000] {processor.py:183} INFO - Processing /home/airflow/.local/lib/python3.8/site-packages/airflow/example_dags/tutorial_objectstorage.py took 0.044 seconds
[2025-08-19T22:04:25.772+0000] {processor.py:161} INFO - Started process (PID=1650) to work on /home/airflow/.local/lib/python3.8/site-packages/airflow/example_dags/tutorial_objectstorage.py
[2025-08-19T22:04:25.775+0000] {processor.py:830} INFO - Processing file /home/airflow/.local/lib/python3.8/site-packages/airflow/example_dags/tutorial_objectstorage.py for tasks to queue
[2025-08-19T22:04:25.777+0000] {logging_mixin.py:188} INFO - [2025-08-19T22:04:25.777+0000] {dagbag.py:538} INFO - Filling up the DagBag from /home/airflow/.local/lib/python3.8/site-packages/airflow/example_dags/tutorial_objectstorage.py
[2025-08-19T22:04:25.780+0000] {processor.py:840} INFO - DAG(s) 'tutorial_objectstorage' retrieved from /home/airflow/.local/lib/python3.8/site-packages/airflow/example_dags/tutorial_objectstorage.py
[2025-08-19T22:04:25.790+0000] {logging_mixin.py:188} INFO - [2025-08-19T22:04:25.789+0000] {dag.py:3036} INFO - Sync 1 DAGs
[2025-08-19T22:04:25.794+0000] {logging_mixin.py:188} INFO - [2025-08-19T22:04:25.794+0000] {dag.py:3823} INFO - Setting next_dagrun for tutorial_objectstorage to None, run_after=None
[2025-08-19T22:04:25.800+0000] {processor.py:183} INFO - Processing /home/airflow/.local/lib/python3.8/site-packages/airflow/example_dags/tutorial_objectstorage.py took 0.029 seconds
[2025-08-19T22:04:56.224+0000] {processor.py:161} INFO - Started process (PID=1706) to work on /home/airflow/.local/lib/python3.8/site-packages/airflow/example_dags/tutorial_objectstorage.py
[2025-08-19T22:04:56.226+0000] {processor.py:830} INFO - Processing file /home/airflow/.local/lib/python3.8/site-packages/airflow/example_dags/tutorial_objectstorage.py for tasks to queue
[2025-08-19T22:04:56.227+0000] {logging_mixin.py:188} INFO - [2025-08-19T22:04:56.227+0000] {dagbag.py:538} INFO - Filling up the DagBag from /home/airflow/.local/lib/python3.8/site-packages/airflow/example_dags/tutorial_objectstorage.py
[2025-08-19T22:04:56.233+0000] {processor.py:840} INFO - DAG(s) 'tutorial_objectstorage' retrieved from /home/airflow/.local/lib/python3.8/site-packages/airflow/example_dags/tutorial_objectstorage.py
[2025-08-19T22:04:56.241+0000] {logging_mixin.py:188} INFO - [2025-08-19T22:04:56.241+0000] {dag.py:3036} INFO - Sync 1 DAGs
[2025-08-19T22:04:56.245+0000] {logging_mixin.py:188} INFO - [2025-08-19T22:04:56.245+0000] {dag.py:3823} INFO - Setting next_dagrun for tutorial_objectstorage to None, run_after=None
[2025-08-19T22:04:56.254+0000] {processor.py:183} INFO - Processing /home/airflow/.local/lib/python3.8/site-packages/airflow/example_dags/tutorial_objectstorage.py took 0.031 seconds
[2025-08-19T22:05:27.185+0000] {processor.py:161} INFO - Started process (PID=1762) to work on /home/airflow/.local/lib/python3.8/site-packages/airflow/example_dags/tutorial_objectstorage.py
[2025-08-19T22:05:27.186+0000] {processor.py:830} INFO - Processing file /home/airflow/.local/lib/python3.8/site-packages/airflow/example_dags/tutorial_objectstorage.py for tasks to queue
[2025-08-19T22:05:27.187+0000] {logging_mixin.py:188} INFO - [2025-08-19T22:05:27.187+0000] {dagbag.py:538} INFO - Filling up the DagBag from /home/airflow/.local/lib/python3.8/site-packages/airflow/example_dags/tutorial_objectstorage.py
[2025-08-19T22:05:27.192+0000] {processor.py:840} INFO - DAG(s) 'tutorial_objectstorage' retrieved from /home/airflow/.local/lib/python3.8/site-packages/airflow/example_dags/tutorial_objectstorage.py
[2025-08-19T22:05:27.204+0000] {logging_mixin.py:188} INFO - [2025-08-19T22:05:27.204+0000] {dag.py:3036} INFO - Sync 1 DAGs
[2025-08-19T22:05:27.213+0000] {logging_mixin.py:188} INFO - [2025-08-19T22:05:27.213+0000] {dag.py:3823} INFO - Setting next_dagrun for tutorial_objectstorage to None, run_after=None
[2025-08-19T22:05:27.226+0000] {processor.py:183} INFO - Processing /home/airflow/.local/lib/python3.8/site-packages/airflow/example_dags/tutorial_objectstorage.py took 0.044 seconds
[2025-08-19T22:05:57.861+0000] {processor.py:161} INFO - Started process (PID=1818) to work on /home/airflow/.local/lib/python3.8/site-packages/airflow/example_dags/tutorial_objectstorage.py
[2025-08-19T22:05:57.861+0000] {processor.py:830} INFO - Processing file /home/airflow/.local/lib/python3.8/site-packages/airflow/example_dags/tutorial_objectstorage.py for tasks to queue
[2025-08-19T22:05:57.862+0000] {logging_mixin.py:188} INFO - [2025-08-19T22:05:57.862+0000] {dagbag.py:538} INFO - Filling up the DagBag from /home/airflow/.local/lib/python3.8/site-packages/airflow/example_dags/tutorial_objectstorage.py
[2025-08-19T22:05:57.864+0000] {processor.py:840} INFO - DAG(s) 'tutorial_objectstorage' retrieved from /home/airflow/.local/lib/python3.8/site-packages/airflow/example_dags/tutorial_objectstorage.py
[2025-08-19T22:05:57.871+0000] {logging_mixin.py:188} INFO - [2025-08-19T22:05:57.871+0000] {dag.py:3036} INFO - Sync 1 DAGs
[2025-08-19T22:05:57.875+0000] {logging_mixin.py:188} INFO - [2025-08-19T22:05:57.875+0000] {dag.py:3823} INFO - Setting next_dagrun for tutorial_objectstorage to None, run_after=None
[2025-08-19T22:05:57.880+0000] {processor.py:183} INFO - Processing /home/airflow/.local/lib/python3.8/site-packages/airflow/example_dags/tutorial_objectstorage.py took 0.020 seconds
[2025-08-19T22:06:28.267+0000] {processor.py:161} INFO - Started process (PID=1874) to work on /home/airflow/.local/lib/python3.8/site-packages/airflow/example_dags/tutorial_objectstorage.py
[2025-08-19T22:06:28.268+0000] {processor.py:830} INFO - Processing file /home/airflow/.local/lib/python3.8/site-packages/airflow/example_dags/tutorial_objectstorage.py for tasks to queue
[2025-08-19T22:06:28.269+0000] {logging_mixin.py:188} INFO - [2025-08-19T22:06:28.269+0000] {dagbag.py:538} INFO - Filling up the DagBag from /home/airflow/.local/lib/python3.8/site-packages/airflow/example_dags/tutorial_objectstorage.py
[2025-08-19T22:06:28.273+0000] {processor.py:840} INFO - DAG(s) 'tutorial_objectstorage' retrieved from /home/airflow/.local/lib/python3.8/site-packages/airflow/example_dags/tutorial_objectstorage.py
[2025-08-19T22:06:28.282+0000] {logging_mixin.py:188} INFO - [2025-08-19T22:06:28.281+0000] {dag.py:3036} INFO - Sync 1 DAGs
[2025-08-19T22:06:28.286+0000] {logging_mixin.py:188} INFO - [2025-08-19T22:06:28.286+0000] {dag.py:3823} INFO - Setting next_dagrun for tutorial_objectstorage to None, run_after=None
[2025-08-19T22:06:28.292+0000] {processor.py:183} INFO - Processing /home/airflow/.local/lib/python3.8/site-packages/airflow/example_dags/tutorial_objectstorage.py took 0.026 seconds
[2025-08-19T22:06:59.135+0000] {processor.py:161} INFO - Started process (PID=1930) to work on /home/airflow/.local/lib/python3.8/site-packages/airflow/example_dags/tutorial_objectstorage.py
[2025-08-19T22:06:59.136+0000] {processor.py:830} INFO - Processing file /home/airflow/.local/lib/python3.8/site-packages/airflow/example_dags/tutorial_objectstorage.py for tasks to queue
[2025-08-19T22:06:59.136+0000] {logging_mixin.py:188} INFO - [2025-08-19T22:06:59.136+0000] {dagbag.py:538} INFO - Filling up the DagBag from /home/airflow/.local/lib/python3.8/site-packages/airflow/example_dags/tutorial_objectstorage.py
[2025-08-19T22:06:59.139+0000] {processor.py:840} INFO - DAG(s) 'tutorial_objectstorage' retrieved from /home/airflow/.local/lib/python3.8/site-packages/airflow/example_dags/tutorial_objectstorage.py
[2025-08-19T22:06:59.149+0000] {logging_mixin.py:188} INFO - [2025-08-19T22:06:59.149+0000] {dag.py:3036} INFO - Sync 1 DAGs
[2025-08-19T22:06:59.153+0000] {logging_mixin.py:188} INFO - [2025-08-19T22:06:59.153+0000] {dag.py:3823} INFO - Setting next_dagrun for tutorial_objectstorage to None, run_after=None
[2025-08-19T22:06:59.163+0000] {processor.py:183} INFO - Processing /home/airflow/.local/lib/python3.8/site-packages/airflow/example_dags/tutorial_objectstorage.py took 0.029 seconds
[2025-08-19T22:07:30.032+0000] {processor.py:161} INFO - Started process (PID=1986) to work on /home/airflow/.local/lib/python3.8/site-packages/airflow/example_dags/tutorial_objectstorage.py
[2025-08-19T22:07:30.033+0000] {processor.py:830} INFO - Processing file /home/airflow/.local/lib/python3.8/site-packages/airflow/example_dags/tutorial_objectstorage.py for tasks to queue
[2025-08-19T22:07:30.034+0000] {logging_mixin.py:188} INFO - [2025-08-19T22:07:30.033+0000] {dagbag.py:538} INFO - Filling up the DagBag from /home/airflow/.local/lib/python3.8/site-packages/airflow/example_dags/tutorial_objectstorage.py
[2025-08-19T22:07:30.037+0000] {processor.py:840} INFO - DAG(s) 'tutorial_objectstorage' retrieved from /home/airflow/.local/lib/python3.8/site-packages/airflow/example_dags/tutorial_objectstorage.py
[2025-08-19T22:07:30.049+0000] {logging_mixin.py:188} INFO - [2025-08-19T22:07:30.048+0000] {dag.py:3036} INFO - Sync 1 DAGs
[2025-08-19T22:07:30.053+0000] {logging_mixin.py:188} INFO - [2025-08-19T22:07:30.053+0000] {dag.py:3823} INFO - Setting next_dagrun for tutorial_objectstorage to None, run_after=None
[2025-08-19T22:07:30.070+0000] {processor.py:183} INFO - Processing /home/airflow/.local/lib/python3.8/site-packages/airflow/example_dags/tutorial_objectstorage.py took 0.040 seconds
[2025-08-19T22:08:00.866+0000] {processor.py:161} INFO - Started process (PID=2042) to work on /home/airflow/.local/lib/python3.8/site-packages/airflow/example_dags/tutorial_objectstorage.py
[2025-08-19T22:08:00.867+0000] {processor.py:830} INFO - Processing file /home/airflow/.local/lib/python3.8/site-packages/airflow/example_dags/tutorial_objectstorage.py for tasks to queue
[2025-08-19T22:08:00.868+0000] {logging_mixin.py:188} INFO - [2025-08-19T22:08:00.868+0000] {dagbag.py:538} INFO - Filling up the DagBag from /home/airflow/.local/lib/python3.8/site-packages/airflow/example_dags/tutorial_objectstorage.py
[2025-08-19T22:08:00.870+0000] {processor.py:840} INFO - DAG(s) 'tutorial_objectstorage' retrieved from /home/airflow/.local/lib/python3.8/site-packages/airflow/example_dags/tutorial_objectstorage.py
[2025-08-19T22:08:00.882+0000] {logging_mixin.py:188} INFO - [2025-08-19T22:08:00.882+0000] {dag.py:3036} INFO - Sync 1 DAGs
[2025-08-19T22:08:00.889+0000] {logging_mixin.py:188} INFO - [2025-08-19T22:08:00.889+0000] {dag.py:3823} INFO - Setting next_dagrun for tutorial_objectstorage to None, run_after=None
[2025-08-19T22:08:00.899+0000] {processor.py:183} INFO - Processing /home/airflow/.local/lib/python3.8/site-packages/airflow/example_dags/tutorial_objectstorage.py took 0.034 seconds
[2025-08-19T22:08:31.591+0000] {processor.py:161} INFO - Started process (PID=2098) to work on /home/airflow/.local/lib/python3.8/site-packages/airflow/example_dags/tutorial_objectstorage.py
[2025-08-19T22:08:31.591+0000] {processor.py:830} INFO - Processing file /home/airflow/.local/lib/python3.8/site-packages/airflow/example_dags/tutorial_objectstorage.py for tasks to queue
[2025-08-19T22:08:31.592+0000] {logging_mixin.py:188} INFO - [2025-08-19T22:08:31.592+0000] {dagbag.py:538} INFO - Filling up the DagBag from /home/airflow/.local/lib/python3.8/site-packages/airflow/example_dags/tutorial_objectstorage.py
[2025-08-19T22:08:31.595+0000] {processor.py:840} INFO - DAG(s) 'tutorial_objectstorage' retrieved from /home/airflow/.local/lib/python3.8/site-packages/airflow/example_dags/tutorial_objectstorage.py
[2025-08-19T22:08:31.609+0000] {logging_mixin.py:188} INFO - [2025-08-19T22:08:31.608+0000] {dag.py:3036} INFO - Sync 1 DAGs
[2025-08-19T22:08:31.614+0000] {logging_mixin.py:188} INFO - [2025-08-19T22:08:31.614+0000] {dag.py:3823} INFO - Setting next_dagrun for tutorial_objectstorage to None, run_after=None
[2025-08-19T22:08:31.621+0000] {processor.py:183} INFO - Processing /home/airflow/.local/lib/python3.8/site-packages/airflow/example_dags/tutorial_objectstorage.py took 0.032 seconds
[2025-08-19T22:09:02.054+0000] {processor.py:161} INFO - Started process (PID=2154) to work on /home/airflow/.local/lib/python3.8/site-packages/airflow/example_dags/tutorial_objectstorage.py
[2025-08-19T22:09:02.056+0000] {processor.py:830} INFO - Processing file /home/airflow/.local/lib/python3.8/site-packages/airflow/example_dags/tutorial_objectstorage.py for tasks to queue
[2025-08-19T22:09:02.057+0000] {logging_mixin.py:188} INFO - [2025-08-19T22:09:02.057+0000] {dagbag.py:538} INFO - Filling up the DagBag from /home/airflow/.local/lib/python3.8/site-packages/airflow/example_dags/tutorial_objectstorage.py
[2025-08-19T22:09:02.062+0000] {processor.py:840} INFO - DAG(s) 'tutorial_objectstorage' retrieved from /home/airflow/.local/lib/python3.8/site-packages/airflow/example_dags/tutorial_objectstorage.py
[2025-08-19T22:09:02.069+0000] {logging_mixin.py:188} INFO - [2025-08-19T22:09:02.069+0000] {dag.py:3036} INFO - Sync 1 DAGs
[2025-08-19T22:09:02.074+0000] {logging_mixin.py:188} INFO - [2025-08-19T22:09:02.074+0000] {dag.py:3823} INFO - Setting next_dagrun for tutorial_objectstorage to None, run_after=None
[2025-08-19T22:09:02.085+0000] {processor.py:183} INFO - Processing /home/airflow/.local/lib/python3.8/site-packages/airflow/example_dags/tutorial_objectstorage.py took 0.032 seconds
[2025-08-19T22:09:32.832+0000] {processor.py:161} INFO - Started process (PID=2210) to work on /home/airflow/.local/lib/python3.8/site-packages/airflow/example_dags/tutorial_objectstorage.py
[2025-08-19T22:09:32.834+0000] {processor.py:830} INFO - Processing file /home/airflow/.local/lib/python3.8/site-packages/airflow/example_dags/tutorial_objectstorage.py for tasks to queue
[2025-08-19T22:09:32.835+0000] {logging_mixin.py:188} INFO - [2025-08-19T22:09:32.835+0000] {dagbag.py:538} INFO - Filling up the DagBag from /home/airflow/.local/lib/python3.8/site-packages/airflow/example_dags/tutorial_objectstorage.py
[2025-08-19T22:09:32.841+0000] {processor.py:840} INFO - DAG(s) 'tutorial_objectstorage' retrieved from /home/airflow/.local/lib/python3.8/site-packages/airflow/example_dags/tutorial_objectstorage.py
[2025-08-19T22:09:32.857+0000] {logging_mixin.py:188} INFO - [2025-08-19T22:09:32.857+0000] {dag.py:3036} INFO - Sync 1 DAGs
[2025-08-19T22:09:32.862+0000] {logging_mixin.py:188} INFO - [2025-08-19T22:09:32.862+0000] {dag.py:3823} INFO - Setting next_dagrun for tutorial_objectstorage to None, run_after=None
[2025-08-19T22:09:32.870+0000] {processor.py:183} INFO - Processing /home/airflow/.local/lib/python3.8/site-packages/airflow/example_dags/tutorial_objectstorage.py took 0.040 seconds
[2025-08-19T22:10:03.356+0000] {processor.py:161} INFO - Started process (PID=2266) to work on /home/airflow/.local/lib/python3.8/site-packages/airflow/example_dags/tutorial_objectstorage.py
[2025-08-19T22:10:03.356+0000] {processor.py:830} INFO - Processing file /home/airflow/.local/lib/python3.8/site-packages/airflow/example_dags/tutorial_objectstorage.py for tasks to queue
[2025-08-19T22:10:03.357+0000] {logging_mixin.py:188} INFO - [2025-08-19T22:10:03.357+0000] {dagbag.py:538} INFO - Filling up the DagBag from /home/airflow/.local/lib/python3.8/site-packages/airflow/example_dags/tutorial_objectstorage.py
[2025-08-19T22:10:03.360+0000] {processor.py:840} INFO - DAG(s) 'tutorial_objectstorage' retrieved from /home/airflow/.local/lib/python3.8/site-packages/airflow/example_dags/tutorial_objectstorage.py
[2025-08-19T22:10:03.374+0000] {logging_mixin.py:188} INFO - [2025-08-19T22:10:03.373+0000] {dag.py:3036} INFO - Sync 1 DAGs
[2025-08-19T22:10:03.378+0000] {logging_mixin.py:188} INFO - [2025-08-19T22:10:03.378+0000] {dag.py:3823} INFO - Setting next_dagrun for tutorial_objectstorage to None, run_after=None
[2025-08-19T22:10:03.387+0000] {processor.py:183} INFO - Processing /home/airflow/.local/lib/python3.8/site-packages/airflow/example_dags/tutorial_objectstorage.py took 0.033 seconds
[2025-08-19T22:10:34.102+0000] {processor.py:161} INFO - Started process (PID=2322) to work on /home/airflow/.local/lib/python3.8/site-packages/airflow/example_dags/tutorial_objectstorage.py
[2025-08-19T22:10:34.103+0000] {processor.py:830} INFO - Processing file /home/airflow/.local/lib/python3.8/site-packages/airflow/example_dags/tutorial_objectstorage.py for tasks to queue
[2025-08-19T22:10:34.103+0000] {logging_mixin.py:188} INFO - [2025-08-19T22:10:34.103+0000] {dagbag.py:538} INFO - Filling up the DagBag from /home/airflow/.local/lib/python3.8/site-packages/airflow/example_dags/tutorial_objectstorage.py
[2025-08-19T22:10:34.106+0000] {processor.py:840} INFO - DAG(s) 'tutorial_objectstorage' retrieved from /home/airflow/.local/lib/python3.8/site-packages/airflow/example_dags/tutorial_objectstorage.py
[2025-08-19T22:10:34.113+0000] {logging_mixin.py:188} INFO - [2025-08-19T22:10:34.113+0000] {dag.py:3036} INFO - Sync 1 DAGs
[2025-08-19T22:10:34.117+0000] {logging_mixin.py:188} INFO - [2025-08-19T22:10:34.117+0000] {dag.py:3823} INFO - Setting next_dagrun for tutorial_objectstorage to None, run_after=None
[2025-08-19T22:10:34.124+0000] {processor.py:183} INFO - Processing /home/airflow/.local/lib/python3.8/site-packages/airflow/example_dags/tutorial_objectstorage.py took 0.023 seconds
[2025-08-19T22:11:04.662+0000] {processor.py:161} INFO - Started process (PID=2378) to work on /home/airflow/.local/lib/python3.8/site-packages/airflow/example_dags/tutorial_objectstorage.py
[2025-08-19T22:11:04.663+0000] {processor.py:830} INFO - Processing file /home/airflow/.local/lib/python3.8/site-packages/airflow/example_dags/tutorial_objectstorage.py for tasks to queue
[2025-08-19T22:11:04.664+0000] {logging_mixin.py:188} INFO - [2025-08-19T22:11:04.663+0000] {dagbag.py:538} INFO - Filling up the DagBag from /home/airflow/.local/lib/python3.8/site-packages/airflow/example_dags/tutorial_objectstorage.py
[2025-08-19T22:11:04.666+0000] {processor.py:840} INFO - DAG(s) 'tutorial_objectstorage' retrieved from /home/airflow/.local/lib/python3.8/site-packages/airflow/example_dags/tutorial_objectstorage.py
[2025-08-19T22:11:04.676+0000] {logging_mixin.py:188} INFO - [2025-08-19T22:11:04.676+0000] {dag.py:3036} INFO - Sync 1 DAGs
[2025-08-19T22:11:04.681+0000] {logging_mixin.py:188} INFO - [2025-08-19T22:11:04.681+0000] {dag.py:3823} INFO - Setting next_dagrun for tutorial_objectstorage to None, run_after=None
[2025-08-19T22:11:04.693+0000] {processor.py:183} INFO - Processing /home/airflow/.local/lib/python3.8/site-packages/airflow/example_dags/tutorial_objectstorage.py took 0.033 seconds
[2025-08-19T22:11:35.104+0000] {processor.py:161} INFO - Started process (PID=2434) to work on /home/airflow/.local/lib/python3.8/site-packages/airflow/example_dags/tutorial_objectstorage.py
[2025-08-19T22:11:35.105+0000] {processor.py:830} INFO - Processing file /home/airflow/.local/lib/python3.8/site-packages/airflow/example_dags/tutorial_objectstorage.py for tasks to queue
[2025-08-19T22:11:35.105+0000] {logging_mixin.py:188} INFO - [2025-08-19T22:11:35.105+0000] {dagbag.py:538} INFO - Filling up the DagBag from /home/airflow/.local/lib/python3.8/site-packages/airflow/example_dags/tutorial_objectstorage.py
[2025-08-19T22:11:35.108+0000] {processor.py:840} INFO - DAG(s) 'tutorial_objectstorage' retrieved from /home/airflow/.local/lib/python3.8/site-packages/airflow/example_dags/tutorial_objectstorage.py
[2025-08-19T22:11:35.118+0000] {logging_mixin.py:188} INFO - [2025-08-19T22:11:35.118+0000] {dag.py:3036} INFO - Sync 1 DAGs
[2025-08-19T22:11:35.123+0000] {logging_mixin.py:188} INFO - [2025-08-19T22:11:35.123+0000] {dag.py:3823} INFO - Setting next_dagrun for tutorial_objectstorage to None, run_after=None
[2025-08-19T22:11:35.132+0000] {processor.py:183} INFO - Processing /home/airflow/.local/lib/python3.8/site-packages/airflow/example_dags/tutorial_objectstorage.py took 0.029 seconds
[2025-08-19T22:12:05.651+0000] {processor.py:161} INFO - Started process (PID=2490) to work on /home/airflow/.local/lib/python3.8/site-packages/airflow/example_dags/tutorial_objectstorage.py
[2025-08-19T22:12:05.652+0000] {processor.py:830} INFO - Processing file /home/airflow/.local/lib/python3.8/site-packages/airflow/example_dags/tutorial_objectstorage.py for tasks to queue
[2025-08-19T22:12:05.653+0000] {logging_mixin.py:188} INFO - [2025-08-19T22:12:05.652+0000] {dagbag.py:538} INFO - Filling up the DagBag from /home/airflow/.local/lib/python3.8/site-packages/airflow/example_dags/tutorial_objectstorage.py
[2025-08-19T22:12:05.655+0000] {processor.py:840} INFO - DAG(s) 'tutorial_objectstorage' retrieved from /home/airflow/.local/lib/python3.8/site-packages/airflow/example_dags/tutorial_objectstorage.py
[2025-08-19T22:12:05.665+0000] {logging_mixin.py:188} INFO - [2025-08-19T22:12:05.664+0000] {dag.py:3036} INFO - Sync 1 DAGs
[2025-08-19T22:12:05.669+0000] {logging_mixin.py:188} INFO - [2025-08-19T22:12:05.669+0000] {dag.py:3823} INFO - Setting next_dagrun for tutorial_objectstorage to None, run_after=None
[2025-08-19T22:12:05.681+0000] {processor.py:183} INFO - Processing /home/airflow/.local/lib/python3.8/site-packages/airflow/example_dags/tutorial_objectstorage.py took 0.031 seconds
[2025-08-19T22:12:36.198+0000] {processor.py:161} INFO - Started process (PID=2546) to work on /home/airflow/.local/lib/python3.8/site-packages/airflow/example_dags/tutorial_objectstorage.py
[2025-08-19T22:12:36.199+0000] {processor.py:830} INFO - Processing file /home/airflow/.local/lib/python3.8/site-packages/airflow/example_dags/tutorial_objectstorage.py for tasks to queue
[2025-08-19T22:12:36.200+0000] {logging_mixin.py:188} INFO - [2025-08-19T22:12:36.200+0000] {dagbag.py:538} INFO - Filling up the DagBag from /home/airflow/.local/lib/python3.8/site-packages/airflow/example_dags/tutorial_objectstorage.py
[2025-08-19T22:12:36.204+0000] {processor.py:840} INFO - DAG(s) 'tutorial_objectstorage' retrieved from /home/airflow/.local/lib/python3.8/site-packages/airflow/example_dags/tutorial_objectstorage.py
[2025-08-19T22:12:36.211+0000] {logging_mixin.py:188} INFO - [2025-08-19T22:12:36.211+0000] {dag.py:3036} INFO - Sync 1 DAGs
[2025-08-19T22:12:36.216+0000] {logging_mixin.py:188} INFO - [2025-08-19T22:12:36.216+0000] {dag.py:3823} INFO - Setting next_dagrun for tutorial_objectstorage to None, run_after=None
[2025-08-19T22:12:36.224+0000] {processor.py:183} INFO - Processing /home/airflow/.local/lib/python3.8/site-packages/airflow/example_dags/tutorial_objectstorage.py took 0.027 seconds
[2025-08-19T22:13:06.832+0000] {processor.py:161} INFO - Started process (PID=2602) to work on /home/airflow/.local/lib/python3.8/site-packages/airflow/example_dags/tutorial_objectstorage.py
[2025-08-19T22:13:06.833+0000] {processor.py:830} INFO - Processing file /home/airflow/.local/lib/python3.8/site-packages/airflow/example_dags/tutorial_objectstorage.py for tasks to queue
[2025-08-19T22:13:06.835+0000] {logging_mixin.py:188} INFO - [2025-08-19T22:13:06.834+0000] {dagbag.py:538} INFO - Filling up the DagBag from /home/airflow/.local/lib/python3.8/site-packages/airflow/example_dags/tutorial_objectstorage.py
[2025-08-19T22:13:06.838+0000] {processor.py:840} INFO - DAG(s) 'tutorial_objectstorage' retrieved from /home/airflow/.local/lib/python3.8/site-packages/airflow/example_dags/tutorial_objectstorage.py
[2025-08-19T22:13:06.847+0000] {logging_mixin.py:188} INFO - [2025-08-19T22:13:06.847+0000] {dag.py:3036} INFO - Sync 1 DAGs
[2025-08-19T22:13:06.851+0000] {logging_mixin.py:188} INFO - [2025-08-19T22:13:06.851+0000] {dag.py:3823} INFO - Setting next_dagrun for tutorial_objectstorage to None, run_after=None
[2025-08-19T22:13:06.858+0000] {processor.py:183} INFO - Processing /home/airflow/.local/lib/python3.8/site-packages/airflow/example_dags/tutorial_objectstorage.py took 0.027 seconds
[2025-08-19T22:20:11.161+0000] {processor.py:161} INFO - Started process (PID=78) to work on /home/airflow/.local/lib/python3.8/site-packages/airflow/example_dags/tutorial_objectstorage.py
[2025-08-19T22:20:11.163+0000] {processor.py:830} INFO - Processing file /home/airflow/.local/lib/python3.8/site-packages/airflow/example_dags/tutorial_objectstorage.py for tasks to queue
[2025-08-19T22:20:11.168+0000] {logging_mixin.py:188} INFO - [2025-08-19T22:20:11.166+0000] {dagbag.py:538} INFO - Filling up the DagBag from /home/airflow/.local/lib/python3.8/site-packages/airflow/example_dags/tutorial_objectstorage.py
[2025-08-19T22:20:11.186+0000] {processor.py:840} INFO - DAG(s) 'tutorial_objectstorage' retrieved from /home/airflow/.local/lib/python3.8/site-packages/airflow/example_dags/tutorial_objectstorage.py
[2025-08-19T22:20:11.204+0000] {logging_mixin.py:188} INFO - [2025-08-19T22:20:11.204+0000] {dag.py:3036} INFO - Sync 1 DAGs
[2025-08-19T22:20:11.221+0000] {logging_mixin.py:188} INFO - [2025-08-19T22:20:11.220+0000] {dag.py:3823} INFO - Setting next_dagrun for tutorial_objectstorage to None, run_after=None
[2025-08-19T22:20:11.242+0000] {processor.py:183} INFO - Processing /home/airflow/.local/lib/python3.8/site-packages/airflow/example_dags/tutorial_objectstorage.py took 0.093 seconds
[2025-08-19T22:20:41.841+0000] {processor.py:161} INFO - Started process (PID=134) to work on /home/airflow/.local/lib/python3.8/site-packages/airflow/example_dags/tutorial_objectstorage.py
[2025-08-19T22:20:41.842+0000] {processor.py:830} INFO - Processing file /home/airflow/.local/lib/python3.8/site-packages/airflow/example_dags/tutorial_objectstorage.py for tasks to queue
[2025-08-19T22:20:41.843+0000] {logging_mixin.py:188} INFO - [2025-08-19T22:20:41.843+0000] {dagbag.py:538} INFO - Filling up the DagBag from /home/airflow/.local/lib/python3.8/site-packages/airflow/example_dags/tutorial_objectstorage.py
[2025-08-19T22:20:41.847+0000] {processor.py:840} INFO - DAG(s) 'tutorial_objectstorage' retrieved from /home/airflow/.local/lib/python3.8/site-packages/airflow/example_dags/tutorial_objectstorage.py
[2025-08-19T22:20:41.884+0000] {logging_mixin.py:188} INFO - [2025-08-19T22:20:41.884+0000] {dag.py:3036} INFO - Sync 1 DAGs
[2025-08-19T22:20:41.894+0000] {logging_mixin.py:188} INFO - [2025-08-19T22:20:41.894+0000] {dag.py:3823} INFO - Setting next_dagrun for tutorial_objectstorage to None, run_after=None
[2025-08-19T22:20:41.905+0000] {processor.py:183} INFO - Processing /home/airflow/.local/lib/python3.8/site-packages/airflow/example_dags/tutorial_objectstorage.py took 0.065 seconds
[2025-08-19T22:21:12.902+0000] {processor.py:161} INFO - Started process (PID=196) to work on /home/airflow/.local/lib/python3.8/site-packages/airflow/example_dags/tutorial_objectstorage.py
[2025-08-19T22:21:12.904+0000] {processor.py:830} INFO - Processing file /home/airflow/.local/lib/python3.8/site-packages/airflow/example_dags/tutorial_objectstorage.py for tasks to queue
[2025-08-19T22:21:12.906+0000] {logging_mixin.py:188} INFO - [2025-08-19T22:21:12.905+0000] {dagbag.py:538} INFO - Filling up the DagBag from /home/airflow/.local/lib/python3.8/site-packages/airflow/example_dags/tutorial_objectstorage.py
[2025-08-19T22:21:12.912+0000] {processor.py:840} INFO - DAG(s) 'tutorial_objectstorage' retrieved from /home/airflow/.local/lib/python3.8/site-packages/airflow/example_dags/tutorial_objectstorage.py
[2025-08-19T22:21:12.931+0000] {logging_mixin.py:188} INFO - [2025-08-19T22:21:12.930+0000] {dag.py:3036} INFO - Sync 1 DAGs
[2025-08-19T22:21:12.937+0000] {logging_mixin.py:188} INFO - [2025-08-19T22:21:12.937+0000] {dag.py:3823} INFO - Setting next_dagrun for tutorial_objectstorage to None, run_after=None
[2025-08-19T22:21:12.946+0000] {processor.py:183} INFO - Processing /home/airflow/.local/lib/python3.8/site-packages/airflow/example_dags/tutorial_objectstorage.py took 0.048 seconds
[2025-08-19T22:21:43.512+0000] {processor.py:161} INFO - Started process (PID=252) to work on /home/airflow/.local/lib/python3.8/site-packages/airflow/example_dags/tutorial_objectstorage.py
[2025-08-19T22:21:43.512+0000] {processor.py:830} INFO - Processing file /home/airflow/.local/lib/python3.8/site-packages/airflow/example_dags/tutorial_objectstorage.py for tasks to queue
[2025-08-19T22:21:43.513+0000] {logging_mixin.py:188} INFO - [2025-08-19T22:21:43.513+0000] {dagbag.py:538} INFO - Filling up the DagBag from /home/airflow/.local/lib/python3.8/site-packages/airflow/example_dags/tutorial_objectstorage.py
[2025-08-19T22:21:43.516+0000] {processor.py:840} INFO - DAG(s) 'tutorial_objectstorage' retrieved from /home/airflow/.local/lib/python3.8/site-packages/airflow/example_dags/tutorial_objectstorage.py
[2025-08-19T22:21:43.528+0000] {logging_mixin.py:188} INFO - [2025-08-19T22:21:43.527+0000] {dag.py:3036} INFO - Sync 1 DAGs
[2025-08-19T22:21:43.535+0000] {logging_mixin.py:188} INFO - [2025-08-19T22:21:43.534+0000] {dag.py:3823} INFO - Setting next_dagrun for tutorial_objectstorage to None, run_after=None
[2025-08-19T22:21:43.548+0000] {processor.py:183} INFO - Processing /home/airflow/.local/lib/python3.8/site-packages/airflow/example_dags/tutorial_objectstorage.py took 0.038 seconds
[2025-08-19T22:22:14.007+0000] {processor.py:161} INFO - Started process (PID=308) to work on /home/airflow/.local/lib/python3.8/site-packages/airflow/example_dags/tutorial_objectstorage.py
[2025-08-19T22:22:14.012+0000] {processor.py:830} INFO - Processing file /home/airflow/.local/lib/python3.8/site-packages/airflow/example_dags/tutorial_objectstorage.py for tasks to queue
[2025-08-19T22:22:14.013+0000] {logging_mixin.py:188} INFO - [2025-08-19T22:22:14.013+0000] {dagbag.py:538} INFO - Filling up the DagBag from /home/airflow/.local/lib/python3.8/site-packages/airflow/example_dags/tutorial_objectstorage.py
[2025-08-19T22:22:14.019+0000] {processor.py:840} INFO - DAG(s) 'tutorial_objectstorage' retrieved from /home/airflow/.local/lib/python3.8/site-packages/airflow/example_dags/tutorial_objectstorage.py
[2025-08-19T22:22:14.033+0000] {logging_mixin.py:188} INFO - [2025-08-19T22:22:14.033+0000] {dag.py:3036} INFO - Sync 1 DAGs
[2025-08-19T22:22:14.040+0000] {logging_mixin.py:188} INFO - [2025-08-19T22:22:14.040+0000] {dag.py:3823} INFO - Setting next_dagrun for tutorial_objectstorage to None, run_after=None
[2025-08-19T22:22:14.052+0000] {processor.py:183} INFO - Processing /home/airflow/.local/lib/python3.8/site-packages/airflow/example_dags/tutorial_objectstorage.py took 0.048 seconds
[2025-08-19T22:22:44.686+0000] {processor.py:161} INFO - Started process (PID=368) to work on /home/airflow/.local/lib/python3.8/site-packages/airflow/example_dags/tutorial_objectstorage.py
[2025-08-19T22:22:44.689+0000] {processor.py:830} INFO - Processing file /home/airflow/.local/lib/python3.8/site-packages/airflow/example_dags/tutorial_objectstorage.py for tasks to queue
[2025-08-19T22:22:44.694+0000] {logging_mixin.py:188} INFO - [2025-08-19T22:22:44.694+0000] {dagbag.py:538} INFO - Filling up the DagBag from /home/airflow/.local/lib/python3.8/site-packages/airflow/example_dags/tutorial_objectstorage.py
[2025-08-19T22:22:44.721+0000] {processor.py:840} INFO - DAG(s) 'tutorial_objectstorage' retrieved from /home/airflow/.local/lib/python3.8/site-packages/airflow/example_dags/tutorial_objectstorage.py
[2025-08-19T22:22:44.768+0000] {logging_mixin.py:188} INFO - [2025-08-19T22:22:44.768+0000] {dag.py:3036} INFO - Sync 1 DAGs
[2025-08-19T22:22:44.779+0000] {logging_mixin.py:188} INFO - [2025-08-19T22:22:44.779+0000] {dag.py:3823} INFO - Setting next_dagrun for tutorial_objectstorage to None, run_after=None
[2025-08-19T22:22:44.822+0000] {processor.py:183} INFO - Processing /home/airflow/.local/lib/python3.8/site-packages/airflow/example_dags/tutorial_objectstorage.py took 0.145 seconds
[2025-08-19T22:23:15.353+0000] {processor.py:161} INFO - Started process (PID=424) to work on /home/airflow/.local/lib/python3.8/site-packages/airflow/example_dags/tutorial_objectstorage.py
[2025-08-19T22:23:15.355+0000] {processor.py:830} INFO - Processing file /home/airflow/.local/lib/python3.8/site-packages/airflow/example_dags/tutorial_objectstorage.py for tasks to queue
[2025-08-19T22:23:15.357+0000] {logging_mixin.py:188} INFO - [2025-08-19T22:23:15.357+0000] {dagbag.py:538} INFO - Filling up the DagBag from /home/airflow/.local/lib/python3.8/site-packages/airflow/example_dags/tutorial_objectstorage.py
[2025-08-19T22:23:15.363+0000] {processor.py:840} INFO - DAG(s) 'tutorial_objectstorage' retrieved from /home/airflow/.local/lib/python3.8/site-packages/airflow/example_dags/tutorial_objectstorage.py
[2025-08-19T22:23:15.380+0000] {logging_mixin.py:188} INFO - [2025-08-19T22:23:15.380+0000] {dag.py:3036} INFO - Sync 1 DAGs
[2025-08-19T22:23:15.389+0000] {logging_mixin.py:188} INFO - [2025-08-19T22:23:15.389+0000] {dag.py:3823} INFO - Setting next_dagrun for tutorial_objectstorage to None, run_after=None
[2025-08-19T22:23:15.411+0000] {processor.py:183} INFO - Processing /home/airflow/.local/lib/python3.8/site-packages/airflow/example_dags/tutorial_objectstorage.py took 0.062 seconds
[2025-08-19T22:23:45.839+0000] {processor.py:161} INFO - Started process (PID=480) to work on /home/airflow/.local/lib/python3.8/site-packages/airflow/example_dags/tutorial_objectstorage.py
[2025-08-19T22:23:45.841+0000] {processor.py:830} INFO - Processing file /home/airflow/.local/lib/python3.8/site-packages/airflow/example_dags/tutorial_objectstorage.py for tasks to queue
[2025-08-19T22:23:45.847+0000] {logging_mixin.py:188} INFO - [2025-08-19T22:23:45.847+0000] {dagbag.py:538} INFO - Filling up the DagBag from /home/airflow/.local/lib/python3.8/site-packages/airflow/example_dags/tutorial_objectstorage.py
[2025-08-19T22:23:45.856+0000] {processor.py:840} INFO - DAG(s) 'tutorial_objectstorage' retrieved from /home/airflow/.local/lib/python3.8/site-packages/airflow/example_dags/tutorial_objectstorage.py
[2025-08-19T22:23:45.870+0000] {logging_mixin.py:188} INFO - [2025-08-19T22:23:45.870+0000] {dag.py:3036} INFO - Sync 1 DAGs
[2025-08-19T22:23:45.878+0000] {logging_mixin.py:188} INFO - [2025-08-19T22:23:45.878+0000] {dag.py:3823} INFO - Setting next_dagrun for tutorial_objectstorage to None, run_after=None
[2025-08-19T22:23:45.889+0000] {processor.py:183} INFO - Processing /home/airflow/.local/lib/python3.8/site-packages/airflow/example_dags/tutorial_objectstorage.py took 0.054 seconds
[2025-08-19T22:24:16.239+0000] {processor.py:161} INFO - Started process (PID=536) to work on /home/airflow/.local/lib/python3.8/site-packages/airflow/example_dags/tutorial_objectstorage.py
[2025-08-19T22:24:16.240+0000] {processor.py:830} INFO - Processing file /home/airflow/.local/lib/python3.8/site-packages/airflow/example_dags/tutorial_objectstorage.py for tasks to queue
[2025-08-19T22:24:16.241+0000] {logging_mixin.py:188} INFO - [2025-08-19T22:24:16.241+0000] {dagbag.py:538} INFO - Filling up the DagBag from /home/airflow/.local/lib/python3.8/site-packages/airflow/example_dags/tutorial_objectstorage.py
[2025-08-19T22:24:16.245+0000] {processor.py:840} INFO - DAG(s) 'tutorial_objectstorage' retrieved from /home/airflow/.local/lib/python3.8/site-packages/airflow/example_dags/tutorial_objectstorage.py
[2025-08-19T22:24:16.257+0000] {logging_mixin.py:188} INFO - [2025-08-19T22:24:16.257+0000] {dag.py:3036} INFO - Sync 1 DAGs
[2025-08-19T22:24:16.263+0000] {logging_mixin.py:188} INFO - [2025-08-19T22:24:16.263+0000] {dag.py:3823} INFO - Setting next_dagrun for tutorial_objectstorage to None, run_after=None
[2025-08-19T22:24:16.274+0000] {processor.py:183} INFO - Processing /home/airflow/.local/lib/python3.8/site-packages/airflow/example_dags/tutorial_objectstorage.py took 0.037 seconds
[2025-08-19T22:24:46.724+0000] {processor.py:161} INFO - Started process (PID=592) to work on /home/airflow/.local/lib/python3.8/site-packages/airflow/example_dags/tutorial_objectstorage.py
[2025-08-19T22:24:46.726+0000] {processor.py:830} INFO - Processing file /home/airflow/.local/lib/python3.8/site-packages/airflow/example_dags/tutorial_objectstorage.py for tasks to queue
[2025-08-19T22:24:46.727+0000] {logging_mixin.py:188} INFO - [2025-08-19T22:24:46.727+0000] {dagbag.py:538} INFO - Filling up the DagBag from /home/airflow/.local/lib/python3.8/site-packages/airflow/example_dags/tutorial_objectstorage.py
[2025-08-19T22:24:46.732+0000] {processor.py:840} INFO - DAG(s) 'tutorial_objectstorage' retrieved from /home/airflow/.local/lib/python3.8/site-packages/airflow/example_dags/tutorial_objectstorage.py
[2025-08-19T22:24:46.743+0000] {logging_mixin.py:188} INFO - [2025-08-19T22:24:46.743+0000] {dag.py:3036} INFO - Sync 1 DAGs
[2025-08-19T22:24:46.752+0000] {logging_mixin.py:188} INFO - [2025-08-19T22:24:46.752+0000] {dag.py:3823} INFO - Setting next_dagrun for tutorial_objectstorage to None, run_after=None
[2025-08-19T22:24:46.761+0000] {processor.py:183} INFO - Processing /home/airflow/.local/lib/python3.8/site-packages/airflow/example_dags/tutorial_objectstorage.py took 0.040 seconds
[2025-08-19T22:25:17.178+0000] {processor.py:161} INFO - Started process (PID=648) to work on /home/airflow/.local/lib/python3.8/site-packages/airflow/example_dags/tutorial_objectstorage.py
[2025-08-19T22:25:17.180+0000] {processor.py:830} INFO - Processing file /home/airflow/.local/lib/python3.8/site-packages/airflow/example_dags/tutorial_objectstorage.py for tasks to queue
[2025-08-19T22:25:17.182+0000] {logging_mixin.py:188} INFO - [2025-08-19T22:25:17.181+0000] {dagbag.py:538} INFO - Filling up the DagBag from /home/airflow/.local/lib/python3.8/site-packages/airflow/example_dags/tutorial_objectstorage.py
[2025-08-19T22:25:17.189+0000] {processor.py:840} INFO - DAG(s) 'tutorial_objectstorage' retrieved from /home/airflow/.local/lib/python3.8/site-packages/airflow/example_dags/tutorial_objectstorage.py
[2025-08-19T22:25:17.204+0000] {logging_mixin.py:188} INFO - [2025-08-19T22:25:17.204+0000] {dag.py:3036} INFO - Sync 1 DAGs
[2025-08-19T22:25:17.211+0000] {logging_mixin.py:188} INFO - [2025-08-19T22:25:17.210+0000] {dag.py:3823} INFO - Setting next_dagrun for tutorial_objectstorage to None, run_after=None
[2025-08-19T22:25:17.223+0000] {processor.py:183} INFO - Processing /home/airflow/.local/lib/python3.8/site-packages/airflow/example_dags/tutorial_objectstorage.py took 0.051 seconds
[2025-08-19T22:25:47.584+0000] {processor.py:161} INFO - Started process (PID=704) to work on /home/airflow/.local/lib/python3.8/site-packages/airflow/example_dags/tutorial_objectstorage.py
[2025-08-19T22:25:47.588+0000] {processor.py:830} INFO - Processing file /home/airflow/.local/lib/python3.8/site-packages/airflow/example_dags/tutorial_objectstorage.py for tasks to queue
[2025-08-19T22:25:47.591+0000] {logging_mixin.py:188} INFO - [2025-08-19T22:25:47.590+0000] {dagbag.py:538} INFO - Filling up the DagBag from /home/airflow/.local/lib/python3.8/site-packages/airflow/example_dags/tutorial_objectstorage.py
[2025-08-19T22:25:47.596+0000] {processor.py:840} INFO - DAG(s) 'tutorial_objectstorage' retrieved from /home/airflow/.local/lib/python3.8/site-packages/airflow/example_dags/tutorial_objectstorage.py
[2025-08-19T22:25:47.609+0000] {logging_mixin.py:188} INFO - [2025-08-19T22:25:47.609+0000] {dag.py:3036} INFO - Sync 1 DAGs
[2025-08-19T22:25:47.616+0000] {logging_mixin.py:188} INFO - [2025-08-19T22:25:47.616+0000] {dag.py:3823} INFO - Setting next_dagrun for tutorial_objectstorage to None, run_after=None
[2025-08-19T22:25:47.628+0000] {processor.py:183} INFO - Processing /home/airflow/.local/lib/python3.8/site-packages/airflow/example_dags/tutorial_objectstorage.py took 0.046 seconds
[2025-08-19T22:26:18.037+0000] {processor.py:161} INFO - Started process (PID=760) to work on /home/airflow/.local/lib/python3.8/site-packages/airflow/example_dags/tutorial_objectstorage.py
[2025-08-19T22:26:18.038+0000] {processor.py:830} INFO - Processing file /home/airflow/.local/lib/python3.8/site-packages/airflow/example_dags/tutorial_objectstorage.py for tasks to queue
[2025-08-19T22:26:18.040+0000] {logging_mixin.py:188} INFO - [2025-08-19T22:26:18.040+0000] {dagbag.py:538} INFO - Filling up the DagBag from /home/airflow/.local/lib/python3.8/site-packages/airflow/example_dags/tutorial_objectstorage.py
[2025-08-19T22:26:18.047+0000] {processor.py:840} INFO - DAG(s) 'tutorial_objectstorage' retrieved from /home/airflow/.local/lib/python3.8/site-packages/airflow/example_dags/tutorial_objectstorage.py
[2025-08-19T22:26:18.061+0000] {logging_mixin.py:188} INFO - [2025-08-19T22:26:18.061+0000] {dag.py:3036} INFO - Sync 1 DAGs
[2025-08-19T22:26:18.067+0000] {logging_mixin.py:188} INFO - [2025-08-19T22:26:18.067+0000] {dag.py:3823} INFO - Setting next_dagrun for tutorial_objectstorage to None, run_after=None
[2025-08-19T22:26:18.075+0000] {processor.py:183} INFO - Processing /home/airflow/.local/lib/python3.8/site-packages/airflow/example_dags/tutorial_objectstorage.py took 0.043 seconds
[2025-08-19T22:26:48.439+0000] {processor.py:161} INFO - Started process (PID=816) to work on /home/airflow/.local/lib/python3.8/site-packages/airflow/example_dags/tutorial_objectstorage.py
[2025-08-19T22:26:48.440+0000] {processor.py:830} INFO - Processing file /home/airflow/.local/lib/python3.8/site-packages/airflow/example_dags/tutorial_objectstorage.py for tasks to queue
[2025-08-19T22:26:48.441+0000] {logging_mixin.py:188} INFO - [2025-08-19T22:26:48.441+0000] {dagbag.py:538} INFO - Filling up the DagBag from /home/airflow/.local/lib/python3.8/site-packages/airflow/example_dags/tutorial_objectstorage.py
[2025-08-19T22:26:48.447+0000] {processor.py:840} INFO - DAG(s) 'tutorial_objectstorage' retrieved from /home/airflow/.local/lib/python3.8/site-packages/airflow/example_dags/tutorial_objectstorage.py
[2025-08-19T22:26:48.464+0000] {logging_mixin.py:188} INFO - [2025-08-19T22:26:48.464+0000] {dag.py:3036} INFO - Sync 1 DAGs
[2025-08-19T22:26:48.470+0000] {logging_mixin.py:188} INFO - [2025-08-19T22:26:48.470+0000] {dag.py:3823} INFO - Setting next_dagrun for tutorial_objectstorage to None, run_after=None
[2025-08-19T22:26:48.479+0000] {processor.py:183} INFO - Processing /home/airflow/.local/lib/python3.8/site-packages/airflow/example_dags/tutorial_objectstorage.py took 0.044 seconds
[2025-08-19T22:27:18.864+0000] {processor.py:161} INFO - Started process (PID=872) to work on /home/airflow/.local/lib/python3.8/site-packages/airflow/example_dags/tutorial_objectstorage.py
[2025-08-19T22:27:18.865+0000] {processor.py:830} INFO - Processing file /home/airflow/.local/lib/python3.8/site-packages/airflow/example_dags/tutorial_objectstorage.py for tasks to queue
[2025-08-19T22:27:18.866+0000] {logging_mixin.py:188} INFO - [2025-08-19T22:27:18.866+0000] {dagbag.py:538} INFO - Filling up the DagBag from /home/airflow/.local/lib/python3.8/site-packages/airflow/example_dags/tutorial_objectstorage.py
[2025-08-19T22:27:18.871+0000] {processor.py:840} INFO - DAG(s) 'tutorial_objectstorage' retrieved from /home/airflow/.local/lib/python3.8/site-packages/airflow/example_dags/tutorial_objectstorage.py
[2025-08-19T22:27:18.882+0000] {logging_mixin.py:188} INFO - [2025-08-19T22:27:18.882+0000] {dag.py:3036} INFO - Sync 1 DAGs
[2025-08-19T22:27:18.888+0000] {logging_mixin.py:188} INFO - [2025-08-19T22:27:18.888+0000] {dag.py:3823} INFO - Setting next_dagrun for tutorial_objectstorage to None, run_after=None
[2025-08-19T22:27:18.900+0000] {processor.py:183} INFO - Processing /home/airflow/.local/lib/python3.8/site-packages/airflow/example_dags/tutorial_objectstorage.py took 0.040 seconds
[2025-08-19T22:27:49.484+0000] {processor.py:161} INFO - Started process (PID=932) to work on /home/airflow/.local/lib/python3.8/site-packages/airflow/example_dags/tutorial_objectstorage.py
[2025-08-19T22:27:49.486+0000] {processor.py:830} INFO - Processing file /home/airflow/.local/lib/python3.8/site-packages/airflow/example_dags/tutorial_objectstorage.py for tasks to queue
[2025-08-19T22:27:49.488+0000] {logging_mixin.py:188} INFO - [2025-08-19T22:27:49.488+0000] {dagbag.py:538} INFO - Filling up the DagBag from /home/airflow/.local/lib/python3.8/site-packages/airflow/example_dags/tutorial_objectstorage.py
[2025-08-19T22:27:49.496+0000] {processor.py:840} INFO - DAG(s) 'tutorial_objectstorage' retrieved from /home/airflow/.local/lib/python3.8/site-packages/airflow/example_dags/tutorial_objectstorage.py
[2025-08-19T22:27:49.511+0000] {logging_mixin.py:188} INFO - [2025-08-19T22:27:49.511+0000] {dag.py:3036} INFO - Sync 1 DAGs
[2025-08-19T22:27:49.518+0000] {logging_mixin.py:188} INFO - [2025-08-19T22:27:49.518+0000] {dag.py:3823} INFO - Setting next_dagrun for tutorial_objectstorage to None, run_after=None
[2025-08-19T22:27:49.531+0000] {processor.py:183} INFO - Processing /home/airflow/.local/lib/python3.8/site-packages/airflow/example_dags/tutorial_objectstorage.py took 0.051 seconds
[2025-08-19T22:28:20.129+0000] {processor.py:161} INFO - Started process (PID=988) to work on /home/airflow/.local/lib/python3.8/site-packages/airflow/example_dags/tutorial_objectstorage.py
[2025-08-19T22:28:20.131+0000] {processor.py:830} INFO - Processing file /home/airflow/.local/lib/python3.8/site-packages/airflow/example_dags/tutorial_objectstorage.py for tasks to queue
[2025-08-19T22:28:20.132+0000] {logging_mixin.py:188} INFO - [2025-08-19T22:28:20.132+0000] {dagbag.py:538} INFO - Filling up the DagBag from /home/airflow/.local/lib/python3.8/site-packages/airflow/example_dags/tutorial_objectstorage.py
[2025-08-19T22:28:20.139+0000] {processor.py:840} INFO - DAG(s) 'tutorial_objectstorage' retrieved from /home/airflow/.local/lib/python3.8/site-packages/airflow/example_dags/tutorial_objectstorage.py
[2025-08-19T22:28:20.152+0000] {logging_mixin.py:188} INFO - [2025-08-19T22:28:20.152+0000] {dag.py:3036} INFO - Sync 1 DAGs
[2025-08-19T22:28:20.158+0000] {logging_mixin.py:188} INFO - [2025-08-19T22:28:20.158+0000] {dag.py:3823} INFO - Setting next_dagrun for tutorial_objectstorage to None, run_after=None
[2025-08-19T22:28:20.170+0000] {processor.py:183} INFO - Processing /home/airflow/.local/lib/python3.8/site-packages/airflow/example_dags/tutorial_objectstorage.py took 0.045 seconds
[2025-08-19T22:28:50.544+0000] {processor.py:161} INFO - Started process (PID=1044) to work on /home/airflow/.local/lib/python3.8/site-packages/airflow/example_dags/tutorial_objectstorage.py
[2025-08-19T22:28:50.545+0000] {processor.py:830} INFO - Processing file /home/airflow/.local/lib/python3.8/site-packages/airflow/example_dags/tutorial_objectstorage.py for tasks to queue
[2025-08-19T22:28:50.548+0000] {logging_mixin.py:188} INFO - [2025-08-19T22:28:50.547+0000] {dagbag.py:538} INFO - Filling up the DagBag from /home/airflow/.local/lib/python3.8/site-packages/airflow/example_dags/tutorial_objectstorage.py
[2025-08-19T22:28:50.554+0000] {processor.py:840} INFO - DAG(s) 'tutorial_objectstorage' retrieved from /home/airflow/.local/lib/python3.8/site-packages/airflow/example_dags/tutorial_objectstorage.py
[2025-08-19T22:28:50.570+0000] {logging_mixin.py:188} INFO - [2025-08-19T22:28:50.570+0000] {dag.py:3036} INFO - Sync 1 DAGs
[2025-08-19T22:28:50.576+0000] {logging_mixin.py:188} INFO - [2025-08-19T22:28:50.576+0000] {dag.py:3823} INFO - Setting next_dagrun for tutorial_objectstorage to None, run_after=None
[2025-08-19T22:28:50.591+0000] {processor.py:183} INFO - Processing /home/airflow/.local/lib/python3.8/site-packages/airflow/example_dags/tutorial_objectstorage.py took 0.052 seconds
[2025-08-19T22:29:21.078+0000] {processor.py:161} INFO - Started process (PID=1100) to work on /home/airflow/.local/lib/python3.8/site-packages/airflow/example_dags/tutorial_objectstorage.py
[2025-08-19T22:29:21.080+0000] {processor.py:830} INFO - Processing file /home/airflow/.local/lib/python3.8/site-packages/airflow/example_dags/tutorial_objectstorage.py for tasks to queue
[2025-08-19T22:29:21.081+0000] {logging_mixin.py:188} INFO - [2025-08-19T22:29:21.081+0000] {dagbag.py:538} INFO - Filling up the DagBag from /home/airflow/.local/lib/python3.8/site-packages/airflow/example_dags/tutorial_objectstorage.py
[2025-08-19T22:29:21.085+0000] {processor.py:840} INFO - DAG(s) 'tutorial_objectstorage' retrieved from /home/airflow/.local/lib/python3.8/site-packages/airflow/example_dags/tutorial_objectstorage.py
[2025-08-19T22:29:21.098+0000] {logging_mixin.py:188} INFO - [2025-08-19T22:29:21.098+0000] {dag.py:3036} INFO - Sync 1 DAGs
[2025-08-19T22:29:21.104+0000] {logging_mixin.py:188} INFO - [2025-08-19T22:29:21.104+0000] {dag.py:3823} INFO - Setting next_dagrun for tutorial_objectstorage to None, run_after=None
[2025-08-19T22:29:21.115+0000] {processor.py:183} INFO - Processing /home/airflow/.local/lib/python3.8/site-packages/airflow/example_dags/tutorial_objectstorage.py took 0.040 seconds
[2025-08-19T22:29:51.744+0000] {processor.py:161} INFO - Started process (PID=1156) to work on /home/airflow/.local/lib/python3.8/site-packages/airflow/example_dags/tutorial_objectstorage.py
[2025-08-19T22:29:51.746+0000] {processor.py:830} INFO - Processing file /home/airflow/.local/lib/python3.8/site-packages/airflow/example_dags/tutorial_objectstorage.py for tasks to queue
[2025-08-19T22:29:51.747+0000] {logging_mixin.py:188} INFO - [2025-08-19T22:29:51.747+0000] {dagbag.py:538} INFO - Filling up the DagBag from /home/airflow/.local/lib/python3.8/site-packages/airflow/example_dags/tutorial_objectstorage.py
[2025-08-19T22:29:51.750+0000] {processor.py:840} INFO - DAG(s) 'tutorial_objectstorage' retrieved from /home/airflow/.local/lib/python3.8/site-packages/airflow/example_dags/tutorial_objectstorage.py
[2025-08-19T22:29:51.760+0000] {logging_mixin.py:188} INFO - [2025-08-19T22:29:51.760+0000] {dag.py:3036} INFO - Sync 1 DAGs
[2025-08-19T22:29:51.765+0000] {logging_mixin.py:188} INFO - [2025-08-19T22:29:51.765+0000] {dag.py:3823} INFO - Setting next_dagrun for tutorial_objectstorage to None, run_after=None
[2025-08-19T22:29:51.777+0000] {processor.py:183} INFO - Processing /home/airflow/.local/lib/python3.8/site-packages/airflow/example_dags/tutorial_objectstorage.py took 0.037 seconds
[2025-08-19T22:30:22.175+0000] {processor.py:161} INFO - Started process (PID=1212) to work on /home/airflow/.local/lib/python3.8/site-packages/airflow/example_dags/tutorial_objectstorage.py
[2025-08-19T22:30:22.176+0000] {processor.py:830} INFO - Processing file /home/airflow/.local/lib/python3.8/site-packages/airflow/example_dags/tutorial_objectstorage.py for tasks to queue
[2025-08-19T22:30:22.178+0000] {logging_mixin.py:188} INFO - [2025-08-19T22:30:22.177+0000] {dagbag.py:538} INFO - Filling up the DagBag from /home/airflow/.local/lib/python3.8/site-packages/airflow/example_dags/tutorial_objectstorage.py
[2025-08-19T22:30:22.181+0000] {processor.py:840} INFO - DAG(s) 'tutorial_objectstorage' retrieved from /home/airflow/.local/lib/python3.8/site-packages/airflow/example_dags/tutorial_objectstorage.py
[2025-08-19T22:30:22.193+0000] {logging_mixin.py:188} INFO - [2025-08-19T22:30:22.193+0000] {dag.py:3036} INFO - Sync 1 DAGs
[2025-08-19T22:30:22.200+0000] {logging_mixin.py:188} INFO - [2025-08-19T22:30:22.200+0000] {dag.py:3823} INFO - Setting next_dagrun for tutorial_objectstorage to None, run_after=None
[2025-08-19T22:30:22.212+0000] {processor.py:183} INFO - Processing /home/airflow/.local/lib/python3.8/site-packages/airflow/example_dags/tutorial_objectstorage.py took 0.040 seconds
